<?xml version="1.0" encoding="UTF-8"?>
<corpus lang="nl" name="test-nl" sources="wordnet-dutch">
   <text id="d000">
      <sentence id="d000.s000" source="wordnet-dutch">
         <wf lemma="Dit" pos="X">Dit</wf>
         <wf lemma="bindende" pos="X">bindende</wf>
         <wf lemma="besluit" pos="X">besluit</wf>
         <wf lemma="van" pos="X">van</wf>
         <wf lemma="de" pos="X">de</wf>
         <wf lemma="Europese" pos="X">Europese</wf>
         <wf lemma="Unie" pos="X">Unie</wf>
         <wf lemma="bevat" pos="X">bevat</wf>
         <wf lemma="regels" pos="X">regels</wf>
         <wf lemma="voor" pos="X">voor</wf>
         <wf lemma="lidstaten" pos="X">lidstaten</wf>
         <wf lemma=";" pos="X">;</wf>
         <wf lemma="zij" pos="X">zij</wf>
         <wf lemma="zijn" pos="X">zijn</wf>
         <wf lemma="dus" pos="X">dus</wf>
         <wf lemma="verplicht" pos="X">verplicht</wf>
         <wf lemma="om" pos="X">om</wf>
         <wf lemma="de" pos="X">de</wf>
         <instance id="d000.s000.t000" lemma="richtlijn" pos="NOUN">richtlijn</instance>
         <wf lemma="uit" pos="X">uit</wf>
         <wf lemma="te" pos="X">te</wf>
         <wf lemma="voeren" pos="X">voeren</wf>
         <wf lemma="." pos="X">.</wf>
      </sentence>
      <sentence id="d000.s001" source="wordnet-dutch">
         <wf lemma="De" pos="X">De</wf>
         <instance id="d000.s001.t000" lemma="bas" pos="NOUN">bas</instance>
         <wf lemma="is" pos="X">is</wf>
         <wf lemma="veel" pos="X">veel</wf>
         <wf lemma="vrijer" pos="X">vrijer</wf>
         <wf lemma="dan" pos="X">dan</wf>
         <wf lemma="de" pos="X">de</wf>
         <wf lemma="piano" pos="X">piano</wf>
         <wf lemma="in" pos="X">in</wf>
         <wf lemma="dit" pos="X">dit</wf>
         <wf lemma="stuk" pos="X">stuk</wf>
         <wf lemma="." pos="X">.</wf>
      </sentence>
      <sentence id="d000.s002" source="wordnet-dutch">
         <wf lemma="het" pos="X">het</wf>
         <wf lemma="koord" pos="X">koord</wf>
         <instance id="d000.s002.t000" lemma="hangen" pos="VERB">hing</instance>
         <wf lemma="slap" pos="X">slap</wf>
         <wf lemma="." pos="X">.</wf>
      </sentence>
      <sentence id="d000.s003" source="wordnet-dutch">
         <wf lemma="zij" pos="X">zij</wf>
         <wf lemma="verscheen" pos="X">verscheen</wf>
         <wf lemma="in" pos="X">in</wf>
         <instance id="d000.s003.t000" lemma="avondtoilet" pos="NOUN">avondtoilet</instance>
         <wf lemma="op" pos="X">op</wf>
         <wf lemma="de" pos="X">de</wf>
         <wf lemma="party" pos="X">party</wf>
         <wf lemma="." pos="X">.</wf>
      </sentence>
      <sentence id="d000.s004" source="wordnet-dutch">
         <wf lemma="de" pos="X">de</wf>
         <wf lemma="deelnemers" pos="X">deelnemers</wf>
         <wf lemma="aan" pos="X">aan</wf>
         <wf lemma="de" pos="X">de</wf>
         <wf lemma="workshop" pos="X">workshop</wf>
         <wf lemma="moesten" pos="X">moesten</wf>
         <wf lemma="een" pos="X">een</wf>
         <instance id="d000.s004.t000" lemma="rollenspel" pos="NOUN">rollenspel</instance>
         <wf lemma="doen" pos="X">doen</wf>
         <wf lemma="." pos="X">.</wf>
      </sentence>
      <sentence id="d000.s005" source="wordnet-dutch">
         <wf lemma="Daantje" pos="X">Daantje</wf>
         <wf lemma="zit" pos="X">zit</wf>
         <wf lemma="vandaag" pos="X">vandaag</wf>
         <wf lemma="in" pos="X">in</wf>
         <wf lemma="het" pos="X">het</wf>
         <instance id="d000.s005.t000" lemma="kinderdagverblijf" pos="NOUN">kinderdagverblijf</instance>
         <wf lemma="." pos="X">.</wf>
      </sentence>
      <sentence id="d000.s006" source="wordnet-dutch">
         <wf lemma="hij" pos="X">hij</wf>
         <wf lemma="heeft" pos="X">heeft</wf>
         <wf lemma="geen" pos="X">geen</wf>
         <wf lemma="flauw" pos="X">flauw</wf>
         <instance id="d000.s006.t000" lemma="benul" pos="NOUN">benul</instance>
         <wf lemma="van" pos="X">van</wf>
         <wf lemma="zweefvliegen" pos="X">zweefvliegen</wf>
         <wf lemma="." pos="X">.</wf>
      </sentence>
      <sentence id="d000.s007" source="wordnet-dutch">
         <wf lemma="hij" pos="X">hij</wf>
         <wf lemma="behoorde" pos="X">behoorde</wf>
         <wf lemma="niet" pos="X">niet</wf>
         <wf lemma="tot" pos="X">tot</wf>
         <wf lemma="de" pos="X">de</wf>
         <instance id="d000.s007.t000" lemma="bovenlaag" pos="NOUN">bovenlaag</instance>
         <wf lemma="van" pos="X">van</wf>
         <wf lemma="de" pos="X">de</wf>
         <wf lemma="samenleving" pos="X">samenleving</wf>
         <wf lemma="." pos="X">.</wf>
      </sentence>
      <sentence id="d000.s008" source="wordnet-dutch">
         <wf lemma="hij" pos="X">hij</wf>
         <wf lemma="is" pos="X">is</wf>
         <wf lemma="niet" pos="X">niet</wf>
         <wf lemma="thuis" pos="X">thuis</wf>
         <wf lemma="," pos="X">,</wf>
         <wf lemma="je" pos="X">je</wf>
         <wf lemma="moet" pos="X">moet</wf>
         <wf lemma="morgen" pos="X">morgen</wf>
         <wf lemma="nog" pos="X">nog</wf>
         <wf lemma="maar" pos="X">maar</wf>
         <wf lemma="eens" pos="X">eens</wf>
         <instance id="d000.s008.t000" lemma="terugkomen" pos="VERB">terugkomen</instance>
         <wf lemma="." pos="X">.</wf>
      </sentence>
      <sentence id="d000.s009" source="wordnet-dutch">
         <wf lemma="Ik" pos="X">Ik</wf>
         <wf lemma="heb" pos="X">heb</wf>
         <wf lemma="een" pos="X">een</wf>
         <wf lemma="flinke" pos="X">flinke</wf>
         <instance id="d000.s009.t000" lemma="druk" pos="NOUN">druk</instance>
         <wf lemma="in" pos="X">in</wf>
         <wf lemma="de" pos="X">de</wf>
         <wf lemma="pot" pos="X">pot</wf>
         <wf lemma="neergelegd" pos="X">neergelegd</wf>
         <wf lemma="." pos="X">.</wf>
      </sentence>
      <sentence id="d000.s010" source="wordnet-dutch">
         <wf lemma="Als" pos="X">Als</wf>
         <wf lemma="aandenken" pos="X">aandenken</wf>
         <wf lemma="hebben" pos="X">hebben</wf>
         <wf lemma="we" pos="X">we</wf>
         <wf lemma="een" pos="X">een</wf>
         <instance id="d000.s010.t000" lemma="penning" pos="NOUN">penning</instance>
         <wf lemma="gekregen" pos="X">gekregen</wf>
         <wf lemma="." pos="X">.</wf>
      </sentence>
      <sentence id="d000.s011" source="wordnet-dutch">
         <wf lemma="de" pos="X">de</wf>
         <wf lemma="chauffeur" pos="X">chauffeur</wf>
         <wf lemma="van" pos="X">van</wf>
         <wf lemma="de" pos="X">de</wf>
         <wf lemma="vrachtwagen" pos="X">vrachtwagen</wf>
         <wf lemma="kon" pos="X">kon</wf>
         <wf lemma="niet" pos="X">niet</wf>
         <wf lemma="meer" pos="X">meer</wf>
         <wf lemma="tijdig" pos="X">tijdig</wf>
         <instance id="d000.s011.t000" lemma="remmen" pos="VERB">remmen</instance>
         <wf lemma="en" pos="X">en</wf>
         <wf lemma="reed" pos="X">reed</wf>
         <wf lemma="frontaal" pos="X">frontaal</wf>
         <wf lemma="op" pos="X">op</wf>
         <wf lemma="de" pos="X">de</wf>
         <wf lemma="auto" pos="X">auto</wf>
         <wf lemma="in" pos="X">in</wf>
         <wf lemma="." pos="X">.</wf>
      </sentence>
      <sentence id="d000.s012" source="wordnet-dutch">
         <wf lemma="seksuele" pos="X">seksuele</wf>
         <instance id="d000.s012.t000" lemma="lust" pos="NOUN">lust</instance>
         <wf lemma="." pos="X">.</wf>
      </sentence>
      <sentence id="d000.s013" source="wordnet-dutch">
         <wf lemma="wilt" pos="X">wilt</wf>
         <wf lemma="u" pos="X">u</wf>
         <wf lemma="even" pos="X">even</wf>
         <instance id="d000.s013.t000" lemma="herhalen" pos="VERB">herhalen</instance>
         <wf lemma="wat" pos="X">wat</wf>
         <wf lemma="u" pos="X">u</wf>
         <wf lemma="zojuist" pos="X">zojuist</wf>
         <wf lemma="hebt" pos="X">hebt</wf>
         <wf lemma="gezegd" pos="X">gezegd</wf>
         <wf lemma="?" pos="X">?</wf>
      </sentence>
      <sentence id="d000.s014" source="wordnet-dutch">
         <wf lemma="de" pos="X">de</wf>
         <wf lemma="spits" pos="X">spits</wf>
         <wf lemma="werd" pos="X">werd</wf>
         <wf lemma="net" pos="X">net</wf>
         <wf lemma="buiten" pos="X">buiten</wf>
         <wf lemma="het" pos="X">het</wf>
         <wf lemma="strafschopgebied" pos="X">strafschopgebied</wf>
         <instance id="d000.s014.t000" lemma="neerhalen" pos="VERB">neergehaald</instance>
         <wf lemma="." pos="X">.</wf>
      </sentence>
      <sentence id="d000.s015" source="wordnet-dutch">
         <wf lemma="er" pos="X">er</wf>
         <wf lemma="woedt" pos="X">woedt</wf>
         <wf lemma="al" pos="X">al</wf>
         <wf lemma="jarenlang" pos="X">jarenlang</wf>
         <wf lemma="een" pos="X">een</wf>
         <wf lemma="bloedige" pos="X">bloedige</wf>
         <instance id="d000.s015.t000" lemma="vete" pos="NOUN">vete</instance>
         <wf lemma="tussen" pos="X">tussen</wf>
         <wf lemma="het" pos="X">het</wf>
         <wf lemma="ANC" pos="X">ANC</wf>
         <wf lemma="en" pos="X">en</wf>
         <wf lemma="Inkatha" pos="X">Inkatha</wf>
         <wf lemma="." pos="X">.</wf>
      </sentence>
      <sentence id="d000.s016" source="wordnet-dutch">
         <wf lemma="de" pos="X">de</wf>
         <wf lemma="president" pos="X">president</wf>
         <wf lemma="heeft" pos="X">heeft</wf>
         <wf lemma="veel" pos="X">veel</wf>
         <wf lemma="kritiek" pos="X">kritiek</wf>
         <instance id="d000.s016.t000" lemma="oogsten" pos="VERB">geoogst</instance>
         <wf lemma="tijdens" pos="X">tijdens</wf>
         <wf lemma="deze" pos="X">deze</wf>
         <wf lemma="conferentie" pos="X">conferentie</wf>
         <wf lemma="." pos="X">.</wf>
      </sentence>
      <sentence id="d000.s017" source="wordnet-dutch">
         <wf lemma="de" pos="X">de</wf>
         <instance id="d000.s017.t000" lemma="peiling" pos="NOUN">peiling</instance>
         <wf lemma="op" pos="X">op</wf>
         <wf lemma="een" pos="X">een</wf>
         <wf lemma="lichtboei" pos="X">lichtboei</wf>
         <wf lemma="." pos="X">.</wf>
      </sentence>
      <sentence id="d000.s018" source="wordnet-dutch">
         <wf lemma="ik" pos="X">ik</wf>
         <wf lemma="heb" pos="X">heb</wf>
         <wf lemma="me" pos="X">me</wf>
         <wf lemma="slecht" pos="X">slecht</wf>
         <wf lemma="op" pos="X">op</wf>
         <wf lemma="het" pos="X">het</wf>
         <wf lemma="examen" pos="X">examen</wf>
         <wf lemma="voorbereid" pos="X">voorbereid</wf>
         <wf lemma="," pos="X">,</wf>
         <wf lemma="maar" pos="X">maar</wf>
         <wf lemma="ik" pos="X">ik</wf>
         <wf lemma="wil" pos="X">wil</wf>
         <wf lemma="toch" pos="X">toch</wf>
         <wf lemma="een" pos="X">een</wf>
         <wf lemma="kansje" pos="X">kansje</wf>
         <instance id="d000.s018.t000" lemma="wagen" pos="VERB">wagen</instance>
         <wf lemma="." pos="X">.</wf>
      </sentence>
      <sentence id="d000.s019" source="wordnet-dutch">
         <wf lemma="geef" pos="X">geef</wf>
         <wf lemma="me" pos="X">me</wf>
         <wf lemma="maar" pos="X">maar</wf>
         <wf lemma="een" pos="X">een</wf>
         <instance id="d000.s019.t000" lemma="arm" pos="NOUN">arm</instance>
         <wf lemma="," pos="X">,</wf>
         <wf lemma="dat" pos="X">dat</wf>
         <wf lemma="loopt" pos="X">loopt</wf>
         <wf lemma="lekkerder" pos="X">lekkerder</wf>
         <wf lemma="." pos="X">.</wf>
      </sentence>
      <sentence id="d000.s020" source="wordnet-dutch">
         <wf lemma="de" pos="X">de</wf>
         <wf lemma="meeste" pos="X">meeste</wf>
         <wf lemma="betrokkenen" pos="X">betrokkenen</wf>
         <instance id="d000.s020.t000" lemma="vernemen" pos="VERB">vernamen</instance>
         <wf lemma="het" pos="X">het</wf>
         <wf lemma="nieuws" pos="X">nieuws</wf>
         <wf lemma="pas" pos="X">pas</wf>
         <wf lemma="de" pos="X">de</wf>
         <wf lemma="volgende" pos="X">volgende</wf>
         <wf lemma="dag" pos="X">dag</wf>
         <wf lemma="." pos="X">.</wf>
      </sentence>
      <sentence id="d000.s021" source="wordnet-dutch">
         <wf lemma="de" pos="X">de</wf>
         <wf lemma="bal" pos="X">bal</wf>
         <wf lemma="was" pos="X">was</wf>
         <wf lemma="over" pos="X">over</wf>
         <wf lemma="de" pos="X">de</wf>
         <instance id="d000.s021.t000" lemma="achterlijn" pos="NOUN">achterlijn</instance>
         <wf lemma="geweest" pos="X">geweest</wf>
         <wf lemma="." pos="X">.</wf>
      </sentence>
      <sentence id="d000.s022" source="wordnet-dutch">
         <wf lemma="een" pos="X">een</wf>
         <wf lemma="zware" pos="X">zware</wf>
         <instance id="d000.s022.t000" lemma="infectie" pos="NOUN">infectie</instance>
         <wf lemma="moet" pos="X">moet</wf>
         <wf lemma="vaak" pos="X">vaak</wf>
         <wf lemma="met" pos="X">met</wf>
         <wf lemma="antibiotica" pos="X">antibiotica</wf>
         <wf lemma="bestreden" pos="X">bestreden</wf>
         <wf lemma="worden" pos="X">worden</wf>
         <wf lemma="." pos="X">.</wf>
      </sentence>
      <sentence id="d000.s023" source="wordnet-dutch">
         <wf lemma="hij" pos="X">hij</wf>
         <instance id="d000.s023.t000" lemma="tonen" pos="VERB">toonde</instance>
         <wf lemma="die" pos="X">die</wf>
         <wf lemma="avond" pos="X">avond</wf>
         <wf lemma="dat" pos="X">dat</wf>
         <wf lemma="hij" pos="X">hij</wf>
         <wf lemma="over" pos="X">over</wf>
         <wf lemma="de" pos="X">de</wf>
         <wf lemma="nodige" pos="X">nodige</wf>
         <wf lemma="mentale" pos="X">mentale</wf>
         <wf lemma="weerbaarheid" pos="X">weerbaarheid</wf>
         <wf lemma="beschikt" pos="X">beschikt</wf>
         <wf lemma="." pos="X">.</wf>
      </sentence>
      <sentence id="d000.s024" source="wordnet-dutch">
         <wf lemma="zijn" pos="X">zijn</wf>
         <wf lemma="pogingen" pos="X">pogingen</wf>
         <wf lemma="om" pos="X">om</wf>
         <wf lemma="het" pos="X">het</wf>
         <wf lemma="bedrijf" pos="X">bedrijf</wf>
         <wf lemma="te" pos="X">te</wf>
         <wf lemma="behouden" pos="X">behouden</wf>
         <instance id="d000.s024.t000" lemma="falen" pos="VERB">faalden</instance>
         <wf lemma="." pos="X">.</wf>
      </sentence>
      <sentence id="d000.s025" source="wordnet-dutch">
         <wf lemma="zijn" pos="X">zijn</wf>
         <wf lemma="oplichterspraktijken" pos="X">oplichterspraktijken</wf>
         <wf lemma="werden" pos="X">werden</wf>
         <wf lemma="boven" pos="X">boven</wf>
         <instance id="d000.s025.t000" lemma="water" pos="NOUN">water</instance>
         <wf lemma="gehaald" pos="X">gehaald</wf>
         <wf lemma="door" pos="X">door</wf>
         <wf lemma="de" pos="X">de</wf>
         <wf lemma="bekende" pos="X">bekende</wf>
         <wf lemma="rechercheur" pos="X">rechercheur</wf>
         <wf lemma="." pos="X">.</wf>
      </sentence>
      <sentence id="d000.s026" source="wordnet-dutch">
         <wf lemma="de" pos="X">de</wf>
         <wf lemma="reisbureaus" pos="X">reisbureaus</wf>
         <instance id="d000.s026.t000" lemma="beconcurreren" pos="VERB">beconcurreren</instance>
         <wf lemma="elkaar" pos="X">elkaar</wf>
         <wf lemma="op" pos="X">op</wf>
         <wf lemma="leven" pos="X">leven</wf>
         <wf lemma="en" pos="X">en</wf>
         <wf lemma="dood" pos="X">dood</wf>
         <wf lemma="." pos="X">.</wf>
      </sentence>
      <sentence id="d000.s027" source="wordnet-dutch">
         <wf lemma="38" pos="X">38</wf>
         <wf lemma="hoge" pos="X">hoge</wf>
         <wf lemma="militairen" pos="X">militairen</wf>
         <wf lemma="van" pos="X">van</wf>
         <wf lemma="het" pos="X">het</wf>
         <wf lemma="oude" pos="X">oude</wf>
         <wf lemma="communistische" pos="X">communistische</wf>
         <wf lemma="stempel" pos="X">stempel</wf>
         <wf lemma="worden" pos="X">worden</wf>
         <wf lemma="met" pos="X">met</wf>
         <instance id="d000.s027.t000" lemma="pensioen" pos="NOUN">pensioen</instance>
         <wf lemma="gestuurd" pos="X">gestuurd</wf>
         <wf lemma="." pos="X">.</wf>
      </sentence>
      <sentence id="d000.s028" source="wordnet-dutch">
         <wf lemma="Sarajevo" pos="X">Sarajevo</wf>
         <wf lemma="heeft" pos="X">heeft</wf>
         <wf lemma="veel" pos="X">veel</wf>
         <wf lemma="zware" pos="X">zware</wf>
         <instance id="d000.s028.t000" lemma="beschieting" pos="NOUN">beschietingen</instance>
         <wf lemma="te" pos="X">te</wf>
         <wf lemma="verduren" pos="X">verduren</wf>
         <wf lemma="gehad" pos="X">gehad</wf>
         <wf lemma="." pos="X">.</wf>
      </sentence>
      <sentence id="d000.s029" source="wordnet-dutch">
         <wf lemma="mijn" pos="X">mijn</wf>
         <wf lemma="hond" pos="X">hond</wf>
         <wf lemma="wordt" pos="X">wordt</wf>
         <wf lemma="graag" pos="X">graag</wf>
         <instance id="d000.s029.t000" lemma="aanhalen" pos="VERB">aangehaald</instance>
         <wf lemma="." pos="X">.</wf>
      </sentence>
      <sentence id="d000.s030" source="wordnet-dutch">
         <wf lemma="dit" pos="X">dit</wf>
         <wf lemma="moet" pos="X">moet</wf>
         <wf lemma="worden" pos="X">worden</wf>
         <wf lemma="gezien" pos="X">gezien</wf>
         <wf lemma="tegen" pos="X">tegen</wf>
         <wf lemma="de" pos="X">de</wf>
         <instance id="d000.s030.t000" lemma="achtergrond" pos="NOUN">achtergrond</instance>
         <wf lemma="van" pos="X">van</wf>
         <wf lemma="de" pos="X">de</wf>
         <wf lemma="veranderde" pos="X">veranderde</wf>
         <wf lemma="veiligheidssituatie" pos="X">veiligheidssituatie</wf>
         <wf lemma="." pos="X">.</wf>
      </sentence>
      <sentence id="d000.s031" source="wordnet-dutch">
         <wf lemma="na" pos="X">na</wf>
         <wf lemma="de" pos="X">de</wf>
         <wf lemma="oorlog" pos="X">oorlog</wf>
         <wf lemma="was" pos="X">was</wf>
         <wf lemma="elk" pos="X">elk</wf>
         <wf lemma="snoep" pos="X">snoep</wf>
         <wf lemma="voor" pos="X">voor</wf>
         <wf lemma="kinderen" pos="X">kinderen</wf>
         <wf lemma="sowieso" pos="X">sowieso</wf>
         <wf lemma="een" pos="X">een</wf>
         <wf lemma="ware" pos="X">ware</wf>
         <instance id="d000.s031.t000" lemma="traktatie" pos="NOUN">traktatie</instance>
         <wf lemma="." pos="X">.</wf>
      </sentence>
      <sentence id="d000.s032" source="wordnet-dutch">
         <wf lemma="hij" pos="X">hij</wf>
         <wf lemma="heeft" pos="X">heeft</wf>
         <wf lemma="geen" pos="X">geen</wf>
         <wf lemma="vaste" pos="X">vaste</wf>
         <wf lemma="relatie" pos="X">relatie</wf>
         <wf lemma="maar" pos="X">maar</wf>
         <wf lemma="hij" pos="X">hij</wf>
         <wf lemma="houdt" pos="X">houdt</wf>
         <wf lemma="er" pos="X">er</wf>
         <wf lemma="wel" pos="X">wel</wf>
         <wf lemma="een" pos="X">een</wf>
         <wf lemma="paar" pos="X">paar</wf>
         <wf lemma="losse" pos="X">losse</wf>
         <instance id="d000.s032.t000" lemma="scharrel" pos="NOUN">scharrels</instance>
         <wf lemma="op" pos="X">op</wf>
         <wf lemma="na." pos="X">na.</wf>
      </sentence>
      <sentence id="d000.s033" source="wordnet-dutch">
         <wf lemma="houd" pos="X">houd</wf>
         <wf lemma="10" pos="X">10</wf>
         <wf lemma="dl" pos="X">dl</wf>
         <wf lemma="van" pos="X">van</wf>
         <wf lemma="het" pos="X">het</wf>
         <instance id="d000.s033.t000" lemma="nat" pos="NOUN">nat</instance>
         <wf lemma="van" pos="X">van</wf>
         <wf lemma="de" pos="X">de</wf>
         <wf lemma="groente" pos="X">groente</wf>
         <wf lemma="apart" pos="X">apart</wf>
         <wf lemma="." pos="X">.</wf>
      </sentence>
      <sentence id="d000.s034" source="wordnet-dutch">
         <wf lemma="slechts" pos="X">slechts</wf>
         <wf lemma="een" pos="X">een</wf>
         <wf lemma="relatief" pos="X">relatief</wf>
         <wf lemma="klein" pos="X">klein</wf>
         <wf lemma="aantal" pos="X">aantal</wf>
         <wf lemma="buitenlanders" pos="X">buitenlanders</wf>
         <wf lemma="heeft" pos="X">heeft</wf>
         <wf lemma="zich" pos="X">zich</wf>
         <wf lemma="dit" pos="X">dit</wf>
         <wf lemma="jaar" pos="X">jaar</wf>
         <wf lemma="laten" pos="X">laten</wf>
         <instance id="d000.s034.t000" lemma="naturaliseren" pos="VERB">naturaliseren</instance>
         <wf lemma="." pos="X">.</wf>
      </sentence>
      <sentence id="d000.s035" source="wordnet-dutch">
         <wf lemma="de" pos="X">de</wf>
         <wf lemma="militairen" pos="X">militairen</wf>
         <wf lemma="zouden" pos="X">zouden</wf>
         <wf lemma="zich" pos="X">zich</wf>
         <instance id="d000.s035.t000" lemma="verrijken" pos="VERB">verrijken</instance>
         <wf lemma="aan" pos="X">aan</wf>
         <wf lemma="de" pos="X">de</wf>
         <wf lemma="noodlijdende" pos="X">noodlijdende</wf>
         <wf lemma="bevolking" pos="X">bevolking</wf>
         <wf lemma="." pos="X">.</wf>
      </sentence>
      <sentence id="d000.s036" source="wordnet-dutch">
         <wf lemma="voor" pos="X">voor</wf>
         <wf lemma="deze" pos="X">deze</wf>
         <instance id="d000.s036.t000" lemma="keer" pos="NOUN">keer</instance>
         <wf lemma="dan" pos="X">dan</wf>
         <wf lemma="," pos="X">,</wf>
         <wf lemma="maar" pos="X">maar</wf>
         <wf lemma="wel" pos="X">wel</wf>
         <wf lemma="op" pos="X">op</wf>
         <wf lemma="tijd" pos="X">tijd</wf>
         <wf lemma="zijn" pos="X">zijn</wf>
         <wf lemma="voor" pos="X">voor</wf>
         <wf lemma="het" pos="X">het</wf>
         <wf lemma="eten" pos="X">eten</wf>
         <wf lemma="." pos="X">.</wf>
      </sentence>
      <sentence id="d000.s037" source="wordnet-dutch">
         <wf lemma="niemand" pos="X">niemand</wf>
         <wf lemma="had" pos="X">had</wf>
         <instance id="d000.s037.t000" lemma="opmerken" pos="VERB">opgemerkt</instance>
         <wf lemma="dat" pos="X">dat</wf>
         <wf lemma="er" pos="X">er</wf>
         <wf lemma="een" pos="X">een</wf>
         <wf lemma="fout" pos="X">fout</wf>
         <wf lemma="in" pos="X">in</wf>
         <wf lemma="deze" pos="X">deze</wf>
         <wf lemma="tekst" pos="X">tekst</wf>
         <wf lemma="stond" pos="X">stond</wf>
         <wf lemma="." pos="X">.</wf>
      </sentence>
      <sentence id="d000.s038" source="wordnet-dutch">
         <wf lemma="die" pos="X">die</wf>
         <wf lemma="jas" pos="X">jas</wf>
         <wf lemma="zit" pos="X">zit</wf>
         <wf lemma="een" pos="X">een</wf>
         <wf lemma="beetje" pos="X">beetje</wf>
         <wf lemma="strak" pos="X">strak</wf>
         <wf lemma="in" pos="X">in</wf>
         <wf lemma="de" pos="X">de</wf>
         <instance id="d000.s038.t000" lemma="taille" pos="NOUN">taille</instance>
         <wf lemma="." pos="X">.</wf>
      </sentence>
      <sentence id="d000.s039" source="wordnet-dutch">
         <wf lemma="hij" pos="X">hij</wf>
         <instance id="d000.s039.t000" lemma="tekenen" pos="VERB">tekende</instance>
         <wf lemma="vooral" pos="X">vooral</wf>
         <wf lemma="landschappen" pos="X">landschappen</wf>
         <wf lemma="." pos="X">.</wf>
      </sentence>
      <sentence id="d000.s040" source="wordnet-dutch">
         <wf lemma="door" pos="X">door</wf>
         <wf lemma="het" pos="X">het</wf>
         <wf lemma="paarse" pos="X">paarse</wf>
         <wf lemma="kabinet" pos="X">kabinet</wf>
         <wf lemma="zit" pos="X">zit</wf>
         <wf lemma="het" pos="X">het</wf>
         <wf lemma="CDA" pos="X">CDA</wf>
         <wf lemma="nu" pos="X">nu</wf>
         <wf lemma="in" pos="X">in</wf>
         <wf lemma="de" pos="X">de</wf>
         <instance id="d000.s040.t000" lemma="oppositie" pos="NOUN">oppositie</instance>
         <wf lemma="." pos="X">.</wf>
      </sentence>
      <sentence id="d000.s041" source="wordnet-dutch">
         <wf lemma="je" pos="X">je</wf>
         <wf lemma="kunt" pos="X">kunt</wf>
         <wf lemma="wel" pos="X">wel</wf>
         <wf lemma="wat" pos="X">wat</wf>
         <wf lemma="geld" pos="X">geld</wf>
         <wf lemma="van" pos="X">van</wf>
         <wf lemma="mij" pos="X">mij</wf>
         <instance id="d000.s041.t000" lemma="lenen" pos="VERB">lenen</instance>
         <wf lemma="." pos="X">.</wf>
      </sentence>
      <sentence id="d000.s042" source="wordnet-dutch">
         <wf lemma="de" pos="X">de</wf>
         <wf lemma="rechters" pos="X">rechters</wf>
         <wf lemma="genieten" pos="X">genieten</wf>
         <instance id="d000.s042.t000" lemma="immuniteit" pos="NOUN">immuniteit</instance>
         <wf lemma="t.a.v." pos="X">t.a.v.</wf>
         <wf lemma="rechtsvervolging" pos="X">rechtsvervolging</wf>
         <wf lemma="m.b.t." pos="X">m.b.t.</wf>
         <wf lemma="door" pos="X">door</wf>
         <wf lemma="hen" pos="X">hen</wf>
         <wf lemma="in" pos="X">in</wf>
         <wf lemma="hun" pos="X">hun</wf>
         <wf lemma="rechterlijke" pos="X">rechterlijke</wf>
         <wf lemma="hoedanigheid" pos="X">hoedanigheid</wf>
         <wf lemma="verrichte" pos="X">verrichte</wf>
         <wf lemma="handelingen" pos="X">handelingen</wf>
         <wf lemma="." pos="X">.</wf>
      </sentence>
      <sentence id="d000.s043" source="wordnet-dutch">
         <wf lemma="de" pos="X">de</wf>
         <wf lemma="ene" pos="X">ene</wf>
         <wf lemma="lagere" pos="X">lagere</wf>
         <wf lemma="school" pos="X">school</wf>
         <wf lemma="in" pos="X">in</wf>
         <wf lemma="het" pos="X">het</wf>
         <wf lemma="dorp" pos="X">dorp</wf>
         <wf lemma="is" pos="X">is</wf>
         <instance id="d000.s043.t000" lemma="samensmelten" pos="VERB">samengesmolten</instance>
         <wf lemma="met" pos="X">met</wf>
         <wf lemma="de" pos="X">de</wf>
         <wf lemma="andere" pos="X">andere</wf>
         <wf lemma="." pos="X">.</wf>
      </sentence>
      <sentence id="d000.s044" source="wordnet-dutch">
         <wf lemma="het" pos="X">het</wf>
         <wf lemma="overleg" pos="X">overleg</wf>
         <wf lemma="tussen" pos="X">tussen</wf>
         <wf lemma="bonden" pos="X">bonden</wf>
         <wf lemma="en" pos="X">en</wf>
         <wf lemma="werkgevers" pos="X">werkgevers</wf>
         <wf lemma="verkeert" pos="X">verkeert</wf>
         <wf lemma="in" pos="X">in</wf>
         <wf lemma="een" pos="X">een</wf>
         <instance id="d000.s044.t000" lemma="impasse" pos="NOUN">impasse</instance>
         <wf lemma="." pos="X">.</wf>
      </sentence>
      <sentence id="d000.s045" source="wordnet-dutch">
         <wf lemma="de" pos="X">de</wf>
         <wf lemma="klok" pos="X">klok</wf>
         <wf lemma="staat" pos="X">staat</wf>
         <wf lemma="op" pos="X">op</wf>
         <wf lemma="de" pos="X">de</wf>
         <instance id="d000.s045.t000" lemma="schoorsteenmantel" pos="NOUN">schoorsteenmantel</instance>
         <wf lemma="." pos="X">.</wf>
      </sentence>
      <sentence id="d000.s046" source="wordnet-dutch">
         <wf lemma="hij" pos="X">hij</wf>
         <instance id="d000.s046.t000" lemma="koesteren" pos="VERB">koesterde</instance>
         <wf lemma="nog" pos="X">nog</wf>
         <wf lemma="steeds" pos="X">steeds</wf>
         <wf lemma="de" pos="X">de</wf>
         <wf lemma="hoop" pos="X">hoop</wf>
         <wf lemma="dat" pos="X">dat</wf>
         <wf lemma="hij" pos="X">hij</wf>
         <wf lemma="haar" pos="X">haar</wf>
         <wf lemma="opnieuw" pos="X">opnieuw</wf>
         <wf lemma="zou" pos="X">zou</wf>
         <wf lemma="ontmoeten" pos="X">ontmoeten</wf>
         <wf lemma="." pos="X">.</wf>
      </sentence>
      <sentence id="d000.s047" source="wordnet-dutch">
         <wf lemma="ik" pos="X">ik</wf>
         <instance id="d000.s047.t000" lemma="worden" pos="VERB">word</instance>
         <wf lemma="volgende" pos="X">volgende</wf>
         <wf lemma="maand" pos="X">maand</wf>
         <wf lemma="al" pos="X">al</wf>
         <wf lemma="36" pos="X">36</wf>
         <wf lemma="jaar" pos="X">jaar</wf>
         <wf lemma="oud" pos="X">oud</wf>
         <wf lemma="." pos="X">.</wf>
      </sentence>
      <sentence id="d000.s048" source="wordnet-dutch">
         <wf lemma="in" pos="X">in</wf>
         <instance id="d000.s048.t000" lemma="hoofdlijn" pos="NOUN">hoofdlijnen</instance>
         <wf lemma="komt" pos="X">komt</wf>
         <wf lemma="het" pos="X">het</wf>
         <wf lemma="rapport" pos="X">rapport</wf>
         <wf lemma="op" pos="X">op</wf>
         <wf lemma="het" pos="X">het</wf>
         <wf lemma="volgende" pos="X">volgende</wf>
         <wf lemma="neer" pos="X">neer</wf>
         <wf lemma="." pos="X">.</wf>
      </sentence>
      <sentence id="d000.s049" source="wordnet-dutch">
         <wf lemma="mijn" pos="X">mijn</wf>
         <wf lemma="werk" pos="X">werk</wf>
         <wf lemma="als" pos="X">als</wf>
         <wf lemma="auteur" pos="X">auteur</wf>
         <wf lemma="is" pos="X">is</wf>
         <wf lemma="mijn" pos="X">mijn</wf>
         <wf lemma="intellectuele" pos="X">intellectuele</wf>
         <instance id="d000.s049.t000" lemma="eigendom" pos="NOUN">eigendom</instance>
         <wf lemma="." pos="X">.</wf>
      </sentence>
      <sentence id="d000.s050" source="wordnet-dutch">
         <wf lemma="zij" pos="X">zij</wf>
         <wf lemma="legde/sloeg" pos="X">legde/sloeg</wf>
         <wf lemma="haar" pos="X">haar</wf>
         <instance id="d000.s050.t000" lemma="arm" pos="NOUN">arm</instance>
         <wf lemma="om" pos="X">om</wf>
         <wf lemma="zijn" pos="X">zijn</wf>
         <wf lemma="schouder" pos="X">schouder</wf>
         <wf lemma="." pos="X">.</wf>
      </sentence>
      <sentence id="d000.s051" source="wordnet-dutch">
         <wf lemma="vandaag" pos="X">vandaag</wf>
         <wf lemma="werd" pos="X">werd</wf>
         <wf lemma="er" pos="X">er</wf>
         <instance id="d000.s051.t000" lemma="stemmen" pos="VERB">gestemd</instance>
         <wf lemma="over" pos="X">over</wf>
         <wf lemma="de" pos="X">de</wf>
         <wf lemma="vraag" pos="X">vraag</wf>
         <wf lemma="of" pos="X">of</wf>
         <wf lemma="cannabisgebruik" pos="X">cannabisgebruik</wf>
         <wf lemma="toegelaten" pos="X">toegelaten</wf>
         <wf lemma="moet" pos="X">moet</wf>
         <wf lemma="worden" pos="X">worden</wf>
         <wf lemma="of" pos="X">of</wf>
         <wf lemma="niet" pos="X">niet</wf>
         <wf lemma="." pos="X">.</wf>
      </sentence>
      <sentence id="d000.s052" source="wordnet-dutch">
         <wf lemma="inmiddels" pos="X">inmiddels</wf>
         <wf lemma="zijn" pos="X">zijn</wf>
         <wf lemma="de" pos="X">de</wf>
         <wf lemma="troepen" pos="X">troepen</wf>
         <wf lemma="in" pos="X">in</wf>
         <wf lemma="beide" pos="X">beide</wf>
         <wf lemma="landen" pos="X">landen</wf>
         <instance id="d000.s052.t000" lemma="mobiliseren" pos="VERB">gemobiliseerd</instance>
         <wf lemma="." pos="X">.</wf>
      </sentence>
      <sentence id="d000.s053" source="wordnet-dutch">
         <wf lemma="het" pos="X">het</wf>
         <wf lemma="bord" pos="X">bord</wf>
         <instance id="d000.s053.t000" lemma="zeilen" pos="VERB">zeilde</instance>
         <wf lemma="door" pos="X">door</wf>
         <wf lemma="de" pos="X">de</wf>
         <wf lemma="kamer" pos="X">kamer</wf>
         <wf lemma="en" pos="X">en</wf>
         <wf lemma="brak" pos="X">brak</wf>
         <wf lemma="tegen" pos="X">tegen</wf>
         <wf lemma="de" pos="X">de</wf>
         <wf lemma="muur" pos="X">muur</wf>
         <wf lemma="." pos="X">.</wf>
      </sentence>
      <sentence id="d000.s054" source="wordnet-dutch">
         <wf lemma="de" pos="X">de</wf>
         <wf lemma="film" pos="X">film</wf>
         <wf lemma="is" pos="X">is</wf>
         <wf lemma="maar" pos="X">maar</wf>
         <wf lemma="een" pos="X">een</wf>
         <wf lemma="slap" pos="X">slap</wf>
         <instance id="d000.s054.t000" lemma="aftreksel" pos="NOUN">aftreksel</instance>
         <wf lemma="van" pos="X">van</wf>
         <wf lemma="de" pos="X">de</wf>
         <wf lemma="roman" pos="X">roman</wf>
         <wf lemma="van" pos="X">van</wf>
         <wf lemma="Austen" pos="X">Austen</wf>
         <wf lemma="." pos="X">.</wf>
      </sentence>
      <sentence id="d000.s055" source="wordnet-dutch">
         <wf lemma="tussen" pos="X">tussen</wf>
         <wf lemma="de" pos="X">de</wf>
         <wf lemma="twee" pos="X">twee</wf>
         <wf lemma="onderdelen" pos="X">onderdelen</wf>
         <wf lemma="in" pos="X">in</wf>
         <wf lemma="mogen" pos="X">mogen</wf>
         <wf lemma="de" pos="X">de</wf>
         <wf lemma="deelnemers" pos="X">deelnemers</wf>
         <wf lemma="een" pos="X">een</wf>
         <wf lemma="half" pos="X">half</wf>
         <wf lemma="uurtje" pos="X">uurtje</wf>
         <instance id="d000.s055.t000" lemma="rusten" pos="VERB">rusten</instance>
         <wf lemma="." pos="X">.</wf>
      </sentence>
      <sentence id="d000.s056" source="wordnet-dutch">
         <wf lemma="hij" pos="X">hij</wf>
         <wf lemma="was" pos="X">was</wf>
         <wf lemma="verzwakt" pos="X">verzwakt</wf>
         <wf lemma="door" pos="X">door</wf>
         <instance id="d000.s056.t000" lemma="honger" pos="NOUN">honger</instance>
         <wf lemma="en" pos="X">en</wf>
         <wf lemma="dorst" pos="X">dorst</wf>
         <wf lemma="." pos="X">.</wf>
      </sentence>
      <sentence id="d000.s057" source="wordnet-dutch">
         <wf lemma="hij" pos="X">hij</wf>
         <wf lemma="bracht" pos="X">bracht</wf>
         <wf lemma="zijn" pos="X">zijn</wf>
         <wf lemma="publiek" pos="X">publiek</wf>
         <wf lemma="in" pos="X">in</wf>
         <wf lemma="opperste" pos="X">opperste</wf>
         <instance id="d000.s057.t000" lemma="vervoering" pos="NOUN">vervoering</instance>
         <wf lemma="." pos="X">.</wf>
      </sentence>
      <sentence id="d000.s058" source="wordnet-dutch">
         <wf lemma="de" pos="X">de</wf>
         <wf lemma="tekst" pos="X">tekst</wf>
         <wf lemma="kan" pos="X">kan</wf>
         <wf lemma="op" pos="X">op</wf>
         <instance id="d000.s058.t000" lemma="schijf" pos="NOUN">schijf</instance>
         <wf lemma="bewaard" pos="X">bewaard</wf>
         <wf lemma="worden" pos="X">worden</wf>
         <wf lemma="." pos="X">.</wf>
      </sentence>
      <sentence id="d000.s059" source="wordnet-dutch">
         <wf lemma="de" pos="X">de</wf>
         <instance id="d000.s059.t000" lemma="passagiersboot" pos="NOUN">passagiersboot</instance>
         <wf lemma="vaart" pos="X">vaart</wf>
         <wf lemma="met" pos="X">met</wf>
         <wf lemma="dertig" pos="X">dertig</wf>
         <wf lemma="knopen" pos="X">knopen</wf>
         <wf lemma="richting" pos="X">richting</wf>
         <wf lemma="Rotterdam" pos="X">Rotterdam</wf>
         <wf lemma="." pos="X">.</wf>
      </sentence>
      <sentence id="d000.s060" source="wordnet-dutch">
         <wf lemma="na" pos="X">na</wf>
         <wf lemma="het" pos="X">het</wf>
         <wf lemma="middagmaal" pos="X">middagmaal</wf>
         <wf lemma="ging" pos="X">ging</wf>
         <wf lemma="hij" pos="X">hij</wf>
         <wf lemma="altijd" pos="X">altijd</wf>
         <wf lemma="wat" pos="X">wat</wf>
         <instance id="d000.s060.t000" lemma="rusten" pos="VERB">rusten</instance>
         <wf lemma="." pos="X">.</wf>
      </sentence>
      <sentence id="d000.s061" source="wordnet-dutch">
         <wf lemma="naar" pos="X">naar</wf>
         <wf lemma="deze" pos="X">deze</wf>
         <wf lemma="marginale" pos="X">marginale</wf>
         <wf lemma="groep" pos="X">groep</wf>
         <wf lemma="jongeren" pos="X">jongeren</wf>
         <wf lemma="wordt" pos="X">wordt</wf>
         <wf lemma="niet" pos="X">niet</wf>
         <instance id="d000.s061.t000" lemma="omzien" pos="VERB">omgezien</instance>
         <wf lemma="," pos="X">,</wf>
         <wf lemma="wat" pos="X">wat</wf>
         <wf lemma="bij" pos="X">bij</wf>
         <wf lemma="hen" pos="X">hen</wf>
         <wf lemma="tot" pos="X">tot</wf>
         <wf lemma="frustraties" pos="X">frustraties</wf>
         <wf lemma="leidt" pos="X">leidt</wf>
         <wf lemma="." pos="X">.</wf>
      </sentence>
      <sentence id="d000.s062" source="wordnet-dutch">
         <wf lemma="we" pos="X">we</wf>
         <wf lemma="zullen" pos="X">zullen</wf>
         <wf lemma="nog" pos="X">nog</wf>
         <wf lemma="heel" pos="X">heel</wf>
         <wf lemma="wat" pos="X">wat</wf>
         <instance id="d000.s062.t000" lemma="hindernis" pos="NOUN">hindernissen</instance>
         <wf lemma="moeten" pos="X">moeten</wf>
         <wf lemma="overwinnen" pos="X">overwinnen</wf>
         <wf lemma="voor" pos="X">voor</wf>
         <wf lemma="we" pos="X">we</wf>
         <wf lemma="ons" pos="X">ons</wf>
         <wf lemma="doel" pos="X">doel</wf>
         <wf lemma="bereikt" pos="X">bereikt</wf>
         <wf lemma="hebben" pos="X">hebben</wf>
         <wf lemma="." pos="X">.</wf>
      </sentence>
      <sentence id="d000.s063" source="wordnet-dutch">
         <wf lemma="ondanks" pos="X">ondanks</wf>
         <wf lemma="zware" pos="X">zware</wf>
         <wf lemma="trainingsarbeid" pos="X">trainingsarbeid</wf>
         <wf lemma="werd" pos="X">werd</wf>
         <wf lemma="het" pos="X">het</wf>
         <instance id="d000.s063.t000" lemma="einddoel" pos="NOUN">einddoel</instance>
         <wf lemma="niet" pos="X">niet</wf>
         <wf lemma="bereikt" pos="X">bereikt</wf>
         <wf lemma="." pos="X">.</wf>
      </sentence>
      <sentence id="d000.s064" source="wordnet-dutch">
         <wf lemma="haar" pos="X">haar</wf>
         <wf lemma="laatste" pos="X">laatste</wf>
         <instance id="d000.s064.t000" lemma="wens" pos="NOUN">wens</instance>
         <wf lemma="was" pos="X">was</wf>
         <wf lemma="dat" pos="X">dat</wf>
         <wf lemma="ze" pos="X">ze</wf>
         <wf lemma="in" pos="X">in</wf>
         <wf lemma="stilte" pos="X">stilte</wf>
         <wf lemma="begraven" pos="X">begraven</wf>
         <wf lemma="zou" pos="X">zou</wf>
         <wf lemma="worden" pos="X">worden</wf>
         <wf lemma="." pos="X">.</wf>
      </sentence>
      <sentence id="d000.s065" source="wordnet-dutch">
         <wf lemma="als" pos="X">als</wf>
         <wf lemma="je" pos="X">je</wf>
         <wf lemma="zo" pos="X">zo</wf>
         <wf lemma="zit" pos="X">zit</wf>
         <wf lemma="te" pos="X">te</wf>
         <instance id="d000.s065.t000" lemma="kloten" pos="VERB">kloten</instance>
         <wf lemma="verziek" pos="X">verziek</wf>
         <wf lemma="je" pos="X">je</wf>
         <wf lemma="de" pos="X">de</wf>
         <wf lemma="sfeer" pos="X">sfeer</wf>
         <wf lemma="." pos="X">.</wf>
      </sentence>
      <sentence id="d000.s066" source="wordnet-dutch">
         <wf lemma="als" pos="X">als</wf>
         <wf lemma="je" pos="X">je</wf>
         <wf lemma="je" pos="X">je</wf>
         <wf lemma="doel" pos="X">doel</wf>
         <wf lemma="wilt" pos="X">wilt</wf>
         <wf lemma="bereiken" pos="X">bereiken</wf>
         <wf lemma="moet" pos="X">moet</wf>
         <wf lemma="je" pos="X">je</wf>
         <wf lemma="je" pos="X">je</wf>
         <wf lemma="voorstel" pos="X">voorstel</wf>
         <wf lemma="anders" pos="X">anders</wf>
         <instance id="d000.s066.t000" lemma="inkleden" pos="VERB">inkleden</instance>
         <wf lemma="." pos="X">.</wf>
      </sentence>
      <sentence id="d000.s067" source="wordnet-dutch">
         <wf lemma="tot" pos="X">tot</wf>
         <wf lemma="hun" pos="X">hun</wf>
         <instance id="d000.s067.t000" lemma="spijt" pos="NOUN">spijt</instance>
         <wf lemma="konden" pos="X">konden</wf>
         <wf lemma="zij" pos="X">zij</wf>
         <wf lemma="niet" pos="X">niet</wf>
         <wf lemma="mee" pos="X">mee</wf>
         <wf lemma="naar" pos="X">naar</wf>
         <wf lemma="de" pos="X">de</wf>
         <wf lemma="opera" pos="X">opera</wf>
         <wf lemma="." pos="X">.</wf>
      </sentence>
      <sentence id="d000.s068" source="wordnet-dutch">
         <wf lemma="op" pos="X">op</wf>
         <wf lemma="de" pos="X">de</wf>
         <instance id="d000.s068.t000" lemma="markt" pos="NOUN">markt</instance>
         <wf lemma="is" pos="X">is</wf>
         <wf lemma="uw" pos="X">uw</wf>
         <wf lemma="gulden" pos="X">gulden</wf>
         <wf lemma="een" pos="X">een</wf>
         <wf lemma="daalder" pos="X">daalder</wf>
         <wf lemma="waard" pos="X">waard</wf>
         <wf lemma="." pos="X">.</wf>
      </sentence>
      <sentence id="d000.s069" source="wordnet-dutch">
         <wf lemma="die" pos="X">die</wf>
         <wf lemma="grap" pos="X">grap</wf>
         <wf lemma="is" pos="X">is</wf>
         <wf lemma="anders" pos="X">anders</wf>
         <instance id="d000.s069.t000" lemma="uitvallen" pos="VERB">uitgevallen</instance>
         <wf lemma="dan" pos="X">dan</wf>
         <wf lemma="hij" pos="X">hij</wf>
         <wf lemma="bedoeld" pos="X">bedoeld</wf>
         <wf lemma="had" pos="X">had</wf>
         <wf lemma="." pos="X">.</wf>
      </sentence>
      <sentence id="d000.s070" source="wordnet-dutch">
         <wf lemma="ondanks" pos="X">ondanks</wf>
         <wf lemma="de" pos="X">de</wf>
         <wf lemma="geringe" pos="X">geringe</wf>
         <instance id="d000.s070.t000" lemma="afmeting" pos="NOUN">afmetingen</instance>
         <wf lemma="van" pos="X">van</wf>
         <wf lemma="het" pos="X">het</wf>
         <wf lemma="toneel" pos="X">toneel</wf>
         <wf lemma="is" pos="X">is</wf>
         <wf lemma="er" pos="X">er</wf>
         <wf lemma="toch" pos="X">toch</wf>
         <wf lemma="veel" pos="X">veel</wf>
         <wf lemma="mogelijk" pos="X">mogelijk</wf>
         <wf lemma="." pos="X">.</wf>
      </sentence>
      <sentence id="d000.s071" source="wordnet-dutch">
         <wf lemma="ik" pos="X">ik</wf>
         <wf lemma="moet" pos="X">moet</wf>
         <wf lemma="me" pos="X">me</wf>
         <wf lemma="eerst" pos="X">eerst</wf>
         <wf lemma="nog" pos="X">nog</wf>
         <wf lemma="wat" pos="X">wat</wf>
         <wf lemma="in" pos="X">in</wf>
         <wf lemma="deze" pos="X">deze</wf>
         <wf lemma="muziek" pos="X">muziek</wf>
         <instance id="d000.s071.t000" lemma="oriënteren" pos="VERB">oriënteren</instance>
         <wf lemma="voor" pos="X">voor</wf>
         <wf lemma="ik" pos="X">ik</wf>
         <wf lemma="er" pos="X">er</wf>
         <wf lemma="een" pos="X">een</wf>
         <wf lemma="oordeel" pos="X">oordeel</wf>
         <wf lemma="over" pos="X">over</wf>
         <wf lemma="geef." pos="X">geef.</wf>
      </sentence>
      <sentence id="d000.s072" source="wordnet-dutch">
         <wf lemma="het" pos="X">het</wf>
         <wf lemma="water" pos="X">water</wf>
         <wf lemma="van" pos="X">van</wf>
         <wf lemma="het" pos="X">het</wf>
         <wf lemma="zwembad" pos="X">zwembad</wf>
         <wf lemma="wordt" pos="X">wordt</wf>
         <instance id="d000.s072.t000" lemma="verwarmen" pos="VERB">verwarmd</instance>
         <wf lemma="tot" pos="X">tot</wf>
         <wf lemma="24" pos="X">24</wf>
         <wf lemma="graden" pos="X">graden</wf>
         <wf lemma="Celsius" pos="X">Celsius</wf>
         <wf lemma="." pos="X">.</wf>
      </sentence>
      <sentence id="d000.s073" source="wordnet-dutch">
         <wf lemma="Nederland" pos="X">Nederland</wf>
         <wf lemma="wist" pos="X">wist</wf>
         <wf lemma="zich" pos="X">zich</wf>
         <wf lemma="te" pos="X">te</wf>
         <wf lemma="kwalificeren" pos="X">kwalificeren</wf>
         <wf lemma="voor" pos="X">voor</wf>
         <wf lemma="de" pos="X">de</wf>
         <instance id="d000.s073.t000" lemma="eindronde" pos="NOUN">eindronde</instance>
         <wf lemma="." pos="X">.</wf>
      </sentence>
      <sentence id="d000.s074" source="wordnet-dutch">
         <wf lemma="je" pos="X">je</wf>
         <wf lemma="moet" pos="X">moet</wf>
         <wf lemma="niet" pos="X">niet</wf>
         <wf lemma="meteen" pos="X">meteen</wf>
         <wf lemma="gaan" pos="X">gaan</wf>
         <instance id="d000.s074.t000" lemma="rondbazuinen" pos="VERB">rondbazuinen</instance>
         <wf lemma="dat" pos="X">dat</wf>
         <wf lemma="ik" pos="X">ik</wf>
         <wf lemma="een" pos="X">een</wf>
         <wf lemma="nieuwe" pos="X">nieuwe</wf>
         <wf lemma="job" pos="X">job</wf>
         <wf lemma="heb" pos="X">heb</wf>
         <wf lemma="." pos="X">.</wf>
      </sentence>
      <sentence id="d000.s075" source="wordnet-dutch">
         <wf lemma="ze" pos="X">ze</wf>
         <wf lemma="krijgt" pos="X">krijgt</wf>
         <instance id="d000.s075.t000" lemma="vrijstelling" pos="NOUN">vrijstelling</instance>
         <wf lemma="voor" pos="X">voor</wf>
         <wf lemma="Frans" pos="X">Frans</wf>
         <wf lemma="." pos="X">.</wf>
      </sentence>
      <sentence id="d000.s076" source="wordnet-dutch">
         <wf lemma="Deze" pos="X">Deze</wf>
         <instance id="d000.s076.t000" lemma="combinatie" pos="NOUN">combinatie</instance>
         <wf lemma="is" pos="X">is</wf>
         <wf lemma="niet" pos="X">niet</wf>
         <wf lemma="duur" pos="X">duur</wf>
         <wf lemma="en" pos="X">en</wf>
         <wf lemma="staat" pos="X">staat</wf>
         <wf lemma="leuk" pos="X">leuk</wf>
         <wf lemma="bij" pos="X">bij</wf>
         <wf lemma="je" pos="X">je</wf>
         <wf lemma="haar" pos="X">haar</wf>
         <wf lemma="." pos="X">.</wf>
      </sentence>
      <sentence id="d000.s077" source="wordnet-dutch">
         <wf lemma="enkele" pos="X">enkele</wf>
         <wf lemma="landen" pos="X">landen</wf>
         <wf lemma="weigeren" pos="X">weigeren</wf>
         <wf lemma="het" pos="X">het</wf>
         <wf lemma="verdrag" pos="X">verdrag</wf>
         <wf lemma="te" pos="X">te</wf>
         <instance id="d000.s077.t000" lemma="ondertekenen" pos="VERB">ondertekenen</instance>
         <wf lemma="." pos="X">.</wf>
      </sentence>
      <sentence id="d000.s078" source="wordnet-dutch">
         <wf lemma="de" pos="X">de</wf>
         <wf lemma="snelle" pos="X">snelle</wf>
         <wf lemma="versie" pos="X">versie</wf>
         <wf lemma="van" pos="X">van</wf>
         <wf lemma="deze" pos="X">deze</wf>
         <wf lemma="auto" pos="X">auto</wf>
         <wf lemma="krijgt" pos="X">krijgt</wf>
         <wf lemma="240" pos="X">240</wf>
         <wf lemma="km." pos="X">km.</wf>
         <wf lemma="op" pos="X">op</wf>
         <wf lemma="de" pos="X">de</wf>
         <instance id="d000.s078.t000" lemma="klok" pos="NOUN">klok</instance>
         <wf lemma="." pos="X">.</wf>
      </sentence>
      <sentence id="d000.s079" source="wordnet-dutch">
         <wf lemma="hij" pos="X">hij</wf>
         <instance id="d000.s079.t000" lemma="fluiten" pos="VERB">fluit</instance>
         <wf lemma="in" pos="X">in</wf>
         <wf lemma="het" pos="X">het</wf>
         <wf lemma="filharmonisch" pos="X">filharmonisch</wf>
         <wf lemma="jeugdorkest" pos="X">jeugdorkest</wf>
         <wf lemma="van" pos="X">van</wf>
         <wf lemma="Vlaanderen" pos="X">Vlaanderen</wf>
         <wf lemma="." pos="X">.</wf>
      </sentence>
      <sentence id="d000.s080" source="wordnet-dutch">
         <wf lemma="zo'n" pos="X">zo'n</wf>
         <wf lemma="nietszeggende" pos="X">nietszeggende</wf>
         <wf lemma="verklaring" pos="X">verklaring</wf>
         <wf lemma="achteraf" pos="X">achteraf</wf>
         <instance id="d000.s080.t000" lemma="voeden" pos="VERB">voedt</instance>
         <wf lemma="mijn" pos="X">mijn</wf>
         <wf lemma="achterdocht" pos="X">achterdocht</wf>
         <wf lemma="." pos="X">.</wf>
      </sentence>
      <sentence id="d000.s081" source="wordnet-dutch">
         <wf lemma="ze" pos="X">ze</wf>
         <wf lemma="wisten" pos="X">wisten</wf>
         <wf lemma="die" pos="X">die</wf>
         <wf lemma="spion" pos="X">spion</wf>
         <wf lemma="te" pos="X">te</wf>
         <instance id="d000.s081.t000" lemma="ontmaskeren" pos="VERB">ontmaskeren</instance>
         <wf lemma="." pos="X">.</wf>
      </sentence>
      <sentence id="d000.s082" source="wordnet-dutch">
         <wf lemma="hun" pos="X">hun</wf>
         <wf lemma="nieuwe" pos="X">nieuwe</wf>
         <wf lemma="cd" pos="X">cd</wf>
         <wf lemma="is" pos="X">is</wf>
         <wf lemma="een" pos="X">een</wf>
         <wf lemma="echte" pos="X">echte</wf>
         <instance id="d000.s082.t000" lemma="aanrader" pos="NOUN">aanrader</instance>
         <wf lemma="." pos="X">.</wf>
      </sentence>
      <sentence id="d000.s083" source="wordnet-dutch">
         <wf lemma="deze" pos="X">deze</wf>
         <wf lemma="week" pos="X">week</wf>
         <wf lemma=":" pos="X">:</wf>
         <wf lemma="bij" pos="X">bij</wf>
         <wf lemma="aankoop" pos="X">aankoop</wf>
         <wf lemma="van" pos="X">van</wf>
         <wf lemma="vijf" pos="X">vijf</wf>
         <wf lemma="flessen" pos="X">flessen</wf>
         <wf lemma="de" pos="X">de</wf>
         <wf lemma="vijfde" pos="X">vijfde</wf>
         <wf lemma="voor" pos="X">voor</wf>
         <wf lemma="de" pos="X">de</wf>
         <instance id="d000.s083.t000" lemma="helft" pos="NOUN">helft</instance>
         <wf lemma="van" pos="X">van</wf>
         <wf lemma="de" pos="X">de</wf>
         <wf lemma="prijs" pos="X">prijs</wf>
         <wf lemma="." pos="X">.</wf>
      </sentence>
      <sentence id="d000.s084" source="wordnet-dutch">
         <wf lemma="hij" pos="X">hij</wf>
         <wf lemma="heeft" pos="X">heeft</wf>
         <wf lemma="drie" pos="X">drie</wf>
         <wf lemma="boeken/records" pos="X">boeken/records</wf>
         <wf lemma="op" pos="X">op</wf>
         <wf lemma="zijn" pos="X">zijn</wf>
         <instance id="d000.s084.t000" lemma="naam" pos="NOUN">naam</instance>
         <wf lemma="staan" pos="X">staan</wf>
         <wf lemma="." pos="X">.</wf>
      </sentence>
      <sentence id="d000.s085" source="wordnet-dutch">
         <wf lemma="hij" pos="X">hij</wf>
         <wf lemma="is" pos="X">is</wf>
         <wf lemma="met" pos="X">met</wf>
         <wf lemma="ernstige" pos="X">ernstige</wf>
         <instance id="d000.s085.t000" lemma="verwonding" pos="NOUN">verwondingen</instance>
         <wf lemma="naar" pos="X">naar</wf>
         <wf lemma="het" pos="X">het</wf>
         <wf lemma="ziekenhuis" pos="X">ziekenhuis</wf>
         <wf lemma="gebracht" pos="X">gebracht</wf>
         <wf lemma="." pos="X">.</wf>
      </sentence>
      <sentence id="d000.s086" source="wordnet-dutch">
         <wf lemma="laten" pos="X">laten</wf>
         <wf lemma="we" pos="X">we</wf>
         <wf lemma="afspreken" pos="X">afspreken</wf>
         <wf lemma="dat" pos="X">dat</wf>
         <wf lemma="we" pos="X">we</wf>
         <wf lemma="elkaar" pos="X">elkaar</wf>
         <wf lemma="morgen" pos="X">morgen</wf>
         <wf lemma="om" pos="X">om</wf>
         <wf lemma="12" pos="X">12</wf>
         <wf lemma="uur" pos="X">uur</wf>
         <instance id="d000.s086.t000" lemma="ontmoeten" pos="VERB">ontmoeten</instance>
         <wf lemma="aan" pos="X">aan</wf>
         <wf lemma="het" pos="X">het</wf>
         <wf lemma="station" pos="X">station</wf>
         <wf lemma="." pos="X">.</wf>
      </sentence>
      <sentence id="d000.s087" source="wordnet-dutch">
         <wf lemma="in" pos="X">in</wf>
         <wf lemma="die" pos="X">die</wf>
         <wf lemma="brug" pos="X">brug</wf>
         <wf lemma="zijn" pos="X">zijn</wf>
         <instance id="d000.s087.t000" lemma="versteviging" pos="NOUN">verstevigingen</instance>
         <wf lemma="aangebracht" pos="X">aangebracht</wf>
         <wf lemma="." pos="X">.</wf>
      </sentence>
      <sentence id="d000.s088" source="wordnet-dutch">
         <wf lemma="we" pos="X">we</wf>
         <wf lemma="hebben" pos="X">hebben</wf>
         <wf lemma="een" pos="X">een</wf>
         <instance id="d000.s088.t000" lemma="indicatie" pos="NOUN">indicatie</instance>
         <wf lemma="van" pos="X">van</wf>
         <wf lemma="de" pos="X">de</wf>
         <wf lemma="productiesnelheid" pos="X">productiesnelheid</wf>
         <wf lemma="nodig" pos="X">nodig</wf>
         <wf lemma="voor" pos="X">voor</wf>
         <wf lemma="een" pos="X">een</wf>
         <wf lemma="goede" pos="X">goede</wf>
         <wf lemma="planning" pos="X">planning</wf>
         <wf lemma="van" pos="X">van</wf>
         <wf lemma="de" pos="X">de</wf>
         <wf lemma="werkzaamheden" pos="X">werkzaamheden</wf>
         <wf lemma="." pos="X">.</wf>
      </sentence>
      <sentence id="d000.s089" source="wordnet-dutch">
         <wf lemma="het" pos="X">het</wf>
         <wf lemma="zal" pos="X">zal</wf>
         <wf lemma="hem" pos="X">hem</wf>
         <instance id="d000.s089.t000" lemma="afvallen" pos="VERB">afvallen</instance>
         <wf lemma="na" pos="X">na</wf>
         <wf lemma="zijn" pos="X">zijn</wf>
         <wf lemma="vakantie" pos="X">vakantie</wf>
         <wf lemma="weer" pos="X">weer</wf>
         <wf lemma="aan" pos="X">aan</wf>
         <wf lemma="het" pos="X">het</wf>
         <wf lemma="werk" pos="X">werk</wf>
         <wf lemma="te" pos="X">te</wf>
         <wf lemma="moeten" pos="X">moeten</wf>
         <wf lemma="." pos="X">.</wf>
      </sentence>
      <sentence id="d000.s090" source="wordnet-dutch">
         <wf lemma="er" pos="X">er</wf>
         <wf lemma="klonk" pos="X">klonk</wf>
         <wf lemma="een" pos="X">een</wf>
         <wf lemma="daverend" pos="X">daverend</wf>
         <instance id="d000.s090.t000" lemma="applaus" pos="NOUN">applaus</instance>
         <wf lemma="." pos="X">.</wf>
      </sentence>
      <sentence id="d000.s091" source="wordnet-dutch">
         <wf lemma="tot" pos="X">tot</wf>
         <wf lemma="mijn" pos="X">mijn</wf>
         <instance id="d000.s091.t000" lemma="afschuw" pos="NOUN">afschuw</instance>
         <wf lemma="zag" pos="X">zag</wf>
         <wf lemma="ik" pos="X">ik</wf>
         <wf lemma="." pos="X">.</wf>
         <wf lemma="." pos="X">.</wf>
      </sentence>
      <sentence id="d000.s092" source="wordnet-dutch">
         <wf lemma="vanuit" pos="X">vanuit</wf>
         <wf lemma="een" pos="X">een</wf>
         <instance id="d000.s092.t000" lemma="helikopter" pos="NOUN">helikopter</instance>
         <wf lemma="houdt" pos="X">houdt</wf>
         <wf lemma="de" pos="X">de</wf>
         <wf lemma="milieupolitie" pos="X">milieupolitie</wf>
         <wf lemma="de" pos="X">de</wf>
         <wf lemma="Rotterdamse" pos="X">Rotterdamse</wf>
         <wf lemma="haven" pos="X">haven</wf>
         <wf lemma="in" pos="X">in</wf>
         <wf lemma="de" pos="X">de</wf>
         <wf lemma="gaten" pos="X">gaten</wf>
         <wf lemma="." pos="X">.</wf>
      </sentence>
      <sentence id="d000.s093" source="wordnet-dutch">
         <wf lemma="regelmatig" pos="X">regelmatig</wf>
         <wf lemma="zitten/raken" pos="X">zitten/raken</wf>
         <wf lemma="ook" pos="X">ook</wf>
         <wf lemma="vogels" pos="X">vogels</wf>
         <wf lemma="verstrikt" pos="X">verstrikt</wf>
         <wf lemma="in" pos="X">in</wf>
         <wf lemma="een" pos="X">een</wf>
         <instance id="d000.s093.t000" lemma="visnet" pos="NOUN">visnet</instance>
         <wf lemma="." pos="X">.</wf>
      </sentence>
      <sentence id="d000.s094" source="wordnet-dutch">
         <wf lemma="zal" pos="X">zal</wf>
         <wf lemma="ik" pos="X">ik</wf>
         <wf lemma="voor" pos="X">voor</wf>
         <wf lemma="jou" pos="X">jou</wf>
         <wf lemma="ook" pos="X">ook</wf>
         <wf lemma="een" pos="X">een</wf>
         <wf lemma="plaats" pos="X">plaats</wf>
         <wf lemma="in" pos="X">in</wf>
         <wf lemma="de" pos="X">de</wf>
         <wf lemma="opera" pos="X">opera</wf>
         <instance id="d000.s094.t000" lemma="reserveren" pos="VERB">reserveren</instance>
         <wf lemma="?" pos="X">?</wf>
      </sentence>
      <sentence id="d000.s095" source="wordnet-dutch">
         <wf lemma="op" pos="X">op</wf>
         <wf lemma="de" pos="X">de</wf>
         <wf lemma="toetsen" pos="X">toetsen</wf>
         <wf lemma="van" pos="X">van</wf>
         <wf lemma="de" pos="X">de</wf>
         <wf lemma="piano" pos="X">piano</wf>
         <instance id="d000.s095.t000" lemma="rammen" pos="VERB">rammen</instance>
         <wf lemma="." pos="X">.</wf>
      </sentence>
      <sentence id="d000.s096" source="wordnet-dutch">
         <wf lemma="je" pos="X">je</wf>
         <wf lemma="ziet" pos="X">ziet</wf>
         <wf lemma="dat" pos="X">dat</wf>
         <wf lemma="hij" pos="X">hij</wf>
         <wf lemma="met" pos="X">met</wf>
         <wf lemma="volle" pos="X">volle</wf>
         <wf lemma="teugen" pos="X">teugen</wf>
         <wf lemma="van" pos="X">van</wf>
         <wf lemma="zijn" pos="X">zijn</wf>
         <wf lemma="maaltijd" pos="X">maaltijd</wf>
         <wf lemma="aan" pos="X">aan</wf>
         <wf lemma="het" pos="X">het</wf>
         <instance id="d000.s096.t000" lemma="genieten" pos="VERB">genieten</instance>
         <wf lemma="is" pos="X">is</wf>
         <wf lemma="." pos="X">.</wf>
      </sentence>
      <sentence id="d000.s097" source="wordnet-dutch">
         <wf lemma="meubels" pos="X">meubels</wf>
         <wf lemma="van" pos="X">van</wf>
         <instance id="d000.s097.t000" lemma="rotan" pos="NOUN">rotan</instance>
         <wf lemma="." pos="X">.</wf>
      </sentence>
      <sentence id="d000.s098" source="wordnet-dutch">
         <wf lemma="Deze" pos="X">Deze</wf>
         <wf lemma="ruimtefiguur" pos="X">ruimtefiguur</wf>
         <wf lemma="ontstaat" pos="X">ontstaat</wf>
         <wf lemma="door" pos="X">door</wf>
         <instance id="d000.s098.t000" lemma="omwenteling" pos="NOUN">omwenteling</instance>
         <wf lemma="van" pos="X">van</wf>
         <wf lemma="een" pos="X">een</wf>
         <wf lemma="rechthoek" pos="X">rechthoek</wf>
         <wf lemma="met" pos="X">met</wf>
         <wf lemma="afmetingen" pos="X">afmetingen</wf>
         <wf lemma="R" pos="X">R</wf>
         <wf lemma="en" pos="X">en</wf>
         <wf lemma="H" pos="X">H</wf>
         <wf lemma="om" pos="X">om</wf>
         <wf lemma="een" pos="X">een</wf>
         <wf lemma="zijde" pos="X">zijde</wf>
         <wf lemma="met" pos="X">met</wf>
         <wf lemma="lengte" pos="X">lengte</wf>
         <wf lemma="H." pos="X">H.</wf>
      </sentence>
      <sentence id="d000.s099" source="wordnet-dutch">
         <wf lemma="de" pos="X">de</wf>
         <wf lemma="walvissen" pos="X">walvissen</wf>
         <wf lemma="komen" pos="X">komen</wf>
         <wf lemma="soms" pos="X">soms</wf>
         <wf lemma="zelfs" pos="X">zelfs</wf>
         <wf lemma="tot" pos="X">tot</wf>
         <wf lemma="in" pos="X">in</wf>
         <wf lemma="de" pos="X">de</wf>
         <instance id="d000.s099.t000" lemma="inham" pos="NOUN">inhammen</instance>
         <wf lemma="van" pos="X">van</wf>
         <wf lemma="de" pos="X">de</wf>
         <wf lemma="Noorse" pos="X">Noorse</wf>
         <wf lemma="kust" pos="X">kust</wf>
         <wf lemma="." pos="X">.</wf>
      </sentence>
      <sentence id="d000.s100" source="wordnet-dutch">
         <wf lemma="ze" pos="X">ze</wf>
         <wf lemma="heeft" pos="X">heeft</wf>
         <wf lemma="in" pos="X">in</wf>
         <wf lemma="haar" pos="X">haar</wf>
         <wf lemma="jeugd" pos="X">jeugd</wf>
         <wf lemma="op" pos="X">op</wf>
         <wf lemma="een" pos="X">een</wf>
         <instance id="d000.s100.t000" lemma="hoeve" pos="NOUN">hoeve</instance>
         <wf lemma="gewoond" pos="X">gewoond</wf>
         <wf lemma="." pos="X">.</wf>
      </sentence>
      <sentence id="d000.s101" source="wordnet-dutch">
         <wf lemma="er" pos="X">er</wf>
         <wf lemma="moet" pos="X">moet</wf>
         <wf lemma="nog" pos="X">nog</wf>
         <wf lemma="eten" pos="X">eten</wf>
         <wf lemma="in" pos="X">in</wf>
         <wf lemma="huis" pos="X">huis</wf>
         <instance id="d000.s101.t000" lemma="zijn" pos="VERB">zijn</instance>
         <wf lemma="." pos="X">.</wf>
      </sentence>
      <sentence id="d000.s102" source="wordnet-dutch">
         <instance id="d000.s102.t000" lemma="aanloop" pos="NOUN">aanloop</instance>
         <wf lemma="tot" pos="X">tot</wf>
         <wf lemma="het" pos="X">het</wf>
         <wf lemma="onderwerp" pos="X">onderwerp</wf>
         <wf lemma="." pos="X">.</wf>
      </sentence>
      <sentence id="d000.s103" source="wordnet-dutch">
         <wf lemma="je" pos="X">je</wf>
         <wf lemma="kon" pos="X">kon</wf>
         <wf lemma="uit" pos="X">uit</wf>
         <wf lemma="haar" pos="X">haar</wf>
         <wf lemma="woorden" pos="X">woorden</wf>
         <instance id="d000.s103.t000" lemma="concluderen" pos="VERB">concluderen</instance>
         <wf lemma="dat" pos="X">dat</wf>
         <wf lemma="ze" pos="X">ze</wf>
         <wf lemma="helemaal" pos="X">helemaal</wf>
         <wf lemma="geen" pos="X">geen</wf>
         <wf lemma="zin" pos="X">zin</wf>
         <wf lemma="had" pos="X">had</wf>
         <wf lemma="om" pos="X">om</wf>
         <wf lemma="met" pos="X">met</wf>
         <wf lemma="hem" pos="X">hem</wf>
         <wf lemma="te" pos="X">te</wf>
         <wf lemma="gaan" pos="X">gaan</wf>
         <wf lemma="eten" pos="X">eten</wf>
         <wf lemma="." pos="X">.</wf>
      </sentence>
      <sentence id="d000.s104" source="wordnet-dutch">
         <wf lemma="het" pos="X">het</wf>
         <wf lemma="planbureau" pos="X">planbureau</wf>
         <wf lemma="heeft" pos="X">heeft</wf>
         <wf lemma="het" pos="X">het</wf>
         <wf lemma="aantal" pos="X">aantal</wf>
         <wf lemma="banen" pos="X">banen</wf>
         <instance id="d000.s104.t000" lemma="becijferen" pos="VERB">becijferd</instance>
         <wf lemma="dat" pos="X">dat</wf>
         <wf lemma="er" pos="X">er</wf>
         <wf lemma="dit" pos="X">dit</wf>
         <wf lemma="jaar" pos="X">jaar</wf>
         <wf lemma="is" pos="X">is</wf>
         <wf lemma="bijgekomen" pos="X">bijgekomen</wf>
         <wf lemma="." pos="X">.</wf>
      </sentence>
      <sentence id="d000.s105" source="wordnet-dutch">
         <wf lemma="op" pos="X">op</wf>
         <wf lemma="dik" pos="X">dik</wf>
         <instance id="d000.s105.t000" lemma="ijs" pos="NOUN">ijs</instance>
         <wf lemma="kun" pos="X">kun</wf>
         <wf lemma="je" pos="X">je</wf>
         <wf lemma="veilig" pos="X">veilig</wf>
         <wf lemma="schaatsen" pos="X">schaatsen</wf>
         <wf lemma="." pos="X">.</wf>
      </sentence>
      <sentence id="d000.s106" source="wordnet-dutch">
         <wf lemma="een" pos="X">een</wf>
         <wf lemma="kakkerlak" pos="X">kakkerlak</wf>
         <wf lemma="ter" pos="X">ter</wf>
         <instance id="d000.s106.t000" lemma="grootte" pos="NOUN">grootte</instance>
         <wf lemma="van" pos="X">van</wf>
         <wf lemma="een" pos="X">een</wf>
         <wf lemma="muis" pos="X">muis</wf>
         <wf lemma="." pos="X">.</wf>
      </sentence>
      <sentence id="d000.s107" source="wordnet-dutch">
         <wf lemma="je" pos="X">je</wf>
         <wf lemma="hebt" pos="X">hebt</wf>
         <wf lemma="die" pos="X">die</wf>
         <wf lemma="plaat" pos="X">plaat</wf>
         <wf lemma="nu" pos="X">nu</wf>
         <wf lemma="al" pos="X">al</wf>
         <wf lemma="drie" pos="X">drie</wf>
         <wf lemma="keer" pos="X">keer</wf>
         <instance id="d000.s107.t000" lemma="afspelen" pos="VERB">afgespeeld</instance>
         <wf lemma="." pos="X">.</wf>
      </sentence>
      <sentence id="d000.s108" source="wordnet-dutch">
         <wf lemma="de" pos="X">de</wf>
         <wf lemma="dollar" pos="X">dollar</wf>
         <wf lemma="heeft" pos="X">heeft</wf>
         <wf lemma="vandaag" pos="X">vandaag</wf>
         <wf lemma="een" pos="X">een</wf>
         <wf lemma="aanzienlijke" pos="X">aanzienlijke</wf>
         <instance id="d000.s108.t000" lemma="waardevermindering" pos="NOUN">waardevermindering</instance>
         <wf lemma="ondergaan" pos="X">ondergaan</wf>
         <wf lemma="." pos="X">.</wf>
      </sentence>
      <sentence id="d000.s109" source="wordnet-dutch">
         <wf lemma="hij" pos="X">hij</wf>
         <wf lemma="vindt" pos="X">vindt</wf>
         <wf lemma="het" pos="X">het</wf>
         <wf lemma="logisch" pos="X">logisch</wf>
         <wf lemma="dat" pos="X">dat</wf>
         <wf lemma="een" pos="X">een</wf>
         <wf lemma="rijk" pos="X">rijk</wf>
         <wf lemma="land" pos="X">land</wf>
         <wf lemma="meer" pos="X">meer</wf>
         <instance id="d000.s109.t000" lemma="bijdragen" pos="VERB">bijdraagt</instance>
         <wf lemma="aan" pos="X">aan</wf>
         <wf lemma="de" pos="X">de</wf>
         <wf lemma="Europese" pos="X">Europese</wf>
         <wf lemma="Unie" pos="X">Unie</wf>
         <wf lemma="." pos="X">.</wf>
      </sentence>
      <sentence id="d000.s110" source="wordnet-dutch">
         <wf lemma="hij" pos="X">hij</wf>
         <instance id="d000.s110.t000" lemma="springen" pos="VERB">sprong</instance>
         <wf lemma="in" pos="X">in</wf>
         <wf lemma="zijn" pos="X">zijn</wf>
         <wf lemma="auto" pos="X">auto</wf>
         <wf lemma="en" pos="X">en</wf>
         <wf lemma="reed" pos="X">reed</wf>
         <wf lemma="weg" pos="X">weg</wf>
         <wf lemma="." pos="X">.</wf>
      </sentence>
      <sentence id="d000.s111" source="wordnet-dutch">
         <wf lemma="Een" pos="X">Een</wf>
         <instance id="d000.s111.t000" lemma="troep" pos="NOUN">troep</instance>
         <wf lemma="spullen" pos="X">spullen</wf>
         <wf lemma="." pos="X">.</wf>
      </sentence>
      <sentence id="d000.s112" source="wordnet-dutch">
         <wf lemma="aan" pos="X">aan</wf>
         <wf lemma="de" pos="X">de</wf>
         <instance id="d000.s112.t000" lemma="wand" pos="NOUN">wand</instance>
         <wf lemma="hing" pos="X">hing</wf>
         <wf lemma="een" pos="X">een</wf>
         <wf lemma="schilderij" pos="X">schilderij</wf>
         <wf lemma="." pos="X">.</wf>
      </sentence>
      <sentence id="d000.s113" source="wordnet-dutch">
         <instance id="d000.s113.t000" lemma="pech" pos="NOUN">pech</instance>
         <wf lemma="in" pos="X">in</wf>
         <wf lemma="de" pos="X">de</wf>
         <wf lemma="afwerking/de" pos="X">afwerking/de</wf>
         <wf lemma="liefde/het" pos="X">liefde/het</wf>
         <wf lemma="spel" pos="X">spel</wf>
         <wf lemma="." pos="X">.</wf>
      </sentence>
      <sentence id="d000.s114" source="wordnet-dutch">
         <wf lemma="wat" pos="X">wat</wf>
         <wf lemma="is" pos="X">is</wf>
         <wf lemma="eigenlijk" pos="X">eigenlijk</wf>
         <wf lemma="jouw" pos="X">jouw</wf>
         <instance id="d000.s114.t000" lemma="belang" pos="NOUN">belang</instance>
         <wf lemma="bij" pos="X">bij</wf>
         <wf lemma="zo'n" pos="X">zo'n</wf>
         <wf lemma="regeling" pos="X">regeling</wf>
         <wf lemma="?" pos="X">?</wf>
      </sentence>
      <sentence id="d000.s115" source="wordnet-dutch">
         <wf lemma="zijn" pos="X">zijn</wf>
         <wf lemma="uitspraken" pos="X">uitspraken</wf>
         <wf lemma="vertonen" pos="X">vertonen</wf>
         <wf lemma="geen" pos="X">geen</wf>
         <wf lemma="enkele" pos="X">enkele</wf>
         <instance id="d000.s115.t000" lemma="coherentie" pos="NOUN">coherentie</instance>
         <wf lemma="." pos="X">.</wf>
      </sentence>
      <sentence id="d000.s116" source="wordnet-dutch">
         <wf lemma="iemand" pos="X">iemand</wf>
         <wf lemma="had" pos="X">had</wf>
         <wf lemma="met" pos="X">met</wf>
         <wf lemma="een" pos="X">een</wf>
         <instance id="d000.s116.t000" lemma="klinker" pos="NOUN">klinker</instance>
         <wf lemma="de" pos="X">de</wf>
         <wf lemma="ruit" pos="X">ruit</wf>
         <wf lemma="ingegooid" pos="X">ingegooid</wf>
         <wf lemma="." pos="X">.</wf>
      </sentence>
      <sentence id="d000.s117" source="wordnet-dutch">
         <wf lemma="datum" pos="X">datum</wf>
         <wf lemma="van" pos="X">van</wf>
         <instance id="d000.s117.t000" lemma="publikatie" pos="NOUN">publikatie</instance>
         <wf lemma="." pos="X">.</wf>
      </sentence>
      <sentence id="d000.s118" source="wordnet-dutch">
         <wf lemma="we" pos="X">we</wf>
         <wf lemma="geven" pos="X">geven</wf>
         <wf lemma="vanavond" pos="X">vanavond</wf>
         <wf lemma="een" pos="X">een</wf>
         <instance id="d000.s118.t000" lemma="eten" pos="NOUN">etentje</instance>
         <wf lemma="voor" pos="X">voor</wf>
         <wf lemma="de" pos="X">de</wf>
         <wf lemma="buren" pos="X">buren</wf>
         <wf lemma="." pos="X">.</wf>
      </sentence>
      <sentence id="d000.s119" source="wordnet-dutch">
         <wf lemma="de" pos="X">de</wf>
         <wf lemma="atleet" pos="X">atleet</wf>
         <wf lemma="werd" pos="X">werd</wf>
         <wf lemma="kampioen" pos="X">kampioen</wf>
         <wf lemma="op" pos="X">op</wf>
         <wf lemma="de" pos="X">de</wf>
         <instance id="d000.s119.t000" lemma="sprint" pos="NOUN">sprint</instance>
         <wf lemma="." pos="X">.</wf>
      </sentence>
      <sentence id="d000.s120" source="wordnet-dutch">
         <wf lemma="jij" pos="X">jij</wf>
         <wf lemma="zou" pos="X">zou</wf>
         <wf lemma="wel" pos="X">wel</wf>
         <wf lemma="met" pos="X">met</wf>
         <wf lemma="hem" pos="X">hem</wf>
         <wf lemma="willen" pos="X">willen</wf>
         <wf lemma="liggen" pos="X">liggen</wf>
         <instance id="d000.s120.t000" lemma="rollebollen" pos="VERB">rollebollen</instance>
         <wf lemma="de" pos="X">de</wf>
         <wf lemma="hele" pos="X">hele</wf>
         <wf lemma="dag" pos="X">dag</wf>
         <wf lemma="," pos="X">,</wf>
         <wf lemma="toch" pos="X">toch</wf>
         <wf lemma="?" pos="X">?</wf>
      </sentence>
      <sentence id="d000.s121" source="wordnet-dutch">
         <wf lemma="vissen" pos="X">vissen</wf>
         <wf lemma="schieten" pos="X">schieten</wf>
         <instance id="d000.s121.t000" lemma="kuit" pos="NOUN">kuit</instance>
         <wf lemma="." pos="X">.</wf>
      </sentence>
      <sentence id="d000.s122" source="wordnet-dutch">
         <wf lemma="hij" pos="X">hij</wf>
         <wf lemma="gaat" pos="X">gaat</wf>
         <wf lemma="tegen" pos="X">tegen</wf>
         <wf lemma="het" pos="X">het</wf>
         <wf lemma="vonnis" pos="X">vonnis</wf>
         <wf lemma="in" pos="X">in</wf>
         <instance id="d000.s122.t000" lemma="cassatie" pos="NOUN">cassatie</instance>
         <wf lemma="." pos="X">.</wf>
      </sentence>
      <sentence id="d000.s123" source="wordnet-dutch">
         <wf lemma="ik" pos="X">ik</wf>
         <wf lemma="zal" pos="X">zal</wf>
         <wf lemma="nog" pos="X">nog</wf>
         <wf lemma="snel" pos="X">snel</wf>
         <wf lemma="even" pos="X">even</wf>
         <instance id="d000.s123.t000" lemma="resumeren" pos="VERB">resumeren</instance>
         <wf lemma="wat" pos="X">wat</wf>
         <wf lemma="hij" pos="X">hij</wf>
         <wf lemma="toen" pos="X">toen</wf>
         <wf lemma="gezegd" pos="X">gezegd</wf>
         <wf lemma="heeft" pos="X">heeft</wf>
         <wf lemma="." pos="X">.</wf>
      </sentence>
      <sentence id="d000.s124" source="wordnet-dutch">
         <wf lemma="een" pos="X">een</wf>
         <instance id="d000.s124.t000" lemma="bus" pos="NOUN">bus</instance>
         <wf lemma="om" pos="X">om</wf>
         <wf lemma="de" pos="X">de</wf>
         <wf lemma="kachelpijp" pos="X">kachelpijp</wf>
         <wf lemma="." pos="X">.</wf>
      </sentence>
      <sentence id="d000.s125" source="wordnet-dutch">
         <wf lemma="hij" pos="X">hij</wf>
         <wf lemma="wekt" pos="X">wekt</wf>
         <wf lemma="de" pos="X">de</wf>
         <instance id="d000.s125.t000" lemma="verwachting" pos="NOUN">verwachting</instance>
         <wf lemma="iedere" pos="X">iedere</wf>
         <wf lemma="dag" pos="X">dag</wf>
         <wf lemma="te" pos="X">te</wf>
         <wf lemma="laat" pos="X">laat</wf>
         <wf lemma="te" pos="X">te</wf>
         <wf lemma="komen" pos="X">komen</wf>
         <wf lemma="." pos="X">.</wf>
      </sentence>
      <sentence id="d000.s126" source="wordnet-dutch">
         <wf lemma="neem" pos="X">neem</wf>
         <wf lemma="pen" pos="X">pen</wf>
         <wf lemma="en" pos="X">en</wf>
         <instance id="d000.s126.t000" lemma="papier" pos="NOUN">papier</instance>
         <wf lemma="," pos="X">,</wf>
         <wf lemma="en" pos="X">en</wf>
         <wf lemma="noteer" pos="X">noteer</wf>
         <wf lemma=":" pos="X">:</wf>
      </sentence>
      <sentence id="d000.s127" source="wordnet-dutch">
         <wf lemma="de" pos="X">de</wf>
         <wf lemma="meeste" pos="X">meeste</wf>
         <wf lemma="huizen" pos="X">huizen</wf>
         <wf lemma="hebben" pos="X">hebben</wf>
         <wf lemma="inmiddels" pos="X">inmiddels</wf>
         <wf lemma="dubbel" pos="X">dubbel</wf>
         <instance id="d000.s127.t000" lemma="glas" pos="NOUN">glas</instance>
         <wf lemma="." pos="X">.</wf>
      </sentence>
      <sentence id="d000.s128" source="wordnet-dutch">
         <wf lemma="hij" pos="X">hij</wf>
         <instance id="d000.s128.t000" lemma="bedoelen" pos="VERB">bedoelde</instance>
         <wf lemma="het" pos="X">het</wf>
         <wf lemma="helemaal" pos="X">helemaal</wf>
         <wf lemma="niet" pos="X">niet</wf>
         <wf lemma="kwaad" pos="X">kwaad</wf>
         <wf lemma="." pos="X">.</wf>
      </sentence>
      <sentence id="d000.s129" source="wordnet-dutch">
         <wf lemma="hij" pos="X">hij</wf>
         <wf lemma="heeft" pos="X">heeft</wf>
         <wf lemma="weer" pos="X">weer</wf>
         <wf lemma="soep" pos="X">soep</wf>
         <wf lemma="(" pos="X">(</wf>
         <wf lemma="op" pos="X">op</wf>
         <wf lemma="het" pos="X">het</wf>
         <wf lemma="tafelkleed" pos="X">tafelkleed</wf>
         <wf lemma=")" pos="X">)</wf>
         <instance id="d000.s129.t000" lemma="morsen" pos="VERB">gemorst</instance>
         <wf lemma="." pos="X">.</wf>
      </sentence>
      <sentence id="d000.s130" source="wordnet-dutch">
         <wf lemma="het" pos="X">het</wf>
         <wf lemma="schip" pos="X">schip</wf>
         <wf lemma="maakte" pos="X">maakte</wf>
         <wf lemma="razendsnel" pos="X">razendsnel</wf>
         <instance id="d000.s130.t000" lemma="water" pos="NOUN">water</instance>
         <wf lemma="en" pos="X">en</wf>
         <wf lemma="zonk" pos="X">zonk</wf>
         <wf lemma="vrijwel" pos="X">vrijwel</wf>
         <wf lemma="meteen" pos="X">meteen</wf>
         <wf lemma="." pos="X">.</wf>
      </sentence>
      <sentence id="d000.s131" source="wordnet-dutch">
         <wf lemma="cholera" pos="X">cholera</wf>
         <instance id="d000.s131.t000" lemma="verspreiden" pos="VERB">verspreidt</instance>
         <wf lemma="zich" pos="X">zich</wf>
         <wf lemma="vooral" pos="X">vooral</wf>
         <wf lemma="via" pos="X">via</wf>
         <wf lemma="besmet" pos="X">besmet</wf>
         <wf lemma="voedsel" pos="X">voedsel</wf>
         <wf lemma="en" pos="X">en</wf>
         <wf lemma="water" pos="X">water</wf>
         <wf lemma="." pos="X">.</wf>
      </sentence>
      <sentence id="d000.s132" source="wordnet-dutch">
         <wf lemma="regelmatig" pos="X">regelmatig</wf>
         <wf lemma="schilderen" pos="X">schilderen</wf>
         <wf lemma="voorkomt" pos="X">voorkomt</wf>
         <wf lemma="dat" pos="X">dat</wf>
         <wf lemma="het" pos="X">het</wf>
         <instance id="d000.s132.t000" lemma="hout" pos="NOUN">hout</instance>
         <wf lemma="gaat" pos="X">gaat</wf>
         <wf lemma="rotten" pos="X">rotten</wf>
         <wf lemma="." pos="X">.</wf>
      </sentence>
      <sentence id="d000.s133" source="wordnet-dutch">
         <wf lemma="een" pos="X">een</wf>
         <instance id="d000.s133.t000" lemma="gooi" pos="NOUN">gooi</instance>
         <wf lemma="doen" pos="X">doen</wf>
         <wf lemma="naar" pos="X">naar</wf>
         <wf lemma="het" pos="X">het</wf>
         <wf lemma="aantal" pos="X">aantal</wf>
         <wf lemma="deelnemers" pos="X">deelnemers</wf>
         <wf lemma="." pos="X">.</wf>
      </sentence>
      <sentence id="d000.s134" source="wordnet-dutch">
         <wf lemma="deze" pos="X">deze</wf>
         <wf lemma="vereniging" pos="X">vereniging</wf>
         <wf lemma="werd" pos="X">werd</wf>
         <wf lemma="precies" pos="X">precies</wf>
         <wf lemma="vijftig" pos="X">vijftig</wf>
         <wf lemma="jaar" pos="X">jaar</wf>
         <wf lemma="geleden" pos="X">geleden</wf>
         <instance id="d000.s134.t000" lemma="oprichten" pos="VERB">opgericht</instance>
         <wf lemma="." pos="X">.</wf>
      </sentence>
      <sentence id="d000.s135" source="wordnet-dutch">
         <wf lemma="hij" pos="X">hij</wf>
         <wf lemma="is" pos="X">is</wf>
         <wf lemma="voor" pos="X">voor</wf>
         <wf lemma="de" pos="X">de</wf>
         <wf lemma="tweede" pos="X">tweede</wf>
         <wf lemma="keer" pos="X">keer</wf>
         <wf lemma="getroffen" pos="X">getroffen</wf>
         <wf lemma="door" pos="X">door</wf>
         <wf lemma="een" pos="X">een</wf>
         <instance id="d000.s135.t000" lemma="hersenbloeding" pos="NOUN">hersenbloeding</instance>
         <wf lemma="." pos="X">.</wf>
      </sentence>
      <sentence id="d000.s136" source="wordnet-dutch">
         <wf lemma="we" pos="X">we</wf>
         <instance id="d000.s136.t000" lemma="plegen" pos="VERB">plegen</instance>
         <wf lemma="regelmatig" pos="X">regelmatig</wf>
         <wf lemma="te" pos="X">te</wf>
         <wf lemma="vergaderen" pos="X">vergaderen</wf>
         <wf lemma="." pos="X">.</wf>
      </sentence>
      <sentence id="d000.s137" source="wordnet-dutch">
         <wf lemma="na" pos="X">na</wf>
         <wf lemma="grondig" pos="X">grondig</wf>
         <wf lemma="onderzoek" pos="X">onderzoek</wf>
         <instance id="d000.s137.t000" lemma="blijken" pos="VERB">bleek</instance>
         <wf lemma="zij" pos="X">zij</wf>
         <wf lemma="volkomen" pos="X">volkomen</wf>
         <wf lemma="gezond" pos="X">gezond</wf>
         <wf lemma="te" pos="X">te</wf>
         <wf lemma="zijn" pos="X">zijn</wf>
         <wf lemma="." pos="X">.</wf>
      </sentence>
      <sentence id="d000.s138" source="wordnet-dutch">
         <wf lemma="als" pos="X">als</wf>
         <wf lemma="je" pos="X">je</wf>
         <instance id="d000.s138.t000" lemma="probleem" pos="NOUN">problemen</instance>
         <wf lemma="maakt" pos="X">maakt</wf>
         <wf lemma="bellen" pos="X">bellen</wf>
         <wf lemma="we" pos="X">we</wf>
         <wf lemma="de" pos="X">de</wf>
         <wf lemma="politie" pos="X">politie</wf>
         <wf lemma="." pos="X">.</wf>
      </sentence>
      <sentence id="d000.s139" source="wordnet-dutch">
         <wf lemma="de" pos="X">de</wf>
         <wf lemma="sporter" pos="X">sporter</wf>
         <wf lemma="krijgt" pos="X">krijgt</wf>
         <wf lemma="een" pos="X">een</wf>
         <instance id="d000.s139.t000" lemma="schorsing" pos="NOUN">schorsing</instance>
         <wf lemma="van" pos="X">van</wf>
         <wf lemma="drie" pos="X">drie</wf>
         <wf lemma="weken" pos="X">weken</wf>
         <wf lemma="." pos="X">.</wf>
      </sentence>
      <sentence id="d000.s140" source="wordnet-dutch">
         <wf lemma="hij" pos="X">hij</wf>
         <wf lemma="heeft" pos="X">heeft</wf>
         <wf lemma="een" pos="X">een</wf>
         <wf lemma="gloeiende/grondige" pos="X">gloeiende/grondige</wf>
         <instance id="d000.s140.t000" lemma="hekel" pos="NOUN">hekel</instance>
         <wf lemma="aan" pos="X">aan</wf>
         <wf lemma="spelletjesprogramma's" pos="X">spelletjesprogramma's</wf>
         <wf lemma="op" pos="X">op</wf>
         <wf lemma="tv." pos="X">tv.</wf>
      </sentence>
      <sentence id="d000.s141" source="wordnet-dutch">
         <wf lemma="pas" pos="X">pas</wf>
         <wf lemma="op" pos="X">op</wf>
         <wf lemma="," pos="X">,</wf>
         <wf lemma="de" pos="X">de</wf>
         <wf lemma="verf" pos="X">verf</wf>
         <wf lemma="moet" pos="X">moet</wf>
         <wf lemma="nog" pos="X">nog</wf>
         <instance id="d000.s141.t000" lemma="dragen" pos="VERB">drogen</instance>
         <wf lemma="." pos="X">.</wf>
      </sentence>
      <sentence id="d000.s142" source="wordnet-dutch">
         <wf lemma="dat" pos="X">dat</wf>
         <instance id="d000.s142.t000" lemma="komen" pos="VERB">komt</instance>
         <wf lemma="ervan" pos="X">ervan</wf>
         <wf lemma="als" pos="X">als</wf>
         <wf lemma="je" pos="X">je</wf>
         <wf lemma="met" pos="X">met</wf>
         <wf lemma="losse" pos="X">losse</wf>
         <wf lemma="handen" pos="X">handen</wf>
         <wf lemma="fietst" pos="X">fietst</wf>
         <wf lemma="." pos="X">.</wf>
      </sentence>
      <sentence id="d000.s143" source="wordnet-dutch">
         <wf lemma="de" pos="X">de</wf>
         <wf lemma="kampweek" pos="X">kampweek</wf>
         <wf lemma="werd" pos="X">werd</wf>
         <instance id="d000.s143.t000" lemma="afsluiten" pos="VERB">afgesloten</instance>
         <wf lemma="met" pos="X">met</wf>
         <wf lemma="een" pos="X">een</wf>
         <wf lemma="kampvuur" pos="X">kampvuur</wf>
         <wf lemma="." pos="X">.</wf>
      </sentence>
      <sentence id="d000.s144" source="wordnet-dutch">
         <wf lemma="op" pos="X">op</wf>
         <wf lemma="deze" pos="X">deze</wf>
         <wf lemma="plaats" pos="X">plaats</wf>
         <wf lemma="heeft" pos="X">heeft</wf>
         <wf lemma="Soekarno" pos="X">Soekarno</wf>
         <wf lemma="in" pos="X">in</wf>
         <wf lemma="1945" pos="X">1945</wf>
         <wf lemma="de" pos="X">de</wf>
         <wf lemma="onafhankelijkheid" pos="X">onafhankelijkheid</wf>
         <instance id="d000.s144.t000" lemma="proclameren" pos="VERB">geproclameerd</instance>
         <wf lemma="." pos="X">.</wf>
      </sentence>
      <sentence id="d000.s145" source="wordnet-dutch">
         <wf lemma="ik" pos="X">ik</wf>
         <wf lemma="zal" pos="X">zal</wf>
         <wf lemma="nog" pos="X">nog</wf>
         <wf lemma="snel" pos="X">snel</wf>
         <wf lemma="die" pos="X">die</wf>
         <wf lemma="machine" pos="X">machine</wf>
         <instance id="d000.s145.t000" lemma="stilzetten" pos="VERB">stilzetten</instance>
         <wf lemma="." pos="X">.</wf>
      </sentence>
      <sentence id="d000.s146" source="wordnet-dutch">
         <wf lemma="het" pos="X">het</wf>
         <wf lemma="dorp" pos="X">dorp</wf>
         <wf lemma="lag" pos="X">lag</wf>
         <wf lemma="precies" pos="X">precies</wf>
         <wf lemma="op" pos="X">op</wf>
         <wf lemma="de" pos="X">de</wf>
         <instance id="d000.s146.t000" lemma="frontlijn" pos="NOUN">frontlijn</instance>
         <wf lemma="." pos="X">.</wf>
      </sentence>
      <sentence id="d000.s147" source="wordnet-dutch">
         <wf lemma="ik" pos="X">ik</wf>
         <wf lemma="zoek" pos="X">zoek</wf>
         <wf lemma="al" pos="X">al</wf>
         <wf lemma="dagen" pos="X">dagen</wf>
         <wf lemma="naar" pos="X">naar</wf>
         <wf lemma="dat" pos="X">dat</wf>
         <wf lemma="rapport" pos="X">rapport</wf>
         <wf lemma="," pos="X">,</wf>
         <wf lemma="maar" pos="X">maar</wf>
         <wf lemma="het" pos="X">het</wf>
         <wf lemma="is" pos="X">is</wf>
         <wf lemma="nergens" pos="X">nergens</wf>
         <wf lemma="te" pos="X">te</wf>
         <instance id="d000.s147.t000" lemma="vinden" pos="VERB">vinden</instance>
         <wf lemma="." pos="X">.</wf>
      </sentence>
      <sentence id="d000.s148" source="wordnet-dutch">
         <wf lemma="De" pos="X">De</wf>
         <wf lemma="wet" pos="X">wet</wf>
         <instance id="d000.s148.t000" lemma="kennen" pos="VERB">kent</instance>
         <wf lemma="de" pos="X">de</wf>
         <wf lemma="doodstraf" pos="X">doodstraf</wf>
         <wf lemma="." pos="X">.</wf>
      </sentence>
      <sentence id="d000.s149" source="wordnet-dutch">
         <wf lemma="het" pos="X">het</wf>
         <wf lemma="hotel" pos="X">hotel</wf>
         <wf lemma="kan" pos="X">kan</wf>
         <wf lemma="40" pos="X">40</wf>
         <instance id="d000.s149.t000" lemma="gast" pos="NOUN">gasten</instance>
         <wf lemma="herbergen" pos="X">herbergen</wf>
         <wf lemma="." pos="X">.</wf>
      </sentence>
      <sentence id="d000.s150" source="wordnet-dutch">
         <wf lemma="ditzelfde" pos="X">ditzelfde</wf>
         <instance id="d000.s150.t000" lemma="patroon" pos="NOUN">patroon</instance>
         <wf lemma="tekent" pos="X">tekent</wf>
         <wf lemma="zich" pos="X">zich</wf>
         <wf lemma="in" pos="X">in</wf>
         <wf lemma="andere" pos="X">andere</wf>
         <wf lemma="landen" pos="X">landen</wf>
         <wf lemma="af" pos="X">af</wf>
         <wf lemma="." pos="X">.</wf>
      </sentence>
      <sentence id="d000.s151" source="wordnet-dutch">
         <wf lemma="Terwijl" pos="X">Terwijl</wf>
         <wf lemma="de" pos="X">de</wf>
         <wf lemma="drie" pos="X">drie</wf>
         <wf lemma="olympisch" pos="X">olympisch</wf>
         <wf lemma="kampioenen" pos="X">kampioenen</wf>
         <wf lemma="wel" pos="X">wel</wf>
         <wf lemma="akkoord" pos="X">akkoord</wf>
         <wf lemma="gingen" pos="X">gingen</wf>
         <wf lemma="met" pos="X">met</wf>
         <wf lemma="de" pos="X">de</wf>
         <wf lemma="voorwaarden" pos="X">voorwaarden</wf>
         <wf lemma="," pos="X">,</wf>
         <wf lemma="bleef" pos="X">bleef</wf>
         <wf lemma="het" pos="X">het</wf>
         <instance id="d000.s151.t000" lemma="trio" pos="NOUN">trio</instance>
         <wf lemma="ontevreden" pos="X">ontevreden</wf>
         <wf lemma="." pos="X">.</wf>
      </sentence>
      <sentence id="d000.s152" source="wordnet-dutch">
         <wf lemma="bij" pos="X">bij</wf>
         <wf lemma="de" pos="X">de</wf>
         <wf lemma="brand" pos="X">brand</wf>
         <wf lemma="zijn" pos="X">zijn</wf>
         <wf lemma="twee" pos="X">twee</wf>
         <wf lemma="kinderen" pos="X">kinderen</wf>
         <wf lemma="door" pos="X">door</wf>
         <wf lemma="de" pos="X">de</wf>
         <wf lemma="rook" pos="X">rook</wf>
         <instance id="d000.s152.t000" lemma="stikken" pos="VERB">gestikt</instance>
         <wf lemma="." pos="X">.</wf>
      </sentence>
      <sentence id="d000.s153" source="wordnet-dutch">
         <wf lemma="bij" pos="X">bij</wf>
         <wf lemma="de" pos="X">de</wf>
         <wf lemma="aanrijding" pos="X">aanrijding</wf>
         <wf lemma="op" pos="X">op</wf>
         <wf lemma="de" pos="X">de</wf>
         <instance id="d000.s153.t000" lemma="overweg" pos="NOUN">overweg</instance>
         <wf lemma="is" pos="X">is</wf>
         <wf lemma="een" pos="X">een</wf>
         <wf lemma="dode" pos="X">dode</wf>
         <wf lemma="gevallen" pos="X">gevallen</wf>
         <wf lemma="." pos="X">.</wf>
      </sentence>
      <sentence id="d000.s154" source="wordnet-dutch">
         <wf lemma="men" pos="X">men</wf>
         <wf lemma="hoopt" pos="X">hoopt</wf>
         <wf lemma="met" pos="X">met</wf>
         <wf lemma="deze" pos="X">deze</wf>
         <wf lemma="maatregel" pos="X">maatregel</wf>
         <wf lemma="de" pos="X">de</wf>
         <wf lemma="misbruiken" pos="X">misbruiken</wf>
         <wf lemma="efficiënter" pos="X">efficiënter</wf>
         <wf lemma="te" pos="X">te</wf>
         <wf lemma="kunnen" pos="X">kunnen</wf>
         <instance id="d000.s154.t000" lemma="tegengaan" pos="VERB">tegengaan</instance>
         <wf lemma="." pos="X">.</wf>
      </sentence>
      <sentence id="d000.s155" source="wordnet-dutch">
         <wf lemma="ze" pos="X">ze</wf>
         <wf lemma="hield" pos="X">hield</wf>
         <wf lemma="het" pos="X">het</wf>
         <wf lemma="geld" pos="X">geld</wf>
         <wf lemma="in" pos="X">in</wf>
         <wf lemma="de" pos="X">de</wf>
         <instance id="d000.s155.t000" lemma="palm" pos="NOUN">palm</instance>
         <wf lemma="van" pos="X">van</wf>
         <wf lemma="haar" pos="X">haar</wf>
         <wf lemma="hand" pos="X">hand</wf>
         <wf lemma="." pos="X">.</wf>
      </sentence>
      <sentence id="d000.s156" source="wordnet-dutch">
         <wf lemma="de" pos="X">de</wf>
         <instance id="d000.s156.t000" lemma="vacature" pos="NOUN">vacature</instance>
         <wf lemma="is" pos="X">is</wf>
         <wf lemma="afgelopen" pos="X">afgelopen</wf>
         <wf lemma="zomer" pos="X">zomer</wf>
         <wf lemma="ontstaan" pos="X">ontstaan</wf>
         <wf lemma="door" pos="X">door</wf>
         <wf lemma="het" pos="X">het</wf>
         <wf lemma="overlijden" pos="X">overlijden</wf>
         <wf lemma="van" pos="X">van</wf>
         <wf lemma="de" pos="X">de</wf>
         <wf lemma="toenmalige" pos="X">toenmalige</wf>
         <wf lemma="watergraaf" pos="X">watergraaf</wf>
         <wf lemma="." pos="X">.</wf>
      </sentence>
      <sentence id="d000.s157" source="wordnet-dutch">
         <wf lemma="het" pos="X">het</wf>
         <wf lemma="bedrag" pos="X">bedrag</wf>
         <wf lemma="dat" pos="X">dat</wf>
         <wf lemma="ze" pos="X">ze</wf>
         <instance id="d000.s157.t000" lemma="uitsparen" pos="VERB">uitsparen</instance>
         <wf lemma="door" pos="X">door</wf>
         <wf lemma="met" pos="X">met</wf>
         <wf lemma="mensen" pos="X">mensen</wf>
         <wf lemma="te" pos="X">te</wf>
         <wf lemma="werken" pos="X">werken</wf>
         <wf lemma="die" pos="X">die</wf>
         <wf lemma="ze" pos="X">ze</wf>
         <wf lemma="zelf" pos="X">zelf</wf>
         <wf lemma="hebben" pos="X">hebben</wf>
         <wf lemma="opgeleid" pos="X">opgeleid</wf>
         <wf lemma="," pos="X">,</wf>
         <wf lemma="investeren" pos="X">investeren</wf>
         <wf lemma="ze" pos="X">ze</wf>
         <wf lemma="in" pos="X">in</wf>
         <wf lemma="de" pos="X">de</wf>
         <wf lemma="opleiding" pos="X">opleiding</wf>
         <wf lemma="van" pos="X">van</wf>
         <wf lemma="jongeren" pos="X">jongeren</wf>
         <wf lemma="." pos="X">.</wf>
      </sentence>
      <sentence id="d000.s158" source="wordnet-dutch">
         <wf lemma="de" pos="X">de</wf>
         <wf lemma="paus" pos="X">paus</wf>
         <instance id="d000.s158.t000" lemma="groeten" pos="VERB">groette</instance>
         <wf lemma="vanaf" pos="X">vanaf</wf>
         <wf lemma="het" pos="X">het</wf>
         <wf lemma="balkon" pos="X">balkon</wf>
         <wf lemma="het" pos="X">het</wf>
         <wf lemma="talrijk" pos="X">talrijk</wf>
         <wf lemma="opgekomen" pos="X">opgekomen</wf>
         <wf lemma="volk" pos="X">volk</wf>
         <wf lemma="." pos="X">.</wf>
      </sentence>
      <sentence id="d000.s159" source="wordnet-dutch">
         <wf lemma="Een" pos="X">Een</wf>
         <instance id="d000.s159.t000" lemma="artikel" pos="NOUN">artikel</instance>
         <wf lemma="toevoegen" pos="X">toevoegen</wf>
         <wf lemma="aan" pos="X">aan</wf>
         <wf lemma="het" pos="X">het</wf>
         <wf lemma="woordenboek" pos="X">woordenboek</wf>
         <wf lemma="." pos="X">.</wf>
      </sentence>
      <sentence id="d000.s160" source="wordnet-dutch">
         <wf lemma="de" pos="X">de</wf>
         <wf lemma="zolder" pos="X">zolder</wf>
         <instance id="d000.s160.t000" lemma="rusten" pos="VERB">rustte</instance>
         <wf lemma="op" pos="X">op</wf>
         <wf lemma="dikke" pos="X">dikke</wf>
         <wf lemma="houten" pos="X">houten</wf>
         <wf lemma="balken" pos="X">balken</wf>
         <wf lemma="." pos="X">.</wf>
      </sentence>
      <sentence id="d000.s161" source="wordnet-dutch">
         <instance id="d000.s161.t000" lemma="ketting" pos="NOUN">kettingen</instance>
         <wf lemma="van" pos="X">van</wf>
         <wf lemma="perels" pos="X">perels</wf>
         <wf lemma="." pos="X">.</wf>
      </sentence>
      <sentence id="d000.s162" source="wordnet-dutch">
         <wf lemma="er" pos="X">er</wf>
         <wf lemma="bestaat" pos="X">bestaat</wf>
         <wf lemma="grote" pos="X">grote</wf>
         <instance id="d000.s162.t000" lemma="verwarring" pos="NOUN">verwarring</instance>
         <wf lemma="over" pos="X">over</wf>
         <wf lemma="het" pos="X">het</wf>
         <wf lemma="aantal" pos="X">aantal</wf>
         <wf lemma="gewonden" pos="X">gewonden</wf>
         <wf lemma="." pos="X">.</wf>
      </sentence>
      <sentence id="d000.s163" source="wordnet-dutch">
         <wf lemma="een" pos="X">een</wf>
         <wf lemma="landschapsschilderij" pos="X">landschapsschilderij</wf>
         <wf lemma="met" pos="X">met</wf>
         <wf lemma="Haarlem" pos="X">Haarlem</wf>
         <wf lemma="op" pos="X">op</wf>
         <wf lemma="de" pos="X">de</wf>
         <instance id="d000.s163.t000" lemma="achtergrond" pos="NOUN">achtergrond</instance>
         <wf lemma="." pos="X">.</wf>
      </sentence>
      <sentence id="d000.s164" source="wordnet-dutch">
         <wf lemma="er" pos="X">er</wf>
         <instance id="d000.s164.t000" lemma="sluimeren" pos="VERB">sluimert</instance>
         <wf lemma="een" pos="X">een</wf>
         <wf lemma="groot" pos="X">groot</wf>
         <wf lemma="talent" pos="X">talent</wf>
         <wf lemma="in" pos="X">in</wf>
         <wf lemma="dat" pos="X">dat</wf>
         <wf lemma="meisje" pos="X">meisje</wf>
         <wf lemma="." pos="X">.</wf>
      </sentence>
      <sentence id="d000.s165" source="wordnet-dutch">
         <wf lemma="bij" pos="X">bij</wf>
         <wf lemma="de" pos="X">de</wf>
         <wf lemma="afwas" pos="X">afwas</wf>
         <wf lemma="weet" pos="X">weet</wf>
         <wf lemma="zij" pos="X">zij</wf>
         <wf lemma="zich" pos="X">zich</wf>
         <wf lemma="altijd" pos="X">altijd</wf>
         <wf lemma="te" pos="X">te</wf>
         <instance id="d000.s165.t000" lemma="drukken" pos="VERB">drukken</instance>
         <wf lemma="." pos="X">.</wf>
      </sentence>
      <sentence id="d000.s166" source="wordnet-dutch">
         <wf lemma="ik" pos="X">ik</wf>
         <wf lemma="denk" pos="X">denk</wf>
         <wf lemma="niet" pos="X">niet</wf>
         <wf lemma="dat" pos="X">dat</wf>
         <wf lemma="hij" pos="X">hij</wf>
         <wf lemma="ooit" pos="X">ooit</wf>
         <wf lemma="nog" pos="X">nog</wf>
         <wf lemma="een" pos="X">een</wf>
         <wf lemma="vrouw" pos="X">vrouw</wf>
         <instance id="d000.s166.t000" lemma="krijgen" pos="VERB">krijgt</instance>
         <wf lemma="." pos="X">.</wf>
      </sentence>
      <sentence id="d000.s167" source="wordnet-dutch">
         <wf lemma="Het" pos="X">Het</wf>
         <wf lemma="is" pos="X">is</wf>
         <instance id="d000.s167.t000" lemma="tijd" pos="NOUN">tijd</instance>
         <wf lemma="om" pos="X">om</wf>
         <wf lemma="op" pos="X">op</wf>
         <wf lemma="te" pos="X">te</wf>
         <wf lemma="staan" pos="X">staan</wf>
         <wf lemma="." pos="X">.</wf>
      </sentence>
      <sentence id="d000.s168" source="wordnet-dutch">
         <wf lemma="nog" pos="X">nog</wf>
         <wf lemma="voor" pos="X">voor</wf>
         <wf lemma="de" pos="X">de</wf>
         <wf lemma="oorlog" pos="X">oorlog</wf>
         <instance id="d000.s168.t000" lemma="uitbreken" pos="VERB">uitbrak</instance>
         <wf lemma="," pos="X">,</wf>
         <wf lemma="vluchtte" pos="X">vluchtte</wf>
         <wf lemma="hij" pos="X">hij</wf>
         <wf lemma="naar" pos="X">naar</wf>
         <wf lemma="Zwitserland" pos="X">Zwitserland</wf>
         <wf lemma="." pos="X">.</wf>
      </sentence>
      <sentence id="d000.s169" source="wordnet-dutch">
         <wf lemma="de" pos="X">de</wf>
         <wf lemma="gesprekken" pos="X">gesprekken</wf>
         <wf lemma="worden" pos="X">worden</wf>
         <wf lemma="opgenomen" pos="X">opgenomen</wf>
         <wf lemma="met" pos="X">met</wf>
         <wf lemma="een" pos="X">een</wf>
         <instance id="d000.s169.t000" lemma="cassetterecorder" pos="NOUN">cassetterecorder</instance>
         <wf lemma="." pos="X">.</wf>
      </sentence>
      <sentence id="d000.s170" source="wordnet-dutch">
         <wf lemma="Je" pos="X">Je</wf>
         <wf lemma="handen" pos="X">handen</wf>
         <wf lemma="worden" pos="X">worden</wf>
         <wf lemma="vies" pos="X">vies</wf>
         <wf lemma="van" pos="X">van</wf>
         <wf lemma="het" pos="X">het</wf>
         <instance id="d000.s170.t000" lemma="vet" pos="NOUN">vet</instance>
         <wf lemma="in" pos="X">in</wf>
         <wf lemma="de" pos="X">de</wf>
         <wf lemma="schapenvellen" pos="X">schapenvellen</wf>
         <wf lemma="." pos="X">.</wf>
      </sentence>
      <sentence id="d000.s171" source="wordnet-dutch">
         <wf lemma="hout" pos="X">hout</wf>
         <wf lemma="blijft" pos="X">blijft</wf>
         <instance id="d000.s171.t000" lemma="drijven" pos="VERB">drijven</instance>
         <wf lemma="in" pos="X">in</wf>
         <wf lemma="de" pos="X">de</wf>
         <wf lemma="zee" pos="X">zee</wf>
         <wf lemma="." pos="X">.</wf>
      </sentence>
      <sentence id="d000.s172" source="wordnet-dutch">
         <wf lemma="deze" pos="X">deze</wf>
         <wf lemma="vereniging" pos="X">vereniging</wf>
         <instance id="d000.s172.t000" lemma="bestaan" pos="VERB">bestaat</instance>
         <wf lemma="al" pos="X">al</wf>
         <wf lemma="meer" pos="X">meer</wf>
         <wf lemma="dan" pos="X">dan</wf>
         <wf lemma="honderd" pos="X">honderd</wf>
         <wf lemma="jaar" pos="X">jaar</wf>
         <wf lemma="." pos="X">.</wf>
      </sentence>
      <sentence id="d000.s173" source="wordnet-dutch">
         <instance id="d000.s173.t000" lemma="blijven" pos="VERB">blijf</instance>
         <wf lemma="je" pos="X">je</wf>
         <wf lemma="eten" pos="X">eten</wf>
         <wf lemma="of" pos="X">of</wf>
         <wf lemma="ga" pos="X">ga</wf>
         <wf lemma="je" pos="X">je</wf>
         <wf lemma="naar" pos="X">naar</wf>
         <wf lemma="huis" pos="X">huis</wf>
         <wf lemma="?" pos="X">?</wf>
      </sentence>
      <sentence id="d000.s174" source="wordnet-dutch">
         <wf lemma="die" pos="X">die</wf>
         <wf lemma="lijnen" pos="X">lijnen</wf>
         <wf lemma="snijden" pos="X">snijden</wf>
         <wf lemma="elkaar" pos="X">elkaar</wf>
         <wf lemma="onder" pos="X">onder</wf>
         <wf lemma="een" pos="X">een</wf>
         <instance id="d000.s174.t000" lemma="hoek" pos="NOUN">hoek</instance>
         <wf lemma="van" pos="X">van</wf>
         <wf lemma="45" pos="X">45</wf>
         <wf lemma="graden" pos="X">graden</wf>
         <wf lemma="." pos="X">.</wf>
      </sentence>
      <sentence id="d000.s175" source="wordnet-dutch">
         <wf lemma="het" pos="X">het</wf>
         <wf lemma="nieuwe" pos="X">nieuwe</wf>
         <wf lemma="gebouw" pos="X">gebouw</wf>
         <wf lemma="werd" pos="X">werd</wf>
         <wf lemma="met" pos="X">met</wf>
         <wf lemma="veel" pos="X">veel</wf>
         <wf lemma="luister" pos="X">luister</wf>
         <wf lemma="in" pos="X">in</wf>
         <instance id="d000.s175.t000" lemma="gebruik" pos="NOUN">gebruik</instance>
         <wf lemma="genomen" pos="X">genomen</wf>
         <wf lemma="." pos="X">.</wf>
      </sentence>
      <sentence id="d000.s176" source="wordnet-dutch">
         <wf lemma="dat" pos="X">dat</wf>
         <wf lemma="bloesje" pos="X">bloesje</wf>
         <instance id="d000.s176.t000" lemma="vloeken" pos="VERB">vloekt</instance>
         <wf lemma="met" pos="X">met</wf>
         <wf lemma="je" pos="X">je</wf>
         <wf lemma="sokken" pos="X">sokken</wf>
         <wf lemma="." pos="X">.</wf>
      </sentence>
      <sentence id="d000.s177" source="wordnet-dutch">
         <wf lemma="de" pos="X">de</wf>
         <wf lemma="directeur" pos="X">directeur</wf>
         <wf lemma="schonk" pos="X">schonk</wf>
         <wf lemma="de" pos="X">de</wf>
         <wf lemma="nieuwe" pos="X">nieuwe</wf>
         <wf lemma="werknemer" pos="X">werknemer</wf>
         <wf lemma="zijn" pos="X">zijn</wf>
         <instance id="d000.s177.t000" lemma="vertrouwen" pos="NOUN">vertrouwen</instance>
         <wf lemma="." pos="X">.</wf>
      </sentence>
      <sentence id="d000.s178" source="wordnet-dutch">
         <wf lemma="bezwarende" pos="X">bezwarende</wf>
         <instance id="d000.s178.t000" lemma="omstandigheid" pos="NOUN">omstandigheden</instance>
         <wf lemma="zoals" pos="X">zoals</wf>
         <wf lemma="fysieke" pos="X">fysieke</wf>
         <wf lemma="belasting" pos="X">belasting</wf>
         <wf lemma="door" pos="X">door</wf>
         <wf lemma="het" pos="X">het</wf>
         <wf lemma="tillen" pos="X">tillen</wf>
         <wf lemma="van" pos="X">van</wf>
         <wf lemma="kinderen" pos="X">kinderen</wf>
         <wf lemma="." pos="X">.</wf>
      </sentence>
      <sentence id="d000.s179" source="wordnet-dutch">
         <wf lemma="vandaag" pos="X">vandaag</wf>
         <wf lemma="onweerde" pos="X">onweerde</wf>
         <wf lemma="het" pos="X">het</wf>
         <wf lemma="in" pos="X">in</wf>
         <wf lemma="Frankrijk" pos="X">Frankrijk</wf>
         <wf lemma="en" pos="X">en</wf>
         <wf lemma="de" pos="X">de</wf>
         <wf lemma="kans" pos="X">kans</wf>
         <wf lemma="is" pos="X">is</wf>
         <wf lemma="groot" pos="X">groot</wf>
         <wf lemma="dat" pos="X">dat</wf>
         <wf lemma="het" pos="X">het</wf>
         <wf lemma="morgen" pos="X">morgen</wf>
         <wf lemma="ook" pos="X">ook</wf>
         <wf lemma="boven" pos="X">boven</wf>
         <wf lemma="Nederland" pos="X">Nederland</wf>
         <instance id="d000.s179.t000" lemma="rommelen" pos="VERB">rommelt</instance>
         <wf lemma="." pos="X">.</wf>
      </sentence>
      <sentence id="d000.s180" source="wordnet-dutch">
         <wf lemma="beide" pos="X">beide</wf>
         <wf lemma="landen" pos="X">landen</wf>
         <instance id="d000.s180.t000" lemma="twisten" pos="VERB">twisten</instance>
         <wf lemma="al" pos="X">al</wf>
         <wf lemma="jaren" pos="X">jaren</wf>
         <wf lemma="om" pos="X">om</wf>
         <wf lemma="dat" pos="X">dat</wf>
         <wf lemma="gebied" pos="X">gebied</wf>
         <wf lemma="." pos="X">.</wf>
      </sentence>
      <sentence id="d000.s181" source="wordnet-dutch">
         <wf lemma="dat" pos="X">dat</wf>
         <wf lemma="was" pos="X">was</wf>
         <wf lemma="een" pos="X">een</wf>
         <wf lemma="radicale" pos="X">radicale</wf>
         <instance id="d000.s181.t000" lemma="breuk" pos="NOUN">breuk</instance>
         <wf lemma="met" pos="X">met</wf>
         <wf lemma="het" pos="X">het</wf>
         <wf lemma="gangbare" pos="X">gangbare</wf>
         <wf lemma="denken" pos="X">denken</wf>
         <wf lemma="." pos="X">.</wf>
      </sentence>
      <sentence id="d000.s182" source="wordnet-dutch">
         <wf lemma="de" pos="X">de</wf>
         <wf lemma="soort" pos="X">soort</wf>
         <wf lemma="moet" pos="X">moet</wf>
         <instance id="d000.s182.t000" lemma="aangroeien" pos="VERB">aangroeien</instance>
         <wf lemma="tot" pos="X">tot</wf>
         <wf lemma="zeker" pos="X">zeker</wf>
         <wf lemma="zo'n" pos="X">zo'n</wf>
         <wf lemma="4000" pos="X">4000</wf>
         <wf lemma="exemplaren" pos="X">exemplaren</wf>
         <wf lemma="." pos="X">.</wf>
      </sentence>
      <sentence id="d000.s183" source="wordnet-dutch">
         <wf lemma="kort" pos="X">kort</wf>
         <instance id="d000.s183.t000" lemma="samenvatten" pos="VERB">samengevat</instance>
         <wf lemma="komt" pos="X">komt</wf>
         <wf lemma="het" pos="X">het</wf>
         <wf lemma="hierop" pos="X">hierop</wf>
         <wf lemma="neer" pos="X">neer</wf>
         <wf lemma=":" pos="X">:</wf>
         <wf lemma="." pos="X">.</wf>
         <wf lemma="." pos="X">.</wf>
         <wf lemma="." pos="X">.</wf>
      </sentence>
      <sentence id="d000.s184" source="wordnet-dutch">
         <wf lemma="wij" pos="X">wij</wf>
         <wf lemma="pleiten" pos="X">pleiten</wf>
         <wf lemma="voor" pos="X">voor</wf>
         <wf lemma="een" pos="X">een</wf>
         <wf lemma="drastische" pos="X">drastische</wf>
         <instance id="d000.s184.t000" lemma="afname" pos="NOUN">afname</instance>
         <wf lemma="van" pos="X">van</wf>
         <wf lemma="lozingen" pos="X">lozingen</wf>
         <wf lemma="van" pos="X">van</wf>
         <wf lemma="chemische" pos="X">chemische</wf>
         <wf lemma="stoffen" pos="X">stoffen</wf>
         <wf lemma="." pos="X">.</wf>
      </sentence>
      <sentence id="d000.s185" source="wordnet-dutch">
         <wf lemma="er" pos="X">er</wf>
         <wf lemma="werden" pos="X">werden</wf>
         <wf lemma="vliegtuigen" pos="X">vliegtuigen</wf>
         <wf lemma="ingezet" pos="X">ingezet</wf>
         <wf lemma="in" pos="X">in</wf>
         <wf lemma="de" pos="X">de</wf>
         <wf lemma="poging" pos="X">poging</wf>
         <wf lemma="de" pos="X">de</wf>
         <wf lemma="brand" pos="X">brand</wf>
         <wf lemma="te" pos="X">te</wf>
         <instance id="d000.s185.t000" lemma="bedwingen" pos="VERB">bedwingen</instance>
         <wf lemma="." pos="X">.</wf>
      </sentence>
      <sentence id="d000.s186" source="wordnet-dutch">
         <wf lemma="met" pos="X">met</wf>
         <wf lemma="traplopen" pos="X">traplopen</wf>
         <wf lemma="trachtte" pos="X">trachtte</wf>
         <wf lemma="hij" pos="X">hij</wf>
         <wf lemma="zijn" pos="X">zijn</wf>
         <wf lemma="conditie" pos="X">conditie</wf>
         <wf lemma="op" pos="X">op</wf>
         <instance id="d000.s186.t000" lemma="peil" pos="NOUN">peil</instance>
         <wf lemma="te" pos="X">te</wf>
         <wf lemma="houden" pos="X">houden</wf>
         <wf lemma="." pos="X">.</wf>
      </sentence>
      <sentence id="d000.s187" source="wordnet-dutch">
         <wf lemma="de" pos="X">de</wf>
         <wf lemma="spoorbaan" pos="X">spoorbaan</wf>
         <instance id="d000.s187.t000" lemma="kruisen" pos="VERB">kruist</instance>
         <wf lemma="hier" pos="X">hier</wf>
         <wf lemma="de" pos="X">de</wf>
         <wf lemma="straatweg" pos="X">straatweg</wf>
         <wf lemma="." pos="X">.</wf>
      </sentence>
      <sentence id="d000.s188" source="wordnet-dutch">
         <wf lemma="De" pos="X">De</wf>
         <instance id="d000.s188.t000" lemma="spruit" pos="NOUN">spruit</instance>
         <wf lemma="schiet" pos="X">schiet</wf>
         <wf lemma="van" pos="X">van</wf>
         <wf lemma="de" pos="X">de</wf>
         <wf lemma="gieter" pos="X">gieter</wf>
         <wf lemma="en" pos="X">en</wf>
         <wf lemma="het" pos="X">het</wf>
         <wf lemma="water" pos="X">water</wf>
         <wf lemma="klotst" pos="X">klotst</wf>
         <wf lemma="eruit" pos="X">eruit</wf>
         <wf lemma="." pos="X">.</wf>
      </sentence>
      <sentence id="d000.s189" source="wordnet-dutch">
         <wf lemma="de" pos="X">de</wf>
         <wf lemma="plannen" pos="X">plannen</wf>
         <wf lemma="zullen" pos="X">zullen</wf>
         <wf lemma="aan" pos="X">aan</wf>
         <wf lemma="een" pos="X">een</wf>
         <wf lemma="streng" pos="X">streng</wf>
         <instance id="d000.s189.t000" lemma="toezicht" pos="NOUN">toezicht</instance>
         <wf lemma="onderworpen" pos="X">onderworpen</wf>
         <wf lemma="worden" pos="X">worden</wf>
         <wf lemma="." pos="X">.</wf>
      </sentence>
      <sentence id="d000.s190" source="wordnet-dutch">
         <wf lemma="De" pos="X">De</wf>
         <wf lemma="priester" pos="X">priester</wf>
         <wf lemma="wees" pos="X">wees</wf>
         <wf lemma="de" pos="X">de</wf>
         <wf lemma="gelovigen" pos="X">gelovigen</wf>
         <wf lemma="erop" pos="X">erop</wf>
         <wf lemma="dat" pos="X">dat</wf>
         <wf lemma="zij" pos="X">zij</wf>
         <wf lemma="met" pos="X">met</wf>
         <wf lemma="al" pos="X">al</wf>
         <wf lemma="hun" pos="X">hun</wf>
         <wf lemma="zonden" pos="X">zonden</wf>
         <wf lemma="niet" pos="X">niet</wf>
         <wf lemma="in" pos="X">in</wf>
         <wf lemma="het" pos="X">het</wf>
         <instance id="d000.s190.t000" lemma="paradijs" pos="NOUN">paradijs</instance>
         <wf lemma="zouden" pos="X">zouden</wf>
         <wf lemma="komen" pos="X">komen</wf>
         <wf lemma="." pos="X">.</wf>
      </sentence>
      <sentence id="d000.s191" source="wordnet-dutch">
         <wf lemma="hij" pos="X">hij</wf>
         <wf lemma="staat" pos="X">staat</wf>
         <wf lemma="onder" pos="X">onder</wf>
         <instance id="d000.s191.t000" lemma="verdenking" pos="NOUN">verdenking</instance>
         <wf lemma="van" pos="X">van</wf>
         <wf lemma="omkoping" pos="X">omkoping</wf>
         <wf lemma="." pos="X">.</wf>
      </sentence>
      <sentence id="d000.s192" source="wordnet-dutch">
         <wf lemma="ook" pos="X">ook</wf>
         <wf lemma="de" pos="X">de</wf>
         <wf lemma="bevoegde" pos="X">bevoegde</wf>
         <wf lemma="minister" pos="X">minister</wf>
         <wf lemma="heeft" pos="X">heeft</wf>
         <wf lemma="(" pos="X">(</wf>
         <wf lemma="ons" pos="X">ons</wf>
         <wf lemma=")" pos="X">)</wf>
         <wf lemma="zijn" pos="X">zijn</wf>
         <wf lemma="steun" pos="X">steun</wf>
         <instance id="d000.s192.t000" lemma="toezeggen" pos="VERB">toegezegd</instance>
         <wf lemma="." pos="X">.</wf>
      </sentence>
      <sentence id="d000.s193" source="wordnet-dutch">
         <wf lemma="hij" pos="X">hij</wf>
         <wf lemma="ging" pos="X">ging</wf>
         <wf lemma="even" pos="X">even</wf>
         <wf lemma="de" pos="X">de</wf>
         <instance id="d000.s193.t000" lemma="been" pos="NOUN">benen</instance>
         <wf lemma="strekken" pos="X">strekken</wf>
         <wf lemma="." pos="X">.</wf>
      </sentence>
      <sentence id="d000.s194" source="wordnet-dutch">
         <wf lemma="ik" pos="X">ik</wf>
         <wf lemma="heb" pos="X">heb</wf>
         <wf lemma="geen" pos="X">geen</wf>
         <instance id="d000.s194.t000" lemma="trek" pos="NOUN">trek</instance>
         <wf lemma="in" pos="X">in</wf>
         <wf lemma="vlees" pos="X">vlees</wf>
         <wf lemma="vandaag" pos="X">vandaag</wf>
         <wf lemma="." pos="X">.</wf>
      </sentence>
      <sentence id="d000.s195" source="wordnet-dutch">
         <wf lemma="door" pos="X">door</wf>
         <wf lemma="onvoorzichtig" pos="X">onvoorzichtig</wf>
         <wf lemma="te" pos="X">te</wf>
         <instance id="d000.s195.t000" lemma="weven" pos="VERB">weven</instance>
         <wf lemma="heeft" pos="X">heeft</wf>
         <wf lemma="de" pos="X">de</wf>
         <wf lemma="auto" pos="X">auto</wf>
         <wf lemma="de" pos="X">de</wf>
         <wf lemma="vrachtwagen" pos="X">vrachtwagen</wf>
         <wf lemma="geraakt" pos="X">geraakt</wf>
         <wf lemma="." pos="X">.</wf>
      </sentence>
      <sentence id="d000.s196" source="wordnet-dutch">
         <wf lemma="de" pos="X">de</wf>
         <wf lemma="wethouder" pos="X">wethouder</wf>
         <wf lemma="hield" pos="X">hield</wf>
         <wf lemma="een" pos="X">een</wf>
         <wf lemma="uitstekend" pos="X">uitstekend</wf>
         <instance id="d000.s196.t000" lemma="verhaal" pos="NOUN">verhaal</instance>
         <wf lemma="over" pos="X">over</wf>
         <wf lemma="de" pos="X">de</wf>
         <wf lemma="drugsproblematiek" pos="X">drugsproblematiek</wf>
         <wf lemma="." pos="X">.</wf>
      </sentence>
      <sentence id="d000.s197" source="wordnet-dutch">
         <wf lemma="we" pos="X">we</wf>
         <wf lemma="zien" pos="X">zien</wf>
         <wf lemma="elkaar" pos="X">elkaar</wf>
         <wf lemma="morgen" pos="X">morgen</wf>
         <wf lemma="bij" pos="X">bij</wf>
         <wf lemma="het" pos="X">het</wf>
         <instance id="d000.s197.t000" lemma="ontmoetingspunt" pos="NOUN">ontmoetingspunt</instance>
         <wf lemma="in" pos="X">in</wf>
         <wf lemma="de" pos="X">de</wf>
         <wf lemma="vertrekhal" pos="X">vertrekhal</wf>
         <wf lemma="." pos="X">.</wf>
      </sentence>
      <sentence id="d000.s198" source="wordnet-dutch">
         <wf lemma="Kom" pos="X">Kom</wf>
         <wf lemma="je" pos="X">je</wf>
         <wf lemma="alleen" pos="X">alleen</wf>
         <wf lemma="of" pos="X">of</wf>
         <wf lemma="neem" pos="X">neem</wf>
         <wf lemma="je" pos="X">je</wf>
         <wf lemma="ook" pos="X">ook</wf>
         <wf lemma="je" pos="X">je</wf>
         <instance id="d000.s198.t000" lemma="meisje" pos="NOUN">meisje</instance>
         <wf lemma="mee" pos="X">mee</wf>
         <wf lemma="?" pos="X">?</wf>
      </sentence>
      <sentence id="d000.s199" source="wordnet-dutch">
         <wf lemma="er" pos="X">er</wf>
         <instance id="d000.s199.t000" lemma="ontwikkelen" pos="VERB">ontwikkelde</instance>
         <wf lemma="zich" pos="X">zich</wf>
         <wf lemma="een" pos="X">een</wf>
         <wf lemma="felle" pos="X">felle</wf>
         <wf lemma="rook" pos="X">rook</wf>
         <wf lemma="." pos="X">.</wf>
      </sentence>
      <sentence id="d000.s200" source="wordnet-dutch">
         <wf lemma="De" pos="X">De</wf>
         <instance id="d000.s200.t000" lemma="schoft" pos="NOUN">schoft</instance>
         <wf lemma="wordt" pos="X">wordt</wf>
         <wf lemma="wel" pos="X">wel</wf>
         <wf lemma="erg" pos="X">erg</wf>
         <wf lemma="kort" pos="X">kort</wf>
         <wf lemma="als" pos="X">als</wf>
         <wf lemma="de" pos="X">de</wf>
         <wf lemma="medewerkers" pos="X">medewerkers</wf>
         <wf lemma="steeds" pos="X">steeds</wf>
         <wf lemma="buiten" pos="X">buiten</wf>
         <wf lemma="een" pos="X">een</wf>
         <wf lemma="sigaret" pos="X">sigaret</wf>
         <wf lemma="moeten" pos="X">moeten</wf>
         <wf lemma="roken" pos="X">roken</wf>
         <wf lemma="." pos="X">.</wf>
      </sentence>
      <sentence id="d000.s201" source="wordnet-dutch">
         <wf lemma="hij" pos="X">hij</wf>
         <wf lemma="was" pos="X">was</wf>
         <wf lemma="de" pos="X">de</wf>
         <instance id="d000.s201.t000" lemma="sleutelfiguur" pos="NOUN">sleutelfiguur</instance>
         <wf lemma="in" pos="X">in</wf>
         <wf lemma="de" pos="X">de</wf>
         <wf lemma="reeks" pos="X">reeks</wf>
         <wf lemma="aanslagen" pos="X">aanslagen</wf>
         <wf lemma="." pos="X">.</wf>
      </sentence>
      <sentence id="d000.s202" source="wordnet-dutch">
         <wf lemma="de" pos="X">de</wf>
         <instance id="d000.s202.t000" lemma="aanslag" pos="NOUN">aanslag</instance>
         <wf lemma="was" pos="X">was</wf>
         <wf lemma="beraamd" pos="X">beraamd</wf>
         <wf lemma="door" pos="X">door</wf>
         <wf lemma="de" pos="X">de</wf>
         <wf lemma="geheime" pos="X">geheime</wf>
         <wf lemma="dienst" pos="X">dienst</wf>
         <wf lemma="." pos="X">.</wf>
      </sentence>
      <sentence id="d000.s203" source="wordnet-dutch">
         <wf lemma="het" pos="X">het</wf>
         <wf lemma="lange" pos="X">lange</wf>
         <wf lemma="gras" pos="X">gras</wf>
         <instance id="d000.s203.t000" lemma="wuiven" pos="VERB">wuift</instance>
         <wf lemma="in" pos="X">in</wf>
         <wf lemma="de" pos="X">de</wf>
         <wf lemma="wind" pos="X">wind</wf>
         <wf lemma="." pos="X">.</wf>
      </sentence>
      <sentence id="d000.s204" source="wordnet-dutch">
         <wf lemma="In" pos="X">In</wf>
         <wf lemma="het" pos="X">het</wf>
         <wf lemma="tweede" pos="X">tweede</wf>
         <instance id="d000.s204.t000" lemma="boek" pos="NOUN">boek</instance>
         <wf lemma="wordt" pos="X">wordt</wf>
         <wf lemma="het" pos="X">het</wf>
         <wf lemma="allemaal" pos="X">allemaal</wf>
         <wf lemma="uitgelegd" pos="X">uitgelegd</wf>
         <wf lemma="." pos="X">.</wf>
      </sentence>
      <sentence id="d000.s205" source="wordnet-dutch">
         <instance id="d000.s205.t000" lemma="cohesie" pos="NOUN">cohesie</instance>
         <wf lemma="vertonen" pos="X">vertonen</wf>
         <wf lemma="." pos="X">.</wf>
      </sentence>
      <sentence id="d000.s206" source="wordnet-dutch">
         <wf lemma="ik" pos="X">ik</wf>
         <wf lemma="zal" pos="X">zal</wf>
         <wf lemma="alvast" pos="X">alvast</wf>
         <wf lemma="een" pos="X">een</wf>
         <wf lemma="route" pos="X">route</wf>
         <wf lemma="voor" pos="X">voor</wf>
         <wf lemma="die" pos="X">die</wf>
         <wf lemma="fietstocht" pos="X">fietstocht</wf>
         <instance id="d000.s206.t000" lemma="uitstippelen" pos="VERB">uitstippelen</instance>
         <wf lemma="." pos="X">.</wf>
      </sentence>
      <sentence id="d000.s207" source="wordnet-dutch">
         <wf lemma="er" pos="X">er</wf>
         <wf lemma="waren" pos="X">waren</wf>
         <wf lemma="wat" pos="X">wat</wf>
         <instance id="d000.s207.t000" lemma="strubbeling" pos="NOUN">strubbelingen</instance>
         <wf lemma="," pos="X">,</wf>
         <wf lemma="maar" pos="X">maar</wf>
         <wf lemma="nu" pos="X">nu</wf>
         <wf lemma="is" pos="X">is</wf>
         <wf lemma="er" pos="X">er</wf>
         <wf lemma="geen" pos="X">geen</wf>
         <wf lemma="ruzie" pos="X">ruzie</wf>
         <wf lemma="meer" pos="X">meer</wf>
         <wf lemma="." pos="X">.</wf>
      </sentence>
      <sentence id="d000.s208" source="wordnet-dutch">
         <wf lemma="de" pos="X">de</wf>
         <wf lemma="tulpen" pos="X">tulpen</wf>
         <wf lemma="waren" pos="X">waren</wf>
         <wf lemma="nu" pos="X">nu</wf>
         <instance id="d000.s208.t000" lemma="knakken" pos="VERB">geknakt</instance>
         <wf lemma="en" pos="X">en</wf>
         <wf lemma="zouden" pos="X">zouden</wf>
         <wf lemma="snel" pos="X">snel</wf>
         <wf lemma="verwelken" pos="X">verwelken</wf>
         <wf lemma="." pos="X">.</wf>
      </sentence>
      <sentence id="d000.s209" source="wordnet-dutch">
         <wf lemma="dat" pos="X">dat</wf>
         <wf lemma="kunt" pos="X">kunt</wf>
         <wf lemma="u" pos="X">u</wf>
         <wf lemma="vinden" pos="X">vinden</wf>
         <wf lemma="bij" pos="X">bij</wf>
         <wf lemma="de" pos="X">de</wf>
         <wf lemma="afdeling" pos="X">afdeling</wf>
         <wf lemma="huishoudelijke" pos="X">huishoudelijke</wf>
         <instance id="d000.s209.t000" lemma="artikel" pos="NOUN">artikelen</instance>
         <wf lemma="." pos="X">.</wf>
      </sentence>
      <sentence id="d000.s210" source="wordnet-dutch">
         <wf lemma="al" pos="X">al</wf>
         <wf lemma="enige" pos="X">enige</wf>
         <wf lemma="jaren" pos="X">jaren</wf>
         <wf lemma="vormen" pos="X">vormen</wf>
         <wf lemma="wij" pos="X">wij</wf>
         <wf lemma="een" pos="X">een</wf>
         <instance id="d000.s210.t000" lemma="belangengroep" pos="NOUN">belangengroep</instance>
         <wf lemma="." pos="X">.</wf>
      </sentence>
      <sentence id="d000.s211" source="wordnet-dutch">
         <wf lemma="het" pos="X">het</wf>
         <wf lemma="is" pos="X">is</wf>
         <wf lemma="niet" pos="X">niet</wf>
         <wf lemma="uit" pos="X">uit</wf>
         <instance id="d000.s211.t000" lemma="onwil" pos="NOUN">onwil</instance>
         <wf lemma="maar" pos="X">maar</wf>
         <wf lemma="uit" pos="X">uit</wf>
         <wf lemma="echte" pos="X">echte</wf>
         <wf lemma="twijfel" pos="X">twijfel</wf>
         <wf lemma="." pos="X">.</wf>
      </sentence>
      <sentence id="d000.s212" source="wordnet-dutch">
         <wf lemma="vrije" pos="X">vrije</wf>
         <wf lemma="verkiezingen" pos="X">verkiezingen</wf>
         <wf lemma="zijn" pos="X">zijn</wf>
         <wf lemma="niet" pos="X">niet</wf>
         <wf lemma="altijd" pos="X">altijd</wf>
         <wf lemma="een" pos="X">een</wf>
         <instance id="d000.s212.t000" lemma="waarborg" pos="NOUN">waarborg</instance>
         <wf lemma="voor" pos="X">voor</wf>
         <wf lemma="democratie" pos="X">democratie</wf>
         <wf lemma="." pos="X">.</wf>
      </sentence>
      <sentence id="d000.s213" source="wordnet-dutch">
         <wf lemma="de" pos="X">de</wf>
         <wf lemma="overheid" pos="X">overheid</wf>
         <wf lemma="verkoopt" pos="X">verkoopt</wf>
         <wf lemma="de" pos="X">de</wf>
         <wf lemma="failliete" pos="X">failliete</wf>
         <wf lemma="boedel" pos="X">boedel</wf>
         <wf lemma="voor" pos="X">voor</wf>
         <wf lemma="een" pos="X">een</wf>
         <wf lemma="symbolische" pos="X">symbolische</wf>
         <instance id="d000.s213.t000" lemma="frank" pos="NOUN">frank</instance>
         <wf lemma="." pos="X">.</wf>
      </sentence>
      <sentence id="d000.s214" source="wordnet-dutch">
         <wf lemma="In" pos="X">In</wf>
         <wf lemma="het" pos="X">het</wf>
         <instance id="d000.s214.t000" lemma="slakkenhuis" pos="NOUN">slakkenhuis</instance>
         <wf lemma="is" pos="X">is</wf>
         <wf lemma="een" pos="X">een</wf>
         <wf lemma="waaier" pos="X">waaier</wf>
         <wf lemma="gemonteerd" pos="X">gemonteerd</wf>
         <wf lemma="." pos="X">.</wf>
      </sentence>
      <sentence id="d000.s215" source="wordnet-dutch">
         <wf lemma="zij" pos="X">zij</wf>
         <instance id="d000.s215.t000" lemma="drijven" pos="VERB">dreef</instance>
         <wf lemma="op" pos="X">op</wf>
         <wf lemma="haar" pos="X">haar</wf>
         <wf lemma="rug" pos="X">rug</wf>
         <wf lemma="in" pos="X">in</wf>
         <wf lemma="zee" pos="X">zee</wf>
         <wf lemma="." pos="X">.</wf>
      </sentence>
      <sentence id="d000.s216" source="wordnet-dutch">
         <wf lemma="de" pos="X">de</wf>
         <wf lemma="gewezen" pos="X">gewezen</wf>
         <wf lemma="wereldreiziger" pos="X">wereldreiziger</wf>
         <wf lemma="werd" pos="X">werd</wf>
         <wf lemma="als" pos="X">als</wf>
         <wf lemma="burgemeester" pos="X">burgemeester</wf>
         <instance id="d000.s216.t000" lemma="aanstellen" pos="VERB">aangesteld</instance>
         <wf lemma="." pos="X">.</wf>
      </sentence>
      <sentence id="d000.s217" source="wordnet-dutch">
         <wf lemma="meting" pos="X">meting</wf>
         <wf lemma="van" pos="X">van</wf>
         <wf lemma="het" pos="X">het</wf>
         <wf lemma="potentiaalverschil" pos="X">potentiaalverschil</wf>
         <wf lemma="door" pos="X">door</wf>
         <wf lemma="de" pos="X">de</wf>
         <instance id="d000.s217.t000" lemma="sonde" pos="NOUN">sonde</instance>
         <wf lemma="." pos="X">.</wf>
      </sentence>
      <sentence id="d000.s218" source="wordnet-dutch">
         <wf lemma="vader" pos="X">vader</wf>
         <wf lemma="Drees" pos="X">Drees</wf>
         <wf lemma="heeft" pos="X">heeft</wf>
         <wf lemma="de" pos="X">de</wf>
         <instance id="d000.s218.t000" lemma="fundament" pos="NOUN">fundamenten</instance>
         <wf lemma="van" pos="X">van</wf>
         <wf lemma="de" pos="X">de</wf>
         <wf lemma="verzorgingsstaat" pos="X">verzorgingsstaat</wf>
         <wf lemma="gelegd" pos="X">gelegd</wf>
         <wf lemma="." pos="X">.</wf>
      </sentence>
      <sentence id="d000.s219" source="wordnet-dutch">
         <wf lemma="het" pos="X">het</wf>
         <wf lemma="kabinet" pos="X">kabinet</wf>
         <instance id="d000.s219.t000" lemma="achten" pos="VERB">acht</instance>
         <wf lemma="dat" pos="X">dat</wf>
         <wf lemma="niet" pos="X">niet</wf>
         <wf lemma="zinvol" pos="X">zinvol</wf>
         <wf lemma="." pos="X">.</wf>
      </sentence>
      <sentence id="d000.s220" source="wordnet-dutch">
         <wf lemma="door" pos="X">door</wf>
         <wf lemma="veel" pos="X">veel</wf>
         <wf lemma="te" pos="X">te</wf>
         <wf lemma="kwistig" pos="X">kwistig</wf>
         <wf lemma="met" pos="X">met</wf>
         <wf lemma="zout" pos="X">zout</wf>
         <wf lemma="te" pos="X">te</wf>
         <wf lemma="zijn" pos="X">zijn</wf>
         <wf lemma="heeft" pos="X">heeft</wf>
         <wf lemma="hij" pos="X">hij</wf>
         <wf lemma="het" pos="X">het</wf>
         <wf lemma="eten" pos="X">eten</wf>
         <instance id="d000.s220.t000" lemma="bederven" pos="VERB">bedorven</instance>
         <wf lemma="." pos="X">.</wf>
      </sentence>
      <sentence id="d000.s221" source="wordnet-dutch">
         <wf lemma="je" pos="X">je</wf>
         <wf lemma="kon" pos="X">kon</wf>
         <wf lemma="die" pos="X">die</wf>
         <wf lemma="renner" pos="X">renner</wf>
         <wf lemma="nog" pos="X">nog</wf>
         <wf lemma="net" pos="X">net</wf>
         <wf lemma="door" pos="X">door</wf>
         <wf lemma="het" pos="X">het</wf>
         <wf lemma="beeld" pos="X">beeld</wf>
         <wf lemma="zien" pos="X">zien</wf>
         <instance id="d000.s221.t000" lemma="flitsen" pos="VERB">flitsen</instance>
         <wf lemma="." pos="X">.</wf>
      </sentence>
      <sentence id="d000.s222" source="wordnet-dutch">
         <wf lemma="die" pos="X">die</wf>
         <wf lemma="schilder" pos="X">schilder</wf>
         <wf lemma="heeft" pos="X">heeft</wf>
         <wf lemma="al" pos="X">al</wf>
         <wf lemma="heel" pos="X">heel</wf>
         <wf lemma="wat" pos="X">wat</wf>
         <wf lemma="landschappen" pos="X">landschappen</wf>
         <instance id="d000.s222.t000" lemma="afbeelden" pos="VERB">afgebeeld</instance>
         <wf lemma="." pos="X">.</wf>
      </sentence>
      <sentence id="d000.s223" source="wordnet-dutch">
         <wf lemma="na" pos="X">na</wf>
         <wf lemma="de" pos="X">de</wf>
         <wf lemma="woede-uitbarsting" pos="X">woede-uitbarsting</wf>
         <instance id="d000.s223.t000" lemma="hervinden" pos="VERB">hervond</instance>
         <wf lemma="hij" pos="X">hij</wf>
         <wf lemma="zich" pos="X">zich</wf>
         <wf lemma="." pos="X">.</wf>
      </sentence>
      <sentence id="d000.s224" source="wordnet-dutch">
         <wf lemma="Zoetemelk" pos="X">Zoetemelk</wf>
         <wf lemma="was" pos="X">was</wf>
         <wf lemma="soms" pos="X">soms</wf>
         <wf lemma="ook" pos="X">ook</wf>
         <wf lemma="de" pos="X">de</wf>
         <wf lemma="snelste" pos="X">snelste</wf>
         <instance id="d000.s224.t000" lemma="klimmer" pos="NOUN">klimmer</instance>
         <wf lemma="in" pos="X">in</wf>
         <wf lemma="het" pos="X">het</wf>
         <wf lemma="klassement" pos="X">klassement</wf>
         <wf lemma="." pos="X">.</wf>
      </sentence>
      <sentence id="d000.s225" source="wordnet-dutch">
         <wf lemma="het" pos="X">het</wf>
         <wf lemma="schip" pos="X">schip</wf>
         <instance id="d000.s225.t000" lemma="bonken" pos="VERB">bonkte</instance>
         <wf lemma="een" pos="X">een</wf>
         <wf lemma="paar" pos="X">paar</wf>
         <wf lemma="maal" pos="X">maal</wf>
         <wf lemma="op" pos="X">op</wf>
         <wf lemma="de" pos="X">de</wf>
         <wf lemma="bodem" pos="X">bodem</wf>
         <wf lemma="en" pos="X">en</wf>
         <wf lemma="liep" pos="X">liep</wf>
         <wf lemma="toen" pos="X">toen</wf>
         <wf lemma="vast" pos="X">vast</wf>
         <wf lemma="." pos="X">.</wf>
      </sentence>
      <sentence id="d000.s226" source="wordnet-dutch">
         <wf lemma="kunt" pos="X">kunt</wf>
         <wf lemma="u" pos="X">u</wf>
         <wf lemma="mij" pos="X">mij</wf>
         <instance id="d000.s226.t000" lemma="prijsopgave" pos="NOUN">prijsopgave</instance>
         <wf lemma="doen" pos="X">doen</wf>
         <wf lemma="." pos="X">.</wf>
      </sentence>
      <sentence id="d000.s227" source="wordnet-dutch">
         <wf lemma="het" pos="X">het</wf>
         <wf lemma="begrotingstekort" pos="X">begrotingstekort</wf>
         <wf lemma="moet" pos="X">moet</wf>
         <instance id="d000.s227.t000" lemma="terugdringen" pos="VERB">teruggedrongen</instance>
         <wf lemma="worden" pos="X">worden</wf>
         <wf lemma="tot" pos="X">tot</wf>
         <wf lemma="3" pos="X">3</wf>
         <wf lemma="procent" pos="X">procent</wf>
         <wf lemma="van" pos="X">van</wf>
         <wf lemma="het" pos="X">het</wf>
         <wf lemma="BNP" pos="X">BNP</wf>
         <wf lemma="." pos="X">.</wf>
      </sentence>
      <sentence id="d000.s228" source="wordnet-dutch">
         <wf lemma="uit" pos="X">uit</wf>
         <wf lemma="het" pos="X">het</wf>
         <wf lemma="jaarverslag" pos="X">jaarverslag</wf>
         <wf lemma="viel" pos="X">viel</wf>
         <wf lemma="op" pos="X">op</wf>
         <wf lemma="te" pos="X">te</wf>
         <wf lemma="maken" pos="X">maken</wf>
         <wf lemma="dat" pos="X">dat</wf>
         <wf lemma="de" pos="X">de</wf>
         <wf lemma="vereniging" pos="X">vereniging</wf>
         <wf lemma="weer" pos="X">weer</wf>
         <wf lemma="heel" pos="X">heel</wf>
         <wf lemma="wat" pos="X">wat</wf>
         <wf lemma="activiteiten" pos="X">activiteiten</wf>
         <wf lemma="heeft" pos="X">heeft</wf>
         <instance id="d000.s228.t000" lemma="ontplooien" pos="VERB">ontplooid</instance>
         <wf lemma="." pos="X">.</wf>
      </sentence>
      <sentence id="d000.s229" source="wordnet-dutch">
         <wf lemma="de" pos="X">de</wf>
         <wf lemma="scherpe" pos="X">scherpe</wf>
         <instance id="d000.s229.t000" lemma="lijn" pos="NOUN">lijnen</instance>
         <wf lemma="om" pos="X">om</wf>
         <wf lemma="de" pos="X">de</wf>
         <wf lemma="neus" pos="X">neus</wf>
         <wf lemma="." pos="X">.</wf>
      </sentence>
      <sentence id="d000.s230" source="wordnet-dutch">
         <wf lemma="in" pos="X">in</wf>
         <instance id="d000.s230.t000" lemma="reparatie" pos="NOUN">reparatie</instance>
         <wf lemma="zijn/geven" pos="X">zijn/geven</wf>
         <wf lemma="." pos="X">.</wf>
      </sentence>
      <sentence id="d000.s231" source="wordnet-dutch">
         <wf lemma="nu" pos="X">nu</wf>
         <wf lemma="ben" pos="X">ben</wf>
         <wf lemma="ik" pos="X">ik</wf>
         <wf lemma="alweer" pos="X">alweer</wf>
         <instance id="d000.s231.t000" lemma="vergeten" pos="VERB">vergeten</instance>
         <wf lemma="om" pos="X">om</wf>
         <wf lemma="hem" pos="X">hem</wf>
         <wf lemma="een" pos="X">een</wf>
         <wf lemma="goede" pos="X">goede</wf>
         <wf lemma="reis" pos="X">reis</wf>
         <wf lemma="te" pos="X">te</wf>
         <wf lemma="wensen" pos="X">wensen</wf>
         <wf lemma="." pos="X">.</wf>
      </sentence>
      <sentence id="d000.s232" source="wordnet-dutch">
         <wf lemma="voor" pos="X">voor</wf>
         <wf lemma="de" pos="X">de</wf>
         <wf lemma="andere" pos="X">andere</wf>
         <wf lemma="oefeningen" pos="X">oefeningen</wf>
         <wf lemma="is" pos="X">is</wf>
         <wf lemma="geen" pos="X">geen</wf>
         <wf lemma="enkele" pos="X">enkele</wf>
         <wf lemma="speciale" pos="X">speciale</wf>
         <instance id="d000.s232.t000" lemma="vaardigheid" pos="NOUN">vaardigheid</instance>
         <wf lemma="vereist" pos="X">vereist</wf>
         <wf lemma="." pos="X">.</wf>
      </sentence>
      <sentence id="d000.s233" source="wordnet-dutch">
         <wf lemma="dat" pos="X">dat</wf>
         <wf lemma="is" pos="X">is</wf>
         <wf lemma="in" pos="X">in</wf>
         <instance id="d000.s233.t000" lemma="tegenspraak" pos="NOUN">tegenspraak</instance>
         <wf lemma="met" pos="X">met</wf>
         <wf lemma="wat" pos="X">wat</wf>
         <wf lemma="je" pos="X">je</wf>
         <wf lemma="gisteren" pos="X">gisteren</wf>
         <wf lemma="zei" pos="X">zei</wf>
         <wf lemma="." pos="X">.</wf>
      </sentence>
      <sentence id="d000.s234" source="wordnet-dutch">
         <wf lemma="In" pos="X">In</wf>
         <wf lemma="de" pos="X">de</wf>
         <wf lemma="derde" pos="X">derde</wf>
         <instance id="d000.s234.t000" lemma="klas" pos="NOUN">klas</instance>
         <wf lemma="van" pos="X">van</wf>
         <wf lemma="het" pos="X">het</wf>
         <wf lemma="VWO" pos="X">VWO</wf>
         <wf lemma="moet" pos="X">moet</wf>
         <wf lemma="je" pos="X">je</wf>
         <wf lemma="een" pos="X">een</wf>
         <wf lemma="profiel" pos="X">profiel</wf>
         <wf lemma="kiezen" pos="X">kiezen</wf>
         <wf lemma="." pos="X">.</wf>
      </sentence>
      <sentence id="d000.s235" source="wordnet-dutch">
         <wf lemma="men" pos="X">men</wf>
         <instance id="d000.s235.t000" lemma="behoren" pos="VERB">behoort</instance>
         <wf lemma="fatsoenlijk" pos="X">fatsoenlijk</wf>
         <wf lemma="gekleed" pos="X">gekleed</wf>
         <wf lemma="te" pos="X">te</wf>
         <wf lemma="gaan" pos="X">gaan</wf>
         <wf lemma="." pos="X">.</wf>
      </sentence>
      <sentence id="d000.s236" source="wordnet-dutch">
         <wf lemma="De" pos="X">De</wf>
         <wf lemma="politie" pos="X">politie</wf>
         <wf lemma="looft" pos="X">looft</wf>
         <wf lemma="een" pos="X">een</wf>
         <instance id="d000.s236.t000" lemma="premie" pos="NOUN">premie</instance>
         <wf lemma="uit" pos="X">uit</wf>
         <wf lemma="voor" pos="X">voor</wf>
         <wf lemma="tips" pos="X">tips</wf>
         <wf lemma="die" pos="X">die</wf>
         <wf lemma="leiden" pos="X">leiden</wf>
         <wf lemma="tot" pos="X">tot</wf>
         <wf lemma="het" pos="X">het</wf>
         <wf lemma="vinden" pos="X">vinden</wf>
         <wf lemma="van" pos="X">van</wf>
         <wf lemma="de" pos="X">de</wf>
         <wf lemma="dader" pos="X">dader</wf>
         <wf lemma="." pos="X">.</wf>
      </sentence>
      <sentence id="d000.s237" source="wordnet-dutch">
         <wf lemma="de" pos="X">de</wf>
         <wf lemma="verzekeringsmaatschappij" pos="X">verzekeringsmaatschappij</wf>
         <wf lemma="handelde" pos="X">handelde</wf>
         <wf lemma="de" pos="X">de</wf>
         <instance id="d000.s237.t000" lemma="claim" pos="NOUN">claim</instance>
         <wf lemma="correct" pos="X">correct</wf>
         <wf lemma="af" pos="X">af</wf>
         <wf lemma="." pos="X">.</wf>
      </sentence>
      <sentence id="d000.s238" source="wordnet-dutch">
         <wf lemma="zij" pos="X">zij</wf>
         <wf lemma="bewoont" pos="X">bewoont</wf>
         <wf lemma="een" pos="X">een</wf>
         <instance id="d000.s238.t000" lemma="etage" pos="NOUN">etage</instance>
         <wf lemma="op" pos="X">op</wf>
         <wf lemma="de" pos="X">de</wf>
         <wf lemma="Bloemgracht" pos="X">Bloemgracht</wf>
         <wf lemma="." pos="X">.</wf>
      </sentence>
      <sentence id="d000.s239" source="wordnet-dutch">
         <wf lemma="drie" pos="X">drie</wf>
         <wf lemma="maanden" pos="X">maanden</wf>
         <wf lemma="later" pos="X">later</wf>
         <instance id="d000.s239.t000" lemma="revancheren" pos="VERB">revancheerde</instance>
         <wf lemma="hij" pos="X">hij</wf>
         <wf lemma="zich" pos="X">zich</wf>
         <wf lemma="echter" pos="X">echter</wf>
         <wf lemma="op" pos="X">op</wf>
         <wf lemma="zijn" pos="X">zijn</wf>
         <wf lemma="tegenstander" pos="X">tegenstander</wf>
         <wf lemma="." pos="X">.</wf>
      </sentence>
      <sentence id="d000.s240" source="wordnet-dutch">
         <wf lemma="ze" pos="X">ze</wf>
         <wf lemma="deed" pos="X">deed</wf>
         <wf lemma="dat" pos="X">dat</wf>
         <wf lemma="uit" pos="X">uit</wf>
         <instance id="d000.s240.t000" lemma="haat" pos="NOUN">haat</instance>
         <wf lemma="." pos="X">.</wf>
      </sentence>
      <sentence id="d000.s241" source="wordnet-dutch">
         <wf lemma="zulke" pos="X">zulke</wf>
         <wf lemma="gewoonten" pos="X">gewoonten</wf>
         <wf lemma="moet" pos="X">moet</wf>
         <wf lemma="je" pos="X">je</wf>
         <instance id="d000.s241.t000" lemma="afleren" pos="VERB">afleren</instance>
         <wf lemma="." pos="X">.</wf>
      </sentence>
      <sentence id="d000.s242" source="wordnet-dutch">
         <wf lemma="nog" pos="X">nog</wf>
         <wf lemma="een" pos="X">een</wf>
         <wf lemma="klein" pos="X">klein</wf>
         <instance id="d000.s242.t000" lemma="avontuur" pos="NOUN">avontuurtje</instance>
         <wf lemma="en" pos="X">en</wf>
         <wf lemma="het" pos="X">het</wf>
         <wf lemma="lukt" pos="X">lukt</wf>
         <wf lemma="toch" pos="X">toch</wf>
         <wf lemma="nog" pos="X">nog</wf>
         <wf lemma="allemaal" pos="X">allemaal</wf>
         <wf lemma="." pos="X">.</wf>
      </sentence>
      <sentence id="d000.s243" source="wordnet-dutch">
         <wf lemma="hij" pos="X">hij</wf>
         <wf lemma="haatte" pos="X">haatte</wf>
         <wf lemma="zijn" pos="X">zijn</wf>
         <wf lemma="rivaal" pos="X">rivaal</wf>
         <wf lemma="met" pos="X">met</wf>
         <wf lemma="een" pos="X">een</wf>
         <wf lemma="blinde" pos="X">blinde</wf>
         <instance id="d000.s243.t000" lemma="haat" pos="NOUN">haat</instance>
         <wf lemma="." pos="X">.</wf>
      </sentence>
      <sentence id="d000.s244" source="wordnet-dutch">
         <wf lemma="de" pos="X">de</wf>
         <instance id="d000.s244.t000" lemma="hoofdlijn" pos="NOUN">hoofdlijn</instance>
         <wf lemma="van" pos="X">van</wf>
         <wf lemma="haar" pos="X">haar</wf>
         <wf lemma="betoog" pos="X">betoog</wf>
         <wf lemma="was" pos="X">was</wf>
         <wf lemma="niet" pos="X">niet</wf>
         <wf lemma="zo" pos="X">zo</wf>
         <wf lemma="makkelijk" pos="X">makkelijk</wf>
         <wf lemma="te" pos="X">te</wf>
         <wf lemma="volgen" pos="X">volgen</wf>
         <wf lemma="." pos="X">.</wf>
      </sentence>
      <sentence id="d000.s245" source="wordnet-dutch">
         <wf lemma="zijn" pos="X">zijn</wf>
         <wf lemma="voorstellen" pos="X">voorstellen</wf>
         <wf lemma="vonden" pos="X">vonden</wf>
         <wf lemma="grote" pos="X">grote</wf>
         <instance id="d000.s245.t000" lemma="weerklank" pos="NOUN">weerklank</instance>
         <wf lemma="." pos="X">.</wf>
      </sentence>
      <sentence id="d000.s246" source="wordnet-dutch">
         <wf lemma="hij" pos="X">hij</wf>
         <wf lemma="is" pos="X">is</wf>
         <wf lemma="lekker" pos="X">lekker</wf>
         <wf lemma="aan" pos="X">aan</wf>
         <wf lemma="de" pos="X">de</wf>
         <instance id="d000.s246.t000" lemma="gang" pos="NOUN">gang</instance>
         <wf lemma="." pos="X">.</wf>
      </sentence>
      <sentence id="d000.s247" source="wordnet-dutch">
         <wf lemma="badend" pos="X">badend</wf>
         <wf lemma="in" pos="X">in</wf>
         <wf lemma="een" pos="X">een</wf>
         <instance id="d000.s247.t000" lemma="plas" pos="NOUN">plas</instance>
         <wf lemma="bloed" pos="X">bloed</wf>
         <wf lemma="werd" pos="X">werd</wf>
         <wf lemma="het" pos="X">het</wf>
         <wf lemma="slachtoffer" pos="X">slachtoffer</wf>
         <wf lemma="aangetroffen" pos="X">aangetroffen</wf>
         <wf lemma="." pos="X">.</wf>
      </sentence>
      <sentence id="d000.s248" source="wordnet-dutch">
         <wf lemma="we" pos="X">we</wf>
         <wf lemma="zijn" pos="X">zijn</wf>
         <wf lemma="in" pos="X">in</wf>
         <wf lemma="de" pos="X">de</wf>
         <wf lemma="jaren" pos="X">jaren</wf>
         <wf lemma="zestig" pos="X">zestig</wf>
         <instance id="d000.s248.t000" lemma="overschakelen" pos="VERB">overgeschakeld</instance>
         <wf lemma="op" pos="X">op</wf>
         <wf lemma="aardgas" pos="X">aardgas</wf>
         <wf lemma="." pos="X">.</wf>
      </sentence>
      <sentence id="d000.s249" source="wordnet-dutch">
         <wf lemma="de" pos="X">de</wf>
         <wf lemma="jongens" pos="X">jongens</wf>
         <instance id="d000.s249.t000" lemma="hameren" pos="VERB">hamerden</instance>
         <wf lemma="driftig" pos="X">driftig</wf>
         <wf lemma="aan" pos="X">aan</wf>
         <wf lemma="een" pos="X">een</wf>
         <wf lemma="boomhut" pos="X">boomhut</wf>
         <wf lemma="." pos="X">.</wf>
      </sentence>
      <sentence id="d000.s250" source="wordnet-dutch">
         <wf lemma="nieuwe" pos="X">nieuwe</wf>
         <instance id="d000.s250.t000" lemma="golfterrein" pos="NOUN">golfterreinen</instance>
         <wf lemma="worden" pos="X">worden</wf>
         <wf lemma="vaak" pos="X">vaak</wf>
         <wf lemma="aangelegd" pos="X">aangelegd</wf>
         <wf lemma="op" pos="X">op</wf>
         <wf lemma="oude" pos="X">oude</wf>
         <wf lemma="vuilnisbelten" pos="X">vuilnisbelten</wf>
         <wf lemma="." pos="X">.</wf>
      </sentence>
      <sentence id="d000.s251" source="wordnet-dutch">
         <wf lemma="er" pos="X">er</wf>
         <wf lemma="loopt" pos="X">loopt</wf>
         <wf lemma="altijd" pos="X">altijd</wf>
         <wf lemma="wel" pos="X">wel</wf>
         <wf lemma="een" pos="X">een</wf>
         <wf lemma="soldaat" pos="X">soldaat</wf>
         <wf lemma="uit" pos="X">uit</wf>
         <wf lemma="de" pos="X">de</wf>
         <instance id="d000.s251.t000" lemma="pas" pos="NOUN">pas</instance>
         <wf lemma="." pos="X">.</wf>
      </sentence>
      <sentence id="d000.s252" source="wordnet-dutch">
         <wf lemma="wegens" pos="X">wegens</wf>
         <wf lemma="geldgebrek" pos="X">geldgebrek</wf>
         <wf lemma="moest" pos="X">moest</wf>
         <wf lemma="zij" pos="X">zij</wf>
         <wf lemma="haar" pos="X">haar</wf>
         <wf lemma="studie" pos="X">studie</wf>
         <instance id="d000.s252.t000" lemma="afbreken" pos="VERB">afbreken</instance>
         <wf lemma="." pos="X">.</wf>
      </sentence>
      <sentence id="d000.s253" source="wordnet-dutch">
         <wf lemma="het" pos="X">het</wf>
         <wf lemma="nieuwe" pos="X">nieuwe</wf>
         <wf lemma="station" pos="X">station</wf>
         <wf lemma="bestaat" pos="X">bestaat</wf>
         <wf lemma="nog" pos="X">nog</wf>
         <wf lemma="slechts" pos="X">slechts</wf>
         <wf lemma="in" pos="X">in</wf>
         <instance id="d000.s253.t000" lemma="concept" pos="NOUN">concept</instance>
         <wf lemma="." pos="X">.</wf>
      </sentence>
      <sentence id="d000.s254" source="wordnet-dutch">
         <wf lemma="zonder" pos="X">zonder</wf>
         <wf lemma="vitrage" pos="X">vitrage</wf>
         <wf lemma="heb" pos="X">heb</wf>
         <wf lemma="ik" pos="X">ik</wf>
         <instance id="d000.s254.t000" lemma="inkijk" pos="NOUN">inkijk</instance>
         <wf lemma="van" pos="X">van</wf>
         <wf lemma="straat" pos="X">straat</wf>
         <wf lemma="." pos="X">.</wf>
      </sentence>
      <sentence id="d000.s255" source="wordnet-dutch">
         <wf lemma="Zelfs" pos="X">Zelfs</wf>
         <wf lemma="ons" pos="X">ons</wf>
         <wf lemma="goedkope" pos="X">goedkope</wf>
         <wf lemma="assortiment" pos="X">assortiment</wf>
         <wf lemma="heeft" pos="X">heeft</wf>
         <wf lemma="een" pos="X">een</wf>
         <wf lemma="goede" pos="X">goede</wf>
         <instance id="d000.s255.t000" lemma="kwaliteit" pos="NOUN">kwaliteit</instance>
         <wf lemma="." pos="X">.</wf>
      </sentence>
      <sentence id="d000.s256" source="wordnet-dutch">
         <wf lemma="bij" pos="X">bij</wf>
         <wf lemma="het" pos="X">het</wf>
         <wf lemma="horen" pos="X">horen</wf>
         <wf lemma="van" pos="X">van</wf>
         <wf lemma="hun" pos="X">hun</wf>
         <wf lemma="verhaal" pos="X">verhaal</wf>
         <wf lemma="," pos="X">,</wf>
         <wf lemma="vertrok" pos="X">vertrok</wf>
         <wf lemma="hij" pos="X">hij</wf>
         <wf lemma="geen" pos="X">geen</wf>
         <wf lemma="spier" pos="X">spier</wf>
         <wf lemma="van" pos="X">van</wf>
         <wf lemma="zijn" pos="X">zijn</wf>
         <instance id="d000.s256.t000" lemma="gezicht" pos="NOUN">gezicht</instance>
         <wf lemma="." pos="X">.</wf>
      </sentence>
      <sentence id="d000.s257" source="wordnet-dutch">
         <wf lemma="Een" pos="X">Een</wf>
         <wf lemma="welbekende" pos="X">welbekende</wf>
         <instance id="d000.s257.t000" lemma="illusie" pos="NOUN">illusie</instance>
         <wf lemma="show" pos="X">show</wf>
         <wf lemma="is" pos="X">is</wf>
         <wf lemma="natuurlijk" pos="X">natuurlijk</wf>
         <wf lemma="het" pos="X">het</wf>
         <wf lemma="doorzagen" pos="X">doorzagen</wf>
         <wf lemma="van" pos="X">van</wf>
         <wf lemma="een" pos="X">een</wf>
         <wf lemma="mens" pos="X">mens</wf>
         <wf lemma="of" pos="X">of</wf>
         <wf lemma="het" pos="X">het</wf>
         <wf lemma="zwaard" pos="X">zwaard</wf>
         <wf lemma="steken" pos="X">steken</wf>
         <wf lemma="." pos="X">.</wf>
      </sentence>
      <sentence id="d000.s258" source="wordnet-dutch">
         <wf lemma="deur" pos="X">deur</wf>
         <wf lemma="dicht" pos="X">dicht</wf>
         <wf lemma="," pos="X">,</wf>
         <wf lemma="ik" pos="X">ik</wf>
         <wf lemma="zit" pos="X">zit</wf>
         <wf lemma="in" pos="X">in</wf>
         <instance id="d000.s258.t000" lemma="bad" pos="NOUN">bad</instance>
         <wf lemma="!" pos="X">!</wf>
      </sentence>
      <sentence id="d000.s259" source="wordnet-dutch">
         <wf lemma="op" pos="X">op</wf>
         <wf lemma="een" pos="X">een</wf>
         <instance id="d000.s259.t000" lemma="horen" pos="NOUN">horen</instance>
         <wf lemma="blazen" pos="X">blazen</wf>
         <wf lemma="." pos="X">.</wf>
      </sentence>
      <sentence id="d000.s260" source="wordnet-dutch">
         <wf lemma="je" pos="X">je</wf>
         <wf lemma="moet" pos="X">moet</wf>
         <wf lemma="eerst" pos="X">eerst</wf>
         <wf lemma="nog" pos="X">nog</wf>
         <wf lemma="eens" pos="X">eens</wf>
         <wf lemma="flink" pos="X">flink</wf>
         <wf lemma="de" pos="X">de</wf>
         <wf lemma="kaarten" pos="X">kaarten</wf>
         <instance id="d000.s260.t000" lemma="schudden" pos="VERB">schudden</instance>
         <wf lemma="voor" pos="X">voor</wf>
         <wf lemma="je" pos="X">je</wf>
         <wf lemma="ze" pos="X">ze</wf>
         <wf lemma="uitdeelt" pos="X">uitdeelt</wf>
         <wf lemma="." pos="X">.</wf>
      </sentence>
      <sentence id="d000.s261" source="wordnet-dutch">
         <wf lemma="de" pos="X">de</wf>
         <wf lemma="kinderen" pos="X">kinderen</wf>
         <wf lemma="waren" pos="X">waren</wf>
         <wf lemma="verdwenen" pos="X">verdwenen</wf>
         <wf lemma="in" pos="X">in</wf>
         <wf lemma="de" pos="X">de</wf>
         <instance id="d000.s261.t000" lemma="chaos" pos="NOUN">chaos</instance>
         <wf lemma="." pos="X">.</wf>
      </sentence>
      <sentence id="d000.s262" source="wordnet-dutch">
         <wf lemma="de" pos="X">de</wf>
         <wf lemma="voorruit" pos="X">voorruit</wf>
         <wf lemma="is" pos="X">is</wf>
         <instance id="d000.s262.t000" lemma="aanslaan" pos="VERB">aangeslagen</instance>
         <wf lemma="." pos="X">.</wf>
      </sentence>
      <sentence id="d000.s263" source="wordnet-dutch">
         <wf lemma="het" pos="X">het</wf>
         <wf lemma="aantal" pos="X">aantal</wf>
         <wf lemma="vrije" pos="X">vrije</wf>
         <wf lemma="dagen" pos="X">dagen</wf>
         <wf lemma="werd" pos="X">werd</wf>
         <instance id="d000.s263.t000" lemma="reduceren" pos="VERB">gereduceerd</instance>
         <wf lemma="tot" pos="X">tot</wf>
         <wf lemma="tien" pos="X">tien</wf>
         <wf lemma="." pos="X">.</wf>
      </sentence>
      <sentence id="d000.s264" source="wordnet-dutch">
         <wf lemma="met" pos="X">met</wf>
         <wf lemma="grote" pos="X">grote</wf>
         <instance id="d000.s264.t000" lemma="blijdschap" pos="NOUN">blijdschap</instance>
         <wf lemma="geven" pos="X">geven</wf>
         <wf lemma="wij" pos="X">wij</wf>
         <wf lemma="kennis" pos="X">kennis</wf>
         <wf lemma="van" pos="X">van</wf>
         <wf lemma="de" pos="X">de</wf>
         <wf lemma="geboorte" pos="X">geboorte</wf>
         <wf lemma="van" pos="X">van</wf>
         <wf lemma="onze" pos="X">onze</wf>
         <wf lemma="dochter" pos="X">dochter</wf>
         <wf lemma="." pos="X">.</wf>
      </sentence>
      <sentence id="d000.s265" source="wordnet-dutch">
         <wf lemma="toen" pos="X">toen</wf>
         <wf lemma="er" pos="X">er</wf>
         <wf lemma="plots" pos="X">plots</wf>
         <wf lemma="een" pos="X">een</wf>
         <wf lemma="ree" pos="X">ree</wf>
         <wf lemma="voor" pos="X">voor</wf>
         <wf lemma="hem" pos="X">hem</wf>
         <instance id="d000.s265.t000" lemma="opdoemen" pos="VERB">opdoemde</instance>
         <wf lemma="kon" pos="X">kon</wf>
         <wf lemma="de" pos="X">de</wf>
         <wf lemma="automobilist" pos="X">automobilist</wf>
         <wf lemma="niet" pos="X">niet</wf>
         <wf lemma="meer" pos="X">meer</wf>
         <wf lemma="uitwijken" pos="X">uitwijken</wf>
         <wf lemma="." pos="X">.</wf>
      </sentence>
      <sentence id="d000.s266" source="wordnet-dutch">
         <wf lemma="de" pos="X">de</wf>
         <wf lemma="betekenis" pos="X">betekenis</wf>
         <wf lemma="van" pos="X">van</wf>
         <wf lemma="deze" pos="X">deze</wf>
         <wf lemma="wetenschapper" pos="X">wetenschapper</wf>
         <wf lemma="kan" pos="X">kan</wf>
         <wf lemma="nauwelijks" pos="X">nauwelijks</wf>
         <instance id="d000.s266.t000" lemma="overschatten" pos="VERB">overschat</instance>
         <wf lemma="worden" pos="X">worden</wf>
         <wf lemma="." pos="X">.</wf>
      </sentence>
      <sentence id="d000.s267" source="wordnet-dutch">
         <wf lemma="de" pos="X">de</wf>
         <instance id="d000.s267.t000" lemma="inbreng" pos="NOUN">inbreng</instance>
         <wf lemma="van" pos="X">van</wf>
         <wf lemma="een" pos="X">een</wf>
         <wf lemma="vennoot" pos="X">vennoot</wf>
         <wf lemma="in" pos="X">in</wf>
         <wf lemma="een" pos="X">een</wf>
         <wf lemma="zaak" pos="X">zaak</wf>
         <wf lemma="." pos="X">.</wf>
      </sentence>
      <sentence id="d000.s268" source="wordnet-dutch">
         <wf lemma="hij" pos="X">hij</wf>
         <wf lemma="mag" pos="X">mag</wf>
         <wf lemma="dan" pos="X">dan</wf>
         <wf lemma="wel" pos="X">wel</wf>
         <wf lemma="goed" pos="X">goed</wf>
         <wf lemma="kunnen" pos="X">kunnen</wf>
         <instance id="d000.s268.t000" lemma="rijmen" pos="VERB">rijmen</instance>
         <wf lemma="," pos="X">,</wf>
         <wf lemma="een" pos="X">een</wf>
         <wf lemma="groot" pos="X">groot</wf>
         <wf lemma="dichter" pos="X">dichter</wf>
         <wf lemma="wordt" pos="X">wordt</wf>
         <wf lemma="hij" pos="X">hij</wf>
         <wf lemma="nooit" pos="X">nooit</wf>
         <wf lemma="." pos="X">.</wf>
      </sentence>
      <sentence id="d000.s269" source="wordnet-dutch">
         <wf lemma="de" pos="X">de</wf>
         <instance id="d000.s269.t000" lemma="vestiging" pos="NOUN">vestiging</instance>
         <wf lemma="van" pos="X">van</wf>
         <wf lemma="een" pos="X">een</wf>
         <wf lemma="nieuw" pos="X">nieuw</wf>
         <wf lemma="cultureel" pos="X">cultureel</wf>
         <wf lemma="centrum" pos="X">centrum</wf>
         <wf lemma="zal" pos="X">zal</wf>
         <wf lemma="de" pos="X">de</wf>
         <wf lemma="wijk" pos="X">wijk</wf>
         <wf lemma="doen" pos="X">doen</wf>
         <wf lemma="herleven" pos="X">herleven</wf>
         <wf lemma="." pos="X">.</wf>
      </sentence>
      <sentence id="d000.s270" source="wordnet-dutch">
         <wf lemma="ik" pos="X">ik</wf>
         <wf lemma="heb" pos="X">heb</wf>
         <wf lemma="nog" pos="X">nog</wf>
         <wf lemma="steeds" pos="X">steeds</wf>
         <instance id="d000.s270.t000" lemma="vertrouwen" pos="NOUN">vertrouwen</instance>
         <wf lemma="in" pos="X">in</wf>
         <wf lemma="de" pos="X">de</wf>
         <wf lemma="democratische" pos="X">democratische</wf>
         <wf lemma="besluitvorming" pos="X">besluitvorming</wf>
         <wf lemma="." pos="X">.</wf>
      </sentence>
      <sentence id="d000.s271" source="wordnet-dutch">
         <wf lemma="Carolien" pos="X">Carolien</wf>
         <wf lemma="speelt" pos="X">speelt</wf>
         <instance id="d000.s271.t000" lemma="hobo" pos="NOUN">hobo</instance>
         <wf lemma="in" pos="X">in</wf>
         <wf lemma="het" pos="X">het</wf>
         <wf lemma="studentenorkest" pos="X">studentenorkest</wf>
         <wf lemma="." pos="X">.</wf>
      </sentence>
      <sentence id="d000.s272" source="wordnet-dutch">
         <wf lemma="in" pos="X">in</wf>
         <instance id="d000.s272.t000" lemma="consensus" pos="NOUN">consensus</instance>
         <wf lemma="met" pos="X">met</wf>
         <wf lemma="iemand" pos="X">iemand</wf>
         <wf lemma="een" pos="X">een</wf>
         <wf lemma="beslissing" pos="X">beslissing</wf>
         <wf lemma="nemen" pos="X">nemen</wf>
         <wf lemma="." pos="X">.</wf>
      </sentence>
      <sentence id="d000.s273" source="wordnet-dutch">
         <wf lemma="die" pos="X">die</wf>
         <wf lemma="man" pos="X">man</wf>
         <instance id="d000.s273.t000" lemma="beantwoorden" pos="VERB">beantwoordt</instance>
         <wf lemma="volledig" pos="X">volledig</wf>
         <wf lemma="aan" pos="X">aan</wf>
         <wf lemma="de" pos="X">de</wf>
         <wf lemma="beschrijving" pos="X">beschrijving</wf>
         <wf lemma="die" pos="X">die</wf>
         <wf lemma="je" pos="X">je</wf>
         <wf lemma="me" pos="X">me</wf>
         <wf lemma="gaf" pos="X">gaf</wf>
         <wf lemma="." pos="X">.</wf>
      </sentence>
      <sentence id="d000.s274" source="wordnet-dutch">
         <wf lemma="als" pos="X">als</wf>
         <wf lemma="ze" pos="X">ze</wf>
         <wf lemma="hun" pos="X">hun</wf>
         <wf lemma="belofte" pos="X">belofte</wf>
         <wf lemma="niet" pos="X">niet</wf>
         <instance id="d000.s274.t000" lemma="nakomen" pos="VERB">nakomen</instance>
         <wf lemma="," pos="X">,</wf>
         <wf lemma="zien" pos="X">zien</wf>
         <wf lemma="we" pos="X">we</wf>
         <wf lemma="ons" pos="X">ons</wf>
         <wf lemma="tot" pos="X">tot</wf>
         <wf lemma="sancties" pos="X">sancties</wf>
         <wf lemma="genoodzaakt" pos="X">genoodzaakt</wf>
         <wf lemma="." pos="X">.</wf>
      </sentence>
      <sentence id="d000.s275" source="wordnet-dutch">
         <wf lemma="als" pos="X">als</wf>
         <wf lemma="het" pos="X">het</wf>
         <wf lemma="u" pos="X">u</wf>
         <instance id="d000.s275.t000" lemma="schikken" pos="VERB">schikt</instance>
         <wf lemma="kom" pos="X">kom</wf>
         <wf lemma="ik" pos="X">ik</wf>
         <wf lemma="morgen" pos="X">morgen</wf>
         <wf lemma="nog" pos="X">nog</wf>
         <wf lemma="even" pos="X">even</wf>
         <wf lemma="langs" pos="X">langs</wf>
         <wf lemma="." pos="X">.</wf>
      </sentence>
      <sentence id="d000.s276" source="wordnet-dutch">
         <wf lemma="de" pos="X">de</wf>
         <wf lemma="misdaad" pos="X">misdaad</wf>
         <instance id="d000.s276.t000" lemma="corrumperen" pos="VERB">corrumpeert</instance>
         <wf lemma="de" pos="X">de</wf>
         <wf lemma="politie" pos="X">politie</wf>
         <wf lemma="." pos="X">.</wf>
      </sentence>
      <sentence id="d000.s277" source="wordnet-dutch">
         <wf lemma="als" pos="X">als</wf>
         <wf lemma="een" pos="X">een</wf>
         <wf lemma="stom" pos="X">stom</wf>
         <instance id="d000.s277.t000" lemma="kalf" pos="NOUN">kalf</instance>
         <wf lemma="." pos="X">.</wf>
      </sentence>
      <sentence id="d000.s278" source="wordnet-dutch">
         <wf lemma="het" pos="X">het</wf>
         <wf lemma="ijs" pos="X">ijs</wf>
         <wf lemma="is" pos="X">is</wf>
         <wf lemma="vijftien" pos="X">vijftien</wf>
         <instance id="d000.s278.t000" lemma="centimeter" pos="NOUN">centimeter</instance>
         <wf lemma="dik" pos="X">dik</wf>
         <wf lemma="." pos="X">.</wf>
      </sentence>
      <sentence id="d000.s279" source="wordnet-dutch">
         <wf lemma="de" pos="X">de</wf>
         <wf lemma="zanger" pos="X">zanger</wf>
         <wf lemma="wordt" pos="X">wordt</wf>
         <wf lemma="op" pos="X">op</wf>
         <wf lemma="de" pos="X">de</wf>
         <instance id="d000.s279.t000" lemma="piano" pos="NOUN">piano</instance>
         <wf lemma="begeleid" pos="X">begeleid</wf>
         <wf lemma="door" pos="X">door</wf>
         <wf lemma="." pos="X">.</wf>
         <wf lemma=".." pos="X">..</wf>
      </sentence>
      <sentence id="d000.s280" source="wordnet-dutch">
         <wf lemma="ondanks" pos="X">ondanks</wf>
         <wf lemma="alle" pos="X">alle</wf>
         <wf lemma="tegenslagen" pos="X">tegenslagen</wf>
         <wf lemma="straalt" pos="X">straalt</wf>
         <wf lemma="ze" pos="X">ze</wf>
         <instance id="d000.s280.t000" lemma="vitaliteit" pos="NOUN">vitaliteit</instance>
         <wf lemma="uit" pos="X">uit</wf>
         <wf lemma="." pos="X">.</wf>
      </sentence>
      <sentence id="d000.s281" source="wordnet-dutch">
         <wf lemma="nieuwe" pos="X">nieuwe</wf>
         <wf lemma="stoffen" pos="X">stoffen</wf>
         <wf lemma="in" pos="X">in</wf>
         <instance id="d000.s281.t000" lemma="pastel" pos="NOUN">pastel</instance>
         <wf lemma="." pos="X">.</wf>
      </sentence>
      <sentence id="d000.s282" source="wordnet-dutch">
         <wf lemma="de" pos="X">de</wf>
         <wf lemma="minister" pos="X">minister</wf>
         <wf lemma="leek" pos="X">leek</wf>
         <wf lemma="het" pos="X">het</wf>
         <wf lemma="vertrek" pos="X">vertrek</wf>
         <wf lemma="van" pos="X">van</wf>
         <wf lemma="de" pos="X">de</wf>
         <wf lemma="staatssecretaris" pos="X">staatssecretaris</wf>
         <wf lemma="te" pos="X">te</wf>
         <instance id="d000.s282.t000" lemma="betreuren" pos="VERB">betreuren</instance>
         <wf lemma="." pos="X">.</wf>
      </sentence>
      <sentence id="d000.s283" source="wordnet-dutch">
         <wf lemma="de" pos="X">de</wf>
         <wf lemma="gezochte" pos="X">gezochte</wf>
         <wf lemma="man" pos="X">man</wf>
         <wf lemma="is" pos="X">is</wf>
         <wf lemma="van" pos="X">van</wf>
         <wf lemma="normaal" pos="X">normaal</wf>
         <instance id="d000.s283.t000" lemma="postuur" pos="NOUN">postuur</instance>
         <wf lemma="en" pos="X">en</wf>
         <wf lemma="heeft" pos="X">heeft</wf>
         <wf lemma="blond" pos="X">blond</wf>
         <wf lemma="haar" pos="X">haar</wf>
         <wf lemma="." pos="X">.</wf>
      </sentence>
      <sentence id="d000.s284" source="wordnet-dutch">
         <wf lemma="in/op" pos="X">in/op</wf>
         <wf lemma="de" pos="X">de</wf>
         <instance id="d000.s284.t000" lemma="tram" pos="NOUN">tram</instance>
         <wf lemma="zitten/stappen" pos="X">zitten/stappen</wf>
         <wf lemma="." pos="X">.</wf>
      </sentence>
      <sentence id="d000.s285" source="wordnet-dutch">
         <wf lemma="de" pos="X">de</wf>
         <wf lemma="auto" pos="X">auto</wf>
         <wf lemma="staat" pos="X">staat</wf>
         <wf lemma="nu" pos="X">nu</wf>
         <wf lemma="even" pos="X">even</wf>
         <wf lemma="in" pos="X">in</wf>
         <wf lemma="de" pos="X">de</wf>
         <instance id="d000.s285.t000" lemma="parkeergarage" pos="NOUN">parkeergarage</instance>
         <wf lemma="." pos="X">.</wf>
      </sentence>
      <sentence id="d000.s286" source="wordnet-dutch">
         <wf lemma="de" pos="X">de</wf>
         <wf lemma="grimeur" pos="X">grimeur</wf>
         <wf lemma="brengt" pos="X">brengt</wf>
         <wf lemma="de" pos="X">de</wf>
         <instance id="d000.s286.t000" lemma="schmink" pos="NOUN">schmink</instance>
         <wf lemma="op" pos="X">op</wf>
         <wf lemma="." pos="X">.</wf>
      </sentence>
      <sentence id="d000.s287" source="wordnet-dutch">
         <wf lemma="in" pos="X">in</wf>
         <wf lemma="de" pos="X">de</wf>
         <wf lemma="snackbar" pos="X">snackbar</wf>
         <wf lemma="hing" pos="X">hing</wf>
         <wf lemma="een" pos="X">een</wf>
         <wf lemma="vieze" pos="X">vieze</wf>
         <wf lemma="," pos="X">,</wf>
         <wf lemma="vette" pos="X">vette</wf>
         <instance id="d000.s287.t000" lemma="walm" pos="NOUN">walm</instance>
         <wf lemma="." pos="X">.</wf>
      </sentence>
      <sentence id="d000.s288" source="wordnet-dutch">
         <wf lemma="hij" pos="X">hij</wf>
         <wf lemma="wil" pos="X">wil</wf>
         <wf lemma="de" pos="X">de</wf>
         <wf lemma="Sint" pos="X">Sint</wf>
         <wf lemma="Pieter" pos="X">Pieter</wf>
         <wf lemma="op" pos="X">op</wf>
         <instance id="d000.s288.t000" lemma="schaal" pos="NOUN">schaal</instance>
         <wf lemma="nabouwen" pos="X">nabouwen</wf>
         <wf lemma="." pos="X">.</wf>
      </sentence>
      <sentence id="d000.s289" source="wordnet-dutch">
         <wf lemma="de" pos="X">de</wf>
         <wf lemma="maximaal" pos="X">maximaal</wf>
         <wf lemma="toelaatbare" pos="X">toelaatbare</wf>
         <instance id="d000.s289.t000" lemma="fout" pos="NOUN">fout</instance>
         <wf lemma="bij" pos="X">bij</wf>
         <wf lemma="de" pos="X">de</wf>
         <wf lemma="plaatsing" pos="X">plaatsing</wf>
         <wf lemma="van" pos="X">van</wf>
         <wf lemma="de" pos="X">de</wf>
         <wf lemma="fundering" pos="X">fundering</wf>
         <wf lemma="is" pos="X">is</wf>
         <wf lemma="twee" pos="X">twee</wf>
         <wf lemma="centimeter" pos="X">centimeter</wf>
         <wf lemma="." pos="X">.</wf>
      </sentence>
      <sentence id="d000.s290" source="wordnet-dutch">
         <wf lemma="Amerikaanse" pos="X">Amerikaanse</wf>
         <wf lemma="soldaten" pos="X">soldaten</wf>
         <instance id="d000.s290.t000" lemma="controleren" pos="VERB">controleren</instance>
         <wf lemma="het" pos="X">het</wf>
         <wf lemma="zuiden" pos="X">zuiden</wf>
         <wf lemma="van" pos="X">van</wf>
         <wf lemma="Irak" pos="X">Irak</wf>
         <wf lemma="." pos="X">.</wf>
      </sentence>
      <sentence id="d000.s291" source="wordnet-dutch">
         <wf lemma="je" pos="X">je</wf>
         <wf lemma="bent" pos="X">bent</wf>
         <wf lemma="toch" pos="X">toch</wf>
         <wf lemma="niet" pos="X">niet</wf>
         <instance id="d000.s291.t000" lemma="vergeten" pos="VERB">vergeten</instance>
         <wf lemma="dat" pos="X">dat</wf>
         <wf lemma="je" pos="X">je</wf>
         <wf lemma="dit" pos="X">dit</wf>
         <wf lemma="cadeau" pos="X">cadeau</wf>
         <wf lemma="ooit" pos="X">ooit</wf>
         <wf lemma="van" pos="X">van</wf>
         <wf lemma="mij" pos="X">mij</wf>
         <wf lemma="hebt" pos="X">hebt</wf>
         <wf lemma="gekregen" pos="X">gekregen</wf>
         <wf lemma="." pos="X">.</wf>
      </sentence>
      <sentence id="d000.s292" source="wordnet-dutch">
         <wf lemma="geef" pos="X">geef</wf>
         <wf lemma="jij" pos="X">jij</wf>
         <wf lemma="dan" pos="X">dan</wf>
         <wf lemma="het" pos="X">het</wf>
         <wf lemma="goede" pos="X">goede</wf>
         <instance id="d000.s292.t000" lemma="voorbeeld" pos="NOUN">voorbeeld</instance>
         <wf lemma="!" pos="X">!</wf>
      </sentence>
      <sentence id="d000.s293" source="wordnet-dutch">
         <wf lemma="hij" pos="X">hij</wf>
         <wf lemma="had" pos="X">had</wf>
         <wf lemma="zijn" pos="X">zijn</wf>
         <wf lemma="cadeaus/geschenken" pos="X">cadeaus/geschenken</wf>
         <wf lemma="keurig" pos="X">keurig</wf>
         <instance id="d000.s293.t000" lemma="inpakken" pos="VERB">ingepakt</instance>
         <wf lemma="." pos="X">.</wf>
      </sentence>
      <sentence id="d000.s294" source="wordnet-dutch">
         <wf lemma="de" pos="X">de</wf>
         <instance id="d000.s294.t000" lemma="bezoek" pos="NOUN">bezoekjes</instance>
         <wf lemma="aan" pos="X">aan</wf>
         <wf lemma="de" pos="X">de</wf>
         <wf lemma="dierentuin" pos="X">dierentuin</wf>
         <wf lemma="vinden" pos="X">vinden</wf>
         <wf lemma="de" pos="X">de</wf>
         <wf lemma="kinderen" pos="X">kinderen</wf>
         <wf lemma="geweldig" pos="X">geweldig</wf>
         <wf lemma="." pos="X">.</wf>
      </sentence>
      <sentence id="d000.s295" source="wordnet-dutch">
         <wf lemma="er" pos="X">er</wf>
         <instance id="d000.s295.t000" lemma="mankeren" pos="VERB">mankeert</instance>
         <wf lemma="een" pos="X">een</wf>
         <wf lemma="gulden" pos="X">gulden</wf>
         <wf lemma="aan" pos="X">aan</wf>
         <wf lemma="het" pos="X">het</wf>
         <wf lemma="bedrag" pos="X">bedrag</wf>
         <wf lemma="." pos="X">.</wf>
      </sentence>
      <sentence id="d000.s296" source="wordnet-dutch">
         <wf lemma="het" pos="X">het</wf>
         <wf lemma="gebied" pos="X">gebied</wf>
         <instance id="d000.s296.t000" lemma="strekken" pos="VERB">strekt</instance>
         <wf lemma="tot" pos="X">tot</wf>
         <wf lemma="voorbij" pos="X">voorbij</wf>
         <wf lemma="het" pos="X">het</wf>
         <wf lemma="bos." pos="X">bos.</wf>
      </sentence>
      <sentence id="d000.s297" source="wordnet-dutch">
         <wf lemma="ik" pos="X">ik</wf>
         <wf lemma="speel" pos="X">speel</wf>
         <wf lemma="een" pos="X">een</wf>
         <wf lemma="beetje" pos="X">beetje</wf>
         <instance id="d000.s297.t000" lemma="piano" pos="NOUN">piano</instance>
         <wf lemma="." pos="X">.</wf>
      </sentence>
      <sentence id="d000.s298" source="wordnet-dutch">
         <wf lemma="de" pos="X">de</wf>
         <wf lemma="wind" pos="X">wind</wf>
         <wf lemma="komt" pos="X">komt</wf>
         <wf lemma="uit" pos="X">uit</wf>
         <wf lemma="het" pos="X">het</wf>
         <instance id="d000.s298.t000" lemma="noordoosten" pos="NOUN">noordoosten</instance>
         <wf lemma="." pos="X">.</wf>
      </sentence>
      <sentence id="d000.s299" source="wordnet-dutch">
         <wf lemma="het" pos="X">het</wf>
         <wf lemma="in" pos="X">in</wf>
         <wf lemma="Srebrenica" pos="X">Srebrenica</wf>
         <wf lemma="geleden" pos="X">geleden</wf>
         <instance id="d000.s299.t000" lemma="echec" pos="NOUN">echec</instance>
         <wf lemma="." pos="X">.</wf>
      </sentence>
      <sentence id="d000.s300" source="wordnet-dutch">
         <wf lemma="pas" pos="X">pas</wf>
         <wf lemma="op" pos="X">op</wf>
         <wf lemma="," pos="X">,</wf>
         <wf lemma="slecht" pos="X">slecht</wf>
         <instance id="d000.s300.t000" lemma="wegdek" pos="NOUN">wegdek</instance>
         <wf lemma="!" pos="X">!</wf>
      </sentence>
      <sentence id="d000.s301" source="wordnet-dutch">
         <wf lemma="hij" pos="X">hij</wf>
         <instance id="d000.s301.t000" lemma="openen" pos="VERB">opende</instance>
         <wf lemma="beleefd" pos="X">beleefd</wf>
         <wf lemma="de" pos="X">de</wf>
         <wf lemma="deur" pos="X">deur</wf>
         <wf lemma="voor" pos="X">voor</wf>
         <wf lemma="me" pos="X">me</wf>
         <wf lemma="." pos="X">.</wf>
      </sentence>
      <sentence id="d000.s302" source="wordnet-dutch">
         <wf lemma="die" pos="X">die</wf>
         <wf lemma="manier" pos="X">manier</wf>
         <wf lemma="van" pos="X">van</wf>
         <wf lemma="werken" pos="X">werken</wf>
         <instance id="d000.s302.t000" lemma="neigen" pos="VERB">neigt</instance>
         <wf lemma="volgens" pos="X">volgens</wf>
         <wf lemma="mij" pos="X">mij</wf>
         <wf lemma="naar" pos="X">naar</wf>
         <wf lemma="corruptie" pos="X">corruptie</wf>
         <wf lemma="." pos="X">.</wf>
      </sentence>
      <sentence id="d000.s303" source="wordnet-dutch">
         <wf lemma="Het" pos="X">Het</wf>
         <wf lemma="doorgronden" pos="X">doorgronden</wf>
         <wf lemma="van" pos="X">van</wf>
         <wf lemma="zijn" pos="X">zijn</wf>
         <instance id="d000.s303.t000" lemma="grond" pos="NOUN">gronden</instance>
         <wf lemma="is" pos="X">is</wf>
         <wf lemma="niet" pos="X">niet</wf>
         <wf lemma="makkelijk" pos="X">makkelijk</wf>
         <wf lemma="." pos="X">.</wf>
      </sentence>
      <sentence id="d000.s304" source="wordnet-dutch">
         <wf lemma="de" pos="X">de</wf>
         <instance id="d000.s304.t000" lemma="paar" pos="NOUN">paar</instance>
         <wf lemma="keren" pos="X">keren</wf>
         <wf lemma="dat" pos="X">dat</wf>
         <wf lemma="ik" pos="X">ik</wf>
         <wf lemma="hem" pos="X">hem</wf>
         <wf lemma="heb" pos="X">heb</wf>
         <wf lemma="gezien" pos="X">gezien</wf>
         <wf lemma="." pos="X">.</wf>
      </sentence>
      <sentence id="d000.s305" source="wordnet-dutch">
         <wf lemma="een" pos="X">een</wf>
         <wf lemma="vrouw" pos="X">vrouw</wf>
         <wf lemma="van" pos="X">van</wf>
         <wf lemma="middelbare" pos="X">middelbare</wf>
         <instance id="d000.s305.t000" lemma="leeftijd" pos="NOUN">leeftijd</instance>
         <wf lemma="." pos="X">.</wf>
      </sentence>
      <sentence id="d000.s306" source="wordnet-dutch">
         <wf lemma="als" pos="X">als</wf>
         <wf lemma="je" pos="X">je</wf>
         <wf lemma="deze" pos="X">deze</wf>
         <wf lemma="knop" pos="X">knop</wf>
         <instance id="d000.s306.t000" lemma="induwen" pos="VERB">induwt</instance>
         <wf lemma="," pos="X">,</wf>
         <wf lemma="ontploft" pos="X">ontploft</wf>
         <wf lemma="de" pos="X">de</wf>
         <wf lemma="hele" pos="X">hele</wf>
         <wf lemma="boel" pos="X">boel</wf>
         <wf lemma="." pos="X">.</wf>
      </sentence>
      <sentence id="d000.s307" source="wordnet-dutch">
         <wf lemma="Fellini" pos="X">Fellini</wf>
         <wf lemma="draait" pos="X">draait</wf>
         <wf lemma="momenteel" pos="X">momenteel</wf>
         <wf lemma="een" pos="X">een</wf>
         <instance id="d000.s307.t000" lemma="film" pos="NOUN">film</instance>
         <wf lemma="die" pos="X">die</wf>
         <wf lemma="in" pos="X">in</wf>
         <wf lemma="oktober" pos="X">oktober</wf>
         <wf lemma="wordt" pos="X">wordt</wf>
         <wf lemma="uitgebracht" pos="X">uitgebracht</wf>
         <wf lemma="." pos="X">.</wf>
      </sentence>
      <sentence id="d000.s308" source="wordnet-dutch">
         <wf lemma="van" pos="X">van</wf>
         <wf lemma="daaruit" pos="X">daaruit</wf>
         <instance id="d000.s308.t000" lemma="verspreiden" pos="VERB">verspreidden</instance>
         <wf lemma="de" pos="X">de</wf>
         <wf lemma="vluchtelingen" pos="X">vluchtelingen</wf>
         <wf lemma="zich" pos="X">zich</wf>
         <wf lemma="naar" pos="X">naar</wf>
         <wf lemma="alle" pos="X">alle</wf>
         <wf lemma="richtingen" pos="X">richtingen</wf>
         <wf lemma="." pos="X">.</wf>
      </sentence>
      <sentence id="d000.s309" source="wordnet-dutch">
         <wf lemma="voor" pos="X">voor</wf>
         <wf lemma="de" pos="X">de</wf>
         <wf lemma="verzamelde" pos="X">verzamelde</wf>
         <instance id="d000.s309.t000" lemma="pers" pos="NOUN">pers</instance>
         <wf lemma="kondigde" pos="X">kondigde</wf>
         <wf lemma="hij" pos="X">hij</wf>
         <wf lemma="zijn" pos="X">zijn</wf>
         <wf lemma="vertrek" pos="X">vertrek</wf>
         <wf lemma="aan" pos="X">aan</wf>
         <wf lemma="." pos="X">.</wf>
      </sentence>
      <sentence id="d000.s310" source="wordnet-dutch">
         <wf lemma="je" pos="X">je</wf>
         <wf lemma="kan" pos="X">kan</wf>
         <wf lemma="je" pos="X">je</wf>
         <wf lemma="ongeveer" pos="X">ongeveer</wf>
         <instance id="d000.s310.t000" lemma="indenken" pos="VERB">indenken</instance>
         <wf lemma="hoe" pos="X">hoe</wf>
         <wf lemma="de" pos="X">de</wf>
         <wf lemma="mensen" pos="X">mensen</wf>
         <wf lemma="hier" pos="X">hier</wf>
         <wf lemma="vroeger" pos="X">vroeger</wf>
         <wf lemma="geleefd" pos="X">geleefd</wf>
         <wf lemma="hebben" pos="X">hebben</wf>
         <wf lemma="." pos="X">.</wf>
      </sentence>
      <sentence id="d000.s311" source="wordnet-dutch">
         <wf lemma="uiteindelijk" pos="X">uiteindelijk</wf>
         <instance id="d000.s311.t000" lemma="beschikken" pos="VERB">beschikt</instance>
         <wf lemma="de" pos="X">de</wf>
         <wf lemma="gemeente" pos="X">gemeente</wf>
         <wf lemma="over" pos="X">over</wf>
         <wf lemma="de" pos="X">de</wf>
         <wf lemma="verdeling" pos="X">verdeling</wf>
         <wf lemma="van" pos="X">van</wf>
         <wf lemma="de" pos="X">de</wf>
         <wf lemma="subsidie" pos="X">subsidie</wf>
         <wf lemma="." pos="X">.</wf>
      </sentence>
      <sentence id="d000.s312" source="wordnet-dutch">
         <wf lemma="De" pos="X">De</wf>
         <instance id="d000.s312.t000" lemma="bewaking" pos="NOUN">bewaking</instance>
         <wf lemma="sliep" pos="X">sliep</wf>
         <wf lemma="." pos="X">.</wf>
      </sentence>
      <sentence id="d000.s313" source="wordnet-dutch">
         <wf lemma="een" pos="X">een</wf>
         <wf lemma="gat" pos="X">gat</wf>
         <wf lemma="in" pos="X">in</wf>
         <wf lemma="de" pos="X">de</wf>
         <wf lemma="grond" pos="X">grond</wf>
         <wf lemma="vervult" pos="X">vervult</wf>
         <wf lemma="de" pos="X">de</wf>
         <instance id="d000.s313.t000" lemma="functie" pos="NOUN">functie</instance>
         <wf lemma="van" pos="X">van</wf>
         <wf lemma="toilet" pos="X">toilet</wf>
         <wf lemma="." pos="X">.</wf>
      </sentence>
      <sentence id="d000.s314" source="wordnet-dutch">
         <wf lemma="een" pos="X">een</wf>
         <wf lemma="onbekende" pos="X">onbekende</wf>
         <wf lemma="terroristische" pos="X">terroristische</wf>
         <wf lemma="organisatie" pos="X">organisatie</wf>
         <wf lemma="eiste" pos="X">eiste</wf>
         <wf lemma="de" pos="X">de</wf>
         <instance id="d000.s314.t000" lemma="aanslag" pos="NOUN">aanslag</instance>
         <wf lemma="op" pos="X">op</wf>
         <wf lemma="." pos="X">.</wf>
      </sentence>
      <sentence id="d000.s315" source="wordnet-dutch">
         <wf lemma="wat" pos="X">wat</wf>
         <wf lemma="verbeeld" pos="X">verbeeld</wf>
         <wf lemma="die" pos="X">die</wf>
         <wf lemma="nieuwe" pos="X">nieuwe</wf>
         <wf lemma="jongen" pos="X">jongen</wf>
         <wf lemma="zich" pos="X">zich</wf>
         <wf lemma="wel" pos="X">wel</wf>
         <wf lemma="," pos="X">,</wf>
         <wf lemma="hij" pos="X">hij</wf>
         <wf lemma="is" pos="X">is</wf>
         <wf lemma="nog" pos="X">nog</wf>
         <wf lemma="maar" pos="X">maar</wf>
         <wf lemma="een" pos="X">een</wf>
         <instance id="d000.s315.t000" lemma="jonkie" pos="NOUN">jonkie</instance>
         <wf lemma="." pos="X">.</wf>
      </sentence>
      <sentence id="d000.s316" source="wordnet-dutch">
         <wf lemma="dit" pos="X">dit</wf>
         <wf lemma="gebeurde" pos="X">gebeurde</wf>
         <wf lemma="na" pos="X">na</wf>
         <wf lemma="een" pos="X">een</wf>
         <wf lemma="actie" pos="X">actie</wf>
         <wf lemma="tegen" pos="X">tegen</wf>
         <wf lemma="fraude" pos="X">fraude</wf>
         <wf lemma="in" pos="X">in</wf>
         <wf lemma="de" pos="X">de</wf>
         <instance id="d000.s316.t000" lemma="bouwwereld" pos="NOUN">bouwwereld</instance>
         <wf lemma="." pos="X">.</wf>
      </sentence>
      <sentence id="d000.s317" source="wordnet-dutch">
         <wf lemma="bij" pos="X">bij</wf>
         <wf lemma="het" pos="X">het</wf>
         <wf lemma="opstaan" pos="X">opstaan</wf>
         <wf lemma="volgt" pos="X">volgt</wf>
         <wf lemma="hij" pos="X">hij</wf>
         <wf lemma="altijd" pos="X">altijd</wf>
         <wf lemma="een" pos="X">een</wf>
         <wf lemma="vast" pos="X">vast</wf>
         <instance id="d000.s317.t000" lemma="ritueel" pos="NOUN">ritueel</instance>
         <wf lemma="." pos="X">.</wf>
      </sentence>
      <sentence id="d000.s318" source="wordnet-dutch">
         <wf lemma="het" pos="X">het</wf>
         <wf lemma="is" pos="X">is</wf>
         <wf lemma="hem" pos="X">hem</wf>
         <instance id="d000.s318.t000" lemma="lukken" pos="VERB">gelukt</instance>
         <wf lemma="om" pos="X">om</wf>
         <wf lemma="die" pos="X">die</wf>
         <wf lemma="zanger" pos="X">zanger</wf>
         <wf lemma="op" pos="X">op</wf>
         <wf lemma="het" pos="X">het</wf>
         <wf lemma="podium" pos="X">podium</wf>
         <wf lemma="te" pos="X">te</wf>
         <wf lemma="krijgen" pos="X">krijgen</wf>
         <wf lemma="." pos="X">.</wf>
      </sentence>
      <sentence id="d000.s319" source="wordnet-dutch">
         <wf lemma="de" pos="X">de</wf>
         <wf lemma="Zuidelijke" pos="X">Zuidelijke</wf>
         <wf lemma="Nederlanden" pos="X">Nederlanden</wf>
         <wf lemma="werden" pos="X">werden</wf>
         <wf lemma="nog" pos="X">nog</wf>
         <wf lemma="steeds" pos="X">steeds</wf>
         <instance id="d000.s319.t000" lemma="overheersen" pos="VERB">overheerst</instance>
         <wf lemma="door" pos="X">door</wf>
         <wf lemma="de" pos="X">de</wf>
         <wf lemma="Spanjaarden" pos="X">Spanjaarden</wf>
         <wf lemma="." pos="X">.</wf>
      </sentence>
      <sentence id="d000.s320" source="wordnet-dutch">
         <wf lemma="ze" pos="X">ze</wf>
         <wf lemma="is" pos="X">is</wf>
         <wf lemma="vannacht" pos="X">vannacht</wf>
         <instance id="d000.s320.t000" lemma="bevallen" pos="VERB">bevallen</instance>
         <wf lemma="van" pos="X">van</wf>
         <wf lemma="een" pos="X">een</wf>
         <wf lemma="tweede" pos="X">tweede</wf>
         <wf lemma="dochtertje" pos="X">dochtertje</wf>
         <wf lemma="." pos="X">.</wf>
      </sentence>
      <sentence id="d000.s321" source="wordnet-dutch">
         <wf lemma="zij" pos="X">zij</wf>
         <wf lemma="heeft" pos="X">heeft</wf>
         <instance id="d000.s321.t000" lemma="auditie" pos="NOUN">auditie</instance>
         <wf lemma="gedaan" pos="X">gedaan</wf>
         <wf lemma="bij" pos="X">bij</wf>
         <wf lemma="het" pos="X">het</wf>
         <wf lemma="conservatorium/'Nationaal" pos="X">conservatorium/'Nationaal</wf>
         <wf lemma="Ballet" pos="X">Ballet</wf>
         <wf lemma="'" pos="X">'</wf>
         <wf lemma="." pos="X">.</wf>
      </sentence>
      <sentence id="d000.s322" source="wordnet-dutch">
         <wf lemma="de" pos="X">de</wf>
         <wf lemma="koning" pos="X">koning</wf>
         <instance id="d000.s322.t000" lemma="benoemen" pos="VERB">benoemt</instance>
         <wf lemma="de" pos="X">de</wf>
         <wf lemma="rechters" pos="X">rechters</wf>
         <wf lemma="voor" pos="X">voor</wf>
         <wf lemma="het" pos="X">het</wf>
         <wf lemma="leven" pos="X">leven</wf>
         <wf lemma="." pos="X">.</wf>
      </sentence>
      <sentence id="d000.s323" source="wordnet-dutch">
         <wf lemma="in" pos="X">in</wf>
         <wf lemma="het" pos="X">het</wf>
         <wf lemma="milieu-actieplan" pos="X">milieu-actieplan</wf>
         <wf lemma="worden" pos="X">worden</wf>
         <wf lemma="maatregelen" pos="X">maatregelen</wf>
         <wf lemma="geformuleerd" pos="X">geformuleerd</wf>
         <wf lemma="om" pos="X">om</wf>
         <wf lemma="het" pos="X">het</wf>
         <wf lemma="milieu" pos="X">milieu</wf>
         <wf lemma="te" pos="X">te</wf>
         <instance id="d000.s323.t000" lemma="ontlasten" pos="VERB">ontlasten</instance>
         <wf lemma="." pos="X">.</wf>
      </sentence>
      <sentence id="d000.s324" source="wordnet-dutch">
         <wf lemma="laten" pos="X">laten</wf>
         <wf lemma="we" pos="X">we</wf>
         <wf lemma="tot" pos="X">tot</wf>
         <instance id="d000.s324.t000" lemma="besluit" pos="NOUN">besluit</instance>
         <wf lemma="het" pos="X">het</wf>
         <wf lemma="glas" pos="X">glas</wf>
         <wf lemma="heffen" pos="X">heffen</wf>
         <wf lemma="op" pos="X">op</wf>
         <wf lemma="de" pos="X">de</wf>
         <wf lemma="jubilaris" pos="X">jubilaris</wf>
         <wf lemma="." pos="X">.</wf>
      </sentence>
      <sentence id="d000.s325" source="wordnet-dutch">
         <wf lemma="hij" pos="X">hij</wf>
         <wf lemma="verkeerde" pos="X">verkeerde</wf>
         <wf lemma="in" pos="X">in</wf>
         <wf lemma="de" pos="X">de</wf>
         <instance id="d000.s325.t000" lemma="veronderstelling" pos="NOUN">veronderstelling</instance>
         <wf lemma="dat" pos="X">dat</wf>
         <wf lemma="Jan" pos="X">Jan</wf>
         <wf lemma="het" pos="X">het</wf>
         <wf lemma="gedaan" pos="X">gedaan</wf>
         <wf lemma="had" pos="X">had</wf>
         <wf lemma="." pos="X">.</wf>
      </sentence>
      <sentence id="d000.s326" source="wordnet-dutch">
         <wf lemma="daarin" pos="X">daarin</wf>
         <wf lemma="kan" pos="X">kan</wf>
         <wf lemma="ik" pos="X">ik</wf>
         <wf lemma="met" pos="X">met</wf>
         <wf lemma="U" pos="X">U</wf>
         <instance id="d000.s326.t000" lemma="meegaan" pos="VERB">meegaan</instance>
         <wf lemma="." pos="X">.</wf>
      </sentence>
      <sentence id="d000.s327" source="wordnet-dutch">
         <wf lemma="de" pos="X">de</wf>
         <wf lemma="bekende" pos="X">bekende</wf>
         <wf lemma="filmster" pos="X">filmster</wf>
         <instance id="d000.s327.t000" lemma="acteren" pos="VERB">acteert</instance>
         <wf lemma="in" pos="X">in</wf>
         <wf lemma="de" pos="X">de</wf>
         <wf lemma="nieuwe" pos="X">nieuwe</wf>
         <wf lemma="film" pos="X">film</wf>
         <wf lemma="van" pos="X">van</wf>
         <wf lemma="de" pos="X">de</wf>
         <wf lemma="Taviani's" pos="X">Taviani's</wf>
         <wf lemma="." pos="X">.</wf>
      </sentence>
      <sentence id="d000.s328" source="wordnet-dutch">
         <wf lemma="aan" pos="X">aan</wf>
         <wf lemma="die" pos="X">die</wf>
         <wf lemma="situatie" pos="X">situatie</wf>
         <wf lemma="zal" pos="X">zal</wf>
         <wf lemma="jij" pos="X">jij</wf>
         <wf lemma="ook" pos="X">ook</wf>
         <wf lemma="niets" pos="X">niets</wf>
         <wf lemma="kunnen" pos="X">kunnen</wf>
         <instance id="d000.s328.t000" lemma="veranderen" pos="VERB">veranderen</instance>
         <wf lemma="," pos="X">,</wf>
         <wf lemma="vrees" pos="X">vrees</wf>
         <wf lemma="ik" pos="X">ik</wf>
         <wf lemma="." pos="X">.</wf>
      </sentence>
      <sentence id="d000.s329" source="wordnet-dutch">
         <wf lemma="de" pos="X">de</wf>
         <wf lemma="loodgieter" pos="X">loodgieter</wf>
         <wf lemma="had" pos="X">had</wf>
         <wf lemma="zijn" pos="X">zijn</wf>
         <wf lemma="naamkaartje" pos="X">naamkaartje</wf>
         <wf lemma="aan" pos="X">aan</wf>
         <wf lemma="de" pos="X">de</wf>
         <wf lemma="rekening" pos="X">rekening</wf>
         <instance id="d000.s329.t000" lemma="aanhechten" pos="VERB">aangehecht</instance>
         <wf lemma="." pos="X">.</wf>
      </sentence>
      <sentence id="d000.s330" source="wordnet-dutch">
         <wf lemma="hij" pos="X">hij</wf>
         <wf lemma="gaf" pos="X">gaf</wf>
         <wf lemma="me" pos="X">me</wf>
         <wf lemma="de" pos="X">de</wf>
         <instance id="d000.s330.t000" lemma="verzekering" pos="NOUN">verzekering</instance>
         <wf lemma="dat" pos="X">dat</wf>
         <wf lemma="alles" pos="X">alles</wf>
         <wf lemma="tegen" pos="X">tegen</wf>
         <wf lemma="volgende" pos="X">volgende</wf>
         <wf lemma="week" pos="X">week</wf>
         <wf lemma="geregeld" pos="X">geregeld</wf>
         <wf lemma="is" pos="X">is</wf>
         <wf lemma="." pos="X">.</wf>
      </sentence>
      <sentence id="d000.s331" source="wordnet-dutch">
         <wf lemma="de" pos="X">de</wf>
         <wf lemma="reisleider" pos="X">reisleider</wf>
         <wf lemma="heeft" pos="X">heeft</wf>
         <wf lemma="vandaag" pos="X">vandaag</wf>
         <wf lemma="al" pos="X">al</wf>
         <wf lemma="eens" pos="X">eens</wf>
         <wf lemma="de" pos="X">de</wf>
         <wf lemma="route" pos="X">route</wf>
         <wf lemma="voor" pos="X">voor</wf>
         <wf lemma="de" pos="X">de</wf>
         <wf lemma="tocht" pos="X">tocht</wf>
         <instance id="d000.s331.t000" lemma="verkennen" pos="VERB">verkend</instance>
         <wf lemma="." pos="X">.</wf>
      </sentence>
      <sentence id="d000.s332" source="wordnet-dutch">
         <wf lemma="hij" pos="X">hij</wf>
         <wf lemma="loopt" pos="X">loopt</wf>
         <wf lemma="nu" pos="X">nu</wf>
         <wf lemma="de" pos="X">de</wf>
         <wf lemma="hele" pos="X">hele</wf>
         <wf lemma="dag" pos="X">dag</wf>
         <wf lemma="met" pos="X">met</wf>
         <wf lemma="hout" pos="X">hout</wf>
         <wf lemma="voor" pos="X">voor</wf>
         <wf lemma="de" pos="X">de</wf>
         <wf lemma="open" pos="X">open</wf>
         <wf lemma="haard" pos="X">haard</wf>
         <wf lemma="te" pos="X">te</wf>
         <instance id="d000.s332.t000" lemma="sjouwen" pos="VERB">sjouwen</instance>
         <wf lemma="." pos="X">.</wf>
      </sentence>
      <sentence id="d000.s333" source="wordnet-dutch">
         <wf lemma="De" pos="X">De</wf>
         <instance id="d000.s333.t000" lemma="borstel" pos="NOUN">borstels</instance>
         <wf lemma="van" pos="X">van</wf>
         <wf lemma="de" pos="X">de</wf>
         <wf lemma="motor" pos="X">motor</wf>
         <wf lemma="waren" pos="X">waren</wf>
         <wf lemma="volledig" pos="X">volledig</wf>
         <wf lemma="afgesleten" pos="X">afgesleten</wf>
         <wf lemma="." pos="X">.</wf>
      </sentence>
      <sentence id="d000.s334" source="wordnet-dutch">
         <wf lemma="Om" pos="X">Om</wf>
         <wf lemma="onze" pos="X">onze</wf>
         <wf lemma="database" pos="X">database</wf>
         <wf lemma="te" pos="X">te</wf>
         <wf lemma="kunnen" pos="X">kunnen</wf>
         <wf lemma="raadplegen" pos="X">raadplegen</wf>
         <wf lemma="," pos="X">,</wf>
         <wf lemma="moet" pos="X">moet</wf>
         <wf lemma="je" pos="X">je</wf>
         <wf lemma="je" pos="X">je</wf>
         <wf lemma="eerst" pos="X">eerst</wf>
         <wf lemma="via" pos="X">via</wf>
         <wf lemma="een" pos="X">een</wf>
         <wf lemma="wachtwoord" pos="X">wachtwoord</wf>
         <instance id="d000.s334.t000" lemma="aanmelden" pos="VERB">aanmelden</instance>
         <wf lemma="." pos="X">.</wf>
      </sentence>
      <sentence id="d000.s335" source="wordnet-dutch">
         <wf lemma="witte" pos="X">witte</wf>
         <wf lemma="stranden" pos="X">stranden</wf>
         <wf lemma="vol" pos="X">vol</wf>
         <wf lemma="wuivende" pos="X">wuivende</wf>
         <instance id="d000.s335.t000" lemma="palmboom" pos="NOUN">palmbomen</instance>
         <wf lemma="." pos="X">.</wf>
      </sentence>
      <sentence id="d000.s336" source="wordnet-dutch">
         <wf lemma="tijdens" pos="X">tijdens</wf>
         <wf lemma="de" pos="X">de</wf>
         <wf lemma="operatie" pos="X">operatie</wf>
         <wf lemma="zijn" pos="X">zijn</wf>
         <wf lemma="er" pos="X">er</wf>
         <wf lemma="ernstige" pos="X">ernstige</wf>
         <wf lemma="complicaties" pos="X">complicaties</wf>
         <instance id="d000.s336.t000" lemma="optreden" pos="VERB">opgetreden</instance>
         <wf lemma="." pos="X">.</wf>
      </sentence>
      <sentence id="d000.s337" source="wordnet-dutch">
         <wf lemma="de" pos="X">de</wf>
         <wf lemma="onderhandelaars" pos="X">onderhandelaars</wf>
         <wf lemma="van" pos="X">van</wf>
         <wf lemma="de" pos="X">de</wf>
         <wf lemma="vakbond" pos="X">vakbond</wf>
         <instance id="d000.s337.t000" lemma="confereren" pos="VERB">confereerden</instance>
         <wf lemma="intensief" pos="X">intensief</wf>
         <wf lemma="met" pos="X">met</wf>
         <wf lemma="de" pos="X">de</wf>
         <wf lemma="werkgevers" pos="X">werkgevers</wf>
         <wf lemma="." pos="X">.</wf>
      </sentence>
      <sentence id="d000.s338" source="wordnet-dutch">
         <wf lemma="als" pos="X">als</wf>
         <wf lemma="ik" pos="X">ik</wf>
         <wf lemma="enig" pos="X">enig</wf>
         <wf lemma="schamper" pos="X">schamper</wf>
         <wf lemma="gelach" pos="X">gelach</wf>
         <instance id="d000.s338.t000" lemma="bemerken" pos="VERB">bemerk</instance>
         <wf lemma="," pos="X">,</wf>
         <wf lemma="trek" pos="X">trek</wf>
         <wf lemma="ik" pos="X">ik</wf>
         <wf lemma="mijn" pos="X">mijn</wf>
         <wf lemma="mes" pos="X">mes</wf>
         <wf lemma="." pos="X">.</wf>
      </sentence>
      <sentence id="d000.s339" source="wordnet-dutch">
         <wf lemma="Een" pos="X">Een</wf>
         <wf lemma="combinatie" pos="X">combinatie</wf>
         <wf lemma="van" pos="X">van</wf>
         <instance id="d000.s339.t000" lemma="flexibiliteit" pos="NOUN">flexibiliteit</instance>
         <wf lemma="," pos="X">,</wf>
         <wf lemma="balans" pos="X">balans</wf>
         <wf lemma="en" pos="X">en</wf>
         <wf lemma="kracht" pos="X">kracht</wf>
         <wf lemma="resulteert" pos="X">resulteert</wf>
         <wf lemma="in" pos="X">in</wf>
         <wf lemma="een" pos="X">een</wf>
         <wf lemma="prachtige" pos="X">prachtige</wf>
         <wf lemma="act." pos="X">act.</wf>
      </sentence>
      <sentence id="d000.s340" source="wordnet-dutch">
         <wf lemma="de" pos="X">de</wf>
         <wf lemma="gewoonte" pos="X">gewoonte</wf>
         <wf lemma="van" pos="X">van</wf>
         <wf lemma="de" pos="X">de</wf>
         <wf lemma="Sinterklaasviering" pos="X">Sinterklaasviering</wf>
         <wf lemma="zal" pos="X">zal</wf>
         <wf lemma="naar" pos="X">naar</wf>
         <wf lemma="verwachting" pos="X">verwachting</wf>
         <wf lemma="nog" pos="X">nog</wf>
         <wf lemma="lang" pos="X">lang</wf>
         <instance id="d000.s340.t000" lemma="standhouden" pos="VERB">standhouden</instance>
         <wf lemma="." pos="X">.</wf>
      </sentence>
      <sentence id="d000.s341" source="wordnet-dutch">
         <wf lemma="het" pos="X">het</wf>
         <wf lemma="huis" pos="X">huis</wf>
         <wf lemma="is" pos="X">is</wf>
         <wf lemma="van" pos="X">van</wf>
         <wf lemma="alle" pos="X">alle</wf>
         <instance id="d000.s341.t000" lemma="gemak" pos="NOUN">gemakken</instance>
         <wf lemma="voorzien" pos="X">voorzien</wf>
         <wf lemma="." pos="X">.</wf>
      </sentence>
      <sentence id="d000.s342" source="wordnet-dutch">
         <wf lemma="Marcel" pos="X">Marcel</wf>
         <wf lemma="draagt" pos="X">draagt</wf>
         <wf lemma="een" pos="X">een</wf>
         <wf lemma="donker" pos="X">donker</wf>
         <instance id="d000.s342.t000" lemma="pak" pos="NOUN">pak</instance>
         <wf lemma="met" pos="X">met</wf>
         <wf lemma="opvallend" pos="X">opvallend</wf>
         <wf lemma="grote" pos="X">grote</wf>
         <wf lemma="knopen" pos="X">knopen</wf>
         <wf lemma="." pos="X">.</wf>
      </sentence>
      <sentence id="d000.s343" source="wordnet-dutch">
         <wf lemma="Je" pos="X">Je</wf>
         <wf lemma="ziet" pos="X">ziet</wf>
         <wf lemma="veel" pos="X">veel</wf>
         <wf lemma="verschillende" pos="X">verschillende</wf>
         <instance id="d000.s343.t000" lemma="cultuur" pos="NOUN">culturen</instance>
         <wf lemma="terug" pos="X">terug</wf>
         <wf lemma="in" pos="X">in</wf>
         <wf lemma="de" pos="X">de</wf>
         <wf lemma="stad" pos="X">stad</wf>
         <wf lemma="." pos="X">.</wf>
      </sentence>
      <sentence id="d000.s344" source="wordnet-dutch">
         <wf lemma="hij" pos="X">hij</wf>
         <wf lemma="kan" pos="X">kan</wf>
         <wf lemma="ieder" pos="X">ieder</wf>
         <instance id="d000.s344.t000" lemma="ogenblik" pos="NOUN">ogenblik</instance>
         <wf lemma="binnenstappen" pos="X">binnenstappen</wf>
         <wf lemma="," pos="X">,</wf>
         <wf lemma="dus" pos="X">dus</wf>
         <wf lemma="wacht" pos="X">wacht</wf>
         <wf lemma="maar" pos="X">maar</wf>
         <wf lemma="even" pos="X">even</wf>
         <wf lemma="." pos="X">.</wf>
      </sentence>
      <sentence id="d000.s345" source="wordnet-dutch">
         <wf lemma="hij" pos="X">hij</wf>
         <instance id="d000.s345.t000" lemma="roepen" pos="VERB">riep</instance>
         <wf lemma="iets" pos="X">iets</wf>
         <wf lemma="," pos="X">,</wf>
         <wf lemma="maar" pos="X">maar</wf>
         <wf lemma="ik" pos="X">ik</wf>
         <wf lemma="kon" pos="X">kon</wf>
         <wf lemma="niet" pos="X">niet</wf>
         <wf lemma="verstaan" pos="X">verstaan</wf>
         <wf lemma="wat" pos="X">wat</wf>
         <wf lemma="." pos="X">.</wf>
      </sentence>
      <sentence id="d000.s346" source="wordnet-dutch">
         <wf lemma="zou" pos="X">zou</wf>
         <wf lemma="je" pos="X">je</wf>
         <wf lemma="die" pos="X">die</wf>
         <wf lemma="brief" pos="X">brief</wf>
         <wf lemma="voor" pos="X">voor</wf>
         <wf lemma="mij" pos="X">mij</wf>
         <wf lemma="kunnen" pos="X">kunnen</wf>
         <instance id="d000.s346.t000" lemma="tikken" pos="VERB">tikken</instance>
         <wf lemma="?" pos="X">?</wf>
      </sentence>
      <sentence id="d000.s347" source="wordnet-dutch">
         <wf lemma="het" pos="X">het</wf>
         <wf lemma="gemeentebestuur" pos="X">gemeentebestuur</wf>
         <wf lemma="had" pos="X">had</wf>
         <wf lemma="dat" pos="X">dat</wf>
         <wf lemma="geld" pos="X">geld</wf>
         <wf lemma="oorspronkelijk" pos="X">oorspronkelijk</wf>
         <instance id="d000.s347.t000" lemma="reserveren" pos="VERB">gereserveerd</instance>
         <wf lemma="voor" pos="X">voor</wf>
         <wf lemma="het" pos="X">het</wf>
         <wf lemma="onderhoud" pos="X">onderhoud</wf>
         <wf lemma="van" pos="X">van</wf>
         <wf lemma="het" pos="X">het</wf>
         <wf lemma="park" pos="X">park</wf>
         <wf lemma="." pos="X">.</wf>
      </sentence>
      <sentence id="d000.s348" source="wordnet-dutch">
         <wf lemma="het" pos="X">het</wf>
         <wf lemma="huis" pos="X">huis</wf>
         <wf lemma="is" pos="X">is</wf>
         <wf lemma="in" pos="X">in</wf>
         <wf lemma="goede" pos="X">goede</wf>
         <instance id="d000.s348.t000" lemma="staat" pos="NOUN">staat</instance>
         <wf lemma="." pos="X">.</wf>
      </sentence>
      <sentence id="d000.s349" source="wordnet-dutch">
         <wf lemma="er" pos="X">er</wf>
         <wf lemma="komt/rolt" pos="X">komt/rolt</wf>
         <wf lemma="een" pos="X">een</wf>
         <wf lemma="bericht" pos="X">bericht</wf>
         <wf lemma="uit" pos="X">uit</wf>
         <wf lemma="de" pos="X">de</wf>
         <instance id="d000.s349.t000" lemma="fax" pos="NOUN">fax</instance>
         <wf lemma="." pos="X">.</wf>
      </sentence>
      <sentence id="d000.s350" source="wordnet-dutch">
         <wf lemma="alleen" pos="X">alleen</wf>
         <wf lemma="naar" pos="X">naar</wf>
         <wf lemma="voren" pos="X">voren</wf>
         <wf lemma="fietsen" pos="X">fietsen</wf>
         <wf lemma="kost" pos="X">kost</wf>
         <wf lemma="veel" pos="X">veel</wf>
         <instance id="d000.s350.t000" lemma="kracht" pos="NOUN">kracht</instance>
         <wf lemma="." pos="X">.</wf>
      </sentence>
      <sentence id="d000.s351" source="wordnet-dutch">
         <wf lemma="er" pos="X">er</wf>
         <wf lemma="zijn" pos="X">zijn</wf>
         <wf lemma="vandaag" pos="X">vandaag</wf>
         <wf lemma="twee" pos="X">twee</wf>
         <wf lemma="doden" pos="X">doden</wf>
         <wf lemma="gevallen" pos="X">gevallen</wf>
         <wf lemma="bij" pos="X">bij</wf>
         <wf lemma="een" pos="X">een</wf>
         <instance id="d000.s351.t000" lemma="schietpartij" pos="NOUN">schietpartij</instance>
         <wf lemma="." pos="X">.</wf>
      </sentence>
      <sentence id="d000.s352" source="wordnet-dutch">
         <wf lemma="veel" pos="X">veel</wf>
         <wf lemma="mensen" pos="X">mensen</wf>
         <wf lemma="keken" pos="X">keken</wf>
         <wf lemma="bij" pos="X">bij</wf>
         <wf lemma="de" pos="X">de</wf>
         <wf lemma="brand" pos="X">brand</wf>
         <wf lemma="," pos="X">,</wf>
         <wf lemma="omdat" pos="X">omdat</wf>
         <wf lemma="het" pos="X">het</wf>
         <wf lemma="huis" pos="X">huis</wf>
         <wf lemma="lekker" pos="X">lekker</wf>
         <wf lemma="stond" pos="X">stond</wf>
         <wf lemma="te" pos="X">te</wf>
         <instance id="d000.s352.t000" lemma="fikken" pos="VERB">fikken</instance>
         <wf lemma="." pos="X">.</wf>
      </sentence>
      <sentence id="d000.s353" source="wordnet-dutch">
         <wf lemma="er" pos="X">er</wf>
         <wf lemma="is" pos="X">is</wf>
         <wf lemma="een" pos="X">een</wf>
         <wf lemma="kalfje" pos="X">kalfje</wf>
         <wf lemma="geboren" pos="X">geboren</wf>
         <wf lemma="op" pos="X">op</wf>
         <wf lemma="de" pos="X">de</wf>
         <instance id="d000.s353.t000" lemma="boerderij" pos="NOUN">boerderij</instance>
         <wf lemma="." pos="X">.</wf>
      </sentence>
      <sentence id="d000.s354" source="wordnet-dutch">
         <wf lemma="hij" pos="X">hij</wf>
         <wf lemma="werd" pos="X">werd</wf>
         <wf lemma="beschuldigd" pos="X">beschuldigd</wf>
         <wf lemma="van" pos="X">van</wf>
         <instance id="d000.s354.t000" lemma="wandaad" pos="NOUN">wandaden</instance>
         <wf lemma="tegen" pos="X">tegen</wf>
         <wf lemma="de" pos="X">de</wf>
         <wf lemma="gevangenen" pos="X">gevangenen</wf>
         <wf lemma="." pos="X">.</wf>
      </sentence>
      <sentence id="d000.s355" source="wordnet-dutch">
         <wf lemma="Aangezien" pos="X">Aangezien</wf>
         <wf lemma="een" pos="X">een</wf>
         <wf lemma="Marsdag" pos="X">Marsdag</wf>
         <wf lemma="slechts" pos="X">slechts</wf>
         <wf lemma="ietsje" pos="X">ietsje</wf>
         <wf lemma="langer" pos="X">langer</wf>
         <wf lemma="duurt" pos="X">duurt</wf>
         <wf lemma="dan" pos="X">dan</wf>
         <wf lemma="op" pos="X">op</wf>
         <wf lemma="Aarde" pos="X">Aarde</wf>
         <wf lemma="duurt" pos="X">duurt</wf>
         <wf lemma="een" pos="X">een</wf>
         <instance id="d000.s355.t000" lemma="jaar" pos="NOUN">jaar</instance>
         <wf lemma="op" pos="X">op</wf>
         <wf lemma="Mars" pos="X">Mars</wf>
         <wf lemma="dus" pos="X">dus</wf>
         <wf lemma="bijna" pos="X">bijna</wf>
         <wf lemma="twee" pos="X">twee</wf>
         <wf lemma="keer" pos="X">keer</wf>
         <wf lemma="zo" pos="X">zo</wf>
         <wf lemma="lang" pos="X">lang</wf>
         <wf lemma="als" pos="X">als</wf>
         <wf lemma="bij" pos="X">bij</wf>
         <wf lemma="ons" pos="X">ons</wf>
         <wf lemma="." pos="X">.</wf>
      </sentence>
      <sentence id="d000.s356" source="wordnet-dutch">
         <wf lemma="op" pos="X">op</wf>
         <wf lemma="twee" pos="X">twee</wf>
         <wf lemma="speeldagen" pos="X">speeldagen</wf>
         <wf lemma="van" pos="X">van</wf>
         <wf lemma="het" pos="X">het</wf>
         <wf lemma="einde" pos="X">einde</wf>
         <wf lemma="heeft" pos="X">heeft</wf>
         <wf lemma="Anderlecht" pos="X">Anderlecht</wf>
         <wf lemma="de" pos="X">de</wf>
         <instance id="d000.s356.t000" lemma="leiding" pos="NOUN">leiding</instance>
         <wf lemma="overgenomen" pos="X">overgenomen</wf>
         <wf lemma="van" pos="X">van</wf>
         <wf lemma="Lierse" pos="X">Lierse</wf>
         <wf lemma="." pos="X">.</wf>
      </sentence>
      <sentence id="d000.s357" source="wordnet-dutch">
         <wf lemma="als" pos="X">als</wf>
         <wf lemma="ik" pos="X">ik</wf>
         <wf lemma="de" pos="X">de</wf>
         <wf lemma="derde" pos="X">derde</wf>
         <wf lemma="partij" pos="X">partij</wf>
         <wf lemma="kan" pos="X">kan</wf>
         <wf lemma="bereiken" pos="X">bereiken</wf>
         <wf lemma="kunnen" pos="X">kunnen</wf>
         <wf lemma="we" pos="X">we</wf>
         <wf lemma="de" pos="X">de</wf>
         <wf lemma="procedure" pos="X">procedure</wf>
         <wf lemma="even" pos="X">even</wf>
         <instance id="d000.s357.t000" lemma="kortsluiten" pos="VERB">kortsluiten</instance>
         <wf lemma="." pos="X">.</wf>
      </sentence>
      <sentence id="d000.s358" source="wordnet-dutch">
         <wf lemma="dieren/insecten" pos="X">dieren/insecten</wf>
         <wf lemma="vernietigen" pos="X">vernietigen</wf>
         <wf lemma="in" pos="X">in</wf>
         <wf lemma="een" pos="X">een</wf>
         <instance id="d000.s358.t000" lemma="gaskamer" pos="NOUN">gaskamer</instance>
         <wf lemma="." pos="X">.</wf>
      </sentence>
      <sentence id="d000.s359" source="wordnet-dutch">
         <wf lemma="met" pos="X">met</wf>
         <wf lemma="vier" pos="X">vier</wf>
         <wf lemma="pilsjes" pos="X">pilsjes</wf>
         <wf lemma="ben" pos="X">ben</wf>
         <wf lemma="ik" pos="X">ik</wf>
         <wf lemma="aan" pos="X">aan</wf>
         <wf lemma="mijn" pos="X">mijn</wf>
         <instance id="d000.s359.t000" lemma="taks" pos="NOUN">taks</instance>
         <wf lemma="." pos="X">.</wf>
      </sentence>
      <sentence id="d000.s360" source="wordnet-dutch">
         <wf lemma="er" pos="X">er</wf>
         <wf lemma="is" pos="X">is</wf>
         <wf lemma="een" pos="X">een</wf>
         <wf lemma="gebrek" pos="X">gebrek</wf>
         <wf lemma="aan" pos="X">aan</wf>
         <wf lemma="tehuizen" pos="X">tehuizen</wf>
         <wf lemma="die" pos="X">die</wf>
         <wf lemma="opvang" pos="X">opvang</wf>
         <wf lemma="en" pos="X">en</wf>
         <instance id="d000.s360.t000" lemma="verzorging" pos="NOUN">verzorging</instance>
         <wf lemma="bieden" pos="X">bieden</wf>
         <wf lemma="." pos="X">.</wf>
      </sentence>
      <sentence id="d000.s361" source="wordnet-dutch">
         <wf lemma="door" pos="X">door</wf>
         <wf lemma="de" pos="X">de</wf>
         <wf lemma="lichte" pos="X">lichte</wf>
         <wf lemma="wind" pos="X">wind</wf>
         <instance id="d000.s361.t000" lemma="ritselen" pos="VERB">ritselde</instance>
         <wf lemma="het" pos="X">het</wf>
         <wf lemma="stuikgewas" pos="X">stuikgewas</wf>
         <wf lemma="." pos="X">.</wf>
      </sentence>
      <sentence id="d000.s362" source="wordnet-dutch">
         <wf lemma="uit" pos="X">uit</wf>
         <wf lemma="alle" pos="X">alle</wf>
         <instance id="d000.s362.t000" lemma="hoek" pos="NOUN">hoeken</instance>
         <wf lemma="van" pos="X">van</wf>
         <wf lemma="het" pos="X">het</wf>
         <wf lemma="land" pos="X">land</wf>
         <wf lemma="waren" pos="X">waren</wf>
         <wf lemma="ze" pos="X">ze</wf>
         <wf lemma="naar" pos="X">naar</wf>
         <wf lemma="de" pos="X">de</wf>
         <wf lemma="manifestatie" pos="X">manifestatie</wf>
         <wf lemma="gekomen" pos="X">gekomen</wf>
         <wf lemma="." pos="X">.</wf>
      </sentence>
      <sentence id="d000.s363" source="wordnet-dutch">
         <wf lemma="als" pos="X">als</wf>
         <wf lemma="er" pos="X">er</wf>
         <wf lemma="daar" pos="X">daar</wf>
         <wf lemma="een" pos="X">een</wf>
         <instance id="d000.s363.t000" lemma="vacature" pos="NOUN">vacature</instance>
         <wf lemma="vrijkomt" pos="X">vrijkomt</wf>
         <wf lemma="wil" pos="X">wil</wf>
         <wf lemma="ik" pos="X">ik</wf>
         <wf lemma="er" pos="X">er</wf>
         <wf lemma="wel" pos="X">wel</wf>
         <wf lemma="op" pos="X">op</wf>
         <wf lemma="solliciteren" pos="X">solliciteren</wf>
         <wf lemma="." pos="X">.</wf>
      </sentence>
      <sentence id="d000.s364" source="wordnet-dutch">
         <wf lemma="een" pos="X">een</wf>
         <wf lemma="wandeling" pos="X">wandeling</wf>
         <wf lemma="na" pos="X">na</wf>
         <wf lemma="het" pos="X">het</wf>
         <wf lemma="eten" pos="X">eten</wf>
         <wf lemma="bevordert" pos="X">bevordert</wf>
         <wf lemma="de" pos="X">de</wf>
         <instance id="d000.s364.t000" lemma="spijsvertering" pos="NOUN">spijsvertering</instance>
         <wf lemma="." pos="X">.</wf>
      </sentence>
      <sentence id="d000.s365" source="wordnet-dutch">
         <wf lemma="Het" pos="X">Het</wf>
         <instance id="d000.s365.t000" lemma="opzet" pos="NOUN">opzet</instance>
         <wf lemma="van" pos="X">van</wf>
         <wf lemma="het" pos="X">het</wf>
         <wf lemma="plan" pos="X">plan</wf>
         <wf lemma="was" pos="X">was</wf>
         <wf lemma="tweevouding" pos="X">tweevouding</wf>
         <wf lemma=":" pos="X">:</wf>
         <wf lemma="de" pos="X">de</wf>
         <wf lemma="instandhouding" pos="X">instandhouding</wf>
         <wf lemma="van" pos="X">van</wf>
         <wf lemma="het" pos="X">het</wf>
         <wf lemma="gebouw" pos="X">gebouw</wf>
         <wf lemma="en" pos="X">en</wf>
         <wf lemma="het" pos="X">het</wf>
         <wf lemma="gebouw" pos="X">gebouw</wf>
         <wf lemma="een" pos="X">een</wf>
         <wf lemma="dynamiek" pos="X">dynamiek</wf>
         <wf lemma="geven" pos="X">geven</wf>
         <wf lemma="met" pos="X">met</wf>
         <wf lemma="wat" pos="X">wat</wf>
         <wf lemma="in" pos="X">in</wf>
         <wf lemma="die" pos="X">die</wf>
         <wf lemma="tijd" pos="X">tijd</wf>
         <wf lemma="artistiek" pos="X">artistiek</wf>
         <wf lemma="verantwoorde" pos="X">verantwoorde</wf>
         <wf lemma="activiteiten" pos="X">activiteiten</wf>
         <wf lemma="waren" pos="X">waren</wf>
         <wf lemma="." pos="X">.</wf>
      </sentence>
      <sentence id="d000.s366" source="wordnet-dutch">
         <wf lemma="er" pos="X">er</wf>
         <wf lemma="mag" pos="X">mag</wf>
         <wf lemma="geen" pos="X">geen</wf>
         <instance id="d000.s366.t000" lemma="handel" pos="NOUN">handel</instance>
         <wf lemma="meer" pos="X">meer</wf>
         <wf lemma="worden" pos="X">worden</wf>
         <wf lemma="gevoerd" pos="X">gevoerd</wf>
         <wf lemma="met" pos="X">met</wf>
         <wf lemma="dat" pos="X">dat</wf>
         <wf lemma="land" pos="X">land</wf>
         <wf lemma="." pos="X">.</wf>
      </sentence>
      <sentence id="d000.s367" source="wordnet-dutch">
         <wf lemma="welke" pos="X">welke</wf>
         <instance id="d000.s367.t000" lemma="criterium" pos="NOUN">criteria</instance>
         <wf lemma="hanteert" pos="X">hanteert</wf>
         <wf lemma="u" pos="X">u</wf>
         <wf lemma="daarbij" pos="X">daarbij</wf>
         <wf lemma="?" pos="X">?</wf>
      </sentence>
      <sentence id="d000.s368" source="wordnet-dutch">
         <wf lemma="heeft" pos="X">heeft</wf>
         <wf lemma="u" pos="X">u</wf>
         <wf lemma="een" pos="X">een</wf>
         <wf lemma="paar" pos="X">paar</wf>
         <wf lemma="losse" pos="X">losse</wf>
         <instance id="d000.s368.t000" lemma="cent" pos="NOUN">centen</instance>
         <wf lemma="voor" pos="X">voor</wf>
         <wf lemma="een" pos="X">een</wf>
         <wf lemma="arme" pos="X">arme</wf>
         <wf lemma="sodemieter" pos="X">sodemieter</wf>
         <wf lemma="?" pos="X">?</wf>
      </sentence>
      <sentence id="d000.s369" source="wordnet-dutch">
         <wf lemma="halverwege" pos="X">halverwege</wf>
         <wf lemma="de" pos="X">de</wf>
         <instance id="d000.s369.t000" lemma="klim" pos="NOUN">klim</instance>
         <wf lemma="begon" pos="X">begon</wf>
         <wf lemma="hij" pos="X">hij</wf>
         <wf lemma="te" pos="X">te</wf>
         <wf lemma="klagen" pos="X">klagen</wf>
         <wf lemma="over" pos="X">over</wf>
         <wf lemma="benauwdheid" pos="X">benauwdheid</wf>
         <wf lemma="." pos="X">.</wf>
      </sentence>
      <sentence id="d000.s370" source="wordnet-dutch">
         <wf lemma="deze" pos="X">deze</wf>
         <wf lemma="gitarist" pos="X">gitarist</wf>
         <instance id="d000.s370.t000" lemma="vervelen" pos="VERB">verveelde</instance>
         <wf lemma="me" pos="X">me</wf>
         <wf lemma="mateloos" pos="X">mateloos</wf>
         <wf lemma="met" pos="X">met</wf>
         <wf lemma="zijn" pos="X">zijn</wf>
         <wf lemma="onophoudelijke" pos="X">onophoudelijke</wf>
         <wf lemma="solo's" pos="X">solo's</wf>
         <wf lemma="." pos="X">.</wf>
      </sentence>
      <sentence id="d000.s371" source="wordnet-dutch">
         <wf lemma="het" pos="X">het</wf>
         <wf lemma="besluit" pos="X">besluit</wf>
         <wf lemma="tot" pos="X">tot</wf>
         <wf lemma="de" pos="X">de</wf>
         <instance id="d000.s371.t000" lemma="verwijdering" pos="NOUN">verwijdering</instance>
         <wf lemma="van" pos="X">van</wf>
         <wf lemma="die" pos="X">die</wf>
         <wf lemma="reclameborden" pos="X">reclameborden</wf>
         <wf lemma="werd" pos="X">werd</wf>
         <wf lemma="unaniem" pos="X">unaniem</wf>
         <wf lemma="genomen" pos="X">genomen</wf>
         <wf lemma="." pos="X">.</wf>
      </sentence>
      <sentence id="d000.s372" source="wordnet-dutch">
         <wf lemma="de" pos="X">de</wf>
         <wf lemma="zon" pos="X">zon</wf>
         <wf lemma="stond" pos="X">stond</wf>
         <wf lemma="al" pos="X">al</wf>
         <wf lemma="hoog" pos="X">hoog</wf>
         <wf lemma="aan" pos="X">aan</wf>
         <wf lemma="de" pos="X">de</wf>
         <instance id="d000.s372.t000" lemma="hemel" pos="NOUN">hemel</instance>
         <wf lemma="toen" pos="X">toen</wf>
         <wf lemma="ze" pos="X">ze</wf>
         <wf lemma="eindelijk" pos="X">eindelijk</wf>
         <wf lemma="opstond" pos="X">opstond</wf>
         <wf lemma="." pos="X">.</wf>
      </sentence>
      <sentence id="d000.s373" source="wordnet-dutch">
         <wf lemma="de" pos="X">de</wf>
         <wf lemma="scan" pos="X">scan</wf>
         <wf lemma="vertoont" pos="X">vertoont</wf>
         <wf lemma="geen" pos="X">geen</wf>
         <instance id="d000.s373.t000" lemma="afwijking" pos="NOUN">afwijkingen</instance>
         <wf lemma="." pos="X">.</wf>
      </sentence>
      <sentence id="d000.s374" source="wordnet-dutch">
         <wf lemma="hij" pos="X">hij</wf>
         <wf lemma="heeft" pos="X">heeft</wf>
         <wf lemma="weten" pos="X">weten</wf>
         <wf lemma="te" pos="X">te</wf>
         <instance id="d000.s374.t000" lemma="bewerkstelligen" pos="VERB">bewerkstelligen</instance>
         <wf lemma="dat" pos="X">dat</wf>
         <wf lemma="ik" pos="X">ik</wf>
         <wf lemma="niet" pos="X">niet</wf>
         <wf lemma="meer" pos="X">meer</wf>
         <wf lemma="elke" pos="X">elke</wf>
         <wf lemma="dag" pos="X">dag</wf>
         <wf lemma="naar" pos="X">naar</wf>
         <wf lemma="Brussel" pos="X">Brussel</wf>
         <wf lemma="moest" pos="X">moest</wf>
         <wf lemma="gaan" pos="X">gaan</wf>
         <wf lemma="." pos="X">.</wf>
      </sentence>
      <sentence id="d000.s375" source="wordnet-dutch">
         <wf lemma="die" pos="X">die</wf>
         <wf lemma="schrijver" pos="X">schrijver</wf>
         <instance id="d000.s375.t000" lemma="debuteren" pos="VERB">debuteerde</instance>
         <wf lemma="met" pos="X">met</wf>
         <wf lemma="een" pos="X">een</wf>
         <wf lemma="bundel" pos="X">bundel</wf>
         <wf lemma="verzen" pos="X">verzen</wf>
         <wf lemma="." pos="X">.</wf>
      </sentence>
      <sentence id="d000.s376" source="wordnet-dutch">
         <wf lemma="hij" pos="X">hij</wf>
         <wf lemma="kreeg" pos="X">kreeg</wf>
         <instance id="d000.s376.t000" lemma="permissie" pos="NOUN">permissie</instance>
         <wf lemma="om" pos="X">om</wf>
         <wf lemma="te" pos="X">te</wf>
         <wf lemma="vertrekken" pos="X">vertrekken</wf>
         <wf lemma="." pos="X">.</wf>
      </sentence>
      <sentence id="d000.s377" source="wordnet-dutch">
         <wf lemma="zijn" pos="X">zijn</wf>
         <wf lemma="uitleg" pos="X">uitleg</wf>
         <wf lemma="was" pos="X">was</wf>
         <wf lemma="te" pos="X">te</wf>
         <wf lemma="moeilijk" pos="X">moeilijk</wf>
         <wf lemma="voor" pos="X">voor</wf>
         <wf lemma="mij" pos="X">mij</wf>
         <wf lemma="om" pos="X">om</wf>
         <wf lemma="te" pos="X">te</wf>
         <instance id="d000.s377.t000" lemma="vatten" pos="VERB">vatten</instance>
         <wf lemma="." pos="X">.</wf>
      </sentence>
      <sentence id="d000.s378" source="wordnet-dutch">
         <wf lemma="ik" pos="X">ik</wf>
         <instance id="d000.s378.t000" lemma="mogen" pos="VERB">mag</instance>
         <wf lemma="haar" pos="X">haar</wf>
         <wf lemma="wel" pos="X">wel</wf>
         <wf lemma="." pos="X">.</wf>
      </sentence>
      <sentence id="d000.s379" source="wordnet-dutch">
         <wf lemma="de" pos="X">de</wf>
         <instance id="d000.s379.t000" lemma="handtekening" pos="NOUN">handtekening</instance>
         <wf lemma="op" pos="X">op</wf>
         <wf lemma="het" pos="X">het</wf>
         <wf lemma="document" pos="X">document</wf>
         <wf lemma="bleek" pos="X">bleek</wf>
         <wf lemma="vervalst" pos="X">vervalst</wf>
         <wf lemma="." pos="X">.</wf>
      </sentence>
      <sentence id="d000.s380" source="wordnet-dutch">
         <wf lemma="wie" pos="X">wie</wf>
         <wf lemma="zou" pos="X">zou</wf>
         <wf lemma="er" pos="X">er</wf>
         <wf lemma="toch" pos="X">toch</wf>
         <wf lemma="achter" pos="X">achter</wf>
         <wf lemma="die" pos="X">die</wf>
         <wf lemma="naam" pos="X">naam</wf>
         <instance id="d000.s380.t000" lemma="schuilgaan" pos="VERB">schuilgaan</instance>
         <wf lemma="?" pos="X">?</wf>
      </sentence>
      <sentence id="d000.s381" source="wordnet-dutch">
         <wf lemma="de" pos="X">de</wf>
         <wf lemma="studenten" pos="X">studenten</wf>
         <wf lemma="gedragen" pos="X">gedragen</wf>
         <wf lemma="zich" pos="X">zich</wf>
         <wf lemma="als" pos="X">als</wf>
         <wf lemma="een" pos="X">een</wf>
         <wf lemma="stelletje" pos="X">stelletje</wf>
         <instance id="d000.s381.t000" lemma="puber" pos="NOUN">pubers</instance>
         <wf lemma="." pos="X">.</wf>
      </sentence>
      <sentence id="d000.s382" source="wordnet-dutch">
         <wf lemma="ik" pos="X">ik</wf>
         <wf lemma="moet" pos="X">moet</wf>
         <wf lemma="meneer" pos="X">meneer</wf>
         <wf lemma="Van" pos="X">Van</wf>
         <wf lemma="der" pos="X">der</wf>
         <wf lemma="Vliet" pos="X">Vliet</wf>
         <instance id="d000.s382.t000" lemma="hebben" pos="VERB">hebben</instance>
         <wf lemma="." pos="X">.</wf>
      </sentence>
      <sentence id="d000.s383" source="wordnet-dutch">
         <wf lemma="De" pos="X">De</wf>
         <wf lemma="belangrijkste" pos="X">belangrijkste</wf>
         <wf lemma="Griekse" pos="X">Griekse</wf>
         <wf lemma="steden" pos="X">steden</wf>
         <wf lemma="vormden" pos="X">vormden</wf>
         <wf lemma="een" pos="X">een</wf>
         <instance id="d000.s383.t000" lemma="bond" pos="NOUN">bond</instance>
         <wf lemma="en" pos="X">en</wf>
         <wf lemma="de" pos="X">de</wf>
         <wf lemma="vertegenwoordigers" pos="X">vertegenwoordigers</wf>
         <wf lemma="kwamen" pos="X">kwamen</wf>
         <wf lemma="één" pos="X">één</wf>
         <wf lemma="maal" pos="X">maal</wf>
         <wf lemma="per" pos="X">per</wf>
         <wf lemma="jaar" pos="X">jaar</wf>
         <wf lemma="bij" pos="X">bij</wf>
         <wf lemma="elkaar" pos="X">elkaar</wf>
         <wf lemma="." pos="X">.</wf>
      </sentence>
      <sentence id="d000.s384" source="wordnet-dutch">
         <wf lemma="ze" pos="X">ze</wf>
         <wf lemma="heeft" pos="X">heeft</wf>
         <wf lemma="het" pos="X">het</wf>
         <wf lemma="vorige" pos="X">vorige</wf>
         <wf lemma="week" pos="X">week</wf>
         <wf lemma="met" pos="X">met</wf>
         <wf lemma="haar" pos="X">haar</wf>
         <wf lemma="vriendje" pos="X">vriendje</wf>
         <instance id="d000.s384.t000" lemma="uitmaken" pos="VERB">uitgemaakt</instance>
         <wf lemma="." pos="X">.</wf>
      </sentence>
      <sentence id="d000.s385" source="wordnet-dutch">
         <wf lemma="op" pos="X">op</wf>
         <wf lemma="de" pos="X">de</wf>
         <wf lemma="deur" pos="X">deur</wf>
         <wf lemma="van" pos="X">van</wf>
         <wf lemma="zijn" pos="X">zijn</wf>
         <wf lemma="bureau" pos="X">bureau</wf>
         <instance id="d000.s385.t000" lemma="prijken" pos="VERB">prijkte</instance>
         <wf lemma="een" pos="X">een</wf>
         <wf lemma="naambordje" pos="X">naambordje</wf>
         <wf lemma="met" pos="X">met</wf>
         <wf lemma="de" pos="X">de</wf>
         <wf lemma="titel" pos="X">titel</wf>
         <wf lemma="'" pos="X">'</wf>
         <wf lemma="beëdigd" pos="X">beëdigd</wf>
         <wf lemma="vertaler" pos="X">vertaler</wf>
         <wf lemma="'" pos="X">'</wf>
         <wf lemma="." pos="X">.</wf>
      </sentence>
      <sentence id="d000.s386" source="wordnet-dutch">
         <wf lemma="langzaam" pos="X">langzaam</wf>
         <wf lemma="kwam" pos="X">kwam</wf>
         <wf lemma="de" pos="X">de</wf>
         <wf lemma="stoet" pos="X">stoet</wf>
         <wf lemma="in" pos="X">in</wf>
         <instance id="d000.s386.t000" lemma="beweging" pos="NOUN">beweging</instance>
         <wf lemma="." pos="X">.</wf>
      </sentence>
      <sentence id="d000.s387" source="wordnet-dutch">
         <wf lemma="ik" pos="X">ik</wf>
         <wf lemma="kan" pos="X">kan</wf>
         <wf lemma="dit" pos="X">dit</wf>
         <wf lemma="boek" pos="X">boek</wf>
         <wf lemma="van" pos="X">van</wf>
         <wf lemma="harte" pos="X">harte</wf>
         <instance id="d000.s387.t000" lemma="aanraden" pos="VERB">aanraden</instance>
         <wf lemma="." pos="X">.</wf>
      </sentence>
      <sentence id="d000.s388" source="wordnet-dutch">
         <wf lemma="het" pos="X">het</wf>
         <wf lemma="opsporen" pos="X">opsporen</wf>
         <wf lemma="van" pos="X">van</wf>
         <instance id="d000.s388.t000" lemma="fraudeur" pos="NOUN">fraudeurs</instance>
         <wf lemma="is" pos="X">is</wf>
         <wf lemma="een" pos="X">een</wf>
         <wf lemma="taak" pos="X">taak</wf>
         <wf lemma="van" pos="X">van</wf>
         <wf lemma="de" pos="X">de</wf>
         <wf lemma="FIOD" pos="X">FIOD</wf>
         <wf lemma="." pos="X">.</wf>
      </sentence>
      <sentence id="d000.s389" source="wordnet-dutch">
         <wf lemma="Er" pos="X">Er</wf>
         <wf lemma="zat" pos="X">zat</wf>
         <wf lemma="een" pos="X">een</wf>
         <wf lemma="vlek" pos="X">vlek</wf>
         <wf lemma="op" pos="X">op</wf>
         <wf lemma="de" pos="X">de</wf>
         <instance id="d000.s389.t000" lemma="borst" pos="NOUN">borst</instance>
         <wf lemma="van" pos="X">van</wf>
         <wf lemma="het" pos="X">het</wf>
         <wf lemma="shirt" pos="X">shirt</wf>
         <wf lemma="." pos="X">.</wf>
      </sentence>
      <sentence id="d000.s390" source="wordnet-dutch">
         <wf lemma="we" pos="X">we</wf>
         <instance id="d000.s390.t000" lemma="extrapoleren" pos="VERB">extrapoleren</instance>
         <wf lemma="de" pos="X">de</wf>
         <wf lemma="uitvoering" pos="X">uitvoering</wf>
         <wf lemma="van" pos="X">van</wf>
         <wf lemma="het" pos="X">het</wf>
         <wf lemma="plan" pos="X">plan</wf>
         <wf lemma="naar" pos="X">naar</wf>
         <wf lemma="de" pos="X">de</wf>
         <wf lemma="langere" pos="X">langere</wf>
         <wf lemma="termijn" pos="X">termijn</wf>
         <wf lemma="." pos="X">.</wf>
      </sentence>
      <sentence id="d000.s391" source="wordnet-dutch">
         <wf lemma="zij" pos="X">zij</wf>
         <wf lemma="is" pos="X">is</wf>
         <wf lemma="van" pos="X">van</wf>
         <wf lemma="onschatbare" pos="X">onschatbare</wf>
         <instance id="d000.s391.t000" lemma="waarde" pos="NOUN">waarde</instance>
         <wf lemma="voor" pos="X">voor</wf>
         <wf lemma="hem" pos="X">hem</wf>
         <wf lemma="." pos="X">.</wf>
      </sentence>
      <sentence id="d000.s392" source="wordnet-dutch">
         <wf lemma="vanavond" pos="X">vanavond</wf>
         <wf lemma="eten" pos="X">eten</wf>
         <wf lemma="we" pos="X">we</wf>
         <instance id="d000.s392.t000" lemma="bloemkool" pos="NOUN">bloemkool</instance>
         <wf lemma="," pos="X">,</wf>
         <wf lemma="bah/lekker" pos="X">bah/lekker</wf>
         <wf lemma="!" pos="X">!</wf>
      </sentence>
      <sentence id="d000.s393" source="wordnet-dutch">
         <wf lemma="de" pos="X">de</wf>
         <wf lemma="medewerker" pos="X">medewerker</wf>
         <wf lemma="van" pos="X">van</wf>
         <wf lemma="het" pos="X">het</wf>
         <wf lemma="bedrijf" pos="X">bedrijf</wf>
         <wf lemma="heeft" pos="X">heeft</wf>
         <wf lemma="de" pos="X">de</wf>
         <instance id="d000.s393.t000" lemma="gasleiding" pos="NOUN">gasleiding</instance>
         <wf lemma="lekgestoten" pos="X">lekgestoten</wf>
         <wf lemma="bij" pos="X">bij</wf>
         <wf lemma="de" pos="X">de</wf>
         <wf lemma="graafwerkzaamheden" pos="X">graafwerkzaamheden</wf>
         <wf lemma="." pos="X">.</wf>
      </sentence>
      <sentence id="d000.s394" source="wordnet-dutch">
         <wf lemma="met" pos="X">met</wf>
         <wf lemma="de" pos="X">de</wf>
         <instance id="d000.s394.t000" lemma="tram" pos="NOUN">tram</instance>
         <wf lemma="rijden/gaan" pos="X">rijden/gaan</wf>
         <wf lemma="." pos="X">.</wf>
      </sentence>
      <sentence id="d000.s395" source="wordnet-dutch">
         <wf lemma="de" pos="X">de</wf>
         <wf lemma="dieven" pos="X">dieven</wf>
         <wf lemma="hadden" pos="X">hadden</wf>
         <wf lemma="juwelen" pos="X">juwelen</wf>
         <wf lemma="uit" pos="X">uit</wf>
         <wf lemma="de" pos="X">de</wf>
         <wf lemma="vitrine" pos="X">vitrine</wf>
         <instance id="d000.s395.t000" lemma="roven" pos="VERB">geroofd</instance>
         <wf lemma="." pos="X">.</wf>
      </sentence>
      <sentence id="d000.s396" source="wordnet-dutch">
         <wf lemma="het" pos="X">het</wf>
         <wf lemma="nu" pos="X">nu</wf>
         <wf lemma="afgelopen" pos="X">afgelopen</wf>
         <wf lemma="project" pos="X">project</wf>
         <wf lemma="was" pos="X">was</wf>
         <wf lemma="een" pos="X">een</wf>
         <wf lemma="project" pos="X">project</wf>
         <wf lemma="met" pos="X">met</wf>
         <instance id="d000.s396.t000" lemma="hindernis" pos="NOUN">hindernissen</instance>
         <wf lemma="." pos="X">.</wf>
      </sentence>
      <sentence id="d000.s397" source="wordnet-dutch">
         <wf lemma="de" pos="X">de</wf>
         <wf lemma="verdediger" pos="X">verdediger</wf>
         <instance id="d000.s397.t000" lemma="lossen" pos="VERB">loste</instance>
         <wf lemma="de" pos="X">de</wf>
         <wf lemma="bal" pos="X">bal</wf>
         <wf lemma="zodat" pos="X">zodat</wf>
         <wf lemma="de" pos="X">de</wf>
         <wf lemma="keeper" pos="X">keeper</wf>
         <wf lemma="in" pos="X">in</wf>
         <wf lemma="kon" pos="X">kon</wf>
         <wf lemma="grijpen" pos="X">grijpen</wf>
         <wf lemma="." pos="X">.</wf>
      </sentence>
      <sentence id="d000.s398" source="wordnet-dutch">
         <wf lemma="het" pos="X">het</wf>
         <wf lemma="ingezamelde" pos="X">ingezamelde</wf>
         <wf lemma="bloed" pos="X">bloed</wf>
         <wf lemma="wordt" pos="X">wordt</wf>
         <instance id="d000.s398.t000" lemma="koelen" pos="VERB">gekoeld</instance>
         <wf lemma="." pos="X">.</wf>
      </sentence>
      <sentence id="d000.s399" source="wordnet-dutch">
         <wf lemma="hij" pos="X">hij</wf>
         <instance id="d000.s399.t000" lemma="frutselen" pos="VERB">frutselde</instance>
         <wf lemma="aan" pos="X">aan</wf>
         <wf lemma="haar" pos="X">haar</wf>
         <wf lemma="oorbel" pos="X">oorbel</wf>
         <wf lemma="." pos="X">.</wf>
      </sentence>
      <sentence id="d000.s400" source="wordnet-dutch">
         <wf lemma="Charles" pos="X">Charles</wf>
         <wf lemma="en" pos="X">en</wf>
         <wf lemma="Camilla" pos="X">Camilla</wf>
         <wf lemma="hebben" pos="X">hebben</wf>
         <wf lemma="al" pos="X">al</wf>
         <wf lemma="jaren" pos="X">jaren</wf>
         <wf lemma="een" pos="X">een</wf>
         <instance id="d000.s400.t000" lemma="affaire" pos="NOUN">affaire</instance>
         <wf lemma="met" pos="X">met</wf>
         <wf lemma="elkaar" pos="X">elkaar</wf>
         <wf lemma="." pos="X">.</wf>
      </sentence>
      <sentence id="d000.s401" source="wordnet-dutch">
         <wf lemma="het" pos="X">het</wf>
         <wf lemma="schip" pos="X">schip</wf>
         <wf lemma="rondde" pos="X">rondde</wf>
         <wf lemma="de" pos="X">de</wf>
         <instance id="d000.s401.t000" lemma="kaap" pos="NOUN">kaap</instance>
         <wf lemma="nog" pos="X">nog</wf>
         <wf lemma="in" pos="X">in</wf>
         <wf lemma="het" pos="X">het</wf>
         <wf lemma="duister" pos="X">duister</wf>
         <wf lemma="." pos="X">.</wf>
      </sentence>
      <sentence id="d000.s402" source="wordnet-dutch">
         <wf lemma="ik" pos="X">ik</wf>
         <wf lemma="moet" pos="X">moet</wf>
         <wf lemma="nog" pos="X">nog</wf>
         <wf lemma="twee" pos="X">twee</wf>
         <wf lemma="examens" pos="X">examens</wf>
         <instance id="d000.s402.t000" lemma="afleggen" pos="VERB">afleggen</instance>
         <wf lemma="." pos="X">.</wf>
      </sentence>
      <sentence id="d000.s403" source="wordnet-dutch">
         <wf lemma="zij" pos="X">zij</wf>
         <wf lemma="had" pos="X">had</wf>
         <wf lemma="zich" pos="X">zich</wf>
         <wf lemma="in" pos="X">in</wf>
         <wf lemma="het" pos="X">het</wf>
         <wf lemma="hotel" pos="X">hotel</wf>
         <wf lemma="ingeschreven" pos="X">ingeschreven</wf>
         <wf lemma="onder" pos="X">onder</wf>
         <wf lemma="haar" pos="X">haar</wf>
         <instance id="d000.s403.t000" lemma="artiestennaam" pos="NOUN">artiestennaam</instance>
         <wf lemma="." pos="X">.</wf>
      </sentence>
      <sentence id="d000.s404" source="wordnet-dutch">
         <wf lemma="het" pos="X">het</wf>
         <wf lemma="is" pos="X">is</wf>
         <wf lemma="ronduit" pos="X">ronduit</wf>
         <instance id="d000.s404.t000" lemma="bedroeven" pos="VERB">bedroevend</instance>
         <wf lemma="wat" pos="X">wat</wf>
         <wf lemma="je" pos="X">je</wf>
         <wf lemma="me" pos="X">me</wf>
         <wf lemma="vertelt" pos="X">vertelt</wf>
         <wf lemma="." pos="X">.</wf>
      </sentence>
      <sentence id="d000.s405" source="wordnet-dutch">
         <wf lemma="in" pos="X">in</wf>
         <wf lemma="de" pos="X">de</wf>
         <instance id="d000.s405.t000" lemma="cinema" pos="NOUN">cinema</instance>
         <wf lemma="wordt" pos="X">wordt</wf>
         <wf lemma="een" pos="X">een</wf>
         <wf lemma="nieuwe" pos="X">nieuwe</wf>
         <wf lemma="film" pos="X">film</wf>
         <wf lemma="vertoond" pos="X">vertoond</wf>
         <wf lemma="." pos="X">.</wf>
      </sentence>
      <sentence id="d000.s406" source="wordnet-dutch">
         <wf lemma="Een" pos="X">Een</wf>
         <instance id="d000.s406.t000" lemma="afzetting" pos="NOUN">afzetting</instance>
         <wf lemma="van" pos="X">van</wf>
         <wf lemma="de" pos="X">de</wf>
         <wf lemma="ledematen" pos="X">ledematen</wf>
         <wf lemma="kan" pos="X">kan</wf>
         <wf lemma="nodig" pos="X">nodig</wf>
         <wf lemma="zijn" pos="X">zijn</wf>
         <wf lemma="ter" pos="X">ter</wf>
         <wf lemma="voorkoming" pos="X">voorkoming</wf>
         <wf lemma="van" pos="X">van</wf>
         <wf lemma="verspreiding" pos="X">verspreiding</wf>
         <wf lemma="van" pos="X">van</wf>
         <wf lemma="de" pos="X">de</wf>
         <wf lemma="kwaal" pos="X">kwaal</wf>
         <wf lemma="." pos="X">.</wf>
      </sentence>
      <sentence id="d000.s407" source="wordnet-dutch">
         <wf lemma="Men" pos="X">Men</wf>
         <wf lemma="gelooft" pos="X">gelooft</wf>
         <wf lemma="dat" pos="X">dat</wf>
         <wf lemma="dit" pos="X">dit</wf>
         <instance id="d000.s407.t000" lemma="ritueel" pos="NOUN">ritueel</instance>
         <wf lemma="het" pos="X">het</wf>
         <wf lemma="land" pos="X">land</wf>
         <wf lemma="vruchtbaar" pos="X">vruchtbaar</wf>
         <wf lemma="maakt" pos="X">maakt</wf>
         <wf lemma="." pos="X">.</wf>
      </sentence>
      <sentence id="d000.s408" source="wordnet-dutch">
         <wf lemma="tegen" pos="X">tegen</wf>
         <instance id="d000.s408.t000" lemma="inlevering" pos="NOUN">inlevering</instance>
         <wf lemma="van" pos="X">van</wf>
         <wf lemma="deze" pos="X">deze</wf>
         <wf lemma="bon" pos="X">bon</wf>
         <wf lemma="krijgt" pos="X">krijgt</wf>
         <wf lemma="u" pos="X">u</wf>
         <wf lemma="gratis" pos="X">gratis</wf>
         <wf lemma="een" pos="X">een</wf>
         <wf lemma="kop" pos="X">kop</wf>
         <wf lemma="koffie" pos="X">koffie</wf>
         <wf lemma="." pos="X">.</wf>
      </sentence>
      <sentence id="d000.s409" source="wordnet-dutch">
         <wf lemma="wie" pos="X">wie</wf>
         <wf lemma="zit" pos="X">zit</wf>
         <wf lemma="er" pos="X">er</wf>
         <wf lemma="in" pos="X">in</wf>
         <wf lemma="die" pos="X">die</wf>
         <wf lemma="band" pos="X">band</wf>
         <wf lemma="aan" pos="X">aan</wf>
         <wf lemma="de" pos="X">de</wf>
         <instance id="d000.s409.t000" lemma="piano" pos="NOUN">piano</instance>
         <wf lemma="?" pos="X">?</wf>
      </sentence>
      <sentence id="d000.s410" source="wordnet-dutch">
         <wf lemma="met" pos="X">met</wf>
         <wf lemma="het" pos="X">het</wf>
         <wf lemma="beetje" pos="X">beetje</wf>
         <wf lemma="geld" pos="X">geld</wf>
         <wf lemma="dat" pos="X">dat</wf>
         <wf lemma="we" pos="X">we</wf>
         <instance id="d000.s410.t000" lemma="overhebben" pos="VERB">overhebben</instance>
         <wf lemma="," pos="X">,</wf>
         <wf lemma="kunnen" pos="X">kunnen</wf>
         <wf lemma="we" pos="X">we</wf>
         <wf lemma="nog" pos="X">nog</wf>
         <wf lemma="wat" pos="X">wat</wf>
         <wf lemma="materiaal" pos="X">materiaal</wf>
         <wf lemma="kopen" pos="X">kopen</wf>
         <wf lemma="." pos="X">.</wf>
      </sentence>
      <sentence id="d000.s411" source="wordnet-dutch">
         <wf lemma="lage" pos="X">lage</wf>
         <wf lemma="bruggen" pos="X">bruggen</wf>
         <wf lemma="vormen" pos="X">vormen</wf>
         <wf lemma="een" pos="X">een</wf>
         <instance id="d000.s411.t000" lemma="belemmering" pos="NOUN">belemmering</instance>
         <wf lemma="voor" pos="X">voor</wf>
         <wf lemma="de" pos="X">de</wf>
         <wf lemma="scheepvaart" pos="X">scheepvaart</wf>
         <wf lemma="." pos="X">.</wf>
      </sentence>
      <sentence id="d000.s412" source="wordnet-dutch">
         <wf lemma="kan" pos="X">kan</wf>
         <wf lemma="jij" pos="X">jij</wf>
         <wf lemma="vanavond" pos="X">vanavond</wf>
         <wf lemma="voor" pos="X">voor</wf>
         <wf lemma="me" pos="X">me</wf>
         <wf lemma="op" pos="X">op</wf>
         <wf lemma="de" pos="X">de</wf>
         <wf lemma="kinderen" pos="X">kinderen</wf>
         <instance id="d000.s412.t000" lemma="letten" pos="VERB">letten</instance>
         <wf lemma="?" pos="X">?</wf>
      </sentence>
      <sentence id="d000.s413" source="wordnet-dutch">
         <wf lemma="Een" pos="X">Een</wf>
         <wf lemma="ontluisterend" pos="X">ontluisterend</wf>
         <wf lemma="kijkje" pos="X">kijkje</wf>
         <wf lemma="achter" pos="X">achter</wf>
         <wf lemma="de" pos="X">de</wf>
         <instance id="d000.s413.t000" lemma="scherm" pos="NOUN">schermen</instance>
         <wf lemma="van" pos="X">van</wf>
         <wf lemma="de" pos="X">de</wf>
         <wf lemma="presidentiele" pos="X">presidentiele</wf>
         <wf lemma="voorverkiezingen" pos="X">voorverkiezingen</wf>
         <wf lemma="." pos="X">.</wf>
      </sentence>
      <sentence id="d000.s414" source="wordnet-dutch">
         <wf lemma="ik" pos="X">ik</wf>
         <wf lemma="ben" pos="X">ben</wf>
         <wf lemma="benieuwd" pos="X">benieuwd</wf>
         <wf lemma="of" pos="X">of</wf>
         <wf lemma="hij" pos="X">hij</wf>
         <wf lemma="dat" pos="X">dat</wf>
         <wf lemma="werk" pos="X">werk</wf>
         <instance id="d000.s414.t000" lemma="klaarkrijgen" pos="VERB">klaarkrijgt</instance>
         <wf lemma="." pos="X">.</wf>
      </sentence>
      <sentence id="d000.s415" source="wordnet-dutch">
         <wf lemma="in" pos="X">in</wf>
         <wf lemma="afwachting" pos="X">afwachting</wf>
         <wf lemma="van" pos="X">van</wf>
         <wf lemma="uw" pos="X">uw</wf>
         <instance id="d000.s415.t000" lemma="antwoord" pos="NOUN">antwoord</instance>
         <wf lemma="verblijf" pos="X">verblijf</wf>
         <wf lemma="ik" pos="X">ik</wf>
         <wf lemma="," pos="X">,</wf>
         <wf lemma="hoogachtend" pos="X">hoogachtend</wf>
         <wf lemma="." pos="X">.</wf>
         <wf lemma=".." pos="X">..</wf>
      </sentence>
      <sentence id="d000.s416" source="wordnet-dutch">
         <wf lemma="kan" pos="X">kan</wf>
         <wf lemma="jij" pos="X">jij</wf>
         <wf lemma="die" pos="X">die</wf>
         <wf lemma="kapotte" pos="X">kapotte</wf>
         <wf lemma="kraan" pos="X">kraan</wf>
         <instance id="d000.s416.t000" lemma="vervangen" pos="VERB">vervangen</instance>
         <wf lemma="?" pos="X">?</wf>
      </sentence>
      <sentence id="d000.s417" source="wordnet-dutch">
         <wf lemma="de" pos="X">de</wf>
         <wf lemma="politie" pos="X">politie</wf>
         <wf lemma="ging" pos="X">ging</wf>
         <wf lemma="over" pos="X">over</wf>
         <wf lemma="tot" pos="X">tot</wf>
         <wf lemma="de" pos="X">de</wf>
         <instance id="d000.s417.t000" lemma="verwijdering" pos="NOUN">verwijdering</instance>
         <wf lemma="van" pos="X">van</wf>
         <wf lemma="de" pos="X">de</wf>
         <wf lemma="demonstranten" pos="X">demonstranten</wf>
         <wf lemma="." pos="X">.</wf>
      </sentence>
      <sentence id="d000.s418" source="wordnet-dutch">
         <wf lemma="het" pos="X">het</wf>
         <wf lemma="is" pos="X">is</wf>
         <wf lemma="een" pos="X">een</wf>
         <instance id="d000.s418.t000" lemma="kwartier" pos="NOUN">kwartiertje</instance>
         <wf lemma="lopen" pos="X">lopen</wf>
         <wf lemma="vanaf" pos="X">vanaf</wf>
         <wf lemma="het" pos="X">het</wf>
         <wf lemma="station" pos="X">station</wf>
         <wf lemma="." pos="X">.</wf>
      </sentence>
      <sentence id="d000.s419" source="wordnet-dutch">
         <wf lemma="hij" pos="X">hij</wf>
         <wf lemma="gaf" pos="X">gaf</wf>
         <wf lemma="het" pos="X">het</wf>
         <instance id="d000.s419.t000" lemma="bevel" pos="NOUN">bevel</instance>
         <wf lemma="dat" pos="X">dat</wf>
         <wf lemma="Jan" pos="X">Jan</wf>
         <wf lemma="de" pos="X">de</wf>
         <wf lemma="anderen" pos="X">anderen</wf>
         <wf lemma="moest" pos="X">moest</wf>
         <wf lemma="berichten" pos="X">berichten</wf>
         <wf lemma="." pos="X">.</wf>
      </sentence>
      <sentence id="d000.s420" source="wordnet-dutch">
         <wf lemma="iedereen" pos="X">iedereen</wf>
         <wf lemma="kwam" pos="X">kwam</wf>
         <wf lemma="met" pos="X">met</wf>
         <instance id="d000.s420.t000" lemma="aanhang" pos="NOUN">aanhang</instance>
         <wf lemma="op" pos="X">op</wf>
         <wf lemma="het" pos="X">het</wf>
         <wf lemma="verjaardagsfeest" pos="X">verjaardagsfeest</wf>
         <wf lemma="." pos="X">.</wf>
      </sentence>
      <sentence id="d000.s421" source="wordnet-dutch">
         <wf lemma="ik" pos="X">ik</wf>
         <wf lemma="zal" pos="X">zal</wf>
         <wf lemma="je" pos="X">je</wf>
         <wf lemma="morgenvroeg" pos="X">morgenvroeg</wf>
         <wf lemma="om" pos="X">om</wf>
         <wf lemma="7" pos="X">7</wf>
         <wf lemma="uur" pos="X">uur</wf>
         <instance id="d000.s421.t000" lemma="roepen" pos="VERB">roepen</instance>
         <wf lemma="." pos="X">.</wf>
      </sentence>
      <sentence id="d000.s422" source="wordnet-dutch">
         <wf lemma="de" pos="X">de</wf>
         <wf lemma="vliegenzwam" pos="X">vliegenzwam</wf>
         <wf lemma="is" pos="X">is</wf>
         <wf lemma="een" pos="X">een</wf>
         <wf lemma="giftige" pos="X">giftige</wf>
         <instance id="d000.s422.t000" lemma="paddestoel" pos="NOUN">paddestoel</instance>
         <wf lemma="." pos="X">.</wf>
      </sentence>
      <sentence id="d000.s423" source="wordnet-dutch">
         <wf lemma="slechts" pos="X">slechts</wf>
         <wf lemma="vier" pos="X">vier</wf>
         <instance id="d000.s423.t000" lemma="percent" pos="NOUN">percent</instance>
         <wf lemma="van" pos="X">van</wf>
         <wf lemma="de" pos="X">de</wf>
         <wf lemma="ondervraagden" pos="X">ondervraagden</wf>
         <wf lemma="gaf" pos="X">gaf</wf>
         <wf lemma="te" pos="X">te</wf>
         <wf lemma="kennen" pos="X">kennen</wf>
         <wf lemma="dat" pos="X">dat</wf>
         <wf lemma="[" pos="X">[</wf>
         <wf lemma="]." pos="X">].</wf>
      </sentence>
      <sentence id="d000.s424" source="wordnet-dutch">
         <wf lemma="het" pos="X">het</wf>
         <wf lemma="boek" pos="X">boek</wf>
         <wf lemma="werd" pos="X">werd</wf>
         <wf lemma="toen" pos="X">toen</wf>
         <wf lemma="als" pos="X">als</wf>
         <wf lemma="zo" pos="X">zo</wf>
         <wf lemma="aanstootgevend" pos="X">aanstootgevend</wf>
         <wf lemma="ervaren" pos="X">ervaren</wf>
         <wf lemma="dat" pos="X">dat</wf>
         <wf lemma="het" pos="X">het</wf>
         <instance id="d000.s424.t000" lemma="kuisen" pos="VERB">gekuist</instance>
         <wf lemma="werd" pos="X">werd</wf>
         <wf lemma="." pos="X">.</wf>
      </sentence>
      <sentence id="d000.s425" source="wordnet-dutch">
         <wf lemma="hij" pos="X">hij</wf>
         <wf lemma="heeft" pos="X">heeft</wf>
         <wf lemma="mijn" pos="X">mijn</wf>
         <wf lemma="werk" pos="X">werk</wf>
         <wf lemma="grondig" pos="X">grondig</wf>
         <instance id="d000.s425.t000" lemma="bederven" pos="VERB">bedorven</instance>
         <wf lemma="." pos="X">.</wf>
      </sentence>
      <sentence id="d000.s426" source="wordnet-dutch">
         <wf lemma="in" pos="X">in</wf>
         <wf lemma="het" pos="X">het</wf>
         <instance id="d000.s426.t000" lemma="stadion" pos="NOUN">stadion</instance>
         <wf lemma="klonken" pos="X">klonken</wf>
         <wf lemma="vele" pos="X">vele</wf>
         <wf lemma="supporterskoren" pos="X">supporterskoren</wf>
         <wf lemma="." pos="X">.</wf>
      </sentence>
      <sentence id="d000.s427" source="wordnet-dutch">
         <wf lemma="Het" pos="X">Het</wf>
         <wf lemma="spelen" pos="X">spelen</wf>
         <wf lemma="van" pos="X">van</wf>
         <wf lemma="een" pos="X">een</wf>
         <instance id="d000.s427.t000" lemma="gamma" pos="NOUN">gamma</instance>
         <wf lemma="is" pos="X">is</wf>
         <wf lemma="een" pos="X">een</wf>
         <wf lemma="goede" pos="X">goede</wf>
         <wf lemma="basisoefening" pos="X">basisoefening</wf>
         <wf lemma="." pos="X">.</wf>
      </sentence>
      <sentence id="d000.s428" source="wordnet-dutch">
         <wf lemma="ik" pos="X">ik</wf>
         <instance id="d000.s428.t000" lemma="chargeren" pos="VERB">chargeer</instance>
         <wf lemma="het" pos="X">het</wf>
         <wf lemma="nu" pos="X">nu</wf>
         <wf lemma="even" pos="X">even</wf>
         <wf lemma="," pos="X">,</wf>
         <wf lemma="maar" pos="X">maar</wf>
         <wf lemma="daar" pos="X">daar</wf>
         <wf lemma="komt" pos="X">komt</wf>
         <wf lemma="het" pos="X">het</wf>
         <wf lemma="wel" pos="X">wel</wf>
         <wf lemma="op" pos="X">op</wf>
         <wf lemma="neer" pos="X">neer</wf>
         <wf lemma="." pos="X">.</wf>
      </sentence>
      <sentence id="d000.s429" source="wordnet-dutch">
         <wf lemma="De" pos="X">De</wf>
         <instance id="d000.s429.t000" lemma="cabine" pos="NOUN">cabine</instance>
         <wf lemma="van" pos="X">van</wf>
         <wf lemma="de" pos="X">de</wf>
         <wf lemma="kabelbaan" pos="X">kabelbaan</wf>
         <wf lemma="zat" pos="X">zat</wf>
         <wf lemma="vol" pos="X">vol</wf>
         <wf lemma="met" pos="X">met</wf>
         <wf lemma="skiers" pos="X">skiers</wf>
         <wf lemma="." pos="X">.</wf>
      </sentence>
      <sentence id="d000.s430" source="wordnet-dutch">
         <wf lemma="we" pos="X">we</wf>
         <instance id="d000.s430.t000" lemma="spelen" pos="VERB">spelen</instance>
         <wf lemma="het" pos="X">het</wf>
         <wf lemma="correct" pos="X">correct</wf>
         <wf lemma="," pos="X">,</wf>
         <wf lemma="dus" pos="X">dus</wf>
         <wf lemma="ze" pos="X">ze</wf>
         <wf lemma="kunnen" pos="X">kunnen</wf>
         <wf lemma="ons" pos="X">ons</wf>
         <wf lemma="niets" pos="X">niets</wf>
         <wf lemma="maken" pos="X">maken</wf>
         <wf lemma="." pos="X">.</wf>
      </sentence>
      <sentence id="d000.s431" source="wordnet-dutch">
         <wf lemma="de" pos="X">de</wf>
         <wf lemma="centrale" pos="X">centrale</wf>
         <instance id="d000.s431.t000" lemma="werkplaats" pos="NOUN">werkplaats</instance>
         <wf lemma="van" pos="X">van</wf>
         <wf lemma="het" pos="X">het</wf>
         <wf lemma="busbedrijf" pos="X">busbedrijf</wf>
         <wf lemma="wordt" pos="X">wordt</wf>
         <wf lemma="overgeheveld" pos="X">overgeheveld</wf>
         <wf lemma="naar" pos="X">naar</wf>
         <wf lemma="Nijmegen" pos="X">Nijmegen</wf>
         <wf lemma="." pos="X">.</wf>
      </sentence>
      <sentence id="d000.s432" source="wordnet-dutch">
         <wf lemma="buitenlanders" pos="X">buitenlanders</wf>
         <wf lemma="die" pos="X">die</wf>
         <wf lemma="hier" pos="X">hier</wf>
         <wf lemma="illegaal" pos="X">illegaal</wf>
         <wf lemma="verblijven" pos="X">verblijven</wf>
         <wf lemma="worden" pos="X">worden</wf>
         <wf lemma="onmiddellijk" pos="X">onmiddellijk</wf>
         <instance id="d000.s432.t000" lemma="uitwijzen" pos="VERB">uitgewezen</instance>
         <wf lemma="." pos="X">.</wf>
      </sentence>
      <sentence id="d000.s433" source="wordnet-dutch">
         <wf lemma="het" pos="X">het</wf>
         <wf lemma="onweer" pos="X">onweer</wf>
         <wf lemma="ten" pos="X">ten</wf>
         <instance id="d000.s433.t000" lemma="spijt" pos="NOUN">spijt</instance>
         <wf lemma="trok" pos="X">trok</wf>
         <wf lemma="zij" pos="X">zij</wf>
         <wf lemma="er" pos="X">er</wf>
         <wf lemma="toch" pos="X">toch</wf>
         <wf lemma="op" pos="X">op</wf>
         <wf lemma="uit" pos="X">uit</wf>
         <wf lemma="." pos="X">.</wf>
      </sentence>
      <sentence id="d000.s434" source="wordnet-dutch">
         <wf lemma="gebruik" pos="X">gebruik</wf>
         <wf lemma="dit" pos="X">dit</wf>
         <wf lemma="soort" pos="X">soort</wf>
         <wf lemma="voedingsmiddelen" pos="X">voedingsmiddelen</wf>
         <wf lemma="altijd" pos="X">altijd</wf>
         <wf lemma="in" pos="X">in</wf>
         <wf lemma="kleine" pos="X">kleine</wf>
         <instance id="d000.s434.t000" lemma="hoeveelheid" pos="NOUN">hoeveelheden</instance>
         <wf lemma="." pos="X">.</wf>
      </sentence>
      <sentence id="d000.s435" source="wordnet-dutch">
         <wf lemma="de" pos="X">de</wf>
         <wf lemma="koffie" pos="X">koffie</wf>
         <instance id="d000.s435.t000" lemma="zakken" pos="VERB">zakt</instance>
         <wf lemma="in" pos="X">in</wf>
         <wf lemma="prijs" pos="X">prijs</wf>
         <wf lemma="naar" pos="X">naar</wf>
         <wf lemma="drie" pos="X">drie</wf>
         <wf lemma="gulden" pos="X">gulden</wf>
         <wf lemma="per" pos="X">per</wf>
         <wf lemma="pond" pos="X">pond</wf>
         <wf lemma="." pos="X">.</wf>
      </sentence>
      <sentence id="d000.s436" source="wordnet-dutch">
         <wf lemma="Fijnstof" pos="X">Fijnstof</wf>
         <instance id="d000.s436.t000" lemma="drijven" pos="VERB">drijft</instance>
         <wf lemma="in" pos="X">in</wf>
         <wf lemma="de" pos="X">de</wf>
         <wf lemma="lucht" pos="X">lucht</wf>
         <wf lemma="." pos="X">.</wf>
      </sentence>
      <sentence id="d000.s437" source="wordnet-dutch">
         <wf lemma="die" pos="X">die</wf>
         <wf lemma="natte" pos="X">natte</wf>
         <wf lemma="glazen" pos="X">glazen</wf>
         <wf lemma="geven" pos="X">geven</wf>
         <instance id="d000.s437.t000" lemma="kring" pos="NOUN">kringen</instance>
         <wf lemma="op" pos="X">op</wf>
         <wf lemma="tafel" pos="X">tafel</wf>
         <wf lemma="." pos="X">.</wf>
      </sentence>
      <sentence id="d000.s438" source="wordnet-dutch">
         <wf lemma="maak" pos="X">maak</wf>
         <wf lemma="eens" pos="X">eens</wf>
         <wf lemma="tien" pos="X">tien</wf>
         <wf lemma="diepe" pos="X">diepe</wf>
         <instance id="d000.s438.t000" lemma="kniebuiging" pos="NOUN">kniebuigingen</instance>
         <wf lemma="," pos="X">,</wf>
         <wf lemma="zei" pos="X">zei</wf>
         <wf lemma="de" pos="X">de</wf>
         <wf lemma="dokter" pos="X">dokter</wf>
         <wf lemma="." pos="X">.</wf>
      </sentence>
      <sentence id="d000.s439" source="wordnet-dutch">
         <wf lemma="ik" pos="X">ik</wf>
         <wf lemma="heb" pos="X">heb</wf>
         <wf lemma="me" pos="X">me</wf>
         <wf lemma="al" pos="X">al</wf>
         <wf lemma="erg" pos="X">erg</wf>
         <instance id="d000.s439.t000" lemma="hechten" pos="VERB">gehecht</instance>
         <wf lemma="aan" pos="X">aan</wf>
         <wf lemma="die" pos="X">die</wf>
         <wf lemma="hond" pos="X">hond</wf>
         <wf lemma="." pos="X">.</wf>
      </sentence>
      <sentence id="d000.s440" source="wordnet-dutch">
         <wf lemma="na" pos="X">na</wf>
         <wf lemma="morgen" pos="X">morgen</wf>
         <wf lemma="zien" pos="X">zien</wf>
         <wf lemma="we" pos="X">we</wf>
         <wf lemma="een" pos="X">een</wf>
         <instance id="d000.s440.t000" lemma="daling" pos="NOUN">daling</instance>
         <wf lemma="van" pos="X">van</wf>
         <wf lemma="temperatuur" pos="X">temperatuur</wf>
         <wf lemma="." pos="X">.</wf>
      </sentence>
      <sentence id="d000.s441" source="wordnet-dutch">
         <wf lemma="ik" pos="X">ik</wf>
         <wf lemma="stuur" pos="X">stuur</wf>
         <wf lemma="het" pos="X">het</wf>
         <wf lemma="je" pos="X">je</wf>
         <wf lemma="morgen" pos="X">morgen</wf>
         <wf lemma="met" pos="X">met</wf>
         <wf lemma="de" pos="X">de</wf>
         <instance id="d000.s441.t000" lemma="fax" pos="NOUN">fax</instance>
         <wf lemma="." pos="X">.</wf>
      </sentence>
      <sentence id="d000.s442" source="wordnet-dutch">
         <wf lemma="ik" pos="X">ik</wf>
         <wf lemma="kon" pos="X">kon</wf>
         <wf lemma="mijn" pos="X">mijn</wf>
         <instance id="d000.s442.t000" lemma="nieuwsgierigheid" pos="NOUN">nieuwsgierigheid</instance>
         <wf lemma="nauwelijks" pos="X">nauwelijks</wf>
         <wf lemma="bedwingen" pos="X">bedwingen</wf>
         <wf lemma="." pos="X">.</wf>
      </sentence>
      <sentence id="d000.s443" source="wordnet-dutch">
         <wf lemma="Is" pos="X">Is</wf>
         <wf lemma="het" pos="X">het</wf>
         <wf lemma="apparaat" pos="X">apparaat</wf>
         <wf lemma="verbonden" pos="X">verbonden</wf>
         <wf lemma="met" pos="X">met</wf>
         <wf lemma="de" pos="X">de</wf>
         <instance id="d000.s443.t000" lemma="aarde" pos="NOUN">aarde</instance>
         <wf lemma="?" pos="X">?</wf>
      </sentence>
      <sentence id="d000.s444" source="wordnet-dutch">
         <wf lemma="de" pos="X">de</wf>
         <instance id="d000.s444.t000" lemma="assimilatie" pos="NOUN">assimilatie</instance>
         <wf lemma="van" pos="X">van</wf>
         <wf lemma="allochtonen" pos="X">allochtonen</wf>
         <wf lemma="aan" pos="X">aan</wf>
         <wf lemma="de" pos="X">de</wf>
         <wf lemma="Nederlandse" pos="X">Nederlandse</wf>
         <wf lemma="cultuur" pos="X">cultuur</wf>
         <wf lemma="verloopt" pos="X">verloopt</wf>
         <wf lemma="soms" pos="X">soms</wf>
         <wf lemma="moeizaam" pos="X">moeizaam</wf>
         <wf lemma="." pos="X">.</wf>
      </sentence>
      <sentence id="d000.s445" source="wordnet-dutch">
         <wf lemma="er" pos="X">er</wf>
         <wf lemma="werd" pos="X">werd</wf>
         <wf lemma="op" pos="X">op</wf>
         <wf lemma="de" pos="X">de</wf>
         <wf lemma="ontvoerders" pos="X">ontvoerders</wf>
         <instance id="d000.s445.t000" lemma="inpraten" pos="VERB">ingepraat</instance>
         <wf lemma="om" pos="X">om</wf>
         <wf lemma="de" pos="X">de</wf>
         <wf lemma="gijzelaars" pos="X">gijzelaars</wf>
         <wf lemma="vrij" pos="X">vrij</wf>
         <wf lemma="te" pos="X">te</wf>
         <wf lemma="krijgen" pos="X">krijgen</wf>
         <wf lemma="." pos="X">.</wf>
      </sentence>
      <sentence id="d000.s446" source="wordnet-dutch">
         <wf lemma="ik" pos="X">ik</wf>
         <wf lemma="heb" pos="X">heb</wf>
         <wf lemma="hem" pos="X">hem</wf>
         <wf lemma="ertoe" pos="X">ertoe</wf>
         <instance id="d000.s446.t000" lemma="krijgen" pos="VERB">gekregen</instance>
         <wf lemma="op" pos="X">op</wf>
         <wf lemma="de" pos="X">de</wf>
         <wf lemma="fiets" pos="X">fiets</wf>
         <wf lemma="naar" pos="X">naar</wf>
         <wf lemma="zijn" pos="X">zijn</wf>
         <wf lemma="werk" pos="X">werk</wf>
         <wf lemma="te" pos="X">te</wf>
         <wf lemma="gaan" pos="X">gaan</wf>
         <wf lemma="." pos="X">.</wf>
      </sentence>
      <sentence id="d000.s447" source="wordnet-dutch">
         <wf lemma="gisteren" pos="X">gisteren</wf>
         <wf lemma="heeft" pos="X">heeft</wf>
         <wf lemma="de" pos="X">de</wf>
         <wf lemma="aarde" pos="X">aarde</wf>
         <wf lemma="opnieuw" pos="X">opnieuw</wf>
         <instance id="d000.s447.t000" lemma="trillen" pos="VERB">getrild</instance>
         <wf lemma="in" pos="X">in</wf>
         <wf lemma="San" pos="X">San</wf>
         <wf lemma="Francisco" pos="X">Francisco</wf>
         <wf lemma="." pos="X">.</wf>
      </sentence>
      <sentence id="d000.s448" source="wordnet-dutch">
         <wf lemma="terroristenalarm" pos="X">terroristenalarm</wf>
         <wf lemma="blijkt" pos="X">blijkt</wf>
         <wf lemma="flauwe" pos="X">flauwe</wf>
         <instance id="d000.s448.t000" lemma="grap" pos="NOUN">grap</instance>
         <wf lemma="." pos="X">.</wf>
      </sentence>
      <sentence id="d000.s449" source="wordnet-dutch">
         <wf lemma="dinsdagmiddag" pos="X">dinsdagmiddag</wf>
         <wf lemma="zijn" pos="X">zijn</wf>
         <wf lemma="we" pos="X">we</wf>
         <wf lemma="verhinderd" pos="X">verhinderd</wf>
         <wf lemma="," pos="X">,</wf>
         <wf lemma="dan" pos="X">dan</wf>
         <wf lemma="moeten" pos="X">moeten</wf>
         <wf lemma="we" pos="X">we</wf>
         <wf lemma="naar" pos="X">naar</wf>
         <wf lemma="een" pos="X">een</wf>
         <instance id="d000.s449.t000" lemma="crematie" pos="NOUN">crematie</instance>
         <wf lemma="." pos="X">.</wf>
      </sentence>
      <sentence id="d000.s450" source="wordnet-dutch">
         <wf lemma="de" pos="X">de</wf>
         <wf lemma="brandweer" pos="X">brandweer</wf>
         <wf lemma="heeft" pos="X">heeft</wf>
         <wf lemma="de" pos="X">de</wf>
         <wf lemma="gewonden" pos="X">gewonden</wf>
         <wf lemma="uit" pos="X">uit</wf>
         <wf lemma="het" pos="X">het</wf>
         <wf lemma="wrak" pos="X">wrak</wf>
         <wf lemma="kunnen" pos="X">kunnen</wf>
         <instance id="d000.s450.t000" lemma="bevrijden" pos="VERB">bevrijden</instance>
         <wf lemma="." pos="X">.</wf>
      </sentence>
      <sentence id="d000.s451" source="wordnet-dutch">
         <wf lemma="hij" pos="X">hij</wf>
         <wf lemma="gaat" pos="X">gaat</wf>
         <wf lemma="altijd" pos="X">altijd</wf>
         <wf lemma="te" pos="X">te</wf>
         <instance id="d000.s451.t000" lemma="voet" pos="NOUN">voet</instance>
         <wf lemma="naar" pos="X">naar</wf>
         <wf lemma="zijn" pos="X">zijn</wf>
         <wf lemma="werk" pos="X">werk</wf>
         <wf lemma="." pos="X">.</wf>
      </sentence>
      <sentence id="d000.s452" source="wordnet-dutch">
         <wf lemma="in" pos="X">in</wf>
         <wf lemma="dit" pos="X">dit</wf>
         <instance id="d000.s452.t000" lemma="verband" pos="NOUN">verband</instance>
         <wf lemma="wil" pos="X">wil</wf>
         <wf lemma="ik" pos="X">ik</wf>
         <wf lemma="nog" pos="X">nog</wf>
         <wf lemma="het" pos="X">het</wf>
         <wf lemma="volgende" pos="X">volgende</wf>
         <wf lemma="opmerken" pos="X">opmerken</wf>
         <wf lemma="." pos="X">.</wf>
      </sentence>
      <sentence id="d000.s453" source="wordnet-dutch">
         <wf lemma="een" pos="X">een</wf>
         <instance id="d000.s453.t000" lemma="lel" pos="NOUN">lel</instance>
         <wf lemma="om" pos="X">om</wf>
         <wf lemma="de" pos="X">de</wf>
         <wf lemma="oren" pos="X">oren</wf>
         <wf lemma="krijgen" pos="X">krijgen</wf>
         <wf lemma="." pos="X">.</wf>
      </sentence>
      <sentence id="d000.s454" source="wordnet-dutch">
         <wf lemma="hij" pos="X">hij</wf>
         <wf lemma="wordt" pos="X">wordt</wf>
         <wf lemma="verdacht" pos="X">verdacht</wf>
         <wf lemma="van" pos="X">van</wf>
         <instance id="d000.s454.t000" lemma="aanranding" pos="NOUN">aanrandingen</instance>
         <wf lemma="en" pos="X">en</wf>
         <wf lemma="verkrachtingen" pos="X">verkrachtingen</wf>
         <wf lemma="." pos="X">.</wf>
      </sentence>
      <sentence id="d000.s455" source="wordnet-dutch">
         <wf lemma="er" pos="X">er</wf>
         <wf lemma="hangt" pos="X">hangt</wf>
         <wf lemma="een" pos="X">een</wf>
         <instance id="d000.s455.t000" lemma="pegel" pos="NOUN">pegel</instance>
         <wf lemma="aan" pos="X">aan</wf>
         <wf lemma="de" pos="X">de</wf>
         <wf lemma="dakgoot" pos="X">dakgoot</wf>
         <wf lemma="." pos="X">.</wf>
      </sentence>
      <sentence id="d000.s456" source="wordnet-dutch">
         <wf lemma="De" pos="X">De</wf>
         <wf lemma="waarheid" pos="X">waarheid</wf>
         <wf lemma="achter" pos="X">achter</wf>
         <wf lemma="de" pos="X">de</wf>
         <wf lemma="waarheid" pos="X">waarheid</wf>
         <wf lemma="is" pos="X">is</wf>
         <wf lemma="niet" pos="X">niet</wf>
         <wf lemma="te" pos="X">te</wf>
         <wf lemma="kennen" pos="X">kennen</wf>
         <wf lemma="en" pos="X">en</wf>
         <wf lemma="elke" pos="X">elke</wf>
         <wf lemma="poging" pos="X">poging</wf>
         <wf lemma="daartoe" pos="X">daartoe</wf>
         <wf lemma="is" pos="X">is</wf>
         <wf lemma="pure" pos="X">pure</wf>
         <wf lemma="metafysische" pos="X">metafysische</wf>
         <instance id="d000.s456.t000" lemma="speculatie" pos="NOUN">speculatie</instance>
         <wf lemma="." pos="X">.</wf>
      </sentence>
      <sentence id="d000.s457" source="wordnet-dutch">
         <wf lemma="op" pos="X">op</wf>
         <wf lemma="die" pos="X">die</wf>
         <wf lemma="manier" pos="X">manier</wf>
         <wf lemma="wordt" pos="X">wordt</wf>
         <wf lemma="dat" pos="X">dat</wf>
         <wf lemma="kunstwerk" pos="X">kunstwerk</wf>
         <instance id="d000.s457.t000" lemma="reduceren" pos="VERB">gereduceerd</instance>
         <wf lemma="tot" pos="X">tot</wf>
         <wf lemma="een" pos="X">een</wf>
         <wf lemma="gewoon" pos="X">gewoon</wf>
         <wf lemma="gebruiksvoorwerp" pos="X">gebruiksvoorwerp</wf>
         <wf lemma="." pos="X">.</wf>
      </sentence>
      <sentence id="d000.s458" source="wordnet-dutch">
         <wf lemma="na" pos="X">na</wf>
         <wf lemma="enkele" pos="X">enkele</wf>
         <wf lemma="maanden" pos="X">maanden</wf>
         <wf lemma="heeft" pos="X">heeft</wf>
         <wf lemma="zij" pos="X">zij</wf>
         <wf lemma="de" pos="X">de</wf>
         <wf lemma="verloving" pos="X">verloving</wf>
         <instance id="d000.s458.t000" lemma="uitmaken" pos="VERB">uitgemaakt</instance>
         <wf lemma="." pos="X">.</wf>
      </sentence>
      <sentence id="d000.s459" source="wordnet-dutch">
         <wf lemma="ons" pos="X">ons</wf>
         <wf lemma="bedrijf" pos="X">bedrijf</wf>
         <wf lemma="heeft" pos="X">heeft</wf>
         <wf lemma="het" pos="X">het</wf>
         <instance id="d000.s459.t000" lemma="alleenrecht" pos="NOUN">alleenrecht</instance>
         <wf lemma="op" pos="X">op</wf>
         <wf lemma="de" pos="X">de</wf>
         <wf lemma="verkoop" pos="X">verkoop</wf>
         <wf lemma="van" pos="X">van</wf>
         <wf lemma="dit" pos="X">dit</wf>
         <wf lemma="apparaat" pos="X">apparaat</wf>
         <wf lemma="." pos="X">.</wf>
      </sentence>
      <sentence id="d000.s460" source="wordnet-dutch">
         <wf lemma="zijn" pos="X">zijn</wf>
         <wf lemma="naam" pos="X">naam</wf>
         <wf lemma="prijkt" pos="X">prijkt</wf>
         <wf lemma="op" pos="X">op</wf>
         <wf lemma="de" pos="X">de</wf>
         <instance id="d000.s460.t000" lemma="kaft" pos="NOUN">kaft</instance>
         <wf lemma="." pos="X">.</wf>
      </sentence>
      <sentence id="d000.s461" source="wordnet-dutch">
         <wf lemma="je" pos="X">je</wf>
         <wf lemma="mag" pos="X">mag</wf>
         <wf lemma="die" pos="X">die</wf>
         <wf lemma="kinderen" pos="X">kinderen</wf>
         <wf lemma="niet" pos="X">niet</wf>
         <instance id="d000.s461.t000" lemma="remmen" pos="VERB">remmen</instance>
         <wf lemma="in" pos="X">in</wf>
         <wf lemma="hun" pos="X">hun</wf>
         <wf lemma="ontwikkeling" pos="X">ontwikkeling</wf>
         <wf lemma="." pos="X">.</wf>
      </sentence>
      <sentence id="d000.s462" source="wordnet-dutch">
         <wf lemma="hij" pos="X">hij</wf>
         <wf lemma="sloeg" pos="X">sloeg</wf>
         <wf lemma="zijn" pos="X">zijn</wf>
         <instance id="d000.s462.t000" lemma="arm" pos="NOUN">armen</instance>
         <wf lemma="om" pos="X">om</wf>
         <wf lemma="haar" pos="X">haar</wf>
         <wf lemma="heen" pos="X">heen</wf>
         <wf lemma="." pos="X">.</wf>
      </sentence>
      <sentence id="d000.s463" source="wordnet-dutch">
         <wf lemma="in" pos="X">in</wf>
         <instance id="d000.s463.t000" lemma="gezelschap" pos="NOUN">gezelschap</instance>
         <wf lemma="van" pos="X">van</wf>
         <wf lemma="zijn" pos="X">zijn</wf>
         <wf lemma="collega's" pos="X">collega's</wf>
         <wf lemma="kwam" pos="X">kwam</wf>
         <wf lemma="hij" pos="X">hij</wf>
         <wf lemma="aan" pos="X">aan</wf>
         <wf lemma="op" pos="X">op</wf>
         <wf lemma="het" pos="X">het</wf>
         <wf lemma="feest" pos="X">feest</wf>
         <wf lemma="." pos="X">.</wf>
      </sentence>
      <sentence id="d000.s464" source="wordnet-dutch">
         <wf lemma="Hij" pos="X">Hij</wf>
         <wf lemma="woont" pos="X">woont</wf>
         <wf lemma="aan" pos="X">aan</wf>
         <wf lemma="een" pos="X">een</wf>
         <wf lemma="mooie" pos="X">mooie</wf>
         <instance id="d000.s464.t000" lemma="lei" pos="NOUN">lei</instance>
         <wf lemma="in" pos="X">in</wf>
         <wf lemma="Antwerpen" pos="X">Antwerpen</wf>
         <wf lemma="." pos="X">.</wf>
      </sentence>
      <sentence id="d000.s465" source="wordnet-dutch">
         <wf lemma="ontvangen" pos="X">ontvangen</wf>
         <wf lemma="alimentatie" pos="X">alimentatie</wf>
         <wf lemma="wordt" pos="X">wordt</wf>
         <wf lemma="buiten" pos="X">buiten</wf>
         <instance id="d000.s465.t000" lemma="beschouwing" pos="NOUN">beschouwing</instance>
         <wf lemma="gelaten" pos="X">gelaten</wf>
         <wf lemma="." pos="X">.</wf>
      </sentence>
      <sentence id="d000.s466" source="wordnet-dutch">
         <wf lemma="hij" pos="X">hij</wf>
         <wf lemma="wordt" pos="X">wordt</wf>
         <wf lemma="elke" pos="X">elke</wf>
         <wf lemma="zaterdag" pos="X">zaterdag</wf>
         <wf lemma="door" pos="X">door</wf>
         <wf lemma="zijn" pos="X">zijn</wf>
         <wf lemma="vrouw" pos="X">vrouw</wf>
         <wf lemma="naar" pos="X">naar</wf>
         <wf lemma="de" pos="X">de</wf>
         <wf lemma="supermarkt" pos="X">supermarkt</wf>
         <instance id="d000.s466.t000" lemma="dirigeren" pos="VERB">gedirigeerd</instance>
         <wf lemma="." pos="X">.</wf>
      </sentence>
      <sentence id="d000.s467" source="wordnet-dutch">
         <wf lemma="de" pos="X">de</wf>
         <wf lemma="manier" pos="X">manier</wf>
         <wf lemma="waarop" pos="X">waarop</wf>
         <wf lemma="kunstenaars" pos="X">kunstenaars</wf>
         <wf lemma="de" pos="X">de</wf>
         <wf lemma="werkelijkheid" pos="X">werkelijkheid</wf>
         <instance id="d000.s467.t000" lemma="verbeelden" pos="VERB">verbeelden</instance>
         <wf lemma="is" pos="X">is</wf>
         <wf lemma="verschillend" pos="X">verschillend</wf>
         <wf lemma="in" pos="X">in</wf>
         <wf lemma="elke" pos="X">elke</wf>
         <wf lemma="periode" pos="X">periode</wf>
         <wf lemma="." pos="X">.</wf>
      </sentence>
      <sentence id="d000.s468" source="wordnet-dutch">
         <wf lemma="in" pos="X">in</wf>
         <wf lemma="de" pos="X">de</wf>
         <wf lemma="oorlog" pos="X">oorlog</wf>
         <wf lemma="maakte" pos="X">maakte</wf>
         <wf lemma="hij" pos="X">hij</wf>
         <instance id="d000.s468.t000" lemma="fortuin" pos="NOUN">fortuin</instance>
         <wf lemma="als" pos="X">als</wf>
         <wf lemma="zwarthandelaar" pos="X">zwarthandelaar</wf>
         <wf lemma="." pos="X">.</wf>
      </sentence>
      <sentence id="d000.s469" source="wordnet-dutch">
         <wf lemma="de" pos="X">de</wf>
         <wf lemma="oppositie" pos="X">oppositie</wf>
         <instance id="d000.s469.t000" lemma="uiten" pos="VERB">uitte</instance>
         <wf lemma="felle" pos="X">felle</wf>
         <wf lemma="kritiek" pos="X">kritiek</wf>
         <wf lemma="op" pos="X">op</wf>
         <wf lemma="de" pos="X">de</wf>
         <wf lemma="regering" pos="X">regering</wf>
         <wf lemma="." pos="X">.</wf>
      </sentence>
      <sentence id="d000.s470" source="wordnet-dutch">
         <wf lemma="hij" pos="X">hij</wf>
         <wf lemma="kreeg" pos="X">kreeg</wf>
         <wf lemma="een" pos="X">een</wf>
         <instance id="d000.s470.t000" lemma="zonnesteek" pos="NOUN">zonnesteek</instance>
         <wf lemma="." pos="X">.</wf>
      </sentence>
      <sentence id="d000.s471" source="wordnet-dutch">
         <wf lemma="je" pos="X">je</wf>
         <wf lemma="hebt" pos="X">hebt</wf>
         <wf lemma="mijn" pos="X">mijn</wf>
         <wf lemma="leven" pos="X">leven</wf>
         <instance id="d000.s471.t000" lemma="redden" pos="VERB">gered</instance>
         <wf lemma="!" pos="X">!</wf>
      </sentence>
      <sentence id="d000.s472" source="wordnet-dutch">
         <wf lemma="de" pos="X">de</wf>
         <wf lemma="raket" pos="X">raket</wf>
         <wf lemma="beschreef" pos="X">beschreef</wf>
         <wf lemma="een" pos="X">een</wf>
         <instance id="d000.s472.t000" lemma="baan" pos="NOUN">baan</instance>
         <wf lemma="om" pos="X">om</wf>
         <wf lemma="de" pos="X">de</wf>
         <wf lemma="aarde" pos="X">aarde</wf>
         <wf lemma="." pos="X">.</wf>
      </sentence>
      <sentence id="d000.s473" source="wordnet-dutch">
         <wf lemma="de" pos="X">de</wf>
         <wf lemma="Culturele" pos="X">Culturele</wf>
         <wf lemma="Hoofdstad" pos="X">Hoofdstad</wf>
         <wf lemma="van" pos="X">van</wf>
         <wf lemma="Europa" pos="X">Europa</wf>
         <wf lemma="wil" pos="X">wil</wf>
         <wf lemma="vooral" pos="X">vooral</wf>
         <wf lemma="de" pos="X">de</wf>
         <wf lemma="techno-utopie" pos="X">techno-utopie</wf>
         <instance id="d000.s473.t000" lemma="celebreren" pos="VERB">celebreren</instance>
         <wf lemma="." pos="X">.</wf>
      </sentence>
      <sentence id="d000.s474" source="wordnet-dutch">
         <wf lemma="als" pos="X">als</wf>
         <wf lemma="de" pos="X">de</wf>
         <wf lemma="gemeente" pos="X">gemeente</wf>
         <wf lemma="niet" pos="X">niet</wf>
         <wf lemma="financieel" pos="X">financieel</wf>
         <instance id="d000.s474.t000" lemma="bijspringen" pos="VERB">bijspringt</instance>
         <wf lemma="kan" pos="X">kan</wf>
         <wf lemma="dit" pos="X">dit</wf>
         <wf lemma="project" pos="X">project</wf>
         <wf lemma="niet" pos="X">niet</wf>
         <wf lemma="voltooid" pos="X">voltooid</wf>
         <wf lemma="worden" pos="X">worden</wf>
         <wf lemma="." pos="X">.</wf>
      </sentence>
      <sentence id="d000.s475" source="wordnet-dutch">
         <wf lemma="in" pos="X">in</wf>
         <wf lemma="dit" pos="X">dit</wf>
         <wf lemma="museum" pos="X">museum</wf>
         <wf lemma="zijn" pos="X">zijn</wf>
         <wf lemma="alle" pos="X">alle</wf>
         <wf lemma="werken" pos="X">werken</wf>
         <wf lemma="van" pos="X">van</wf>
         <wf lemma="Dali" pos="X">Dali</wf>
         <instance id="d000.s475.t000" lemma="exposeren" pos="VERB">geëxposeerd</instance>
         <wf lemma="." pos="X">.</wf>
      </sentence>
      <sentence id="d000.s476" source="wordnet-dutch">
         <wf lemma="hij" pos="X">hij</wf>
         <wf lemma="is" pos="X">is</wf>
         <wf lemma="zwaar" pos="X">zwaar</wf>
         <wf lemma="geblesseerd" pos="X">geblesseerd</wf>
         <wf lemma="," pos="X">,</wf>
         <wf lemma="dus" pos="X">dus</wf>
         <wf lemma="zijn" pos="X">zijn</wf>
         <instance id="d000.s476.t000" lemma="herstel" pos="NOUN">herstel</instance>
         <wf lemma="kan" pos="X">kan</wf>
         <wf lemma="wel" pos="X">wel</wf>
         <wf lemma="een" pos="X">een</wf>
         <wf lemma="paar" pos="X">paar</wf>
         <wf lemma="maanden" pos="X">maanden</wf>
         <wf lemma="duren" pos="X">duren</wf>
         <wf lemma="." pos="X">.</wf>
      </sentence>
      <sentence id="d000.s477" source="wordnet-dutch">
         <wf lemma="er" pos="X">er</wf>
         <instance id="d000.s477.t000" lemma="schuilen" pos="VERB">schuilen</instance>
         <wf lemma="reële" pos="X">reële</wf>
         <wf lemma="bedreigingen" pos="X">bedreigingen</wf>
         <wf lemma="in" pos="X">in</wf>
         <wf lemma="de" pos="X">de</wf>
         <wf lemma="geplande" pos="X">geplande</wf>
         <wf lemma="maatregelen" pos="X">maatregelen</wf>
         <wf lemma="." pos="X">.</wf>
      </sentence>
      <sentence id="d000.s478" source="wordnet-dutch">
         <wf lemma="het" pos="X">het</wf>
         <wf lemma="is" pos="X">is</wf>
         <wf lemma="een" pos="X">een</wf>
         <wf lemma="absoluut" pos="X">absoluut</wf>
         <instance id="d000.s478.t000" lemma="hoogtepunt" pos="NOUN">hoogtepunt</instance>
         <wf lemma="in" pos="X">in</wf>
         <wf lemma="haar" pos="X">haar</wf>
         <wf lemma="carrière" pos="X">carrière</wf>
         <wf lemma="." pos="X">.</wf>
      </sentence>
      <sentence id="d000.s479" source="wordnet-dutch">
         <wf lemma="de" pos="X">de</wf>
         <wf lemma="regisseur" pos="X">regisseur</wf>
         <instance id="d000.s479.t000" lemma="ontvangen" pos="VERB">ontving</instance>
         <wf lemma="van" pos="X">van</wf>
         <wf lemma="de" pos="X">de</wf>
         <wf lemma="jury" pos="X">jury</wf>
         <wf lemma="de" pos="X">de</wf>
         <wf lemma="gouden" pos="X">gouden</wf>
         <wf lemma="palm" pos="X">palm</wf>
         <wf lemma="van" pos="X">van</wf>
         <wf lemma="Cannes" pos="X">Cannes</wf>
         <wf lemma="." pos="X">.</wf>
      </sentence>
      <sentence id="d000.s480" source="wordnet-dutch">
         <wf lemma="hij" pos="X">hij</wf>
         <wf lemma="heeft" pos="X">heeft</wf>
         <instance id="d000.s480.t000" lemma="zin" pos="NOUN">zin</instance>
         <wf lemma="om" pos="X">om</wf>
         <wf lemma="te" pos="X">te</wf>
         <wf lemma="tennissen" pos="X">tennissen</wf>
         <wf lemma="." pos="X">.</wf>
      </sentence>
      <sentence id="d000.s481" source="wordnet-dutch">
         <wf lemma="premier" pos="X">premier</wf>
         <wf lemma="Kok" pos="X">Kok</wf>
         <wf lemma="handelde" pos="X">handelde</wf>
         <wf lemma="daarmee" pos="X">daarmee</wf>
         <wf lemma="in" pos="X">in</wf>
         <wf lemma="strijd" pos="X">strijd</wf>
         <wf lemma="met" pos="X">met</wf>
         <wf lemma="de" pos="X">de</wf>
         <instance id="d000.s481.t000" lemma="conventie" pos="NOUN">conventies</instance>
         <wf lemma="." pos="X">.</wf>
      </sentence>
      <sentence id="d000.s482" source="wordnet-dutch">
         <wf lemma="die" pos="X">die</wf>
         <wf lemma="cirkel" pos="X">cirkel</wf>
         <wf lemma="was" pos="X">was</wf>
         <wf lemma="in" pos="X">in</wf>
         <instance id="d000.s482.t000" lemma="omtrek" pos="NOUN">omtrek</instance>
         <wf lemma="20" pos="X">20</wf>
         <wf lemma="cm" pos="X">cm</wf>
         <wf lemma="groot" pos="X">groot</wf>
         <wf lemma="." pos="X">.</wf>
      </sentence>
      <sentence id="d000.s483" source="wordnet-dutch">
         <wf lemma="in" pos="X">in</wf>
         <wf lemma="de" pos="X">de</wf>
         <wf lemma="wetenschapsbijlage" pos="X">wetenschapsbijlage</wf>
         <wf lemma="van" pos="X">van</wf>
         <wf lemma="de" pos="X">de</wf>
         <wf lemma="NRC" pos="X">NRC</wf>
         <wf lemma="stond" pos="X">stond</wf>
         <wf lemma="een" pos="X">een</wf>
         <instance id="d000.s483.t000" lemma="artikel" pos="NOUN">artikel</instance>
         <wf lemma="over" pos="X">over</wf>
         <wf lemma="schizofrenie" pos="X">schizofrenie</wf>
         <wf lemma="." pos="X">.</wf>
      </sentence>
      <sentence id="d000.s484" source="wordnet-dutch">
         <wf lemma="hij" pos="X">hij</wf>
         <wf lemma="overleefde" pos="X">overleefde</wf>
         <wf lemma="een" pos="X">een</wf>
         <instance id="d000.s484.t000" lemma="aanslag" pos="NOUN">aanslag</instance>
         <wf lemma="op" pos="X">op</wf>
         <wf lemma="zijn" pos="X">zijn</wf>
         <wf lemma="leven" pos="X">leven</wf>
         <wf lemma="." pos="X">.</wf>
      </sentence>
      <sentence id="d000.s485" source="wordnet-dutch">
         <wf lemma="het" pos="X">het</wf>
         <wf lemma="vlees" pos="X">vlees</wf>
         <instance id="d000.s485.t000" lemma="sissen" pos="VERB">sist</instance>
         <wf lemma="in" pos="X">in</wf>
         <wf lemma="de" pos="X">de</wf>
         <wf lemma="pan" pos="X">pan</wf>
         <wf lemma="." pos="X">.</wf>
      </sentence>
      <sentence id="d000.s486" source="wordnet-dutch">
         <wf lemma="wegens" pos="X">wegens</wf>
         <instance id="d000.s486.t000" lemma="verhindering" pos="NOUN">verhindering</instance>
         <wf lemma="van" pos="X">van</wf>
         <wf lemma="Redel" pos="X">Redel</wf>
         <wf lemma="moest" pos="X">moest</wf>
         <wf lemma="een" pos="X">een</wf>
         <wf lemma="beroep" pos="X">beroep</wf>
         <wf lemma="worden" pos="X">worden</wf>
         <wf lemma="gedaan" pos="X">gedaan</wf>
         <wf lemma="op" pos="X">op</wf>
         <wf lemma="invaller" pos="X">invaller</wf>
         <wf lemma="Bopp." pos="X">Bopp.</wf>
      </sentence>
      <sentence id="d000.s487" source="wordnet-dutch">
         <wf lemma="dat" pos="X">dat</wf>
         <wf lemma="voorstel" pos="X">voorstel</wf>
         <wf lemma="biedt" pos="X">biedt</wf>
         <wf lemma="voldoende" pos="X">voldoende</wf>
         <instance id="d000.s487.t000" lemma="aanknopingspunt" pos="NOUN">aanknopingspunten</instance>
         <wf lemma="om" pos="X">om</wf>
         <wf lemma="verder" pos="X">verder</wf>
         <wf lemma="te" pos="X">te</wf>
         <wf lemma="praten" pos="X">praten</wf>
         <wf lemma="." pos="X">.</wf>
      </sentence>
      <sentence id="d000.s488" source="wordnet-dutch">
         <wf lemma="door" pos="X">door</wf>
         <wf lemma="de" pos="X">de</wf>
         <instance id="d000.s488.t000" lemma="frustratie" pos="NOUN">frustratie</instance>
         <wf lemma="over" pos="X">over</wf>
         <wf lemma="de" pos="X">de</wf>
         <wf lemma="mislukte" pos="X">mislukte</wf>
         <wf lemma="wedstrijd" pos="X">wedstrijd</wf>
         <wf lemma="moest" pos="X">moest</wf>
         <wf lemma="de" pos="X">de</wf>
         <wf lemma="scheidsrechter" pos="X">scheidsrechter</wf>
         <wf lemma="het" pos="X">het</wf>
         <wf lemma="ontgelden" pos="X">ontgelden</wf>
         <wf lemma="." pos="X">.</wf>
      </sentence>
      <sentence id="d000.s489" source="wordnet-dutch">
         <wf lemma="van" pos="X">van</wf>
         <wf lemma="die" pos="X">die</wf>
         <wf lemma="zijde" pos="X">zijde</wf>
         <instance id="d000.s489.t000" lemma="belichten" pos="VERB">belicht</instance>
         <wf lemma="is" pos="X">is</wf>
         <wf lemma="het" pos="X">het</wf>
         <wf lemma="aanbod" pos="X">aanbod</wf>
         <wf lemma="voor" pos="X">voor</wf>
         <wf lemma="ons" pos="X">ons</wf>
         <wf lemma="niet" pos="X">niet</wf>
         <wf lemma="interessant" pos="X">interessant</wf>
         <wf lemma="." pos="X">.</wf>
      </sentence>
      <sentence id="d000.s490" source="wordnet-dutch">
         <wf lemma="die" pos="X">die</wf>
         <wf lemma="verhalen" pos="X">verhalen</wf>
         <wf lemma="zijn" pos="X">zijn</wf>
         <wf lemma="pure" pos="X">pure</wf>
         <instance id="d000.s490.t000" lemma="verzinsel" pos="NOUN">verzinsels</instance>
         <wf lemma="van" pos="X">van</wf>
         <wf lemma="hem" pos="X">hem</wf>
         <wf lemma="." pos="X">.</wf>
      </sentence>
      <sentence id="d000.s491" source="wordnet-dutch">
         <wf lemma="wie" pos="X">wie</wf>
         <wf lemma="kan" pos="X">kan</wf>
         <wf lemma="met" pos="X">met</wf>
         <wf lemma="een" pos="X">een</wf>
         <wf lemma="haarspeld" pos="X">haarspeld</wf>
         <wf lemma="een" pos="X">een</wf>
         <wf lemma="deur" pos="X">deur</wf>
         <wf lemma="die" pos="X">die</wf>
         <wf lemma="op" pos="X">op</wf>
         <wf lemma="slot" pos="X">slot</wf>
         <wf lemma="zit" pos="X">zit</wf>
         <instance id="d000.s491.t000" lemma="openmaken" pos="VERB">openmaken</instance>
         <wf lemma="?" pos="X">?</wf>
      </sentence>
      <sentence id="d000.s492" source="wordnet-dutch">
         <wf lemma="opa" pos="X">opa</wf>
         <wf lemma="zit" pos="X">zit</wf>
         <wf lemma="altijd" pos="X">altijd</wf>
         <wf lemma="in" pos="X">in</wf>
         <wf lemma="zijn" pos="X">zijn</wf>
         <wf lemma="eigen" pos="X">eigen</wf>
         <instance id="d000.s492.t000" lemma="club" pos="NOUN">club</instance>
         <wf lemma="." pos="X">.</wf>
      </sentence>
      <sentence id="d000.s493" source="wordnet-dutch">
         <wf lemma="de" pos="X">de</wf>
         <instance id="d000.s493.t000" lemma="nawee" pos="NOUN">naweeën</instance>
         <wf lemma="van" pos="X">van</wf>
         <wf lemma="de" pos="X">de</wf>
         <wf lemma="Tweede" pos="X">Tweede</wf>
         <wf lemma="Wereldoorlog" pos="X">Wereldoorlog</wf>
         <wf lemma="werden" pos="X">werden</wf>
         <wf lemma="nog" pos="X">nog</wf>
         <wf lemma="lang" pos="X">lang</wf>
         <wf lemma="gevoeld" pos="X">gevoeld</wf>
         <wf lemma="." pos="X">.</wf>
      </sentence>
      <sentence id="d000.s494" source="wordnet-dutch">
         <wf lemma="door" pos="X">door</wf>
         <wf lemma="de" pos="X">de</wf>
         <wf lemma="hoge" pos="X">hoge</wf>
         <wf lemma="temperatuur" pos="X">temperatuur</wf>
         <wf lemma="gaat" pos="X">gaat</wf>
         <wf lemma="het" pos="X">het</wf>
         <wf lemma="beton" pos="X">beton</wf>
         <wf lemma="van" pos="X">van</wf>
         <wf lemma="het" pos="X">het</wf>
         <wf lemma="wegdek" pos="X">wegdek</wf>
         <instance id="d000.s494.t000" lemma="uitzetten" pos="VERB">uitzetten</instance>
         <wf lemma="." pos="X">.</wf>
      </sentence>
      <sentence id="d000.s495" source="wordnet-dutch">
         <wf lemma="hoe" pos="X">hoe</wf>
         <wf lemma="het" pos="X">het</wf>
         <wf lemma="met" pos="X">met</wf>
         <wf lemma="ze" pos="X">ze</wf>
         <wf lemma="afliep" pos="X">afliep</wf>
         <wf lemma="vermeldt" pos="X">vermeldt</wf>
         <wf lemma="de" pos="X">de</wf>
         <instance id="d000.s495.t000" lemma="historie" pos="NOUN">historie</instance>
         <wf lemma="niet" pos="X">niet</wf>
         <wf lemma="." pos="X">.</wf>
      </sentence>
      <sentence id="d000.s496" source="wordnet-dutch">
         <wf lemma="het" pos="X">het</wf>
         <wf lemma="zuurstofgehalte" pos="X">zuurstofgehalte</wf>
         <wf lemma="in" pos="X">in</wf>
         <wf lemma="het" pos="X">het</wf>
         <instance id="d000.s496.t000" lemma="ruim" pos="NOUN">ruim</instance>
         <wf lemma="." pos="X">.</wf>
      </sentence>
      <sentence id="d000.s497" source="wordnet-dutch">
         <wf lemma="Elektrische" pos="X">Elektrische</wf>
         <instance id="d000.s497.t000" lemma="weerstand" pos="NOUN">weerstand</instance>
         <wf lemma="is" pos="X">is</wf>
         <wf lemma="de" pos="X">de</wf>
         <wf lemma="elektrische" pos="X">elektrische</wf>
         <wf lemma="eigenschap" pos="X">eigenschap</wf>
         <wf lemma="van" pos="X">van</wf>
         <wf lemma="materialen" pos="X">materialen</wf>
         <wf lemma="om" pos="X">om</wf>
         <wf lemma="de" pos="X">de</wf>
         <wf lemma="doorgang" pos="X">doorgang</wf>
         <wf lemma="van" pos="X">van</wf>
         <wf lemma="elektrische" pos="X">elektrische</wf>
         <wf lemma="stroom" pos="X">stroom</wf>
         <wf lemma="te" pos="X">te</wf>
         <wf lemma="bemoeilijken" pos="X">bemoeilijken</wf>
         <wf lemma="en" pos="X">en</wf>
         <wf lemma="te" pos="X">te</wf>
         <wf lemma="verstoren" pos="X">verstoren</wf>
         <wf lemma="." pos="X">.</wf>
      </sentence>
      <sentence id="d000.s498" source="wordnet-dutch">
         <wf lemma="het" pos="X">het</wf>
         <wf lemma="tweede" pos="X">tweede</wf>
         <wf lemma="uur" pos="X">uur</wf>
         <wf lemma="hebben" pos="X">hebben</wf>
         <wf lemma="we" pos="X">we</wf>
         <instance id="d000.s498.t000" lemma="scheikunde" pos="NOUN">scheikunde</instance>
         <wf lemma="." pos="X">.</wf>
      </sentence>
      <sentence id="d000.s499" source="wordnet-dutch">
         <wf lemma="dat" pos="X">dat</wf>
         <wf lemma="clubje" pos="X">clubje</wf>
         <instance id="d000.s499.t000" lemma="ontwikkelen" pos="VERB">ontwikkelde</instance>
         <wf lemma="zich" pos="X">zich</wf>
         <wf lemma="uiteindelijk" pos="X">uiteindelijk</wf>
         <wf lemma="tot" pos="X">tot</wf>
         <wf lemma="de" pos="X">de</wf>
         <wf lemma="belangrijkste" pos="X">belangrijkste</wf>
         <wf lemma="vereniging" pos="X">vereniging</wf>
         <wf lemma="van" pos="X">van</wf>
         <wf lemma="de" pos="X">de</wf>
         <wf lemma="streek" pos="X">streek</wf>
         <wf lemma="." pos="X">.</wf>
      </sentence>
      <sentence id="d000.s500" source="wordnet-dutch">
         <wf lemma="deze" pos="X">deze</wf>
         <wf lemma="markante" pos="X">markante</wf>
         <instance id="d000.s500.t000" lemma="figuur" pos="NOUN">figuur</instance>
         <wf lemma="gebruikte" pos="X">gebruikte</wf>
         <wf lemma="plakjes" pos="X">plakjes</wf>
         <wf lemma="bacon" pos="X">bacon</wf>
         <wf lemma="als" pos="X">als</wf>
         <wf lemma="boekenleggers" pos="X">boekenleggers</wf>
         <wf lemma="." pos="X">.</wf>
      </sentence>
      <sentence id="d000.s501" source="wordnet-dutch">
         <wf lemma="tegenwoordig" pos="X">tegenwoordig</wf>
         <wf lemma="lig" pos="X">lig</wf>
         <wf lemma="ik" pos="X">ik</wf>
         <wf lemma="weer" pos="X">weer</wf>
         <wf lemma="op" pos="X">op</wf>
         <wf lemma="een" pos="X">een</wf>
         <wf lemma="harde" pos="X">harde</wf>
         <instance id="d000.s501.t000" lemma="matras" pos="NOUN">matras</instance>
         <wf lemma="." pos="X">.</wf>
      </sentence>
      <sentence id="d000.s502" source="wordnet-dutch">
         <wf lemma="ze" pos="X">ze</wf>
         <wf lemma="had" pos="X">had</wf>
         <wf lemma="al" pos="X">al</wf>
         <wf lemma="het" pos="X">het</wf>
         <wf lemma="geld" pos="X">geld</wf>
         <wf lemma="van" pos="X">van</wf>
         <wf lemma="haar" pos="X">haar</wf>
         <wf lemma="echtgenoot" pos="X">echtgenoot</wf>
         <instance id="d000.s502.t000" lemma="opmaken" pos="VERB">opgemaakt</instance>
         <wf lemma="." pos="X">.</wf>
      </sentence>
      <sentence id="d000.s503" source="wordnet-dutch">
         <wf lemma="Hij" pos="X">Hij</wf>
         <wf lemma="kreeg" pos="X">kreeg</wf>
         <wf lemma="twee" pos="X">twee</wf>
         <wf lemma="maanden" pos="X">maanden</wf>
         <wf lemma="in" pos="X">in</wf>
         <wf lemma="het" pos="X">het</wf>
         <instance id="d000.s503.t000" lemma="kot" pos="NOUN">kot</instance>
         <wf lemma="als" pos="X">als</wf>
         <wf lemma="straf" pos="X">straf</wf>
         <wf lemma="." pos="X">.</wf>
      </sentence>
      <sentence id="d000.s504" source="wordnet-dutch">
         <wf lemma="de" pos="X">de</wf>
         <wf lemma="VN-bemiddelaar" pos="X">VN-bemiddelaar</wf>
         <wf lemma="riep" pos="X">riep</wf>
         <wf lemma="de" pos="X">de</wf>
         <wf lemma="strijdende" pos="X">strijdende</wf>
         <instance id="d000.s504.t000" lemma="partij" pos="NOUN">partijen</instance>
         <wf lemma="op" pos="X">op</wf>
         <wf lemma="rond" pos="X">rond</wf>
         <wf lemma="de" pos="X">de</wf>
         <wf lemma="onderhandelingstafel" pos="X">onderhandelingstafel</wf>
         <wf lemma="te" pos="X">te</wf>
         <wf lemma="gaan" pos="X">gaan</wf>
         <wf lemma="zitten" pos="X">zitten</wf>
         <wf lemma="." pos="X">.</wf>
      </sentence>
      <sentence id="d000.s505" source="wordnet-dutch">
         <wf lemma="Die" pos="X">Die</wf>
         <wf lemma="vrouw" pos="X">vrouw</wf>
         <wf lemma="is" pos="X">is</wf>
         <wf lemma="een" pos="X">een</wf>
         <instance id="d000.s505.t000" lemma="gondel" pos="NOUN">gondel</instance>
         <wf lemma="." pos="X">.</wf>
         <wf lemma="Ze" pos="X">Ze</wf>
         <wf lemma="gaat" pos="X">gaat</wf>
         <wf lemma="met" pos="X">met</wf>
         <wf lemma="iedereen" pos="X">iedereen</wf>
         <wf lemma="naar" pos="X">naar</wf>
         <wf lemma="bed" pos="X">bed</wf>
         <wf lemma="." pos="X">.</wf>
      </sentence>
      <sentence id="d000.s506" source="wordnet-dutch">
         <wf lemma="via" pos="X">via</wf>
         <wf lemma="een" pos="X">een</wf>
         <instance id="d000.s506.t000" lemma="achterdeur" pos="NOUN">achterdeur</instance>
         <wf lemma="kunnen" pos="X">kunnen</wf>
         <wf lemma="daar" pos="X">daar</wf>
         <wf lemma="nog" pos="X">nog</wf>
         <wf lemma="steeds" pos="X">steeds</wf>
         <wf lemma="afvalstoffen" pos="X">afvalstoffen</wf>
         <wf lemma="geloosd" pos="X">geloosd</wf>
         <wf lemma="worden" pos="X">worden</wf>
         <wf lemma="." pos="X">.</wf>
      </sentence>
      <sentence id="d000.s507" source="wordnet-dutch">
         <wf lemma="het" pos="X">het</wf>
         <wf lemma="debat" pos="X">debat</wf>
         <instance id="d000.s507.t000" lemma="verzanden" pos="VERB">verzandde</instance>
         <wf lemma="in" pos="X">in</wf>
         <wf lemma="een" pos="X">een</wf>
         <wf lemma="ordinaire" pos="X">ordinaire</wf>
         <wf lemma="scheldpartij" pos="X">scheldpartij</wf>
         <wf lemma="." pos="X">.</wf>
      </sentence>
      <sentence id="d000.s508" source="wordnet-dutch">
         <wf lemma="heb" pos="X">heb</wf>
         <wf lemma="je" pos="X">je</wf>
         <wf lemma="mijn" pos="X">mijn</wf>
         <wf lemma="brief" pos="X">brief</wf>
         <wf lemma="al" pos="X">al</wf>
         <instance id="d000.s508.t000" lemma="ontvangen" pos="VERB">ontvangen</instance>
         <wf lemma="?" pos="X">?</wf>
      </sentence>
      <sentence id="d000.s509" source="wordnet-dutch">
         <wf lemma="zij" pos="X">zij</wf>
         <wf lemma="kregen" pos="X">kregen</wf>
         <wf lemma="van" pos="X">van</wf>
         <wf lemma="hun" pos="X">hun</wf>
         <wf lemma="meerderen" pos="X">meerderen</wf>
         <wf lemma="het" pos="X">het</wf>
         <instance id="d000.s509.t000" lemma="bevel" pos="NOUN">bevel</instance>
         <wf lemma="om" pos="X">om</wf>
         <wf lemma="de" pos="X">de</wf>
         <wf lemma="verdachte" pos="X">verdachte</wf>
         <wf lemma="te" pos="X">te</wf>
         <wf lemma="executeren" pos="X">executeren</wf>
         <wf lemma="." pos="X">.</wf>
      </sentence>
      <sentence id="d000.s510" source="wordnet-dutch">
         <wf lemma="Marie" pos="X">Marie</wf>
         <wf lemma="ligt" pos="X">ligt</wf>
         <wf lemma="voor" pos="X">voor</wf>
         <wf lemma="de" pos="X">de</wf>
         <wf lemma="bevalling" pos="X">bevalling</wf>
         <wf lemma="op" pos="X">op</wf>
         <wf lemma="de" pos="X">de</wf>
         <instance id="d000.s510.t000" lemma="afdeling" pos="NOUN">afdeling</instance>
         <wf lemma="verloskunde" pos="X">verloskunde</wf>
         <wf lemma="." pos="X">.</wf>
      </sentence>
      <sentence id="d000.s511" source="wordnet-dutch">
         <wf lemma="Zij" pos="X">Zij</wf>
         <wf lemma="spelde" pos="X">spelde</wf>
         <wf lemma="het" pos="X">het</wf>
         <instance id="d000.s511.t000" lemma="patroon" pos="NOUN">patroon</instance>
         <wf lemma="op" pos="X">op</wf>
         <wf lemma="met" pos="X">met</wf>
         <wf lemma="de" pos="X">de</wf>
         <wf lemma="lappen" pos="X">lappen</wf>
         <wf lemma="stof." pos="X">stof.</wf>
      </sentence>
      <sentence id="d000.s512" source="wordnet-dutch">
         <wf lemma="er" pos="X">er</wf>
         <wf lemma="worden" pos="X">worden</wf>
         <wf lemma="wel" pos="X">wel</wf>
         <wf lemma="erg" pos="X">erg</wf>
         <wf lemma="veel" pos="X">veel</wf>
         <instance id="d000.s512.t000" lemma="spot" pos="NOUN">spotjes</instance>
         <wf lemma="over" pos="X">over</wf>
         <wf lemma="maandverband" pos="X">maandverband</wf>
         <wf lemma="en" pos="X">en</wf>
         <wf lemma="luiers" pos="X">luiers</wf>
         <wf lemma="uitgezonden" pos="X">uitgezonden</wf>
         <wf lemma="." pos="X">.</wf>
      </sentence>
      <sentence id="d000.s513" source="wordnet-dutch">
         <wf lemma="enige" pos="X">enige</wf>
         <instance id="d000.s513.t000" lemma="coherentie" pos="NOUN">coherentie</instance>
         <wf lemma="binnen" pos="X">binnen</wf>
         <wf lemma="het" pos="X">het</wf>
         <wf lemma="kabinetsbeleid" pos="X">kabinetsbeleid</wf>
         <wf lemma="zou" pos="X">zou</wf>
         <wf lemma="op" pos="X">op</wf>
         <wf lemma="prijs" pos="X">prijs</wf>
         <wf lemma="gesteld" pos="X">gesteld</wf>
         <wf lemma="worden" pos="X">worden</wf>
         <wf lemma="." pos="X">.</wf>
      </sentence>
      <sentence id="d000.s514" source="wordnet-dutch">
         <wf lemma="Kloosterlingen" pos="X">Kloosterlingen</wf>
         <wf lemma="dragen" pos="X">dragen</wf>
         <wf lemma="een" pos="X">een</wf>
         <wf lemma="andere" pos="X">andere</wf>
         <instance id="d000.s514.t000" lemma="kap" pos="NOUN">kap</instance>
         <wf lemma="over" pos="X">over</wf>
         <wf lemma="hun" pos="X">hun</wf>
         <wf lemma="onderkleding" pos="X">onderkleding</wf>
         <wf lemma="." pos="X">.</wf>
      </sentence>
      <sentence id="d000.s515" source="wordnet-dutch">
         <wf lemma="die" pos="X">die</wf>
         <wf lemma="zuilen" pos="X">zuilen</wf>
         <instance id="d000.s515.t000" lemma="torsen" pos="VERB">torsen</instance>
         <wf lemma="een" pos="X">een</wf>
         <wf lemma="immens" pos="X">immens</wf>
         <wf lemma="gewicht" pos="X">gewicht</wf>
         <wf lemma="." pos="X">.</wf>
      </sentence>
      <sentence id="d000.s516" source="wordnet-dutch">
         <wf lemma="dat" pos="X">dat</wf>
         <wf lemma="softwarebedrijf" pos="X">softwarebedrijf</wf>
         <instance id="d000.s516.t000" lemma="controleren" pos="VERB">controleert</instance>
         <wf lemma="de" pos="X">de</wf>
         <wf lemma="hele" pos="X">hele</wf>
         <wf lemma="medische" pos="X">medische</wf>
         <wf lemma="markt" pos="X">markt</wf>
         <wf lemma="." pos="X">.</wf>
      </sentence>
      <sentence id="d000.s517" source="wordnet-dutch">
         <wf lemma="staat" pos="X">staat</wf>
         <wf lemma="er" pos="X">er</wf>
         <wf lemma="nog" pos="X">nog</wf>
         <wf lemma="wat" pos="X">wat</wf>
         <wf lemma="op" pos="X">op</wf>
         <wf lemma="de" pos="X">de</wf>
         <instance id="d000.s517.t000" lemma="bank" pos="NOUN">bank</instance>
         <wf lemma="?" pos="X">?</wf>
      </sentence>
      <sentence id="d000.s518" source="wordnet-dutch">
         <wf lemma="kan" pos="X">kan</wf>
         <wf lemma="je" pos="X">je</wf>
         <instance id="d000.s518.t000" lemma="teruggeven" pos="VERB">teruggeven</instance>
         <wf lemma="op" pos="X">op</wf>
         <wf lemma="100" pos="X">100</wf>
         <wf lemma="gulden" pos="X">gulden</wf>
         <wf lemma="?" pos="X">?</wf>
      </sentence>
      <sentence id="d000.s519" source="wordnet-dutch">
         <wf lemma="de" pos="X">de</wf>
         <instance id="d000.s519.t000" lemma="aanvang" pos="NOUN">aanvang</instance>
         <wf lemma="van" pos="X">van</wf>
         <wf lemma="de" pos="X">de</wf>
         <wf lemma="voorstelling" pos="X">voorstelling</wf>
         <wf lemma="is" pos="X">is</wf>
         <wf lemma="om" pos="X">om</wf>
         <wf lemma="8" pos="X">8</wf>
         <wf lemma="uur" pos="X">uur</wf>
         <wf lemma="." pos="X">.</wf>
      </sentence>
      <sentence id="d000.s520" source="wordnet-dutch">
         <wf lemma="ik" pos="X">ik</wf>
         <wf lemma="moest" pos="X">moest</wf>
         <wf lemma="zo" pos="X">zo</wf>
         <wf lemma="lachen" pos="X">lachen</wf>
         <wf lemma="," pos="X">,</wf>
         <wf lemma="ik" pos="X">ik</wf>
         <instance id="d000.s520.t000" lemma="blijven" pos="VERB">bleef</instance>
         <wf lemma="er" pos="X">er</wf>
         <wf lemma="in" pos="X">in</wf>
         <wf lemma="." pos="X">.</wf>
      </sentence>
      <sentence id="d000.s521" source="wordnet-dutch">
         <wf lemma="door" pos="X">door</wf>
         <wf lemma="de" pos="X">de</wf>
         <wf lemma="gebeurtenissen" pos="X">gebeurtenissen</wf>
         <wf lemma="dreigt" pos="X">dreigt</wf>
         <wf lemma="het" pos="X">het</wf>
         <wf lemma="land" pos="X">land</wf>
         <wf lemma="in" pos="X">in</wf>
         <wf lemma="een" pos="X">een</wf>
         <instance id="d000.s521.t000" lemma="crisis" pos="NOUN">crisis</instance>
         <wf lemma="te" pos="X">te</wf>
         <wf lemma="raken" pos="X">raken</wf>
         <wf lemma="." pos="X">.</wf>
      </sentence>
      <sentence id="d000.s522" source="wordnet-dutch">
         <wf lemma="we" pos="X">we</wf>
         <wf lemma="kunnen" pos="X">kunnen</wf>
         <wf lemma="slechts" pos="X">slechts</wf>
         <instance id="d000.s522.t000" lemma="gissen" pos="VERB">gissen</instance>
         <wf lemma="naar" pos="X">naar</wf>
         <wf lemma="de" pos="X">de</wf>
         <wf lemma="oorzaak" pos="X">oorzaak</wf>
         <wf lemma="." pos="X">.</wf>
      </sentence>
      <sentence id="d000.s523" source="wordnet-dutch">
         <wf lemma="hij" pos="X">hij</wf>
         <wf lemma="goot" pos="X">goot</wf>
         <wf lemma="de" pos="X">de</wf>
         <wf lemma="wijn" pos="X">wijn</wf>
         <wf lemma="door" pos="X">door</wf>
         <wf lemma="een" pos="X">een</wf>
         <instance id="d000.s523.t000" lemma="trechter" pos="NOUN">trechter</instance>
         <wf lemma="terug" pos="X">terug</wf>
         <wf lemma="in" pos="X">in</wf>
         <wf lemma="de" pos="X">de</wf>
         <wf lemma="fles" pos="X">fles</wf>
         <wf lemma="." pos="X">.</wf>
      </sentence>
      <sentence id="d000.s524" source="wordnet-dutch">
         <wf lemma="die" pos="X">die</wf>
         <wf lemma="jas" pos="X">jas</wf>
         <wf lemma="zal" pos="X">zal</wf>
         <wf lemma="nog" pos="X">nog</wf>
         <wf lemma="wel" pos="X">wel</wf>
         <wf lemma="enkele" pos="X">enkele</wf>
         <wf lemma="jaren" pos="X">jaren</wf>
         <instance id="d000.s524.t000" lemma="meegaan" pos="VERB">meegaan</instance>
         <wf lemma="." pos="X">.</wf>
      </sentence>
      <sentence id="d000.s525" source="wordnet-dutch">
         <wf lemma="ze" pos="X">ze</wf>
         <wf lemma="is" pos="X">is</wf>
         <wf lemma="nu" pos="X">nu</wf>
         <wf lemma="op" pos="X">op</wf>
         <wf lemma="de" pos="X">de</wf>
         <instance id="d000.s525.t000" lemma="leeftijd" pos="NOUN">leeftijd</instance>
         <wf lemma="gekomen" pos="X">gekomen</wf>
         <wf lemma="dat" pos="X">dat</wf>
         <wf lemma="ze" pos="X">ze</wf>
         <wf lemma="van" pos="X">van</wf>
         <wf lemma="alles" pos="X">alles</wf>
         <wf lemma="gaat" pos="X">gaat</wf>
         <wf lemma="vragen" pos="X">vragen</wf>
         <wf lemma="." pos="X">.</wf>
      </sentence>
      <sentence id="d000.s526" source="wordnet-dutch">
         <wf lemma="het" pos="X">het</wf>
         <wf lemma="meisje" pos="X">meisje</wf>
         <instance id="d000.s526.t000" lemma="knellen" pos="VERB">knelde</instance>
         <wf lemma="haar" pos="X">haar</wf>
         <wf lemma="teddybeer" pos="X">teddybeer</wf>
         <wf lemma="dicht" pos="X">dicht</wf>
         <wf lemma="tegen" pos="X">tegen</wf>
         <wf lemma="zich" pos="X">zich</wf>
         <wf lemma="aan" pos="X">aan</wf>
         <wf lemma="." pos="X">.</wf>
      </sentence>
      <sentence id="d000.s527" source="wordnet-dutch">
         <wf lemma="(" pos="X">(</wf>
         <wf lemma="de" pos="X">de</wf>
         <wf lemma="naald" pos="X">naald</wf>
         <wf lemma="van" pos="X">van</wf>
         <wf lemma=")" pos="X">)</wf>
         <wf lemma="het" pos="X">het</wf>
         <wf lemma="kompas" pos="X">kompas</wf>
         <instance id="d000.s527.t000" lemma="wijzen" pos="VERB">wijst</instance>
         <wf lemma="naar" pos="X">naar</wf>
         <wf lemma="het" pos="X">het</wf>
         <wf lemma="noorden" pos="X">noorden</wf>
         <wf lemma="." pos="X">.</wf>
      </sentence>
      <sentence id="d000.s528" source="wordnet-dutch">
         <wf lemma="een" pos="X">een</wf>
         <wf lemma="nieuwe" pos="X">nieuwe</wf>
         <wf lemma="krat" pos="X">krat</wf>
         <wf lemma="bier" pos="X">bier</wf>
         <wf lemma="bracht" pos="X">bracht</wf>
         <wf lemma="de" pos="X">de</wf>
         <wf lemma="stemming" pos="X">stemming</wf>
         <wf lemma="op" pos="X">op</wf>
         <instance id="d000.s528.t000" lemma="peil" pos="NOUN">peil</instance>
         <wf lemma="." pos="X">.</wf>
      </sentence>
      <sentence id="d000.s529" source="wordnet-dutch">
         <wf lemma="de" pos="X">de</wf>
         <wf lemma="paling" pos="X">paling</wf>
         <instance id="d000.s529.t000" lemma="kronkelen" pos="VERB">kronkelde</instance>
         <wf lemma="om/rond" pos="X">om/rond</wf>
         <wf lemma="de" pos="X">de</wf>
         <wf lemma="vislijn" pos="X">vislijn</wf>
         <wf lemma="." pos="X">.</wf>
      </sentence>
      <sentence id="d000.s530" source="wordnet-dutch">
         <wf lemma="Nederland" pos="X">Nederland</wf>
         <wf lemma="en" pos="X">en</wf>
         <wf lemma="Frankrijk" pos="X">Frankrijk</wf>
         <wf lemma="hebben" pos="X">hebben</wf>
         <wf lemma="gisteren" pos="X">gisteren</wf>
         <wf lemma="een" pos="X">een</wf>
         <wf lemma="nieuw" pos="X">nieuw</wf>
         <instance id="d000.s530.t000" lemma="handelsakkoord" pos="NOUN">handelsakkoord</instance>
         <wf lemma="gesloten" pos="X">gesloten</wf>
         <wf lemma="." pos="X">.</wf>
      </sentence>
      <sentence id="d000.s531" source="wordnet-dutch">
         <wf lemma="voor" pos="X">voor</wf>
         <wf lemma="ik" pos="X">ik</wf>
         <wf lemma="naar" pos="X">naar</wf>
         <wf lemma="dat" pos="X">dat</wf>
         <wf lemma="feestje" pos="X">feestje</wf>
         <wf lemma="ga" pos="X">ga</wf>
         <wf lemma="wil" pos="X">wil</wf>
         <wf lemma="ik" pos="X">ik</wf>
         <wf lemma="me" pos="X">me</wf>
         <wf lemma="nog" pos="X">nog</wf>
         <wf lemma="snel" pos="X">snel</wf>
         <wf lemma="thuis" pos="X">thuis</wf>
         <wf lemma="wat" pos="X">wat</wf>
         <wf lemma="gaan" pos="X">gaan</wf>
         <instance id="d000.s531.t000" lemma="opfrissen" pos="VERB">opfrissen</instance>
         <wf lemma="." pos="X">.</wf>
      </sentence>
      <sentence id="d000.s532" source="wordnet-dutch">
         <wf lemma="'psychisch" pos="X">'psychisch</wf>
         <wf lemma="welbevinden" pos="X">welbevinden</wf>
         <wf lemma="'" pos="X">'</wf>
         <wf lemma="is" pos="X">is</wf>
         <wf lemma="een" pos="X">een</wf>
         <wf lemma="nogal" pos="X">nogal</wf>
         <wf lemma="vage" pos="X">vage</wf>
         <instance id="d000.s532.t000" lemma="notie" pos="NOUN">notie</instance>
         <wf lemma="." pos="X">.</wf>
      </sentence>
      <sentence id="d000.s533" source="wordnet-dutch">
         <wf lemma="dit" pos="X">dit</wf>
         <wf lemma="middel" pos="X">middel</wf>
         <wf lemma="heeft" pos="X">heeft</wf>
         <wf lemma="de/als" pos="X">de/als</wf>
         <instance id="d000.s533.t000" lemma="bijwerking" pos="NOUN">bijwerking</instance>
         <wf lemma="dat" pos="X">dat</wf>
         <wf lemma="je" pos="X">je</wf>
         <wf lemma="erg" pos="X">erg</wf>
         <wf lemma="gaat" pos="X">gaat</wf>
         <wf lemma="hallucineren" pos="X">hallucineren</wf>
         <wf lemma="." pos="X">.</wf>
      </sentence>
      <sentence id="d000.s534" source="wordnet-dutch">
         <wf lemma="vele" pos="X">vele</wf>
         <wf lemma="vandalen" pos="X">vandalen</wf>
         <wf lemma="uit" pos="X">uit</wf>
         <wf lemma="een" pos="X">een</wf>
         <wf lemma="nabij" pos="X">nabij</wf>
         <wf lemma="verleden" pos="X">verleden</wf>
         <wf lemma="zijn" pos="X">zijn</wf>
         <wf lemma="brave" pos="X">brave</wf>
         <instance id="d000.s534.t000" lemma="huisvader" pos="NOUN">huisvaders</instance>
         <wf lemma="geworden" pos="X">geworden</wf>
         <wf lemma="." pos="X">.</wf>
      </sentence>
      <sentence id="d000.s535" source="wordnet-dutch">
         <wf lemma="onder" pos="X">onder</wf>
         <wf lemma="de" pos="X">de</wf>
         <instance id="d000.s535.t000" lemma="aanname" pos="NOUN">aanname</instance>
         <wf lemma="dat" pos="X">dat</wf>
         <wf lemma="de" pos="X">de</wf>
         <wf lemma="aarde" pos="X">aarde</wf>
         <wf lemma="rond" pos="X">rond</wf>
         <wf lemma="is" pos="X">is</wf>
         <wf lemma="." pos="X">.</wf>
      </sentence>
      <sentence id="d000.s536" source="wordnet-dutch">
         <wf lemma="Pierre" pos="X">Pierre</wf>
         <wf lemma="en" pos="X">en</wf>
         <wf lemma="Marie" pos="X">Marie</wf>
         <wf lemma="Curie" pos="X">Curie</wf>
         <instance id="d000.s536.t000" lemma="ontdekken" pos="VERB">ontdekten</instance>
         <wf lemma="het" pos="X">het</wf>
         <wf lemma="radium" pos="X">radium</wf>
         <wf lemma="." pos="X">.</wf>
      </sentence>
      <sentence id="d000.s537" source="wordnet-dutch">
         <wf lemma="gelieve" pos="X">gelieve</wf>
         <wf lemma="het" pos="X">het</wf>
         <instance id="d000.s537.t000" lemma="gangpad" pos="NOUN">gangpad</instance>
         <wf lemma="vrij" pos="X">vrij</wf>
         <wf lemma="te" pos="X">te</wf>
         <wf lemma="houden" pos="X">houden</wf>
         <wf lemma="." pos="X">.</wf>
      </sentence>
      <sentence id="d000.s538" source="wordnet-dutch">
         <wf lemma="wil" pos="X">wil</wf>
         <wf lemma="je" pos="X">je</wf>
         <wf lemma="die" pos="X">die</wf>
         <wf lemma="boeken" pos="X">boeken</wf>
         <wf lemma="van" pos="X">van</wf>
         <wf lemma="de" pos="X">de</wf>
         <wf lemma="stoel" pos="X">stoel</wf>
         <instance id="d000.s538.t000" lemma="afleggen" pos="VERB">afleggen</instance>
         <wf lemma="?" pos="X">?</wf>
      </sentence>
      <sentence id="d000.s539" source="wordnet-dutch">
         <wf lemma="Na" pos="X">Na</wf>
         <wf lemma="de" pos="X">de</wf>
         <wf lemma="les" pos="X">les</wf>
         <wf lemma="moet" pos="X">moet</wf>
         <wf lemma="je" pos="X">je</wf>
         <wf lemma="de" pos="X">de</wf>
         <instance id="d000.s539.t000" lemma="herhaling" pos="NOUN">herhalingen</instance>
         <wf lemma="doen" pos="X">doen</wf>
         <wf lemma="om" pos="X">om</wf>
         <wf lemma="het" pos="X">het</wf>
         <wf lemma="echt" pos="X">echt</wf>
         <wf lemma="goed" pos="X">goed</wf>
         <wf lemma="te" pos="X">te</wf>
         <wf lemma="leren" pos="X">leren</wf>
         <wf lemma="." pos="X">.</wf>
      </sentence>
      <sentence id="d000.s540" source="wordnet-dutch">
         <wf lemma="Varens" pos="X">Varens</wf>
         <wf lemma="zijn" pos="X">zijn</wf>
         <wf lemma="het" pos="X">het</wf>
         <instance id="d000.s540.t000" lemma="type" pos="NOUN">type</instance>
         <wf lemma="waaruit" pos="X">waaruit</wf>
         <wf lemma="zich" pos="X">zich</wf>
         <wf lemma="veel" pos="X">veel</wf>
         <wf lemma="flora" pos="X">flora</wf>
         <wf lemma="heeft" pos="X">heeft</wf>
         <wf lemma="ontwikkeld" pos="X">ontwikkeld</wf>
         <wf lemma="." pos="X">.</wf>
      </sentence>
      <sentence id="d000.s541" source="wordnet-dutch">
         <wf lemma="de" pos="X">de</wf>
         <wf lemma="wielrijder" pos="X">wielrijder</wf>
         <wf lemma="die" pos="X">die</wf>
         <wf lemma="op" pos="X">op</wf>
         <wf lemma="kop" pos="X">kop</wf>
         <wf lemma="lag" pos="X">lag</wf>
         <wf lemma="trok" pos="X">trok</wf>
         <wf lemma="de" pos="X">de</wf>
         <instance id="d000.s541.t000" lemma="sprint" pos="NOUN">sprint</instance>
         <wf lemma="aan" pos="X">aan</wf>
         <wf lemma="." pos="X">.</wf>
      </sentence>
      <sentence id="d000.s542" source="wordnet-dutch">
         <wf lemma="dat" pos="X">dat</wf>
         <wf lemma="nieuws" pos="X">nieuws</wf>
         <wf lemma="heeft" pos="X">heeft</wf>
         <wf lemma="zich" pos="X">zich</wf>
         <wf lemma="intussen" pos="X">intussen</wf>
         <wf lemma="al" pos="X">al</wf>
         <wf lemma="overal" pos="X">overal</wf>
         <instance id="d000.s542.t000" lemma="verbreiden" pos="VERB">verbreid</instance>
         <wf lemma="." pos="X">.</wf>
      </sentence>
      <sentence id="d000.s543" source="wordnet-dutch">
         <wf lemma="heb" pos="X">heb</wf>
         <wf lemma="je" pos="X">je</wf>
         <wf lemma="wat" pos="X">wat</wf>
         <wf lemma="tegen" pos="X">tegen</wf>
         <wf lemma="de" pos="X">de</wf>
         <instance id="d000.s543.t000" lemma="pijn" pos="NOUN">pijn</instance>
         <wf lemma="?" pos="X">?</wf>
      </sentence>
      <sentence id="d000.s544" source="wordnet-dutch">
         <wf lemma="hij" pos="X">hij</wf>
         <wf lemma="had" pos="X">had</wf>
         <wf lemma="een" pos="X">een</wf>
         <wf lemma="spierblessure" pos="X">spierblessure</wf>
         <wf lemma="aan" pos="X">aan</wf>
         <wf lemma="een" pos="X">een</wf>
         <instance id="d000.s544.t000" lemma="bovenbeen" pos="NOUN">bovenbeen</instance>
         <wf lemma="." pos="X">.</wf>
      </sentence>
      <sentence id="d000.s545" source="wordnet-dutch">
         <wf lemma="ter" pos="X">ter</wf>
         <instance id="d000.s545.t000" lemma="gelegenheid" pos="NOUN">gelegenheid</instance>
         <wf lemma="van" pos="X">van</wf>
         <wf lemma="ons" pos="X">ons</wf>
         <wf lemma="huwelijk" pos="X">huwelijk</wf>
         <wf lemma="." pos="X">.</wf>
      </sentence>
      <sentence id="d000.s546" source="wordnet-dutch">
         <wf lemma="de" pos="X">de</wf>
         <wf lemma="stad" pos="X">stad</wf>
         <wf lemma="ligt" pos="X">ligt</wf>
         <wf lemma="in" pos="X">in</wf>
         <instance id="d000.s546.t000" lemma="puin" pos="NOUN">puin</instance>
         <wf lemma="." pos="X">.</wf>
      </sentence>
      <sentence id="d000.s547" source="wordnet-dutch">
         <wf lemma="op" pos="X">op</wf>
         <wf lemma="tal" pos="X">tal</wf>
         <wf lemma="van" pos="X">van</wf>
         <wf lemma="plekken" pos="X">plekken</wf>
         <wf lemma="kunnen" pos="X">kunnen</wf>
         <wf lemma="we" pos="X">we</wf>
         <wf lemma="niet" pos="X">niet</wf>
         <wf lemma="met" pos="X">met</wf>
         <wf lemma="een" pos="X">een</wf>
         <wf lemma="natuurlijke" pos="X">natuurlijke</wf>
         <wf lemma="zeewering" pos="X">zeewering</wf>
         <instance id="d000.s547.t000" lemma="volstaan" pos="VERB">volstaan</instance>
         <wf lemma="." pos="X">.</wf>
      </sentence>
      <sentence id="d000.s548" source="wordnet-dutch">
         <wf lemma="Ritsma" pos="X">Ritsma</wf>
         <wf lemma="is" pos="X">is</wf>
         <wf lemma="sterk" pos="X">sterk</wf>
         <wf lemma="op" pos="X">op</wf>
         <wf lemma="de" pos="X">de</wf>
         <wf lemma="lange" pos="X">lange</wf>
         <wf lemma="afstand" pos="X">afstand</wf>
         <wf lemma="," pos="X">,</wf>
         <wf lemma="maar" pos="X">maar</wf>
         <wf lemma="heeft" pos="X">heeft</wf>
         <wf lemma="ook" pos="X">ook</wf>
         <wf lemma="een" pos="X">een</wf>
         <wf lemma="goede" pos="X">goede</wf>
         <instance id="d000.s548.t000" lemma="sprint" pos="NOUN">sprint</instance>
         <wf lemma="in" pos="X">in</wf>
         <wf lemma="de" pos="X">de</wf>
         <wf lemma="benen" pos="X">benen</wf>
         <wf lemma="." pos="X">.</wf>
      </sentence>
      <sentence id="d000.s549" source="wordnet-dutch">
         <wf lemma="Ik" pos="X">Ik</wf>
         <wf lemma="ben" pos="X">ben</wf>
         <wf lemma="mijn" pos="X">mijn</wf>
         <instance id="d000.s549.t000" lemma="vergunning" pos="NOUN">vergunning</instance>
         <wf lemma="verloren" pos="X">verloren</wf>
         <wf lemma="." pos="X">.</wf>
         <wf lemma="Waarschijnlijk" pos="X">Waarschijnlijk</wf>
         <wf lemma="is" pos="X">is</wf>
         <wf lemma="hij" pos="X">hij</wf>
         <wf lemma="uit" pos="X">uit</wf>
         <wf lemma="mijn" pos="X">mijn</wf>
         <wf lemma="zak" pos="X">zak</wf>
         <wf lemma="gevallen" pos="X">gevallen</wf>
         <wf lemma="." pos="X">.</wf>
      </sentence>
      <sentence id="d000.s550" source="wordnet-dutch">
         <wf lemma="die" pos="X">die</wf>
         <wf lemma="jas" pos="X">jas</wf>
         <wf lemma="was" pos="X">was</wf>
         <wf lemma="een" pos="X">een</wf>
         <wf lemma="echt" pos="X">echt</wf>
         <instance id="d000.s550.t000" lemma="gunstkoopje" pos="NOUN">gunstkoopje</instance>
         <wf lemma="." pos="X">.</wf>
      </sentence>
      <sentence id="d000.s551" source="wordnet-dutch">
         <wf lemma="de" pos="X">de</wf>
         <wf lemma="scheve" pos="X">scheve</wf>
         <instance id="d000.s551.t000" lemma="verhouding" pos="NOUN">verhouding</instance>
         <wf lemma="tussen" pos="X">tussen</wf>
         <wf lemma="Noord" pos="X">Noord</wf>
         <wf lemma="en" pos="X">en</wf>
         <wf lemma="Zuid" pos="X">Zuid</wf>
         <wf lemma="." pos="X">.</wf>
      </sentence>
      <sentence id="d000.s552" source="wordnet-dutch">
         <wf lemma="moeder" pos="X">moeder</wf>
         <wf lemma="kan" pos="X">kan</wf>
         <wf lemma="de" pos="X">de</wf>
         <instance id="d000.s552.t000" lemma="puinhoop" pos="NOUN">puinhoop</instance>
         <wf lemma="weer" pos="X">weer</wf>
         <wf lemma="opruimen" pos="X">opruimen</wf>
         <wf lemma="." pos="X">.</wf>
      </sentence>
      <sentence id="d000.s553" source="wordnet-dutch">
         <wf lemma="je" pos="X">je</wf>
         <wf lemma="moet" pos="X">moet</wf>
         <wf lemma="(" pos="X">(</wf>
         <wf lemma="ervoor" pos="X">ervoor</wf>
         <wf lemma=")" pos="X">)</wf>
         <instance id="d000.s553.t000" lemma="opletten" pos="VERB">opletten</instance>
         <wf lemma="dat" pos="X">dat</wf>
         <wf lemma="de" pos="X">de</wf>
         <wf lemma="dingen" pos="X">dingen</wf>
         <wf lemma="hier" pos="X">hier</wf>
         <wf lemma="niet" pos="X">niet</wf>
         <wf lemma="uit" pos="X">uit</wf>
         <wf lemma="de" pos="X">de</wf>
         <wf lemma="hand" pos="X">hand</wf>
         <wf lemma="lopen" pos="X">lopen</wf>
         <wf lemma="." pos="X">.</wf>
      </sentence>
      <sentence id="d000.s554" source="wordnet-dutch">
         <wf lemma="de" pos="X">de</wf>
         <instance id="d000.s554.t000" lemma="kit" pos="NOUN">kit</instance>
         <wf lemma="bellen" pos="X">bellen</wf>
         <wf lemma="." pos="X">.</wf>
      </sentence>
      <sentence id="d000.s555" source="wordnet-dutch">
         <wf lemma="probeer" pos="X">probeer</wf>
         <wf lemma="nu" pos="X">nu</wf>
         <wf lemma="eens" pos="X">eens</wf>
         <wf lemma="niet" pos="X">niet</wf>
         <wf lemma="zo" pos="X">zo</wf>
         <wf lemma="met" pos="X">met</wf>
         <wf lemma="je" pos="X">je</wf>
         <wf lemma="eten" pos="X">eten</wf>
         <wf lemma="te" pos="X">te</wf>
         <instance id="d000.s555.t000" lemma="knoeien" pos="VERB">knoeien</instance>
         <wf lemma="." pos="X">.</wf>
      </sentence>
      <sentence id="d000.s556" source="wordnet-dutch">
         <wf lemma="hij" pos="X">hij</wf>
         <wf lemma="heeft" pos="X">heeft</wf>
         <wf lemma="het" pos="X">het</wf>
         <wf lemma="verlies" pos="X">verlies</wf>
         <wf lemma="in" pos="X">in</wf>
         <wf lemma="amper" pos="X">amper</wf>
         <wf lemma="een" pos="X">een</wf>
         <wf lemma="week" pos="X">week</wf>
         <wf lemma="weer" pos="X">weer</wf>
         <wf lemma="helemaal" pos="X">helemaal</wf>
         <instance id="d000.s556.t000" lemma="goedmaken" pos="VERB">goedgemaakt</instance>
         <wf lemma="." pos="X">.</wf>
      </sentence>
      <sentence id="d000.s557" source="wordnet-dutch">
         <wf lemma="ik" pos="X">ik</wf>
         <wf lemma="vind" pos="X">vind</wf>
         <wf lemma="dat" pos="X">dat</wf>
         <wf lemma="die" pos="X">die</wf>
         <wf lemma="minister" pos="X">minister</wf>
         <wf lemma="moet" pos="X">moet</wf>
         <instance id="d000.s557.t000" lemma="aftreden" pos="VERB">aftreden</instance>
         <wf lemma="." pos="X">.</wf>
      </sentence>
      <sentence id="d000.s558" source="wordnet-dutch">
         <wf lemma="de" pos="X">de</wf>
         <wf lemma="VS" pos="X">VS</wf>
         <wf lemma="wekken" pos="X">wekken</wf>
         <wf lemma="de" pos="X">de</wf>
         <instance id="d000.s558.t000" lemma="schijn" pos="NOUN">schijn</instance>
         <wf lemma="de" pos="X">de</wf>
         <wf lemma="actie" pos="X">actie</wf>
         <wf lemma="te" pos="X">te</wf>
         <wf lemma="steunen" pos="X">steunen</wf>
         <wf lemma="." pos="X">.</wf>
      </sentence>
      <sentence id="d000.s559" source="wordnet-dutch">
         <instance id="d000.s559.t000" lemma="wachten" pos="VERB">wacht</instance>
         <wf lemma="met" pos="X">met</wf>
         <wf lemma="eten" pos="X">eten</wf>
         <wf lemma="tot" pos="X">tot</wf>
         <wf lemma="iedereen" pos="X">iedereen</wf>
         <wf lemma="aan" pos="X">aan</wf>
         <wf lemma="tafel" pos="X">tafel</wf>
         <wf lemma="zit" pos="X">zit</wf>
         <wf lemma="!" pos="X">!</wf>
      </sentence>
      <sentence id="d000.s560" source="wordnet-dutch">
         <wf lemma="dat" pos="X">dat</wf>
         <wf lemma="muziekstuk" pos="X">muziekstuk</wf>
         <wf lemma="werd" pos="X">werd</wf>
         <instance id="d000.s560.t000" lemma="arrangeren" pos="VERB">gearrangeerd</instance>
         <wf lemma="voor" pos="X">voor</wf>
         <wf lemma="piano" pos="X">piano</wf>
         <wf lemma="." pos="X">.</wf>
      </sentence>
      <sentence id="d000.s561" source="wordnet-dutch">
         <wf lemma="om" pos="X">om</wf>
         <wf lemma="bij" pos="X">bij</wf>
         <wf lemma="haar" pos="X">haar</wf>
         <wf lemma="huis" pos="X">huis</wf>
         <wf lemma="te" pos="X">te</wf>
         <wf lemma="komen" pos="X">komen</wf>
         <wf lemma="," pos="X">,</wf>
         <wf lemma="moet" pos="X">moet</wf>
         <wf lemma="je" pos="X">je</wf>
         <wf lemma="onder" pos="X">onder</wf>
         <wf lemma="het" pos="X">het</wf>
         <instance id="d000.s561.t000" lemma="viaduct" pos="NOUN">viaduct</instance>
         <wf lemma="door" pos="X">door</wf>
         <wf lemma="." pos="X">.</wf>
      </sentence>
      <sentence id="d000.s562" source="wordnet-dutch">
         <wf lemma="Het" pos="X">Het</wf>
         <instance id="d000.s562.t000" lemma="verloop" pos="NOUN">verloop</instance>
         <wf lemma="van" pos="X">van</wf>
         <wf lemma="het" pos="X">het</wf>
         <wf lemma="tij." pos="X">tij.</wf>
      </sentence>
      <sentence id="d000.s563" source="wordnet-dutch">
         <wf lemma="we" pos="X">we</wf>
         <wf lemma="zaten" pos="X">zaten</wf>
         <wf lemma="in" pos="X">in</wf>
         <wf lemma="de" pos="X">de</wf>
         <instance id="d000.s563.t000" lemma="schemer" pos="NOUN">schemer</instance>
         <wf lemma="op" pos="X">op</wf>
         <wf lemma="een" pos="X">een</wf>
         <wf lemma="terrasje" pos="X">terrasje</wf>
         <wf lemma="." pos="X">.</wf>
      </sentence>
      <sentence id="d000.s564" source="wordnet-dutch">
         <wf lemma="een" pos="X">een</wf>
         <wf lemma="onderneming" pos="X">onderneming</wf>
         <wf lemma="die" pos="X">die</wf>
         <wf lemma="niet" pos="X">niet</wf>
         <wf lemma="rendabel" pos="X">rendabel</wf>
         <wf lemma="is" pos="X">is</wf>
         <wf lemma="moet" pos="X">moet</wf>
         <wf lemma="de" pos="X">de</wf>
         <wf lemma="activiteiten" pos="X">activiteiten</wf>
         <instance id="d000.s564.t000" lemma="afbouwen" pos="VERB">afbouwen</instance>
         <wf lemma="." pos="X">.</wf>
      </sentence>
      <sentence id="d000.s565" source="wordnet-dutch">
         <wf lemma="de" pos="X">de</wf>
         <wf lemma="bomen" pos="X">bomen</wf>
         <wf lemma="kunnen" pos="X">kunnen</wf>
         <wf lemma="leven" pos="X">leven</wf>
         <wf lemma="van" pos="X">van</wf>
         <wf lemma="een" pos="X">een</wf>
         <wf lemma="enkele" pos="X">enkele</wf>
         <wf lemma="centimeters" pos="X">centimeters</wf>
         <wf lemma="dikke" pos="X">dikke</wf>
         <wf lemma="laag" pos="X">laag</wf>
         <instance id="d000.s565.t000" lemma="humus" pos="NOUN">humus</instance>
         <wf lemma="." pos="X">.</wf>
      </sentence>
      <sentence id="d000.s566" source="wordnet-dutch">
         <wf lemma="de" pos="X">de</wf>
         <wf lemma="man" pos="X">man</wf>
         <wf lemma="was" pos="X">was</wf>
         <wf lemma="uit" pos="X">uit</wf>
         <wf lemma="een" pos="X">een</wf>
         <wf lemma="raam" pos="X">raam</wf>
         <wf lemma="op" pos="X">op</wf>
         <wf lemma="de" pos="X">de</wf>
         <wf lemma="6e" pos="X">6e</wf>
         <wf lemma="verdieping" pos="X">verdieping</wf>
         <instance id="d000.s566.t000" lemma="springen" pos="VERB">gesprongen</instance>
         <wf lemma="." pos="X">.</wf>
      </sentence>
      <sentence id="d000.s567" source="wordnet-dutch">
         <wf lemma="hij" pos="X">hij</wf>
         <wf lemma="heeft" pos="X">heeft</wf>
         <wf lemma="de" pos="X">de</wf>
         <wf lemma="hele" pos="X">hele</wf>
         <wf lemma="tekst" pos="X">tekst</wf>
         <wf lemma="gelezen" pos="X">gelezen</wf>
         <wf lemma="zonder" pos="X">zonder</wf>
         <wf lemma="te" pos="X">te</wf>
         <instance id="d000.s567.t000" lemma="haperen" pos="VERB">haperen</instance>
         <wf lemma="." pos="X">.</wf>
      </sentence>
      <sentence id="d000.s568" source="wordnet-dutch">
         <wf lemma="hij" pos="X">hij</wf>
         <instance id="d000.s568.t000" lemma="schrijven" pos="VERB">schrijft</instance>
         <wf lemma="al" pos="X">al</wf>
         <wf lemma="die" pos="X">die</wf>
         <wf lemma="woorden" pos="X">woorden</wf>
         <wf lemma="nu" pos="X">nu</wf>
         <wf lemma="volgens" pos="X">volgens</wf>
         <wf lemma="de" pos="X">de</wf>
         <wf lemma="nieuwe" pos="X">nieuwe</wf>
         <wf lemma="spelling" pos="X">spelling</wf>
         <wf lemma="." pos="X">.</wf>
      </sentence>
      <sentence id="d000.s569" source="wordnet-dutch">
         <wf lemma="neem" pos="X">neem</wf>
         <wf lemma="maar" pos="X">maar</wf>
         <wf lemma="liever" pos="X">liever</wf>
         <wf lemma="een" pos="X">een</wf>
         <wf lemma="beperkt" pos="X">beperkt</wf>
         <instance id="d000.s569.t000" lemma="domein" pos="NOUN">domein</instance>
         <wf lemma="." pos="X">.</wf>
      </sentence>
      <sentence id="d000.s570" source="wordnet-dutch">
         <wf lemma="er" pos="X">er</wf>
         <wf lemma="is" pos="X">is</wf>
         <wf lemma="in" pos="X">in</wf>
         <wf lemma="dit" pos="X">dit</wf>
         <wf lemma="vak" pos="X">vak</wf>
         <wf lemma="geen" pos="X">geen</wf>
         <wf lemma="enkele" pos="X">enkele</wf>
         <wf lemma="ruimte" pos="X">ruimte</wf>
         <wf lemma="voor" pos="X">voor</wf>
         <instance id="d000.s570.t000" lemma="creativiteit" pos="NOUN">creativiteit</instance>
         <wf lemma="." pos="X">.</wf>
      </sentence>
      <sentence id="d000.s571" source="wordnet-dutch">
         <wf lemma="als" pos="X">als</wf>
         <wf lemma="de" pos="X">de</wf>
         <wf lemma="politie" pos="X">politie</wf>
         <wf lemma="komt" pos="X">komt</wf>
         <instance id="d000.s571.t000" lemma="knijpen" pos="VERB">knijp</instance>
         <wf lemma="ik" pos="X">ik</wf>
         <wf lemma="'m." pos="X">'m.</wf>
      </sentence>
      <sentence id="d000.s572" source="wordnet-dutch">
         <wf lemma="hij" pos="X">hij</wf>
         <wf lemma="werkt" pos="X">werkt</wf>
         <wf lemma="voor/bij" pos="X">voor/bij</wf>
         <wf lemma="de" pos="X">de</wf>
         <instance id="d000.s572.t000" lemma="televisie" pos="NOUN">televisie</instance>
         <wf lemma="." pos="X">.</wf>
      </sentence>
      <sentence id="d000.s573" source="wordnet-dutch">
         <wf lemma="dat" pos="X">dat</wf>
         <wf lemma="het" pos="X">het</wf>
         <wf lemma="zo" pos="X">zo</wf>
         <wf lemma="koud" pos="X">koud</wf>
         <wf lemma="is" pos="X">is</wf>
         <wf lemma="," pos="X">,</wf>
         <instance id="d000.s573.t000" lemma="liggen" pos="VERB">ligt</instance>
         <wf lemma="aan" pos="X">aan</wf>
         <wf lemma="de" pos="X">de</wf>
         <wf lemma="wind" pos="X">wind</wf>
         <wf lemma="." pos="X">.</wf>
      </sentence>
      <sentence id="d000.s574" source="wordnet-dutch">
         <wf lemma="de" pos="X">de</wf>
         <wf lemma="politie" pos="X">politie</wf>
         <wf lemma="heeft" pos="X">heeft</wf>
         <wf lemma="de" pos="X">de</wf>
         <wf lemma="daders" pos="X">daders</wf>
         <instance id="d000.s574.t000" lemma="traceren" pos="VERB">getraceerd</instance>
         <wf lemma="." pos="X">.</wf>
      </sentence>
      <sentence id="d000.s575" source="wordnet-dutch">
         <wf lemma="de" pos="X">de</wf>
         <wf lemma="neus" pos="X">neus</wf>
         <wf lemma="van" pos="X">van</wf>
         <wf lemma="de" pos="X">de</wf>
         <wf lemma="schoen" pos="X">schoen</wf>
         <instance id="d000.s575.t000" lemma="duwen" pos="VERB">duwt</instance>
         <wf lemma="tegen" pos="X">tegen</wf>
         <wf lemma="mijn" pos="X">mijn</wf>
         <wf lemma="tenen" pos="X">tenen</wf>
         <wf lemma="." pos="X">.</wf>
      </sentence>
      <sentence id="d000.s576" source="wordnet-dutch">
         <wf lemma="hij" pos="X">hij</wf>
         <wf lemma="in" pos="X">in</wf>
         <wf lemma="ieder" pos="X">ieder</wf>
         <wf lemma="geval" pos="X">geval</wf>
         <wf lemma="zijn" pos="X">zijn</wf>
         <wf lemma="persoonlijk" pos="X">persoonlijk</wf>
         <instance id="d000.s576.t000" lemma="record" pos="NOUN">record</instance>
         <wf lemma="gebroken" pos="X">gebroken</wf>
         <wf lemma="." pos="X">.</wf>
      </sentence>
      <sentence id="d000.s577" source="wordnet-dutch">
         <wf lemma="ik" pos="X">ik</wf>
         <wf lemma="kan" pos="X">kan</wf>
         <wf lemma="niet" pos="X">niet</wf>
         <wf lemma="begrijpen" pos="X">begrijpen</wf>
         <wf lemma="dat" pos="X">dat</wf>
         <wf lemma="hij" pos="X">hij</wf>
         <wf lemma="zo" pos="X">zo</wf>
         <wf lemma="lichtzinnig" pos="X">lichtzinnig</wf>
         <instance id="d000.s577.t000" lemma="omspringen" pos="VERB">omspringt</instance>
         <wf lemma="met" pos="X">met</wf>
         <wf lemma="iets" pos="X">iets</wf>
         <wf lemma="van" pos="X">van</wf>
         <wf lemma="zo'n" pos="X">zo'n</wf>
         <wf lemma="groot" pos="X">groot</wf>
         <wf lemma="belang" pos="X">belang</wf>
         <wf lemma="." pos="X">.</wf>
      </sentence>
      <sentence id="d000.s578" source="wordnet-dutch">
         <wf lemma="de" pos="X">de</wf>
         <wf lemma="nieuwe" pos="X">nieuwe</wf>
         <wf lemma="reglementen" pos="X">reglementen</wf>
         <instance id="d000.s578.t000" lemma="tenderen" pos="VERB">tenderen</instance>
         <wf lemma="naar" pos="X">naar</wf>
         <wf lemma="meer" pos="X">meer</wf>
         <wf lemma="vrijheid" pos="X">vrijheid</wf>
         <wf lemma="." pos="X">.</wf>
      </sentence>
      <sentence id="d000.s579" source="wordnet-dutch">
         <wf lemma="de" pos="X">de</wf>
         <wf lemma="kinderen" pos="X">kinderen</wf>
         <wf lemma="hadden" pos="X">hadden</wf>
         <wf lemma="een" pos="X">een</wf>
         <instance id="d000.s579.t000" lemma="hut" pos="NOUN">hut</instance>
         <wf lemma="in" pos="X">in</wf>
         <wf lemma="de" pos="X">de</wf>
         <wf lemma="tuin" pos="X">tuin</wf>
         <wf lemma="gebouwd" pos="X">gebouwd</wf>
         <wf lemma="." pos="X">.</wf>
      </sentence>
      <sentence id="d000.s580" source="wordnet-dutch">
         <wf lemma="een" pos="X">een</wf>
         <wf lemma="lamp" pos="X">lamp</wf>
         <wf lemma="met" pos="X">met</wf>
         <wf lemma="een" pos="X">een</wf>
         <wf lemma="hoog" pos="X">hoog</wf>
         <instance id="d000.s580.t000" lemma="wattage" pos="NOUN">wattage</instance>
         <wf lemma="." pos="X">.</wf>
      </sentence>
      <sentence id="d000.s581" source="wordnet-dutch">
         <wf lemma="de" pos="X">de</wf>
         <wf lemma="bokser" pos="X">bokser</wf>
         <wf lemma="moest" pos="X">moest</wf>
         <wf lemma="een" pos="X">een</wf>
         <wf lemma="paar" pos="X">paar</wf>
         <wf lemma="stevige" pos="X">stevige</wf>
         <wf lemma="klappen" pos="X">klappen</wf>
         <wf lemma="van" pos="X">van</wf>
         <wf lemma="de" pos="X">de</wf>
         <wf lemma="tegenstander" pos="X">tegenstander</wf>
         <instance id="d000.s581.t000" lemma="incasseren" pos="VERB">incasseren</instance>
         <wf lemma="." pos="X">.</wf>
      </sentence>
      <sentence id="d000.s582" source="wordnet-dutch">
         <wf lemma="op" pos="X">op</wf>
         <wf lemma="de" pos="X">de</wf>
         <wf lemma="A1" pos="X">A1</wf>
         <wf lemma="is" pos="X">is</wf>
         <wf lemma="ter" pos="X">ter</wf>
         <wf lemma="hoogte" pos="X">hoogte</wf>
         <wf lemma="van" pos="X">van</wf>
         <wf lemma="Muiden" pos="X">Muiden</wf>
         <wf lemma="een" pos="X">een</wf>
         <instance id="d000.s582.t000" lemma="tankauto" pos="NOUN">tankauto</instance>
         <wf lemma="gekanteld" pos="X">gekanteld</wf>
         <wf lemma="." pos="X">.</wf>
      </sentence>
      <sentence id="d000.s583" source="wordnet-dutch">
         <wf lemma="die" pos="X">die</wf>
         <wf lemma="fiets" pos="X">fiets</wf>
         <wf lemma="is" pos="X">is</wf>
         <wf lemma="een" pos="X">een</wf>
         <wf lemma="bonk" pos="X">bonk</wf>
         <instance id="d000.s583.t000" lemma="roesten" pos="NOUN">roest</instance>
         <wf lemma="." pos="X">.</wf>
      </sentence>
      <sentence id="d000.s584" source="wordnet-dutch">
         <wf lemma="Ajax" pos="X">Ajax</wf>
         <wf lemma="nam" pos="X">nam</wf>
         <instance id="d000.s584.t000" lemma="revanche" pos="NOUN">revanche</instance>
         <wf lemma="op" pos="X">op</wf>
         <wf lemma="Feyenoord" pos="X">Feyenoord</wf>
         <wf lemma="." pos="X">.</wf>
      </sentence>
      <sentence id="d000.s585" source="wordnet-dutch">
         <wf lemma="de" pos="X">de</wf>
         <wf lemma="piramides" pos="X">piramides</wf>
         <wf lemma="van" pos="X">van</wf>
         <wf lemma="Gizeh" pos="X">Gizeh</wf>
         <wf lemma="hebben" pos="X">hebben</wf>
         <wf lemma="nog" pos="X">nog</wf>
         <wf lemma="lang" pos="X">lang</wf>
         <wf lemma="niet" pos="X">niet</wf>
         <wf lemma="al" pos="X">al</wf>
         <wf lemma="hun" pos="X">hun</wf>
         <wf lemma="geheimen" pos="X">geheimen</wf>
         <instance id="d000.s585.t000" lemma="prijsgeven" pos="VERB">prijsgegeven</instance>
         <wf lemma="." pos="X">.</wf>
      </sentence>
      <sentence id="d000.s586" source="wordnet-dutch">
         <wf lemma="zonder" pos="X">zonder</wf>
         <instance id="d000.s586.t000" lemma="verlies" pos="NOUN">verlies</instance>
         <wf lemma="werken" pos="X">werken</wf>
         <wf lemma="." pos="X">.</wf>
      </sentence>
      <sentence id="d000.s587" source="wordnet-dutch">
         <wf lemma="de" pos="X">de</wf>
         <wf lemma="voorzitter" pos="X">voorzitter</wf>
         <instance id="d000.s587.t000" lemma="verheugen" pos="VERB">verheugde</instance>
         <wf lemma="zich" pos="X">zich</wf>
         <wf lemma="over" pos="X">over</wf>
         <wf lemma="de" pos="X">de</wf>
         <wf lemma="grote" pos="X">grote</wf>
         <wf lemma="opkomst" pos="X">opkomst</wf>
         <wf lemma="." pos="X">.</wf>
      </sentence>
      <sentence id="d000.s588" source="wordnet-dutch">
         <wf lemma="op" pos="X">op</wf>
         <wf lemma="de" pos="X">de</wf>
         <wf lemma="kermis" pos="X">kermis</wf>
         <wf lemma="draaien" pos="X">draaien</wf>
         <wf lemma="ze" pos="X">ze</wf>
         <instance id="d000.s588.t000" lemma="suikerspin" pos="NOUN">suikerspinnen</instance>
         <wf lemma="." pos="X">.</wf>
      </sentence>
      <sentence id="d000.s589" source="wordnet-dutch">
         <wf lemma="ik" pos="X">ik</wf>
         <wf lemma="zend" pos="X">zend</wf>
         <wf lemma="het" pos="X">het</wf>
         <wf lemma="pakketje" pos="X">pakketje</wf>
         <wf lemma="per" pos="X">per</wf>
         <instance id="d000.s589.t000" lemma="post" pos="NOUN">post</instance>
         <wf lemma="naar" pos="X">naar</wf>
         <wf lemma="je" pos="X">je</wf>
         <wf lemma="toe" pos="X">toe</wf>
         <wf lemma="." pos="X">.</wf>
      </sentence>
      <sentence id="d000.s590" source="wordnet-dutch">
         <wf lemma="wat" pos="X">wat</wf>
         <wf lemma="een" pos="X">een</wf>
         <wf lemma="saaie" pos="X">saaie</wf>
         <instance id="d000.s590.t000" lemma="boel" pos="NOUN">boel</instance>
         <wf lemma="daar" pos="X">daar</wf>
         <wf lemma="!" pos="X">!</wf>
      </sentence>
      <sentence id="d000.s591" source="wordnet-dutch">
         <wf lemma="de" pos="X">de</wf>
         <wf lemma="jongens" pos="X">jongens</wf>
         <wf lemma="werden" pos="X">werden</wf>
         <instance id="d000.s591.t000" lemma="belonen" pos="VERB">beloond</instance>
         <wf lemma="met" pos="X">met</wf>
         <wf lemma="125" pos="X">125</wf>
         <wf lemma="gulden" pos="X">gulden</wf>
         <wf lemma="ieder" pos="X">ieder</wf>
         <wf lemma="." pos="X">.</wf>
      </sentence>
      <sentence id="d000.s592" source="wordnet-dutch">
         <wf lemma="ik" pos="X">ik</wf>
         <wf lemma="wil" pos="X">wil</wf>
         <wf lemma="daar" pos="X">daar</wf>
         <wf lemma="graag" pos="X">graag</wf>
         <wf lemma="de" pos="X">de</wf>
         <wf lemma="volgende" pos="X">volgende</wf>
         <instance id="d000.s592.t000" lemma="aantekening" pos="NOUN">aantekening</instance>
         <wf lemma="bij" pos="X">bij</wf>
         <wf lemma="maken" pos="X">maken</wf>
         <wf lemma="." pos="X">.</wf>
      </sentence>
      <sentence id="d000.s593" source="wordnet-dutch">
         <wf lemma="voor" pos="X">voor</wf>
         <wf lemma="je" pos="X">je</wf>
         <wf lemma="het" pos="X">het</wf>
         <instance id="d000.s593.t000" lemma="weten" pos="VERB">weet</instance>
         <wf lemma="," pos="X">,</wf>
         <wf lemma="ben" pos="X">ben</wf>
         <wf lemma="je" pos="X">je</wf>
         <wf lemma="al" pos="X">al</wf>
         <wf lemma="je" pos="X">je</wf>
         <wf lemma="spullen" pos="X">spullen</wf>
         <wf lemma="kwijt" pos="X">kwijt</wf>
         <wf lemma="." pos="X">.</wf>
      </sentence>
      <sentence id="d000.s594" source="wordnet-dutch">
         <wf lemma="De" pos="X">De</wf>
         <wf lemma="nieuwe" pos="X">nieuwe</wf>
         <wf lemma="bijenkoningin" pos="X">bijenkoningin</wf>
         <wf lemma="nam" pos="X">nam</wf>
         <wf lemma="de" pos="X">de</wf>
         <wf lemma="helft" pos="X">helft</wf>
         <wf lemma="van" pos="X">van</wf>
         <wf lemma="het" pos="X">het</wf>
         <instance id="d000.s594.t000" lemma="volk" pos="NOUN">volk</instance>
         <wf lemma="mee" pos="X">mee</wf>
         <wf lemma="." pos="X">.</wf>
      </sentence>
      <sentence id="d000.s595" source="wordnet-dutch">
         <wf lemma="in" pos="X">in</wf>
         <wf lemma="het" pos="X">het</wf>
         <wf lemma="verhaal" pos="X">verhaal</wf>
         <wf lemma="ben" pos="X">ben</wf>
         <wf lemma="ik" pos="X">ik</wf>
         <wf lemma="vlak" pos="X">vlak</wf>
         <wf lemma="bij" pos="X">bij</wf>
         <wf lemma="de" pos="X">de</wf>
         <instance id="d000.s595.t000" lemma="ontknoping" pos="NOUN">ontknoping</instance>
         <wf lemma="," pos="X">,</wf>
         <wf lemma="ik" pos="X">ik</wf>
         <wf lemma="lees" pos="X">lees</wf>
         <wf lemma="nog" pos="X">nog</wf>
         <wf lemma="even" pos="X">even</wf>
         <wf lemma="door" pos="X">door</wf>
         <wf lemma="." pos="X">.</wf>
      </sentence>
      <sentence id="d000.s596" source="wordnet-dutch">
         <wf lemma="een" pos="X">een</wf>
         <wf lemma="scheepshuid" pos="X">scheepshuid</wf>
         <wf lemma="vol" pos="X">vol</wf>
         <wf lemma="aangroei" pos="X">aangroei</wf>
         <wf lemma="is" pos="X">is</wf>
         <wf lemma="het" pos="X">het</wf>
         <instance id="d000.s596.t000" lemma="schrikbeeld" pos="NOUN">schrikbeeld</instance>
         <wf lemma="van" pos="X">van</wf>
         <wf lemma="elke" pos="X">elke</wf>
         <wf lemma="zeiler" pos="X">zeiler</wf>
         <wf lemma="." pos="X">.</wf>
      </sentence>
      <sentence id="d000.s597" source="wordnet-dutch">
         <wf lemma="je" pos="X">je</wf>
         <wf lemma="hebt" pos="X">hebt</wf>
         <wf lemma="me" pos="X">me</wf>
         <wf lemma="diep" pos="X">diep</wf>
         <instance id="d000.s597.t000" lemma="krenken" pos="VERB">gekrenkt</instance>
         <wf lemma="met" pos="X">met</wf>
         <wf lemma="die" pos="X">die</wf>
         <wf lemma="beledigende" pos="X">beledigende</wf>
         <wf lemma="uitspraak" pos="X">uitspraak</wf>
         <wf lemma="." pos="X">.</wf>
      </sentence>
      <sentence id="d000.s598" source="wordnet-dutch">
         <wf lemma="hij" pos="X">hij</wf>
         <wf lemma="belde" pos="X">belde</wf>
         <wf lemma="op" pos="X">op</wf>
         <wf lemma="met" pos="X">met</wf>
         <wf lemma="de" pos="X">de</wf>
         <instance id="d000.s598.t000" lemma="boodschap" pos="NOUN">boodschap</instance>
         <wf lemma="dat" pos="X">dat</wf>
         <wf lemma="hij" pos="X">hij</wf>
         <wf lemma="niet" pos="X">niet</wf>
         <wf lemma="kwam" pos="X">kwam</wf>
         <wf lemma="." pos="X">.</wf>
      </sentence>
      <sentence id="d000.s599" source="wordnet-dutch">
         <wf lemma="mijn" pos="X">mijn</wf>
         <wf lemma="auto" pos="X">auto</wf>
         <instance id="d000.s599.t000" lemma="verbruiken" pos="VERB">verbruikt</instance>
         <wf lemma="ongeveer" pos="X">ongeveer</wf>
         <wf lemma="8" pos="X">8</wf>
         <wf lemma="liter" pos="X">liter</wf>
         <wf lemma="benzine" pos="X">benzine</wf>
         <wf lemma="per" pos="X">per</wf>
         <wf lemma="100" pos="X">100</wf>
         <wf lemma="kilometer" pos="X">kilometer</wf>
         <wf lemma="." pos="X">.</wf>
      </sentence>
      <sentence id="d000.s600" source="wordnet-dutch">
         <wf lemma="de" pos="X">de</wf>
         <wf lemma="gewonden" pos="X">gewonden</wf>
         <wf lemma="werden" pos="X">werden</wf>
         <wf lemma="vervoerd" pos="X">vervoerd</wf>
         <wf lemma="naar" pos="X">naar</wf>
         <instance id="d000.s600.t000" lemma="hospitaal" pos="NOUN">hospitalen</instance>
         <wf lemma="in" pos="X">in</wf>
         <wf lemma="de" pos="X">de</wf>
         <wf lemma="omgeving" pos="X">omgeving</wf>
         <wf lemma="." pos="X">.</wf>
      </sentence>
      <sentence id="d000.s601" source="wordnet-dutch">
         <wf lemma="Op" pos="X">Op</wf>
         <wf lemma="dit" pos="X">dit</wf>
         <wf lemma="kruispunt" pos="X">kruispunt</wf>
         <wf lemma="direct" pos="X">direct</wf>
         <wf lemma="rechts" pos="X">rechts</wf>
         <wf lemma="afslaan" pos="X">afslaan</wf>
         <wf lemma="de" pos="X">de</wf>
         <wf lemma="KORENDRAGERSTRAAT" pos="X">KORENDRAGERSTRAAT</wf>
         <wf lemma="in" pos="X">in</wf>
         <wf lemma="," pos="X">,</wf>
         <wf lemma="die" pos="X">die</wf>
         <instance id="d000.s601.t000" lemma="overgaan" pos="VERB">overgaat</instance>
         <wf lemma="in" pos="X">in</wf>
         <wf lemma="de" pos="X">de</wf>
         <wf lemma="KERKSTRAAT" pos="X">KERKSTRAAT</wf>
         <wf lemma="." pos="X">.</wf>
      </sentence>
      <sentence id="d000.s602" source="wordnet-dutch">
         <wf lemma="ik" pos="X">ik</wf>
         <instance id="d000.s602.t000" lemma="herinneren" pos="VERB">herinner</instance>
         <wf lemma="me" pos="X">me</wf>
         <wf lemma="nog" pos="X">nog</wf>
         <wf lemma="goed" pos="X">goed</wf>
         <wf lemma="wat" pos="X">wat</wf>
         <wf lemma="hij" pos="X">hij</wf>
         <wf lemma="voor" pos="X">voor</wf>
         <wf lemma="zijn" pos="X">zijn</wf>
         <wf lemma="dood" pos="X">dood</wf>
         <wf lemma="zei" pos="X">zei</wf>
         <wf lemma="." pos="X">.</wf>
      </sentence>
      <sentence id="d000.s603" source="wordnet-dutch">
         <wf lemma="die" pos="X">die</wf>
         <wf lemma="wandeling/tocht" pos="X">wandeling/tocht</wf>
         <wf lemma="heeft" pos="X">heeft</wf>
         <wf lemma="haar" pos="X">haar</wf>
         <wf lemma="helemaal" pos="X">helemaal</wf>
         <instance id="d000.s603.t000" lemma="uitputten" pos="VERB">uitgeput</instance>
         <wf lemma="." pos="X">.</wf>
      </sentence>
      <sentence id="d000.s604" source="wordnet-dutch">
         <wf lemma="dat" pos="X">dat</wf>
         <wf lemma="boek" pos="X">boek</wf>
         <wf lemma="is" pos="X">is</wf>
         <wf lemma="geschreven" pos="X">geschreven</wf>
         <wf lemma="in" pos="X">in</wf>
         <wf lemma="een" pos="X">een</wf>
         <wf lemma="gewrongen" pos="X">gewrongen</wf>
         <instance id="d000.s604.t000" lemma="stijl" pos="NOUN">stijl</instance>
         <wf lemma="." pos="X">.</wf>
      </sentence>
      <sentence id="d000.s605" source="wordnet-dutch">
         <wf lemma="Jan" pos="X">Jan</wf>
         <wf lemma="van" pos="X">van</wf>
         <wf lemma="Goyen" pos="X">Goyen</wf>
         <wf lemma="schilderde" pos="X">schilderde</wf>
         <wf lemma="fraaie" pos="X">fraaie</wf>
         <instance id="d000.s605.t000" lemma="stadsgezicht" pos="NOUN">stadsgezichten</instance>
         <wf lemma="van" pos="X">van</wf>
         <wf lemma="Leiden" pos="X">Leiden</wf>
         <wf lemma="," pos="X">,</wf>
         <wf lemma="Rhenen" pos="X">Rhenen</wf>
         <wf lemma="en" pos="X">en</wf>
         <wf lemma="Antwerpen" pos="X">Antwerpen</wf>
         <wf lemma="." pos="X">.</wf>
      </sentence>
      <sentence id="d000.s606" source="wordnet-dutch">
         <wf lemma="hij" pos="X">hij</wf>
         <instance id="d000.s606.t000" lemma="flippen" pos="VERB">flipte</instance>
         <wf lemma="definitief" pos="X">definitief</wf>
         <wf lemma="op" pos="X">op</wf>
         <wf lemma="de" pos="X">de</wf>
         <wf lemma="consumptiemaatschappij" pos="X">consumptiemaatschappij</wf>
         <wf lemma="en" pos="X">en</wf>
         <wf lemma="ging" pos="X">ging</wf>
         <wf lemma="zwerven" pos="X">zwerven</wf>
         <wf lemma="." pos="X">.</wf>
      </sentence>
      <sentence id="d000.s607" source="wordnet-dutch">
         <wf lemma="hij" pos="X">hij</wf>
         <wf lemma="heeft" pos="X">heeft</wf>
         <wf lemma="grote" pos="X">grote</wf>
         <instance id="d000.s607.t000" lemma="aanleg" pos="NOUN">aanleg</instance>
         <wf lemma="voor" pos="X">voor</wf>
         <wf lemma="wiskunde" pos="X">wiskunde</wf>
         <wf lemma="." pos="X">.</wf>
      </sentence>
      <sentence id="d000.s608" source="wordnet-dutch">
         <wf lemma="alleen" pos="X">alleen</wf>
         <wf lemma="door" pos="X">door</wf>
         <wf lemma="de" pos="X">de</wf>
         <wf lemma="bijzondere" pos="X">bijzondere</wf>
         <wf lemma="vorm" pos="X">vorm</wf>
         <wf lemma="van" pos="X">van</wf>
         <wf lemma="subsidiëring" pos="X">subsidiëring</wf>
         <wf lemma="kunnen" pos="X">kunnen</wf>
         <wf lemma="deze" pos="X">deze</wf>
         <wf lemma="bedrijven" pos="X">bedrijven</wf>
         <wf lemma="financieel" pos="X">financieel</wf>
         <instance id="d000.s608.t000" lemma="overleven" pos="VERB">overleven</instance>
         <wf lemma="." pos="X">.</wf>
      </sentence>
      <sentence id="d000.s609" source="wordnet-dutch">
         <wf lemma="Het" pos="X">Het</wf>
         <wf lemma="paleis" pos="X">paleis</wf>
         <wf lemma="was" pos="X">was</wf>
         <wf lemma="een" pos="X">een</wf>
         <wf lemma="vertoon" pos="X">vertoon</wf>
         <wf lemma="van" pos="X">van</wf>
         <instance id="d000.s609.t000" lemma="heerlijkheid" pos="NOUN">heerlijkheid</instance>
         <wf lemma="," pos="X">,</wf>
         <wf lemma="pracht" pos="X">pracht</wf>
         <wf lemma="en" pos="X">en</wf>
         <wf lemma="praal" pos="X">praal</wf>
         <wf lemma="." pos="X">.</wf>
      </sentence>
      <sentence id="d000.s610" source="wordnet-dutch">
         <wf lemma="volgende" pos="X">volgende</wf>
         <wf lemma="zondag" pos="X">zondag</wf>
         <wf lemma="worden" pos="X">worden</wf>
         <wf lemma="er" pos="X">er</wf>
         <wf lemma="geen" pos="X">geen</wf>
         <instance id="d000.s610.t000" lemma="paardenkoers" pos="NOUN">paardenkoersen</instance>
         <wf lemma="gehouden" pos="X">gehouden</wf>
         <wf lemma="." pos="X">.</wf>
      </sentence>
      <sentence id="d000.s611" source="wordnet-dutch">
         <wf lemma="met" pos="X">met</wf>
         <wf lemma="zijn" pos="X">zijn</wf>
         <wf lemma="hoofd" pos="X">hoofd</wf>
         <wf lemma="bij" pos="X">bij</wf>
         <wf lemma="andere" pos="X">andere</wf>
         <wf lemma="zaken" pos="X">zaken</wf>
         <wf lemma="werkte" pos="X">werkte</wf>
         <wf lemma="hij" pos="X">hij</wf>
         <wf lemma="die" pos="X">die</wf>
         <wf lemma="middag" pos="X">middag</wf>
         <wf lemma="zijn" pos="X">zijn</wf>
         <instance id="d000.s611.t000" lemma="programma" pos="NOUN">programma</instance>
         <wf lemma="af" pos="X">af</wf>
         <wf lemma="." pos="X">.</wf>
      </sentence>
      <sentence id="d000.s612" source="wordnet-dutch">
         <wf lemma="de" pos="X">de</wf>
         <wf lemma="generaal" pos="X">generaal</wf>
         <instance id="d000.s612.t000" lemma="degraderen" pos="VERB">degradeerde</instance>
         <wf lemma="de" pos="X">de</wf>
         <wf lemma="luitenant" pos="X">luitenant</wf>
         <wf lemma="tot" pos="X">tot</wf>
         <wf lemma="soldaat" pos="X">soldaat</wf>
         <wf lemma="." pos="X">.</wf>
      </sentence>
      <sentence id="d000.s613" source="wordnet-dutch">
         <wf lemma="De" pos="X">De</wf>
         <wf lemma="jonge" pos="X">jonge</wf>
         <wf lemma="zeehonden" pos="X">zeehonden</wf>
         <wf lemma="rusten" pos="X">rusten</wf>
         <wf lemma="uit" pos="X">uit</wf>
         <wf lemma="op" pos="X">op</wf>
         <wf lemma="een" pos="X">een</wf>
         <instance id="d000.s613.t000" lemma="bol" pos="NOUN">bol</instance>
         <wf lemma="voor" pos="X">voor</wf>
         <wf lemma="de" pos="X">de</wf>
         <wf lemma="kust" pos="X">kust</wf>
         <wf lemma="." pos="X">.</wf>
      </sentence>
      <sentence id="d000.s614" source="wordnet-dutch">
         <wf lemma="dat" pos="X">dat</wf>
         <wf lemma="boek" pos="X">boek</wf>
         <instance id="d000.s614.t000" lemma="kosten" pos="VERB">kost</instance>
         <wf lemma="12euro" pos="X">12euro</wf>
         <wf lemma="." pos="X">.</wf>
      </sentence>
      <sentence id="d000.s615" source="wordnet-dutch">
         <wf lemma="de" pos="X">de</wf>
         <wf lemma="gemeente" pos="X">gemeente</wf>
         <wf lemma="doet" pos="X">doet</wf>
         <wf lemma="aan" pos="X">aan</wf>
         <wf lemma="gescheiden" pos="X">gescheiden</wf>
         <wf lemma="inzameling" pos="X">inzameling</wf>
         <wf lemma="van" pos="X">van</wf>
         <instance id="d000.s615.t000" lemma="afval" pos="NOUN">afval</instance>
         <wf lemma="." pos="X">.</wf>
      </sentence>
      <sentence id="d000.s616" source="wordnet-dutch">
         <wf lemma="dat" pos="X">dat</wf>
         <wf lemma="is" pos="X">is</wf>
         <wf lemma="geen" pos="X">geen</wf>
         <instance id="d000.s616.t000" lemma="punt" pos="NOUN">punt</instance>
         <wf lemma="." pos="X">.</wf>
      </sentence>
      <sentence id="d000.s617" source="wordnet-dutch">
         <wf lemma="zij" pos="X">zij</wf>
         <wf lemma="is" pos="X">is</wf>
         <wf lemma="een" pos="X">een</wf>
         <instance id="d000.s617.t000" lemma="autoriteit" pos="NOUN">autoriteit</instance>
         <wf lemma="op" pos="X">op</wf>
         <wf lemma="het" pos="X">het</wf>
         <wf lemma="gebied" pos="X">gebied</wf>
         <wf lemma="van" pos="X">van</wf>
         <wf lemma="de" pos="X">de</wf>
         <wf lemma="kinderpsychologie" pos="X">kinderpsychologie</wf>
         <wf lemma="." pos="X">.</wf>
      </sentence>
      <sentence id="d000.s618" source="wordnet-dutch">
         <wf lemma="in" pos="X">in</wf>
         <wf lemma="zijn" pos="X">zijn</wf>
         <wf lemma="artikel" pos="X">artikel</wf>
         <wf lemma="heeft" pos="X">heeft</wf>
         <wf lemma="de" pos="X">de</wf>
         <wf lemma="journalist" pos="X">journalist</wf>
         <wf lemma="de" pos="X">de</wf>
         <wf lemma="lijsttrekker" pos="X">lijsttrekker</wf>
         <wf lemma="heel" pos="X">heel</wf>
         <wf lemma="goed" pos="X">goed</wf>
         <instance id="d000.s618.t000" lemma="portretteren" pos="VERB">geportretteerd</instance>
         <wf lemma="." pos="X">.</wf>
      </sentence>
      <sentence id="d000.s619" source="wordnet-dutch">
         <wf lemma="hij" pos="X">hij</wf>
         <wf lemma="gaat" pos="X">gaat</wf>
         <wf lemma="alleen" pos="X">alleen</wf>
         <wf lemma="naar" pos="X">naar</wf>
         <wf lemma="feestjes" pos="X">feestjes</wf>
         <wf lemma="op" pos="X">op</wf>
         <wf lemma="de" pos="X">de</wf>
         <wf lemma="hoop" pos="X">hoop</wf>
         <wf lemma="er" pos="X">er</wf>
         <wf lemma="meisjes" pos="X">meisjes</wf>
         <wf lemma="te" pos="X">te</wf>
         <instance id="d000.s619.t000" lemma="versieren" pos="VERB">versieren</instance>
         <wf lemma="." pos="X">.</wf>
      </sentence>
      <sentence id="d000.s620" source="wordnet-dutch">
         <instance id="d000.s620.t000" lemma="solo" pos="NOUN">solo</instance>
         <wf lemma="dames" pos="X">dames</wf>
         <wf lemma="junioren" pos="X">junioren</wf>
         <wf lemma="." pos="X">.</wf>
      </sentence>
      <sentence id="d000.s621" source="wordnet-dutch">
         <wf lemma="gisteren" pos="X">gisteren</wf>
         <instance id="d000.s621.t000" lemma="manifesteren" pos="VERB">manifesteerden</instance>
         <wf lemma="30.000" pos="X">30.000</wf>
         <wf lemma="mensen" pos="X">mensen</wf>
         <wf lemma="tegen" pos="X">tegen</wf>
         <wf lemma="de" pos="X">de</wf>
         <wf lemma="regeringsplannen" pos="X">regeringsplannen</wf>
         <wf lemma="." pos="X">.</wf>
      </sentence>
      <sentence id="d000.s622" source="wordnet-dutch">
         <wf lemma="de" pos="X">de</wf>
         <wf lemma="bewolking" pos="X">bewolking</wf>
         <instance id="d000.s622.t000" lemma="overheersen" pos="VERB">overheerst</instance>
         <wf lemma="," pos="X">,</wf>
         <wf lemma="maar" pos="X">maar</wf>
         <wf lemma="het" pos="X">het</wf>
         <wf lemma="blijft" pos="X">blijft</wf>
         <wf lemma="droog" pos="X">droog</wf>
         <wf lemma="en" pos="X">en</wf>
         <wf lemma="af" pos="X">af</wf>
         <wf lemma="en" pos="X">en</wf>
         <wf lemma="toe" pos="X">toe</wf>
         <wf lemma="breekt" pos="X">breekt</wf>
         <wf lemma="de" pos="X">de</wf>
         <wf lemma="zon" pos="X">zon</wf>
         <wf lemma="wel" pos="X">wel</wf>
         <wf lemma="eens" pos="X">eens</wf>
         <wf lemma="door" pos="X">door</wf>
         <wf lemma="." pos="X">.</wf>
      </sentence>
      <sentence id="d000.s623" source="wordnet-dutch">
         <wf lemma="die" pos="X">die</wf>
         <wf lemma="wollen" pos="X">wollen</wf>
         <wf lemma="trui" pos="X">trui</wf>
         <instance id="d000.s623.t000" lemma="prikkelen" pos="VERB">prikkelt</instance>
         <wf lemma="een" pos="X">een</wf>
         <wf lemma="beetje" pos="X">beetje</wf>
         <wf lemma="." pos="X">.</wf>
      </sentence>
      <sentence id="d000.s624" source="wordnet-dutch">
         <wf lemma="zulke" pos="X">zulke</wf>
         <wf lemma="activiteiten" pos="X">activiteiten</wf>
         <wf lemma="vallen" pos="X">vallen</wf>
         <wf lemma="buiten" pos="X">buiten</wf>
         <wf lemma="ons" pos="X">ons</wf>
         <instance id="d000.s624.t000" lemma="terrein" pos="NOUN">terrein</instance>
         <wf lemma="." pos="X">.</wf>
      </sentence>
      <sentence id="d000.s625" source="wordnet-dutch">
         <wf lemma="u" pos="X">u</wf>
         <wf lemma="gelieve" pos="X">gelieve</wf>
         <wf lemma="hiervan" pos="X">hiervan</wf>
         <instance id="d000.s625.t000" lemma="kennis" pos="NOUN">kennis</instance>
         <wf lemma="te" pos="X">te</wf>
         <wf lemma="nemen" pos="X">nemen</wf>
         <wf lemma="." pos="X">.</wf>
      </sentence>
      <sentence id="d000.s626" source="wordnet-dutch">
         <wf lemma="de" pos="X">de</wf>
         <wf lemma="artsen" pos="X">artsen</wf>
         <wf lemma="probeerden" pos="X">probeerden</wf>
         <wf lemma="tevergeefs" pos="X">tevergeefs</wf>
         <wf lemma="de" pos="X">de</wf>
         <wf lemma="epidemie" pos="X">epidemie</wf>
         <wf lemma="te" pos="X">te</wf>
         <instance id="d000.s626.t000" lemma="bedwingen" pos="VERB">bedwingen</instance>
         <wf lemma="." pos="X">.</wf>
      </sentence>
      <sentence id="d000.s627" source="wordnet-dutch">
         <wf lemma="we" pos="X">we</wf>
         <wf lemma="zullen" pos="X">zullen</wf>
         <wf lemma="in" pos="X">in</wf>
         <wf lemma="de" pos="X">de</wf>
         <wf lemma="bespreking" pos="X">bespreking</wf>
         <wf lemma="de" pos="X">de</wf>
         <instance id="d000.s627.t000" lemma="hoofdlijn" pos="NOUN">hoofdlijnen</instance>
         <wf lemma="volgen" pos="X">volgen</wf>
         <wf lemma="." pos="X">.</wf>
      </sentence>
      <sentence id="d000.s628" source="wordnet-dutch">
         <wf lemma="ik" pos="X">ik</wf>
         <wf lemma="heb" pos="X">heb</wf>
         <wf lemma="de" pos="X">de</wf>
         <wf lemma="beste" pos="X">beste</wf>
         <wf lemma="trui" pos="X">trui</wf>
         <wf lemma="uit" pos="X">uit</wf>
         <wf lemma="de" pos="X">de</wf>
         <wf lemma="hoop" pos="X">hoop</wf>
         <instance id="d000.s628.t000" lemma="uitzoeken" pos="VERB">uitgezocht</instance>
         <wf lemma="." pos="X">.</wf>
      </sentence>
      <sentence id="d000.s629" source="wordnet-dutch">
         <wf lemma="verwacht" pos="X">verwacht</wf>
         <wf lemma="wordt" pos="X">wordt</wf>
         <wf lemma="dat" pos="X">dat</wf>
         <wf lemma="beide" pos="X">beide</wf>
         <wf lemma="scholen" pos="X">scholen</wf>
         <wf lemma="een" pos="X">een</wf>
         <instance id="d000.s629.t000" lemma="fusie" pos="NOUN">fusie</instance>
         <wf lemma="zullen" pos="X">zullen</wf>
         <wf lemma="aangaan" pos="X">aangaan</wf>
         <wf lemma="." pos="X">.</wf>
      </sentence>
      <sentence id="d000.s630" source="wordnet-dutch">
         <wf lemma="Wat" pos="X">Wat</wf>
         <wf lemma="is" pos="X">is</wf>
         <wf lemma="de" pos="X">de</wf>
         <wf lemma="inhoud" pos="X">inhoud</wf>
         <wf lemma="van" pos="X">van</wf>
         <wf lemma="een" pos="X">een</wf>
         <instance id="d000.s630.t000" lemma="blok" pos="NOUN">blok</instance>
         <wf lemma="met" pos="X">met</wf>
         <wf lemma="een" pos="X">een</wf>
         <wf lemma="diagonalen" pos="X">diagonalen</wf>
         <wf lemma="van" pos="X">van</wf>
         <wf lemma="2" pos="X">2</wf>
         <wf lemma="centimeter" pos="X">centimeter</wf>
         <wf lemma="?" pos="X">?</wf>
      </sentence>
      <sentence id="d000.s631" source="wordnet-dutch">
         <wf lemma="Het" pos="X">Het</wf>
         <instance id="d000.s631.t000" lemma="masker" pos="NOUN">masker</instance>
         <wf lemma="van" pos="X">van</wf>
         <wf lemma="de" pos="X">de</wf>
         <wf lemma="vlinder" pos="X">vlinder</wf>
         <wf lemma="is" pos="X">is</wf>
         <wf lemma="na" pos="X">na</wf>
         <wf lemma="de" pos="X">de</wf>
         <wf lemma="geboorte" pos="X">geboorte</wf>
         <wf lemma="een" pos="X">een</wf>
         <wf lemma="rups" pos="X">rups</wf>
         <wf lemma="." pos="X">.</wf>
      </sentence>
      <sentence id="d000.s632" source="wordnet-dutch">
         <wf lemma="die" pos="X">die</wf>
         <wf lemma="wielrenner" pos="X">wielrenner</wf>
         <wf lemma="is" pos="X">is</wf>
         <wf lemma="intussen" pos="X">intussen</wf>
         <instance id="d000.s632.t000" lemma="rijpen" pos="VERB">gerijpt</instance>
         <wf lemma="tot" pos="X">tot</wf>
         <wf lemma="een" pos="X">een</wf>
         <wf lemma="groot" pos="X">groot</wf>
         <wf lemma="kampioen" pos="X">kampioen</wf>
         <wf lemma="." pos="X">.</wf>
      </sentence>
      <sentence id="d000.s633" source="wordnet-dutch">
         <wf lemma="de" pos="X">de</wf>
         <wf lemma="lengte" pos="X">lengte</wf>
         <instance id="d000.s633.t000" lemma="verhouden" pos="VERB">verhoudt</instance>
         <wf lemma="zich" pos="X">zich</wf>
         <wf lemma="tot" pos="X">tot</wf>
         <wf lemma="de" pos="X">de</wf>
         <wf lemma="hoogte" pos="X">hoogte</wf>
         <wf lemma="als" pos="X">als</wf>
         <wf lemma="3" pos="X">3</wf>
         <wf lemma="tot" pos="X">tot</wf>
         <wf lemma="2." pos="X">2.</wf>
      </sentence>
      <sentence id="d000.s634" source="wordnet-dutch">
         <instance id="d000.s634.t000" lemma="ijs" pos="NOUN">ijs</instance>
         <wf lemma="smelt" pos="X">smelt</wf>
         <wf lemma="bij" pos="X">bij</wf>
         <wf lemma="een" pos="X">een</wf>
         <wf lemma="temperatuur" pos="X">temperatuur</wf>
         <wf lemma="boven" pos="X">boven</wf>
         <wf lemma="nul" pos="X">nul</wf>
         <wf lemma="." pos="X">.</wf>
      </sentence>
      <sentence id="d000.s635" source="wordnet-dutch">
         <wf lemma="Van" pos="X">Van</wf>
         <wf lemma="de" pos="X">de</wf>
         <instance id="d000.s635.t000" lemma="melk" pos="NOUN">melk</instance>
         <wf lemma="van" pos="X">van</wf>
         <wf lemma="de" pos="X">de</wf>
         <wf lemma="papaver" pos="X">papaver</wf>
         <wf lemma="wordt" pos="X">wordt</wf>
         <wf lemma="opium" pos="X">opium</wf>
         <wf lemma="gemaakt" pos="X">gemaakt</wf>
         <wf lemma="." pos="X">.</wf>
      </sentence>
      <sentence id="d000.s636" source="wordnet-dutch">
         <wf lemma="op" pos="X">op</wf>
         <wf lemma="de" pos="X">de</wf>
         <wf lemma="nieuwe" pos="X">nieuwe</wf>
         <instance id="d000.s636.t000" lemma="cd" pos="NOUN">cd</instance>
         <wf lemma="staan" pos="X">staan</wf>
         <wf lemma="een" pos="X">een</wf>
         <wf lemma="paar" pos="X">paar</wf>
         <wf lemma="leuke" pos="X">leuke</wf>
         <wf lemma="nummers" pos="X">nummers</wf>
         <wf lemma="." pos="X">.</wf>
      </sentence>
      <sentence id="d000.s637" source="wordnet-dutch">
         <wf lemma="zijn" pos="X">zijn</wf>
         <wf lemma="stem" pos="X">stem</wf>
         <instance id="d000.s637.t000" lemma="daveren" pos="VERB">daverde</instance>
         <wf lemma="door" pos="X">door</wf>
         <wf lemma="het" pos="X">het</wf>
         <wf lemma="huis" pos="X">huis</wf>
         <wf lemma="." pos="X">.</wf>
      </sentence>
      <sentence id="d000.s638" source="wordnet-dutch">
         <wf lemma="de" pos="X">de</wf>
         <wf lemma="koopman" pos="X">koopman</wf>
         <wf lemma="stalde" pos="X">stalde</wf>
         <wf lemma="zijn" pos="X">zijn</wf>
         <instance id="d000.s638.t000" lemma="zijn" pos="NOUN">waren</instance>
         <wf lemma="uit" pos="X">uit</wf>
         <wf lemma="." pos="X">.</wf>
      </sentence>
      <sentence id="d000.s639" source="wordnet-dutch">
         <wf lemma="bij" pos="X">bij</wf>
         <wf lemma="het" pos="X">het</wf>
         <wf lemma="verwisselen" pos="X">verwisselen</wf>
         <wf lemma="van" pos="X">van</wf>
         <wf lemma="de" pos="X">de</wf>
         <wf lemma="lamp" pos="X">lamp</wf>
         <wf lemma="kreeg" pos="X">kreeg</wf>
         <wf lemma="ik" pos="X">ik</wf>
         <wf lemma="een" pos="X">een</wf>
         <instance id="d000.s639.t000" lemma="stroomstoot" pos="NOUN">stroomstoot</instance>
         <wf lemma="." pos="X">.</wf>
      </sentence>
      <sentence id="d000.s640" source="wordnet-dutch">
         <wf lemma="de" pos="X">de</wf>
         <wf lemma="tijden" pos="X">tijden</wf>
         <wf lemma="en" pos="X">en</wf>
         <wf lemma="zaalnummers" pos="X">zaalnummers</wf>
         <wf lemma="hangen" pos="X">hangen</wf>
         <wf lemma="op" pos="X">op</wf>
         <wf lemma="het" pos="X">het</wf>
         <instance id="d000.s640.t000" lemma="prikbord" pos="NOUN">prikbord</instance>
         <wf lemma="." pos="X">.</wf>
      </sentence>
      <sentence id="d000.s641" source="wordnet-dutch">
         <wf lemma="het" pos="X">het</wf>
         <instance id="d000.s641.t000" lemma="blijven" pos="VERB">bleef</instance>
         <wf lemma="die" pos="X">die</wf>
         <wf lemma="avond" pos="X">avond</wf>
         <wf lemma="bij" pos="X">bij</wf>
         <wf lemma="bonen" pos="X">bonen</wf>
         <wf lemma="met" pos="X">met</wf>
         <wf lemma="rijst" pos="X">rijst</wf>
         <wf lemma="." pos="X">.</wf>
      </sentence>
      <sentence id="d000.s642" source="wordnet-dutch">
         <wf lemma="concepten" pos="X">concepten</wf>
         <wf lemma="uit" pos="X">uit</wf>
         <wf lemma="concrete" pos="X">concrete</wf>
         <wf lemma="situaties" pos="X">situaties</wf>
         <instance id="d000.s642.t000" lemma="abstraheren" pos="VERB">abstraheren</instance>
         <wf lemma="." pos="X">.</wf>
      </sentence>
      <sentence id="d000.s643" source="wordnet-dutch">
         <wf lemma="aan" pos="X">aan</wf>
         <wf lemma="de" pos="X">de</wf>
         <instance id="d000.s643.t000" lemma="bovenloop" pos="NOUN">bovenloop</instance>
         <wf lemma="is" pos="X">is</wf>
         <wf lemma="de" pos="X">de</wf>
         <wf lemma="stroom" pos="X">stroom</wf>
         <wf lemma="van" pos="X">van</wf>
         <wf lemma="de" pos="X">de</wf>
         <wf lemma="rivier" pos="X">rivier</wf>
         <wf lemma="smaller" pos="X">smaller</wf>
         <wf lemma="." pos="X">.</wf>
      </sentence>
      <sentence id="d000.s644" source="wordnet-dutch">
         <wf lemma="de" pos="X">de</wf>
         <wf lemma="soldaten" pos="X">soldaten</wf>
         <wf lemma="van" pos="X">van</wf>
         <wf lemma="het" pos="X">het</wf>
         <wf lemma="rebellenleger" pos="X">rebellenleger</wf>
         <wf lemma="gingen" pos="X">gingen</wf>
         <wf lemma="aan" pos="X">aan</wf>
         <wf lemma="het" pos="X">het</wf>
         <instance id="d000.s644.t000" lemma="roven" pos="VERB">roven</instance>
         <wf lemma="." pos="X">.</wf>
      </sentence>
      <sentence id="d000.s645" source="wordnet-dutch">
         <wf lemma="het" pos="X">het</wf>
         <wf lemma="gezelschap" pos="X">gezelschap</wf>
         <wf lemma="was" pos="X">was</wf>
         <wf lemma="in" pos="X">in</wf>
         <wf lemma="eigenaardige" pos="X">eigenaardige</wf>
         <instance id="d000.s645.t000" lemma="kledij" pos="NOUN">kledij</instance>
         <wf lemma="gestoken" pos="X">gestoken</wf>
         <wf lemma="." pos="X">.</wf>
      </sentence>
      <sentence id="d000.s646" source="wordnet-dutch">
         <wf lemma="zijn" pos="X">zijn</wf>
         <wf lemma="aanblik" pos="X">aanblik</wf>
         <wf lemma="benam" pos="X">benam</wf>
         <wf lemma="haar" pos="X">haar</wf>
         <wf lemma="de" pos="X">de</wf>
         <instance id="d000.s646.t000" lemma="lust" pos="NOUN">lust</instance>
         <wf lemma="tot" pos="X">tot</wf>
         <wf lemma="eten" pos="X">eten</wf>
         <wf lemma="." pos="X">.</wf>
      </sentence>
      <sentence id="d000.s647" source="wordnet-dutch">
         <wf lemma="tenslotte" pos="X">tenslotte</wf>
         <wf lemma="keerden" pos="X">keerden</wf>
         <wf lemma="ze" pos="X">ze</wf>
         <wf lemma="onverrichter" pos="X">onverrichter</wf>
         <instance id="d000.s647.t000" lemma="zaak" pos="NOUN">zake</instance>
         <wf lemma="terug" pos="X">terug</wf>
         <wf lemma="." pos="X">.</wf>
      </sentence>
      <sentence id="d000.s648" source="wordnet-dutch">
         <instance id="d000.s648.t000" lemma="letten" pos="VERB">let</instance>
         <wf lemma="voortaan" pos="X">voortaan</wf>
         <wf lemma="wat" pos="X">wat</wf>
         <wf lemma="beter" pos="X">beter</wf>
         <wf lemma="op" pos="X">op</wf>
         <wf lemma="je" pos="X">je</wf>
         <wf lemma="woorden" pos="X">woorden</wf>
         <wf lemma="." pos="X">.</wf>
      </sentence>
      <sentence id="d000.s649" source="wordnet-dutch">
         <wf lemma="de" pos="X">de</wf>
         <wf lemma="schoorsteen" pos="X">schoorsteen</wf>
         <instance id="d000.s649.t000" lemma="verspreiden" pos="VERB">verspreidde</instance>
         <wf lemma="een" pos="X">een</wf>
         <wf lemma="penetrante" pos="X">penetrante</wf>
         <wf lemma="geur" pos="X">geur</wf>
         <wf lemma="." pos="X">.</wf>
      </sentence>
      <sentence id="d000.s650" source="wordnet-dutch">
         <wf lemma="de" pos="X">de</wf>
         <wf lemma="bewoners" pos="X">bewoners</wf>
         <wf lemma="werden" pos="X">werden</wf>
         <wf lemma="via" pos="X">via</wf>
         <instance id="d000.s650.t000" lemma="luidspreker" pos="NOUN">luidsprekers</instance>
         <wf lemma="gewaarschuwd" pos="X">gewaarschuwd</wf>
         <wf lemma="om" pos="X">om</wf>
         <wf lemma="ramen" pos="X">ramen</wf>
         <wf lemma="en" pos="X">en</wf>
         <wf lemma="deuren" pos="X">deuren</wf>
         <wf lemma="te" pos="X">te</wf>
         <wf lemma="sluiten" pos="X">sluiten</wf>
         <wf lemma="." pos="X">.</wf>
      </sentence>
      <sentence id="d000.s651" source="wordnet-dutch">
         <wf lemma="Constituenten" pos="X">Constituenten</wf>
         <wf lemma="met" pos="X">met</wf>
         <wf lemma="een" pos="X">een</wf>
         <instance id="d000.s651.t000" lemma="artikel" pos="NOUN">artikel</instance>
         <wf lemma="zijn" pos="X">zijn</wf>
         <wf lemma="naamwoordsgroepen" pos="X">naamwoordsgroepen</wf>
         <wf lemma="." pos="X">.</wf>
      </sentence>
      <sentence id="d000.s652" source="wordnet-dutch">
         <wf lemma="ik" pos="X">ik</wf>
         <wf lemma="draaide" pos="X">draaide</wf>
         <wf lemma="een" pos="X">een</wf>
         <wf lemma="plaatje" pos="X">plaatje</wf>
         <wf lemma="op" pos="X">op</wf>
         <wf lemma="mijn" pos="X">mijn</wf>
         <wf lemma="oude" pos="X">oude</wf>
         <instance id="d000.s652.t000" lemma="pick-up" pos="NOUN">pick-up</instance>
         <wf lemma="." pos="X">.</wf>
      </sentence>
      <sentence id="d000.s653" source="wordnet-dutch">
         <wf lemma="als" pos="X">als</wf>
         <wf lemma="je" pos="X">je</wf>
         <wf lemma="die" pos="X">die</wf>
         <wf lemma="kast" pos="X">kast</wf>
         <wf lemma="nog" pos="X">nog</wf>
         <wf lemma="een" pos="X">een</wf>
         <wf lemma="beetje" pos="X">beetje</wf>
         <instance id="d000.s653.t000" lemma="opschuiven" pos="VERB">opschuift</instance>
         <wf lemma="kan" pos="X">kan</wf>
         <wf lemma="deze" pos="X">deze</wf>
         <wf lemma="er" pos="X">er</wf>
         <wf lemma="nog" pos="X">nog</wf>
         <wf lemma="naast" pos="X">naast</wf>
         <wf lemma="staan" pos="X">staan</wf>
         <wf lemma="." pos="X">.</wf>
      </sentence>
      <sentence id="d000.s654" source="wordnet-dutch">
         <wf lemma="de" pos="X">de</wf>
         <wf lemma="slakken" pos="X">slakken</wf>
         <wf lemma="liepen" pos="X">liepen</wf>
         <wf lemma="7" pos="X">7</wf>
         <instance id="d000.s654.t000" lemma="centimeter" pos="NOUN">centimeter</instance>
         <wf lemma="per" pos="X">per</wf>
         <wf lemma="minuut" pos="X">minuut</wf>
         <wf lemma="." pos="X">.</wf>
      </sentence>
      <sentence id="d000.s655" source="wordnet-dutch">
         <wf lemma="ze" pos="X">ze</wf>
         <wf lemma="willen" pos="X">willen</wf>
         <wf lemma="een" pos="X">een</wf>
         <wf lemma="deel" pos="X">deel</wf>
         <wf lemma="van" pos="X">van</wf>
         <wf lemma="het" pos="X">het</wf>
         <wf lemma="geld" pos="X">geld</wf>
         <instance id="d000.s655.t000" lemma="bestemmen" pos="VERB">bestemmen</instance>
         <wf lemma="voor" pos="X">voor</wf>
         <wf lemma="de" pos="X">de</wf>
         <wf lemma="restauratie" pos="X">restauratie</wf>
         <wf lemma="van" pos="X">van</wf>
         <wf lemma="de" pos="X">de</wf>
         <wf lemma="oude" pos="X">oude</wf>
         <wf lemma="kerk" pos="X">kerk</wf>
         <wf lemma="." pos="X">.</wf>
      </sentence>
      <sentence id="d000.s656" source="wordnet-dutch">
         <wf lemma="na" pos="X">na</wf>
         <wf lemma="enkele" pos="X">enkele</wf>
         <wf lemma="maanden" pos="X">maanden</wf>
         <wf lemma="heeft" pos="X">heeft</wf>
         <wf lemma="zij" pos="X">zij</wf>
         <wf lemma="de" pos="X">de</wf>
         <wf lemma="verloving" pos="X">verloving</wf>
         <instance id="d000.s656.t000" lemma="verbreken" pos="VERB">verbroken</instance>
         <wf lemma="." pos="X">.</wf>
      </sentence>
      <sentence id="d000.s657" source="wordnet-dutch">
         <wf lemma="ik" pos="X">ik</wf>
         <wf lemma="heb" pos="X">heb</wf>
         <wf lemma="veel" pos="X">veel</wf>
         <wf lemma="van" pos="X">van</wf>
         <wf lemma="die" pos="X">die</wf>
         <wf lemma="leraar" pos="X">leraar</wf>
         <instance id="d000.s657.t000" lemma="opsteken" pos="VERB">opgestoken</instance>
         <wf lemma="." pos="X">.</wf>
      </sentence>
      <sentence id="d000.s658" source="wordnet-dutch">
         <wf lemma="een" pos="X">een</wf>
         <wf lemma="bericht" pos="X">bericht</wf>
         <wf lemma="in" pos="X">in</wf>
         <instance id="d000.s658.t000" lemma="morse" pos="NOUN">morse</instance>
         <wf lemma="." pos="X">.</wf>
      </sentence>
      <sentence id="d000.s659" source="wordnet-dutch">
         <instance id="d000.s659.t000" lemma="adem" pos="NOUN">adem</instance>
         <wf lemma="even" pos="X">even</wf>
         <wf lemma="inhouden" pos="X">inhouden</wf>
         <wf lemma="," pos="X">,</wf>
         <wf lemma="zei" pos="X">zei</wf>
         <wf lemma="de" pos="X">de</wf>
         <wf lemma="dokter" pos="X">dokter</wf>
         <wf lemma="terwijl" pos="X">terwijl</wf>
         <wf lemma="hij" pos="X">hij</wf>
         <wf lemma="aan" pos="X">aan</wf>
         <wf lemma="m'n" pos="X">m'n</wf>
         <wf lemma="longen" pos="X">longen</wf>
         <wf lemma="luisterde" pos="X">luisterde</wf>
         <wf lemma="." pos="X">.</wf>
      </sentence>
      <sentence id="d000.s660" source="wordnet-dutch">
         <wf lemma="uit" pos="X">uit</wf>
         <wf lemma="oogpunt" pos="X">oogpunt</wf>
         <wf lemma="van" pos="X">van</wf>
         <wf lemma="de" pos="X">de</wf>
         <wf lemma="huidige" pos="X">huidige</wf>
         <wf lemma="nood" pos="X">nood</wf>
         <wf lemma="hebben" pos="X">hebben</wf>
         <wf lemma="wij" pos="X">wij</wf>
         <wf lemma="een" pos="X">een</wf>
         <instance id="d000.s660.t000" lemma="belangengroep" pos="NOUN">belangengroep</instance>
         <wf lemma="gevormd" pos="X">gevormd</wf>
         <wf lemma="." pos="X">.</wf>
      </sentence>
      <sentence id="d000.s661" source="wordnet-dutch">
         <wf lemma="Hij" pos="X">Hij</wf>
         <wf lemma="schakelde" pos="X">schakelde</wf>
         <wf lemma="de" pos="X">de</wf>
         <instance id="d000.s661.t000" lemma="element" pos="NOUN">elementen</instance>
         <wf lemma="parallel" pos="X">parallel</wf>
         <wf lemma="om" pos="X">om</wf>
         <wf lemma="meer" pos="X">meer</wf>
         <wf lemma="vermogen" pos="X">vermogen</wf>
         <wf lemma="te" pos="X">te</wf>
         <wf lemma="krijgen" pos="X">krijgen</wf>
         <wf lemma="." pos="X">.</wf>
      </sentence>
      <sentence id="d000.s662" source="wordnet-dutch">
         <wf lemma="in" pos="X">in</wf>
         <wf lemma="figuurlijke" pos="X">figuurlijke</wf>
         <instance id="d000.s662.t000" lemma="betekenis" pos="NOUN">betekenis</instance>
         <wf lemma="is" pos="X">is</wf>
         <wf lemma="vuur" pos="X">vuur</wf>
         <wf lemma="synoniem" pos="X">synoniem</wf>
         <wf lemma="voor" pos="X">voor</wf>
         <wf lemma="liefde" pos="X">liefde</wf>
         <wf lemma="en" pos="X">en</wf>
         <wf lemma="hartstocht" pos="X">hartstocht</wf>
         <wf lemma="(" pos="X">(</wf>
         <wf lemma="vgl." pos="X">vgl.</wf>
         <wf lemma="in" pos="X">in</wf>
         <wf lemma="vuur" pos="X">vuur</wf>
         <wf lemma="en" pos="X">en</wf>
         <wf lemma="vlam" pos="X">vlam</wf>
         <wf lemma="staan" pos="X">staan</wf>
         <wf lemma=")" pos="X">)</wf>
         <wf lemma="." pos="X">.</wf>
      </sentence>
      <sentence id="d000.s663" source="wordnet-dutch">
         <wf lemma="uit" pos="X">uit</wf>
         <instance id="d000.s663.t000" lemma="protest" pos="NOUN">protest</instance>
         <wf lemma="tegen" pos="X">tegen</wf>
         <wf lemma="de" pos="X">de</wf>
         <wf lemma="jacht" pos="X">jacht</wf>
         <wf lemma="op" pos="X">op</wf>
         <wf lemma="zeehonden" pos="X">zeehonden</wf>
         <wf lemma="weigerde" pos="X">weigerde</wf>
         <wf lemma="hij" pos="X">hij</wf>
         <wf lemma="naar" pos="X">naar</wf>
         <wf lemma="Groenland" pos="X">Groenland</wf>
         <wf lemma="af" pos="X">af</wf>
         <wf lemma="te" pos="X">te</wf>
         <wf lemma="reizen" pos="X">reizen</wf>
         <wf lemma="." pos="X">.</wf>
      </sentence>
      <sentence id="d000.s664" source="wordnet-dutch">
         <wf lemma="met" pos="X">met</wf>
         <instance id="d000.s664.t000" lemma="verlies" pos="NOUN">verlies</instance>
         <wf lemma="werken/draaien" pos="X">werken/draaien</wf>
         <wf lemma="." pos="X">.</wf>
      </sentence>
      <sentence id="d000.s665" source="wordnet-dutch">
         <wf lemma="hij" pos="X">hij</wf>
         <wf lemma="bleef" pos="X">bleef</wf>
         <wf lemma="maar" pos="X">maar</wf>
         <wf lemma="tegen" pos="X">tegen</wf>
         <wf lemma="zijn" pos="X">zijn</wf>
         <wf lemma="vrouw" pos="X">vrouw</wf>
         <instance id="d000.s665.t000" lemma="zeuren" pos="VERB">zeuren</instance>
         <wf lemma="." pos="X">.</wf>
      </sentence>
      <sentence id="d000.s666" source="wordnet-dutch">
         <wf lemma="ze" pos="X">ze</wf>
         <instance id="d000.s666.t000" lemma="proppen" pos="VERB">propten</instance>
         <wf lemma="een" pos="X">een</wf>
         <wf lemma="sok" pos="X">sok</wf>
         <wf lemma="in" pos="X">in</wf>
         <wf lemma="de" pos="X">de</wf>
         <wf lemma="mond" pos="X">mond</wf>
         <wf lemma="van" pos="X">van</wf>
         <wf lemma="het" pos="X">het</wf>
         <wf lemma="slachtoffer" pos="X">slachtoffer</wf>
         <wf lemma="en" pos="X">en</wf>
         <wf lemma="boeiden" pos="X">boeiden</wf>
         <wf lemma="hem" pos="X">hem</wf>
         <wf lemma="." pos="X">.</wf>
      </sentence>
      <sentence id="d000.s667" source="wordnet-dutch">
         <wf lemma="dat" pos="X">dat</wf>
         <wf lemma="restaurant" pos="X">restaurant</wf>
         <instance id="d000.s667.t000" lemma="draaien" pos="VERB">draait</instance>
         <wf lemma="wel" pos="X">wel</wf>
         <wf lemma="goed" pos="X">goed</wf>
         <wf lemma="." pos="X">.</wf>
      </sentence>
      <sentence id="d000.s668" source="wordnet-dutch">
         <wf lemma="Er" pos="X">Er</wf>
         <wf lemma="zit" pos="X">zit</wf>
         <wf lemma="een" pos="X">een</wf>
         <wf lemma="gat" pos="X">gat</wf>
         <wf lemma="in" pos="X">in</wf>
         <wf lemma="de" pos="X">de</wf>
         <instance id="d000.s668.t000" lemma="duim" pos="NOUN">duim</instance>
         <wf lemma="van" pos="X">van</wf>
         <wf lemma="de" pos="X">de</wf>
         <wf lemma="handschoen" pos="X">handschoen</wf>
         <wf lemma="." pos="X">.</wf>
      </sentence>
      <sentence id="d000.s669" source="wordnet-dutch">
         <wf lemma="er" pos="X">er</wf>
         <wf lemma="is" pos="X">is</wf>
         <wf lemma="slechts" pos="X">slechts</wf>
         <wf lemma="één" pos="X">één</wf>
         <wf lemma="oplossing" pos="X">oplossing</wf>
         <wf lemma="om" pos="X">om</wf>
         <wf lemma="uit" pos="X">uit</wf>
         <wf lemma="deze" pos="X">deze</wf>
         <instance id="d000.s669.t000" lemma="impasse" pos="NOUN">impasse</instance>
         <wf lemma="te" pos="X">te</wf>
         <wf lemma="komen" pos="X">komen</wf>
         <wf lemma="." pos="X">.</wf>
      </sentence>
      <sentence id="d000.s670" source="wordnet-dutch">
         <wf lemma="hij" pos="X">hij</wf>
         <wf lemma="doet" pos="X">doet</wf>
         <wf lemma="zijn" pos="X">zijn</wf>
         <wf lemma="werk" pos="X">werk</wf>
         <wf lemma="met" pos="X">met</wf>
         <instance id="d000.s670.t000" lemma="trots" pos="NOUN">trots</instance>
         <wf lemma="." pos="X">.</wf>
      </sentence>
      <sentence id="d000.s671" source="wordnet-dutch">
         <wf lemma="ik" pos="X">ik</wf>
         <wf lemma="heb" pos="X">heb</wf>
         <wf lemma="het" pos="X">het</wf>
         <wf lemma="volste" pos="X">volste</wf>
         <instance id="d000.s671.t000" lemma="vertrouwen" pos="NOUN">vertrouwen</instance>
         <wf lemma="in" pos="X">in</wf>
         <wf lemma="hem" pos="X">hem</wf>
         <wf lemma="." pos="X">.</wf>
      </sentence>
      <sentence id="d000.s672" source="wordnet-dutch">
         <wf lemma="Als" pos="X">Als</wf>
         <wf lemma="hij" pos="X">hij</wf>
         <wf lemma="eenmal" pos="X">eenmal</wf>
         <wf lemma="dronk" pos="X">dronk</wf>
         <wf lemma="," pos="X">,</wf>
         <wf lemma="was" pos="X">was</wf>
         <wf lemma="hij" pos="X">hij</wf>
         <wf lemma="de" pos="X">de</wf>
         <instance id="d000.s672.t000" lemma="rem" pos="NOUN">rem</instance>
         <wf lemma="kwijt" pos="X">kwijt</wf>
         <wf lemma="." pos="X">.</wf>
      </sentence>
      <sentence id="d000.s673" source="wordnet-dutch">
         <wf lemma="door" pos="X">door</wf>
         <wf lemma="een" pos="X">een</wf>
         <wf lemma="speling" pos="X">speling</wf>
         <wf lemma="van" pos="X">van</wf>
         <wf lemma="het" pos="X">het</wf>
         <instance id="d000.s673.t000" lemma="lot" pos="NOUN">lot</instance>
         <wf lemma="." pos="X">.</wf>
      </sentence>
      <sentence id="d000.s674" source="wordnet-dutch">
         <wf lemma="vanavond" pos="X">vanavond</wf>
         <wf lemma="passeert" pos="X">passeert</wf>
         <wf lemma="een" pos="X">een</wf>
         <instance id="d000.s674.t000" lemma="koufront" pos="NOUN">koufront</instance>
         <wf lemma="ons" pos="X">ons</wf>
         <wf lemma="land" pos="X">land</wf>
         <wf lemma="." pos="X">.</wf>
      </sentence>
      <sentence id="d000.s675" source="wordnet-dutch">
         <wf lemma="hij" pos="X">hij</wf>
         <wf lemma="heeft" pos="X">heeft</wf>
         <wf lemma="voldoende" pos="X">voldoende</wf>
         <wf lemma="tijd" pos="X">tijd</wf>
         <wf lemma="gehad" pos="X">gehad</wf>
         <wf lemma="om" pos="X">om</wf>
         <wf lemma="zich" pos="X">zich</wf>
         <wf lemma="voor" pos="X">voor</wf>
         <wf lemma="dat" pos="X">dat</wf>
         <wf lemma="examen" pos="X">examen</wf>
         <wf lemma="te" pos="X">te</wf>
         <instance id="d000.s675.t000" lemma="prepareren" pos="VERB">prepareren</instance>
         <wf lemma="." pos="X">.</wf>
      </sentence>
      <sentence id="d000.s676" source="wordnet-dutch">
         <wf lemma="van" pos="X">van</wf>
         <wf lemma="de" pos="X">de</wf>
         <wf lemma="goede" pos="X">goede</wf>
         <wf lemma="intenties" pos="X">intenties</wf>
         <wf lemma="die" pos="X">die</wf>
         <wf lemma="ze" pos="X">ze</wf>
         <wf lemma="aanvankelijk" pos="X">aanvankelijk</wf>
         <wf lemma="hadden" pos="X">hadden</wf>
         <wf lemma="is" pos="X">is</wf>
         <wf lemma="niets" pos="X">niets</wf>
         <instance id="d000.s676.t000" lemma="overblijven" pos="VERB">overgebleven</instance>
         <wf lemma="." pos="X">.</wf>
      </sentence>
      <sentence id="d000.s677" source="wordnet-dutch">
         <wf lemma="de" pos="X">de</wf>
         <instance id="d000.s677.t000" lemma="relatie" pos="NOUN">relatie</instance>
         <wf lemma="tussen" pos="X">tussen</wf>
         <wf lemma="haar" pos="X">haar</wf>
         <wf lemma="en" pos="X">en</wf>
         <wf lemma="mijn" pos="X">mijn</wf>
         <wf lemma="ouders" pos="X">ouders</wf>
         <wf lemma="is" pos="X">is</wf>
         <wf lemma="grondig" pos="X">grondig</wf>
         <wf lemma="verpest" pos="X">verpest</wf>
         <wf lemma="." pos="X">.</wf>
      </sentence>
      <sentence id="d000.s678" source="wordnet-dutch">
         <wf lemma="met" pos="X">met</wf>
         <instance id="d000.s678.t000" lemma="verachting" pos="NOUN">verachting</instance>
         <wf lemma="neerzien" pos="X">neerzien</wf>
         <wf lemma="op" pos="X">op</wf>
         <wf lemma="iets/iemand" pos="X">iets/iemand</wf>
         <wf lemma="." pos="X">.</wf>
      </sentence>
      <sentence id="d000.s679" source="wordnet-dutch">
         <wf lemma="maar" pos="X">maar</wf>
         <wf lemma="of" pos="X">of</wf>
         <wf lemma="het" pos="X">het</wf>
         <wf lemma="een" pos="X">een</wf>
         <wf lemma="mooie" pos="X">mooie</wf>
         <wf lemma="zomer" pos="X">zomer</wf>
         <wf lemma="wordt" pos="X">wordt</wf>
         <wf lemma="," pos="X">,</wf>
         <wf lemma="dat" pos="X">dat</wf>
         <wf lemma="blijft" pos="X">blijft</wf>
         <instance id="d000.s679.t000" lemma="gissen" pos="VERB">gissen</instance>
         <wf lemma="." pos="X">.</wf>
      </sentence>
      <sentence id="d000.s680" source="wordnet-dutch">
         <wf lemma="ik" pos="X">ik</wf>
         <wf lemma="zal" pos="X">zal</wf>
         <wf lemma="jou" pos="X">jou</wf>
         <wf lemma="eens" pos="X">eens</wf>
         <wf lemma="een" pos="X">een</wf>
         <wf lemma="goede" pos="X">goede</wf>
         <instance id="d000.s680.t000" lemma="raad" pos="NOUN">raad</instance>
         <wf lemma="geven" pos="X">geven</wf>
         <wf lemma="." pos="X">.</wf>
      </sentence>
      <sentence id="d000.s681" source="wordnet-dutch">
         <wf lemma="die" pos="X">die</wf>
         <wf lemma="grote" pos="X">grote</wf>
         <wf lemma="jongens" pos="X">jongens</wf>
         <wf lemma="trappen" pos="X">trappen</wf>
         <wf lemma="altijd" pos="X">altijd</wf>
         <instance id="d000.s681.t000" lemma="rotzooi" pos="NOUN">rotzooi</instance>
         <wf lemma="op" pos="X">op</wf>
         <wf lemma="straat" pos="X">straat</wf>
         <wf lemma="." pos="X">.</wf>
      </sentence>
      <sentence id="d000.s682" source="wordnet-dutch">
         <wf lemma="we" pos="X">we</wf>
         <wf lemma="nemen" pos="X">nemen</wf>
         <wf lemma="de" pos="X">de</wf>
         <instance id="d000.s682.t000" lemma="boot" pos="NOUN">boot</instance>
         <wf lemma="naar" pos="X">naar</wf>
         <wf lemma="Harwich" pos="X">Harwich</wf>
         <wf lemma="en" pos="X">en</wf>
         <wf lemma="dan" pos="X">dan</wf>
         <wf lemma="de" pos="X">de</wf>
         <wf lemma="trein" pos="X">trein</wf>
         <wf lemma="naar" pos="X">naar</wf>
         <wf lemma="Norwich" pos="X">Norwich</wf>
         <wf lemma="." pos="X">.</wf>
      </sentence>
      <sentence id="d000.s683" source="wordnet-dutch">
         <wf lemma="dit" pos="X">dit</wf>
         <wf lemma="voert" pos="X">voert</wf>
         <wf lemma="ons" pos="X">ons</wf>
         <wf lemma="naar" pos="X">naar</wf>
         <wf lemma="de" pos="X">de</wf>
         <wf lemma="veerboot" pos="X">veerboot</wf>
         <wf lemma="die" pos="X">die</wf>
         <wf lemma="de" pos="X">de</wf>
         <instance id="d000.s683.t000" lemma="verbinding" pos="NOUN">verbinding</instance>
         <wf lemma="met" pos="X">met</wf>
         <wf lemma="Ameland" pos="X">Ameland</wf>
         <wf lemma="verzorgt" pos="X">verzorgt</wf>
         <wf lemma="." pos="X">.</wf>
      </sentence>
      <sentence id="d000.s684" source="wordnet-dutch">
         <wf lemma="het" pos="X">het</wf>
         <wf lemma="balkon" pos="X">balkon</wf>
         <wf lemma="zit" pos="X">zit</wf>
         <wf lemma="aan" pos="X">aan</wf>
         <wf lemma="de" pos="X">de</wf>
         <instance id="d000.s684.t000" lemma="voorkant" pos="NOUN">voorkant</instance>
         <wf lemma="van" pos="X">van</wf>
         <wf lemma="het" pos="X">het</wf>
         <wf lemma="huis" pos="X">huis</wf>
         <wf lemma="." pos="X">.</wf>
      </sentence>
      <sentence id="d000.s685" source="wordnet-dutch">
         <wf lemma="het" pos="X">het</wf>
         <wf lemma="aantal" pos="X">aantal</wf>
         <wf lemma="jongens" pos="X">jongens</wf>
         <wf lemma="in" pos="X">in</wf>
         <instance id="d000.s685.t000" lemma="verhouding" pos="NOUN">verhouding</instance>
         <wf lemma="tot" pos="X">tot</wf>
         <wf lemma="het" pos="X">het</wf>
         <wf lemma="aantal" pos="X">aantal</wf>
         <wf lemma="meisjes" pos="X">meisjes</wf>
         <wf lemma="." pos="X">.</wf>
      </sentence>
      <sentence id="d000.s686" source="wordnet-dutch">
         <wf lemma="er" pos="X">er</wf>
         <wf lemma="zitten" pos="X">zitten</wf>
         <wf lemma="vele/verschillende" pos="X">vele/verschillende</wf>
         <instance id="d000.s686.t000" lemma="aspect" pos="NOUN">aspecten</instance>
         <wf lemma="aan" pos="X">aan</wf>
         <wf lemma="deze" pos="X">deze</wf>
         <wf lemma="zaak" pos="X">zaak</wf>
         <wf lemma="." pos="X">.</wf>
      </sentence>
      <sentence id="d000.s687" source="wordnet-dutch">
         <wf lemma="sinds" pos="X">sinds</wf>
         <wf lemma="kort" pos="X">kort</wf>
         <wf lemma="moeten" pos="X">moeten</wf>
         <wf lemma="de" pos="X">de</wf>
         <wf lemma="vervoerbedrijven" pos="X">vervoerbedrijven</wf>
         <instance id="d000.s687.t000" lemma="rondkomen" pos="VERB">rondkomen</instance>
         <wf lemma="van" pos="X">van</wf>
         <wf lemma="een" pos="X">een</wf>
         <wf lemma="subsidie" pos="X">subsidie</wf>
         <wf lemma="die" pos="X">die</wf>
         <wf lemma="afhankelijk" pos="X">afhankelijk</wf>
         <wf lemma="is" pos="X">is</wf>
         <wf lemma="van" pos="X">van</wf>
         <wf lemma="het" pos="X">het</wf>
         <wf lemma="aantal" pos="X">aantal</wf>
         <wf lemma="passagiers" pos="X">passagiers</wf>
         <wf lemma="dat" pos="X">dat</wf>
         <wf lemma="ze" pos="X">ze</wf>
         <wf lemma="vervoeren" pos="X">vervoeren</wf>
         <wf lemma="." pos="X">.</wf>
      </sentence>
      <sentence id="d000.s688" source="wordnet-dutch">
         <wf lemma="de" pos="X">de</wf>
         <wf lemma="ploeg" pos="X">ploeg</wf>
         <wf lemma="kon" pos="X">kon</wf>
         <wf lemma="de" pos="X">de</wf>
         <wf lemma="hoge" pos="X">hoge</wf>
         <wf lemma="verwachtingen" pos="X">verwachtingen</wf>
         <wf lemma="niet" pos="X">niet</wf>
         <instance id="d000.s688.t000" lemma="inlossen" pos="VERB">inlossen</instance>
         <wf lemma="." pos="X">.</wf>
      </sentence>
      <sentence id="d000.s689" source="wordnet-dutch">
         <wf lemma="ik" pos="X">ik</wf>
         <wf lemma="ben" pos="X">ben</wf>
         <wf lemma="toe" pos="X">toe</wf>
         <wf lemma="aan" pos="X">aan</wf>
         <wf lemma="een" pos="X">een</wf>
         <instance id="d000.s689.t000" lemma="versnapering" pos="NOUN">versnapering</instance>
         <wf lemma="." pos="X">.</wf>
      </sentence>
      <sentence id="d000.s690" source="wordnet-dutch">
         <wf lemma="hij" pos="X">hij</wf>
         <wf lemma="heeft" pos="X">heeft</wf>
         <wf lemma="de" pos="X">de</wf>
         <wf lemma="vergadering" pos="X">vergadering</wf>
         <instance id="d000.s690.t000" lemma="cancelen" pos="VERB">gecanceld</instance>
         <wf lemma="." pos="X">.</wf>
      </sentence>
      <sentence id="d000.s691" source="wordnet-dutch">
         <wf lemma="laatst" pos="X">laatst</wf>
         <wf lemma="gaven" pos="X">gaven</wf>
         <wf lemma="ze" pos="X">ze</wf>
         <wf lemma="een" pos="X">een</wf>
         <instance id="d000.s691.t000" lemma="eten" pos="NOUN">etentje</instance>
         <wf lemma="voor" pos="X">voor</wf>
         <wf lemma="de" pos="X">de</wf>
         <wf lemma="Janssens" pos="X">Janssens</wf>
         <wf lemma="." pos="X">.</wf>
      </sentence>
      <sentence id="d000.s692" source="wordnet-dutch">
         <wf lemma="de" pos="X">de</wf>
         <wf lemma="radio" pos="X">radio</wf>
         <wf lemma="en" pos="X">en</wf>
         <wf lemma="de" pos="X">de</wf>
         <wf lemma="krant" pos="X">krant</wf>
         <wf lemma="staan" pos="X">staan</wf>
         <wf lemma="onder" pos="X">onder</wf>
         <instance id="d000.s692.t000" lemma="censuur" pos="NOUN">censuur</instance>
         <wf lemma="." pos="X">.</wf>
      </sentence>
      <sentence id="d000.s693" source="wordnet-dutch">
         <wf lemma="bij" pos="X">bij</wf>
         <wf lemma="die" pos="X">die</wf>
         <wf lemma="overval" pos="X">overval</wf>
         <wf lemma="hebben" pos="X">hebben</wf>
         <wf lemma="de" pos="X">de</wf>
         <wf lemma="dieven" pos="X">dieven</wf>
         <wf lemma="een" pos="X">een</wf>
         <wf lemma="geldbedrag" pos="X">geldbedrag</wf>
         <wf lemma="van" pos="X">van</wf>
         <wf lemma="ruim" pos="X">ruim</wf>
         <wf lemma="10000" pos="X">10000</wf>
         <instance id="d000.s693.t000" lemma="buitmaken" pos="VERB">buitgemaakt</instance>
         <wf lemma="." pos="X">.</wf>
      </sentence>
      <sentence id="d000.s694" source="wordnet-dutch">
         <wf lemma="zij" pos="X">zij</wf>
         <wf lemma="verdween" pos="X">verdween</wf>
         <wf lemma="via" pos="X">via</wf>
         <wf lemma="de" pos="X">de</wf>
         <instance id="d000.s694.t000" lemma="achterdeur" pos="NOUN">achterdeur</instance>
         <wf lemma="." pos="X">.</wf>
      </sentence>
      <sentence id="d000.s695" source="wordnet-dutch">
         <wf lemma="zo" pos="X">zo</wf>
         <wf lemma="duurt" pos="X">duurt</wf>
         <wf lemma="het" pos="X">het</wf>
         <wf lemma="ongeveer" pos="X">ongeveer</wf>
         <wf lemma="een" pos="X">een</wf>
         <wf lemma="maand" pos="X">maand</wf>
         <wf lemma="voor" pos="X">voor</wf>
         <wf lemma="de" pos="X">de</wf>
         <wf lemma="besjes" pos="X">besjes</wf>
         <wf lemma="gaan" pos="X">gaan</wf>
         <instance id="d000.s695.t000" lemma="rimpelen" pos="VERB">rimpelen</instance>
         <wf lemma="," pos="X">,</wf>
         <wf lemma="verkleuren" pos="X">verkleuren</wf>
         <wf lemma="en" pos="X">en</wf>
         <wf lemma="krimpen" pos="X">krimpen</wf>
         <wf lemma="," pos="X">,</wf>
         <wf lemma="tot" pos="X">tot</wf>
         <wf lemma="je" pos="X">je</wf>
         <wf lemma="uiteindelijk" pos="X">uiteindelijk</wf>
         <wf lemma="rozijnen" pos="X">rozijnen</wf>
         <wf lemma="overhoudt" pos="X">overhoudt</wf>
         <wf lemma="." pos="X">.</wf>
      </sentence>
      <sentence id="d000.s696" source="wordnet-dutch">
         <wf lemma="zij" pos="X">zij</wf>
         <instance id="d000.s696.t000" lemma="strijden" pos="VERB">strijden</instance>
         <wf lemma="al" pos="X">al</wf>
         <wf lemma="jaren" pos="X">jaren</wf>
         <wf lemma="over" pos="X">over</wf>
         <wf lemma="de" pos="X">de</wf>
         <wf lemma="vraag" pos="X">vraag</wf>
         <wf lemma="wie" pos="X">wie</wf>
         <wf lemma="nu" pos="X">nu</wf>
         <wf lemma="de" pos="X">de</wf>
         <wf lemma="meeste" pos="X">meeste</wf>
         <wf lemma="rechten" pos="X">rechten</wf>
         <wf lemma="heeft" pos="X">heeft</wf>
         <wf lemma="." pos="X">.</wf>
      </sentence>
      <sentence id="d000.s697" source="wordnet-dutch">
         <wf lemma="heel" pos="X">heel</wf>
         <wf lemma="Nederland" pos="X">Nederland</wf>
         <wf lemma="lijkt" pos="X">lijkt</wf>
         <wf lemma="wel" pos="X">wel</wf>
         <wf lemma="aan" pos="X">aan</wf>
         <instance id="d000.s697.t000" lemma="futloosheid" pos="NOUN">futloosheid</instance>
         <wf lemma="te" pos="X">te</wf>
         <wf lemma="lijden" pos="X">lijden</wf>
         <wf lemma="." pos="X">.</wf>
      </sentence>
      <sentence id="d000.s698" source="wordnet-dutch">
         <wf lemma="De" pos="X">De</wf>
         <wf lemma="kinderen" pos="X">kinderen</wf>
         <wf lemma="liepen" pos="X">liepen</wf>
         <wf lemma="de" pos="X">de</wf>
         <wf lemma="hele" pos="X">hele</wf>
         <wf lemma="dag" pos="X">dag</wf>
         <wf lemma="te" pos="X">te</wf>
         <instance id="d000.s698.t000" lemma="zien" pos="VERB">zagen</instance>
         <wf lemma="." pos="X">.</wf>
      </sentence>
      <sentence id="d000.s699" source="wordnet-dutch">
         <wf lemma="hij" pos="X">hij</wf>
         <instance id="d000.s699.t000" lemma="ontwikkelen" pos="VERB">ontwikkelde</instance>
         <wf lemma="zich" pos="X">zich</wf>
         <wf lemma="tot" pos="X">tot</wf>
         <wf lemma="één" pos="X">één</wf>
         <wf lemma="van" pos="X">van</wf>
         <wf lemma="onze" pos="X">onze</wf>
         <wf lemma="belangrijkste" pos="X">belangrijkste</wf>
         <wf lemma="pianisten" pos="X">pianisten</wf>
         <wf lemma="." pos="X">.</wf>
      </sentence>
      <sentence id="d000.s700" source="wordnet-dutch">
         <wf lemma="de" pos="X">de</wf>
         <instance id="d000.s700.t000" lemma="club" pos="NOUN">club</instance>
         <wf lemma="speelt" pos="X">speelt</wf>
         <wf lemma="morgen" pos="X">morgen</wf>
         <wf lemma="tegen" pos="X">tegen</wf>
         <wf lemma="Anderlecht" pos="X">Anderlecht</wf>
         <wf lemma="." pos="X">.</wf>
      </sentence>
      <sentence id="d000.s701" source="wordnet-dutch">
         <wf lemma="de" pos="X">de</wf>
         <wf lemma="overheid" pos="X">overheid</wf>
         <wf lemma="probeert" pos="X">probeert</wf>
         <wf lemma="voortdurend" pos="X">voortdurend</wf>
         <wf lemma="de" pos="X">de</wf>
         <wf lemma="informatievoorziening" pos="X">informatievoorziening</wf>
         <wf lemma="te" pos="X">te</wf>
         <instance id="d000.s701.t000" lemma="censureren" pos="VERB">censureren</instance>
         <wf lemma="." pos="X">.</wf>
      </sentence>
      <sentence id="d000.s702" source="wordnet-dutch">
         <wf lemma="de" pos="X">de</wf>
         <wf lemma="nieuwe" pos="X">nieuwe</wf>
         <wf lemma="maatregel" pos="X">maatregel</wf>
         <instance id="d000.s702.t000" lemma="maskeren" pos="VERB">maskeert</instance>
         <wf lemma="volgens" pos="X">volgens</wf>
         <wf lemma="de" pos="X">de</wf>
         <wf lemma="oppositie" pos="X">oppositie</wf>
         <wf lemma="het" pos="X">het</wf>
         <wf lemma="onvermogen" pos="X">onvermogen</wf>
         <wf lemma="van" pos="X">van</wf>
         <wf lemma="de" pos="X">de</wf>
         <wf lemma="regering" pos="X">regering</wf>
         <wf lemma="in" pos="X">in</wf>
         <wf lemma="deze" pos="X">deze</wf>
         <wf lemma="kwestie" pos="X">kwestie</wf>
         <wf lemma="." pos="X">.</wf>
      </sentence>
      <sentence id="d000.s703" source="wordnet-dutch">
         <wf lemma="in" pos="X">in</wf>
         <wf lemma="zo'n" pos="X">zo'n</wf>
         <wf lemma="zeilrace" pos="X">zeilrace</wf>
         <wf lemma="met" pos="X">met</wf>
         <wf lemma="extreme" pos="X">extreme</wf>
         <wf lemma="omstandigheden" pos="X">omstandigheden</wf>
         <wf lemma="wordt" pos="X">wordt</wf>
         <wf lemma="het" pos="X">het</wf>
         <wf lemma="materiaal" pos="X">materiaal</wf>
         <wf lemma="zwaar" pos="X">zwaar</wf>
         <instance id="d000.s703.t000" lemma="beproeven" pos="VERB">beproefd</instance>
         <wf lemma="." pos="X">.</wf>
      </sentence>
      <sentence id="d000.s704" source="wordnet-dutch">
         <wf lemma="Philips" pos="X">Philips</wf>
         <wf lemma="en" pos="X">en</wf>
         <wf lemma="Sony" pos="X">Sony</wf>
         <wf lemma="zijn" pos="X">zijn</wf>
         <wf lemma="op" pos="X">op</wf>
         <wf lemma="de" pos="X">de</wf>
         <wf lemma="cd-markt" pos="X">cd-markt</wf>
         <wf lemma="in" pos="X">in</wf>
         <wf lemma="een" pos="X">een</wf>
         <wf lemma="zware" pos="X">zware</wf>
         <instance id="d000.s704.t000" lemma="concurrentiestrijd" pos="NOUN">concurrentiestrijd</instance>
         <wf lemma="verwikkeld" pos="X">verwikkeld</wf>
         <wf lemma="." pos="X">.</wf>
      </sentence>
      <sentence id="d000.s705" source="wordnet-dutch">
         <wf lemma="ik" pos="X">ik</wf>
         <instance id="d000.s705.t000" lemma="bestrijden" pos="VERB">bestrijd</instance>
         <wf lemma="dat" pos="X">dat</wf>
         <wf lemma="ik" pos="X">ik</wf>
         <wf lemma="gisteren" pos="X">gisteren</wf>
         <wf lemma="iets" pos="X">iets</wf>
         <wf lemma="naars" pos="X">naars</wf>
         <wf lemma="gezegd" pos="X">gezegd</wf>
         <wf lemma="zou" pos="X">zou</wf>
         <wf lemma="hebben" pos="X">hebben</wf>
         <wf lemma="." pos="X">.</wf>
      </sentence>
      <sentence id="d000.s706" source="wordnet-dutch">
         <wf lemma="wetenschappers" pos="X">wetenschappers</wf>
         <wf lemma="vermoeden" pos="X">vermoeden</wf>
         <wf lemma="een" pos="X">een</wf>
         <wf lemma="tot" pos="X">tot</wf>
         <wf lemma="op" pos="X">op</wf>
         <wf lemma="heden" pos="X">heden</wf>
         <wf lemma="geheel" pos="X">geheel</wf>
         <wf lemma="onbekend" pos="X">onbekend</wf>
         <wf lemma="zonnestelsel" pos="X">zonnestelsel</wf>
         <instance id="d000.s706.t000" lemma="ontdekken" pos="VERB">ontdekt</instance>
         <wf lemma="te" pos="X">te</wf>
         <wf lemma="hebben" pos="X">hebben</wf>
         <wf lemma="." pos="X">.</wf>
      </sentence>
      <sentence id="d000.s707" source="wordnet-dutch">
         <wf lemma="hij" pos="X">hij</wf>
         <wf lemma="heeft" pos="X">heeft</wf>
         <wf lemma="absoluut" pos="X">absoluut</wf>
         <wf lemma="geen" pos="X">geen</wf>
         <instance id="d000.s707.t000" lemma="feeling" pos="NOUN">feeling</instance>
         <wf lemma="met" pos="X">met</wf>
         <wf lemma="bejaarden" pos="X">bejaarden</wf>
         <wf lemma="." pos="X">.</wf>
      </sentence>
      <sentence id="d000.s708" source="wordnet-dutch">
         <wf lemma="de" pos="X">de</wf>
         <wf lemma="Russische" pos="X">Russische</wf>
         <wf lemma="president" pos="X">president</wf>
         <wf lemma="heeft" pos="X">heeft</wf>
         <wf lemma="gisteren" pos="X">gisteren</wf>
         <wf lemma="de" pos="X">de</wf>
         <wf lemma="noodtoestand" pos="X">noodtoestand</wf>
         <instance id="d000.s708.t000" lemma="uitroepen" pos="VERB">uitgeroepen</instance>
         <wf lemma="." pos="X">.</wf>
      </sentence>
      <sentence id="d000.s709" source="wordnet-dutch">
         <wf lemma="ik" pos="X">ik</wf>
         <wf lemma="heb" pos="X">heb</wf>
         <wf lemma="de" pos="X">de</wf>
         <wf lemma="belangrijke" pos="X">belangrijke</wf>
         <wf lemma="passages" pos="X">passages</wf>
         <wf lemma="met" pos="X">met</wf>
         <wf lemma="rood" pos="X">rood</wf>
         <instance id="d000.s709.t000" lemma="aanstippen" pos="VERB">aangestipt</instance>
         <wf lemma="." pos="X">.</wf>
      </sentence>
      <sentence id="d000.s710" source="wordnet-dutch">
         <wf lemma="dit" pos="X">dit</wf>
         <wf lemma="boek" pos="X">boek</wf>
         <wf lemma="telt" pos="X">telt</wf>
         <wf lemma="maar" pos="X">maar</wf>
         <wf lemma="liefst" pos="X">liefst</wf>
         <wf lemma="300" pos="X">300</wf>
         <instance id="d000.s710.t000" lemma="bladzijde" pos="NOUN">bladzijden</instance>
         <wf lemma="." pos="X">.</wf>
      </sentence>
      <sentence id="d000.s711" source="wordnet-dutch">
         <wf lemma="in" pos="X">in</wf>
         <wf lemma="het" pos="X">het</wf>
         <wf lemma="verhaal" pos="X">verhaal</wf>
         <wf lemma="zit" pos="X">zit</wf>
         <wf lemma="een" pos="X">een</wf>
         <wf lemma="goede" pos="X">goede</wf>
         <instance id="d000.s711.t000" lemma="opbouw" pos="NOUN">opbouw</instance>
         <wf lemma="." pos="X">.</wf>
      </sentence>
      <sentence id="d000.s712" source="wordnet-dutch">
         <wf lemma="er" pos="X">er</wf>
         <wf lemma="zitten" pos="X">zitten</wf>
         <wf lemma="veel" pos="X">veel</wf>
         <wf lemma="hobbels" pos="X">hobbels</wf>
         <wf lemma="en" pos="X">en</wf>
         <wf lemma="kuilen" pos="X">kuilen</wf>
         <wf lemma="in" pos="X">in</wf>
         <wf lemma="deze" pos="X">deze</wf>
         <wf lemma="slechte" pos="X">slechte</wf>
         <instance id="d000.s712.t000" lemma="bestrating" pos="NOUN">bestrating</instance>
         <wf lemma="." pos="X">.</wf>
      </sentence>
      <sentence id="d000.s713" source="wordnet-dutch">
         <wf lemma="als" pos="X">als</wf>
         <instance id="d000.s713.t000" lemma="identiteitsbewijs" pos="NOUN">identiteitsbewijs</instance>
         <wf lemma="dient" pos="X">dient</wf>
         <wf lemma="een" pos="X">een</wf>
         <wf lemma="geldig" pos="X">geldig</wf>
         <wf lemma="paspoort" pos="X">paspoort</wf>
         <wf lemma="of" pos="X">of</wf>
         <wf lemma="rijbewijs" pos="X">rijbewijs</wf>
         <wf lemma="overgelegd" pos="X">overgelegd</wf>
         <wf lemma="te" pos="X">te</wf>
         <wf lemma="worden" pos="X">worden</wf>
         <wf lemma="." pos="X">.</wf>
      </sentence>
      <sentence id="d000.s714" source="wordnet-dutch">
         <wf lemma="nadat" pos="X">nadat</wf>
         <wf lemma="hij" pos="X">hij</wf>
         <wf lemma="vader" pos="X">vader</wf>
         <wf lemma="is" pos="X">is</wf>
         <wf lemma="geworden" pos="X">geworden</wf>
         <wf lemma="," pos="X">,</wf>
         <wf lemma="is" pos="X">is</wf>
         <wf lemma="hij" pos="X">hij</wf>
         <wf lemma="halve" pos="X">halve</wf>
         <wf lemma="dagen" pos="X">dagen</wf>
         <wf lemma="gaan" pos="X">gaan</wf>
         <instance id="d000.s714.t000" lemma="werken" pos="VERB">werken</instance>
         <wf lemma="." pos="X">.</wf>
      </sentence>
      <sentence id="d000.s715" source="wordnet-dutch">
         <wf lemma="Hij" pos="X">Hij</wf>
         <wf lemma="gaf" pos="X">gaf</wf>
         <wf lemma="een" pos="X">een</wf>
         <wf lemma="korte" pos="X">korte</wf>
         <instance id="d000.s715.t000" lemma="stoot" pos="NOUN">stoot</instance>
         <wf lemma="op" pos="X">op</wf>
         <wf lemma="zijn" pos="X">zijn</wf>
         <wf lemma="trompet" pos="X">trompet</wf>
         <wf lemma="." pos="X">.</wf>
      </sentence>
      <sentence id="d000.s716" source="wordnet-dutch">
         <wf lemma="de" pos="X">de</wf>
         <wf lemma="rebellen" pos="X">rebellen</wf>
         <wf lemma="hebben" pos="X">hebben</wf>
         <wf lemma="hun" pos="X">hun</wf>
         <instance id="d000.s716.t000" lemma="hoofdkwartier" pos="NOUN">hoofdkwartier</instance>
         <wf lemma="niet" pos="X">niet</wf>
         <wf lemma="ver" pos="X">ver</wf>
         <wf lemma="van" pos="X">van</wf>
         <wf lemma="de" pos="X">de</wf>
         <wf lemma="hoofdstad" pos="X">hoofdstad</wf>
         <wf lemma="." pos="X">.</wf>
      </sentence>
      <sentence id="d000.s717" source="wordnet-dutch">
         <wf lemma="het" pos="X">het</wf>
         <wf lemma="financiële" pos="X">financiële</wf>
         <instance id="d000.s717.t000" lemma="fundament" pos="NOUN">fundament</instance>
         <wf lemma="voor" pos="X">voor</wf>
         <wf lemma="een" pos="X">een</wf>
         <wf lemma="ingreep" pos="X">ingreep</wf>
         <wf lemma="in" pos="X">in</wf>
         <wf lemma="de" pos="X">de</wf>
         <wf lemma="sociale" pos="X">sociale</wf>
         <wf lemma="zekerheid" pos="X">zekerheid</wf>
         <wf lemma="." pos="X">.</wf>
      </sentence>
      <sentence id="d000.s718" source="wordnet-dutch">
         <instance id="d000.s718.t000" lemma="amuseren" pos="VERB">amuseer</instance>
         <wf lemma="je" pos="X">je</wf>
         <wf lemma="je" pos="X">je</wf>
         <wf lemma="een" pos="X">een</wf>
         <wf lemma="beetje" pos="X">beetje</wf>
         <wf lemma="op" pos="X">op</wf>
         <wf lemma="dit" pos="X">dit</wf>
         <wf lemma="feestje" pos="X">feestje</wf>
         <wf lemma="?" pos="X">?</wf>
      </sentence>
      <sentence id="d000.s719" source="wordnet-dutch">
         <wf lemma="de" pos="X">de</wf>
         <wf lemma="reporter" pos="X">reporter</wf>
         <wf lemma="zou" pos="X">zou</wf>
         <wf lemma="voor" pos="X">voor</wf>
         <wf lemma="zijn" pos="X">zijn</wf>
         <wf lemma="reportage" pos="X">reportage</wf>
         <wf lemma="beelden" pos="X">beelden</wf>
         <instance id="d000.s719.t000" lemma="manipuleren" pos="VERB">gemanipuleerd</instance>
         <wf lemma="hebben" pos="X">hebben</wf>
         <wf lemma="," pos="X">,</wf>
         <wf lemma="waardoor" pos="X">waardoor</wf>
         <wf lemma="de" pos="X">de</wf>
         <wf lemma="kijker" pos="X">kijker</wf>
         <wf lemma="een" pos="X">een</wf>
         <wf lemma="totaal" pos="X">totaal</wf>
         <wf lemma="verkeerde" pos="X">verkeerde</wf>
         <wf lemma="indruk" pos="X">indruk</wf>
         <wf lemma="van" pos="X">van</wf>
         <wf lemma="het" pos="X">het</wf>
         <wf lemma="gebeuren" pos="X">gebeuren</wf>
         <wf lemma="kreeg" pos="X">kreeg</wf>
         <wf lemma="." pos="X">.</wf>
      </sentence>
      <sentence id="d000.s720" source="wordnet-dutch">
         <wf lemma="Kom" pos="X">Kom</wf>
         <wf lemma="maar" pos="X">maar</wf>
         <wf lemma="lieve" pos="X">lieve</wf>
         <instance id="d000.s720.t000" lemma="kabouter" pos="NOUN">kabouter</instance>
         <wf lemma="!" pos="X">!</wf>
      </sentence>
      <sentence id="d000.s721" source="wordnet-dutch">
         <wf lemma="de" pos="X">de</wf>
         <wf lemma="jongste" pos="X">jongste</wf>
         <wf lemma="ontwikkelingen" pos="X">ontwikkelingen</wf>
         <instance id="d000.s721.t000" lemma="nopen" pos="VERB">nopen</instance>
         <wf lemma="tot" pos="X">tot</wf>
         <wf lemma="maatregelen" pos="X">maatregelen</wf>
         <wf lemma="." pos="X">.</wf>
      </sentence>
      <sentence id="d000.s722" source="wordnet-dutch">
         <wf lemma="de" pos="X">de</wf>
         <wf lemma="hoogste" pos="X">hoogste</wf>
         <instance id="d000.s722.t000" lemma="gage" pos="NOUN">gage</instance>
         <wf lemma="ooit" pos="X">ooit</wf>
         <wf lemma="aan" pos="X">aan</wf>
         <wf lemma="een" pos="X">een</wf>
         <wf lemma="beroepsbokser" pos="X">beroepsbokser</wf>
         <wf lemma="uitbetaald" pos="X">uitbetaald</wf>
         <wf lemma="." pos="X">.</wf>
      </sentence>
      <sentence id="d000.s723" source="wordnet-dutch">
         <wf lemma="hij" pos="X">hij</wf>
         <instance id="d000.s723.t000" lemma="kwellen" pos="VERB">kwelde</instance>
         <wf lemma="zich" pos="X">zich</wf>
         <wf lemma="met" pos="X">met</wf>
         <wf lemma="de" pos="X">de</wf>
         <wf lemma="gedachte" pos="X">gedachte</wf>
         <wf lemma="dat" pos="X">dat</wf>
         <wf lemma="het" pos="X">het</wf>
         <wf lemma="allemaal" pos="X">allemaal</wf>
         <wf lemma="zijn" pos="X">zijn</wf>
         <wf lemma="schuld" pos="X">schuld</wf>
         <wf lemma="was" pos="X">was</wf>
         <wf lemma="geweest" pos="X">geweest</wf>
         <wf lemma="." pos="X">.</wf>
      </sentence>
      <sentence id="d000.s724" source="wordnet-dutch">
         <wf lemma="De" pos="X">De</wf>
         <instance id="d000.s724.t000" lemma="hak" pos="NOUN">hak</instance>
         <wf lemma="wordt" pos="X">wordt</wf>
         <wf lemma="in" pos="X">in</wf>
         <wf lemma="de" pos="X">de</wf>
         <wf lemma="grond" pos="X">grond</wf>
         <wf lemma="geslagen" pos="X">geslagen</wf>
         <wf lemma="om" pos="X">om</wf>
         <wf lemma="de" pos="X">de</wf>
         <wf lemma="droge" pos="X">droge</wf>
         <wf lemma="aarde" pos="X">aarde</wf>
         <wf lemma="los" pos="X">los</wf>
         <wf lemma="te" pos="X">te</wf>
         <wf lemma="maken" pos="X">maken</wf>
         <wf lemma="." pos="X">.</wf>
      </sentence>
      <sentence id="d000.s725" source="wordnet-dutch">
         <wf lemma="morgen" pos="X">morgen</wf>
         <instance id="d000.s725.t000" lemma="boksen" pos="VERB">bokst</instance>
         <wf lemma="hij" pos="X">hij</wf>
         <wf lemma="in" pos="X">in</wf>
         <wf lemma="Las" pos="X">Las</wf>
         <wf lemma="Vegas" pos="X">Vegas</wf>
         <wf lemma="tegen" pos="X">tegen</wf>
         <wf lemma="de" pos="X">de</wf>
         <wf lemma="wereldkampioen" pos="X">wereldkampioen</wf>
         <wf lemma="Tyson." pos="X">Tyson.</wf>
      </sentence>
      <sentence id="d000.s726" source="wordnet-dutch">
         <wf lemma="de" pos="X">de</wf>
         <wf lemma="geplande" pos="X">geplande</wf>
         <instance id="d000.s726.t000" lemma="bezuiniging" pos="NOUN">bezuiniging</instance>
         <wf lemma="op" pos="X">op</wf>
         <wf lemma="de" pos="X">de</wf>
         <wf lemma="ouderenzorg" pos="X">ouderenzorg</wf>
         <wf lemma="stuit" pos="X">stuit</wf>
         <wf lemma="op" pos="X">op</wf>
         <wf lemma="bezwaren" pos="X">bezwaren</wf>
         <wf lemma="van" pos="X">van</wf>
         <wf lemma="D66" pos="X">D66</wf>
         <wf lemma="." pos="X">.</wf>
      </sentence>
      <sentence id="d000.s727" source="wordnet-dutch">
         <wf lemma="van" pos="X">van</wf>
         <instance id="d000.s727.t000" lemma="materie" pos="NOUN">materie</instance>
         <wf lemma="tot" pos="X">tot</wf>
         <wf lemma="een" pos="X">een</wf>
         <wf lemma="product" pos="X">product</wf>
         <wf lemma="." pos="X">.</wf>
      </sentence>
      <sentence id="d000.s728" source="wordnet-dutch">
         <wf lemma="jammer" pos="X">jammer</wf>
         <wf lemma="dat" pos="X">dat</wf>
         <wf lemma="de" pos="X">de</wf>
         <wf lemma="tekst" pos="X">tekst</wf>
         <wf lemma="een" pos="X">een</wf>
         <wf lemma="van" pos="X">van</wf>
         <wf lemma="de" pos="X">de</wf>
         <wf lemma="figuren" pos="X">figuren</wf>
         <instance id="d000.s728.t000" lemma="overlappen" pos="VERB">overlapt</instance>
         <wf lemma="." pos="X">.</wf>
      </sentence>
      <sentence id="d000.s729" source="wordnet-dutch">
         <wf lemma="Hij" pos="X">Hij</wf>
         <instance id="d000.s729.t000" lemma="voldoen" pos="VERB">voldoet</instance>
         <wf lemma="aan" pos="X">aan</wf>
         <wf lemma="de" pos="X">de</wf>
         <wf lemma="verwachtingen" pos="X">verwachtingen</wf>
         <wf lemma="." pos="X">.</wf>
      </sentence>
      <sentence id="d000.s730" source="wordnet-dutch">
         <wf lemma="de" pos="X">de</wf>
         <wf lemma="hond" pos="X">hond</wf>
         <wf lemma="begon" pos="X">begon</wf>
         <wf lemma="te" pos="X">te</wf>
         <instance id="d000.s730.t000" lemma="kwijlen" pos="VERB">kwijlen</instance>
         <wf lemma="zodra" pos="X">zodra</wf>
         <wf lemma="hij" pos="X">hij</wf>
         <wf lemma="het" pos="X">het</wf>
         <wf lemma="eten" pos="X">eten</wf>
         <wf lemma="zag" pos="X">zag</wf>
         <wf lemma="." pos="X">.</wf>
      </sentence>
      <sentence id="d000.s731" source="wordnet-dutch">
         <wf lemma="wanneer" pos="X">wanneer</wf>
         <wf lemma="komt" pos="X">komt</wf>
         <wf lemma="hij" pos="X">hij</wf>
         <wf lemma="de" pos="X">de</wf>
         <instance id="d000.s731.t000" lemma="gevangenis" pos="NOUN">gevangenis</instance>
         <wf lemma="uit" pos="X">uit</wf>
         <wf lemma="?" pos="X">?</wf>
      </sentence>
      <sentence id="d000.s732" source="wordnet-dutch">
         <wf lemma="De" pos="X">De</wf>
         <wf lemma="benodigde" pos="X">benodigde</wf>
         <instance id="d000.s732.t000" lemma="onderdeel" pos="NOUN">onderdelen</instance>
         <wf lemma="voor" pos="X">voor</wf>
         <wf lemma="onze" pos="X">onze</wf>
         <wf lemma="Volvo" pos="X">Volvo</wf>
         <wf lemma="zijn" pos="X">zijn</wf>
         <wf lemma="in" pos="X">in</wf>
         <wf lemma="heel" pos="X">heel</wf>
         <wf lemma="Nederland" pos="X">Nederland</wf>
         <wf lemma="niet" pos="X">niet</wf>
         <wf lemma="te" pos="X">te</wf>
         <wf lemma="krijgen" pos="X">krijgen</wf>
         <wf lemma="." pos="X">.</wf>
      </sentence>
      <sentence id="d000.s733" source="wordnet-dutch">
         <wf lemma="zo'n" pos="X">zo'n</wf>
         <wf lemma="intense" pos="X">intense</wf>
         <wf lemma="samenwerking" pos="X">samenwerking</wf>
         <instance id="d000.s733.t000" lemma="scheppen" pos="VERB">schept</instance>
         <wf lemma="een" pos="X">een</wf>
         <wf lemma="band" pos="X">band</wf>
         <wf lemma="tussen" pos="X">tussen</wf>
         <wf lemma="de" pos="X">de</wf>
         <wf lemma="medewerkers" pos="X">medewerkers</wf>
         <wf lemma="." pos="X">.</wf>
      </sentence>
      <sentence id="d000.s734" source="wordnet-dutch">
         <wf lemma="de" pos="X">de</wf>
         <wf lemma="boot" pos="X">boot</wf>
         <wf lemma="verdween" pos="X">verdween</wf>
         <wf lemma="in" pos="X">in</wf>
         <wf lemma="de" pos="X">de</wf>
         <instance id="d000.s734.t000" lemma="diepte" pos="NOUN">diepte</instance>
         <wf lemma="." pos="X">.</wf>
      </sentence>
      <sentence id="d000.s735" source="wordnet-dutch">
         <wf lemma="Zijne" pos="X">Zijne</wf>
         <instance id="d000.s735.t000" lemma="excellentie" pos="NOUN">Excellentie</instance>
         <wf lemma="wordt" pos="X">wordt</wf>
         <wf lemma="om" pos="X">om</wf>
         <wf lemma="vier" pos="X">vier</wf>
         <wf lemma="uur" pos="X">uur</wf>
         <wf lemma="vijftien" pos="X">vijftien</wf>
         <wf lemma="verwacht" pos="X">verwacht</wf>
         <wf lemma="." pos="X">.</wf>
      </sentence>
      <sentence id="d000.s736" source="wordnet-dutch">
         <wf lemma="hij" pos="X">hij</wf>
         <wf lemma="heeft" pos="X">heeft</wf>
         <wf lemma="lang" pos="X">lang</wf>
         <wf lemma="moeten" pos="X">moeten</wf>
         <instance id="d000.s736.t000" lemma="opboksen" pos="VERB">opboksen</instance>
         <wf lemma="tegen" pos="X">tegen</wf>
         <wf lemma="de" pos="X">de</wf>
         <wf lemma="vooroordelen" pos="X">vooroordelen</wf>
         <wf lemma="over" pos="X">over</wf>
         <wf lemma="zijn" pos="X">zijn</wf>
         <wf lemma="persoon" pos="X">persoon</wf>
         <wf lemma="." pos="X">.</wf>
      </sentence>
      <sentence id="d000.s737" source="wordnet-dutch">
         <wf lemma="De" pos="X">De</wf>
         <instance id="d000.s737.t000" lemma="installatie" pos="NOUN">installatie</instance>
         <wf lemma="in" pos="X">in</wf>
         <wf lemma="hun" pos="X">hun</wf>
         <wf lemma="nieuwe" pos="X">nieuwe</wf>
         <wf lemma="huis" pos="X">huis</wf>
         <wf lemma="ging" pos="X">ging</wf>
         <wf lemma="snel" pos="X">snel</wf>
         <wf lemma="." pos="X">.</wf>
      </sentence>
      <sentence id="d000.s738" source="wordnet-dutch">
         <wf lemma="de" pos="X">de</wf>
         <wf lemma="dief" pos="X">dief</wf>
         <wf lemma="zit" pos="X">zit</wf>
         <wf lemma="in" pos="X">in</wf>
         <wf lemma="het" pos="X">het</wf>
         <instance id="d000.s738.t000" lemma="cachot" pos="NOUN">cachot</instance>
         <wf lemma="." pos="X">.</wf>
      </sentence>
      <sentence id="d000.s739" source="wordnet-dutch">
         <wf lemma="de" pos="X">de</wf>
         <wf lemma="bedoeling" pos="X">bedoeling</wf>
         <wf lemma="was" pos="X">was</wf>
         <wf lemma="eigenlijk" pos="X">eigenlijk</wf>
         <wf lemma="," pos="X">,</wf>
         <wf lemma="de" pos="X">de</wf>
         <wf lemma="spelling" pos="X">spelling</wf>
         <wf lemma="te" pos="X">te</wf>
         <instance id="d000.s739.t000" lemma="vereenvoudigen" pos="VERB">vereenvoudigen</instance>
         <wf lemma="." pos="X">.</wf>
      </sentence>
      <sentence id="d000.s740" source="wordnet-dutch">
         <wf lemma="hier" pos="X">hier</wf>
         <wf lemma="werd" pos="X">werd</wf>
         <wf lemma="op" pos="X">op</wf>
         <wf lemma="23" pos="X">23</wf>
         <wf lemma="april" pos="X">april</wf>
         <wf lemma="jongstleden" pos="X">jongstleden</wf>
         <wf lemma="op" pos="X">op</wf>
         <wf lemma="gewelddadige" pos="X">gewelddadige</wf>
         <instance id="d000.s740.t000" lemma="wijze" pos="NOUN">wijze</instance>
         <wf lemma="een" pos="X">een</wf>
         <wf lemma="overval" pos="X">overval</wf>
         <wf lemma="op" pos="X">op</wf>
         <wf lemma="de" pos="X">de</wf>
         <wf lemma="juwelierszaak" pos="X">juwelierszaak</wf>
         <wf lemma="gepleegd" pos="X">gepleegd</wf>
         <wf lemma="." pos="X">.</wf>
      </sentence>
      <sentence id="d000.s741" source="wordnet-dutch">
         <wf lemma="met" pos="X">met</wf>
         <wf lemma="de" pos="X">de</wf>
         <instance id="d000.s741.t000" lemma="aantekening" pos="NOUN">aantekening</instance>
         <wf lemma="dat" pos="X">dat</wf>
         <wf lemma="deze" pos="X">deze</wf>
         <wf lemma="cijfers" pos="X">cijfers</wf>
         <wf lemma="een" pos="X">een</wf>
         <wf lemma="vertekend" pos="X">vertekend</wf>
         <wf lemma="beeld" pos="X">beeld</wf>
         <wf lemma="geven" pos="X">geven</wf>
         <wf lemma="." pos="X">.</wf>
      </sentence>
      <sentence id="d000.s742" source="wordnet-dutch">
         <wf lemma="de" pos="X">de</wf>
         <instance id="d000.s742.t000" lemma="communicatie" pos="NOUN">communicatie</instance>
         <wf lemma="met" pos="X">met</wf>
         <wf lemma="de" pos="X">de</wf>
         <wf lemma="nieuwe" pos="X">nieuwe</wf>
         <wf lemma="buren" pos="X">buren</wf>
         <wf lemma="verliep" pos="X">verliep</wf>
         <wf lemma="moeilijk" pos="X">moeilijk</wf>
         <wf lemma="." pos="X">.</wf>
      </sentence>
      <sentence id="d000.s743" source="wordnet-dutch">
         <wf lemma="het" pos="X">het</wf>
         <instance id="d000.s743.t000" lemma="sieren" pos="VERB">siert</instance>
         <wf lemma="je" pos="X">je</wf>
         <wf lemma="dat" pos="X">dat</wf>
         <wf lemma="je" pos="X">je</wf>
         <wf lemma="alles" pos="X">alles</wf>
         <wf lemma="toch" pos="X">toch</wf>
         <wf lemma="nog" pos="X">nog</wf>
         <wf lemma="komt" pos="X">komt</wf>
         <wf lemma="uitleggen" pos="X">uitleggen</wf>
         <wf lemma="." pos="X">.</wf>
      </sentence>
      <sentence id="d000.s744" source="wordnet-dutch">
         <wf lemma="het" pos="X">het</wf>
         <wf lemma="Nederlands" pos="X">Nederlands</wf>
         <wf lemma="team" pos="X">team</wf>
         <instance id="d000.s744.t000" lemma="consolideren" pos="VERB">consolideert</instance>
         <wf lemma="zich" pos="X">zich</wf>
         <wf lemma="in" pos="X">in</wf>
         <wf lemma="de" pos="X">de</wf>
         <wf lemma="voorhoede" pos="X">voorhoede</wf>
         <wf lemma="." pos="X">.</wf>
      </sentence>
      <sentence id="d000.s745" source="wordnet-dutch">
         <wf lemma="ze" pos="X">ze</wf>
         <wf lemma="was" pos="X">was</wf>
         <wf lemma="niet" pos="X">niet</wf>
         <wf lemma="in" pos="X">in</wf>
         <wf lemma="staat" pos="X">staat</wf>
         <wf lemma="haar" pos="X">haar</wf>
         <wf lemma="tegenslagen" pos="X">tegenslagen</wf>
         <wf lemma="te" pos="X">te</wf>
         <instance id="d000.s745.t000" lemma="relativeren" pos="VERB">relativeren</instance>
         <wf lemma="." pos="X">.</wf>
      </sentence>
      <sentence id="d000.s746" source="wordnet-dutch">
         <wf lemma="De" pos="X">De</wf>
         <instance id="d000.s746.t000" lemma="schijf" pos="NOUN">schijf</instance>
         <wf lemma="draait" pos="X">draait</wf>
         <wf lemma="om" pos="X">om</wf>
         <wf lemma="een" pos="X">een</wf>
         <wf lemma="as" pos="X">as</wf>
         <wf lemma="." pos="X">.</wf>
      </sentence>
      <sentence id="d000.s747" source="wordnet-dutch">
         <wf lemma="De" pos="X">De</wf>
         <instance id="d000.s747.t000" lemma="pil" pos="NOUN">pillen</instance>
         <wf lemma="kunnen" pos="X">kunnen</wf>
         <wf lemma="zo" pos="X">zo</wf>
         <wf lemma="verwerkt" pos="X">verwerkt</wf>
         <wf lemma="worden" pos="X">worden</wf>
         <wf lemma="maar" pos="X">maar</wf>
         <wf lemma="de" pos="X">de</wf>
         <wf lemma="andere" pos="X">andere</wf>
         <wf lemma="zaadjes" pos="X">zaadjes</wf>
         <wf lemma="niet" pos="X">niet</wf>
         <wf lemma="." pos="X">.</wf>
      </sentence>
      <sentence id="d000.s748" source="wordnet-dutch">
         <wf lemma="hij" pos="X">hij</wf>
         <wf lemma="droeg" pos="X">droeg</wf>
         <wf lemma="het" pos="X">het</wf>
         <wf lemma="speldje" pos="X">speldje</wf>
         <wf lemma="op" pos="X">op</wf>
         <wf lemma="zijn" pos="X">zijn</wf>
         <instance id="d000.s748.t000" lemma="revers" pos="NOUN">revers</instance>
         <wf lemma="." pos="X">.</wf>
      </sentence>
      <sentence id="d000.s749" source="wordnet-dutch">
         <wf lemma="de" pos="X">de</wf>
         <wf lemma="eerlijke" pos="X">eerlijke</wf>
         <wf lemma="vinder" pos="X">vinder</wf>
         <instance id="d000.s749.t000" lemma="zinspelen" pos="VERB">zinspeelde</instance>
         <wf lemma="op" pos="X">op</wf>
         <wf lemma="een" pos="X">een</wf>
         <wf lemma="beloning" pos="X">beloning</wf>
         <wf lemma="." pos="X">.</wf>
      </sentence>
      <sentence id="d000.s750" source="wordnet-dutch">
         <wf lemma="na" pos="X">na</wf>
         <wf lemma="de" pos="X">de</wf>
         <instance id="d000.s750.t000" lemma="pauze" pos="NOUN">pauze</instance>
         <wf lemma="niet" pos="X">niet</wf>
         <wf lemma="meer" pos="X">meer</wf>
         <wf lemma="terugkomen/wegblijven" pos="X">terugkomen/wegblijven</wf>
         <wf lemma="." pos="X">.</wf>
      </sentence>
      <sentence id="d000.s751" source="wordnet-dutch">
         <wf lemma="We" pos="X">We</wf>
         <wf lemma="vonden" pos="X">vonden</wf>
         <wf lemma="een" pos="X">een</wf>
         <wf lemma="prachtige" pos="X">prachtige</wf>
         <instance id="d000.s751.t000" lemma="hoorn" pos="NOUN">hoorn</instance>
         <wf lemma="op" pos="X">op</wf>
         <wf lemma="het" pos="X">het</wf>
         <wf lemma="strand" pos="X">strand</wf>
         <wf lemma="waar" pos="X">waar</wf>
         <wf lemma="het" pos="X">het</wf>
         <wf lemma="beestje" pos="X">beestje</wf>
         <wf lemma="nog" pos="X">nog</wf>
         <wf lemma="in" pos="X">in</wf>
         <wf lemma="zat" pos="X">zat</wf>
         <wf lemma="." pos="X">.</wf>
      </sentence>
      <sentence id="d000.s752" source="wordnet-dutch">
         <wf lemma="die" pos="X">die</wf>
         <wf lemma="krachtpatser" pos="X">krachtpatser</wf>
         <instance id="d000.s752.t000" lemma="buigen" pos="VERB">boog</instance>
         <wf lemma="met" pos="X">met</wf>
         <wf lemma="het" pos="X">het</wf>
         <wf lemma="grootste" pos="X">grootste</wf>
         <wf lemma="gemak" pos="X">gemak</wf>
         <wf lemma="metalen" pos="X">metalen</wf>
         <wf lemma="staven" pos="X">staven</wf>
         <wf lemma="." pos="X">.</wf>
      </sentence>
      <sentence id="d000.s753" source="wordnet-dutch">
         <wf lemma="de" pos="X">de</wf>
         <wf lemma="dienstverlening" pos="X">dienstverlening</wf>
         <instance id="d000.s753.t000" lemma="beantwoorden" pos="VERB">beantwoordt</instance>
         <wf lemma="niet" pos="X">niet</wf>
         <wf lemma="aan" pos="X">aan</wf>
         <wf lemma="de" pos="X">de</wf>
         <wf lemma="verwachtingen" pos="X">verwachtingen</wf>
         <wf lemma="van" pos="X">van</wf>
         <wf lemma="de" pos="X">de</wf>
         <wf lemma="klanten" pos="X">klanten</wf>
         <wf lemma="." pos="X">.</wf>
      </sentence>
      <sentence id="d000.s754" source="wordnet-dutch">
         <wf lemma="op" pos="X">op</wf>
         <wf lemma="dit" pos="X">dit</wf>
         <wf lemma="kruispunt" pos="X">kruispunt</wf>
         <wf lemma="vinden" pos="X">vinden</wf>
         <wf lemma="veel" pos="X">veel</wf>
         <instance id="d000.s754.t000" lemma="aanrijding" pos="NOUN">aanrijdingen</instance>
         <wf lemma="plaats" pos="X">plaats</wf>
         <wf lemma="." pos="X">.</wf>
      </sentence>
      <sentence id="d000.s755" source="wordnet-dutch">
         <wf lemma="een" pos="X">een</wf>
         <wf lemma="verzameling" pos="X">verzameling</wf>
         <wf lemma="kantons" pos="X">kantons</wf>
         <wf lemma="vormen" pos="X">vormen</wf>
         <wf lemma="tezamen" pos="X">tezamen</wf>
         <wf lemma="de" pos="X">de</wf>
         <wf lemma="Zwitserse" pos="X">Zwitserse</wf>
         <instance id="d000.s755.t000" lemma="confederatie" pos="NOUN">confederatie</instance>
         <wf lemma="." pos="X">.</wf>
      </sentence>
      <sentence id="d000.s756" source="wordnet-dutch">
         <wf lemma="bij" pos="X">bij</wf>
         <wf lemma="binnenkomst" pos="X">binnenkomst</wf>
         <wf lemma="heeft" pos="X">heeft</wf>
         <wf lemma="ze" pos="X">ze</wf>
         <wf lemma="hem" pos="X">hem</wf>
         <wf lemma="straal" pos="X">straal</wf>
         <instance id="d000.s756.t000" lemma="negeren" pos="VERB">genegeerd</instance>
         <wf lemma="en" pos="X">en</wf>
         <wf lemma="is" pos="X">is</wf>
         <wf lemma="aan" pos="X">aan</wf>
         <wf lemma="een" pos="X">een</wf>
         <wf lemma="ander" pos="X">ander</wf>
         <wf lemma="tafeltje" pos="X">tafeltje</wf>
         <wf lemma="gaan" pos="X">gaan</wf>
         <wf lemma="zitten" pos="X">zitten</wf>
         <wf lemma="." pos="X">.</wf>
      </sentence>
      <sentence id="d000.s757" source="wordnet-dutch">
         <wf lemma="Voor" pos="X">Voor</wf>
         <wf lemma="zonsopgang" pos="X">zonsopgang</wf>
         <wf lemma="keren" pos="X">keren</wf>
         <wf lemma="hazen" pos="X">hazen</wf>
         <wf lemma="naar" pos="X">naar</wf>
         <wf lemma="hun" pos="X">hun</wf>
         <instance id="d000.s757.t000" lemma="rustplaats" pos="NOUN">rustplaats</instance>
         <wf lemma="terug" pos="X">terug</wf>
         <wf lemma="." pos="X">.</wf>
      </sentence>
      <sentence id="d000.s758" source="wordnet-dutch">
         <wf lemma="vader" pos="X">vader</wf>
         <instance id="d000.s758.t000" lemma="knorren" pos="VERB">knorde</instance>
         <wf lemma="op" pos="X">op</wf>
         <wf lemma="ons" pos="X">ons</wf>
         <wf lemma="toen" pos="X">toen</wf>
         <wf lemma="hij" pos="X">hij</wf>
         <wf lemma="zag" pos="X">zag</wf>
         <wf lemma="wat" pos="X">wat</wf>
         <wf lemma="wet" pos="X">wet</wf>
         <wf lemma="gedaan" pos="X">gedaan</wf>
         <wf lemma="hadden" pos="X">hadden</wf>
         <wf lemma="." pos="X">.</wf>
      </sentence>
      <sentence id="d000.s759" source="wordnet-dutch">
         <wf lemma="deze" pos="X">deze</wf>
         <wf lemma="functionaris" pos="X">functionaris</wf>
         <wf lemma="moet" pos="X">moet</wf>
         <wf lemma="zelfstandig" pos="X">zelfstandig</wf>
         <wf lemma="werken" pos="X">werken</wf>
         <wf lemma="en" pos="X">en</wf>
         <wf lemma="goed" pos="X">goed</wf>
         <wf lemma="kunnen" pos="X">kunnen</wf>
         <instance id="d000.s759.t000" lemma="delegeren" pos="VERB">delegeren</instance>
         <wf lemma="." pos="X">.</wf>
      </sentence>
      <sentence id="d000.s760" source="wordnet-dutch">
         <wf lemma="uit" pos="X">uit</wf>
         <wf lemma="zijn" pos="X">zijn</wf>
         <wf lemma="woorden" pos="X">woorden</wf>
         <wf lemma="kon" pos="X">kon</wf>
         <wf lemma="ik" pos="X">ik</wf>
         <instance id="d000.s760.t000" lemma="afleiden" pos="VERB">afleiden</instance>
         <wf lemma="dat" pos="X">dat</wf>
         <wf lemma="hij" pos="X">hij</wf>
         <wf lemma="kwaad" pos="X">kwaad</wf>
         <wf lemma="was" pos="X">was</wf>
         <wf lemma="." pos="X">.</wf>
      </sentence>
      <sentence id="d000.s761" source="wordnet-dutch">
         <wf lemma="wilt" pos="X">wilt</wf>
         <wf lemma="u" pos="X">u</wf>
         <wf lemma="de" pos="X">de</wf>
         <instance id="d000.s761.t000" lemma="inrit" pos="NOUN">inrit</instance>
         <wf lemma="bij" pos="X">bij</wf>
         <wf lemma="de" pos="X">de</wf>
         <wf lemma="groenteboer" pos="X">groenteboer</wf>
         <wf lemma="vrijlaten" pos="X">vrijlaten</wf>
         <wf lemma="," pos="X">,</wf>
         <wf lemma="alstublieft" pos="X">alstublieft</wf>
         <wf lemma="!" pos="X">!</wf>
      </sentence>
      <sentence id="d000.s762" source="wordnet-dutch">
         <instance id="d000.s762.t000" lemma="scheur" pos="NOUN">scheur</instance>
         <wf lemma="in" pos="X">in</wf>
         <wf lemma="papier" pos="X">papier</wf>
         <wf lemma="omslag" pos="X">omslag</wf>
         <wf lemma="." pos="X">.</wf>
      </sentence>
      <sentence id="d000.s763" source="wordnet-dutch">
         <wf lemma="zijn" pos="X">zijn</wf>
         <wf lemma="verlies" pos="X">verlies</wf>
         <wf lemma="betekende" pos="X">betekende</wf>
         <wf lemma="een" pos="X">een</wf>
         <wf lemma="goede" pos="X">goede</wf>
         <instance id="d000.s763.t000" lemma="afstraffing" pos="NOUN">afstraffing</instance>
         <wf lemma="voor" pos="X">voor</wf>
         <wf lemma="Klaas" pos="X">Klaas</wf>
         <wf lemma="." pos="X">.</wf>
      </sentence>
      <sentence id="d000.s764" source="wordnet-dutch">
         <wf lemma="een" pos="X">een</wf>
         <wf lemma="goede" pos="X">goede</wf>
         <wf lemma="fiets" pos="X">fiets</wf>
         <wf lemma="moet" pos="X">moet</wf>
         <wf lemma="aan" pos="X">aan</wf>
         <wf lemma="een" pos="X">een</wf>
         <wf lemma="aantal" pos="X">aantal</wf>
         <instance id="d000.s764.t000" lemma="eis" pos="NOUN">eisen</instance>
         <wf lemma="voldoen" pos="X">voldoen</wf>
         <wf lemma="." pos="X">.</wf>
      </sentence>
      <sentence id="d000.s765" source="wordnet-dutch">
         <wf lemma="wijn" pos="X">wijn</wf>
         <wf lemma="met" pos="X">met</wf>
         <instance id="d000.s765.t000" lemma="depot" pos="NOUN">depot</instance>
         <wf lemma="." pos="X">.</wf>
      </sentence>
      <sentence id="d000.s766" source="wordnet-dutch">
         <wf lemma="hij" pos="X">hij</wf>
         <instance id="d000.s766.t000" lemma="negeren" pos="VERB">negeerde</instance>
         <wf lemma="het" pos="X">het</wf>
         <wf lemma="advies" pos="X">advies</wf>
         <wf lemma="van" pos="X">van</wf>
         <wf lemma="de" pos="X">de</wf>
         <wf lemma="commissie" pos="X">commissie</wf>
         <wf lemma="." pos="X">.</wf>
      </sentence>
      <sentence id="d000.s767" source="wordnet-dutch">
         <wf lemma="het" pos="X">het</wf>
         <wf lemma="publiek" pos="X">publiek</wf>
         <instance id="d000.s767.t000" lemma="trakteren" pos="VERB">trakteerde</instance>
         <wf lemma="de" pos="X">de</wf>
         <wf lemma="artiesten" pos="X">artiesten</wf>
         <wf lemma="op" pos="X">op</wf>
         <wf lemma="een" pos="X">een</wf>
         <wf lemma="gul" pos="X">gul</wf>
         <wf lemma="applaus" pos="X">applaus</wf>
         <wf lemma="." pos="X">.</wf>
      </sentence>
      <sentence id="d000.s768" source="wordnet-dutch">
         <wf lemma="welke" pos="X">welke</wf>
         <wf lemma="boeken" pos="X">boeken</wf>
         <wf lemma="heb" pos="X">heb</wf>
         <wf lemma="je" pos="X">je</wf>
         <wf lemma="op" pos="X">op</wf>
         <wf lemma="je" pos="X">je</wf>
         <instance id="d000.s768.t000" lemma="boekenlijst" pos="NOUN">boekenlijst</instance>
         <wf lemma="staan" pos="X">staan</wf>
         <wf lemma="?" pos="X">?</wf>
         <wf lemma="," pos="X">,</wf>
         <wf lemma="vroeg" pos="X">vroeg</wf>
         <wf lemma="de" pos="X">de</wf>
         <wf lemma="leraar" pos="X">leraar</wf>
         <wf lemma="." pos="X">.</wf>
      </sentence>
      <sentence id="d000.s769" source="wordnet-dutch">
         <wf lemma="een" pos="X">een</wf>
         <wf lemma="slechte" pos="X">slechte</wf>
         <wf lemma="werkgelegenheid" pos="X">werkgelegenheid</wf>
         <wf lemma="kan" pos="X">kan</wf>
         <wf lemma="een" pos="X">een</wf>
         <instance id="d000.s769.t000" lemma="voedingsbodem" pos="NOUN">voedingsbodem</instance>
         <wf lemma="voor" pos="X">voor</wf>
         <wf lemma="racisme" pos="X">racisme</wf>
         <wf lemma="zijn" pos="X">zijn</wf>
         <wf lemma="." pos="X">.</wf>
      </sentence>
      <sentence id="d000.s770" source="wordnet-dutch">
         <wf lemma="de" pos="X">de</wf>
         <wf lemma="studenten" pos="X">studenten</wf>
         <instance id="d000.s770.t000" lemma="volharden" pos="VERB">volharden</instance>
         <wf lemma="in" pos="X">in</wf>
         <wf lemma="hun" pos="X">hun</wf>
         <wf lemma="streven" pos="X">streven</wf>
         <wf lemma="naar" pos="X">naar</wf>
         <wf lemma="democratisering" pos="X">democratisering</wf>
         <wf lemma="." pos="X">.</wf>
      </sentence>
      <sentence id="d000.s771" source="wordnet-dutch">
         <wf lemma="rijke" pos="X">rijke</wf>
         <instance id="d000.s771.t000" lemma="modulatie" pos="NOUN">modulatie</instance>
         <wf lemma="van" pos="X">van</wf>
         <wf lemma="de" pos="X">de</wf>
         <wf lemma="stem" pos="X">stem</wf>
         <wf lemma="." pos="X">.</wf>
      </sentence>
      <sentence id="d000.s772" source="wordnet-dutch">
         <wf lemma="veel" pos="X">veel</wf>
         <wf lemma="meisjes" pos="X">meisjes</wf>
         <wf lemma="willen" pos="X">willen</wf>
         <wf lemma="graag" pos="X">graag</wf>
         <wf lemma="een" pos="X">een</wf>
         <wf lemma="eigen" pos="X">eigen</wf>
         <instance id="d000.s772.t000" lemma="pony" pos="NOUN">pony</instance>
         <wf lemma="hebben" pos="X">hebben</wf>
         <wf lemma="." pos="X">.</wf>
      </sentence>
      <sentence id="d000.s773" source="wordnet-dutch">
         <wf lemma="de" pos="X">de</wf>
         <wf lemma="Raad" pos="X">Raad</wf>
         <wf lemma="van" pos="X">van</wf>
         <wf lemma="State" pos="X">State</wf>
         <instance id="d000.s773.t000" lemma="vernietigen" pos="VERB">vernietigt</instance>
         <wf lemma="nu" pos="X">nu</wf>
         <wf lemma="dat" pos="X">dat</wf>
         <wf lemma="besluit" pos="X">besluit</wf>
         <wf lemma="van" pos="X">van</wf>
         <wf lemma="het" pos="X">het</wf>
         <wf lemma="provinciebestuur" pos="X">provinciebestuur</wf>
         <wf lemma="." pos="X">.</wf>
      </sentence>
      <sentence id="d000.s774" source="wordnet-dutch">
         <wf lemma="dat" pos="X">dat</wf>
         <wf lemma="soort" pos="X">soort</wf>
         <wf lemma="verhalen" pos="X">verhalen</wf>
         <wf lemma="valt" pos="X">valt</wf>
         <wf lemma="onder" pos="X">onder</wf>
         <wf lemma="de" pos="X">de</wf>
         <instance id="d000.s774.t000" lemma="rubriek" pos="NOUN">rubriek</instance>
         <wf lemma="&quot;" pos="X">&quot;</wf>
         <wf lemma="verzinsels" pos="X">verzinsels</wf>
         <wf lemma="&quot;" pos="X">&quot;</wf>
         <wf lemma="." pos="X">.</wf>
      </sentence>
      <sentence id="d000.s775" source="wordnet-dutch">
         <instance id="d000.s775.t000" lemma="aanbieding" pos="NOUN">aanbieding</instance>
         <wf lemma="van" pos="X">van</wf>
         <wf lemma="het" pos="X">het</wf>
         <wf lemma="advies" pos="X">advies</wf>
         <wf lemma="." pos="X">.</wf>
      </sentence>
      <sentence id="d000.s776" source="wordnet-dutch">
         <wf lemma="een" pos="X">een</wf>
         <wf lemma="paar" pos="X">paar</wf>
         <wf lemma="maal" pos="X">maal</wf>
         <wf lemma="per" pos="X">per</wf>
         <wf lemma="dag" pos="X">dag</wf>
         <wf lemma="moet" pos="X">moet</wf>
         <wf lemma="je" pos="X">je</wf>
         <wf lemma="het" pos="X">het</wf>
         <wf lemma="kind" pos="X">kind</wf>
         <wf lemma="een" pos="X">een</wf>
         <wf lemma="schone" pos="X">schone</wf>
         <wf lemma="luier" pos="X">luier</wf>
         <instance id="d000.s776.t000" lemma="aanleggen" pos="VERB">aanleggen</instance>
         <wf lemma="." pos="X">.</wf>
      </sentence>
      <sentence id="d000.s777" source="wordnet-dutch">
         <wf lemma="het" pos="X">het</wf>
         <wf lemma="aantal" pos="X">aantal</wf>
         <wf lemma="sterfgevallen" pos="X">sterfgevallen</wf>
         <wf lemma="over" pos="X">over</wf>
         <wf lemma="de" pos="X">de</wf>
         <instance id="d000.s777.t000" lemma="periode" pos="NOUN">periode</instance>
         <wf lemma="van" pos="X">van</wf>
         <wf lemma="1900" pos="X">1900</wf>
         <wf lemma="tot" pos="X">tot</wf>
         <wf lemma="1975" pos="X">1975</wf>
         <wf lemma="." pos="X">.</wf>
      </sentence>
      <sentence id="d000.s778" source="wordnet-dutch">
         <wf lemma="(aan" pos="X">(aan</wf>
         <wf lemma=")" pos="X">)</wf>
         <wf lemma="mij" pos="X">mij</wf>
         <wf lemma="was" pos="X">was</wf>
         <wf lemma="een" pos="X">een</wf>
         <wf lemma="belangrijke" pos="X">belangrijke</wf>
         <wf lemma="rol" pos="X">rol</wf>
         <instance id="d000.s778.t000" lemma="toebedenken" pos="VERB">toebedacht</instance>
         <wf lemma="bij" pos="X">bij</wf>
         <wf lemma="de" pos="X">de</wf>
         <wf lemma="realisering" pos="X">realisering</wf>
         <wf lemma="van" pos="X">van</wf>
         <wf lemma="dat" pos="X">dat</wf>
         <wf lemma="plan" pos="X">plan</wf>
         <wf lemma="." pos="X">.</wf>
      </sentence>
      <sentence id="d000.s779" source="wordnet-dutch">
         <wf lemma="aan" pos="X">aan</wf>
         <wf lemma="deze" pos="X">deze</wf>
         <wf lemma="roulettetafel" pos="X">roulettetafel</wf>
         <wf lemma="geldt" pos="X">geldt</wf>
         <wf lemma="een" pos="X">een</wf>
         <wf lemma="minimale" pos="X">minimale</wf>
         <instance id="d000.s779.t000" lemma="inzet" pos="NOUN">inzet</instance>
         <wf lemma="van" pos="X">van</wf>
         <wf lemma="500" pos="X">500</wf>
         <wf lemma="gulden" pos="X">gulden</wf>
         <wf lemma="." pos="X">.</wf>
      </sentence>
      <sentence id="d000.s780" source="wordnet-dutch">
         <wf lemma="Je" pos="X">Je</wf>
         <wf lemma="kunt" pos="X">kunt</wf>
         <wf lemma="stekken" pos="X">stekken</wf>
         <wf lemma="maken" pos="X">maken</wf>
         <wf lemma="door" pos="X">door</wf>
         <instance id="d000.s780.t000" lemma="schil" pos="NOUN">schillen</instance>
         <wf lemma="van" pos="X">van</wf>
         <wf lemma="de" pos="X">de</wf>
         <wf lemma="takken" pos="X">takken</wf>
         <wf lemma="te" pos="X">te</wf>
         <wf lemma="nemen" pos="X">nemen</wf>
         <wf lemma="." pos="X">.</wf>
      </sentence>
      <sentence id="d000.s781" source="wordnet-dutch">
         <wf lemma="Mijn" pos="X">Mijn</wf>
         <wf lemma="vrouw" pos="X">vrouw</wf>
         <wf lemma="kan" pos="X">kan</wf>
         <wf lemma="zo" pos="X">zo</wf>
         <wf lemma="goed" pos="X">goed</wf>
         <wf lemma="koken" pos="X">koken</wf>
         <wf lemma="dat" pos="X">dat</wf>
         <wf lemma="het" pos="X">het</wf>
         <wf lemma="een" pos="X">een</wf>
         <instance id="d000.s781.t000" lemma="straf" pos="NOUN">straf</instance>
         <wf lemma="voor" pos="X">voor</wf>
         <wf lemma="me" pos="X">me</wf>
         <wf lemma="is" pos="X">is</wf>
         <wf lemma="als" pos="X">als</wf>
         <wf lemma="ik" pos="X">ik</wf>
         <wf lemma="in" pos="X">in</wf>
         <wf lemma="een" pos="X">een</wf>
         <wf lemma="restaurant" pos="X">restaurant</wf>
         <wf lemma="moet" pos="X">moet</wf>
         <wf lemma="eten" pos="X">eten</wf>
         <wf lemma="." pos="X">.</wf>
      </sentence>
      <sentence id="d000.s782" source="wordnet-dutch">
         <wf lemma="alle" pos="X">alle</wf>
         <instance id="d000.s782.t000" lemma="laag" pos="NOUN">lagen</instance>
         <wf lemma="waren" pos="X">waren</wf>
         <wf lemma="vertegenwoordigd" pos="X">vertegenwoordigd</wf>
         <wf lemma="." pos="X">.</wf>
      </sentence>
      <sentence id="d000.s783" source="wordnet-dutch">
         <wf lemma="dit" pos="X">dit</wf>
         <wf lemma="moet" pos="X">moet</wf>
         <wf lemma="natuurlijk" pos="X">natuurlijk</wf>
         <wf lemma="wel" pos="X">wel</wf>
         <wf lemma="onder" pos="X">onder</wf>
         <wf lemma="ons" pos="X">ons</wf>
         <instance id="d000.s783.t000" lemma="blijven" pos="VERB">blijven</instance>
         <wf lemma="." pos="X">.</wf>
      </sentence>
      <sentence id="d000.s784" source="wordnet-dutch">
         <wf lemma="de" pos="X">de</wf>
         <wf lemma="staking" pos="X">staking</wf>
         <wf lemma="heeft" pos="X">heeft</wf>
         <wf lemma="het" pos="X">het</wf>
         <wf lemma="spoorwegverkeer" pos="X">spoorwegverkeer</wf>
         <wf lemma="grondig" pos="X">grondig</wf>
         <instance id="d000.s784.t000" lemma="ontregelen" pos="VERB">ontregeld</instance>
         <wf lemma="." pos="X">.</wf>
      </sentence>
      <sentence id="d000.s785" source="wordnet-dutch">
         <wf lemma="in" pos="X">in</wf>
         <wf lemma="een" pos="X">een</wf>
         <wf lemma="jaar" pos="X">jaar</wf>
         <instance id="d000.s785.t000" lemma="tijd" pos="NOUN">tijd</instance>
         <wf lemma="zijn" pos="X">zijn</wf>
         <wf lemma="ze" pos="X">ze</wf>
         <wf lemma="getrouwd" pos="X">getrouwd</wf>
         <wf lemma="en" pos="X">en</wf>
         <wf lemma="hebben" pos="X">hebben</wf>
         <wf lemma="ze" pos="X">ze</wf>
         <wf lemma="een" pos="X">een</wf>
         <wf lemma="kind" pos="X">kind</wf>
         <wf lemma="." pos="X">.</wf>
      </sentence>
      <sentence id="d000.s786" source="wordnet-dutch">
         <wf lemma="hij" pos="X">hij</wf>
         <wf lemma="ging" pos="X">ging</wf>
         <wf lemma="weg" pos="X">weg</wf>
         <wf lemma="en" pos="X">en</wf>
         <wf lemma="daar" pos="X">daar</wf>
         <wf lemma="liet" pos="X">liet</wf>
         <wf lemma="hij" pos="X">hij</wf>
         <wf lemma="geen" pos="X">geen</wf>
         <instance id="d000.s786.t000" lemma="onduidelijkheid" pos="NOUN">onduidelijkheid</instance>
         <wf lemma="over" pos="X">over</wf>
         <wf lemma="bestaan" pos="X">bestaan</wf>
         <wf lemma="." pos="X">.</wf>
      </sentence>
      <sentence id="d000.s787" source="wordnet-dutch">
         <instance id="d000.s787.t000" lemma="cel" pos="NOUN">cellen</instance>
         <wf lemma="kunnen" pos="X">kunnen</wf>
         <wf lemma="zich" pos="X">zich</wf>
         <wf lemma="spontaan" pos="X">spontaan</wf>
         <wf lemma="gaan" pos="X">gaan</wf>
         <wf lemma="delen" pos="X">delen</wf>
         <wf lemma="." pos="X">.</wf>
      </sentence>
      <sentence id="d000.s788" source="wordnet-dutch">
         <wf lemma="Guust" pos="X">Guust</wf>
         <wf lemma="Flater" pos="X">Flater</wf>
         <wf lemma="lag" pos="X">lag</wf>
         <wf lemma="weer" pos="X">weer</wf>
         <wf lemma="op" pos="X">op</wf>
         <wf lemma="zijn" pos="X">zijn</wf>
         <wf lemma="bureau" pos="X">bureau</wf>
         <wf lemma="te" pos="X">te</wf>
         <instance id="d000.s788.t000" lemma="pitten" pos="VERB">pitten</instance>
         <wf lemma="." pos="X">.</wf>
      </sentence>
      <sentence id="d000.s789" source="wordnet-dutch">
         <wf lemma="je" pos="X">je</wf>
         <wf lemma="kon" pos="X">kon</wf>
         <wf lemma="het" pos="X">het</wf>
         <wf lemma="verschijnsel" pos="X">verschijnsel</wf>
         <wf lemma="met" pos="X">met</wf>
         <wf lemma="het" pos="X">het</wf>
         <wf lemma="blote" pos="X">blote</wf>
         <wf lemma="oog" pos="X">oog</wf>
         <instance id="d000.s789.t000" lemma="waarnemen" pos="VERB">waarnemen</instance>
         <wf lemma="." pos="X">.</wf>
      </sentence>
      <sentence id="d000.s790" source="wordnet-dutch">
         <wf lemma="de" pos="X">de</wf>
         <instance id="d000.s790.t000" lemma="impasse" pos="NOUN">impasse</instance>
         <wf lemma="tussen" pos="X">tussen</wf>
         <wf lemma="de" pos="X">de</wf>
         <wf lemma="strijdende" pos="X">strijdende</wf>
         <wf lemma="partijen" pos="X">partijen</wf>
         <wf lemma="doorbreken" pos="X">doorbreken</wf>
         <wf lemma="." pos="X">.</wf>
      </sentence>
      <sentence id="d000.s791" source="wordnet-dutch">
         <wf lemma="het" pos="X">het</wf>
         <wf lemma="technisch" pos="X">technisch</wf>
         <wf lemma="scenario" pos="X">scenario</wf>
         <wf lemma="is" pos="X">is</wf>
         <wf lemma="nu" pos="X">nu</wf>
         <wf lemma="rond" pos="X">rond</wf>
         <wf lemma="," pos="X">,</wf>
         <wf lemma="maar" pos="X">maar</wf>
         <wf lemma="er" pos="X">er</wf>
         <wf lemma="zijn" pos="X">zijn</wf>
         <wf lemma="politiek" pos="X">politiek</wf>
         <wf lemma="en" pos="X">en</wf>
         <wf lemma="economisch" pos="X">economisch</wf>
         <wf lemma="nog" pos="X">nog</wf>
         <wf lemma="allerlei" pos="X">allerlei</wf>
         <instance id="d000.s791.t000" lemma="hindernis" pos="NOUN">hindernissen</instance>
         <wf lemma="te" pos="X">te</wf>
         <wf lemma="nemen" pos="X">nemen</wf>
         <wf lemma="." pos="X">.</wf>
      </sentence>
      <sentence id="d000.s792" source="wordnet-dutch">
         <wf lemma="ze" pos="X">ze</wf>
         <instance id="d000.s792.t000" lemma="persisteren" pos="VERB">persisteerde</instance>
         <wf lemma="bij" pos="X">bij</wf>
         <wf lemma="haar" pos="X">haar</wf>
         <wf lemma="voorstel/standpunt" pos="X">voorstel/standpunt</wf>
         <wf lemma="." pos="X">.</wf>
      </sentence>
      <sentence id="d000.s793" source="wordnet-dutch">
         <wf lemma="toen" pos="X">toen</wf>
         <wf lemma="hij" pos="X">hij</wf>
         <wf lemma="vijf" pos="X">vijf</wf>
         <wf lemma="was" pos="X">was</wf>
         <wf lemma="," pos="X">,</wf>
         <wf lemma="leerde" pos="X">leerde</wf>
         <wf lemma="hij" pos="X">hij</wf>
         <wf lemma="zijn" pos="X">zijn</wf>
         <instance id="d000.s793.t000" lemma="veter" pos="NOUN">veters</instance>
         <wf lemma="strikken" pos="X">strikken</wf>
         <wf lemma="." pos="X">.</wf>
      </sentence>
      <sentence id="d000.s794" source="wordnet-dutch">
         <wf lemma="als" pos="X">als</wf>
         <wf lemma="antwoord" pos="X">antwoord</wf>
         <instance id="d000.s794.t000" lemma="knijpen" pos="VERB">kneep</instance>
         <wf lemma="ze" pos="X">ze</wf>
         <wf lemma="hem" pos="X">hem</wf>
         <wf lemma="gemeen" pos="X">gemeen</wf>
         <wf lemma="." pos="X">.</wf>
      </sentence>
      <sentence id="d000.s795" source="wordnet-dutch">
         <wf lemma="een" pos="X">een</wf>
         <instance id="d000.s795.t000" lemma="circulair" pos="NOUN">circulaire</instance>
         <wf lemma="rondsturen" pos="X">rondsturen</wf>
         <wf lemma="." pos="X">.</wf>
      </sentence>
      <sentence id="d000.s796" source="wordnet-dutch">
         <wf lemma="ze" pos="X">ze</wf>
         <wf lemma="heeft" pos="X">heeft</wf>
         <wf lemma="de" pos="X">de</wf>
         <wf lemma="hele" pos="X">hele</wf>
         <wf lemma="dag" pos="X">dag</wf>
         <wf lemma="liggen" pos="X">liggen</wf>
         <instance id="d000.s796.t000" lemma="zinnen" pos="VERB">zonnen</instance>
         <wf lemma="aan" pos="X">aan</wf>
         <wf lemma="het" pos="X">het</wf>
         <wf lemma="strand" pos="X">strand</wf>
         <wf lemma="." pos="X">.</wf>
      </sentence>
      <sentence id="d000.s797" source="wordnet-dutch">
         <wf lemma="de" pos="X">de</wf>
         <wf lemma="vrijemarkteconomie" pos="X">vrijemarkteconomie</wf>
         <wf lemma="bleek" pos="X">bleek</wf>
         <wf lemma="geen" pos="X">geen</wf>
         <instance id="d000.s797.t000" lemma="panacee" pos="NOUN">panacee</instance>
         <wf lemma="te" pos="X">te</wf>
         <wf lemma="zijn" pos="X">zijn</wf>
         <wf lemma="voor" pos="X">voor</wf>
         <wf lemma="de" pos="X">de</wf>
         <wf lemma="problemen" pos="X">problemen</wf>
         <wf lemma="in" pos="X">in</wf>
         <wf lemma="Oost-Europa" pos="X">Oost-Europa</wf>
         <wf lemma="." pos="X">.</wf>
      </sentence>
      <sentence id="d000.s798" source="wordnet-dutch">
         <wf lemma="vol" pos="X">vol</wf>
         <wf lemma="verwachting" pos="X">verwachting</wf>
         <wf lemma="hield" pos="X">hield</wf>
         <wf lemma="vader" pos="X">vader</wf>
         <wf lemma="zijn" pos="X">zijn</wf>
         <instance id="d000.s798.t000" lemma="filmcamera" pos="NOUN">filmcamera</instance>
         <wf lemma="in" pos="X">in</wf>
         <wf lemma="de" pos="X">de</wf>
         <wf lemma="aanslag" pos="X">aanslag</wf>
         <wf lemma="." pos="X">.</wf>
      </sentence>
      <sentence id="d000.s799" source="wordnet-dutch">
         <wf lemma="hij" pos="X">hij</wf>
         <wf lemma="heeft" pos="X">heeft</wf>
         <wf lemma="mijn" pos="X">mijn</wf>
         <wf lemma="woorden" pos="X">woorden</wf>
         <wf lemma="helemaal" pos="X">helemaal</wf>
         <instance id="d000.s799.t000" lemma="verdraaien" pos="VERB">verdraaid</instance>
         <wf lemma="." pos="X">.</wf>
      </sentence>
      <sentence id="d000.s800" source="wordnet-dutch">
         <wf lemma="de" pos="X">de</wf>
         <instance id="d000.s800.t000" lemma="betrekking" pos="NOUN">betrekkingen</instance>
         <wf lemma="tussen" pos="X">tussen</wf>
         <wf lemma="China" pos="X">China</wf>
         <wf lemma="en" pos="X">en</wf>
         <wf lemma="Amerika" pos="X">Amerika</wf>
         <wf lemma="zijn" pos="X">zijn</wf>
         <wf lemma="weer" pos="X">weer</wf>
         <wf lemma="verbeterd" pos="X">verbeterd</wf>
         <wf lemma="." pos="X">.</wf>
      </sentence>
      <sentence id="d000.s801" source="wordnet-dutch">
         <wf lemma="Met" pos="X">Met</wf>
         <wf lemma="een" pos="X">een</wf>
         <instance id="d000.s801.t000" lemma="snoer" pos="NOUN">snoer</instance>
         <wf lemma="meet" pos="X">meet</wf>
         <wf lemma="je" pos="X">je</wf>
         <wf lemma="de" pos="X">de</wf>
         <wf lemma="lengte" pos="X">lengte</wf>
         <wf lemma="op." pos="X">op.</wf>
      </sentence>
      <sentence id="d000.s802" source="wordnet-dutch">
         <wf lemma="in" pos="X">in</wf>
         <wf lemma="zijn" pos="X">zijn</wf>
         <wf lemma="eindrapport" pos="X">eindrapport</wf>
         <instance id="d000.s802.t000" lemma="formuleren" pos="VERB">formuleerde</instance>
         <wf lemma="hij" pos="X">hij</wf>
         <wf lemma="een" pos="X">een</wf>
         <wf lemma="aantal" pos="X">aantal</wf>
         <wf lemma="aanbevelingen" pos="X">aanbevelingen</wf>
         <wf lemma="aan" pos="X">aan</wf>
         <wf lemma="de" pos="X">de</wf>
         <wf lemma="regering" pos="X">regering</wf>
         <wf lemma="." pos="X">.</wf>
      </sentence>
      <sentence id="d000.s803" source="wordnet-dutch">
         <wf lemma="heb" pos="X">heb</wf>
         <wf lemma="je" pos="X">je</wf>
         <wf lemma="even" pos="X">even</wf>
         <instance id="d000.s803.t000" lemma="tijd" pos="NOUN">tijd</instance>
         <wf lemma="of" pos="X">of</wf>
         <wf lemma="komt" pos="X">komt</wf>
         <wf lemma="morgen" pos="X">morgen</wf>
         <wf lemma="beter" pos="X">beter</wf>
         <wf lemma="uit" pos="X">uit</wf>
         <wf lemma="?" pos="X">?</wf>
      </sentence>
      <sentence id="d000.s804" source="wordnet-dutch">
         <wf lemma="een" pos="X">een</wf>
         <wf lemma="evenement" pos="X">evenement</wf>
         <wf lemma="ter" pos="X">ter</wf>
         <instance id="d000.s804.t000" lemma="begroeting" pos="NOUN">begroeting</instance>
         <wf lemma="van" pos="X">van</wf>
         <wf lemma="de" pos="X">de</wf>
         <wf lemma="koningin" pos="X">koningin</wf>
         <wf lemma="." pos="X">.</wf>
      </sentence>
      <sentence id="d000.s805" source="wordnet-dutch">
         <wf lemma="ik" pos="X">ik</wf>
         <wf lemma="moet" pos="X">moet</wf>
         <wf lemma="dringend" pos="X">dringend</wf>
         <wf lemma="mijn" pos="X">mijn</wf>
         <wf lemma="kennis" pos="X">kennis</wf>
         <wf lemma="op" pos="X">op</wf>
         <wf lemma="het" pos="X">het</wf>
         <wf lemma="vlak" pos="X">vlak</wf>
         <wf lemma="van" pos="X">van</wf>
         <wf lemma="computers" pos="X">computers</wf>
         <wf lemma="wat" pos="X">wat</wf>
         <instance id="d000.s805.t000" lemma="bijspijkeren" pos="VERB">bijspijkeren</instance>
         <wf lemma="." pos="X">.</wf>
      </sentence>
      <sentence id="d000.s806" source="wordnet-dutch">
         <wf lemma="zij" pos="X">zij</wf>
         <instance id="d000.s806.t000" lemma="schromen" pos="VERB">schroomde</instance>
         <wf lemma="niet" pos="X">niet</wf>
         <wf lemma="hem" pos="X">hem</wf>
         <wf lemma="de" pos="X">de</wf>
         <wf lemma="theeketel" pos="X">theeketel</wf>
         <wf lemma="naar" pos="X">naar</wf>
         <wf lemma="het" pos="X">het</wf>
         <wf lemma="hoofd" pos="X">hoofd</wf>
         <wf lemma="te" pos="X">te</wf>
         <wf lemma="slingeren" pos="X">slingeren</wf>
         <wf lemma="." pos="X">.</wf>
      </sentence>
      <sentence id="d000.s807" source="wordnet-dutch">
         <wf lemma="de" pos="X">de</wf>
         <wf lemma="'" pos="X">'</wf>
         <wf lemma="observer's" pos="X">observer's</wf>
         <wf lemma="paradox" pos="X">paradox</wf>
         <wf lemma="'" pos="X">'</wf>
         <wf lemma="houdt" pos="X">houdt</wf>
         <wf lemma="in" pos="X">in</wf>
         <wf lemma="dat" pos="X">dat</wf>
         <wf lemma="je" pos="X">je</wf>
         <wf lemma="als" pos="X">als</wf>
         <wf lemma="onderzoeker" pos="X">onderzoeker</wf>
         <wf lemma="probeert" pos="X">probeert</wf>
         <wf lemma="niet-geobserveerd" pos="X">niet-geobserveerd</wf>
         <wf lemma="gedrag" pos="X">gedrag</wf>
         <wf lemma="te" pos="X">te</wf>
         <instance id="d000.s807.t000" lemma="observeren" pos="VERB">observeren</instance>
         <wf lemma="." pos="X">.</wf>
      </sentence>
      <sentence id="d000.s808" source="wordnet-dutch">
         <wf lemma="Je" pos="X">Je</wf>
         <wf lemma="moet" pos="X">moet</wf>
         <wf lemma="je" pos="X">je</wf>
         <instance id="d000.s808.t000" lemma="schaal" pos="NOUN">schalen</instance>
         <wf lemma="oefenen" pos="X">oefenen</wf>
         <wf lemma="om" pos="X">om</wf>
         <wf lemma="een" pos="X">een</wf>
         <wf lemma="goed" pos="X">goed</wf>
         <wf lemma="musikaal" pos="X">musikaal</wf>
         <wf lemma="gehoor" pos="X">gehoor</wf>
         <wf lemma="te" pos="X">te</wf>
         <wf lemma="krijgen" pos="X">krijgen</wf>
         <wf lemma="." pos="X">.</wf>
      </sentence>
      <sentence id="d000.s809" source="wordnet-dutch">
         <wf lemma="kun" pos="X">kun</wf>
         <wf lemma="je" pos="X">je</wf>
         <wf lemma="die" pos="X">die</wf>
         <wf lemma="hele" pos="X">hele</wf>
         <instance id="d000.s809.t000" lemma="handel" pos="NOUN">handel</instance>
         <wf lemma="niet" pos="X">niet</wf>
         <wf lemma="eens" pos="X">eens</wf>
         <wf lemma="een" pos="X">een</wf>
         <wf lemma="keertje" pos="X">keertje</wf>
         <wf lemma="weggooien" pos="X">weggooien</wf>
         <wf lemma="?" pos="X">?</wf>
      </sentence>
      <sentence id="d000.s810" source="wordnet-dutch">
         <wf lemma="de" pos="X">de</wf>
         <wf lemma="thuisclub" pos="X">thuisclub</wf>
         <wf lemma="pakt" pos="X">pakt</wf>
         <wf lemma="drie" pos="X">drie</wf>
         <instance id="d000.s810.t000" lemma="punt" pos="NOUN">punten</instance>
         <wf lemma="." pos="X">.</wf>
      </sentence>
      <sentence id="d000.s811" source="wordnet-dutch">
         <wf lemma="hij" pos="X">hij</wf>
         <wf lemma="begon" pos="X">begon</wf>
         <wf lemma="zijn" pos="X">zijn</wf>
         <wf lemma="carrière" pos="X">carrière</wf>
         <wf lemma="bij" pos="X">bij</wf>
         <wf lemma="de" pos="X">de</wf>
         <instance id="d000.s811.t000" lemma="landmacht" pos="NOUN">landmacht</instance>
         <wf lemma="." pos="X">.</wf>
      </sentence>
      <sentence id="d000.s812" source="wordnet-dutch">
         <wf lemma="in" pos="X">in</wf>
         <wf lemma="de" pos="X">de</wf>
         <instance id="d000.s812.t000" lemma="aankomsthal" pos="NOUN">aankomsthal</instance>
         <wf lemma="staan" pos="X">staan</wf>
         <wf lemma="mensen" pos="X">mensen</wf>
         <wf lemma="te" pos="X">te</wf>
         <wf lemma="wachten" pos="X">wachten</wf>
         <wf lemma="op" pos="X">op</wf>
         <wf lemma="hun" pos="X">hun</wf>
         <wf lemma="vrienden" pos="X">vrienden</wf>
         <wf lemma="en" pos="X">en</wf>
         <wf lemma="familie" pos="X">familie</wf>
         <wf lemma="." pos="X">.</wf>
      </sentence>
      <sentence id="d000.s813" source="wordnet-dutch">
         <wf lemma="bij" pos="X">bij</wf>
         <wf lemma="aanmelding" pos="X">aanmelding</wf>
         <wf lemma="vindt" pos="X">vindt</wf>
         <instance id="d000.s813.t000" lemma="ballotage" pos="NOUN">ballotage</instance>
         <wf lemma="plaats" pos="X">plaats</wf>
         <wf lemma="." pos="X">.</wf>
      </sentence>
      <sentence id="d000.s814" source="wordnet-dutch">
         <wf lemma="vandaag" pos="X">vandaag</wf>
         <wf lemma="is" pos="X">is</wf>
         <wf lemma="voor" pos="X">voor</wf>
         <wf lemma="Olivier" pos="X">Olivier</wf>
         <wf lemma="een" pos="X">een</wf>
         <wf lemma="normale" pos="X">normale</wf>
         <instance id="d000.s814.t000" lemma="schooldag" pos="NOUN">schooldag</instance>
         <wf lemma="." pos="X">.</wf>
      </sentence>
      <sentence id="d000.s815" source="wordnet-dutch">
         <wf lemma="in" pos="X">in</wf>
         <wf lemma="de" pos="X">de</wf>
         <wf lemma="afgelopen" pos="X">afgelopen</wf>
         <instance id="d000.s815.t000" lemma="periode" pos="NOUN">periode</instance>
         <wf lemma="heeft" pos="X">heeft</wf>
         <wf lemma="het" pos="X">het</wf>
         <wf lemma="nogal" pos="X">nogal</wf>
         <wf lemma="geregend" pos="X">geregend</wf>
         <wf lemma="." pos="X">.</wf>
      </sentence>
      <sentence id="d000.s816" source="wordnet-dutch">
         <wf lemma="ik" pos="X">ik</wf>
         <wf lemma="heb" pos="X">heb</wf>
         <wf lemma="hem" pos="X">hem</wf>
         <instance id="d000.s816.t000" lemma="opgeven" pos="VERB">opgegeven</instance>
         <wf lemma="voor" pos="X">voor</wf>
         <wf lemma="die" pos="X">die</wf>
         <wf lemma="cursus" pos="X">cursus</wf>
         <wf lemma="tapdansen" pos="X">tapdansen</wf>
         <wf lemma="." pos="X">.</wf>
      </sentence>
      <sentence id="d000.s817" source="wordnet-dutch">
         <wf lemma="Hij" pos="X">Hij</wf>
         <wf lemma="heeft" pos="X">heeft</wf>
         <wf lemma="een" pos="X">een</wf>
         <wf lemma="grote" pos="X">grote</wf>
         <instance id="d000.s817.t000" lemma="snee" pos="NOUN">snee</instance>
         <wf lemma="in" pos="X">in</wf>
         <wf lemma="zijn" pos="X">zijn</wf>
         <wf lemma="gezicht" pos="X">gezicht</wf>
         <wf lemma="." pos="X">.</wf>
      </sentence>
      <sentence id="d000.s818" source="wordnet-dutch">
         <wf lemma="de" pos="X">de</wf>
         <wf lemma="oorlog" pos="X">oorlog</wf>
         <wf lemma="in" pos="X">in</wf>
         <wf lemma="Bosnië" pos="X">Bosnië</wf>
         <wf lemma="was" pos="X">was</wf>
         <wf lemma="een" pos="X">een</wf>
         <wf lemma="strijd" pos="X">strijd</wf>
         <wf lemma="van" pos="X">van</wf>
         <instance id="d000.s818.t000" lemma="buur" pos="NOUN">buur</instance>
         <wf lemma="tegen" pos="X">tegen</wf>
         <wf lemma="buur" pos="X">buur</wf>
         <wf lemma="." pos="X">.</wf>
      </sentence>
      <sentence id="d000.s819" source="wordnet-dutch">
         <wf lemma="de" pos="X">de</wf>
         <wf lemma="scheidsrechter" pos="X">scheidsrechter</wf>
         <wf lemma="trok" pos="X">trok</wf>
         <wf lemma="duidelijk" pos="X">duidelijk</wf>
         <instance id="d000.s819.t000" lemma="partij" pos="NOUN">partij</instance>
         <wf lemma="voor" pos="X">voor</wf>
         <wf lemma="de" pos="X">de</wf>
         <wf lemma="thuisclub" pos="X">thuisclub</wf>
         <wf lemma="." pos="X">.</wf>
      </sentence>
      <sentence id="d000.s820" source="wordnet-dutch">
         <wf lemma="dat" pos="X">dat</wf>
         <wf lemma="zij" pos="X">zij</wf>
         <wf lemma="hem" pos="X">hem</wf>
         <wf lemma="niet" pos="X">niet</wf>
         <wf lemma="meer" pos="X">meer</wf>
         <wf lemma="leek" pos="X">leek</wf>
         <wf lemma="te" pos="X">te</wf>
         <wf lemma="kennen" pos="X">kennen</wf>
         <wf lemma="deed" pos="X">deed</wf>
         <wf lemma="hem" pos="X">hem</wf>
         <instance id="d000.s820.t000" lemma="pijn" pos="NOUN">pijn</instance>
         <wf lemma="." pos="X">.</wf>
      </sentence>
      <sentence id="d000.s821" source="wordnet-dutch">
         <wf lemma="hij" pos="X">hij</wf>
         <wf lemma="woonde" pos="X">woonde</wf>
         <wf lemma="in" pos="X">in</wf>
         <wf lemma="een" pos="X">een</wf>
         <wf lemma="riante" pos="X">riante</wf>
         <instance id="d000.s821.t000" lemma="villa" pos="NOUN">villa</instance>
         <wf lemma="met" pos="X">met</wf>
         <wf lemma="tuin" pos="X">tuin</wf>
         <wf lemma="in" pos="X">in</wf>
         <wf lemma="Zuid-Frankrijk" pos="X">Zuid-Frankrijk</wf>
         <wf lemma="." pos="X">.</wf>
      </sentence>
      <sentence id="d000.s822" source="wordnet-dutch">
         <wf lemma="je" pos="X">je</wf>
         <wf lemma="moet" pos="X">moet</wf>
         <wf lemma="je" pos="X">je</wf>
         <wf lemma="erin" pos="X">erin</wf>
         <instance id="d000.s822.t000" lemma="stellen" pos="VERB">stellen</instance>
         <wf lemma="." pos="X">.</wf>
      </sentence>
      <sentence id="d000.s823" source="wordnet-dutch">
         <wf lemma="heb" pos="X">heb</wf>
         <wf lemma="je" pos="X">je</wf>
         <wf lemma="misschien" pos="X">misschien</wf>
         <wf lemma="een" pos="X">een</wf>
         <wf lemma="stuk" pos="X">stuk</wf>
         <instance id="d000.s823.t000" lemma="papier" pos="NOUN">papier</instance>
         <wf lemma="voor" pos="X">voor</wf>
         <wf lemma="me" pos="X">me</wf>
         <wf lemma="?" pos="X">?</wf>
      </sentence>
      <sentence id="d000.s824" source="wordnet-dutch">
         <wf lemma="het" pos="X">het</wf>
         <wf lemma="konvooi" pos="X">konvooi</wf>
         <wf lemma="werd" pos="X">werd</wf>
         <instance id="d000.s824.t000" lemma="overweldigen" pos="VERB">overweldigd</instance>
         <wf lemma="door" pos="X">door</wf>
         <wf lemma="de" pos="X">de</wf>
         <wf lemma="geallieerde" pos="X">geallieerde</wf>
         <wf lemma="troepen" pos="X">troepen</wf>
         <wf lemma="." pos="X">.</wf>
      </sentence>
      <sentence id="d000.s825" source="wordnet-dutch">
         <instance id="d000.s825.t000" lemma="tafel" pos="NOUN">tafel</instance>
         <wf lemma="met" pos="X">met</wf>
         <wf lemma="inscriptie" pos="X">inscriptie</wf>
         <wf lemma="." pos="X">.</wf>
      </sentence>
      <sentence id="d000.s826" source="wordnet-dutch">
         <wf lemma="een" pos="X">een</wf>
         <wf lemma="medicijn" pos="X">medicijn</wf>
         <wf lemma="om" pos="X">om</wf>
         <wf lemma="de" pos="X">de</wf>
         <instance id="d000.s826.t000" lemma="pijn" pos="NOUN">pijn</instance>
         <wf lemma="te" pos="X">te</wf>
         <wf lemma="stillen" pos="X">stillen</wf>
         <wf lemma="." pos="X">.</wf>
      </sentence>
      <sentence id="d000.s827" source="wordnet-dutch">
         <wf lemma="hij" pos="X">hij</wf>
         <instance id="d000.s827.t000" lemma="vervullen" pos="VERB">vervulde</instance>
         <wf lemma="op" pos="X">op</wf>
         <wf lemma="dat" pos="X">dat</wf>
         <wf lemma="ogenblik" pos="X">ogenblik</wf>
         <wf lemma="zijn" pos="X">zijn</wf>
         <wf lemma="militaire" pos="X">militaire</wf>
         <wf lemma="dienstplicht" pos="X">dienstplicht</wf>
         <wf lemma="in" pos="X">in</wf>
         <wf lemma="het" pos="X">het</wf>
         <wf lemma="toenmalige" pos="X">toenmalige</wf>
         <wf lemma="Nederlands-Indië" pos="X">Nederlands-Indië</wf>
         <wf lemma="." pos="X">.</wf>
      </sentence>
      <sentence id="d000.s828" source="wordnet-dutch">
         <wf lemma="ik" pos="X">ik</wf>
         <wf lemma="denk" pos="X">denk</wf>
         <wf lemma="dat" pos="X">dat</wf>
         <wf lemma="we" pos="X">we</wf>
         <wf lemma="nu" pos="X">nu</wf>
         <wf lemma="toch" pos="X">toch</wf>
         <wf lemma="de" pos="X">de</wf>
         <wf lemma="dokter" pos="X">dokter</wf>
         <wf lemma="moeten" pos="X">moeten</wf>
         <instance id="d000.s828.t000" lemma="waarschuwen" pos="VERB">waarschuwen</instance>
         <wf lemma="." pos="X">.</wf>
      </sentence>
      <sentence id="d000.s829" source="wordnet-dutch">
         <wf lemma="Deze" pos="X">Deze</wf>
         <wf lemma="affaire" pos="X">affaire</wf>
         <wf lemma="krijgt" pos="X">krijgt</wf>
         <wf lemma="nog" pos="X">nog</wf>
         <wf lemma="een" pos="X">een</wf>
         <wf lemma="hele" pos="X">hele</wf>
         <instance id="d000.s829.t000" lemma="staart" pos="NOUN">staart</instance>
         <wf lemma="." pos="X">.</wf>
      </sentence>
      <sentence id="d000.s830" source="wordnet-dutch">
         <wf lemma="in" pos="X">in</wf>
         <instance id="d000.s830.t000" lemma="naam" pos="NOUN">naam</instance>
         <wf lemma="is" pos="X">is</wf>
         <wf lemma="hij" pos="X">hij</wf>
         <wf lemma="socialist" pos="X">socialist</wf>
         <wf lemma="." pos="X">.</wf>
      </sentence>
      <sentence id="d000.s831" source="wordnet-dutch">
         <wf lemma="plaats" pos="X">plaats</wf>
         <wf lemma="van" pos="X">van</wf>
         <instance id="d000.s831.t000" lemma="handeling" pos="NOUN">handeling</instance>
         <wf lemma="is" pos="X">is</wf>
         <wf lemma="de" pos="X">de</wf>
         <wf lemma="Spaanse" pos="X">Spaanse</wf>
         <wf lemma="hoofdstad" pos="X">hoofdstad</wf>
         <wf lemma="Madrid" pos="X">Madrid</wf>
         <wf lemma="." pos="X">.</wf>
      </sentence>
      <sentence id="d000.s832" source="wordnet-dutch">
         <wf lemma="zonder" pos="X">zonder</wf>
         <wf lemma="kwade" pos="X">kwade</wf>
         <instance id="d000.s832.t000" lemma="bedoeling" pos="NOUN">bedoelingen</instance>
         <wf lemma="bracht" pos="X">bracht</wf>
         <wf lemma="hij" pos="X">hij</wf>
         <wf lemma="haar" pos="X">haar</wf>
         <wf lemma="thuis" pos="X">thuis</wf>
         <wf lemma="." pos="X">.</wf>
      </sentence>
      <sentence id="d000.s833" source="wordnet-dutch">
         <wf lemma="hij" pos="X">hij</wf>
         <instance id="d000.s833.t000" lemma="verwoorden" pos="VERB">verwoordde</instance>
         <wf lemma="dat" pos="X">dat</wf>
         <wf lemma="probleem" pos="X">probleem</wf>
         <wf lemma="treffend" pos="X">treffend</wf>
         <wf lemma="." pos="X">.</wf>
      </sentence>
      <sentence id="d000.s834" source="wordnet-dutch">
         <wf lemma="ik" pos="X">ik</wf>
         <wf lemma="maakte" pos="X">maakte</wf>
         <wf lemma="maar" pos="X">maar</wf>
         <wf lemma="een" pos="X">een</wf>
         <instance id="d000.s834.t000" lemma="grap" pos="NOUN">grapje</instance>
         <wf lemma="." pos="X">.</wf>
      </sentence>
      <sentence id="d000.s835" source="wordnet-dutch">
         <wf lemma="hij" pos="X">hij</wf>
         <wf lemma="wist" pos="X">wist</wf>
         <wf lemma="onopgemerkt" pos="X">onopgemerkt</wf>
         <wf lemma="langs" pos="X">langs</wf>
         <wf lemma="de" pos="X">de</wf>
         <wf lemma="portier" pos="X">portier</wf>
         <wf lemma="te" pos="X">te</wf>
         <instance id="d000.s835.t000" lemma="schuiven" pos="VERB">schuiven</instance>
         <wf lemma="." pos="X">.</wf>
      </sentence>
      <sentence id="d000.s836" source="wordnet-dutch">
         <wf lemma="in" pos="X">in</wf>
         <wf lemma="de" pos="X">de</wf>
         <wf lemma="nieuwe" pos="X">nieuwe</wf>
         <wf lemma="film" pos="X">film</wf>
         <wf lemma="met" pos="X">met</wf>
         <wf lemma="Schwarzenegger" pos="X">Schwarzenegger</wf>
         <wf lemma="zit" pos="X">zit</wf>
         <wf lemma="weer" pos="X">weer</wf>
         <wf lemma="veel" pos="X">veel</wf>
         <wf lemma="harde" pos="X">harde</wf>
         <instance id="d000.s836.t000" lemma="actie" pos="NOUN">actie</instance>
         <wf lemma="." pos="X">.</wf>
      </sentence>
      <sentence id="d000.s837" source="wordnet-dutch">
         <wf lemma="ter" pos="X">ter</wf>
         <instance id="d000.s837.t000" lemma="verstrooiing" pos="NOUN">verstrooiing</instance>
         <wf lemma="gingen" pos="X">gingen</wf>
         <wf lemma="ze" pos="X">ze</wf>
         <wf lemma="wat" pos="X">wat</wf>
         <wf lemma="fietsen" pos="X">fietsen</wf>
         <wf lemma="." pos="X">.</wf>
      </sentence>
      <sentence id="d000.s838" source="wordnet-dutch">
         <wf lemma="hij" pos="X">hij</wf>
         <instance id="d000.s838.t000" lemma="betreuren" pos="VERB">betreurde</instance>
         <wf lemma="dat" pos="X">dat</wf>
         <wf lemma="er" pos="X">er</wf>
         <wf lemma="geen" pos="X">geen</wf>
         <wf lemma="afdoende" pos="X">afdoende</wf>
         <wf lemma="maatregelen" pos="X">maatregelen</wf>
         <wf lemma="werden" pos="X">werden</wf>
         <wf lemma="getroffen" pos="X">getroffen</wf>
         <wf lemma="." pos="X">.</wf>
      </sentence>
      <sentence id="d000.s839" source="wordnet-dutch">
         <wf lemma="alle" pos="X">alle</wf>
         <wf lemma="kranten" pos="X">kranten</wf>
         <wf lemma="en" pos="X">en</wf>
         <wf lemma="boeken" pos="X">boeken</wf>
         <instance id="d000.s839.t000" lemma="zwerven" pos="VERB">zwerven</instance>
         <wf lemma="weer" pos="X">weer</wf>
         <wf lemma="over" pos="X">over</wf>
         <wf lemma="de" pos="X">de</wf>
         <wf lemma="vloer" pos="X">vloer</wf>
         <wf lemma="." pos="X">.</wf>
      </sentence>
      <sentence id="d000.s840" source="wordnet-dutch">
         <wf lemma="een" pos="X">een</wf>
         <wf lemma="tand" pos="X">tand</wf>
         <wf lemma="trekken" pos="X">trekken</wf>
         <wf lemma="zonder" pos="X">zonder</wf>
         <instance id="d000.s840.t000" lemma="verdoving" pos="NOUN">verdoving</instance>
         <wf lemma="." pos="X">.</wf>
      </sentence>
      <sentence id="d000.s841" source="wordnet-dutch">
         <wf lemma="de" pos="X">de</wf>
         <wf lemma="zaak" pos="X">zaak</wf>
         <wf lemma="was" pos="X">was</wf>
         <wf lemma="in" pos="X">in</wf>
         <wf lemma="het" pos="X">het</wf>
         <instance id="d000.s841.t000" lemma="geheim" pos="NOUN">geheim</instance>
         <wf lemma="voorbereid" pos="X">voorbereid</wf>
         <wf lemma="." pos="X">.</wf>
      </sentence>
      <sentence id="d000.s842" source="wordnet-dutch">
         <wf lemma="Engeland" pos="X">Engeland</wf>
         <wf lemma="heeft" pos="X">heeft</wf>
         <wf lemma="gisteren" pos="X">gisteren</wf>
         <wf lemma="de" pos="X">de</wf>
         <instance id="d000.s842.t000" lemma="interland" pos="NOUN">interland</instance>
         <wf lemma="tegen" pos="X">tegen</wf>
         <wf lemma="Italië" pos="X">Italië</wf>
         <wf lemma="gewonnen" pos="X">gewonnen</wf>
         <wf lemma="." pos="X">.</wf>
      </sentence>
      <sentence id="d000.s843" source="wordnet-dutch">
         <wf lemma="het" pos="X">het</wf>
         <wf lemma="meisje" pos="X">meisje</wf>
         <wf lemma="wist" pos="X">wist</wf>
         <wf lemma="iedereen" pos="X">iedereen</wf>
         <wf lemma="te" pos="X">te</wf>
         <instance id="d000.s843.t000" lemma="ontwapenen" pos="VERB">ontwapenen</instance>
         <wf lemma="met" pos="X">met</wf>
         <wf lemma="haar" pos="X">haar</wf>
         <wf lemma="glimlach" pos="X">glimlach</wf>
         <wf lemma="." pos="X">.</wf>
      </sentence>
      <sentence id="d000.s844" source="wordnet-dutch">
         <wf lemma="Ik" pos="X">Ik</wf>
         <instance id="d000.s844.t000" lemma="wachten" pos="VERB">wacht</instance>
         <wf lemma="een" pos="X">een</wf>
         <wf lemma="warm" pos="X">warm</wf>
         <wf lemma="ontvangst" pos="X">ontvangst</wf>
         <wf lemma="." pos="X">.</wf>
      </sentence>
      <sentence id="d000.s845" source="wordnet-dutch">
         <wf lemma="op" pos="X">op</wf>
         <wf lemma="die" pos="X">die</wf>
         <wf lemma="19e" pos="X">19e</wf>
         <wf lemma="augustus" pos="X">augustus</wf>
         <wf lemma="zaten" pos="X">zaten</wf>
         <wf lemma="ze" pos="X">ze</wf>
         <wf lemma="'s" pos="X">'s</wf>
         <instance id="d000.s845.t000" lemma="avond" pos="NOUN">avonds</instance>
         <wf lemma="op" pos="X">op</wf>
         <wf lemma="de" pos="X">de</wf>
         <wf lemma="bank" pos="X">bank</wf>
         <wf lemma="tv" pos="X">tv</wf>
         <wf lemma="te" pos="X">te</wf>
         <wf lemma="kijken" pos="X">kijken</wf>
         <wf lemma="." pos="X">.</wf>
      </sentence>
      <sentence id="d000.s846" source="wordnet-dutch">
         <wf lemma="de" pos="X">de</wf>
         <wf lemma="kippen" pos="X">kippen</wf>
         <instance id="d000.s846.t000" lemma="pikken" pos="VERB">pikken</instance>
         <wf lemma="graantjes" pos="X">graantjes</wf>
         <wf lemma="." pos="X">.</wf>
      </sentence>
      <sentence id="d000.s847" source="wordnet-dutch">
         <wf lemma="hij" pos="X">hij</wf>
         <wf lemma="heeft" pos="X">heeft</wf>
         <wf lemma="soms" pos="X">soms</wf>
         <wf lemma="een" pos="X">een</wf>
         <wf lemma="rare" pos="X">rare</wf>
         <wf lemma="manier" pos="X">manier</wf>
         <wf lemma="van" pos="X">van</wf>
         <wf lemma="werken" pos="X">werken</wf>
         <wf lemma="maar" pos="X">maar</wf>
         <wf lemma="hij" pos="X">hij</wf>
         <instance id="d000.s847.t000" lemma="bedoelen" pos="VERB">bedoelt</instance>
         <wf lemma="het" pos="X">het</wf>
         <wf lemma="goed" pos="X">goed</wf>
         <wf lemma="." pos="X">.</wf>
      </sentence>
      <sentence id="d000.s848" source="wordnet-dutch">
         <wf lemma="ze" pos="X">ze</wf>
         <wf lemma="deden" pos="X">deden</wf>
         <wf lemma="dat" pos="X">dat</wf>
         <wf lemma="uit" pos="X">uit</wf>
         <instance id="d000.s848.t000" lemma="vaderlandsliefde" pos="NOUN">vaderlandsliefde</instance>
         <wf lemma="." pos="X">.</wf>
      </sentence>
      <sentence id="d000.s849" source="wordnet-dutch">
         <wf lemma="raadpleeg" pos="X">raadpleeg</wf>
         <wf lemma="in" pos="X">in</wf>
         <wf lemma="dat" pos="X">dat</wf>
         <wf lemma="geval" pos="X">geval</wf>
         <wf lemma="uw" pos="X">uw</wf>
         <instance id="d000.s849.t000" lemma="huisarts" pos="NOUN">huisarts</instance>
         <wf lemma="." pos="X">.</wf>
      </sentence>
      <sentence id="d000.s850" source="wordnet-dutch">
         <wf lemma="hij" pos="X">hij</wf>
         <wf lemma="kon" pos="X">kon</wf>
         <wf lemma="aan" pos="X">aan</wf>
         <wf lemma="zijn" pos="X">zijn</wf>
         <wf lemma="straf" pos="X">straf</wf>
         <instance id="d000.s850.t000" lemma="ontkomen" pos="VERB">ontkomen</instance>
         <wf lemma="door" pos="X">door</wf>
         <wf lemma="naar" pos="X">naar</wf>
         <wf lemma="het" pos="X">het</wf>
         <wf lemma="buitenland" pos="X">buitenland</wf>
         <wf lemma="te" pos="X">te</wf>
         <wf lemma="vluchten" pos="X">vluchten</wf>
         <wf lemma="." pos="X">.</wf>
      </sentence>
      <sentence id="d000.s851" source="wordnet-dutch">
         <wf lemma="het" pos="X">het</wf>
         <instance id="d000.s851.t000" lemma="initiatief" pos="NOUN">initiatief</instance>
         <wf lemma="tot" pos="X">tot</wf>
         <wf lemma="landelijk" pos="X">landelijk</wf>
         <wf lemma="overleg" pos="X">overleg</wf>
         <wf lemma="werd" pos="X">werd</wf>
         <wf lemma="door" pos="X">door</wf>
         <wf lemma="de" pos="X">de</wf>
         <wf lemma="bond" pos="X">bond</wf>
         <wf lemma="genomen" pos="X">genomen</wf>
         <wf lemma="." pos="X">.</wf>
      </sentence>
      <sentence id="d000.s852" source="wordnet-dutch">
         <wf lemma="de" pos="X">de</wf>
         <wf lemma="agenten" pos="X">agenten</wf>
         <wf lemma="hadden" pos="X">hadden</wf>
         <wf lemma="per" pos="X">per</wf>
         <wf lemma="mobilofoon" pos="X">mobilofoon</wf>
         <wf lemma="om" pos="X">om</wf>
         <instance id="d000.s852.t000" lemma="assistentie" pos="NOUN">assistentie</instance>
         <wf lemma="gevraagd" pos="X">gevraagd</wf>
         <wf lemma="." pos="X">.</wf>
      </sentence>
      <sentence id="d000.s853" source="wordnet-dutch">
         <wf lemma="zijn" pos="X">zijn</wf>
         <wf lemma="Engels" pos="X">Engels</wf>
         <wf lemma="is" pos="X">is</wf>
         <wf lemma="zo" pos="X">zo</wf>
         <wf lemma="goed" pos="X">goed</wf>
         <wf lemma="dat" pos="X">dat</wf>
         <wf lemma="hij" pos="X">hij</wf>
         <wf lemma="soms" pos="X">soms</wf>
         <wf lemma="de" pos="X">de</wf>
         <instance id="d000.s853.t000" lemma="ondertiteling" pos="NOUN">ondertiteling</instance>
         <wf lemma="niet" pos="X">niet</wf>
         <wf lemma="meer" pos="X">meer</wf>
         <wf lemma="leest" pos="X">leest</wf>
         <wf lemma="." pos="X">.</wf>
      </sentence>
      <sentence id="d000.s854" source="wordnet-dutch">
         <wf lemma="met" pos="X">met</wf>
         <wf lemma="de" pos="X">de</wf>
         <wf lemma="schakelaar" pos="X">schakelaar</wf>
         <wf lemma="verbreekt" pos="X">verbreekt</wf>
         <wf lemma="men" pos="X">men</wf>
         <wf lemma="het" pos="X">het</wf>
         <instance id="d000.s854.t000" lemma="contact" pos="NOUN">contact</instance>
         <wf lemma="." pos="X">.</wf>
      </sentence>
      <sentence id="d000.s855" source="wordnet-dutch">
         <wf lemma="de" pos="X">de</wf>
         <wf lemma="titel" pos="X">titel</wf>
         <wf lemma="staat" pos="X">staat</wf>
         <wf lemma="op" pos="X">op</wf>
         <wf lemma="de" pos="X">de</wf>
         <instance id="d000.s855.t000" lemma="rug" pos="NOUN">rug</instance>
         <wf lemma="van" pos="X">van</wf>
         <wf lemma="het" pos="X">het</wf>
         <wf lemma="boek" pos="X">boek</wf>
         <wf lemma="." pos="X">.</wf>
      </sentence>
      <sentence id="d000.s856" source="wordnet-dutch">
         <wf lemma="het" pos="X">het</wf>
         <wf lemma="gebouw" pos="X">gebouw</wf>
         <instance id="d000.s856.t000" lemma="steunen" pos="VERB">steunt</instance>
         <wf lemma="op" pos="X">op</wf>
         <wf lemma="een" pos="X">een</wf>
         <wf lemma="eeuwenoude" pos="X">eeuwenoude</wf>
         <wf lemma="fundering" pos="X">fundering</wf>
         <wf lemma="." pos="X">.</wf>
      </sentence>
      <sentence id="d000.s857" source="wordnet-dutch">
         <wf lemma="op" pos="X">op</wf>
         <wf lemma="die" pos="X">die</wf>
         <wf lemma="manier" pos="X">manier</wf>
         <wf lemma="probeert" pos="X">probeert</wf>
         <wf lemma="hij" pos="X">hij</wf>
         <wf lemma="het" pos="X">het</wf>
         <wf lemma="probleem" pos="X">probleem</wf>
         <wf lemma="te" pos="X">te</wf>
         <instance id="d000.s857.t000" lemma="verdoezelen" pos="VERB">verdoezelen</instance>
         <wf lemma="." pos="X">.</wf>
      </sentence>
      <sentence id="d000.s858" source="wordnet-dutch">
         <wf lemma="voor" pos="X">voor</wf>
         <wf lemma="die" pos="X">die</wf>
         <wf lemma="bruiloft" pos="X">bruiloft</wf>
         <wf lemma="heb" pos="X">heb</wf>
         <wf lemma="ik" pos="X">ik</wf>
         <wf lemma="nog" pos="X">nog</wf>
         <wf lemma="geen" pos="X">geen</wf>
         <wf lemma="geschikte" pos="X">geschikte</wf>
         <instance id="d000.s858.t000" lemma="outfit" pos="NOUN">outfit</instance>
         <wf lemma="." pos="X">.</wf>
      </sentence>
      <sentence id="d000.s859" source="wordnet-dutch">
         <wf lemma="er" pos="X">er</wf>
         <wf lemma="werd" pos="X">werd</wf>
         <wf lemma="een" pos="X">een</wf>
         <wf lemma="nieuwe" pos="X">nieuwe</wf>
         <wf lemma="bediende" pos="X">bediende</wf>
         <instance id="d000.s859.t000" lemma="aanstellen" pos="VERB">aangesteld</instance>
         <wf lemma="." pos="X">.</wf>
      </sentence>
      <sentence id="d000.s860" source="wordnet-dutch">
         <wf lemma="de" pos="X">de</wf>
         <wf lemma="meerderheid" pos="X">meerderheid</wf>
         <wf lemma="heeft" pos="X">heeft</wf>
         <wf lemma="op/voor" pos="X">op/voor</wf>
         <wf lemma="Jan/D66" pos="X">Jan/D66</wf>
         <instance id="d000.s860.t000" lemma="stemmen" pos="VERB">gestemd</instance>
         <wf lemma="." pos="X">.</wf>
      </sentence>
      <sentence id="d000.s861" source="wordnet-dutch">
         <wf lemma="de" pos="X">de</wf>
         <wf lemma="uitslag" pos="X">uitslag</wf>
         <wf lemma="was" pos="X">was</wf>
         <wf lemma="een" pos="X">een</wf>
         <wf lemma="zwakke/flauwe/magere" pos="X">zwakke/flauwe/magere</wf>
         <instance id="d000.s861.t000" lemma="afspiegeling" pos="NOUN">afspiegeling</instance>
         <wf lemma="van" pos="X">van</wf>
         <wf lemma="de" pos="X">de</wf>
         <wf lemma="krachtsverhoudingen" pos="X">krachtsverhoudingen</wf>
         <wf lemma="." pos="X">.</wf>
      </sentence>
      <sentence id="d000.s862" source="wordnet-dutch">
         <wf lemma="na" pos="X">na</wf>
         <wf lemma="de" pos="X">de</wf>
         <wf lemma="tentoonstelling" pos="X">tentoonstelling</wf>
         <wf lemma="wordt" pos="X">wordt</wf>
         <wf lemma="dit" pos="X">dit</wf>
         <wf lemma="beeld" pos="X">beeld</wf>
         <wf lemma="weer" pos="X">weer</wf>
         <wf lemma="in" pos="X">in</wf>
         <wf lemma="het" pos="X">het</wf>
         <wf lemma="stedelijk" pos="X">stedelijk</wf>
         <wf lemma="museum" pos="X">museum</wf>
         <instance id="d000.s862.t000" lemma="terugzetten" pos="VERB">teruggezet</instance>
         <wf lemma="." pos="X">.</wf>
      </sentence>
      <sentence id="d000.s863" source="wordnet-dutch">
         <wf lemma="een" pos="X">een</wf>
         <wf lemma="hele" pos="X">hele</wf>
         <instance id="d000.s863.t000" lemma="tijd" pos="NOUN">tijd</instance>
         <wf lemma="bleef" pos="X">bleef</wf>
         <wf lemma="ze" pos="X">ze</wf>
         <wf lemma="naar" pos="X">naar</wf>
         <wf lemma="de" pos="X">de</wf>
         <wf lemma="punten" pos="X">punten</wf>
         <wf lemma="van" pos="X">van</wf>
         <wf lemma="haar" pos="X">haar</wf>
         <wf lemma="schoenen" pos="X">schoenen</wf>
         <wf lemma="kijken" pos="X">kijken</wf>
         <wf lemma="." pos="X">.</wf>
      </sentence>
      <sentence id="d000.s864" source="wordnet-dutch">
         <wf lemma="hij" pos="X">hij</wf>
         <wf lemma="maakte" pos="X">maakte</wf>
         <wf lemma="een" pos="X">een</wf>
         <wf lemma="doorslag" pos="X">doorslag</wf>
         <wf lemma="met" pos="X">met</wf>
         <wf lemma="een" pos="X">een</wf>
         <wf lemma="velletje" pos="X">velletje</wf>
         <instance id="d000.s864.t000" lemma="carbon" pos="NOUN">carbon</instance>
         <wf lemma="." pos="X">.</wf>
      </sentence>
      <sentence id="d000.s865" source="wordnet-dutch">
         <wf lemma="de" pos="X">de</wf>
         <instance id="d000.s865.t000" lemma="gezondheidstoestand" pos="NOUN">gezondheidstoestand</instance>
         <wf lemma="van" pos="X">van</wf>
         <wf lemma="Prins" pos="X">Prins</wf>
         <wf lemma="Claus" pos="X">Claus</wf>
         <wf lemma="gaat" pos="X">gaat</wf>
         <wf lemma="achteruit" pos="X">achteruit</wf>
         <wf lemma="." pos="X">.</wf>
      </sentence>
      <sentence id="d000.s866" source="wordnet-dutch">
         <wf lemma="het" pos="X">het</wf>
         <wf lemma="is" pos="X">is</wf>
         <wf lemma="me" pos="X">me</wf>
         <wf lemma="niet" pos="X">niet</wf>
         <wf lemma="duidelijk" pos="X">duidelijk</wf>
         <wf lemma="waarom" pos="X">waarom</wf>
         <wf lemma="hij" pos="X">hij</wf>
         <wf lemma="zo" pos="X">zo</wf>
         <wf lemma="plots" pos="X">plots</wf>
         <wf lemma="deze" pos="X">deze</wf>
         <wf lemma="overeenkomst" pos="X">overeenkomst</wf>
         <wf lemma="wil" pos="X">wil</wf>
         <instance id="d000.s866.t000" lemma="opzeggen" pos="VERB">opzeggen</instance>
         <wf lemma="." pos="X">.</wf>
      </sentence>
      <sentence id="d000.s867" source="wordnet-dutch">
         <wf lemma="de" pos="X">de</wf>
         <wf lemma="kleur" pos="X">kleur</wf>
         <wf lemma="van" pos="X">van</wf>
         <wf lemma="die" pos="X">die</wf>
         <wf lemma="jas" pos="X">jas</wf>
         <instance id="d000.s867.t000" lemma="neigen" pos="VERB">neigt</instance>
         <wf lemma="naar" pos="X">naar</wf>
         <wf lemma="rood" pos="X">rood</wf>
         <wf lemma="." pos="X">.</wf>
      </sentence>
      <sentence id="d000.s868" source="wordnet-dutch">
         <wf lemma="je" pos="X">je</wf>
         <wf lemma="moet" pos="X">moet</wf>
         <wf lemma="haar" pos="X">haar</wf>
         <wf lemma="niet" pos="X">niet</wf>
         <wf lemma="zo" pos="X">zo</wf>
         <wf lemma="van" pos="X">van</wf>
         <wf lemma="haar" pos="X">haar</wf>
         <instance id="d000.s868.t000" lemma="werk" pos="NOUN">werk</instance>
         <wf lemma="afhouden" pos="X">afhouden</wf>
         <wf lemma="." pos="X">.</wf>
      </sentence>
      <sentence id="d000.s869" source="wordnet-dutch">
         <wf lemma="deze" pos="X">deze</wf>
         <wf lemma="tekst" pos="X">tekst</wf>
         <instance id="d000.s869.t000" lemma="handelen" pos="VERB">handelt</instance>
         <wf lemma="over" pos="X">over</wf>
         <wf lemma="politiek" pos="X">politiek</wf>
         <wf lemma="." pos="X">.</wf>
      </sentence>
      <sentence id="d000.s870" source="wordnet-dutch">
         <wf lemma="De" pos="X">De</wf>
         <wf lemma="drenkeling" pos="X">drenkeling</wf>
         <wf lemma="stond" pos="X">stond</wf>
         <wf lemma="te" pos="X">te</wf>
         <wf lemma="beven" pos="X">beven</wf>
         <wf lemma="als" pos="X">als</wf>
         <wf lemma="een" pos="X">een</wf>
         <instance id="d000.s870.t000" lemma="riet" pos="NOUN">riet</instance>
         <wf lemma="." pos="X">.</wf>
      </sentence>
      <sentence id="d000.s871" source="wordnet-dutch">
         <wf lemma="de" pos="X">de</wf>
         <wf lemma="bomen" pos="X">bomen</wf>
         <wf lemma="zullen" pos="X">zullen</wf>
         <wf lemma="weldra" pos="X">weldra</wf>
         <wf lemma="gaan" pos="X">gaan</wf>
         <instance id="d000.s871.t000" lemma="uitschieten" pos="VERB">uitschieten</instance>
         <wf lemma="." pos="X">.</wf>
      </sentence>
      <sentence id="d000.s872" source="wordnet-dutch">
         <wf lemma="wat" pos="X">wat</wf>
         <wf lemma="is" pos="X">is</wf>
         <wf lemma="de" pos="X">de</wf>
         <instance id="d000.s872.t000" lemma="beweegreden" pos="NOUN">beweegreden</instance>
         <wf lemma="voor/tot" pos="X">voor/tot</wf>
         <wf lemma="je" pos="X">je</wf>
         <wf lemma="handelen" pos="X">handelen</wf>
         <wf lemma="in" pos="X">in</wf>
         <wf lemma="deze" pos="X">deze</wf>
         <wf lemma="." pos="X">.</wf>
      </sentence>
      <sentence id="d000.s873" source="wordnet-dutch">
         <wf lemma="hij" pos="X">hij</wf>
         <wf lemma="baande" pos="X">baande</wf>
         <wf lemma="zich" pos="X">zich</wf>
         <wf lemma="een" pos="X">een</wf>
         <instance id="d000.s873.t000" lemma="weg" pos="NOUN">weg</instance>
         <wf lemma="door" pos="X">door</wf>
         <wf lemma="het" pos="X">het</wf>
         <wf lemma="struikgewas" pos="X">struikgewas</wf>
         <wf lemma="." pos="X">.</wf>
      </sentence>
      <sentence id="d000.s874" source="wordnet-dutch">
         <wf lemma="hij" pos="X">hij</wf>
         <wf lemma="moet" pos="X">moet</wf>
         <wf lemma="nog" pos="X">nog</wf>
         <wf lemma="wel" pos="X">wel</wf>
         <wf lemma="een" pos="X">een</wf>
         <wf lemma="paar" pos="X">paar</wf>
         <wf lemma="weken" pos="X">weken</wf>
         <instance id="d000.s874.t000" lemma="aansterken" pos="VERB">aansterken</instance>
         <wf lemma="." pos="X">.</wf>
      </sentence>
      <sentence id="d000.s875" source="wordnet-dutch">
         <wf lemma="twee" pos="X">twee</wf>
         <wf lemma="deelnemers" pos="X">deelnemers</wf>
         <wf lemma="werden" pos="X">werden</wf>
         <instance id="d000.s875.t000" lemma="diskwalificeren" pos="VERB">gediskwalificeerd</instance>
         <wf lemma="wegens" pos="X">wegens</wf>
         <wf lemma="gebruik" pos="X">gebruik</wf>
         <wf lemma="van" pos="X">van</wf>
         <wf lemma="doping" pos="X">doping</wf>
         <wf lemma="." pos="X">.</wf>
      </sentence>
      <sentence id="d000.s876" source="wordnet-dutch">
         <wf lemma="De" pos="X">De</wf>
         <instance id="d000.s876.t000" lemma="duiker" pos="NOUN">duiker</instance>
         <wf lemma="dook" pos="X">dook</wf>
         <wf lemma="naar" pos="X">naar</wf>
         <wf lemma="beneden" pos="X">beneden</wf>
         <wf lemma="en" pos="X">en</wf>
         <wf lemma="greep" pos="X">greep</wf>
         <wf lemma="de" pos="X">de</wf>
         <wf lemma="vis" pos="X">vis</wf>
         <wf lemma="in" pos="X">in</wf>
         <wf lemma="een" pos="X">een</wf>
         <wf lemma="oogwenk" pos="X">oogwenk</wf>
         <wf lemma="." pos="X">.</wf>
      </sentence>
      <sentence id="d000.s877" source="wordnet-dutch">
         <wf lemma="ze" pos="X">ze</wf>
         <wf lemma="houden" pos="X">houden</wf>
         <wf lemma="zich" pos="X">zich</wf>
         <wf lemma="onder" pos="X">onder</wf>
         <wf lemma="meer" pos="X">meer</wf>
         <wf lemma="bezig" pos="X">bezig</wf>
         <wf lemma="met" pos="X">met</wf>
         <wf lemma="de" pos="X">de</wf>
         <wf lemma="vraag" pos="X">vraag</wf>
         <wf lemma="welk" pos="X">welk</wf>
         <instance id="d000.s877.t000" lemma="vee" pos="NOUN">vee</instance>
         <wf lemma="vroeger" pos="X">vroeger</wf>
         <wf lemma="werd" pos="X">werd</wf>
         <wf lemma="gehouden" pos="X">gehouden</wf>
         <wf lemma="." pos="X">.</wf>
      </sentence>
      <sentence id="d000.s878" source="wordnet-dutch">
         <wf lemma="er" pos="X">er</wf>
         <wf lemma="heerst" pos="X">heerst</wf>
         <wf lemma="onder" pos="X">onder</wf>
         <wf lemma="de" pos="X">de</wf>
         <wf lemma="supporters" pos="X">supporters</wf>
         <wf lemma="veel" pos="X">veel</wf>
         <instance id="d000.s878.t000" lemma="agressie" pos="NOUN">agressie</instance>
         <wf lemma="tegen" pos="X">tegen</wf>
         <wf lemma="de" pos="X">de</wf>
         <wf lemma="andere" pos="X">andere</wf>
         <wf lemma="supporters" pos="X">supporters</wf>
         <wf lemma="." pos="X">.</wf>
      </sentence>
      <sentence id="d000.s879" source="wordnet-dutch">
         <wf lemma="hij" pos="X">hij</wf>
         <wf lemma="probeerde" pos="X">probeerde</wf>
         <wf lemma="de" pos="X">de</wf>
         <wf lemma="kat" pos="X">kat</wf>
         <wf lemma="te" pos="X">te</wf>
         <instance id="d000.s879.t000" lemma="lokken" pos="VERB">lokken</instance>
         <wf lemma="met" pos="X">met</wf>
         <wf lemma="een" pos="X">een</wf>
         <wf lemma="stukje" pos="X">stukje</wf>
         <wf lemma="vlees" pos="X">vlees</wf>
         <wf lemma="." pos="X">.</wf>
      </sentence>
      <sentence id="d000.s880" source="wordnet-dutch">
         <wf lemma="de" pos="X">de</wf>
         <wf lemma="betogers" pos="X">betogers</wf>
         <instance id="d000.s880.t000" lemma="gedragen" pos="VERB">gedroegen</instance>
         <wf lemma="zich" pos="X">zich</wf>
         <wf lemma="erg" pos="X">erg</wf>
         <wf lemma="agressief" pos="X">agressief</wf>
         <wf lemma="." pos="X">.</wf>
      </sentence>
      <sentence id="d000.s881" source="wordnet-dutch">
         <wf lemma="na" pos="X">na</wf>
         <wf lemma="veel" pos="X">veel</wf>
         <wf lemma="geworstel" pos="X">geworstel</wf>
         <wf lemma="was" pos="X">was</wf>
         <wf lemma="hij" pos="X">hij</wf>
         <wf lemma="eindelijk" pos="X">eindelijk</wf>
         <wf lemma="uit" pos="X">uit</wf>
         <wf lemma="de" pos="X">de</wf>
         <instance id="d000.s881.t000" lemma="kleren" pos="NOUN">kleren</instance>
         <wf lemma="." pos="X">.</wf>
      </sentence>
      <sentence id="d000.s882" source="wordnet-dutch">
         <wf lemma="veel" pos="X">veel</wf>
         <wf lemma="fabrieken" pos="X">fabrieken</wf>
         <wf lemma="lozen" pos="X">lozen</wf>
         <wf lemma="hun" pos="X">hun</wf>
         <instance id="d000.s882.t000" lemma="afvalstof" pos="NOUN">afvalstoffen</instance>
         <wf lemma="in" pos="X">in</wf>
         <wf lemma="die" pos="X">die</wf>
         <wf lemma="rivier" pos="X">rivier</wf>
         <wf lemma="." pos="X">.</wf>
      </sentence>
      <sentence id="d000.s883" source="wordnet-dutch">
         <wf lemma="ze" pos="X">ze</wf>
         <wf lemma="schreeuwde" pos="X">schreeuwde</wf>
         <wf lemma="duizend" pos="X">duizend</wf>
         <instance id="d000.s883.t000" lemma="vervloeking" pos="NOUN">vervloekingen</instance>
         <wf lemma="tegen" pos="X">tegen</wf>
         <wf lemma="haar" pos="X">haar</wf>
         <wf lemma="buurman" pos="X">buurman</wf>
         <wf lemma="." pos="X">.</wf>
      </sentence>
      <sentence id="d000.s884" source="wordnet-dutch">
         <wf lemma="de" pos="X">de</wf>
         <wf lemma="tijdelijke" pos="X">tijdelijke</wf>
         <wf lemma="medewerker" pos="X">medewerker</wf>
         <wf lemma="heeft" pos="X">heeft</wf>
         <wf lemma="zeker" pos="X">zeker</wf>
         <wf lemma="aan" pos="X">aan</wf>
         <wf lemma="de" pos="X">de</wf>
         <wf lemma="verwachtingen" pos="X">verwachtingen</wf>
         <instance id="d000.s884.t000" lemma="voldoen" pos="VERB">voldaan</instance>
         <wf lemma="." pos="X">.</wf>
      </sentence>
      <sentence id="d000.s885" source="wordnet-dutch">
         <wf lemma="hij" pos="X">hij</wf>
         <instance id="d000.s885.t000" lemma="schieten" pos="VERB">schoot</instance>
         <wf lemma="vlug" pos="X">vlug</wf>
         <wf lemma="de" pos="X">de</wf>
         <wf lemma="kamer" pos="X">kamer</wf>
         <wf lemma="uit" pos="X">uit</wf>
         <wf lemma="." pos="X">.</wf>
      </sentence>
      <sentence id="d000.s886" source="wordnet-dutch">
         <wf lemma="zij" pos="X">zij</wf>
         <wf lemma="is" pos="X">is</wf>
         <wf lemma="het" pos="X">het</wf>
         <instance id="d000.s886.t000" lemma="gezicht" pos="NOUN">gezicht</instance>
         <wf lemma="van" pos="X">van</wf>
         <wf lemma="de" pos="X">de</wf>
         <wf lemma="organisatie" pos="X">organisatie</wf>
         <wf lemma="." pos="X">.</wf>
      </sentence>
      <sentence id="d000.s887" source="wordnet-dutch">
         <wf lemma="deze" pos="X">deze</wf>
         <wf lemma="uitgave" pos="X">uitgave</wf>
         <wf lemma="is" pos="X">is</wf>
         <wf lemma="van" pos="X">van</wf>
         <instance id="d000.s887.t000" lemma="aantekening" pos="NOUN">aantekeningen</instance>
         <wf lemma="voorzien" pos="X">voorzien</wf>
         <wf lemma="door" pos="X">door</wf>
         <wf lemma="dr." pos="X">dr.</wf>
         <wf lemma="A.B.C." pos="X">A.B.C.</wf>
         <wf lemma="Jansen" pos="X">Jansen</wf>
         <wf lemma="." pos="X">.</wf>
      </sentence>
      <sentence id="d000.s888" source="wordnet-dutch">
         <wf lemma="Je" pos="X">Je</wf>
         <wf lemma="hebt" pos="X">hebt</wf>
         <instance id="d000.s888.t000" lemma="aanleg" pos="NOUN">aanleg</instance>
         <wf lemma="voor" pos="X">voor</wf>
         <wf lemma="darminfecties" pos="X">darminfecties</wf>
         <wf lemma="." pos="X">.</wf>
      </sentence>
      <sentence id="d000.s889" source="wordnet-dutch">
         <instance id="d000.s889.t000" lemma="kleden" pos="VERB">kleed</instance>
         <wf lemma="je" pos="X">je</wf>
         <wf lemma="warm" pos="X">warm</wf>
         <wf lemma="!" pos="X">!</wf>
      </sentence>
      <sentence id="d000.s890" source="wordnet-dutch">
         <wf lemma="de" pos="X">de</wf>
         <wf lemma="vermeende" pos="X">vermeende</wf>
         <wf lemma="belastingfraude" pos="X">belastingfraude</wf>
         <wf lemma="van" pos="X">van</wf>
         <wf lemma="de" pos="X">de</wf>
         <wf lemma="minister" pos="X">minister</wf>
         <wf lemma="leidde" pos="X">leidde</wf>
         <wf lemma="tot" pos="X">tot</wf>
         <wf lemma="veel" pos="X">veel</wf>
         <instance id="d000.s890.t000" lemma="commotie" pos="NOUN">commotie</instance>
         <wf lemma="." pos="X">.</wf>
      </sentence>
      <sentence id="d000.s891" source="wordnet-dutch">
         <wf lemma="Ze" pos="X">Ze</wf>
         <wf lemma="heeft" pos="X">heeft</wf>
         <wf lemma="een" pos="X">een</wf>
         <wf lemma="hele" pos="X">hele</wf>
         <instance id="d000.s891.t000" lemma="klauw" pos="NOUN">klauw</instance>
         <wf lemma="op" pos="X">op</wf>
         <wf lemma="haar" pos="X">haar</wf>
         <wf lemma="arm" pos="X">arm</wf>
         <wf lemma="van" pos="X">van</wf>
         <wf lemma="de" pos="X">de</wf>
         <wf lemma="kat" pos="X">kat</wf>
         <wf lemma="." pos="X">.</wf>
      </sentence>
      <sentence id="d000.s892" source="wordnet-dutch">
         <wf lemma="Als" pos="X">Als</wf>
         <wf lemma="de" pos="X">de</wf>
         <wf lemma="bloem" pos="X">bloem</wf>
         <wf lemma="te" pos="X">te</wf>
         <wf lemma="zwaar" pos="X">zwaar</wf>
         <wf lemma="wordt" pos="X">wordt</wf>
         <wf lemma="dan" pos="X">dan</wf>
         <wf lemma="buigt" pos="X">buigt</wf>
         <wf lemma="de" pos="X">de</wf>
         <instance id="d000.s892.t000" lemma="stok" pos="NOUN">stok</instance>
         <wf lemma="door" pos="X">door</wf>
         <wf lemma="en" pos="X">en</wf>
         <wf lemma="kan" pos="X">kan</wf>
         <wf lemma="die" pos="X">die</wf>
         <wf lemma="knappen" pos="X">knappen</wf>
         <wf lemma="." pos="X">.</wf>
      </sentence>
      <sentence id="d000.s893" source="wordnet-dutch">
         <wf lemma="Er" pos="X">Er</wf>
         <wf lemma="lag" pos="X">lag</wf>
         <wf lemma="een" pos="X">een</wf>
         <wf lemma="flinke" pos="X">flinke</wf>
         <instance id="d000.s893.t000" lemma="dreutel" pos="NOUN">dreutel</instance>
         <wf lemma="van" pos="X">van</wf>
         <wf lemma="de" pos="X">de</wf>
         <wf lemma="hond" pos="X">hond</wf>
         <wf lemma="in" pos="X">in</wf>
         <wf lemma="de" pos="X">de</wf>
         <wf lemma="goot" pos="X">goot</wf>
         <wf lemma="." pos="X">.</wf>
      </sentence>
      <sentence id="d000.s894" source="wordnet-dutch">
         <wf lemma="zij" pos="X">zij</wf>
         <wf lemma="boden" pos="X">boden</wf>
         <wf lemma="de" pos="X">de</wf>
         <wf lemma="jubilaris" pos="X">jubilaris</wf>
         <wf lemma="een" pos="X">een</wf>
         <instance id="d000.s894.t000" lemma="cadeau" pos="NOUN">cadeau</instance>
         <wf lemma="aan" pos="X">aan</wf>
         <wf lemma="." pos="X">.</wf>
      </sentence>
      <sentence id="d000.s895" source="wordnet-dutch">
         <wf lemma="verdubbel" pos="X">verdubbel</wf>
         <wf lemma="de" pos="X">de</wf>
         <wf lemma="prijs" pos="X">prijs</wf>
         <wf lemma="van" pos="X">van</wf>
         <wf lemma="benzine" pos="X">benzine</wf>
         <wf lemma="en" pos="X">en</wf>
         <wf lemma="de" pos="X">de</wf>
         <instance id="d000.s895.t000" lemma="chaos" pos="NOUN">chaos</instance>
         <wf lemma="is" pos="X">is</wf>
         <wf lemma="compleet" pos="X">compleet</wf>
         <wf lemma="." pos="X">.</wf>
      </sentence>
      <sentence id="d000.s896" source="wordnet-dutch">
         <wf lemma="hij" pos="X">hij</wf>
         <wf lemma="heeft" pos="X">heeft</wf>
         <wf lemma="jarenlang" pos="X">jarenlang</wf>
         <instance id="d000.s896.t000" lemma="samenwerken" pos="VERB">samengewerkt</instance>
         <wf lemma="met" pos="X">met</wf>
         <wf lemma="deze" pos="X">deze</wf>
         <wf lemma="cineast" pos="X">cineast</wf>
         <wf lemma="." pos="X">.</wf>
      </sentence>
      <sentence id="d000.s897" source="wordnet-dutch">
         <wf lemma="ondanks" pos="X">ondanks</wf>
         <wf lemma="de" pos="X">de</wf>
         <wf lemma="felle" pos="X">felle</wf>
         <wf lemma="oppositie" pos="X">oppositie</wf>
         <instance id="d000.s897.t000" lemma="weren" pos="VERB">weerde</instance>
         <wf lemma="ze" pos="X">ze</wf>
         <wf lemma="zich" pos="X">zich</wf>
         <wf lemma="kranig" pos="X">kranig</wf>
         <wf lemma="." pos="X">.</wf>
      </sentence>
      <sentence id="d000.s898" source="wordnet-dutch">
         <wf lemma="ik" pos="X">ik</wf>
         <instance id="d000.s898.t000" lemma="riskeren" pos="VERB">riskeer</instance>
         <wf lemma="hier" pos="X">hier</wf>
         <wf lemma="flink" pos="X">flink</wf>
         <wf lemma="op" pos="X">op</wf>
         <wf lemma="mijn" pos="X">mijn</wf>
         <wf lemma="bek" pos="X">bek</wf>
         <wf lemma="te" pos="X">te</wf>
         <wf lemma="gaan" pos="X">gaan</wf>
         <wf lemma="." pos="X">.</wf>
      </sentence>
      <sentence id="d000.s899" source="wordnet-dutch">
         <wf lemma="wat" pos="X">wat</wf>
         <wf lemma="doet" pos="X">doet</wf>
         <wf lemma="hij" pos="X">hij</wf>
         <wf lemma="eigenlijk" pos="X">eigenlijk</wf>
         <wf lemma="op" pos="X">op</wf>
         <wf lemma="deze" pos="X">deze</wf>
         <instance id="d000.s899.t000" lemma="cursus" pos="NOUN">cursus</instance>
         <wf lemma="?" pos="X">?</wf>
      </sentence>
      <sentence id="d000.s900" source="wordnet-dutch">
         <wf lemma="onmiddellijk" pos="X">onmiddellijk</wf>
         <wf lemma="na" pos="X">na</wf>
         <wf lemma="de" pos="X">de</wf>
         <wf lemma="overwinning" pos="X">overwinning</wf>
         <wf lemma="van" pos="X">van</wf>
         <wf lemma="hun" pos="X">hun</wf>
         <wf lemma="ploeg" pos="X">ploeg</wf>
         <wf lemma="is" pos="X">is</wf>
         <wf lemma="de" pos="X">de</wf>
         <wf lemma="feestvreugde" pos="X">feestvreugde</wf>
         <wf lemma="in" pos="X">in</wf>
         <wf lemma="de" pos="X">de</wf>
         <wf lemma="stad" pos="X">stad</wf>
         <instance id="d000.s900.t000" lemma="losbreken" pos="VERB">losgebroken</instance>
         <wf lemma="." pos="X">.</wf>
      </sentence>
      <sentence id="d000.s901" source="wordnet-dutch">
         <wf lemma="de" pos="X">de</wf>
         <wf lemma="voorste" pos="X">voorste</wf>
         <wf lemma="plaatsen/rijen" pos="X">plaatsen/rijen</wf>
         <wf lemma="worden" pos="X">worden</wf>
         <wf lemma="altijd" pos="X">altijd</wf>
         <instance id="d000.s901.t000" lemma="bezetten" pos="VERB">bezet</instance>
         <wf lemma="door" pos="X">door</wf>
         <wf lemma="de" pos="X">de</wf>
         <wf lemma="notabelen" pos="X">notabelen</wf>
         <wf lemma="." pos="X">.</wf>
      </sentence>
      <sentence id="d000.s902" source="wordnet-dutch">
         <wf lemma="ik" pos="X">ik</wf>
         <wf lemma="heb" pos="X">heb</wf>
         <wf lemma="uw" pos="X">uw</wf>
         <wf lemma="schrijven" pos="X">schrijven</wf>
         <wf lemma="in" pos="X">in</wf>
         <wf lemma="dank" pos="X">dank</wf>
         <instance id="d000.s902.t000" lemma="ontvangen" pos="VERB">ontvangen</instance>
         <wf lemma="." pos="X">.</wf>
      </sentence>
      <sentence id="d000.s903" source="wordnet-dutch">
         <wf lemma="het" pos="X">het</wf>
         <wf lemma="verhaal" pos="X">verhaal</wf>
         <wf lemma="dat" pos="X">dat</wf>
         <wf lemma="hij" pos="X">hij</wf>
         <wf lemma="toen" pos="X">toen</wf>
         <wf lemma="had" pos="X">had</wf>
         <instance id="d000.s903.t000" lemma="opdissen" pos="VERB">opgedist</instance>
         <wf lemma="," pos="X">,</wf>
         <wf lemma="bleek" pos="X">bleek</wf>
         <wf lemma="helemaal" pos="X">helemaal</wf>
         <wf lemma="verzonnen" pos="X">verzonnen</wf>
         <wf lemma="te" pos="X">te</wf>
         <wf lemma="zijn" pos="X">zijn</wf>
         <wf lemma="." pos="X">.</wf>
      </sentence>
      <sentence id="d000.s904" source="wordnet-dutch">
         <wf lemma="zijn" pos="X">zijn</wf>
         <wf lemma="egoïstisch" pos="X">egoïstisch</wf>
         <wf lemma="gedrag" pos="X">gedrag</wf>
         <wf lemma="heeft" pos="X">heeft</wf>
         <wf lemma="zijn" pos="X">zijn</wf>
         <wf lemma="ouders" pos="X">ouders</wf>
         <wf lemma="zeer" pos="X">zeer</wf>
         <instance id="d000.s904.t000" lemma="bedroeven" pos="VERB">bedroefd</instance>
         <wf lemma="." pos="X">.</wf>
      </sentence>
      <sentence id="d000.s905" source="wordnet-dutch">
         <wf lemma="die" pos="X">die</wf>
         <wf lemma="dame" pos="X">dame</wf>
         <wf lemma="is" pos="X">is</wf>
         <wf lemma="van" pos="X">van</wf>
         <wf lemma="niet" pos="X">niet</wf>
         <wf lemma="geringe" pos="X">geringe</wf>
         <instance id="d000.s905.t000" lemma="omvang" pos="NOUN">omvang</instance>
         <wf lemma="." pos="X">.</wf>
      </sentence>
      <sentence id="d000.s906" source="wordnet-dutch">
         <wf lemma="zijn" pos="X">zijn</wf>
         <instance id="d000.s906.t000" lemma="bekwaamheid" pos="NOUN">bekwaamheid</instance>
         <wf lemma="in" pos="X">in</wf>
         <wf lemma="het" pos="X">het</wf>
         <wf lemma="lesgeven" pos="X">lesgeven</wf>
         <wf lemma="was" pos="X">was</wf>
         <wf lemma="opvallend" pos="X">opvallend</wf>
         <wf lemma="." pos="X">.</wf>
      </sentence>
      <sentence id="d000.s907" source="wordnet-dutch">
         <wf lemma="in" pos="X">in</wf>
         <wf lemma="het" pos="X">het</wf>
         <wf lemma="park" pos="X">park</wf>
         <wf lemma="kunnen" pos="X">kunnen</wf>
         <wf lemma="de" pos="X">de</wf>
         <wf lemma="honden" pos="X">honden</wf>
         <wf lemma="naar" pos="X">naar</wf>
         <wf lemma="hartelust" pos="X">hartelust</wf>
         <instance id="d000.s907.t000" lemma="ravotten" pos="VERB">ravotten</instance>
         <wf lemma="." pos="X">.</wf>
      </sentence>
      <sentence id="d000.s908" source="wordnet-dutch">
         <wf lemma="Charlie" pos="X">Charlie</wf>
         <wf lemma="Chaplin" pos="X">Chaplin</wf>
         <wf lemma="acteerde" pos="X">acteerde</wf>
         <wf lemma="niet" pos="X">niet</wf>
         <wf lemma="alleen" pos="X">alleen</wf>
         <wf lemma="maar" pos="X">maar</wf>
         <instance id="d000.s908.t000" lemma="regisseren" pos="VERB">regisseerde</instance>
         <wf lemma="zijn" pos="X">zijn</wf>
         <wf lemma="eigen" pos="X">eigen</wf>
         <wf lemma="films" pos="X">films</wf>
         <wf lemma="en" pos="X">en</wf>
         <wf lemma="componeerde" pos="X">componeerde</wf>
         <wf lemma="zelf" pos="X">zelf</wf>
         <wf lemma="de" pos="X">de</wf>
         <wf lemma="muziek" pos="X">muziek</wf>
         <wf lemma="." pos="X">.</wf>
      </sentence>
      <sentence id="d000.s909" source="wordnet-dutch">
         <wf lemma="zij" pos="X">zij</wf>
         <instance id="d000.s909.t000" lemma="komen" pos="VERB">kwam</instance>
         <wf lemma="erachter" pos="X">erachter</wf>
         <wf lemma="dat" pos="X">dat</wf>
         <wf lemma="hij" pos="X">hij</wf>
         <wf lemma="op" pos="X">op</wf>
         <wf lemma="zijn" pos="X">zijn</wf>
         <wf lemma="werk" pos="X">werk</wf>
         <wf lemma="te" pos="X">te</wf>
         <wf lemma="vet" pos="X">vet</wf>
         <wf lemma="at" pos="X">at</wf>
         <wf lemma="." pos="X">.</wf>
      </sentence>
      <sentence id="d000.s910" source="wordnet-dutch">
         <wf lemma="'de" pos="X">'de</wf>
         <wf lemma="regering" pos="X">regering</wf>
         <wf lemma="wijkt" pos="X">wijkt</wf>
         <wf lemma="niet" pos="X">niet</wf>
         <wf lemma="voor" pos="X">voor</wf>
         <instance id="d000.s910.t000" lemma="chantage" pos="NOUN">chantage</instance>
         <wf lemma="'" pos="X">'</wf>
         <wf lemma="," pos="X">,</wf>
         <wf lemma="aldus" pos="X">aldus</wf>
         <wf lemma="de" pos="X">de</wf>
         <wf lemma="minister" pos="X">minister</wf>
         <wf lemma="." pos="X">.</wf>
      </sentence>
      <sentence id="d000.s911" source="wordnet-dutch">
         <wf lemma="waar" pos="X">waar</wf>
         <wf lemma="doet" pos="X">doet</wf>
         <wf lemma="het" pos="X">het</wf>
         <instance id="d000.s911.t000" lemma="pijn" pos="NOUN">pijn</instance>
         <wf lemma="?" pos="X">?</wf>
      </sentence>
      <sentence id="d000.s912" source="wordnet-dutch">
         <wf lemma="niet" pos="X">niet</wf>
         <wf lemma="alle" pos="X">alle</wf>
         <instance id="d000.s912.t000" lemma="eis" pos="NOUN">eisen</instance>
         <wf lemma="werden" pos="X">werden</wf>
         <wf lemma="gehonoreerd" pos="X">gehonoreerd</wf>
         <wf lemma="." pos="X">.</wf>
      </sentence>
      <sentence id="d000.s913" source="wordnet-dutch">
         <wf lemma="De" pos="X">De</wf>
         <instance id="d000.s913.t000" lemma="standaard" pos="NOUN">standaard</instance>
         <wf lemma="met" pos="X">met</wf>
         <wf lemma="de" pos="X">de</wf>
         <wf lemma="vlag" pos="X">vlag</wf>
         <wf lemma="werd" pos="X">werd</wf>
         <wf lemma="gestreken" pos="X">gestreken</wf>
         <wf lemma="na" pos="X">na</wf>
         <wf lemma="de" pos="X">de</wf>
         <wf lemma="veldslag" pos="X">veldslag</wf>
         <wf lemma="." pos="X">.</wf>
      </sentence>
      <sentence id="d000.s914" source="wordnet-dutch">
         <wf lemma="na" pos="X">na</wf>
         <wf lemma="30" pos="X">30</wf>
         <wf lemma="kilometer" pos="X">kilometer</wf>
         <wf lemma="kreeg" pos="X">kreeg</wf>
         <wf lemma="de" pos="X">de</wf>
         <wf lemma="hardloper" pos="X">hardloper</wf>
         <wf lemma="een" pos="X">een</wf>
         <instance id="d000.s914.t000" lemma="inzinking" pos="NOUN">inzinking</instance>
         <wf lemma="." pos="X">.</wf>
      </sentence>
      <sentence id="d000.s915" source="wordnet-dutch">
         <wf lemma="er" pos="X">er</wf>
         <wf lemma="valt" pos="X">valt</wf>
         <wf lemma="nog" pos="X">nog</wf>
         <wf lemma="enige" pos="X">enige</wf>
         <instance id="d000.s915.t000" lemma="clementie" pos="NOUN">clementie</instance>
         <wf lemma="met" pos="X">met</wf>
         <wf lemma="gehuwde" pos="X">gehuwde</wf>
         <wf lemma="werknemers" pos="X">werknemers</wf>
         <wf lemma="te" pos="X">te</wf>
         <wf lemma="bespeuren" pos="X">bespeuren</wf>
         <wf lemma="." pos="X">.</wf>
      </sentence>
      <sentence id="d000.s916" source="wordnet-dutch">
         <wf lemma="dit" pos="X">dit</wf>
         <wf lemma="cadeau" pos="X">cadeau</wf>
         <wf lemma="is" pos="X">is</wf>
         <wf lemma="voor" pos="X">voor</wf>
         <wf lemma="je" pos="X">je</wf>
         <instance id="d000.s916.t000" lemma="uitzetten" pos="NOUN">uitzet</instance>
         <wf lemma="." pos="X">.</wf>
      </sentence>
      <sentence id="d000.s917" source="wordnet-dutch">
         <wf lemma="na" pos="X">na</wf>
         <wf lemma="allerlei" pos="X">allerlei</wf>
         <instance id="d000.s917.t000" lemma="omzwerving" pos="NOUN">omzwervingen</instance>
         <wf lemma="kwam" pos="X">kwam</wf>
         <wf lemma="het" pos="X">het</wf>
         <wf lemma="dossier" pos="X">dossier</wf>
         <wf lemma="toch" pos="X">toch</wf>
         <wf lemma="op" pos="X">op</wf>
         <wf lemma="het" pos="X">het</wf>
         <wf lemma="bureau" pos="X">bureau</wf>
         <wf lemma="van" pos="X">van</wf>
         <wf lemma="de" pos="X">de</wf>
         <wf lemma="minister" pos="X">minister</wf>
         <wf lemma="." pos="X">.</wf>
      </sentence>
      <sentence id="d000.s918" source="wordnet-dutch">
         <wf lemma="hij" pos="X">hij</wf>
         <wf lemma="kwam" pos="X">kwam</wf>
         <wf lemma="met" pos="X">met</wf>
         <wf lemma="de" pos="X">de</wf>
         <wf lemma="volgende" pos="X">volgende</wf>
         <wf lemma="punten" pos="X">punten</wf>
         <wf lemma="van" pos="X">van</wf>
         <instance id="d000.s918.t000" lemma="kritiek" pos="NOUN">kritiek</instance>
         <wf lemma="," pos="X">,</wf>
         <wf lemma="nl." pos="X">nl.</wf>
         <wf lemma=".." pos="X">..</wf>
      </sentence>
      <sentence id="d000.s919" source="wordnet-dutch">
         <wf lemma="Hij" pos="X">Hij</wf>
         <wf lemma="had" pos="X">had</wf>
         <wf lemma="een" pos="X">een</wf>
         <wf lemma="groene" pos="X">groene</wf>
         <instance id="d000.s919.t000" lemma="strop" pos="NOUN">strop</instance>
         <wf lemma="met" pos="X">met</wf>
         <wf lemma="witte" pos="X">witte</wf>
         <wf lemma="stippen" pos="X">stippen</wf>
         <wf lemma="aan" pos="X">aan</wf>
         <wf lemma="bij" pos="X">bij</wf>
         <wf lemma="een" pos="X">een</wf>
         <wf lemma="beige" pos="X">beige</wf>
         <wf lemma="pak" pos="X">pak</wf>
         <wf lemma="!" pos="X">!</wf>
      </sentence>
      <sentence id="d000.s920" source="wordnet-dutch">
         <wf lemma="een" pos="X">een</wf>
         <wf lemma="zwaar" pos="X">zwaar</wf>
         <wf lemma="knieletsel" pos="X">knieletsel</wf>
         <wf lemma="heeft" pos="X">heeft</wf>
         <wf lemma="hem" pos="X">hem</wf>
         <wf lemma="maanden" pos="X">maanden</wf>
         <wf lemma="lang" pos="X">lang</wf>
         <wf lemma="aan" pos="X">aan</wf>
         <wf lemma="een" pos="X">een</wf>
         <wf lemma="rolstoel" pos="X">rolstoel</wf>
         <instance id="d000.s920.t000" lemma="kluisteren" pos="VERB">gekluisterd</instance>
         <wf lemma="." pos="X">.</wf>
      </sentence>
      <sentence id="d000.s921" source="wordnet-dutch">
         <wf lemma="mocht" pos="X">mocht</wf>
         <wf lemma="je" pos="X">je</wf>
         <wf lemma="niet" pos="X">niet</wf>
         <wf lemma="meer" pos="X">meer</wf>
         <wf lemma="thuis" pos="X">thuis</wf>
         <wf lemma="geraken" pos="X">geraken</wf>
         <wf lemma="kan" pos="X">kan</wf>
         <wf lemma="je" pos="X">je</wf>
         <wf lemma="altijd" pos="X">altijd</wf>
         <wf lemma="nog" pos="X">nog</wf>
         <wf lemma="bij" pos="X">bij</wf>
         <wf lemma="mij" pos="X">mij</wf>
         <instance id="d000.s921.t000" lemma="overnachten" pos="VERB">overnachten</instance>
         <wf lemma="." pos="X">.</wf>
      </sentence>
      <sentence id="d000.s922" source="wordnet-dutch">
         <wf lemma="het" pos="X">het</wf>
         <wf lemma="bruine" pos="X">bruine</wf>
         <instance id="d000.s922.t000" lemma="sap" pos="NOUN">sap</instance>
         <wf lemma="is" pos="X">is</wf>
         <wf lemma="aan" pos="X">aan</wf>
         <wf lemma="geneeskundige" pos="X">geneeskundige</wf>
         <wf lemma="planten" pos="X">planten</wf>
         <wf lemma="onttrokken" pos="X">onttrokken</wf>
         <wf lemma="." pos="X">.</wf>
      </sentence>
      <sentence id="d000.s923" source="wordnet-dutch">
         <wf lemma="onze" pos="X">onze</wf>
         <wf lemma="waarnemers" pos="X">waarnemers</wf>
         <wf lemma="melden" pos="X">melden</wf>
         <wf lemma="weliswaar" pos="X">weliswaar</wf>
         <wf lemma="dat" pos="X">dat</wf>
         <wf lemma="de" pos="X">de</wf>
         <wf lemma="gevechten" pos="X">gevechten</wf>
         <wf lemma="enigszins" pos="X">enigszins</wf>
         <instance id="d000.s923.t000" lemma="luwen" pos="VERB">luwen</instance>
         <wf lemma="," pos="X">,</wf>
         <wf lemma="maar" pos="X">maar</wf>
         <wf lemma="van" pos="X">van</wf>
         <wf lemma="een" pos="X">een</wf>
         <wf lemma="wapenstilstand" pos="X">wapenstilstand</wf>
         <wf lemma="kan" pos="X">kan</wf>
         <wf lemma="geen" pos="X">geen</wf>
         <wf lemma="sprake" pos="X">sprake</wf>
         <wf lemma="zijn" pos="X">zijn</wf>
         <wf lemma="." pos="X">.</wf>
      </sentence>
      <sentence id="d000.s924" source="wordnet-dutch">
         <wf lemma="Om" pos="X">Om</wf>
         <wf lemma="een" pos="X">een</wf>
         <wf lemma="uniforme" pos="X">uniforme</wf>
         <instance id="d000.s924.t000" lemma="oplossing" pos="NOUN">oplossing</instance>
         <wf lemma="te" pos="X">te</wf>
         <wf lemma="bieden" pos="X">bieden</wf>
         <wf lemma="voor" pos="X">voor</wf>
         <wf lemma="omgevingen" pos="X">omgevingen</wf>
         <wf lemma="met" pos="X">met</wf>
         <wf lemma="explosiegevaar" pos="X">explosiegevaar</wf>
         <wf lemma="hebben" pos="X">hebben</wf>
         <wf lemma="alle" pos="X">alle</wf>
         <wf lemma="bedrijven" pos="X">bedrijven</wf>
         <wf lemma="te" pos="X">te</wf>
         <wf lemma="maken" pos="X">maken</wf>
         <wf lemma="met" pos="X">met</wf>
         <wf lemma="nieuwe" pos="X">nieuwe</wf>
         <wf lemma="richtlijnen" pos="X">richtlijnen</wf>
         <wf lemma="." pos="X">.</wf>
      </sentence>
      <sentence id="d000.s925" source="wordnet-dutch">
         <wf lemma="de" pos="X">de</wf>
         <wf lemma="economie" pos="X">economie</wf>
         <wf lemma="heeft" pos="X">heeft</wf>
         <wf lemma="vorig" pos="X">vorig</wf>
         <wf lemma="jaar" pos="X">jaar</wf>
         <wf lemma="een" pos="X">een</wf>
         <wf lemma="gunstige" pos="X">gunstige</wf>
         <instance id="d000.s925.t000" lemma="wending" pos="NOUN">wending</instance>
         <wf lemma="genomen" pos="X">genomen</wf>
         <wf lemma="." pos="X">.</wf>
      </sentence>
      <sentence id="d000.s926" source="wordnet-dutch">
         <wf lemma="jouw" pos="X">jouw</wf>
         <wf lemma="gedrag" pos="X">gedrag</wf>
         <wf lemma="strekt" pos="X">strekt</wf>
         <wf lemma="je" pos="X">je</wf>
         <wf lemma="hele" pos="X">hele</wf>
         <wf lemma="familie" pos="X">familie</wf>
         <wf lemma="tot" pos="X">tot</wf>
         <instance id="d000.s926.t000" lemma="schande" pos="NOUN">schande</instance>
         <wf lemma="." pos="X">.</wf>
      </sentence>
      <sentence id="d000.s927" source="wordnet-dutch">
         <wf lemma="zie" pos="X">zie</wf>
         <wf lemma="hoofdstuk" pos="X">hoofdstuk</wf>
         <wf lemma="8" pos="X">8</wf>
         <wf lemma="," pos="X">,</wf>
         <instance id="d000.s927.t000" lemma="paragraaf" pos="NOUN">paragraaf</instance>
         <wf lemma="4.2" pos="X">4.2</wf>
         <wf lemma="." pos="X">.</wf>
      </sentence>
      <sentence id="d000.s928" source="wordnet-dutch">
         <wf lemma="totaal" pos="X">totaal</wf>
         <instance id="d000.s928.t000" lemma="biologeren" pos="VERB">gebiologeerd</instance>
         <wf lemma="kijken" pos="X">kijken</wf>
         <wf lemma="de" pos="X">de</wf>
         <wf lemma="kinderen" pos="X">kinderen</wf>
         <wf lemma="naar" pos="X">naar</wf>
         <wf lemma="de" pos="X">de</wf>
         <wf lemma="video" pos="X">video</wf>
         <wf lemma="." pos="X">.</wf>
      </sentence>
      <sentence id="d000.s929" source="wordnet-dutch">
         <wf lemma="als" pos="X">als</wf>
         <wf lemma="geboren" pos="X">geboren</wf>
         <wf lemma="Amsterdamse" pos="X">Amsterdamse</wf>
         <wf lemma="ben" pos="X">ben</wf>
         <wf lemma="ik" pos="X">ik</wf>
         <wf lemma="altijd" pos="X">altijd</wf>
         <wf lemma="al" pos="X">al</wf>
         <wf lemma="een" pos="X">een</wf>
         <wf lemma="echt" pos="X">echt</wf>
         <instance id="d000.s929.t000" lemma="stadsmens" pos="NOUN">stadsmens</instance>
         <wf lemma="geweest" pos="X">geweest</wf>
         <wf lemma="." pos="X">.</wf>
      </sentence>
      <sentence id="d000.s930" source="wordnet-dutch">
         <wf lemma="de" pos="X">de</wf>
         <wf lemma="keeper" pos="X">keeper</wf>
         <instance id="d000.s930.t000" lemma="stoppen" pos="VERB">stopte</instance>
         <wf lemma="de" pos="X">de</wf>
         <wf lemma="bal" pos="X">bal</wf>
         <wf lemma="bij" pos="X">bij</wf>
         <wf lemma="de" pos="X">de</wf>
         <wf lemma="strafschop" pos="X">strafschop</wf>
         <wf lemma="." pos="X">.</wf>
      </sentence>
      <sentence id="d000.s931" source="wordnet-dutch">
         <wf lemma="drie" pos="X">drie</wf>
         <wf lemma="stellen" pos="X">stellen</wf>
         <instance id="d000.s931.t000" lemma="zwieren" pos="VERB">zwierden</instance>
         <wf lemma="professioneel" pos="X">professioneel</wf>
         <wf lemma="over" pos="X">over</wf>
         <wf lemma="de" pos="X">de</wf>
         <wf lemma="dansvloer" pos="X">dansvloer</wf>
         <wf lemma="." pos="X">.</wf>
      </sentence>
      <sentence id="d000.s932" source="wordnet-dutch">
         <wf lemma="Martin" pos="X">Martin</wf>
         <wf lemma="Luther" pos="X">Luther</wf>
         <wf lemma="King" pos="X">King</wf>
         <wf lemma="had" pos="X">had</wf>
         <wf lemma="een" pos="X">een</wf>
         <instance id="d000.s932.t000" lemma="visioen" pos="NOUN">visioen</instance>
         <wf lemma="." pos="X">.</wf>
      </sentence>
      <sentence id="d000.s933" source="wordnet-dutch">
         <wf lemma="help" pos="X">help</wf>
         <wf lemma="je" pos="X">je</wf>
         <wf lemma="me" pos="X">me</wf>
         <wf lemma="even" pos="X">even</wf>
         <wf lemma="die" pos="X">die</wf>
         <wf lemma="kast" pos="X">kast</wf>
         <wf lemma="te" pos="X">te</wf>
         <instance id="d000.s933.t000" lemma="verzetten" pos="VERB">verzetten</instance>
         <wf lemma="?" pos="X">?</wf>
      </sentence>
      <sentence id="d000.s934" source="wordnet-dutch">
         <wf lemma="Rijkaard" pos="X">Rijkaard</wf>
         <wf lemma="komt" pos="X">komt</wf>
         <wf lemma="hier" pos="X">hier</wf>
         <wf lemma="uit" pos="X">uit</wf>
         <wf lemma="de" pos="X">de</wf>
         <instance id="d000.s934.t000" lemma="buurt" pos="NOUN">buurt</instance>
         <wf lemma="." pos="X">.</wf>
      </sentence>
      <sentence id="d000.s935" source="wordnet-dutch">
         <instance id="d000.s935.t000" lemma="aanvaarding" pos="NOUN">aanvaarding</instance>
         <wf lemma="van" pos="X">van</wf>
         <wf lemma="deze" pos="X">deze</wf>
         <wf lemma="motie" pos="X">motie</wf>
         <wf lemma="zal" pos="X">zal</wf>
         <wf lemma="de" pos="X">de</wf>
         <wf lemma="val" pos="X">val</wf>
         <wf lemma="van" pos="X">van</wf>
         <wf lemma="het" pos="X">het</wf>
         <wf lemma="kabinet" pos="X">kabinet</wf>
         <wf lemma="tot" pos="X">tot</wf>
         <wf lemma="gevolg" pos="X">gevolg</wf>
         <wf lemma="hebben" pos="X">hebben</wf>
         <wf lemma="." pos="X">.</wf>
      </sentence>
      <sentence id="d000.s936" source="wordnet-dutch">
         <wf lemma="het" pos="X">het</wf>
         <wf lemma="bedrijf" pos="X">bedrijf</wf>
         <wf lemma="zou" pos="X">zou</wf>
         <wf lemma="zo" pos="X">zo</wf>
         <wf lemma="langzamerhand" pos="X">langzamerhand</wf>
         <wf lemma="wat" pos="X">wat</wf>
         <wf lemma="nieuwe" pos="X">nieuwe</wf>
         <wf lemma="orders" pos="X">orders</wf>
         <wf lemma="moeten" pos="X">moeten</wf>
         <instance id="d000.s936.t000" lemma="loskrijgen" pos="VERB">loskrijgen</instance>
         <wf lemma="." pos="X">.</wf>
      </sentence>
      <sentence id="d000.s937" source="wordnet-dutch">
         <wf lemma="de" pos="X">de</wf>
         <wf lemma="kinderen" pos="X">kinderen</wf>
         <wf lemma="hebben" pos="X">hebben</wf>
         <wf lemma="zich" pos="X">zich</wf>
         <wf lemma="niet" pos="X">niet</wf>
         <wf lemma="alleen" pos="X">alleen</wf>
         <wf lemma="goed" pos="X">goed</wf>
         <wf lemma="geamuseerd" pos="X">geamuseerd</wf>
         <wf lemma="," pos="X">,</wf>
         <wf lemma="ze" pos="X">ze</wf>
         <wf lemma="hebben" pos="X">hebben</wf>
         <wf lemma="ook" pos="X">ook</wf>
         <wf lemma="veel" pos="X">veel</wf>
         <wf lemma="van" pos="X">van</wf>
         <wf lemma="deze" pos="X">deze</wf>
         <wf lemma="activiteit" pos="X">activiteit</wf>
         <instance id="d000.s937.t000" lemma="opsteken" pos="VERB">opgestoken</instance>
         <wf lemma="." pos="X">.</wf>
      </sentence>
      <sentence id="d000.s938" source="wordnet-dutch">
         <wf lemma="hij" pos="X">hij</wf>
         <wf lemma="werd" pos="X">werd</wf>
         <instance id="d000.s938.t000" lemma="afvaardigen" pos="VERB">afgevaardigd</instance>
         <wf lemma="naar" pos="X">naar</wf>
         <wf lemma="het" pos="X">het</wf>
         <wf lemma="congres" pos="X">congres</wf>
         <wf lemma="." pos="X">.</wf>
      </sentence>
      <sentence id="d000.s939" source="wordnet-dutch">
         <wf lemma="de" pos="X">de</wf>
         <wf lemma="gedetineerde" pos="X">gedetineerde</wf>
         <wf lemma="werd" pos="X">werd</wf>
         <wf lemma="in" pos="X">in</wf>
         <instance id="d000.s939.t000" lemma="vrijheid" pos="NOUN">vrijheid</instance>
         <wf lemma="gesteld" pos="X">gesteld</wf>
         <wf lemma="." pos="X">.</wf>
      </sentence>
      <sentence id="d000.s940" source="wordnet-dutch">
         <wf lemma="als" pos="X">als</wf>
         <wf lemma="je" pos="X">je</wf>
         <wf lemma="binnenkomt" pos="X">binnenkomt</wf>
         <wf lemma="moet" pos="X">moet</wf>
         <wf lemma="je" pos="X">je</wf>
         <wf lemma="je" pos="X">je</wf>
         <instance id="d000.s940.t000" lemma="voet" pos="NOUN">voeten</instance>
         <wf lemma="vegen" pos="X">vegen</wf>
         <wf lemma="." pos="X">.</wf>
      </sentence>
      <sentence id="d000.s941" source="wordnet-dutch">
         <wf lemma="het" pos="X">het</wf>
         <wf lemma="wasgoed" pos="X">wasgoed</wf>
         <wf lemma="hangt" pos="X">hangt</wf>
         <wf lemma="met" pos="X">met</wf>
         <instance id="d000.s941.t000" lemma="knijper" pos="NOUN">knijpers</instance>
         <wf lemma="aan" pos="X">aan</wf>
         <wf lemma="de" pos="X">de</wf>
         <wf lemma="lijn" pos="X">lijn</wf>
         <wf lemma="." pos="X">.</wf>
      </sentence>
      <sentence id="d000.s942" source="wordnet-dutch">
         <wf lemma="de" pos="X">de</wf>
         <wf lemma="prijzen" pos="X">prijzen</wf>
         <wf lemma="gaan" pos="X">gaan</wf>
         <wf lemma="met" pos="X">met</wf>
         <instance id="d000.s942.t000" lemma="sprong" pos="NOUN">sprongen</instance>
         <wf lemma="omhoog" pos="X">omhoog</wf>
         <wf lemma="." pos="X">.</wf>
      </sentence>
      <sentence id="d000.s943" source="wordnet-dutch">
         <wf lemma="na" pos="X">na</wf>
         <wf lemma="het" pos="X">het</wf>
         <wf lemma="gymnasium" pos="X">gymnasium</wf>
         <wf lemma="zal" pos="X">zal</wf>
         <wf lemma="je" pos="X">je</wf>
         <wf lemma="de" pos="X">de</wf>
         <instance id="d000.s943.t000" lemma="klassiek" pos="NOUN">klassieken</instance>
         <wf lemma="wel" pos="X">wel</wf>
         <wf lemma="zo'n" pos="X">zo'n</wf>
         <wf lemma="beetje" pos="X">beetje</wf>
         <wf lemma="kennen" pos="X">kennen</wf>
         <wf lemma="." pos="X">.</wf>
      </sentence>
      <sentence id="d000.s944" source="wordnet-dutch">
         <wf lemma="met" pos="X">met</wf>
         <wf lemma="al" pos="X">al</wf>
         <wf lemma="die" pos="X">die</wf>
         <wf lemma="sigaretten" pos="X">sigaretten</wf>
         <wf lemma="en" pos="X">en</wf>
         <wf lemma="alcohol" pos="X">alcohol</wf>
         <wf lemma="heeft" pos="X">heeft</wf>
         <wf lemma="hij" pos="X">hij</wf>
         <wf lemma="bewust" pos="X">bewust</wf>
         <wf lemma="zijn" pos="X">zijn</wf>
         <instance id="d000.s944.t000" lemma="gezondheid" pos="NOUN">gezondheid</instance>
         <wf lemma="verwoest" pos="X">verwoest</wf>
         <wf lemma="." pos="X">.</wf>
      </sentence>
      <sentence id="d000.s945" source="wordnet-dutch">
         <wf lemma="hij" pos="X">hij</wf>
         <wf lemma="heeft" pos="X">heeft</wf>
         <wf lemma="daar" pos="X">daar</wf>
         <wf lemma="geen" pos="X">geen</wf>
         <instance id="d000.s945.t000" lemma="vertier" pos="NOUN">vertier</instance>
         <wf lemma="." pos="X">.</wf>
      </sentence>
      <sentence id="d000.s946" source="wordnet-dutch">
         <wf lemma="de" pos="X">de</wf>
         <wf lemma="jongen" pos="X">jongen</wf>
         <wf lemma="zet" pos="X">zet</wf>
         <wf lemma="zijn" pos="X">zijn</wf>
         <instance id="d000.s946.t000" lemma="capuchon" pos="NOUN">capuchon</instance>
         <wf lemma="op" pos="X">op</wf>
         <wf lemma="." pos="X">.</wf>
      </sentence>
      <sentence id="d000.s947" source="wordnet-dutch">
         <wf lemma="doe" pos="X">doe</wf>
         <wf lemma="die" pos="X">die</wf>
         <wf lemma="koffer" pos="X">koffer</wf>
         <wf lemma="maar" pos="X">maar</wf>
         <wf lemma="in" pos="X">in</wf>
         <wf lemma="de" pos="X">de</wf>
         <instance id="d000.s947.t000" lemma="achterbak" pos="NOUN">achterbak</instance>
         <wf lemma="." pos="X">.</wf>
      </sentence>
      <sentence id="d000.s948" source="wordnet-dutch">
         <wf lemma="hebt" pos="X">hebt</wf>
         <wf lemma="u" pos="X">u</wf>
         <wf lemma="ook" pos="X">ook</wf>
         <wf lemma="genoeg" pos="X">genoeg</wf>
         <wf lemma="van" pos="X">van</wf>
         <wf lemma="die" pos="X">die</wf>
         <wf lemma="rijst" pos="X">rijst</wf>
         <wf lemma="die" pos="X">die</wf>
         <wf lemma="altijd" pos="X">altijd</wf>
         <wf lemma="maar" pos="X">maar</wf>
         <wf lemma="aan" pos="X">aan</wf>
         <wf lemma="elkaar" pos="X">elkaar</wf>
         <instance id="d000.s948.t000" lemma="klitten" pos="VERB">klit</instance>
         <wf lemma="?" pos="X">?</wf>
      </sentence>
      <sentence id="d000.s949" source="wordnet-dutch">
         <wf lemma="de" pos="X">de</wf>
         <wf lemma="laatste" pos="X">laatste</wf>
         <wf lemma="noot" pos="X">noot</wf>
         <wf lemma="van" pos="X">van</wf>
         <wf lemma="dat" pos="X">dat</wf>
         <wf lemma="stuk" pos="X">stuk</wf>
         <wf lemma="moet" pos="X">moet</wf>
         <wf lemma="je" pos="X">je</wf>
         <wf lemma="laten" pos="X">laten</wf>
         <instance id="d000.s949.t000" lemma="uitsterven" pos="VERB">uitsterven</instance>
         <wf lemma="." pos="X">.</wf>
      </sentence>
      <sentence id="d000.s950" source="wordnet-dutch">
         <wf lemma="wat" pos="X">wat</wf>
         <wf lemma="kan" pos="X">kan</wf>
         <wf lemma="mij" pos="X">mij</wf>
         <wf lemma="het" pos="X">het</wf>
         <wf lemma="gevaar" pos="X">gevaar</wf>
         <wf lemma="schelen" pos="X">schelen</wf>
         <wf lemma="," pos="X">,</wf>
         <wf lemma="ik" pos="X">ik</wf>
         <instance id="d000.s950.t000" lemma="wagen" pos="VERB">waag</instance>
         <wf lemma="het" pos="X">het</wf>
         <wf lemma="erop" pos="X">erop</wf>
         <wf lemma="!" pos="X">!</wf>
      </sentence>
      <sentence id="d000.s951" source="wordnet-dutch">
         <wf lemma="de" pos="X">de</wf>
         <wf lemma="kandidaten" pos="X">kandidaten</wf>
         <wf lemma="moesten" pos="X">moesten</wf>
         <instance id="d000.s951.t000" lemma="raden" pos="VERB">raden</instance>
         <wf lemma="hoeveel" pos="X">hoeveel</wf>
         <wf lemma="dit" pos="X">dit</wf>
         <wf lemma="apparaat" pos="X">apparaat</wf>
         <wf lemma="kost" pos="X">kost</wf>
         <wf lemma="." pos="X">.</wf>
      </sentence>
      <sentence id="d000.s952" source="wordnet-dutch">
         <wf lemma="ze" pos="X">ze</wf>
         <instance id="d000.s952.t000" lemma="wantrouwen" pos="VERB">wantrouwen</instance>
         <wf lemma="de" pos="X">de</wf>
         <wf lemma="manier" pos="X">manier</wf>
         <wf lemma="waarop" pos="X">waarop</wf>
         <wf lemma="het" pos="X">het</wf>
         <wf lemma="onderzoek" pos="X">onderzoek</wf>
         <wf lemma="is" pos="X">is</wf>
         <wf lemma="gevoerd" pos="X">gevoerd</wf>
         <wf lemma="." pos="X">.</wf>
      </sentence>
      <sentence id="d000.s953" source="wordnet-dutch">
         <wf lemma="Canada" pos="X">Canada</wf>
         <wf lemma="is" pos="X">is</wf>
         <wf lemma="zijn" pos="X">zijn</wf>
         <wf lemma="nieuwe" pos="X">nieuwe</wf>
         <instance id="d000.s953.t000" lemma="vaderland" pos="NOUN">vaderland</instance>
         <wf lemma="." pos="X">.</wf>
      </sentence>
      <sentence id="d000.s954" source="wordnet-dutch">
         <wf lemma="de" pos="X">de</wf>
         <wf lemma="schaatser" pos="X">schaatser</wf>
         <instance id="d000.s954.t000" lemma="krommen" pos="VERB">kromde</instance>
         <wf lemma="zich" pos="X">zich</wf>
         <wf lemma="tegen" pos="X">tegen</wf>
         <wf lemma="de" pos="X">de</wf>
         <wf lemma="wind" pos="X">wind</wf>
         <wf lemma="." pos="X">.</wf>
      </sentence>
      <sentence id="d000.s955" source="wordnet-dutch">
         <wf lemma="kan" pos="X">kan</wf>
         <wf lemma="je" pos="X">je</wf>
         <instance id="d000.s955.t000" lemma="teruggeven" pos="VERB">teruggeven</instance>
         <wf lemma="van" pos="X">van</wf>
         <wf lemma="100" pos="X">100</wf>
         <wf lemma="gulden" pos="X">gulden</wf>
         <wf lemma="?" pos="X">?</wf>
      </sentence>
      <sentence id="d000.s956" source="wordnet-dutch">
         <wf lemma="Ik" pos="X">Ik</wf>
         <wf lemma="ben" pos="X">ben</wf>
         <wf lemma="je" pos="X">je</wf>
         <instance id="d000.s956.t000" lemma="slaaf" pos="NOUN">slaaf</instance>
         <wf lemma="niet" pos="X">niet</wf>
         <wf lemma="!" pos="X">!</wf>
      </sentence>
      <sentence id="d000.s957" source="wordnet-dutch">
         <wf lemma="Het" pos="X">Het</wf>
         <wf lemma="lichaam" pos="X">lichaam</wf>
         <wf lemma="is" pos="X">is</wf>
         <wf lemma="een" pos="X">een</wf>
         <instance id="d000.s957.t000" lemma="vat" pos="NOUN">vat</instance>
         <wf lemma="vol" pos="X">vol</wf>
         <wf lemma="energie" pos="X">energie</wf>
         <wf lemma="." pos="X">.</wf>
      </sentence>
      <sentence id="d000.s958" source="wordnet-dutch">
         <wf lemma="ik" pos="X">ik</wf>
         <wf lemma="zag" pos="X">zag</wf>
         <wf lemma="het" pos="X">het</wf>
         <wf lemma="door" pos="X">door</wf>
         <wf lemma="de" pos="X">de</wf>
         <instance id="d000.s958.t000" lemma="reet" pos="NOUN">reet</instance>
         <wf lemma="van" pos="X">van</wf>
         <wf lemma="de" pos="X">de</wf>
         <wf lemma="deur" pos="X">deur</wf>
         <wf lemma="." pos="X">.</wf>
      </sentence>
      <sentence id="d000.s959" source="wordnet-dutch">
         <wf lemma="hij" pos="X">hij</wf>
         <instance id="d000.s959.t000" lemma="gluren" pos="VERB">gluurde</instance>
         <wf lemma="door" pos="X">door</wf>
         <wf lemma="het" pos="X">het</wf>
         <wf lemma="sleutelgat" pos="X">sleutelgat</wf>
         <wf lemma="naar" pos="X">naar</wf>
         <wf lemma="de" pos="X">de</wf>
         <wf lemma="meisjes" pos="X">meisjes</wf>
         <wf lemma="in" pos="X">in</wf>
         <wf lemma="de" pos="X">de</wf>
         <wf lemma="kleedkamer" pos="X">kleedkamer</wf>
         <wf lemma="." pos="X">.</wf>
      </sentence>
      <sentence id="d000.s960" source="wordnet-dutch">
         <wf lemma="zij" pos="X">zij</wf>
         <wf lemma="zaten" pos="X">zaten</wf>
         <wf lemma="genoeglijk" pos="X">genoeglijk</wf>
         <wf lemma="onder" pos="X">onder</wf>
         <wf lemma="een" pos="X">een</wf>
         <instance id="d000.s960.t000" lemma="parasol" pos="NOUN">parasol</instance>
         <wf lemma="te" pos="X">te</wf>
         <wf lemma="eten" pos="X">eten</wf>
         <wf lemma="." pos="X">.</wf>
      </sentence>
      <sentence id="d000.s961" source="wordnet-dutch">
         <wf lemma="binnen" pos="X">binnen</wf>
         <wf lemma="dit" pos="X">dit</wf>
         <instance id="d000.s961.t000" lemma="bestek" pos="NOUN">bestek</instance>
         <wf lemma="zou" pos="X">zou</wf>
         <wf lemma="ik" pos="X">ik</wf>
         <wf lemma="zeker" pos="X">zeker</wf>
         <wf lemma="nu" pos="X">nu</wf>
         <wf lemma="al" pos="X">al</wf>
         <wf lemma="uitvoeriger" pos="X">uitvoeriger</wf>
         <wf lemma="zijn" pos="X">zijn</wf>
         <wf lemma="." pos="X">.</wf>
      </sentence>
      <sentence id="d000.s962" source="wordnet-dutch">
         <wf lemma="de" pos="X">de</wf>
         <wf lemma="goede" pos="X">goede</wf>
         <wf lemma="resultaten" pos="X">resultaten</wf>
         <wf lemma="van" pos="X">van</wf>
         <wf lemma="het" pos="X">het</wf>
         <wf lemma="onderzoek" pos="X">onderzoek</wf>
         <instance id="d000.s962.t000" lemma="rechtvaardigen" pos="VERB">rechtvaardigen</instance>
         <wf lemma="de" pos="X">de</wf>
         <wf lemma="hoge" pos="X">hoge</wf>
         <wf lemma="kosten" pos="X">kosten</wf>
         <wf lemma="." pos="X">.</wf>
      </sentence>
      <sentence id="d000.s963" source="wordnet-dutch">
         <wf lemma="je" pos="X">je</wf>
         <wf lemma="moet" pos="X">moet</wf>
         <wf lemma="je" pos="X">je</wf>
         <wf lemma="kinderen" pos="X">kinderen</wf>
         <wf lemma="in" pos="X">in</wf>
         <wf lemma="het" pos="X">het</wf>
         <wf lemma="gemeentehuis" pos="X">gemeentehuis</wf>
         <wf lemma="laten" pos="X">laten</wf>
         <instance id="d000.s963.t000" lemma="registreren" pos="VERB">registreren</instance>
         <wf lemma="." pos="X">.</wf>
      </sentence>
      <sentence id="d000.s964" source="wordnet-dutch">
         <wf lemma="door" pos="X">door</wf>
         <wf lemma="de" pos="X">de</wf>
         <wf lemma="aanleg" pos="X">aanleg</wf>
         <wf lemma="van" pos="X">van</wf>
         <wf lemma="een" pos="X">een</wf>
         <wf lemma="nieuwe" pos="X">nieuwe</wf>
         <wf lemma="verbindingsweg" pos="X">verbindingsweg</wf>
         <wf lemma="aan" pos="X">aan</wf>
         <wf lemma="het" pos="X">het</wf>
         <wf lemma="industrieterrein" pos="X">industrieterrein</wf>
         <wf lemma="hoopt" pos="X">hoopt</wf>
         <wf lemma="men" pos="X">men</wf>
         <wf lemma="deze" pos="X">deze</wf>
         <wf lemma="weg" pos="X">weg</wf>
         <wf lemma="te" pos="X">te</wf>
         <instance id="d000.s964.t000" lemma="ontlasten" pos="VERB">ontlasten</instance>
         <wf lemma="van" pos="X">van</wf>
         <wf lemma="zwaar" pos="X">zwaar</wf>
         <wf lemma="verkeer" pos="X">verkeer</wf>
         <wf lemma="." pos="X">.</wf>
      </sentence>
      <sentence id="d000.s965" source="wordnet-dutch">
         <wf lemma="bij" pos="X">bij</wf>
         <instance id="d000.s965.t000" lemma="navraag" pos="NOUN">navraag</instance>
         <wf lemma="bleek" pos="X">bleek</wf>
         <wf lemma="[" pos="X">[</wf>
         <wf lemma="dat" pos="X">dat</wf>
         <wf lemma="de" pos="X">de</wf>
         <wf lemma="verdachte" pos="X">verdachte</wf>
         <wf lemma="om" pos="X">om</wf>
         <wf lemma="half" pos="X">half</wf>
         <wf lemma="acht" pos="X">acht</wf>
         <wf lemma="nog" pos="X">nog</wf>
         <wf lemma="niet" pos="X">niet</wf>
         <wf lemma="thuis" pos="X">thuis</wf>
         <wf lemma="was" pos="X">was</wf>
         <wf lemma="]" pos="X">]</wf>
         <wf lemma="." pos="X">.</wf>
      </sentence>
      <sentence id="d000.s966" source="wordnet-dutch">
         <wf lemma="KV" pos="X">KV</wf>
         <wf lemma="622" pos="X">622</wf>
         <wf lemma="is" pos="X">is</wf>
         <wf lemma="een" pos="X">een</wf>
         <wf lemma="concert" pos="X">concert</wf>
         <wf lemma="voor" pos="X">voor</wf>
         <instance id="d000.s966.t000" lemma="klarinet" pos="NOUN">klarinet</instance>
         <wf lemma="en" pos="X">en</wf>
         <wf lemma="orkest" pos="X">orkest</wf>
         <wf lemma="." pos="X">.</wf>
      </sentence>
      <sentence id="d000.s967" source="wordnet-dutch">
         <wf lemma="als" pos="X">als</wf>
         <wf lemma="het" pos="X">het</wf>
         <wf lemma="regent" pos="X">regent</wf>
         <wf lemma="heeft" pos="X">heeft</wf>
         <wf lemma="Anne" pos="X">Anne</wf>
         <wf lemma="haar" pos="X">haar</wf>
         <instance id="d000.s967.t000" lemma="capuchon" pos="NOUN">capuchon</instance>
         <wf lemma="op" pos="X">op</wf>
         <wf lemma="." pos="X">.</wf>
      </sentence>
      <sentence id="d000.s968" source="wordnet-dutch">
         <wf lemma="in" pos="X">in</wf>
         <wf lemma="de" pos="X">de</wf>
         <wf lemma="jaren" pos="X">jaren</wf>
         <wf lemma="zeventig" pos="X">zeventig</wf>
         <wf lemma="waren" pos="X">waren</wf>
         <wf lemma="wijde" pos="X">wijde</wf>
         <instance id="d000.s968.t000" lemma="broekspijp" pos="NOUN">broekspijpen</instance>
         <wf lemma="in" pos="X">in</wf>
         <wf lemma="de" pos="X">de</wf>
         <wf lemma="mode" pos="X">mode</wf>
         <wf lemma="." pos="X">.</wf>
      </sentence>
      <sentence id="d000.s969" source="wordnet-dutch">
         <wf lemma="de" pos="X">de</wf>
         <wf lemma="komende" pos="X">komende</wf>
         <wf lemma="dagen" pos="X">dagen</wf>
         <wf lemma="gaat" pos="X">gaat</wf>
         <wf lemma="het" pos="X">het</wf>
         <wf lemma="weer" pos="X">weer</wf>
         <wf lemma="zich" pos="X">zich</wf>
         <instance id="d000.s969.t000" lemma="wijzigen" pos="VERB">wijzigen</instance>
         <wf lemma="." pos="X">.</wf>
      </sentence>
      <sentence id="d000.s970" source="wordnet-dutch">
         <wf lemma="De" pos="X">De</wf>
         <instance id="d000.s970.t000" lemma="voorstelling" pos="NOUN">voorstelling</instance>
         <wf lemma="van" pos="X">van</wf>
         <wf lemma="zaken" pos="X">zaken</wf>
         <wf lemma="die" pos="X">die</wf>
         <wf lemma="jij" pos="X">jij</wf>
         <wf lemma="geeft" pos="X">geeft</wf>
         <wf lemma="klopt" pos="X">klopt</wf>
         <wf lemma="niet" pos="X">niet</wf>
         <wf lemma="met" pos="X">met</wf>
         <wf lemma="mijn" pos="X">mijn</wf>
         <wf lemma="perceptie" pos="X">perceptie</wf>
         <wf lemma="." pos="X">.</wf>
      </sentence>
      <sentence id="d000.s971" source="wordnet-dutch">
         <wf lemma="de" pos="X">de</wf>
         <wf lemma="buurt" pos="X">buurt</wf>
         <wf lemma="is" pos="X">is</wf>
         <wf lemma="inmiddels" pos="X">inmiddels</wf>
         <wf lemma="drastisch" pos="X">drastisch</wf>
         <instance id="d000.s971.t000" lemma="vergrijzen" pos="VERB">vergrijsd</instance>
         <wf lemma="." pos="X">.</wf>
      </sentence>
      <sentence id="d000.s972" source="wordnet-dutch">
         <wf lemma="Het" pos="X">Het</wf>
         <instance id="d000.s972.t000" lemma="vel" pos="NOUN">vel</instance>
         <wf lemma="van" pos="X">van</wf>
         <wf lemma="de" pos="X">de</wf>
         <wf lemma="gestroopte" pos="X">gestroopte</wf>
         <wf lemma="diren" pos="X">diren</wf>
         <wf lemma="levert" pos="X">levert</wf>
         <wf lemma="veel" pos="X">veel</wf>
         <wf lemma="op" pos="X">op</wf>
         <wf lemma="." pos="X">.</wf>
      </sentence>
      <sentence id="d000.s973" source="wordnet-dutch">
         <wf lemma="de" pos="X">de</wf>
         <wf lemma="groeiende" pos="X">groeiende</wf>
         <instance id="d000.s973.t000" lemma="verwijdering" pos="NOUN">verwijdering</instance>
         <wf lemma="tussen" pos="X">tussen</wf>
         <wf lemma="mens" pos="X">mens</wf>
         <wf lemma="en" pos="X">en</wf>
         <wf lemma="natuur" pos="X">natuur</wf>
         <wf lemma="baart" pos="X">baart</wf>
         <wf lemma="velen" pos="X">velen</wf>
         <wf lemma="zorgen" pos="X">zorgen</wf>
         <wf lemma="." pos="X">.</wf>
      </sentence>
      <sentence id="d000.s974" source="wordnet-dutch">
         <wf lemma="ik" pos="X">ik</wf>
         <wf lemma="moet" pos="X">moet</wf>
         <wf lemma="vanavond" pos="X">vanavond</wf>
         <wf lemma="op" pos="X">op</wf>
         <wf lemma="de" pos="X">de</wf>
         <wf lemma="kinderen" pos="X">kinderen</wf>
         <wf lemma="passen" pos="X">passen</wf>
         <wf lemma="," pos="X">,</wf>
         <wf lemma="ik" pos="X">ik</wf>
         <wf lemma="heb" pos="X">heb</wf>
         <wf lemma="dus" pos="X">dus</wf>
         <instance id="d000.s974.t000" lemma="huisarrest" pos="NOUN">huisarrest</instance>
         <wf lemma="." pos="X">.</wf>
      </sentence>
      <sentence id="d000.s975" source="wordnet-dutch">
         <wf lemma="ze" pos="X">ze</wf>
         <wf lemma="kregen" pos="X">kregen</wf>
         <wf lemma="een" pos="X">een</wf>
         <wf lemma="vaantje" pos="X">vaantje</wf>
         <wf lemma="als" pos="X">als</wf>
         <instance id="d000.s975.t000" lemma="aandenken" pos="NOUN">aandenken</instance>
         <wf lemma="." pos="X">.</wf>
      </sentence>
      <sentence id="d000.s976" source="wordnet-dutch">
         <instance id="d000.s976.t000" lemma="trekken" pos="VERB">trek</instance>
         <wf lemma="maar" pos="X">maar</wf>
         <wf lemma="aan" pos="X">aan</wf>
         <wf lemma="het" pos="X">het</wf>
         <wf lemma="touwtje" pos="X">touwtje</wf>
         <wf lemma="," pos="X">,</wf>
         <wf lemma="en" pos="X">en</wf>
         <wf lemma="de" pos="X">de</wf>
         <wf lemma="lucht" pos="X">lucht</wf>
         <wf lemma="wordt" pos="X">wordt</wf>
         <wf lemma="fris" pos="X">fris</wf>
         <wf lemma="." pos="X">.</wf>
      </sentence>
      <sentence id="d000.s977" source="wordnet-dutch">
         <wf lemma="op" pos="X">op</wf>
         <wf lemma="vrije" pos="X">vrije</wf>
         <wf lemma="dagen" pos="X">dagen</wf>
         <instance id="d000.s977.t000" lemma="trekken" pos="VERB">trekt</instance>
         <wf lemma="hij" pos="X">hij</wf>
         <wf lemma="er" pos="X">er</wf>
         <wf lemma="op" pos="X">op</wf>
         <wf lemma="zijn" pos="X">zijn</wf>
         <wf lemma="fiets" pos="X">fiets</wf>
         <wf lemma="veel" pos="X">veel</wf>
         <wf lemma="op" pos="X">op</wf>
         <wf lemma="uit" pos="X">uit</wf>
         <wf lemma="." pos="X">.</wf>
      </sentence>
      <sentence id="d000.s978" source="wordnet-dutch">
         <wf lemma="het" pos="X">het</wf>
         <wf lemma="is" pos="X">is</wf>
         <wf lemma="een" pos="X">een</wf>
         <wf lemma="hele" pos="X">hele</wf>
         <instance id="d000.s978.t000" lemma="stap" pos="NOUN">stap</instance>
         <wf lemma="om" pos="X">om</wf>
         <wf lemma="te" pos="X">te</wf>
         <wf lemma="emigreren" pos="X">emigreren</wf>
         <wf lemma="." pos="X">.</wf>
      </sentence>
      <sentence id="d000.s979" source="wordnet-dutch">
         <wf lemma="ik" pos="X">ik</wf>
         <wf lemma="zal" pos="X">zal</wf>
         <instance id="d000.s979.t000" lemma="proberen" pos="VERB">proberen</instance>
         <wf lemma="vanavond" pos="X">vanavond</wf>
         <wf lemma="naar" pos="X">naar</wf>
         <wf lemma="jouw" pos="X">jouw</wf>
         <wf lemma="feestje" pos="X">feestje</wf>
         <wf lemma="te" pos="X">te</wf>
         <wf lemma="komen" pos="X">komen</wf>
         <wf lemma="." pos="X">.</wf>
      </sentence>
      <sentence id="d000.s980" source="wordnet-dutch">
         <wf lemma="voor" pos="X">voor</wf>
         <wf lemma="het" pos="X">het</wf>
         <wf lemma="aanvragen" pos="X">aanvragen</wf>
         <wf lemma="van" pos="X">van</wf>
         <wf lemma="een" pos="X">een</wf>
         <wf lemma="parkeervergunning" pos="X">parkeervergunning</wf>
         <wf lemma="dient" pos="X">dient</wf>
         <wf lemma="u" pos="X">u</wf>
         <wf lemma="een" pos="X">een</wf>
         <wf lemma="daarvoor" pos="X">daarvoor</wf>
         <wf lemma="bestemd" pos="X">bestemd</wf>
         <instance id="d000.s980.t000" lemma="formulier" pos="NOUN">formulier</instance>
         <wf lemma="in" pos="X">in</wf>
         <wf lemma="te" pos="X">te</wf>
         <wf lemma="vullen" pos="X">vullen</wf>
         <wf lemma="." pos="X">.</wf>
      </sentence>
      <sentence id="d000.s981" source="wordnet-dutch">
         <wf lemma="een" pos="X">een</wf>
         <wf lemma="drukke" pos="X">drukke</wf>
         <wf lemma="baan" pos="X">baan</wf>
         <wf lemma="vormt" pos="X">vormt</wf>
         <wf lemma="dikwijls" pos="X">dikwijls</wf>
         <wf lemma="een" pos="X">een</wf>
         <instance id="d000.s981.t000" lemma="beletsel" pos="NOUN">beletsel</instance>
         <wf lemma="om" pos="X">om</wf>
         <wf lemma="een" pos="X">een</wf>
         <wf lemma="geregeld" pos="X">geregeld</wf>
         <wf lemma="leven" pos="X">leven</wf>
         <wf lemma="te" pos="X">te</wf>
         <wf lemma="leiden" pos="X">leiden</wf>
         <wf lemma="." pos="X">.</wf>
      </sentence>
      <sentence id="d000.s982" source="wordnet-dutch">
         <wf lemma="mijn" pos="X">mijn</wf>
         <instance id="d000.s982.t000" lemma="vent" pos="NOUN">vent</instance>
         <wf lemma="zit" pos="X">zit</wf>
         <wf lemma="weer" pos="X">weer</wf>
         <wf lemma="in" pos="X">in</wf>
         <wf lemma="de" pos="X">de</wf>
         <wf lemma="kroeg" pos="X">kroeg</wf>
         <wf lemma="." pos="X">.</wf>
      </sentence>
      <sentence id="d000.s983" source="wordnet-dutch">
         <wf lemma="die" pos="X">die</wf>
         <wf lemma="opeenvolgende" pos="X">opeenvolgende</wf>
         <wf lemma="tegenslagen" pos="X">tegenslagen</wf>
         <wf lemma="hebben" pos="X">hebben</wf>
         <wf lemma="hem" pos="X">hem</wf>
         <wf lemma="alle" pos="X">alle</wf>
         <wf lemma="moed" pos="X">moed</wf>
         <instance id="d000.s983.t000" lemma="benemen" pos="VERB">benomen</instance>
         <wf lemma="." pos="X">.</wf>
      </sentence>
      <sentence id="d000.s984" source="wordnet-dutch">
         <wf lemma="het" pos="X">het</wf>
         <wf lemma="gerucht" pos="X">gerucht</wf>
         <wf lemma="als" pos="X">als</wf>
         <wf lemma="zou" pos="X">zou</wf>
         <wf lemma="hij" pos="X">hij</wf>
         <wf lemma="met" pos="X">met</wf>
         <wf lemma="die" pos="X">die</wf>
         <wf lemma="kwestie" pos="X">kwestie</wf>
         <wf lemma="iets" pos="X">iets</wf>
         <wf lemma="te" pos="X">te</wf>
         <wf lemma="maken" pos="X">maken</wf>
         <wf lemma="hebben" pos="X">hebben</wf>
         <wf lemma="," pos="X">,</wf>
         <wf lemma="lijkt" pos="X">lijkt</wf>
         <wf lemma="door" pos="X">door</wf>
         <wf lemma="deze" pos="X">deze</wf>
         <wf lemma="informatie" pos="X">informatie</wf>
         <instance id="d000.s984.t000" lemma="ontzenuwen" pos="VERB">ontzenuwd</instance>
         <wf lemma="." pos="X">.</wf>
      </sentence>
      <sentence id="d000.s985" source="wordnet-dutch">
         <wf lemma="de" pos="X">de</wf>
         <wf lemma="militairen" pos="X">militairen</wf>
         <instance id="d000.s985.t000" lemma="ontmoeten" pos="VERB">ontmoetten</instance>
         <wf lemma="geen" pos="X">geen</wf>
         <wf lemma="enkele" pos="X">enkele</wf>
         <wf lemma="tegenstand" pos="X">tegenstand</wf>
         <wf lemma="bij" pos="X">bij</wf>
         <wf lemma="het" pos="X">het</wf>
         <wf lemma="binnenrijden" pos="X">binnenrijden</wf>
         <wf lemma="van" pos="X">van</wf>
         <wf lemma="de" pos="X">de</wf>
         <wf lemma="stad" pos="X">stad</wf>
         <wf lemma="." pos="X">.</wf>
      </sentence>
      <sentence id="d000.s986" source="wordnet-dutch">
         <wf lemma="de" pos="X">de</wf>
         <wf lemma="huidige" pos="X">huidige</wf>
         <wf lemma="situatie" pos="X">situatie</wf>
         <instance id="d000.s986.t000" lemma="noodzaken" pos="VERB">noodzaakt</instance>
         <wf lemma="tot" pos="X">tot</wf>
         <wf lemma="een" pos="X">een</wf>
         <wf lemma="snellere" pos="X">snellere</wf>
         <wf lemma="en" pos="X">en</wf>
         <wf lemma="efficiëntere" pos="X">efficiëntere</wf>
         <wf lemma="aanpak" pos="X">aanpak</wf>
         <wf lemma="." pos="X">.</wf>
      </sentence>
      <sentence id="d000.s987" source="wordnet-dutch">
         <wf lemma="hij" pos="X">hij</wf>
         <wf lemma="heeft" pos="X">heeft</wf>
         <wf lemma="vier" pos="X">vier</wf>
         <wf lemma="grote" pos="X">grote</wf>
         <instance id="d000.s987.t000" lemma="vis" pos="NOUN">vissen</instance>
         <wf lemma="gevangen" pos="X">gevangen</wf>
         <wf lemma="." pos="X">.</wf>
      </sentence>
      <sentence id="d000.s988" source="wordnet-dutch">
         <wf lemma="ik" pos="X">ik</wf>
         <wf lemma="zal" pos="X">zal</wf>
         <wf lemma="eens" pos="X">eens</wf>
         <instance id="d000.s988.t000" lemma="proberen" pos="VERB">proberen</instance>
         <wf lemma="of" pos="X">of</wf>
         <wf lemma="ik" pos="X">ik</wf>
         <wf lemma="hem" pos="X">hem</wf>
         <wf lemma="telefonisch" pos="X">telefonisch</wf>
         <wf lemma="kan" pos="X">kan</wf>
         <wf lemma="bereiken" pos="X">bereiken</wf>
         <wf lemma="." pos="X">.</wf>
      </sentence>
      <sentence id="d000.s989" source="wordnet-dutch">
         <wf lemma="na" pos="X">na</wf>
         <wf lemma="afloop" pos="X">afloop</wf>
         <wf lemma="van" pos="X">van</wf>
         <wf lemma="de" pos="X">de</wf>
         <wf lemma="soms" pos="X">soms</wf>
         <wf lemma="emotionele" pos="X">emotionele</wf>
         <wf lemma="onderhandelingen" pos="X">onderhandelingen</wf>
         <instance id="d000.s989.t000" lemma="overheersen" pos="VERB">overheerste</instance>
         <wf lemma="de" pos="X">de</wf>
         <wf lemma="tevredenheid" pos="X">tevredenheid</wf>
         <wf lemma="." pos="X">.</wf>
      </sentence>
      <sentence id="d000.s990" source="wordnet-dutch">
         <wf lemma="op" pos="X">op</wf>
         <wf lemma="de" pos="X">de</wf>
         <wf lemma="wereldkampioenschappen" pos="X">wereldkampioenschappen</wf>
         <wf lemma="zal" pos="X">zal</wf>
         <wf lemma="ik" pos="X">ik</wf>
         <wf lemma="voor" pos="X">voor</wf>
         <wf lemma="het" pos="X">het</wf>
         <wf lemma="eerst" pos="X">eerst</wf>
         <wf lemma="met" pos="X">met</wf>
         <wf lemma="de" pos="X">de</wf>
         <wf lemma="grote" pos="X">grote</wf>
         <wf lemma="jongens" pos="X">jongens</wf>
         <instance id="d000.s990.t000" lemma="meedoen" pos="VERB">meedoen</instance>
         <wf lemma="." pos="X">.</wf>
      </sentence>
      <sentence id="d000.s991" source="wordnet-dutch">
         <wf lemma="in" pos="X">in</wf>
         <wf lemma="het" pos="X">het</wf>
         <wf lemma="proces" pos="X">proces</wf>
         <wf lemma="moet" pos="X">moet</wf>
         <wf lemma="hij" pos="X">hij</wf>
         <instance id="d000.s991.t000" lemma="getuigen" pos="VERB">getuigen</instance>
         <wf lemma="tegen" pos="X">tegen</wf>
         <wf lemma="zijn" pos="X">zijn</wf>
         <wf lemma="broer" pos="X">broer</wf>
         <wf lemma="." pos="X">.</wf>
      </sentence>
      <sentence id="d000.s992" source="wordnet-dutch">
         <wf lemma="een" pos="X">een</wf>
         <wf lemma="onvoorzichtige" pos="X">onvoorzichtige</wf>
         <wf lemma="fietser" pos="X">fietser</wf>
         <wf lemma="heeft" pos="X">heeft</wf>
         <wf lemma="mijn" pos="X">mijn</wf>
         <wf lemma="auto" pos="X">auto</wf>
         <wf lemma="licht" pos="X">licht</wf>
         <instance id="d000.s992.t000" lemma="beschadigen" pos="VERB">beschadigd</instance>
         <wf lemma="." pos="X">.</wf>
      </sentence>
      <sentence id="d000.s993" source="wordnet-dutch">
         <wf lemma="en" pos="X">en</wf>
         <wf lemma="wie" pos="X">wie</wf>
         <wf lemma="zitten" pos="X">zitten</wf>
         <wf lemma="vandaag" pos="X">vandaag</wf>
         <wf lemma="in" pos="X">in</wf>
         <wf lemma="het" pos="X">het</wf>
         <instance id="d000.s993.t000" lemma="panel" pos="NOUN">panel</instance>
         <wf lemma="?" pos="X">?</wf>
      </sentence>
      <sentence id="d000.s994" source="wordnet-dutch">
         <wf lemma="door" pos="X">door</wf>
         <wf lemma="deze" pos="X">deze</wf>
         <wf lemma="maatregelen" pos="X">maatregelen</wf>
         <wf lemma="probeerde" pos="X">probeerde</wf>
         <wf lemma="de" pos="X">de</wf>
         <wf lemma="regering" pos="X">regering</wf>
         <wf lemma="de" pos="X">de</wf>
         <wf lemma="aan" pos="X">aan</wf>
         <wf lemma="de" pos="X">de</wf>
         <wf lemma="gang" pos="X">gang</wf>
         <wf lemma="zijnde" pos="X">zijnde</wf>
         <wf lemma="ontwikkelingen" pos="X">ontwikkelingen</wf>
         <wf lemma="te" pos="X">te</wf>
         <instance id="d000.s994.t000" lemma="remmen" pos="VERB">remmen</instance>
         <wf lemma="." pos="X">.</wf>
      </sentence>
      <sentence id="d000.s995" source="wordnet-dutch">
         <wf lemma="ook" pos="X">ook</wf>
         <wf lemma="onze" pos="X">onze</wf>
         <wf lemma="vereniging" pos="X">vereniging</wf>
         <instance id="d000.s995.t000" lemma="participeren" pos="VERB">participeert</instance>
         <wf lemma="in" pos="X">in</wf>
         <wf lemma="dit" pos="X">dit</wf>
         <wf lemma="project/overleg" pos="X">project/overleg</wf>
         <wf lemma="." pos="X">.</wf>
      </sentence>
      <sentence id="d000.s996" source="wordnet-dutch">
         <wf lemma="hij" pos="X">hij</wf>
         <wf lemma="heeft" pos="X">heeft</wf>
         <wf lemma="het" pos="X">het</wf>
         <wf lemma="vaste" pos="X">vaste</wf>
         <instance id="d000.s996.t000" lemma="voornemen" pos="NOUN">voornemen</instance>
         <wf lemma="om" pos="X">om</wf>
         <wf lemma="te" pos="X">te</wf>
         <wf lemma="stoppen" pos="X">stoppen</wf>
         <wf lemma="met" pos="X">met</wf>
         <wf lemma="roken" pos="X">roken</wf>
         <wf lemma="." pos="X">.</wf>
      </sentence>
      <sentence id="d000.s997" source="wordnet-dutch">
         <wf lemma="het" pos="X">het</wf>
         <wf lemma="optreden" pos="X">optreden</wf>
         <wf lemma="liep" pos="X">liep</wf>
         <wf lemma="uit" pos="X">uit</wf>
         <wf lemma="op" pos="X">op</wf>
         <wf lemma="een" pos="X">een</wf>
         <wf lemma="ware" pos="X">ware</wf>
         <instance id="d000.s997.t000" lemma="happening" pos="NOUN">happening</instance>
         <wf lemma="." pos="X">.</wf>
      </sentence>
      <sentence id="d000.s998" source="wordnet-dutch">
         <wf lemma="na" pos="X">na</wf>
         <wf lemma="twee" pos="X">twee</wf>
         <wf lemma="maal" pos="X">maal</wf>
         <wf lemma="drie" pos="X">drie</wf>
         <wf lemma="kwartier" pos="X">kwartier</wf>
         <wf lemma="spelen" pos="X">spelen</wf>
         <wf lemma="stond" pos="X">stond</wf>
         <wf lemma="er" pos="X">er</wf>
         <wf lemma="0-0" pos="X">0-0</wf>
         <wf lemma="op" pos="X">op</wf>
         <wf lemma="het" pos="X">het</wf>
         <instance id="d000.s998.t000" lemma="scorebord" pos="NOUN">scorebord</instance>
         <wf lemma="." pos="X">.</wf>
      </sentence>
      <sentence id="d000.s999" source="wordnet-dutch">
         <wf lemma="hij" pos="X">hij</wf>
         <wf lemma="heeft" pos="X">heeft</wf>
         <wf lemma="me" pos="X">me</wf>
         <wf lemma="heel" pos="X">heel</wf>
         <wf lemma="wat" pos="X">wat</wf>
         <wf lemma="leed" pos="X">leed</wf>
         <instance id="d000.s999.t000" lemma="aandoen" pos="VERB">aangedaan</instance>
         <wf lemma="." pos="X">.</wf>
      </sentence>
      <sentence id="d000.s1000" source="wordnet-dutch">
         <wf lemma="ze" pos="X">ze</wf>
         <wf lemma="zit" pos="X">zit</wf>
         <wf lemma="weer" pos="X">weer</wf>
         <wf lemma="te" pos="X">te</wf>
         <instance id="d000.s1000.t000" lemma="slapen" pos="VERB">slapen</instance>
         <wf lemma="." pos="X">.</wf>
      </sentence>
      <sentence id="d000.s1001" source="wordnet-dutch">
         <wf lemma="na" pos="X">na</wf>
         <wf lemma="een" pos="X">een</wf>
         <wf lemma="lange" pos="X">lange</wf>
         <wf lemma="rit" pos="X">rit</wf>
         <wf lemma="staan" pos="X">staan</wf>
         <wf lemma="de" pos="X">de</wf>
         <wf lemma="paarden" pos="X">paarden</wf>
         <wf lemma="te" pos="X">te</wf>
         <instance id="d000.s1001.t000" lemma="dampen" pos="VERB">dampen</instance>
         <wf lemma="in" pos="X">in</wf>
         <wf lemma="de" pos="X">de</wf>
         <wf lemma="stal" pos="X">stal</wf>
         <wf lemma="." pos="X">.</wf>
      </sentence>
      <sentence id="d000.s1002" source="wordnet-dutch">
         <wf lemma="ik" pos="X">ik</wf>
         <wf lemma="had" pos="X">had</wf>
         <wf lemma="niet" pos="X">niet</wf>
         <wf lemma="de" pos="X">de</wf>
         <instance id="d000.s1002.t000" lemma="intentie" pos="NOUN">intentie</instance>
         <wf lemma="(" pos="X">(</wf>
         <wf lemma="om" pos="X">om</wf>
         <wf lemma=")" pos="X">)</wf>
         <wf lemma="je" pos="X">je</wf>
         <wf lemma="te" pos="X">te</wf>
         <wf lemma="kwetsen" pos="X">kwetsen</wf>
         <wf lemma="." pos="X">.</wf>
      </sentence>
      <sentence id="d000.s1003" source="wordnet-dutch">
         <wf lemma="Het" pos="X">Het</wf>
         <instance id="d000.s1003.t000" lemma="werk" pos="NOUN">werk</instance>
         <wf lemma="van" pos="X">van</wf>
         <wf lemma="de" pos="X">de</wf>
         <wf lemma="schrijver" pos="X">schrijver</wf>
         <wf lemma="Reve" pos="X">Reve</wf>
         <wf lemma="wordt" pos="X">wordt</wf>
         <wf lemma="opnieuw" pos="X">opnieuw</wf>
         <wf lemma="uitgegeven" pos="X">uitgegeven</wf>
         <wf lemma="." pos="X">.</wf>
      </sentence>
      <sentence id="d000.s1004" source="wordnet-dutch">
         <wf lemma="de" pos="X">de</wf>
         <wf lemma="beelden" pos="X">beelden</wf>
         <wf lemma="werden" pos="X">werden</wf>
         <wf lemma="geselecteerd" pos="X">geselecteerd</wf>
         <wf lemma="op" pos="X">op</wf>
         <instance id="d000.s1004.t000" lemma="scherpte" pos="NOUN">scherpte</instance>
         <wf lemma="en" pos="X">en</wf>
         <wf lemma="belichting" pos="X">belichting</wf>
         <wf lemma="." pos="X">.</wf>
      </sentence>
      <sentence id="d000.s1005" source="wordnet-dutch">
         <wf lemma="de" pos="X">de</wf>
         <wf lemma="markthallen" pos="X">markthallen</wf>
         <wf lemma="zijn" pos="X">zijn</wf>
         <wf lemma="in" pos="X">in</wf>
         <wf lemma="een" pos="X">een</wf>
         <instance id="d000.s1005.t000" lemma="schemer" pos="NOUN">schemer</instance>
         <wf lemma="gehuld" pos="X">gehuld</wf>
         <wf lemma="." pos="X">.</wf>
      </sentence>
      <sentence id="d000.s1006" source="wordnet-dutch">
         <wf lemma="een" pos="X">een</wf>
         <wf lemma="punt" pos="X">punt</wf>
         <wf lemma="uit" pos="X">uit</wf>
         <wf lemma="een" pos="X">een</wf>
         <instance id="d000.s1006.t000" lemma="strafworp" pos="NOUN">strafworp</instance>
         <wf lemma="." pos="X">.</wf>
      </sentence>
      <sentence id="d000.s1007" source="wordnet-dutch">
         <wf lemma="moeder" pos="X">moeder</wf>
         <instance id="d000.s1007.t000" lemma="delen" pos="VERB">deelt</instance>
         <wf lemma="de" pos="X">de</wf>
         <wf lemma="taart" pos="X">taart</wf>
         <wf lemma="in" pos="X">in</wf>
         <wf lemma="acht" pos="X">acht</wf>
         <wf lemma="grote" pos="X">grote</wf>
         <wf lemma="stukken" pos="X">stukken</wf>
         <wf lemma="." pos="X">.</wf>
      </sentence>
      <sentence id="d000.s1008" source="wordnet-dutch">
         <wf lemma="hij" pos="X">hij</wf>
         <wf lemma="moest" pos="X">moest</wf>
         <wf lemma="de" pos="X">de</wf>
         <wf lemma="premier" pos="X">premier</wf>
         <instance id="d000.s1008.t000" lemma="bijstaan" pos="VERB">bijstaan</instance>
         <wf lemma="in" pos="X">in</wf>
         <wf lemma="zaken" pos="X">zaken</wf>
         <wf lemma="als" pos="X">als</wf>
         <wf lemma="defensie" pos="X">defensie</wf>
         <wf lemma="en" pos="X">en</wf>
         <wf lemma="economie" pos="X">economie</wf>
         <wf lemma="." pos="X">.</wf>
      </sentence>
      <sentence id="d000.s1009" source="wordnet-dutch">
         <wf lemma="De" pos="X">De</wf>
         <instance id="d000.s1009.t000" lemma="combinatie" pos="NOUN">combinatie</instance>
         <wf lemma="van" pos="X">van</wf>
         <wf lemma="zetten" pos="X">zetten</wf>
         <wf lemma="bracht" pos="X">bracht</wf>
         <wf lemma="hem" pos="X">hem</wf>
         <wf lemma="voordeel" pos="X">voordeel</wf>
         <wf lemma="in" pos="X">in</wf>
         <wf lemma="het" pos="X">het</wf>
         <wf lemma="eindspel" pos="X">eindspel</wf>
         <wf lemma="van" pos="X">van</wf>
         <wf lemma="de" pos="X">de</wf>
         <wf lemma="schaakwedstrijd" pos="X">schaakwedstrijd</wf>
         <wf lemma="." pos="X">.</wf>
      </sentence>
      <sentence id="d000.s1010" source="wordnet-dutch">
         <wf lemma="hij" pos="X">hij</wf>
         <wf lemma="wijt" pos="X">wijt</wf>
         <wf lemma="dit" pos="X">dit</wf>
         <wf lemma="aan" pos="X">aan</wf>
         <wf lemma="de" pos="X">de</wf>
         <instance id="d000.s1010.t000" lemma="hittegolf" pos="NOUN">hittegolf</instance>
         <wf lemma="die" pos="X">die</wf>
         <wf lemma="deze" pos="X">deze</wf>
         <wf lemma="zomer" pos="X">zomer</wf>
         <wf lemma="ons" pos="X">ons</wf>
         <wf lemma="land" pos="X">land</wf>
         <wf lemma="teisterde" pos="X">teisterde</wf>
         <wf lemma="." pos="X">.</wf>
      </sentence>
      <sentence id="d000.s1011" source="wordnet-dutch">
         <wf lemma="die" pos="X">die</wf>
         <wf lemma="situatie" pos="X">situatie</wf>
         <wf lemma="is" pos="X">is</wf>
         <wf lemma="uiteindelijk" pos="X">uiteindelijk</wf>
         <wf lemma="in" pos="X">in</wf>
         <wf lemma="hun" pos="X">hun</wf>
         <wf lemma="voordeel" pos="X">voordeel</wf>
         <instance id="d000.s1011.t000" lemma="uitvallen" pos="VERB">uitgevallen</instance>
         <wf lemma="." pos="X">.</wf>
      </sentence>
      <sentence id="d000.s1012" source="wordnet-dutch">
         <wf lemma="De" pos="X">De</wf>
         <wf lemma="loodlijn" pos="X">loodlijn</wf>
         <wf lemma="geeft" pos="X">geeft</wf>
         <wf lemma="een" pos="X">een</wf>
         <instance id="d000.s1012.t000" lemma="hoogte" pos="NOUN">hoogte</instance>
         <wf lemma="van" pos="X">van</wf>
         <wf lemma="10" pos="X">10</wf>
         <wf lemma="meter" pos="X">meter</wf>
         <wf lemma="aan" pos="X">aan</wf>
         <wf lemma="." pos="X">.</wf>
      </sentence>
      <sentence id="d000.s1013" source="wordnet-dutch">
         <wf lemma="ik" pos="X">ik</wf>
         <wf lemma="slik" pos="X">slik</wf>
         <wf lemma="nu" pos="X">nu</wf>
         <wf lemma="die" pos="X">die</wf>
         <wf lemma="pillen" pos="X">pillen</wf>
         <wf lemma="maar" pos="X">maar</wf>
         <wf lemma="eerlijk" pos="X">eerlijk</wf>
         <wf lemma="gezegd" pos="X">gezegd</wf>
         <instance id="d000.s1013.t000" lemma="merken" pos="VERB">merk</instance>
         <wf lemma="ik" pos="X">ik</wf>
         <wf lemma="er" pos="X">er</wf>
         <wf lemma="niets" pos="X">niets</wf>
         <wf lemma="van" pos="X">van</wf>
         <wf lemma="." pos="X">.</wf>
      </sentence>
      <sentence id="d000.s1014" source="wordnet-dutch">
         <wf lemma="bij" pos="X">bij</wf>
         <wf lemma="het" pos="X">het</wf>
         <wf lemma="ter" pos="X">ter</wf>
         <wf lemma="perse" pos="X">perse</wf>
         <wf lemma="gaan" pos="X">gaan</wf>
         <wf lemma="van" pos="X">van</wf>
         <wf lemma="deze" pos="X">deze</wf>
         <instance id="d000.s1014.t000" lemma="editie" pos="NOUN">editie</instance>
         <wf lemma="was" pos="X">was</wf>
         <wf lemma="de" pos="X">de</wf>
         <wf lemma="uitslag" pos="X">uitslag</wf>
         <wf lemma="nog" pos="X">nog</wf>
         <wf lemma="niet" pos="X">niet</wf>
         <wf lemma="bekend" pos="X">bekend</wf>
         <wf lemma="." pos="X">.</wf>
      </sentence>
      <sentence id="d000.s1015" source="wordnet-dutch">
         <wf lemma="het" pos="X">het</wf>
         <wf lemma="slachtoffer" pos="X">slachtoffer</wf>
         <wf lemma="overleed" pos="X">overleed</wf>
         <wf lemma="aan" pos="X">aan</wf>
         <wf lemma="zijn" pos="X">zijn</wf>
         <instance id="d000.s1015.t000" lemma="verwonding" pos="NOUN">verwondingen</instance>
         <wf lemma="." pos="X">.</wf>
      </sentence>
      <sentence id="d000.s1016" source="wordnet-dutch">
         <wf lemma="zijn" pos="X">zijn</wf>
         <wf lemma="hand" pos="X">hand</wf>
         <instance id="d000.s1016.t000" lemma="rusten" pos="VERB">rustte</instance>
         <wf lemma="op" pos="X">op</wf>
         <wf lemma="haar" pos="X">haar</wf>
         <wf lemma="schouder" pos="X">schouder</wf>
         <wf lemma="." pos="X">.</wf>
      </sentence>
      <sentence id="d000.s1017" source="wordnet-dutch">
         <wf lemma="ik" pos="X">ik</wf>
         <wf lemma="denk" pos="X">denk</wf>
         <wf lemma="niet" pos="X">niet</wf>
         <wf lemma="dat" pos="X">dat</wf>
         <wf lemma="ze" pos="X">ze</wf>
         <wf lemma="veel" pos="X">veel</wf>
         <wf lemma="van" pos="X">van</wf>
         <wf lemma="die" pos="X">die</wf>
         <wf lemma="lessen" pos="X">lessen</wf>
         <wf lemma="zullen" pos="X">zullen</wf>
         <instance id="d000.s1017.t000" lemma="meenemen" pos="VERB">meenemen</instance>
         <wf lemma="." pos="X">.</wf>
      </sentence>
      <sentence id="d000.s1018" source="wordnet-dutch">
         <wf lemma="de" pos="X">de</wf>
         <wf lemma="openbare" pos="X">openbare</wf>
         <wf lemma="vervoersmaatschappij" pos="X">vervoersmaatschappij</wf>
         <wf lemma="zal" pos="X">zal</wf>
         <wf lemma="dus" pos="X">dus</wf>
         <wf lemma="in" pos="X">in</wf>
         <wf lemma="de" pos="X">de</wf>
         <wf lemma="toekomst" pos="X">toekomst</wf>
         <wf lemma="moeten" pos="X">moeten</wf>
         <instance id="d000.s1018.t000" lemma="rationaliseren" pos="VERB">rationaliseren</instance>
         <wf lemma="." pos="X">.</wf>
      </sentence>
      <sentence id="d000.s1019" source="wordnet-dutch">
         <wf lemma="bij" pos="X">bij</wf>
         <wf lemma="het" pos="X">het</wf>
         <wf lemma="schillen" pos="X">schillen</wf>
         <wf lemma="moet" pos="X">moet</wf>
         <wf lemma="je" pos="X">je</wf>
         <wf lemma="ook" pos="X">ook</wf>
         <wf lemma="de" pos="X">de</wf>
         <wf lemma="aardappelpitten" pos="X">aardappelpitten</wf>
         <instance id="d000.s1019.t000" lemma="wegsnijden" pos="VERB">wegsnijden</instance>
         <wf lemma="." pos="X">.</wf>
      </sentence>
      <sentence id="d000.s1020" source="wordnet-dutch">
         <wf lemma="er" pos="X">er</wf>
         <wf lemma="is" pos="X">is</wf>
         <wf lemma="een" pos="X">een</wf>
         <instance id="d000.s1020.t000" lemma="bulletin" pos="NOUN">bulletin</instance>
         <wf lemma="uitgevaardigd" pos="X">uitgevaardigd</wf>
         <wf lemma="over" pos="X">over</wf>
         <wf lemma="de" pos="X">de</wf>
         <wf lemma="geboorte" pos="X">geboorte</wf>
         <wf lemma="van" pos="X">van</wf>
         <wf lemma="de" pos="X">de</wf>
         <wf lemma="prins" pos="X">prins</wf>
         <wf lemma="." pos="X">.</wf>
      </sentence>
      <sentence id="d000.s1021" source="wordnet-dutch">
         <wf lemma="in" pos="X">in</wf>
         <wf lemma="een" pos="X">een</wf>
         <wf lemma="tweede" pos="X">tweede</wf>
         <wf lemma="deel" pos="X">deel</wf>
         <wf lemma="van" pos="X">van</wf>
         <wf lemma="mijn" pos="X">mijn</wf>
         <wf lemma="uiteenzetting" pos="X">uiteenzetting</wf>
         <wf lemma="zal" pos="X">zal</wf>
         <wf lemma="ik" pos="X">ik</wf>
         <wf lemma="de" pos="X">de</wf>
         <wf lemma="resultaten" pos="X">resultaten</wf>
         <wf lemma="van" pos="X">van</wf>
         <wf lemma="mijn" pos="X">mijn</wf>
         <wf lemma="onderzoek" pos="X">onderzoek</wf>
         <instance id="d000.s1021.t000" lemma="bespreken" pos="VERB">bespreken</instance>
         <wf lemma="." pos="X">.</wf>
      </sentence>
      <sentence id="d000.s1022" source="wordnet-dutch">
         <wf lemma="we" pos="X">we</wf>
         <wf lemma="spreken" pos="X">spreken</wf>
         <wf lemma="het" pos="X">het</wf>
         <wf lemma="onder" pos="X">onder</wf>
         <instance id="d000.s1022.t000" lemma="voorbehoud" pos="NOUN">voorbehoud</instance>
         <wf lemma="af" pos="X">af</wf>
         <wf lemma="." pos="X">.</wf>
      </sentence>
      <sentence id="d000.s1023" source="wordnet-dutch">
         <wf lemma="dit" pos="X">dit</wf>
         <wf lemma="onderzoek" pos="X">onderzoek</wf>
         <instance id="d000.s1023.t000" lemma="lopen" pos="VERB">loopt</instance>
         <wf lemma="over" pos="X">over</wf>
         <wf lemma="een" pos="X">een</wf>
         <wf lemma="aantal" pos="X">aantal</wf>
         <wf lemma="jaar" pos="X">jaar</wf>
         <wf lemma="." pos="X">.</wf>
      </sentence>
      <sentence id="d000.s1024" source="wordnet-dutch">
         <wf lemma="als" pos="X">als</wf>
         <wf lemma="de" pos="X">de</wf>
         <instance id="d000.s1024.t000" lemma="eb" pos="NOUN">eb</instance>
         <wf lemma="gaat" pos="X">gaat</wf>
         <wf lemma="lopen" pos="X">lopen</wf>
         <wf lemma="gaan" pos="X">gaan</wf>
         <wf lemma="we" pos="X">we</wf>
         <wf lemma="van" pos="X">van</wf>
         <wf lemma="wal" pos="X">wal</wf>
         <wf lemma="." pos="X">.</wf>
      </sentence>
      <sentence id="d000.s1025" source="wordnet-dutch">
         <wf lemma="wat" pos="X">wat</wf>
         <wf lemma="staat" pos="X">staat</wf>
         <wf lemma="er" pos="X">er</wf>
         <wf lemma="nou" pos="X">nou</wf>
         <wf lemma="op" pos="X">op</wf>
         <wf lemma="dat" pos="X">dat</wf>
         <instance id="d000.s1025.t000" lemma="bord" pos="NOUN">bord</instance>
         <wf lemma="?" pos="X">?</wf>
      </sentence>
      <sentence id="d000.s1026" source="wordnet-dutch">
         <wf lemma="ze" pos="X">ze</wf>
         <wf lemma="hebben" pos="X">hebben</wf>
         <wf lemma="twee" pos="X">twee</wf>
         <wf lemma="professoren" pos="X">professoren</wf>
         <instance id="d000.s1026.t000" lemma="belasten" pos="VERB">belast</instance>
         <wf lemma="met" pos="X">met</wf>
         <wf lemma="het" pos="X">het</wf>
         <wf lemma="onderzoek" pos="X">onderzoek</wf>
         <wf lemma="." pos="X">.</wf>
      </sentence>
      <sentence id="d000.s1027" source="wordnet-dutch">
         <wf lemma="iets" pos="X">iets</wf>
         <wf lemma="uit" pos="X">uit</wf>
         <instance id="d000.s1027.t000" lemma="rancune" pos="NOUN">rancune</instance>
         <wf lemma="doen" pos="X">doen</wf>
         <wf lemma="." pos="X">.</wf>
      </sentence>
      <sentence id="d000.s1028" source="wordnet-dutch">
         <wf lemma="Die" pos="X">Die</wf>
         <wf lemma="hebberigheid" pos="X">hebberigheid</wf>
         <wf lemma="moet" pos="X">moet</wf>
         <wf lemma="je" pos="X">je</wf>
         <instance id="d000.s1028.t000" lemma="nalaten" pos="VERB">nalaten</instance>
         <wf lemma="." pos="X">.</wf>
      </sentence>
      <sentence id="d000.s1029" source="wordnet-dutch">
         <wf lemma="die" pos="X">die</wf>
         <wf lemma="jas" pos="X">jas</wf>
         <wf lemma="is" pos="X">is</wf>
         <wf lemma="precies" pos="X">precies</wf>
         <wf lemma="op" pos="X">op</wf>
         <instance id="d000.s1029.t000" lemma="maat" pos="NOUN">maat</instance>
         <wf lemma="." pos="X">.</wf>
      </sentence>
      <sentence id="d000.s1030" source="wordnet-dutch">
         <wf lemma="de" pos="X">de</wf>
         <instance id="d000.s1030.t000" lemma="verslagenheid" pos="NOUN">verslagenheid</instance>
         <wf lemma="bij" pos="X">bij</wf>
         <wf lemma="de" pos="X">de</wf>
         <wf lemma="bevolking/inwoners" pos="X">bevolking/inwoners</wf>
         <wf lemma="was" pos="X">was</wf>
         <wf lemma="groot" pos="X">groot</wf>
         <wf lemma="." pos="X">.</wf>
      </sentence>
      <sentence id="d000.s1031" source="wordnet-dutch">
         <wf lemma="bij" pos="X">bij</wf>
         <wf lemma="groen" pos="X">groen</wf>
         <wf lemma="licht" pos="X">licht</wf>
         <wf lemma="trapte" pos="X">trapte</wf>
         <wf lemma="zij" pos="X">zij</wf>
         <wf lemma="het" pos="X">het</wf>
         <instance id="d000.s1031.t000" lemma="pedaal" pos="NOUN">pedaal</instance>
         <wf lemma="in" pos="X">in</wf>
         <wf lemma="." pos="X">.</wf>
      </sentence>
      <sentence id="d000.s1032" source="wordnet-dutch">
         <wf lemma="ze" pos="X">ze</wf>
         <wf lemma="probeerden" pos="X">probeerden</wf>
         <wf lemma="hun" pos="X">hun</wf>
         <wf lemma="zoon" pos="X">zoon</wf>
         <wf lemma="aan" pos="X">aan</wf>
         <wf lemma="de" pos="X">de</wf>
         <wf lemma="rijkste" pos="X">rijkste</wf>
         <wf lemma="erfgename" pos="X">erfgename</wf>
         <wf lemma="van" pos="X">van</wf>
         <wf lemma="de" pos="X">de</wf>
         <wf lemma="stad" pos="X">stad</wf>
         <wf lemma="te" pos="X">te</wf>
         <instance id="d000.s1032.t000" lemma="koppelen" pos="VERB">koppelen</instance>
         <wf lemma="." pos="X">.</wf>
      </sentence>
      <sentence id="d000.s1033" source="wordnet-dutch">
         <wf lemma="Greenpeace" pos="X">Greenpeace</wf>
         <wf lemma="voert" pos="X">voert</wf>
         <instance id="d000.s1033.t000" lemma="campagne" pos="NOUN">campagne</instance>
         <wf lemma="tegen" pos="X">tegen</wf>
         <wf lemma="de" pos="X">de</wf>
         <wf lemma="zeehondenjacht" pos="X">zeehondenjacht</wf>
         <wf lemma="." pos="X">.</wf>
      </sentence>
      <sentence id="d000.s1034" source="wordnet-dutch">
         <wf lemma="hij" pos="X">hij</wf>
         <wf lemma="heeft" pos="X">heeft</wf>
         <wf lemma="weer" pos="X">weer</wf>
         <wf lemma="op" pos="X">op</wf>
         <wf lemma="zijn" pos="X">zijn</wf>
         <wf lemma="bureau" pos="X">bureau</wf>
         <wf lemma="liggen" pos="X">liggen</wf>
         <instance id="d000.s1034.t000" lemma="tukken" pos="VERB">tukken</instance>
         <wf lemma="." pos="X">.</wf>
      </sentence>
      <sentence id="d000.s1035" source="wordnet-dutch">
         <wf lemma="De" pos="X">De</wf>
         <wf lemma="eerste" pos="X">eerste</wf>
         <wf lemma="maanden" pos="X">maanden</wf>
         <wf lemma="heeft" pos="X">heeft</wf>
         <wf lemma="een" pos="X">een</wf>
         <wf lemma="nieuwe" pos="X">nieuwe</wf>
         <wf lemma="auto" pos="X">auto</wf>
         <wf lemma="de" pos="X">de</wf>
         <wf lemma="hoogste" pos="X">hoogste</wf>
         <instance id="d000.s1035.t000" lemma="afschrijving" pos="NOUN">afschrijving</instance>
         <wf lemma="." pos="X">.</wf>
      </sentence>
      <sentence id="d000.s1036" source="wordnet-dutch">
         <wf lemma="aan" pos="X">aan</wf>
         <wf lemma="de" pos="X">de</wf>
         <wf lemma="parachute" pos="X">parachute</wf>
         <wf lemma="die" pos="X">die</wf>
         <wf lemma="in" pos="X">in</wf>
         <wf lemma="de" pos="X">de</wf>
         <wf lemma="boom" pos="X">boom</wf>
         <wf lemma="terecht" pos="X">terecht</wf>
         <wf lemma="was" pos="X">was</wf>
         <wf lemma="gekomen" pos="X">gekomen</wf>
         <instance id="d000.s1036.t000" lemma="bengelen" pos="VERB">bengelde</instance>
         <wf lemma="een" pos="X">een</wf>
         <wf lemma="Amerikaanse" pos="X">Amerikaanse</wf>
         <wf lemma="soldaat" pos="X">soldaat</wf>
         <wf lemma="." pos="X">.</wf>
      </sentence>
      <sentence id="d000.s1037" source="wordnet-dutch">
         <wf lemma="ze" pos="X">ze</wf>
         <wf lemma="won" pos="X">won</wf>
         <wf lemma="de" pos="X">de</wf>
         <instance id="d000.s1037.t000" lemma="partij" pos="NOUN">partij</instance>
         <wf lemma="in" pos="X">in</wf>
         <wf lemma="vijf" pos="X">vijf</wf>
         <wf lemma="sets." pos="X">sets.</wf>
      </sentence>
      <sentence id="d000.s1038" source="wordnet-dutch">
         <wf lemma="dat" pos="X">dat</wf>
         <wf lemma="hij" pos="X">hij</wf>
         <wf lemma="zijn" pos="X">zijn</wf>
         <wf lemma="hond" pos="X">hond</wf>
         <wf lemma="aan" pos="X">aan</wf>
         <wf lemma="de" pos="X">de</wf>
         <wf lemma="lijn" pos="X">lijn</wf>
         <wf lemma="moet" pos="X">moet</wf>
         <wf lemma="houden" pos="X">houden</wf>
         <wf lemma="," pos="X">,</wf>
         <wf lemma="wil" pos="X">wil</wf>
         <wf lemma="maar" pos="X">maar</wf>
         <wf lemma="niet" pos="X">niet</wf>
         <wf lemma="tot" pos="X">tot</wf>
         <wf lemma="hem" pos="X">hem</wf>
         <instance id="d000.s1038.t000" lemma="doordringen" pos="VERB">doordringen</instance>
         <wf lemma="." pos="X">.</wf>
      </sentence>
      <sentence id="d000.s1039" source="wordnet-dutch">
         <wf lemma="de" pos="X">de</wf>
         <wf lemma="giftige" pos="X">giftige</wf>
         <wf lemma="frisdrank" pos="X">frisdrank</wf>
         <wf lemma="is" pos="X">is</wf>
         <wf lemma="inmiddels" pos="X">inmiddels</wf>
         <wf lemma="uit" pos="X">uit</wf>
         <instance id="d000.s1039.t000" lemma="productie" pos="NOUN">productie</instance>
         <wf lemma="genomen" pos="X">genomen</wf>
         <wf lemma="." pos="X">.</wf>
      </sentence>
      <sentence id="d000.s1040" source="wordnet-dutch">
         <wf lemma="voor" pos="X">voor</wf>
         <wf lemma="het" pos="X">het</wf>
         <wf lemma="voorzitterschap" pos="X">voorzitterschap</wf>
         <wf lemma="houd" pos="X">houd</wf>
         <wf lemma="ik" pos="X">ik</wf>
         <wf lemma="mij" pos="X">mij</wf>
         <instance id="d000.s1040.t000" lemma="aanbevelen" pos="VERB">aanbevolen</instance>
         <wf lemma="." pos="X">.</wf>
      </sentence>
      <sentence id="d000.s1041" source="wordnet-dutch">
         <wf lemma="ik" pos="X">ik</wf>
         <wf lemma="heb" pos="X">heb</wf>
         <wf lemma="de" pos="X">de</wf>
         <wf lemma="hele" pos="X">hele</wf>
         <wf lemma="avond" pos="X">avond</wf>
         <wf lemma="moeten" pos="X">moeten</wf>
         <instance id="d000.s1041.t000" lemma="aanhoren" pos="VERB">aanhoren</instance>
         <wf lemma="dat" pos="X">dat</wf>
         <wf lemma="ik" pos="X">ik</wf>
         <wf lemma="te" pos="X">te</wf>
         <wf lemma="lui" pos="X">lui</wf>
         <wf lemma="ben" pos="X">ben</wf>
         <wf lemma="." pos="X">.</wf>
      </sentence>
      <sentence id="d000.s1042" source="wordnet-dutch">
         <wf lemma="die" pos="X">die</wf>
         <wf lemma="gebeurtenis" pos="X">gebeurtenis</wf>
         <wf lemma="heeft" pos="X">heeft</wf>
         <wf lemma="me" pos="X">me</wf>
         <wf lemma="in" pos="X">in</wf>
         <wf lemma="mijn" pos="X">mijn</wf>
         <wf lemma="opvatting" pos="X">opvatting</wf>
         <instance id="d000.s1042.t000" lemma="stijven" pos="VERB">gestijfd</instance>
         <wf lemma="." pos="X">.</wf>
      </sentence>
      <sentence id="d000.s1043" source="wordnet-dutch">
         <wf lemma="de" pos="X">de</wf>
         <wf lemma="minister" pos="X">minister</wf>
         <instance id="d000.s1043.t000" lemma="veroordelen" pos="VERB">veroordeelde</instance>
         <wf lemma="het" pos="X">het</wf>
         <wf lemma="geweld" pos="X">geweld</wf>
         <wf lemma="scherp" pos="X">scherp</wf>
         <wf lemma="." pos="X">.</wf>
      </sentence>
      <sentence id="d000.s1044" source="wordnet-dutch">
         <wf lemma="Kennedy" pos="X">Kennedy</wf>
         <wf lemma="?" pos="X">?</wf>
         <wf lemma="nooit" pos="X">nooit</wf>
         <wf lemma="van" pos="X">van</wf>
         <instance id="d000.s1044.t000" lemma="horen" pos="VERB">gehoord</instance>
         <wf lemma="." pos="X">.</wf>
      </sentence>
      <sentence id="d000.s1045" source="wordnet-dutch">
         <wf lemma="het" pos="X">het</wf>
         <wf lemma="liefst" pos="X">liefst</wf>
         <wf lemma="loop" pos="X">loop</wf>
         <wf lemma="ik" pos="X">ik</wf>
         <wf lemma="in" pos="X">in</wf>
         <instance id="d000.s1045.t000" lemma="vrijetijdskleding" pos="NOUN">vrijetijdskleding</instance>
         <wf lemma="." pos="X">.</wf>
      </sentence>
      <sentence id="d000.s1046" source="wordnet-dutch">
         <wf lemma="ik" pos="X">ik</wf>
         <wf lemma="had" pos="X">had</wf>
         <wf lemma="die" pos="X">die</wf>
         <wf lemma="avond" pos="X">avond</wf>
         <wf lemma="een" pos="X">een</wf>
         <wf lemma="glaasje" pos="X">glaasje</wf>
         <wf lemma="teveel" pos="X">teveel</wf>
         <instance id="d000.s1046.t000" lemma="drinken" pos="VERB">gedronken</instance>
         <wf lemma="." pos="X">.</wf>
      </sentence>
      <sentence id="d000.s1047" source="wordnet-dutch">
         <wf lemma="In" pos="X">In</wf>
         <wf lemma="Hollywood" pos="X">Hollywood</wf>
         <wf lemma="is" pos="X">is</wf>
         <wf lemma="weer" pos="X">weer</wf>
         <wf lemma="een" pos="X">een</wf>
         <wf lemma="nieuwe" pos="X">nieuwe</wf>
         <instance id="d000.s1047.t000" lemma="film" pos="NOUN">film</instance>
         <wf lemma="opgenomen" pos="X">opgenomen</wf>
         <wf lemma="." pos="X">.</wf>
      </sentence>
      <sentence id="d000.s1048" source="wordnet-dutch">
         <wf lemma="hij" pos="X">hij</wf>
         <wf lemma="nam" pos="X">nam</wf>
         <wf lemma="een" pos="X">een</wf>
         <wf lemma="vel" pos="X">vel</wf>
         <instance id="d000.s1048.t000" lemma="carbonpapier" pos="NOUN">carbonpapier</instance>
         <wf lemma="." pos="X">.</wf>
      </sentence>
      <sentence id="d000.s1049" source="wordnet-dutch">
         <wf lemma="een" pos="X">een</wf>
         <wf lemma="pianoconcert" pos="X">pianoconcert</wf>
         <wf lemma="van" pos="X">van</wf>
         <wf lemma="Mozart" pos="X">Mozart</wf>
         <wf lemma="in" pos="X">in</wf>
         <wf lemma="een" pos="X">een</wf>
         <instance id="d000.s1049.t000" lemma="bewerking" pos="NOUN">bewerking</instance>
         <wf lemma="van" pos="X">van</wf>
         <wf lemma="Marius" pos="X">Marius</wf>
         <wf lemma="Flothuis" pos="X">Flothuis</wf>
         <wf lemma="." pos="X">.</wf>
      </sentence>
      <sentence id="d000.s1050" source="wordnet-dutch">
         <wf lemma="zij" pos="X">zij</wf>
         <wf lemma="sprak" pos="X">sprak</wf>
         <wf lemma="altijd" pos="X">altijd</wf>
         <wf lemma="de" pos="X">de</wf>
         <instance id="d000.s1050.t000" lemma="waarheid" pos="NOUN">waarheid</instance>
         <wf lemma="." pos="X">.</wf>
      </sentence>
      <sentence id="d000.s1051" source="wordnet-dutch">
         <wf lemma="het" pos="X">het</wf>
         <instance id="d000.s1051.t000" lemma="schelen" pos="VERB">scheelde</instance>
         <wf lemma="maar" pos="X">maar</wf>
         <wf lemma="een" pos="X">een</wf>
         <wf lemma="haartje" pos="X">haartje</wf>
         <wf lemma="of" pos="X">of</wf>
         <wf lemma="we" pos="X">we</wf>
         <wf lemma="waren" pos="X">waren</wf>
         <wf lemma="onder" pos="X">onder</wf>
         <wf lemma="de" pos="X">de</wf>
         <wf lemma="aanstormende" pos="X">aanstormende</wf>
         <wf lemma="trein" pos="X">trein</wf>
         <wf lemma="gekomen" pos="X">gekomen</wf>
         <wf lemma="." pos="X">.</wf>
      </sentence>
      <sentence id="d000.s1052" source="wordnet-dutch">
         <wf lemma="na" pos="X">na</wf>
         <wf lemma="jaren" pos="X">jaren</wf>
         <wf lemma="modderen" pos="X">modderen</wf>
         <wf lemma="besloten" pos="X">besloten</wf>
         <wf lemma="zij" pos="X">zij</wf>
         <instance id="d000.s1052.t000" lemma="echtscheiding" pos="NOUN">echtscheiding</instance>
         <wf lemma="aan" pos="X">aan</wf>
         <wf lemma="te" pos="X">te</wf>
         <wf lemma="vragen" pos="X">vragen</wf>
         <wf lemma="." pos="X">.</wf>
      </sentence>
      <sentence id="d000.s1053" source="wordnet-dutch">
         <wf lemma="hij" pos="X">hij</wf>
         <wf lemma="heeft" pos="X">heeft</wf>
         <wf lemma="bij" pos="X">bij</wf>
         <wf lemma="die" pos="X">die</wf>
         <wf lemma="val" pos="X">val</wf>
         <wf lemma="een" pos="X">een</wf>
         <wf lemma="arm" pos="X">arm</wf>
         <instance id="d000.s1053.t000" lemma="ontwrichten" pos="VERB">ontwricht</instance>
         <wf lemma="." pos="X">.</wf>
      </sentence>
      <sentence id="d000.s1054" source="wordnet-dutch">
         <wf lemma="vroeger" pos="X">vroeger</wf>
         <wf lemma="werden" pos="X">werden</wf>
         <wf lemma="er" pos="X">er</wf>
         <wf lemma="geen" pos="X">geen</wf>
         <wf lemma="zwarten" pos="X">zwarten</wf>
         <wf lemma="op" pos="X">op</wf>
         <wf lemma="die" pos="X">die</wf>
         <wf lemma="school" pos="X">school</wf>
         <instance id="d000.s1054.t000" lemma="toelaten" pos="VERB">toegelaten</instance>
         <wf lemma="." pos="X">.</wf>
      </sentence>
      <sentence id="d000.s1055" source="wordnet-dutch">
         <wf lemma="gewapend" pos="X">gewapend</wf>
         <wf lemma="met" pos="X">met</wf>
         <instance id="d000.s1055.t000" lemma="pijl" pos="NOUN">pijl</instance>
         <wf lemma="en" pos="X">en</wf>
         <wf lemma="boog" pos="X">boog</wf>
         <wf lemma="." pos="X">.</wf>
      </sentence>
      <sentence id="d000.s1056" source="wordnet-dutch">
         <wf lemma="die" pos="X">die</wf>
         <wf lemma="kaart" pos="X">kaart</wf>
         <wf lemma="is" pos="X">is</wf>
         <wf lemma="aan" pos="X">aan</wf>
         <wf lemma="mij" pos="X">mij</wf>
         <instance id="d000.s1056.t000" lemma="adresseren" pos="VERB">geadresseerd</instance>
         <wf lemma="." pos="X">.</wf>
      </sentence>
      <sentence id="d000.s1057" source="wordnet-dutch">
         <wf lemma="zeven" pos="X">zeven</wf>
         <wf lemma="procent" pos="X">procent</wf>
         <wf lemma="van" pos="X">van</wf>
         <wf lemma="de" pos="X">de</wf>
         <wf lemma="alleenstaande" pos="X">alleenstaande</wf>
         <wf lemma="volwassenen" pos="X">volwassenen</wf>
         <wf lemma="in" pos="X">in</wf>
         <wf lemma="Vlaanderen" pos="X">Vlaanderen</wf>
         <wf lemma="moet" pos="X">moet</wf>
         <instance id="d000.s1057.t000" lemma="rondkomen" pos="VERB">rondkomen</instance>
         <wf lemma="met" pos="X">met</wf>
         <wf lemma="minder" pos="X">minder</wf>
         <wf lemma="dan" pos="X">dan</wf>
         <wf lemma="20000" pos="X">20000</wf>
         <wf lemma="frank" pos="X">frank</wf>
         <wf lemma="per" pos="X">per</wf>
         <wf lemma="maand" pos="X">maand</wf>
         <wf lemma="." pos="X">.</wf>
      </sentence>
      <sentence id="d000.s1058" source="wordnet-dutch">
         <wf lemma="het" pos="X">het</wf>
         <instance id="d000.s1058.t000" lemma="vermogen" pos="NOUN">vermogen</instance>
         <wf lemma="van" pos="X">van</wf>
         <wf lemma="de" pos="X">de</wf>
         <wf lemma="machine" pos="X">machine</wf>
         <wf lemma="." pos="X">.</wf>
      </sentence>
      <sentence id="d000.s1059" source="wordnet-dutch">
         <wf lemma="Alleen" pos="X">Alleen</wf>
         <wf lemma="tijdens" pos="X">tijdens</wf>
         <wf lemma="de" pos="X">de</wf>
         <instance id="d000.s1059.t000" lemma="jacht" pos="NOUN">jacht</instance>
         <wf lemma="mag" pos="X">mag</wf>
         <wf lemma="er" pos="X">er</wf>
         <wf lemma="op" pos="X">op</wf>
         <wf lemma="dieren" pos="X">dieren</wf>
         <wf lemma="geschoten" pos="X">geschoten</wf>
         <wf lemma="worden" pos="X">worden</wf>
         <wf lemma="." pos="X">.</wf>
      </sentence>
      <sentence id="d000.s1060" source="wordnet-dutch">
         <wf lemma="de" pos="X">de</wf>
         <wf lemma="fietser" pos="X">fietser</wf>
         <instance id="d000.s1060.t000" lemma="kletteren" pos="VERB">kletterde</instance>
         <wf lemma="tegen" pos="X">tegen</wf>
         <wf lemma="het" pos="X">het</wf>
         <wf lemma="asfalt" pos="X">asfalt</wf>
         <wf lemma="." pos="X">.</wf>
      </sentence>
      <sentence id="d000.s1061" source="wordnet-dutch">
         <wf lemma="enkele" pos="X">enkele</wf>
         <wf lemma="van" pos="X">van</wf>
         <wf lemma="zijn" pos="X">zijn</wf>
         <wf lemma="politieke" pos="X">politieke</wf>
         <wf lemma="tegenstanders" pos="X">tegenstanders</wf>
         <wf lemma="werden" pos="X">werden</wf>
         <wf lemma="zonder" pos="X">zonder</wf>
         <wf lemma="vorm" pos="X">vorm</wf>
         <wf lemma="van" pos="X">van</wf>
         <wf lemma="proces" pos="X">proces</wf>
         <instance id="d000.s1061.t000" lemma="terechtstellen" pos="VERB">terechtgesteld</instance>
         <wf lemma="." pos="X">.</wf>
      </sentence>
      <sentence id="d000.s1062" source="wordnet-dutch">
         <wf lemma="hij" pos="X">hij</wf>
         <wf lemma="heeft" pos="X">heeft</wf>
         <wf lemma="dat" pos="X">dat</wf>
         <wf lemma="nieuwtje" pos="X">nieuwtje</wf>
         <instance id="d000.s1062.t000" lemma="rondbazuinen" pos="VERB">rondgebazuind</instance>
         <wf lemma="." pos="X">.</wf>
      </sentence>
      <sentence id="d000.s1063" source="wordnet-dutch">
         <wf lemma="Natuurmonumenten" pos="X">Natuurmonumenten</wf>
         <instance id="d000.s1063.t000" lemma="verpachten" pos="VERB">verpacht</instance>
         <wf lemma="deze" pos="X">deze</wf>
         <wf lemma="akkers" pos="X">akkers</wf>
         <wf lemma="aan" pos="X">aan</wf>
         <wf lemma="derden" pos="X">derden</wf>
         <wf lemma="." pos="X">.</wf>
      </sentence>
      <sentence id="d000.s1064" source="wordnet-dutch">
         <wf lemma="dat" pos="X">dat</wf>
         <wf lemma="voormalige" pos="X">voormalige</wf>
         <wf lemma="Oostblokland" pos="X">Oostblokland</wf>
         <wf lemma="weigert" pos="X">weigert</wf>
         <wf lemma="tot" pos="X">tot</wf>
         <wf lemma="nog" pos="X">nog</wf>
         <wf lemma="toe" pos="X">toe</wf>
         <wf lemma="zijn" pos="X">zijn</wf>
         <wf lemma="kernwapens" pos="X">kernwapens</wf>
         <wf lemma="te" pos="X">te</wf>
         <instance id="d000.s1064.t000" lemma="ontmantelen" pos="VERB">ontmantelen</instance>
         <wf lemma="." pos="X">.</wf>
      </sentence>
      <sentence id="d000.s1065" source="wordnet-dutch">
         <wf lemma="hij" pos="X">hij</wf>
         <wf lemma="heeft" pos="X">heeft</wf>
         <wf lemma="nauwelijks" pos="X">nauwelijks</wf>
         <wf lemma="enig" pos="X">enig</wf>
         <instance id="d000.s1065.t000" lemma="benul" pos="NOUN">benul</instance>
         <wf lemma="van" pos="X">van</wf>
         <wf lemma="de" pos="X">de</wf>
         <wf lemma="spelregels" pos="X">spelregels</wf>
         <wf lemma="." pos="X">.</wf>
      </sentence>
      <sentence id="d000.s1066" source="wordnet-dutch">
         <wf lemma="de" pos="X">de</wf>
         <wf lemma="enquêteresultaten" pos="X">enquêteresultaten</wf>
         <wf lemma="staan" pos="X">staan</wf>
         <wf lemma="in" pos="X">in</wf>
         <wf lemma="de" pos="X">de</wf>
         <instance id="d000.s1066.t000" lemma="appendix" pos="NOUN">appendix</instance>
         <wf lemma="." pos="X">.</wf>
      </sentence>
      <sentence id="d000.s1067" source="wordnet-dutch">
         <wf lemma="met" pos="X">met</wf>
         <instance id="d000.s1067.t000" lemma="klinknagel" pos="NOUN">klinknagels</instance>
         <wf lemma="werd" pos="X">werd</wf>
         <wf lemma="het" pos="X">het</wf>
         <wf lemma="schip" pos="X">schip</wf>
         <wf lemma="in" pos="X">in</wf>
         <wf lemma="elkaar" pos="X">elkaar</wf>
         <wf lemma="geklonken" pos="X">geklonken</wf>
         <wf lemma="." pos="X">.</wf>
      </sentence>
      <sentence id="d000.s1068" source="wordnet-dutch">
         <wf lemma="een" pos="X">een</wf>
         <instance id="d000.s1068.t000" lemma="bron" pos="NOUN">bron</instance>
         <wf lemma="van" pos="X">van</wf>
         <wf lemma="citaten" pos="X">citaten</wf>
         <wf lemma="." pos="X">.</wf>
      </sentence>
      <sentence id="d000.s1069" source="wordnet-dutch">
         <wf lemma="een" pos="X">een</wf>
         <instance id="d000.s1069.t000" lemma="actie" pos="NOUN">actie</instance>
         <wf lemma="tegen" pos="X">tegen</wf>
         <wf lemma="de" pos="X">de</wf>
         <wf lemma="aanleg" pos="X">aanleg</wf>
         <wf lemma="van" pos="X">van</wf>
         <wf lemma="de" pos="X">de</wf>
         <wf lemma="Betuwelijn" pos="X">Betuwelijn</wf>
         <wf lemma="." pos="X">.</wf>
      </sentence>
      <sentence id="d000.s1070" source="wordnet-dutch">
         <wf lemma="zij" pos="X">zij</wf>
         <instance id="d000.s1070.t000" lemma="schelen" pos="VERB">scheelt</instance>
         <wf lemma="een" pos="X">een</wf>
         <wf lemma="jaar" pos="X">jaar</wf>
         <wf lemma="met" pos="X">met</wf>
         <wf lemma="haar" pos="X">haar</wf>
         <wf lemma="zus" pos="X">zus</wf>
         <wf lemma="." pos="X">.</wf>
      </sentence>
      <sentence id="d000.s1071" source="wordnet-dutch">
         <wf lemma="ik" pos="X">ik</wf>
         <wf lemma="kan" pos="X">kan</wf>
         <wf lemma="niet" pos="X">niet</wf>
         <wf lemma="van" pos="X">van</wf>
         <wf lemma="jou" pos="X">jou</wf>
         <wf lemma="winnen" pos="X">winnen</wf>
         <wf lemma="?" pos="X">?</wf>
         <instance id="d000.s1071.t000" lemma="wedden" pos="VERB">wedden</instance>
         <wf lemma="van" pos="X">van</wf>
         <wf lemma="wel" pos="X">wel</wf>
         <wf lemma="?" pos="X">?</wf>
      </sentence>
      <sentence id="d000.s1072" source="wordnet-dutch">
         <wf lemma="bij" pos="X">bij</wf>
         <wf lemma="de" pos="X">de</wf>
         <wf lemma="verbranding" pos="X">verbranding</wf>
         <wf lemma="van" pos="X">van</wf>
         <instance id="d000.s1072.t000" lemma="afval" pos="NOUN">afval</instance>
         <wf lemma="kunnen" pos="X">kunnen</wf>
         <wf lemma="schadelijke" pos="X">schadelijke</wf>
         <wf lemma="stoffen" pos="X">stoffen</wf>
         <wf lemma="vrijkomen" pos="X">vrijkomen</wf>
         <wf lemma="." pos="X">.</wf>
      </sentence>
      <sentence id="d000.s1073" source="wordnet-dutch">
         <wf lemma="wees" pos="X">wees</wf>
         <wf lemma="voorzichtig" pos="X">voorzichtig</wf>
         <wf lemma="met" pos="X">met</wf>
         <wf lemma="de" pos="X">de</wf>
         <wf lemma="auto" pos="X">auto</wf>
         <wf lemma="," pos="X">,</wf>
         <wf lemma="want" pos="X">want</wf>
         <wf lemma="het" pos="X">het</wf>
         <wf lemma="zou" pos="X">zou</wf>
         <wf lemma="kunnen" pos="X">kunnen</wf>
         <instance id="d000.s1073.t000" lemma="ijzelen" pos="VERB">ijzelen</instance>
         <wf lemma="." pos="X">.</wf>
      </sentence>
      <sentence id="d000.s1074" source="wordnet-dutch">
         <wf lemma="die" pos="X">die</wf>
         <wf lemma="zanger" pos="X">zanger</wf>
         <instance id="d000.s1074.t000" lemma="componeren" pos="VERB">componeert</instance>
         <wf lemma="zijn" pos="X">zijn</wf>
         <wf lemma="liedjes" pos="X">liedjes</wf>
         <wf lemma="zelf" pos="X">zelf</wf>
         <wf lemma="." pos="X">.</wf>
      </sentence>
      <sentence id="d000.s1075" source="wordnet-dutch">
         <wf lemma="Het" pos="X">Het</wf>
         <instance id="d000.s1075.t000" lemma="vallen" pos="VERB">valt</instance>
         <wf lemma="te" pos="X">te</wf>
         <wf lemma="vrezen/Te" pos="X">vrezen/Te</wf>
         <wf lemma="vrezen" pos="X">vrezen</wf>
         <wf lemma="valt" pos="X">valt</wf>
         <wf lemma="dat" pos="X">dat</wf>
         <wf lemma="iets" pos="X">iets</wf>
         <wf lemma="gebeurt" pos="X">gebeurt</wf>
         <wf lemma="." pos="X">.</wf>
      </sentence>
      <sentence id="d000.s1076" source="wordnet-dutch">
         <wf lemma="met" pos="X">met</wf>
         <wf lemma="een" pos="X">een</wf>
         <wf lemma="viltstift" pos="X">viltstift</wf>
         <wf lemma="waren" pos="X">waren</wf>
         <instance id="d000.s1076.t000" lemma="schuttingwoord" pos="NOUN">schuttingwoorden</instance>
         <wf lemma="op" pos="X">op</wf>
         <wf lemma="de" pos="X">de</wf>
         <wf lemma="schoolramen" pos="X">schoolramen</wf>
         <wf lemma="gekalkt" pos="X">gekalkt</wf>
         <wf lemma="." pos="X">.</wf>
      </sentence>
      <sentence id="d000.s1077" source="wordnet-dutch">
         <wf lemma="in" pos="X">in</wf>
         <wf lemma="prachtige" pos="X">prachtige</wf>
         <instance id="d000.s1077.t000" lemma="kostuum" pos="NOUN">kostuums</instance>
         <wf lemma="stonden" pos="X">stonden</wf>
         <wf lemma="ze" pos="X">ze</wf>
         <wf lemma="op" pos="X">op</wf>
         <wf lemma="het" pos="X">het</wf>
         <wf lemma="toneel" pos="X">toneel</wf>
         <wf lemma="." pos="X">.</wf>
      </sentence>
      <sentence id="d000.s1078" source="wordnet-dutch">
         <wf lemma="toen" pos="X">toen</wf>
         <wf lemma="moest" pos="X">moest</wf>
         <wf lemma="hij" pos="X">hij</wf>
         <wf lemma="wel" pos="X">wel</wf>
         <wf lemma="naar" pos="X">naar</wf>
         <wf lemma="een" pos="X">een</wf>
         <wf lemma="nieuwe" pos="X">nieuwe</wf>
         <wf lemma="fiets" pos="X">fiets</wf>
         <instance id="d000.s1078.t000" lemma="omkijken" pos="VERB">omkijken</instance>
         <wf lemma="." pos="X">.</wf>
      </sentence>
      <sentence id="d000.s1079" source="wordnet-dutch">
         <wf lemma="hij" pos="X">hij</wf>
         <wf lemma="maakte" pos="X">maakte</wf>
         <wf lemma="van" pos="X">van</wf>
         <wf lemma="de" pos="X">de</wf>
         <wf lemma="uitgebroken" pos="X">uitgebroken</wf>
         <wf lemma="paniek" pos="X">paniek</wf>
         <wf lemma="gebruik" pos="X">gebruik</wf>
         <wf lemma="om" pos="X">om</wf>
         <wf lemma="ertussenuit" pos="X">ertussenuit</wf>
         <wf lemma="te" pos="X">te</wf>
         <instance id="d000.s1079.t000" lemma="knijpen" pos="VERB">knijpen</instance>
         <wf lemma="." pos="X">.</wf>
      </sentence>
      <sentence id="d000.s1080" source="wordnet-dutch">
         <wf lemma="eerst" pos="X">eerst</wf>
         <wf lemma="moeten" pos="X">moeten</wf>
         <wf lemma="we" pos="X">we</wf>
         <wf lemma="kijken" pos="X">kijken</wf>
         <wf lemma="hoe" pos="X">hoe</wf>
         <wf lemma="de" pos="X">de</wf>
         <wf lemma="tegenstellingen" pos="X">tegenstellingen</wf>
         <wf lemma="tussen" pos="X">tussen</wf>
         <wf lemma="de" pos="X">de</wf>
         <wf lemma="partijen" pos="X">partijen</wf>
         <instance id="d000.s1080.t000" lemma="overbruggen" pos="VERB">overbrugd</instance>
         <wf lemma="kunnen" pos="X">kunnen</wf>
         <wf lemma="worden" pos="X">worden</wf>
         <wf lemma="." pos="X">.</wf>
      </sentence>
      <sentence id="d000.s1081" source="wordnet-dutch">
         <wf lemma="maak" pos="X">maak</wf>
         <wf lemma="je" pos="X">je</wf>
         <instance id="d000.s1081.t000" lemma="riem" pos="NOUN">riem</instance>
         <wf lemma="eens" pos="X">eens</wf>
         <wf lemma="vast" pos="X">vast</wf>
         <wf lemma="," pos="X">,</wf>
         <wf lemma="je" pos="X">je</wf>
         <wf lemma="broek" pos="X">broek</wf>
         <wf lemma="zakt" pos="X">zakt</wf>
         <wf lemma="af" pos="X">af</wf>
         <wf lemma="." pos="X">.</wf>
      </sentence>
      <sentence id="d000.s1082" source="wordnet-dutch">
         <wf lemma="jullie" pos="X">jullie</wf>
         <wf lemma="kunnen" pos="X">kunnen</wf>
         <wf lemma="je" pos="X">je</wf>
         <wf lemma="tent" pos="X">tent</wf>
         <wf lemma="het" pos="X">het</wf>
         <wf lemma="beste" pos="X">beste</wf>
         <wf lemma="aan" pos="X">aan</wf>
         <wf lemma="de" pos="X">de</wf>
         <instance id="d000.s1082.t000" lemma="schaduwzijde" pos="NOUN">schaduwzijde</instance>
         <wf lemma="van" pos="X">van</wf>
         <wf lemma="de" pos="X">de</wf>
         <wf lemma="camping" pos="X">camping</wf>
         <wf lemma="zetten" pos="X">zetten</wf>
         <wf lemma="." pos="X">.</wf>
      </sentence>
      <sentence id="d000.s1083" source="wordnet-dutch">
         <wf lemma="als" pos="X">als</wf>
         <wf lemma="je" pos="X">je</wf>
         <instance id="d000.s1083.t000" lemma="smakken" pos="VERB">smakt</instance>
         <wf lemma="bij" pos="X">bij</wf>
         <wf lemma="het" pos="X">het</wf>
         <wf lemma="eten" pos="X">eten</wf>
         <wf lemma="ga" pos="X">ga</wf>
         <wf lemma="je" pos="X">je</wf>
         <wf lemma="maar" pos="X">maar</wf>
         <wf lemma="in" pos="X">in</wf>
         <wf lemma="de" pos="X">de</wf>
         <wf lemma="keuken" pos="X">keuken</wf>
         <wf lemma="zitten" pos="X">zitten</wf>
         <wf lemma="." pos="X">.</wf>
      </sentence>
      <sentence id="d000.s1084" source="wordnet-dutch">
         <wf lemma="wie" pos="X">wie</wf>
         <wf lemma="de" pos="X">de</wf>
         <wf lemma="regels" pos="X">regels</wf>
         <wf lemma="van" pos="X">van</wf>
         <wf lemma="het" pos="X">het</wf>
         <wf lemma="huis" pos="X">huis</wf>
         <wf lemma="niet" pos="X">niet</wf>
         <instance id="d000.s1084.t000" lemma="respecteren" pos="VERB">respecteert</instance>
         <wf lemma="wordt" pos="X">wordt</wf>
         <wf lemma="eruit" pos="X">eruit</wf>
         <wf lemma="gegooid" pos="X">gegooid</wf>
         <wf lemma="." pos="X">.</wf>
      </sentence>
      <sentence id="d000.s1085" source="wordnet-dutch">
         <wf lemma="zij" pos="X">zij</wf>
         <wf lemma="lijdt" pos="X">lijdt</wf>
         <wf lemma="al" pos="X">al</wf>
         <wf lemma="jaren" pos="X">jaren</wf>
         <wf lemma="aan" pos="X">aan</wf>
         <instance id="d000.s1085.t000" lemma="artritis" pos="NOUN">artritis</instance>
         <wf lemma="." pos="X">.</wf>
      </sentence>
      <sentence id="d000.s1086" source="wordnet-dutch">
         <wf lemma="de" pos="X">de</wf>
         <wf lemma="supporters" pos="X">supporters</wf>
         <wf lemma="gingen" pos="X">gingen</wf>
         <wf lemma="al" pos="X">al</wf>
         <wf lemma="vroeg" pos="X">vroeg</wf>
         <wf lemma="weg" pos="X">weg</wf>
         <wf lemma="," pos="X">,</wf>
         <wf lemma="en" pos="X">en</wf>
         <wf lemma="hij" pos="X">hij</wf>
         <wf lemma="kon" pos="X">kon</wf>
         <wf lemma="hen" pos="X">hen</wf>
         <wf lemma="geen" pos="X">geen</wf>
         <instance id="d000.s1086.t000" lemma="ongelijk" pos="NOUN">ongelijk</instance>
         <wf lemma="geven" pos="X">geven</wf>
         <wf lemma=":" pos="X">:</wf>
         <wf lemma="de" pos="X">de</wf>
         <wf lemma="wedstrijd" pos="X">wedstrijd</wf>
         <wf lemma="was" pos="X">was</wf>
         <wf lemma="erg" pos="X">erg</wf>
         <wf lemma="slecht" pos="X">slecht</wf>
         <wf lemma="." pos="X">.</wf>
      </sentence>
      <sentence id="d000.s1087" source="wordnet-dutch">
         <wf lemma="hij" pos="X">hij</wf>
         <wf lemma="verdween" pos="X">verdween</wf>
         <wf lemma="ongezien" pos="X">ongezien</wf>
         <wf lemma="door" pos="X">door</wf>
         <wf lemma="de" pos="X">de</wf>
         <instance id="d000.s1087.t000" lemma="achterdeur" pos="NOUN">achterdeur</instance>
         <wf lemma="." pos="X">.</wf>
      </sentence>
      <sentence id="d000.s1088" source="wordnet-dutch">
         <wf lemma="dat" pos="X">dat</wf>
         <wf lemma="verwijt" pos="X">verwijt</wf>
         <instance id="d000.s1088.t000" lemma="steken" pos="VERB">steekt</instance>
         <wf lemma="." pos="X">.</wf>
      </sentence>
      <sentence id="d000.s1089" source="wordnet-dutch">
         <wf lemma="toen" pos="X">toen</wf>
         <wf lemma="waren" pos="X">waren</wf>
         <wf lemma="we" pos="X">we</wf>
         <instance id="d000.s1089.t000" lemma="braam" pos="NOUN">bramen</instance>
         <wf lemma="aan" pos="X">aan</wf>
         <wf lemma="het" pos="X">het</wf>
         <wf lemma="plukken" pos="X">plukken</wf>
         <wf lemma="in" pos="X">in</wf>
         <wf lemma="het" pos="X">het</wf>
         <wf lemma="bos." pos="X">bos.</wf>
      </sentence>
      <sentence id="d000.s1090" source="wordnet-dutch">
         <wf lemma="Het" pos="X">Het</wf>
         <wf lemma="budget" pos="X">budget</wf>
         <wf lemma="wordt" pos="X">wordt</wf>
         <wf lemma="aangewend" pos="X">aangewend</wf>
         <wf lemma="voor" pos="X">voor</wf>
         <wf lemma="de" pos="X">de</wf>
         <instance id="d000.s1090.t000" lemma="overloop" pos="NOUN">overloop</instance>
         <wf lemma="van" pos="X">van</wf>
         <wf lemma="het" pos="X">het</wf>
         <wf lemma="programma" pos="X">programma</wf>
         <wf lemma="." pos="X">.</wf>
      </sentence>
      <sentence id="d000.s1091" source="wordnet-dutch">
         <wf lemma="cafébiljarters" pos="X">cafébiljarters</wf>
         <wf lemma="maken" pos="X">maken</wf>
         <wf lemma="zelden" pos="X">zelden</wf>
         <wf lemma="een" pos="X">een</wf>
         <instance id="d000.s1091.t000" lemma="serie" pos="NOUN">serie</instance>
         <wf lemma="van" pos="X">van</wf>
         <wf lemma="meer" pos="X">meer</wf>
         <wf lemma="dan" pos="X">dan</wf>
         <wf lemma="10." pos="X">10.</wf>
      </sentence>
      <sentence id="d000.s1092" source="wordnet-dutch">
         <wf lemma="hij" pos="X">hij</wf>
         <wf lemma="gebruikte" pos="X">gebruikte</wf>
         <wf lemma="die" pos="X">die</wf>
         <wf lemma="baan" pos="X">baan</wf>
         <wf lemma="als" pos="X">als</wf>
         <instance id="d000.s1092.t000" lemma="springplank" pos="NOUN">springplank</instance>
         <wf lemma="voor/naar" pos="X">voor/naar</wf>
         <wf lemma="een" pos="X">een</wf>
         <wf lemma="prachtige" pos="X">prachtige</wf>
         <wf lemma="carrière" pos="X">carrière</wf>
         <wf lemma="." pos="X">.</wf>
      </sentence>
      <sentence id="d000.s1093" source="wordnet-dutch">
         <wf lemma="zijn" pos="X">zijn</wf>
         <wf lemma="de" pos="X">de</wf>
         <wf lemma="onkosten" pos="X">onkosten</wf>
         <wf lemma="in" pos="X">in</wf>
         <wf lemma="de" pos="X">de</wf>
         <wf lemma="prijs" pos="X">prijs</wf>
         <instance id="d000.s1093.t000" lemma="begrijpen" pos="VERB">begrepen</instance>
         <wf lemma="?" pos="X">?</wf>
      </sentence>
      <sentence id="d000.s1094" source="wordnet-dutch">
         <wf lemma="onderzoekers" pos="X">onderzoekers</wf>
         <instance id="d000.s1094.t000" lemma="ontwikkelen" pos="VERB">ontwikkelden</instance>
         <wf lemma="een" pos="X">een</wf>
         <wf lemma="nieuwe" pos="X">nieuwe</wf>
         <wf lemma="test" pos="X">test</wf>
         <wf lemma="die" pos="X">die</wf>
         <wf lemma="veel" pos="X">veel</wf>
         <wf lemma="betrouwbaarder" pos="X">betrouwbaarder</wf>
         <wf lemma="is" pos="X">is</wf>
         <wf lemma="dan" pos="X">dan</wf>
         <wf lemma="de" pos="X">de</wf>
         <wf lemma="oude" pos="X">oude</wf>
         <wf lemma="testen" pos="X">testen</wf>
         <wf lemma="." pos="X">.</wf>
      </sentence>
      <sentence id="d000.s1095" source="wordnet-dutch">
         <wf lemma="hij" pos="X">hij</wf>
         <wf lemma="kwam" pos="X">kwam</wf>
         <wf lemma="met" pos="X">met</wf>
         <wf lemma="het" pos="X">het</wf>
         <instance id="d000.s1095.t000" lemma="verhaal" pos="NOUN">verhaal</instance>
         <wf lemma="dat" pos="X">dat</wf>
         <wf lemma="hij" pos="X">hij</wf>
         <wf lemma="beroofd" pos="X">beroofd</wf>
         <wf lemma="was" pos="X">was</wf>
         <wf lemma="." pos="X">.</wf>
      </sentence>
      <sentence id="d000.s1096" source="wordnet-dutch">
         <wf lemma="hij" pos="X">hij</wf>
         <wf lemma="heeft" pos="X">heeft</wf>
         <wf lemma="vandaag" pos="X">vandaag</wf>
         <instance id="d000.s1096.t000" lemma="blijk" pos="NOUN">blijk</instance>
         <wf lemma="gegeven" pos="X">gegeven</wf>
         <wf lemma="van" pos="X">van</wf>
         <wf lemma="een" pos="X">een</wf>
         <wf lemma="enorm" pos="X">enorm</wf>
         <wf lemma="doorzettingsvermogen" pos="X">doorzettingsvermogen</wf>
         <wf lemma="." pos="X">.</wf>
      </sentence>
      <sentence id="d000.s1097" source="wordnet-dutch">
         <wf lemma="ondanks" pos="X">ondanks</wf>
         <wf lemma="druk" pos="X">druk</wf>
         <wf lemma="uit" pos="X">uit</wf>
         <wf lemma="de" pos="X">de</wf>
         <wf lemma="agrarische" pos="X">agrarische</wf>
         <instance id="d000.s1097.t000" lemma="hoek" pos="NOUN">hoek</instance>
         <wf lemma="zal" pos="X">zal</wf>
         <wf lemma="het" pos="X">het</wf>
         <wf lemma="mestbeleid" pos="X">mestbeleid</wf>
         <wf lemma="niet" pos="X">niet</wf>
         <wf lemma="versoepeld" pos="X">versoepeld</wf>
         <wf lemma="worden" pos="X">worden</wf>
         <wf lemma="." pos="X">.</wf>
      </sentence>
      <sentence id="d000.s1098" source="wordnet-dutch">
         <wf lemma="ze" pos="X">ze</wf>
         <instance id="d000.s1098.t000" lemma="pogen" pos="VERB">poogde</instance>
         <wf lemma="tevergeefs" pos="X">tevergeefs</wf>
         <wf lemma="zich" pos="X">zich</wf>
         <wf lemma="uit" pos="X">uit</wf>
         <wf lemma="deze" pos="X">deze</wf>
         <wf lemma="benarde" pos="X">benarde</wf>
         <wf lemma="situatie" pos="X">situatie</wf>
         <wf lemma="te" pos="X">te</wf>
         <wf lemma="bevrijden" pos="X">bevrijden</wf>
         <wf lemma="." pos="X">.</wf>
      </sentence>
      <sentence id="d000.s1099" source="wordnet-dutch">
         <wf lemma="hij" pos="X">hij</wf>
         <wf lemma="is" pos="X">is</wf>
         <wf lemma="in" pos="X">in</wf>
         <wf lemma="het" pos="X">het</wf>
         <instance id="d000.s1099.t000" lemma="vooronder" pos="NOUN">vooronder</instance>
         <wf lemma="." pos="X">.</wf>
      </sentence>
      <sentence id="d000.s1100" source="wordnet-dutch">
         <wf lemma="per" pos="X">per</wf>
         <instance id="d000.s1100.t000" lemma="cheque" pos="NOUN">cheque</instance>
         <wf lemma="betalen" pos="X">betalen</wf>
         <wf lemma="." pos="X">.</wf>
      </sentence>
      <sentence id="d000.s1101" source="wordnet-dutch">
         <wf lemma="hij" pos="X">hij</wf>
         <wf lemma="had" pos="X">had</wf>
         <wf lemma="grote" pos="X">grote</wf>
         <wf lemma="verliezen" pos="X">verliezen</wf>
         <wf lemma="geleden" pos="X">geleden</wf>
         <wf lemma="met" pos="X">met</wf>
         <wf lemma="een" pos="X">een</wf>
         <wf lemma="transactie" pos="X">transactie</wf>
         <wf lemma="die" pos="X">die</wf>
         <wf lemma="verkeerd" pos="X">verkeerd</wf>
         <instance id="d000.s1101.t000" lemma="uitpakken" pos="VERB">uitpakte</instance>
         <wf lemma="." pos="X">.</wf>
      </sentence>
      <sentence id="d000.s1102" source="wordnet-dutch">
         <wf lemma="het" pos="X">het</wf>
         <instance id="d000.s1102.t000" lemma="scorebord" pos="NOUN">scorebord</instance>
         <wf lemma="gaf" pos="X">gaf</wf>
         <wf lemma="3-0" pos="X">3-0</wf>
         <wf lemma="aan" pos="X">aan</wf>
         <wf lemma="." pos="X">.</wf>
      </sentence>
      <sentence id="d000.s1103" source="wordnet-dutch">
         <wf lemma="de" pos="X">de</wf>
         <wf lemma="auto" pos="X">auto</wf>
         <instance id="d000.s1103.t000" lemma="krullen" pos="VERB">krulde</instance>
         <wf lemma="zich" pos="X">zich</wf>
         <wf lemma="om" pos="X">om</wf>
         <wf lemma="de" pos="X">de</wf>
         <wf lemma="lantaarnpaal" pos="X">lantaarnpaal</wf>
         <wf lemma="." pos="X">.</wf>
      </sentence>
      <sentence id="d000.s1104" source="wordnet-dutch">
         <wf lemma="'s" pos="X">'s</wf>
         <wf lemma="winters" pos="X">winters</wf>
         <instance id="d000.s1104.t000" lemma="missen" pos="VERB">mis</instance>
         <wf lemma="ik" pos="X">ik</wf>
         <wf lemma="de" pos="X">de</wf>
         <wf lemma="zon" pos="X">zon</wf>
         <wf lemma="enorm" pos="X">enorm</wf>
         <wf lemma="." pos="X">.</wf>
      </sentence>
      <sentence id="d000.s1105" source="wordnet-dutch">
         <wf lemma="de" pos="X">de</wf>
         <wf lemma="bloedsporen" pos="X">bloedsporen</wf>
         <instance id="d000.s1105.t000" lemma="wettigen" pos="VERB">wettigen</instance>
         <wf lemma="het" pos="X">het</wf>
         <wf lemma="vermoeden" pos="X">vermoeden</wf>
         <wf lemma="dat" pos="X">dat</wf>
         <wf lemma="er" pos="X">er</wf>
         <wf lemma="sprake" pos="X">sprake</wf>
         <wf lemma="is" pos="X">is</wf>
         <wf lemma="van" pos="X">van</wf>
         <wf lemma="een" pos="X">een</wf>
         <wf lemma="misdrijf" pos="X">misdrijf</wf>
         <wf lemma="." pos="X">.</wf>
      </sentence>
      <sentence id="d000.s1106" source="wordnet-dutch">
         <wf lemma="ik" pos="X">ik</wf>
         <wf lemma="werd" pos="X">werd</wf>
         <wf lemma="helemaal" pos="X">helemaal</wf>
         <instance id="d000.s1106.t000" lemma="overweldigen" pos="VERB">overweldigd</instance>
         <wf lemma="door" pos="X">door</wf>
         <wf lemma="wat" pos="X">wat</wf>
         <wf lemma="er" pos="X">er</wf>
         <wf lemma="gaande" pos="X">gaande</wf>
         <wf lemma="was" pos="X">was</wf>
         <wf lemma="." pos="X">.</wf>
      </sentence>
      <sentence id="d000.s1107" source="wordnet-dutch">
         <wf lemma="de" pos="X">de</wf>
         <wf lemma="Europese" pos="X">Europese</wf>
         <wf lemma="vissers" pos="X">vissers</wf>
         <wf lemma="krijgen" pos="X">krijgen</wf>
         <wf lemma="toegang" pos="X">toegang</wf>
         <wf lemma="tot" pos="X">tot</wf>
         <wf lemma="de" pos="X">de</wf>
         <instance id="d000.s1107.t000" lemma="visgrond" pos="NOUN">visgronden</instance>
         <wf lemma="van" pos="X">van</wf>
         <wf lemma="Marokko" pos="X">Marokko</wf>
         <wf lemma="." pos="X">.</wf>
      </sentence>
      <sentence id="d000.s1108" source="wordnet-dutch">
         <wf lemma="de" pos="X">de</wf>
         <instance id="d000.s1108.t000" lemma="belasting" pos="NOUN">belasting</instance>
         <wf lemma="wordt" pos="X">wordt</wf>
         <wf lemma="deels" pos="X">deels</wf>
         <wf lemma="van" pos="X">van</wf>
         <wf lemma="uw" pos="X">uw</wf>
         <wf lemma="salaris" pos="X">salaris</wf>
         <wf lemma="ingehouden" pos="X">ingehouden</wf>
         <wf lemma="." pos="X">.</wf>
      </sentence>
      <sentence id="d000.s1109" source="wordnet-dutch">
         <wf lemma="hij" pos="X">hij</wf>
         <wf lemma="koesterde" pos="X">koesterde</wf>
         <wf lemma="absoluut" pos="X">absoluut</wf>
         <wf lemma="geen" pos="X">geen</wf>
         <instance id="d000.s1109.t000" lemma="argwaan" pos="NOUN">argwaan</instance>
         <wf lemma="tegen" pos="X">tegen</wf>
         <wf lemma="haar" pos="X">haar</wf>
         <wf lemma="." pos="X">.</wf>
      </sentence>
      <sentence id="d000.s1110" source="wordnet-dutch">
         <wf lemma="deze" pos="X">deze</wf>
         <instance id="d000.s1110.t000" lemma="editie" pos="NOUN">editie</instance>
         <wf lemma="is" pos="X">is</wf>
         <wf lemma="verzorgd" pos="X">verzorgd</wf>
         <wf lemma="door" pos="X">door</wf>
         <wf lemma="prof." pos="X">prof.</wf>
         <wf lemma="Maartje" pos="X">Maartje</wf>
         <wf lemma="Draak" pos="X">Draak</wf>
         <wf lemma="." pos="X">.</wf>
      </sentence>
      <sentence id="d000.s1111" source="wordnet-dutch">
         <wf lemma="dat" pos="X">dat</wf>
         <wf lemma="moet" pos="X">moet</wf>
         <wf lemma="ieder" pos="X">ieder</wf>
         <wf lemma="voor" pos="X">voor</wf>
         <wf lemma="zichzelf" pos="X">zichzelf</wf>
         <instance id="d000.s1111.t000" lemma="uitmaken" pos="VERB">uitmaken</instance>
         <wf lemma="." pos="X">.</wf>
      </sentence>
      <sentence id="d000.s1112" source="wordnet-dutch">
         <wf lemma="De" pos="X">De</wf>
         <wf lemma="nieuwste" pos="X">nieuwste</wf>
         <instance id="d000.s1112.t000" lemma="rage" pos="NOUN">rage</instance>
         <wf lemma="heet" pos="X">heet</wf>
         <wf lemma="'" pos="X">'</wf>
         <wf lemma="snowboarden" pos="X">snowboarden</wf>
         <wf lemma="'" pos="X">'</wf>
         <wf lemma="." pos="X">.</wf>
      </sentence>
      <sentence id="d000.s1113" source="wordnet-dutch">
         <wf lemma="zo'n" pos="X">zo'n</wf>
         <wf lemma="starre" pos="X">starre</wf>
         <wf lemma="opvatting" pos="X">opvatting</wf>
         <instance id="d000.s1113.t000" lemma="neigen" pos="VERB">neigt</instance>
         <wf lemma="naar" pos="X">naar</wf>
         <wf lemma="fundamentalisme" pos="X">fundamentalisme</wf>
         <wf lemma="." pos="X">.</wf>
      </sentence>
      <sentence id="d000.s1114" source="wordnet-dutch">
         <wf lemma="de" pos="X">de</wf>
         <instance id="d000.s1114.t000" lemma="brandweer" pos="NOUN">brandweer</instance>
         <wf lemma="moest" pos="X">moest</wf>
         <wf lemma="uitrukken" pos="X">uitrukken</wf>
         <wf lemma="om" pos="X">om</wf>
         <wf lemma="de" pos="X">de</wf>
         <wf lemma="bewoners" pos="X">bewoners</wf>
         <wf lemma="te" pos="X">te</wf>
         <wf lemma="redden" pos="X">redden</wf>
         <wf lemma="." pos="X">.</wf>
      </sentence>
      <sentence id="d000.s1115" source="wordnet-dutch">
         <wf lemma="heb" pos="X">heb</wf>
         <wf lemma="je" pos="X">je</wf>
         <wf lemma="je" pos="X">je</wf>
         <instance id="d000.s1115.t000" lemma="lens" pos="NOUN">lenzen</instance>
         <wf lemma="niet" pos="X">niet</wf>
         <wf lemma="in" pos="X">in</wf>
         <wf lemma="?" pos="X">?</wf>
      </sentence>
      <sentence id="d000.s1116" source="wordnet-dutch">
         <wf lemma="hij" pos="X">hij</wf>
         <wf lemma="heeft" pos="X">heeft</wf>
         <wf lemma="allerlei" pos="X">allerlei</wf>
         <instance id="d000.s1116.t000" lemma="idee" pos="NOUN">ideeën</instance>
         <wf lemma="omtrent/over" pos="X">omtrent/over</wf>
         <wf lemma="leven" pos="X">leven</wf>
         <wf lemma="en" pos="X">en</wf>
         <wf lemma="dood" pos="X">dood</wf>
         <wf lemma="." pos="X">.</wf>
      </sentence>
      <sentence id="d000.s1117" source="wordnet-dutch">
         <wf lemma="de" pos="X">de</wf>
         <wf lemma="PLO-leider" pos="X">PLO-leider</wf>
         <instance id="d000.s1117.t000" lemma="bespreken" pos="VERB">besprak</instance>
         <wf lemma="het" pos="X">het</wf>
         <wf lemma="probleem" pos="X">probleem</wf>
         <wf lemma="vandaag" pos="X">vandaag</wf>
         <wf lemma="met" pos="X">met</wf>
         <wf lemma="de" pos="X">de</wf>
         <wf lemma="premier" pos="X">premier</wf>
         <wf lemma="van" pos="X">van</wf>
         <wf lemma="Israël" pos="X">Israël</wf>
         <wf lemma="." pos="X">.</wf>
      </sentence>
      <sentence id="d000.s1118" source="wordnet-dutch">
         <wf lemma="tijdens" pos="X">tijdens</wf>
         <wf lemma="de" pos="X">de</wf>
         <wf lemma="rellen" pos="X">rellen</wf>
         <wf lemma="na" pos="X">na</wf>
         <wf lemma="de" pos="X">de</wf>
         <wf lemma="voetbalwedstrijd" pos="X">voetbalwedstrijd</wf>
         <wf lemma="Ajax-Feijenoord" pos="X">Ajax-Feijenoord</wf>
         <wf lemma="zijn" pos="X">zijn</wf>
         <wf lemma="tientallen" pos="X">tientallen</wf>
         <instance id="d000.s1118.t000" lemma="arrestatie" pos="NOUN">arrestaties</instance>
         <wf lemma="verricht" pos="X">verricht</wf>
         <wf lemma="." pos="X">.</wf>
      </sentence>
      <sentence id="d000.s1119" source="wordnet-dutch">
         <wf lemma="er" pos="X">er</wf>
         <wf lemma="zijn" pos="X">zijn</wf>
         <wf lemma="ook" pos="X">ook</wf>
         <wf lemma="aquaria" pos="X">aquaria</wf>
         <wf lemma="met" pos="X">met</wf>
         <wf lemma="planten" pos="X">planten</wf>
         <wf lemma="en" pos="X">en</wf>
         <wf lemma="vissen" pos="X">vissen</wf>
         <wf lemma="uit" pos="X">uit</wf>
         <wf lemma="verschillende" pos="X">verschillende</wf>
         <instance id="d000.s1119.t000" lemma="werelddeel" pos="NOUN">werelddelen</instance>
         <wf lemma="." pos="X">.</wf>
      </sentence>
      <sentence id="d000.s1120" source="wordnet-dutch">
         <wf lemma="gebiedsdelen" pos="X">gebiedsdelen</wf>
         <wf lemma="over" pos="X">over</wf>
         <instance id="d000.s1120.t000" lemma="zee" pos="NOUN">zee</instance>
         <wf lemma="." pos="X">.</wf>
      </sentence>
      <sentence id="d000.s1121" source="wordnet-dutch">
         <wf lemma="hij" pos="X">hij</wf>
         <wf lemma="is" pos="X">is</wf>
         <wf lemma="voor" pos="X">voor</wf>
         <wf lemma="twee" pos="X">twee</wf>
         <instance id="d000.s1121.t000" lemma="jaar" pos="NOUN">jaar</instance>
         <wf lemma="naar" pos="X">naar</wf>
         <wf lemma="Amerika" pos="X">Amerika</wf>
         <wf lemma="geweest" pos="X">geweest</wf>
         <wf lemma="." pos="X">.</wf>
      </sentence>
      <sentence id="d000.s1122" source="wordnet-dutch">
         <wf lemma="als" pos="X">als</wf>
         <wf lemma="bij" pos="X">bij</wf>
         <wf lemma="wonder" pos="X">wonder</wf>
         <instance id="d000.s1122.t000" lemma="overleven" pos="VERB">overleefde</instance>
         <wf lemma="hij" pos="X">hij</wf>
         <wf lemma="'" pos="X">'</wf>
         <wf lemma="deze" pos="X">deze</wf>
         <wf lemma="ramp'/'dit" pos="X">ramp'/'dit</wf>
         <wf lemma="ongeluk" pos="X">ongeluk</wf>
         <wf lemma="'" pos="X">'</wf>
         <wf lemma="." pos="X">.</wf>
      </sentence>
      <sentence id="d000.s1123" source="wordnet-dutch">
         <wf lemma="onder" pos="X">onder</wf>
         <wf lemma="grote" pos="X">grote</wf>
         <wf lemma="belangstelling" pos="X">belangstelling</wf>
         <wf lemma="van" pos="X">van</wf>
         <instance id="d000.s1123.t000" lemma="pers" pos="NOUN">pers</instance>
         <wf lemma="," pos="X">,</wf>
         <wf lemma="radio" pos="X">radio</wf>
         <wf lemma="en" pos="X">en</wf>
         <wf lemma="televisie" pos="X">televisie</wf>
         <wf lemma="." pos="X">.</wf>
      </sentence>
      <sentence id="d000.s1124" source="wordnet-dutch">
         <wf lemma="de" pos="X">de</wf>
         <wf lemma="arbeiders" pos="X">arbeiders</wf>
         <wf lemma="van" pos="X">van</wf>
         <wf lemma="de" pos="X">de</wf>
         <wf lemma="fabriek" pos="X">fabriek</wf>
         <wf lemma="hebben" pos="X">hebben</wf>
         <wf lemma="het" pos="X">het</wf>
         <wf lemma="werk" pos="X">werk</wf>
         <wf lemma="weer" pos="X">weer</wf>
         <instance id="d000.s1124.t000" lemma="opvatten" pos="VERB">opgevat</instance>
         <wf lemma="." pos="X">.</wf>
      </sentence>
      <sentence id="d000.s1125" source="wordnet-dutch">
         <wf lemma="het" pos="X">het</wf>
         <wf lemma="vliegtuig" pos="X">vliegtuig</wf>
         <wf lemma="maakt" pos="X">maakt</wf>
         <wf lemma="een" pos="X">een</wf>
         <instance id="d000.s1125.t000" lemma="tussenstop" pos="NOUN">tussenstop</instance>
         <wf lemma="in" pos="X">in</wf>
         <wf lemma="Frankfurt" pos="X">Frankfurt</wf>
         <wf lemma="." pos="X">.</wf>
      </sentence>
      <sentence id="d000.s1126" source="wordnet-dutch">
         <wf lemma="het" pos="X">het</wf>
         <wf lemma="water" pos="X">water</wf>
         <instance id="d000.s1126.t000" lemma="reiken" pos="VERB">reikte</instance>
         <wf lemma="tot" pos="X">tot</wf>
         <wf lemma="aan" pos="X">aan</wf>
         <wf lemma="de" pos="X">de</wf>
         <wf lemma="knieën" pos="X">knieën</wf>
         <wf lemma="." pos="X">.</wf>
      </sentence>
      <sentence id="d000.s1127" source="wordnet-dutch">
         <wf lemma="de" pos="X">de</wf>
         <wf lemma="overheid" pos="X">overheid</wf>
         <wf lemma="probeerde" pos="X">probeerde</wf>
         <wf lemma="deze" pos="X">deze</wf>
         <wf lemma="ontwikkeling" pos="X">ontwikkeling</wf>
         <wf lemma="met" pos="X">met</wf>
         <wf lemma="alle" pos="X">alle</wf>
         <wf lemma="middelen" pos="X">middelen</wf>
         <wf lemma="te" pos="X">te</wf>
         <instance id="d000.s1127.t000" lemma="stuiten" pos="VERB">stuiten</instance>
         <wf lemma="." pos="X">.</wf>
      </sentence>
      <sentence id="d000.s1128" source="wordnet-dutch">
         <wf lemma="die" pos="X">die</wf>
         <wf lemma="ruimte" pos="X">ruimte</wf>
         <instance id="d000.s1128.t000" lemma="tonen" pos="VERB">toont</instance>
         <wf lemma="groter/kleiner" pos="X">groter/kleiner</wf>
         <wf lemma="dan" pos="X">dan</wf>
         <wf lemma="ze" pos="X">ze</wf>
         <wf lemma="in" pos="X">in</wf>
         <wf lemma="werkelijkheid" pos="X">werkelijkheid</wf>
         <wf lemma="is" pos="X">is</wf>
         <wf lemma="." pos="X">.</wf>
      </sentence>
      <sentence id="d000.s1129" source="wordnet-dutch">
         <wf lemma="mijn" pos="X">mijn</wf>
         <wf lemma="kinderen" pos="X">kinderen</wf>
         <wf lemma="komen" pos="X">komen</wf>
         <wf lemma="altijd" pos="X">altijd</wf>
         <wf lemma="met" pos="X">met</wf>
         <wf lemma="hele" pos="X">hele</wf>
         <instance id="d000.s1129.t000" lemma="verhaal" pos="NOUN">verhalen</instance>
         <wf lemma="thuis" pos="X">thuis</wf>
         <wf lemma="." pos="X">.</wf>
      </sentence>
      <sentence id="d000.s1130" source="wordnet-dutch">
         <wf lemma="het" pos="X">het</wf>
         <wf lemma="is" pos="X">is</wf>
         <wf lemma="gezond" pos="X">gezond</wf>
         <wf lemma="om" pos="X">om</wf>
         <wf lemma="mager" pos="X">mager</wf>
         <instance id="d000.s1130.t000" lemma="vlees" pos="NOUN">vlees</instance>
         <wf lemma="te" pos="X">te</wf>
         <wf lemma="eten" pos="X">eten</wf>
         <wf lemma="." pos="X">.</wf>
      </sentence>
      <sentence id="d000.s1131" source="wordnet-dutch">
         <wf lemma="het" pos="X">het</wf>
         <wf lemma="is" pos="X">is</wf>
         <wf lemma="de" pos="X">de</wf>
         <instance id="d000.s1131.t000" lemma="bedoeling" pos="NOUN">bedoeling</instance>
         <wf lemma="dat" pos="X">dat</wf>
         <wf lemma="we" pos="X">we</wf>
         <wf lemma="om" pos="X">om</wf>
         <wf lemma="vier" pos="X">vier</wf>
         <wf lemma="uur" pos="X">uur</wf>
         <wf lemma="vertrekken" pos="X">vertrekken</wf>
         <wf lemma="." pos="X">.</wf>
      </sentence>
      <sentence id="d000.s1132" source="wordnet-dutch">
         <wf lemma="hij" pos="X">hij</wf>
         <wf lemma="voelde" pos="X">voelde</wf>
         <wf lemma="zich" pos="X">zich</wf>
         <instance id="d000.s1132.t000" lemma="verraden" pos="VERB">verraden</instance>
         <wf lemma="door" pos="X">door</wf>
         <wf lemma="al" pos="X">al</wf>
         <wf lemma="zijn" pos="X">zijn</wf>
         <wf lemma="vrienden" pos="X">vrienden</wf>
         <wf lemma="." pos="X">.</wf>
      </sentence>
      <sentence id="d000.s1133" source="wordnet-dutch">
         <wf lemma="vele" pos="X">vele</wf>
         <wf lemma="artsen" pos="X">artsen</wf>
         <wf lemma="vinden" pos="X">vinden</wf>
         <wf lemma="dat" pos="X">dat</wf>
         <wf lemma="de" pos="X">de</wf>
         <wf lemma="hele" pos="X">hele</wf>
         <wf lemma="zaak" pos="X">zaak</wf>
         <wf lemma="rond" pos="X">rond</wf>
         <wf lemma="de" pos="X">de</wf>
         <wf lemma="dolle" pos="X">dolle</wf>
         <wf lemma="koeienziekte" pos="X">koeienziekte</wf>
         <instance id="d000.s1133.t000" lemma="overtrekken" pos="VERB">overtrokken</instance>
         <wf lemma="wordt" pos="X">wordt</wf>
         <wf lemma="." pos="X">.</wf>
      </sentence>
      <sentence id="d000.s1134" source="wordnet-dutch">
         <wf lemma="zo" pos="X">zo</wf>
         <instance id="d000.s1134.t000" lemma="komen" pos="VERB">kwam</instance>
         <wf lemma="de" pos="X">de</wf>
         <wf lemma="overeenkomst" pos="X">overeenkomst</wf>
         <wf lemma="toch" pos="X">toch</wf>
         <wf lemma="nog" pos="X">nog</wf>
         <wf lemma="tot" pos="X">tot</wf>
         <wf lemma="stand" pos="X">stand</wf>
         <wf lemma="." pos="X">.</wf>
      </sentence>
      <sentence id="d000.s1135" source="wordnet-dutch">
         <wf lemma="een" pos="X">een</wf>
         <wf lemma="geheime" pos="X">geheime</wf>
         <instance id="d000.s1135.t000" lemma="code" pos="NOUN">code</instance>
         <wf lemma="." pos="X">.</wf>
      </sentence>
      <sentence id="d000.s1136" source="wordnet-dutch">
         <wf lemma="de" pos="X">de</wf>
         <wf lemma="katten" pos="X">katten</wf>
         <wf lemma="liggen" pos="X">liggen</wf>
         <wf lemma="lekker" pos="X">lekker</wf>
         <wf lemma="te" pos="X">te</wf>
         <instance id="d000.s1136.t000" lemma="soezen" pos="VERB">soezen</instance>
         <wf lemma="voor" pos="X">voor</wf>
         <wf lemma="de" pos="X">de</wf>
         <wf lemma="kachel" pos="X">kachel</wf>
         <wf lemma="." pos="X">.</wf>
      </sentence>
      <sentence id="d000.s1137" source="wordnet-dutch">
         <wf lemma="men" pos="X">men</wf>
         <wf lemma="heeft" pos="X">heeft</wf>
         <instance id="d000.s1137.t000" lemma="bekendmaken" pos="VERB">bekendgemaakt</instance>
         <wf lemma="dat" pos="X">dat</wf>
         <wf lemma="de" pos="X">de</wf>
         <wf lemma="verkiezingen" pos="X">verkiezingen</wf>
         <wf lemma="doorgaan" pos="X">doorgaan</wf>
         <wf lemma="." pos="X">.</wf>
      </sentence>
      <sentence id="d000.s1138" source="wordnet-dutch">
         <wf lemma="ik" pos="X">ik</wf>
         <wf lemma="kan" pos="X">kan</wf>
         <wf lemma="niet" pos="X">niet</wf>
         <wf lemma="meer" pos="X">meer</wf>
         <instance id="d000.s1138.t000" lemma="verdragen" pos="VERB">verdragen</instance>
         <wf lemma="dat" pos="X">dat</wf>
         <wf lemma="die" pos="X">die</wf>
         <wf lemma="twee" pos="X">twee</wf>
         <wf lemma="altijd" pos="X">altijd</wf>
         <wf lemma="ruzie" pos="X">ruzie</wf>
         <wf lemma="zitten" pos="X">zitten</wf>
         <wf lemma="te" pos="X">te</wf>
         <wf lemma="maken" pos="X">maken</wf>
         <wf lemma="." pos="X">.</wf>
      </sentence>
      <sentence id="d000.s1139" source="wordnet-dutch">
         <wf lemma="de" pos="X">de</wf>
         <wf lemma="strijdmacht" pos="X">strijdmacht</wf>
         <instance id="d000.s1139.t000" lemma="ressorteren" pos="VERB">ressorteerde</instance>
         <wf lemma="sindsdien" pos="X">sindsdien</wf>
         <wf lemma="onder" pos="X">onder</wf>
         <wf lemma="het" pos="X">het</wf>
         <wf lemma="ministerie" pos="X">ministerie</wf>
         <wf lemma="van" pos="X">van</wf>
         <wf lemma="Defensie" pos="X">Defensie</wf>
         <wf lemma="," pos="X">,</wf>
         <wf lemma="en" pos="X">en</wf>
         <wf lemma="niet" pos="X">niet</wf>
         <wf lemma="meer" pos="X">meer</wf>
         <wf lemma="onder" pos="X">onder</wf>
         <wf lemma="het" pos="X">het</wf>
         <wf lemma="ministerie" pos="X">ministerie</wf>
         <wf lemma="van" pos="X">van</wf>
         <wf lemma="Buitenlandse" pos="X">Buitenlandse</wf>
         <wf lemma="Zaken" pos="X">Zaken</wf>
         <wf lemma="." pos="X">.</wf>
      </sentence>
      <sentence id="d000.s1140" source="wordnet-dutch">
         <wf lemma="de" pos="X">de</wf>
         <wf lemma="film" pos="X">film</wf>
         <wf lemma="is" pos="X">is</wf>
         <wf lemma="een" pos="X">een</wf>
         <instance id="d000.s1140.t000" lemma="introductie" pos="NOUN">introductie</instance>
         <wf lemma="op" pos="X">op</wf>
         <wf lemma="de" pos="X">de</wf>
         <wf lemma="tentoonstelling" pos="X">tentoonstelling</wf>
         <wf lemma="." pos="X">.</wf>
      </sentence>
      <sentence id="d000.s1141" source="wordnet-dutch">
         <wf lemma="u" pos="X">u</wf>
         <wf lemma="kunt" pos="X">kunt</wf>
         <wf lemma="de" pos="X">de</wf>
         <wf lemma="bon" pos="X">bon</wf>
         <wf lemma="langs" pos="X">langs</wf>
         <wf lemma="de" pos="X">de</wf>
         <instance id="d000.s1141.t000" lemma="perforatie" pos="NOUN">perforatie</instance>
         <wf lemma="afscheuren" pos="X">afscheuren</wf>
         <wf lemma="en" pos="X">en</wf>
         <wf lemma="aan" pos="X">aan</wf>
         <wf lemma="ons" pos="X">ons</wf>
         <wf lemma="opsturen" pos="X">opsturen</wf>
         <wf lemma="." pos="X">.</wf>
      </sentence>
      <sentence id="d000.s1142" source="wordnet-dutch">
         <wf lemma="hij" pos="X">hij</wf>
         <wf lemma="is" pos="X">is</wf>
         <wf lemma="bij" pos="X">bij</wf>
         <wf lemma="de" pos="X">de</wf>
         <instance id="d000.s1142.t000" lemma="padvinder" pos="NOUN">padvinders</instance>
         <wf lemma="geweest" pos="X">geweest</wf>
         <wf lemma="." pos="X">.</wf>
      </sentence>
      <sentence id="d000.s1143" source="wordnet-dutch">
         <wf lemma="hij" pos="X">hij</wf>
         <wf lemma="is" pos="X">is</wf>
         <wf lemma="van" pos="X">van</wf>
         <wf lemma="de" pos="X">de</wf>
         <wf lemma="week" pos="X">week</wf>
         <wf lemma="voor" pos="X">voor</wf>
         <wf lemma="zijn" pos="X">zijn</wf>
         <instance id="d000.s1143.t000" lemma="einddiploma" pos="NOUN">einddiploma</instance>
         <wf lemma="geslaagd" pos="X">geslaagd</wf>
         <wf lemma="." pos="X">.</wf>
      </sentence>
      <sentence id="d000.s1144" source="wordnet-dutch">
         <wf lemma="de" pos="X">de</wf>
         <wf lemma="secretaresse" pos="X">secretaresse</wf>
         <instance id="d000.s1144.t000" lemma="melden" pos="VERB">meldt</instance>
         <wf lemma="haar" pos="X">haar</wf>
         <wf lemma="dat" pos="X">dat</wf>
         <wf lemma="de" pos="X">de</wf>
         <wf lemma="vergadering" pos="X">vergadering</wf>
         <wf lemma="begint" pos="X">begint</wf>
         <wf lemma="." pos="X">.</wf>
      </sentence>
      <sentence id="d000.s1145" source="wordnet-dutch">
         <wf lemma="hij" pos="X">hij</wf>
         <instance id="d000.s1145.t000" lemma="handelen" pos="VERB">handelde</instance>
         <wf lemma="altijd" pos="X">altijd</wf>
         <wf lemma="naar" pos="X">naar</wf>
         <wf lemma="zijn" pos="X">zijn</wf>
         <wf lemma="geweten" pos="X">geweten</wf>
         <wf lemma="." pos="X">.</wf>
      </sentence>
      <sentence id="d000.s1146" source="wordnet-dutch">
         <wf lemma="onlangs" pos="X">onlangs</wf>
         <wf lemma="las" pos="X">las</wf>
         <wf lemma="ik" pos="X">ik</wf>
         <wf lemma="een" pos="X">een</wf>
         <wf lemma="boek" pos="X">boek</wf>
         <wf lemma="van" pos="X">van</wf>
         <wf lemma="een" pos="X">een</wf>
         <wf lemma="bekende" pos="X">bekende</wf>
         <wf lemma="wetenschapper" pos="X">wetenschapper</wf>
         <wf lemma="," pos="X">,</wf>
         <wf lemma="wiens" pos="X">wiens</wf>
         <wf lemma="naam" pos="X">naam</wf>
         <wf lemma="me" pos="X">me</wf>
         <wf lemma="helaas" pos="X">helaas</wf>
         <instance id="d000.s1146.t000" lemma="ontschieten" pos="VERB">ontschoten</instance>
         <wf lemma="is" pos="X">is</wf>
         <wf lemma="." pos="X">.</wf>
      </sentence>
      <sentence id="d000.s1147" source="wordnet-dutch">
         <wf lemma="hier" pos="X">hier</wf>
         <wf lemma="moeten" pos="X">moeten</wf>
         <wf lemma="we" pos="X">we</wf>
         <wf lemma="naar" pos="X">naar</wf>
         <instance id="d000.s1147.t000" lemma="rechts" pos="NOUN">rechts</instance>
         <wf lemma="." pos="X">.</wf>
      </sentence>
      <sentence id="d000.s1148" source="wordnet-dutch">
         <wf lemma="dat" pos="X">dat</wf>
         <wf lemma="vraagt" pos="X">vraagt</wf>
         <wf lemma="onze" pos="X">onze</wf>
         <instance id="d000.s1148.t000" lemma="aandacht" pos="NOUN">aandacht</instance>
         <wf lemma="." pos="X">.</wf>
      </sentence>
      <sentence id="d000.s1149" source="wordnet-dutch">
         <wf lemma="in" pos="X">in</wf>
         <wf lemma="de" pos="X">de</wf>
         <wf lemma="eerste" pos="X">eerste</wf>
         <wf lemma="ronde" pos="X">ronde</wf>
         <wf lemma="van" pos="X">van</wf>
         <wf lemma="dit" pos="X">dit</wf>
         <wf lemma="toernooi" pos="X">toernooi</wf>
         <instance id="d000.s1149.t000" lemma="overwinnen" pos="VERB">overwon</instance>
         <wf lemma="hij" pos="X">hij</wf>
         <wf lemma="de" pos="X">de</wf>
         <wf lemma="Amerikaan" pos="X">Amerikaan</wf>
         <wf lemma="Pete" pos="X">Pete</wf>
         <wf lemma="Sampras" pos="X">Sampras</wf>
         <wf lemma="." pos="X">.</wf>
      </sentence>
      <sentence id="d000.s1150" source="wordnet-dutch">
         <wf lemma="deze" pos="X">deze</wf>
         <wf lemma="brief" pos="X">brief</wf>
         <wf lemma="is" pos="X">is</wf>
         <wf lemma="onvoldoende" pos="X">onvoldoende</wf>
         <instance id="d000.s1150.t000" lemma="frankeren" pos="VERB">gefrankeerd</instance>
         <wf lemma="." pos="X">.</wf>
      </sentence>
      <sentence id="d000.s1151" source="wordnet-dutch">
         <wf lemma="Kakkerlakken" pos="X">Kakkerlakken</wf>
         <wf lemma="kunnen" pos="X">kunnen</wf>
         <wf lemma="een" pos="X">een</wf>
         <wf lemma="echte" pos="X">echte</wf>
         <instance id="d000.s1151.t000" lemma="plaag" pos="NOUN">plaag</instance>
         <wf lemma="vormen" pos="X">vormen</wf>
         <wf lemma="." pos="X">.</wf>
      </sentence>
      <sentence id="d000.s1152" source="wordnet-dutch">
         <wf lemma="het" pos="X">het</wf>
         <wf lemma="recept" pos="X">recept</wf>
         <wf lemma="van" pos="X">van</wf>
         <wf lemma="Coca" pos="X">Coca</wf>
         <wf lemma="Cola" pos="X">Cola</wf>
         <wf lemma="is" pos="X">is</wf>
         <wf lemma="een" pos="X">een</wf>
         <wf lemma="zorgvuldig" pos="X">zorgvuldig</wf>
         <wf lemma="bewaard" pos="X">bewaard</wf>
         <instance id="d000.s1152.t000" lemma="fabrieksgeheim" pos="NOUN">fabrieksgeheim</instance>
         <wf lemma="." pos="X">.</wf>
      </sentence>
      <sentence id="d000.s1153" source="wordnet-dutch">
         <wf lemma="auto" pos="X">auto</wf>
         <wf lemma="'" pos="X">'</wf>
         <wf lemma="s" pos="X">s</wf>
         <wf lemma="bepalen" pos="X">bepalen</wf>
         <wf lemma="daar" pos="X">daar</wf>
         <wf lemma="het" pos="X">het</wf>
         <instance id="d000.s1153.t000" lemma="straatbeeld" pos="NOUN">straatbeeld</instance>
         <wf lemma="." pos="X">.</wf>
      </sentence>
      <sentence id="d000.s1154" source="wordnet-dutch">
         <wf lemma="hij" pos="X">hij</wf>
         <wf lemma="reed" pos="X">reed</wf>
         <wf lemma="in" pos="X">in</wf>
         <wf lemma="volle" pos="X">volle</wf>
         <instance id="d000.s1154.t000" lemma="vaart" pos="NOUN">vaart</instance>
         <wf lemma="tegen" pos="X">tegen</wf>
         <wf lemma="een" pos="X">een</wf>
         <wf lemma="paal" pos="X">paal</wf>
         <wf lemma="op" pos="X">op</wf>
         <wf lemma="." pos="X">.</wf>
      </sentence>
      <sentence id="d000.s1155" source="wordnet-dutch">
         <wf lemma="deze" pos="X">deze</wf>
         <wf lemma="folder" pos="X">folder</wf>
         <wf lemma="is" pos="X">is</wf>
         <wf lemma="te" pos="X">te</wf>
         <instance id="d000.s1155.t000" lemma="verkrijgen" pos="VERB">verkrijgen</instance>
         <wf lemma="in" pos="X">in</wf>
         <wf lemma="elk" pos="X">elk</wf>
         <wf lemma="postkantoor" pos="X">postkantoor</wf>
         <wf lemma="." pos="X">.</wf>
      </sentence>
      <sentence id="d000.s1156" source="wordnet-dutch">
         <wf lemma="de" pos="X">de</wf>
         <wf lemma="rubber" pos="X">rubber</wf>
         <instance id="d000.s1156.t000" lemma="tegel" pos="NOUN">tegels</instance>
         <wf lemma="op" pos="X">op</wf>
         <wf lemma="een" pos="X">een</wf>
         <wf lemma="kinderspeelplaats" pos="X">kinderspeelplaats</wf>
         <wf lemma="." pos="X">.</wf>
      </sentence>
      <sentence id="d000.s1157" source="wordnet-dutch">
         <wf lemma="we" pos="X">we</wf>
         <wf lemma="eten" pos="X">eten</wf>
         <instance id="d000.s1157.t000" lemma="kip" pos="NOUN">kip</instance>
         <wf lemma="vanavond" pos="X">vanavond</wf>
         <wf lemma="." pos="X">.</wf>
      </sentence>
      <sentence id="d000.s1158" source="wordnet-dutch">
         <wf lemma="met" pos="X">met</wf>
         <wf lemma="zijn" pos="X">zijn</wf>
         <wf lemma="losbandig" pos="X">losbandig</wf>
         <wf lemma="gedrag" pos="X">gedrag</wf>
         <instance id="d000.s1158.t000" lemma="schaden" pos="VERB">schaadt</instance>
         <wf lemma="hij" pos="X">hij</wf>
         <wf lemma="zijn" pos="X">zijn</wf>
         <wf lemma="reputatie" pos="X">reputatie</wf>
         <wf lemma="." pos="X">.</wf>
      </sentence>
      <sentence id="d000.s1159" source="wordnet-dutch">
         <wf lemma="het" pos="X">het</wf>
         <wf lemma="gebied" pos="X">gebied</wf>
         <wf lemma="waarop" pos="X">waarop</wf>
         <wf lemma="men" pos="X">men</wf>
         <wf lemma="deze" pos="X">deze</wf>
         <wf lemma="woningen" pos="X">woningen</wf>
         <wf lemma="wil" pos="X">wil</wf>
         <wf lemma="bouwen" pos="X">bouwen</wf>
         <wf lemma="," pos="X">,</wf>
         <instance id="d000.s1159.t000" lemma="overlappen" pos="VERB">overlapt</instance>
         <wf lemma="echter" pos="X">echter</wf>
         <wf lemma="een" pos="X">een</wf>
         <wf lemma="beschermd" pos="X">beschermd</wf>
         <wf lemma="natuurgebied" pos="X">natuurgebied</wf>
         <wf lemma="." pos="X">.</wf>
      </sentence>
      <sentence id="d000.s1160" source="wordnet-dutch">
         <wf lemma="daar" pos="X">daar</wf>
         <wf lemma="zit" pos="X">zit</wf>
         <wf lemma="geen" pos="X">geen</wf>
         <instance id="d000.s1160.t000" lemma="rek" pos="NOUN">rek</instance>
         <wf lemma="in" pos="X">in</wf>
         <wf lemma="." pos="X">.</wf>
      </sentence>
      <sentence id="d000.s1161" source="wordnet-dutch">
         <wf lemma="zij" pos="X">zij</wf>
         <wf lemma="brachten" pos="X">brachten</wf>
         <wf lemma="een" pos="X">een</wf>
         <wf lemma="achterstand" pos="X">achterstand</wf>
         <wf lemma="van" pos="X">van</wf>
         <wf lemma="7-2" pos="X">7-2</wf>
         <wf lemma="op" pos="X">op</wf>
         <wf lemma="het" pos="X">het</wf>
         <instance id="d000.s1161.t000" lemma="scorebord" pos="NOUN">scorebord</instance>
         <wf lemma="." pos="X">.</wf>
      </sentence>
      <sentence id="d000.s1162" source="wordnet-dutch">
         <wf lemma="voor" pos="X">voor</wf>
         <wf lemma="de" pos="X">de</wf>
         <wf lemma="expositie" pos="X">expositie</wf>
         <wf lemma="in" pos="X">in</wf>
         <wf lemma="Venetië" pos="X">Venetië</wf>
         <instance id="d000.s1162.t000" lemma="beeldhouwen" pos="VERB">beeldhouwde</instance>
         <wf lemma="hij" pos="X">hij</wf>
         <wf lemma="een" pos="X">een</wf>
         <wf lemma="reusachtige" pos="X">reusachtige</wf>
         <wf lemma="bizon" pos="X">bizon</wf>
         <wf lemma="." pos="X">.</wf>
      </sentence>
      <sentence id="d000.s1163" source="wordnet-dutch">
         <wf lemma="de" pos="X">de</wf>
         <wf lemma="meisjes" pos="X">meisjes</wf>
         <wf lemma="staan" pos="X">staan</wf>
         <wf lemma="verlegen" pos="X">verlegen</wf>
         <wf lemma="wat" pos="X">wat</wf>
         <wf lemma="op" pos="X">op</wf>
         <wf lemma="de" pos="X">de</wf>
         <wf lemma="muziek" pos="X">muziek</wf>
         <wf lemma="te" pos="X">te</wf>
         <instance id="d000.s1163.t000" lemma="wiebelen" pos="VERB">wiebelen</instance>
         <wf lemma="." pos="X">.</wf>
      </sentence>
      <sentence id="d000.s1164" source="wordnet-dutch">
         <wf lemma="de" pos="X">de</wf>
         <wf lemma="kinderen" pos="X">kinderen</wf>
         <wf lemma="werden" pos="X">werden</wf>
         <wf lemma="onder" pos="X">onder</wf>
         <wf lemma="valse" pos="X">valse</wf>
         <instance id="d000.s1164.t000" lemma="voorwendsel" pos="NOUN">voorwendselen</instance>
         <wf lemma="meegelokt" pos="X">meegelokt</wf>
         <wf lemma="." pos="X">.</wf>
      </sentence>
      <sentence id="d000.s1165" source="wordnet-dutch">
         <wf lemma="ze" pos="X">ze</wf>
         <wf lemma="streven" pos="X">streven</wf>
         <wf lemma="naar" pos="X">naar</wf>
         <wf lemma="een" pos="X">een</wf>
         <wf lemma="betere" pos="X">betere</wf>
         <instance id="d000.s1165.t000" lemma="wereld" pos="NOUN">wereld</instance>
         <wf lemma="." pos="X">.</wf>
      </sentence>
      <sentence id="d000.s1166" source="wordnet-dutch">
         <wf lemma="we" pos="X">we</wf>
         <wf lemma="verwachten" pos="X">verwachten</wf>
         <wf lemma="een" pos="X">een</wf>
         <instance id="d000.s1166.t000" lemma="afslag" pos="NOUN">afslag</instance>
         <wf lemma="van" pos="X">van</wf>
         <wf lemma="die" pos="X">die</wf>
         <wf lemma="spullen" pos="X">spullen</wf>
         <wf lemma="." pos="X">.</wf>
      </sentence>
      <sentence id="d000.s1167" source="wordnet-dutch">
         <wf lemma="het" pos="X">het</wf>
         <wf lemma="rapport" pos="X">rapport</wf>
         <wf lemma="is" pos="X">is</wf>
         <wf lemma="uitgebracht" pos="X">uitgebracht</wf>
         <wf lemma="op" pos="X">op</wf>
         <instance id="d000.s1167.t000" lemma="instigatie" pos="NOUN">instigatie</instance>
         <wf lemma="van" pos="X">van</wf>
         <wf lemma="de" pos="X">de</wf>
         <wf lemma="commissie" pos="X">commissie</wf>
         <wf lemma="." pos="X">.</wf>
      </sentence>
      <sentence id="d000.s1168" source="wordnet-dutch">
         <wf lemma="alle" pos="X">alle</wf>
         <wf lemma="heren" pos="X">heren</wf>
         <wf lemma="verschenen" pos="X">verschenen</wf>
         <wf lemma="op" pos="X">op</wf>
         <wf lemma="de" pos="X">de</wf>
         <wf lemma="receptie" pos="X">receptie</wf>
         <wf lemma="in" pos="X">in</wf>
         <wf lemma="pak" pos="X">pak</wf>
         <wf lemma="met" pos="X">met</wf>
         <instance id="d000.s1168.t000" lemma="stropdas" pos="NOUN">stropdas</instance>
         <wf lemma="." pos="X">.</wf>
      </sentence>
      <sentence id="d000.s1169" source="wordnet-dutch">
         <wf lemma="God" pos="X">God</wf>
         <instance id="d000.s1169.t000" lemma="creëren" pos="VERB">creëerde</instance>
         <wf lemma="hemel" pos="X">hemel</wf>
         <wf lemma="en" pos="X">en</wf>
         <wf lemma="aarde" pos="X">aarde</wf>
         <wf lemma="." pos="X">.</wf>
      </sentence>
      <sentence id="d000.s1170" source="wordnet-dutch">
         <wf lemma="die" pos="X">die</wf>
         <wf lemma="reportage" pos="X">reportage</wf>
         <wf lemma="heeft" pos="X">heeft</wf>
         <wf lemma="veel" pos="X">veel</wf>
         <wf lemma="bij" pos="X">bij</wf>
         <wf lemma="de" pos="X">de</wf>
         <wf lemma="kijkers" pos="X">kijkers</wf>
         <instance id="d000.s1170.t000" lemma="losmaken" pos="VERB">losgemaakt</instance>
         <wf lemma="." pos="X">.</wf>
      </sentence>
      <sentence id="d000.s1171" source="wordnet-dutch">
         <wf lemma="met" pos="X">met</wf>
         <wf lemma="de" pos="X">de</wf>
         <wf lemma="nieuwe" pos="X">nieuwe</wf>
         <wf lemma="belastingwetgeving" pos="X">belastingwetgeving</wf>
         <instance id="d000.s1171.t000" lemma="duperen" pos="VERB">dupeert</instance>
         <wf lemma="de" pos="X">de</wf>
         <wf lemma="fiscus" pos="X">fiscus</wf>
         <wf lemma="de" pos="X">de</wf>
         <wf lemma="kleine" pos="X">kleine</wf>
         <wf lemma="ondernemer" pos="X">ondernemer</wf>
         <wf lemma="." pos="X">.</wf>
      </sentence>
      <sentence id="d000.s1172" source="wordnet-dutch">
         <wf lemma="hij" pos="X">hij</wf>
         <instance id="d000.s1172.t000" lemma="neigen" pos="VERB">neigt</instance>
         <wf lemma="van" pos="X">van</wf>
         <wf lemma="nature" pos="X">nature</wf>
         <wf lemma="tot" pos="X">tot</wf>
         <wf lemma="achterdocht" pos="X">achterdocht</wf>
         <wf lemma="." pos="X">.</wf>
      </sentence>
      <sentence id="d000.s1173" source="wordnet-dutch">
         <wf lemma="de" pos="X">de</wf>
         <wf lemma="rechter" pos="X">rechter</wf>
         <wf lemma="onderkent" pos="X">onderkent</wf>
         <wf lemma="de" pos="X">de</wf>
         <wf lemma="gegrondheid" pos="X">gegrondheid</wf>
         <wf lemma="van" pos="X">van</wf>
         <wf lemma="de" pos="X">de</wf>
         <instance id="d000.s1173.t000" lemma="eis" pos="NOUN">eis</instance>
         <wf lemma="tot" pos="X">tot</wf>
         <wf lemma="schadevergoeding" pos="X">schadevergoeding</wf>
         <wf lemma="." pos="X">.</wf>
      </sentence>
      <sentence id="d000.s1174" source="wordnet-dutch">
         <wf lemma="in" pos="X">in</wf>
         <wf lemma="tegenstelling" pos="X">tegenstelling</wf>
         <wf lemma="tot" pos="X">tot</wf>
         <wf lemma="auto's" pos="X">auto's</wf>
         <instance id="d000.s1174.t000" lemma="houden" pos="VERB">houden</instance>
         <wf lemma="schepen" pos="X">schepen</wf>
         <wf lemma="jarenlang" pos="X">jarenlang</wf>
         <wf lemma="hun" pos="X">hun</wf>
         <wf lemma="waarde" pos="X">waarde</wf>
         <wf lemma="." pos="X">.</wf>
      </sentence>
      <sentence id="d000.s1175" source="wordnet-dutch">
         <wf lemma="m'n" pos="X">m'n</wf>
         <instance id="d000.s1175.t000" lemma="band" pos="NOUN">band</instance>
         <wf lemma="is" pos="X">is</wf>
         <wf lemma="gesprongen" pos="X">gesprongen</wf>
         <wf lemma="." pos="X">.</wf>
      </sentence>
      <sentence id="d000.s1176" source="wordnet-dutch">
         <wf lemma="de" pos="X">de</wf>
         <wf lemma="politie" pos="X">politie</wf>
         <wf lemma="van" pos="X">van</wf>
         <wf lemma="Brussel" pos="X">Brussel</wf>
         <instance id="d000.s1176.t000" lemma="ondervragen" pos="VERB">ondervroeg</instance>
         <wf lemma="gisteren" pos="X">gisteren</wf>
         <wf lemma="één" pos="X">één</wf>
         <wf lemma="van" pos="X">van</wf>
         <wf lemma="de" pos="X">de</wf>
         <wf lemma="kopstukken" pos="X">kopstukken</wf>
         <wf lemma="van" pos="X">van</wf>
         <wf lemma="deze" pos="X">deze</wf>
         <wf lemma="organisatie" pos="X">organisatie</wf>
         <wf lemma="." pos="X">.</wf>
      </sentence>
      <sentence id="d000.s1177" source="wordnet-dutch">
         <wf lemma="Er" pos="X">Er</wf>
         <wf lemma="zit" pos="X">zit</wf>
         <wf lemma="een" pos="X">een</wf>
         <instance id="d000.s1177.t000" lemma="kruk" pos="NOUN">kruk</instance>
         <wf lemma="op" pos="X">op</wf>
         <wf lemma="het" pos="X">het</wf>
         <wf lemma="paneel" pos="X">paneel</wf>
         <wf lemma="waarmee" pos="X">waarmee</wf>
         <wf lemma="je" pos="X">je</wf>
         <wf lemma="de" pos="X">de</wf>
         <wf lemma="bovenkant" pos="X">bovenkant</wf>
         <wf lemma="kunt" pos="X">kunt</wf>
         <wf lemma="openklappen" pos="X">openklappen</wf>
         <wf lemma="." pos="X">.</wf>
      </sentence>
      <sentence id="d000.s1178" source="wordnet-dutch">
         <wf lemma="de" pos="X">de</wf>
         <wf lemma="familie" pos="X">familie</wf>
         <wf lemma="deed" pos="X">deed</wf>
         <wf lemma="en" pos="X">en</wf>
         <wf lemma="dringend" pos="X">dringend</wf>
         <wf lemma="beroep" pos="X">beroep</wf>
         <wf lemma="op" pos="X">op</wf>
         <wf lemma="haar" pos="X">haar</wf>
         <instance id="d000.s1178.t000" lemma="eergevoel" pos="NOUN">eergevoel</instance>
         <wf lemma="." pos="X">.</wf>
      </sentence>
      <sentence id="d000.s1179" source="wordnet-dutch">
         <instance id="d000.s1179.t000" lemma="dufheid" pos="NOUN">dufheid</instance>
         <wf lemma="van" pos="X">van</wf>
         <wf lemma="de" pos="X">de</wf>
         <wf lemma="toenmalige" pos="X">toenmalige</wf>
         <wf lemma="poëzie" pos="X">poëzie</wf>
         <wf lemma="." pos="X">.</wf>
      </sentence>
      <sentence id="d000.s1180" source="wordnet-dutch">
         <wf lemma="ze" pos="X">ze</wf>
         <wf lemma="hebben" pos="X">hebben</wf>
         <wf lemma="besloten" pos="X">besloten</wf>
         <wf lemma="meer" pos="X">meer</wf>
         <wf lemma="mensen" pos="X">mensen</wf>
         <wf lemma="in" pos="X">in</wf>
         <wf lemma="dienst" pos="X">dienst</wf>
         <wf lemma="te" pos="X">te</wf>
         <wf lemma="nemen" pos="X">nemen</wf>
         <wf lemma="om" pos="X">om</wf>
         <wf lemma="het" pos="X">het</wf>
         <wf lemma="huidige" pos="X">huidige</wf>
         <wf lemma="personeel" pos="X">personeel</wf>
         <wf lemma="van" pos="X">van</wf>
         <wf lemma="een" pos="X">een</wf>
         <wf lemma="deel" pos="X">deel</wf>
         <wf lemma="van" pos="X">van</wf>
         <wf lemma="zijn" pos="X">zijn</wf>
         <wf lemma="taken" pos="X">taken</wf>
         <wf lemma="te" pos="X">te</wf>
         <instance id="d000.s1180.t000" lemma="ontlasten" pos="VERB">ontlasten</instance>
         <wf lemma="." pos="X">.</wf>
      </sentence>
      <sentence id="d000.s1181" source="wordnet-dutch">
         <wf lemma="naar" pos="X">naar</wf>
         <instance id="d000.s1181.t000" lemma="aanleiding" pos="NOUN">aanleiding</instance>
         <wf lemma="van" pos="X">van</wf>
         <wf lemma="uw" pos="X">uw</wf>
         <wf lemma="brief" pos="X">brief</wf>
         <wf lemma="heeft" pos="X">heeft</wf>
         <wf lemma="de" pos="X">de</wf>
         <wf lemma="gemeente" pos="X">gemeente</wf>
         <wf lemma="besloten" pos="X">besloten</wf>
         <wf lemma="de" pos="X">de</wf>
         <wf lemma="bomen" pos="X">bomen</wf>
         <wf lemma="nog" pos="X">nog</wf>
         <wf lemma="niet" pos="X">niet</wf>
         <wf lemma="te" pos="X">te</wf>
         <wf lemma="kappen" pos="X">kappen</wf>
         <wf lemma="." pos="X">.</wf>
      </sentence>
      <sentence id="d000.s1182" source="wordnet-dutch">
         <wf lemma="langs" pos="X">langs</wf>
         <wf lemma="de" pos="X">de</wf>
         <wf lemma="kust" pos="X">kust</wf>
         <wf lemma="woedde" pos="X">woedde</wf>
         <wf lemma="enige" pos="X">enige</wf>
         <wf lemma="tijd" pos="X">tijd</wf>
         <wf lemma="een" pos="X">een</wf>
         <instance id="d000.s1182.t000" lemma="westerstorm" pos="NOUN">westerstorm</instance>
         <wf lemma="." pos="X">.</wf>
      </sentence>
      <sentence id="d000.s1183" source="wordnet-dutch">
         <wf lemma="hij" pos="X">hij</wf>
         <wf lemma="heeft" pos="X">heeft</wf>
         <wf lemma="zich" pos="X">zich</wf>
         <instance id="d000.s1183.t000" lemma="inschrijven" pos="VERB">ingeschreven</instance>
         <wf lemma="als" pos="X">als</wf>
         <wf lemma="leerling" pos="X">leerling</wf>
         <wf lemma="aan" pos="X">aan</wf>
         <wf lemma="de" pos="X">de</wf>
         <wf lemma="muziekacademie" pos="X">muziekacademie</wf>
         <wf lemma="." pos="X">.</wf>
      </sentence>
      <sentence id="d000.s1184" source="wordnet-dutch">
         <wf lemma="op" pos="X">op</wf>
         <wf lemma="welke" pos="X">welke</wf>
         <instance id="d000.s1184.t000" lemma="begraafplaats" pos="NOUN">begraafplaats</instance>
         <wf lemma="ligt" pos="X">ligt</wf>
         <wf lemma="hij" pos="X">hij</wf>
         <wf lemma="?" pos="X">?</wf>
      </sentence>
      <sentence id="d000.s1185" source="wordnet-dutch">
         <wf lemma="doe" pos="X">doe</wf>
         <wf lemma="het" pos="X">het</wf>
         <instance id="d000.s1185.t000" lemma="venster" pos="NOUN">venster</instance>
         <wf lemma="eens" pos="X">eens</wf>
         <wf lemma="open" pos="X">open</wf>
         <wf lemma="." pos="X">.</wf>
      </sentence>
      <sentence id="d000.s1186" source="wordnet-dutch">
         <wf lemma="in" pos="X">in</wf>
         <wf lemma="dat" pos="X">dat</wf>
         <wf lemma="restaurant" pos="X">restaurant</wf>
         <wf lemma="kan" pos="X">kan</wf>
         <wf lemma="je" pos="X">je</wf>
         <wf lemma="best" pos="X">best</wf>
         <wf lemma="van" pos="X">van</wf>
         <wf lemma="tevoren" pos="X">tevoren</wf>
         <wf lemma="een" pos="X">een</wf>
         <wf lemma="tafel" pos="X">tafel</wf>
         <instance id="d000.s1186.t000" lemma="bespreken" pos="VERB">bespreken</instance>
         <wf lemma="." pos="X">.</wf>
      </sentence>
      <sentence id="d000.s1187" source="wordnet-dutch">
         <wf lemma="ze" pos="X">ze</wf>
         <wf lemma="proberen" pos="X">proberen</wf>
         <wf lemma="hun" pos="X">hun</wf>
         <wf lemma="eigen" pos="X">eigen</wf>
         <wf lemma="macht" pos="X">macht</wf>
         <wf lemma="te" pos="X">te</wf>
         <instance id="d000.s1187.t000" lemma="bestendigen" pos="VERB">bestendigen</instance>
         <wf lemma="en" pos="X">en</wf>
         <wf lemma="eventueel" pos="X">eventueel</wf>
         <wf lemma="uit" pos="X">uit</wf>
         <wf lemma="te" pos="X">te</wf>
         <wf lemma="breiden" pos="X">breiden</wf>
         <wf lemma="." pos="X">.</wf>
      </sentence>
      <sentence id="d000.s1188" source="wordnet-dutch">
         <wf lemma="de" pos="X">de</wf>
         <wf lemma="omvang" pos="X">omvang</wf>
         <wf lemma="van" pos="X">van</wf>
         <wf lemma="de" pos="X">de</wf>
         <wf lemma="schade" pos="X">schade</wf>
         <wf lemma="moet" pos="X">moet</wf>
         <wf lemma="nog" pos="X">nog</wf>
         <wf lemma="worden" pos="X">worden</wf>
         <instance id="d000.s1188.t000" lemma="ramen" pos="VERB">geraamd</instance>
         <wf lemma="." pos="X">.</wf>
      </sentence>
      <sentence id="d000.s1189" source="wordnet-dutch">
         <wf lemma="hij" pos="X">hij</wf>
         <wf lemma="is" pos="X">is</wf>
         <wf lemma="schuldig" pos="X">schuldig</wf>
         <wf lemma="bevonden" pos="X">bevonden</wf>
         <wf lemma="aan" pos="X">aan</wf>
         <instance id="d000.s1189.t000" lemma="brandstichting" pos="NOUN">brandstichting</instance>
         <wf lemma="." pos="X">.</wf>
      </sentence>
      <sentence id="d000.s1190" source="wordnet-dutch">
         <wf lemma="hij" pos="X">hij</wf>
         <wf lemma="is" pos="X">is</wf>
         <wf lemma="met" pos="X">met</wf>
         <wf lemma="een" pos="X">een</wf>
         <instance id="d000.s1190.t000" lemma="shock" pos="NOUN">shock</instance>
         <wf lemma="in" pos="X">in</wf>
         <wf lemma="het" pos="X">het</wf>
         <wf lemma="ziekenhuis" pos="X">ziekenhuis</wf>
         <wf lemma="opgenomen" pos="X">opgenomen</wf>
         <wf lemma="." pos="X">.</wf>
      </sentence>
      <sentence id="d000.s1191" source="wordnet-dutch">
         <wf lemma="de" pos="X">de</wf>
         <instance id="d000.s1191.t000" lemma="fundament" pos="NOUN">fundamenten</instance>
         <wf lemma="van" pos="X">van</wf>
         <wf lemma="de" pos="X">de</wf>
         <wf lemma="westerse" pos="X">westerse</wf>
         <wf lemma="samenleving" pos="X">samenleving</wf>
         <wf lemma="." pos="X">.</wf>
      </sentence>
      <sentence id="d000.s1192" source="wordnet-dutch">
         <wf lemma="dat" pos="X">dat</wf>
         <wf lemma="doelpunt" pos="X">doelpunt</wf>
         <instance id="d000.s1192.t000" lemma="tellen" pos="VERB">telt</instance>
         <wf lemma="niet" pos="X">niet</wf>
         <wf lemma="," pos="X">,</wf>
         <wf lemma="volgens" pos="X">volgens</wf>
         <wf lemma="de" pos="X">de</wf>
         <wf lemma="scheidsrechter" pos="X">scheidsrechter</wf>
         <wf lemma="." pos="X">.</wf>
      </sentence>
      <sentence id="d000.s1193" source="wordnet-dutch">
         <instance id="d000.s1193.t000" lemma="pech" pos="NOUN">pech</instance>
         <wf lemma="gehad" pos="X">gehad</wf>
         <wf lemma="(" pos="X">(</wf>
         <wf lemma="," pos="X">,</wf>
         <wf lemma="volgende" pos="X">volgende</wf>
         <wf lemma="keer" pos="X">keer</wf>
         <wf lemma="beter" pos="X">beter</wf>
         <wf lemma=")" pos="X">)</wf>
         <wf lemma="." pos="X">.</wf>
      </sentence>
      <sentence id="d000.s1194" source="wordnet-dutch">
         <wf lemma="u" pos="X">u</wf>
         <wf lemma="kunt" pos="X">kunt</wf>
         <wf lemma="ook" pos="X">ook</wf>
         <wf lemma="het" pos="X">het</wf>
         <wf lemma="hele" pos="X">hele</wf>
         <instance id="d000.s1194.t000" lemma="bedrag" pos="NOUN">bedrag</instance>
         <wf lemma="ineens" pos="X">ineens</wf>
         <wf lemma="betalen" pos="X">betalen</wf>
         <wf lemma="." pos="X">.</wf>
      </sentence>
      <sentence id="d000.s1195" source="wordnet-dutch">
         <wf lemma="vandalen" pos="X">vandalen</wf>
         <wf lemma="hebben" pos="X">hebben</wf>
         <wf lemma="verschillende" pos="X">verschillende</wf>
         <wf lemma="plantjes" pos="X">plantjes</wf>
         <wf lemma="uit" pos="X">uit</wf>
         <wf lemma="de" pos="X">de</wf>
         <wf lemma="grond" pos="X">grond</wf>
         <instance id="d000.s1195.t000" lemma="rukken" pos="VERB">gerukt</instance>
         <wf lemma="." pos="X">.</wf>
      </sentence>
      <sentence id="d000.s1196" source="wordnet-dutch">
         <wf lemma="je" pos="X">je</wf>
         <wf lemma="zus" pos="X">zus</wf>
         <wf lemma="had" pos="X">had</wf>
         <wf lemma="ons" pos="X">ons</wf>
         <wf lemma="al" pos="X">al</wf>
         <instance id="d000.s1196.t000" lemma="verklappen" pos="VERB">verklapt</instance>
         <wf lemma="dat" pos="X">dat</wf>
         <wf lemma="jullie" pos="X">jullie</wf>
         <wf lemma="volgend" pos="X">volgend</wf>
         <wf lemma="jaar" pos="X">jaar</wf>
         <wf lemma="gaan" pos="X">gaan</wf>
         <wf lemma="trouwen" pos="X">trouwen</wf>
         <wf lemma="." pos="X">.</wf>
      </sentence>
      <sentence id="d000.s1197" source="wordnet-dutch">
         <wf lemma="Restmateriaal" pos="X">Restmateriaal</wf>
         <wf lemma="van" pos="X">van</wf>
         <wf lemma="natuursteen" pos="X">natuursteen</wf>
         <wf lemma="wordt" pos="X">wordt</wf>
         <wf lemma="verwerkt" pos="X">verwerkt</wf>
         <wf lemma="tot" pos="X">tot</wf>
         <instance id="d000.s1197.t000" lemma="split" pos="NOUN">split</instance>
         <wf lemma="." pos="X">.</wf>
      </sentence>
      <sentence id="d000.s1198" source="wordnet-dutch">
         <wf lemma="de" pos="X">de</wf>
         <wf lemma="wolken" pos="X">wolken</wf>
         <instance id="d000.s1198.t000" lemma="zeilen" pos="VERB">zeilen</instance>
         <wf lemma="door" pos="X">door</wf>
         <wf lemma="de" pos="X">de</wf>
         <wf lemma="lucht" pos="X">lucht</wf>
         <wf lemma="." pos="X">.</wf>
      </sentence>
      <sentence id="d000.s1199" source="wordnet-dutch">
         <wf lemma="de" pos="X">de</wf>
         <instance id="d000.s1199.t000" lemma="vondst" pos="NOUN">vondst</instance>
         <wf lemma="van" pos="X">van</wf>
         <wf lemma="een" pos="X">een</wf>
         <wf lemma="medicijn" pos="X">medicijn</wf>
         <wf lemma="." pos="X">.</wf>
      </sentence>
      <sentence id="d000.s1200" source="wordnet-dutch">
         <wf lemma="ik" pos="X">ik</wf>
         <wf lemma="wacht" pos="X">wacht</wf>
         <wf lemma="op" pos="X">op</wf>
         <wf lemma="je" pos="X">je</wf>
         <wf lemma="in" pos="X">in</wf>
         <wf lemma="de" pos="X">de</wf>
         <instance id="d000.s1200.t000" lemma="hal" pos="NOUN">hal</instance>
         <wf lemma="van" pos="X">van</wf>
         <wf lemma="het" pos="X">het</wf>
         <wf lemma="station" pos="X">station</wf>
         <wf lemma="." pos="X">.</wf>
      </sentence>
      <sentence id="d000.s1201" source="wordnet-dutch">
         <wf lemma="als" pos="X">als</wf>
         <wf lemma="er" pos="X">er</wf>
         <instance id="d000.s1201.t000" lemma="ijs" pos="NOUN">ijs</instance>
         <wf lemma="ligt" pos="X">ligt</wf>
         <wf lemma="kunnen" pos="X">kunnen</wf>
         <wf lemma="we" pos="X">we</wf>
         <wf lemma="schaatsen" pos="X">schaatsen</wf>
         <wf lemma="." pos="X">.</wf>
      </sentence>
      <sentence id="d000.s1202" source="wordnet-dutch">
         <wf lemma="is" pos="X">is</wf>
         <wf lemma="deze" pos="X">deze</wf>
         <wf lemma="film" pos="X">film</wf>
         <wf lemma="er" pos="X">er</wf>
         <wf lemma="ook" pos="X">ook</wf>
         <wf lemma="op" pos="X">op</wf>
         <instance id="d000.s1202.t000" lemma="video" pos="NOUN">video</instance>
         <wf lemma="?" pos="X">?</wf>
      </sentence>
      <sentence id="d000.s1203" source="wordnet-dutch">
         <wf lemma="het" pos="X">het</wf>
         <wf lemma="verdriet" pos="X">verdriet</wf>
         <instance id="d000.s1203.t000" lemma="drukken" pos="VERB">drukte</instance>
         <wf lemma="zwaar" pos="X">zwaar</wf>
         <wf lemma="op" pos="X">op</wf>
         <wf lemma="hem" pos="X">hem</wf>
         <wf lemma="." pos="X">.</wf>
      </sentence>
      <sentence id="d000.s1204" source="wordnet-dutch">
         <wf lemma="in" pos="X">in</wf>
         <instance id="d000.s1204.t000" lemma="kimono" pos="NOUN">kimono</instance>
         <wf lemma="verscheen" pos="X">verscheen</wf>
         <wf lemma="zij" pos="X">zij</wf>
         <wf lemma="aan" pos="X">aan</wf>
         <wf lemma="de" pos="X">de</wf>
         <wf lemma="deur" pos="X">deur</wf>
         <wf lemma="." pos="X">.</wf>
      </sentence>
      <sentence id="d000.s1205" source="wordnet-dutch">
         <wf lemma="De" pos="X">De</wf>
         <wf lemma="kinderopvang" pos="X">kinderopvang</wf>
         <wf lemma="in" pos="X">in</wf>
         <wf lemma="Nederland" pos="X">Nederland</wf>
         <wf lemma="is" pos="X">is</wf>
         <wf lemma="van" pos="X">van</wf>
         <wf lemma="hoge" pos="X">hoge</wf>
         <instance id="d000.s1205.t000" lemma="kwaliteit" pos="NOUN">kwaliteit</instance>
         <wf lemma="." pos="X">.</wf>
      </sentence>
      <sentence id="d000.s1206" source="wordnet-dutch">
         <wf lemma="wie" pos="X">wie</wf>
         <wf lemma="van" pos="X">van</wf>
         <instance id="d000.s1206.t000" lemma="rechts" pos="NOUN">rechts</instance>
         <wf lemma="komt" pos="X">komt</wf>
         <wf lemma="heeft" pos="X">heeft</wf>
         <wf lemma="voorrang" pos="X">voorrang</wf>
         <wf lemma="." pos="X">.</wf>
      </sentence>
      <sentence id="d000.s1207" source="wordnet-dutch">
         <wf lemma="hij" pos="X">hij</wf>
         <wf lemma="werd" pos="X">werd</wf>
         <wf lemma="opnieuw" pos="X">opnieuw</wf>
         <wf lemma="tot" pos="X">tot</wf>
         <wf lemma="voorzitter" pos="X">voorzitter</wf>
         <wf lemma="van" pos="X">van</wf>
         <wf lemma="de" pos="X">de</wf>
         <wf lemma="vereniging" pos="X">vereniging</wf>
         <instance id="d000.s1207.t000" lemma="kiezen" pos="VERB">gekozen</instance>
         <wf lemma="." pos="X">.</wf>
      </sentence>
      <sentence id="d000.s1208" source="wordnet-dutch">
         <wf lemma="Ze" pos="X">Ze</wf>
         <wf lemma="kruipt" pos="X">kruipt</wf>
         <wf lemma="in" pos="X">in</wf>
         <wf lemma="een" pos="X">een</wf>
         <instance id="d000.s1208.t000" lemma="hoek" pos="NOUN">hoek</instance>
         <wf lemma="en" pos="X">en</wf>
         <wf lemma="kijkt" pos="X">kijkt</wf>
         <wf lemma="angstig" pos="X">angstig</wf>
         <wf lemma="om" pos="X">om</wf>
         <wf lemma="zich" pos="X">zich</wf>
         <wf lemma="heen" pos="X">heen</wf>
         <wf lemma="." pos="X">.</wf>
      </sentence>
      <sentence id="d000.s1209" source="wordnet-dutch">
         <wf lemma="de" pos="X">de</wf>
         <wf lemma="uitkomsten" pos="X">uitkomsten</wf>
         <wf lemma="zijn" pos="X">zijn</wf>
         <wf lemma="in" pos="X">in</wf>
         <wf lemma="onderlinge" pos="X">onderlinge</wf>
         <instance id="d000.s1209.t000" lemma="tegenspraak" pos="NOUN">tegenspraak</instance>
         <wf lemma="." pos="X">.</wf>
      </sentence>
      <sentence id="d000.s1210" source="wordnet-dutch">
         <wf lemma="vanaf" pos="X">vanaf</wf>
         <wf lemma="het" pos="X">het</wf>
         <wf lemma="m.s." pos="X">m.s.</wf>
         <wf lemma="Tromp" pos="X">Tromp</wf>
         <instance id="d000.s1210.t000" lemma="salueren" pos="VERB">salueerden</instance>
         <wf lemma="we" pos="X">we</wf>
         <wf lemma="naar" pos="X">naar</wf>
         <wf lemma="de" pos="X">de</wf>
         <wf lemma="vloot" pos="X">vloot</wf>
         <wf lemma="." pos="X">.</wf>
      </sentence>
      <sentence id="d000.s1211" source="wordnet-dutch">
         <wf lemma="het" pos="X">het</wf>
         <wf lemma="bloed" pos="X">bloed</wf>
         <instance id="d000.s1211.t000" lemma="transporteren" pos="VERB">transporteert</instance>
         <wf lemma="zuurstof" pos="X">zuurstof</wf>
         <wf lemma="door" pos="X">door</wf>
         <wf lemma="het" pos="X">het</wf>
         <wf lemma="lichaam" pos="X">lichaam</wf>
         <wf lemma="." pos="X">.</wf>
      </sentence>
      <sentence id="d000.s1212" source="wordnet-dutch">
         <wf lemma="dat" pos="X">dat</wf>
         <wf lemma="gaf" pos="X">gaf</wf>
         <instance id="d000.s1212.t000" lemma="aanleiding" pos="NOUN">aanleiding</instance>
         <wf lemma="om" pos="X">om</wf>
         <wf lemma="de" pos="X">de</wf>
         <wf lemma="zaal" pos="X">zaal</wf>
         <wf lemma="te" pos="X">te</wf>
         <wf lemma="verlaten" pos="X">verlaten</wf>
         <wf lemma="." pos="X">.</wf>
      </sentence>
      <sentence id="d000.s1213" source="wordnet-dutch">
         <wf lemma="de" pos="X">de</wf>
         <wf lemma="popmuziek" pos="X">popmuziek</wf>
         <wf lemma="is" pos="X">is</wf>
         <wf lemma="toch" pos="X">toch</wf>
         <wf lemma="zeker" pos="X">zeker</wf>
         <wf lemma="pure" pos="X">pure</wf>
         <instance id="d000.s1213.t000" lemma="commercie" pos="NOUN">commercie</instance>
         <wf lemma="." pos="X">.</wf>
      </sentence>
      <sentence id="d000.s1214" source="wordnet-dutch">
         <wf lemma="de" pos="X">de</wf>
         <wf lemma="voetballer" pos="X">voetballer</wf>
         <instance id="d000.s1214.t000" lemma="toucheren" pos="VERB">toucheerde</instance>
         <wf lemma="slechts" pos="X">slechts</wf>
         <wf lemma="kort" pos="X">kort</wf>
         <wf lemma="zijn" pos="X">zijn</wf>
         <wf lemma="medespeler" pos="X">medespeler</wf>
         <wf lemma="," pos="X">,</wf>
         <wf lemma="maar" pos="X">maar</wf>
         <wf lemma="toch" pos="X">toch</wf>
         <wf lemma="viel" pos="X">viel</wf>
         <wf lemma="hij" pos="X">hij</wf>
         <wf lemma="." pos="X">.</wf>
      </sentence>
      <sentence id="d000.s1215" source="wordnet-dutch">
         <wf lemma="de" pos="X">de</wf>
         <wf lemma="nachtwaker" pos="X">nachtwaker</wf>
         <instance id="d000.s1215.t000" lemma="rapporteren" pos="VERB">rapporteerde</instance>
         <wf lemma="de" pos="X">de</wf>
         <wf lemma="diefstal" pos="X">diefstal</wf>
         <wf lemma="aan" pos="X">aan</wf>
         <wf lemma="de" pos="X">de</wf>
         <wf lemma="politie" pos="X">politie</wf>
         <wf lemma="." pos="X">.</wf>
      </sentence>
      <sentence id="d000.s1216" source="wordnet-dutch">
         <wf lemma="er" pos="X">er</wf>
         <wf lemma="was" pos="X">was</wf>
         <wf lemma="de" pos="X">de</wf>
         <wf lemma="leuke" pos="X">leuke</wf>
         <instance id="d000.s1216.t000" lemma="bijkomstigheid" pos="NOUN">bijkomstigheid</instance>
         <wf lemma="dat" pos="X">dat</wf>
         <wf lemma="ook" pos="X">ook</wf>
         <wf lemma="Marie" pos="X">Marie</wf>
         <wf lemma="in" pos="X">in</wf>
         <wf lemma="de" pos="X">de</wf>
         <wf lemma="kroeg" pos="X">kroeg</wf>
         <wf lemma="was" pos="X">was</wf>
         <wf lemma="." pos="X">.</wf>
      </sentence>
      <sentence id="d000.s1217" source="wordnet-dutch">
         <wf lemma="iets" pos="X">iets</wf>
         <wf lemma="per" pos="X">per</wf>
         <instance id="d000.s1217.t000" lemma="vergissing" pos="NOUN">vergissing</instance>
         <wf lemma="doen" pos="X">doen</wf>
         <wf lemma="." pos="X">.</wf>
      </sentence>
      <sentence id="d000.s1218" source="wordnet-dutch">
         <wf lemma="Heer" pos="X">Heer</wf>
         <wf lemma="," pos="X">,</wf>
         <wf lemma="vergeef" pos="X">vergeef</wf>
         <wf lemma="ons" pos="X">ons</wf>
         <wf lemma="onze" pos="X">onze</wf>
         <instance id="d000.s1218.t000" lemma="schuld" pos="NOUN">schulden</instance>
         <wf lemma="." pos="X">.</wf>
      </sentence>
      <sentence id="d000.s1219" source="wordnet-dutch">
         <wf lemma="zij" pos="X">zij</wf>
         <wf lemma="spande" pos="X">spande</wf>
         <wf lemma="zich" pos="X">zich</wf>
         <wf lemma="volledig" pos="X">volledig</wf>
         <wf lemma="in" pos="X">in</wf>
         <wf lemma="maar" pos="X">maar</wf>
         <instance id="d000.s1219.t000" lemma="laten" pos="VERB">liet</instance>
         <wf lemma="hem" pos="X">hem</wf>
         <wf lemma="de" pos="X">de</wf>
         <wf lemma="eer." pos="X">eer.</wf>
      </sentence>
      <sentence id="d000.s1220" source="wordnet-dutch">
         <wf lemma="de" pos="X">de</wf>
         <wf lemma="kaarten" pos="X">kaarten</wf>
         <wf lemma="liggen" pos="X">liggen</wf>
         <wf lemma="niet" pos="X">niet</wf>
         <wf lemma="op" pos="X">op</wf>
         <instance id="d000.s1220.t000" lemma="volgorde" pos="NOUN">volgorde</instance>
         <wf lemma="." pos="X">.</wf>
      </sentence>
      <sentence id="d000.s1221" source="wordnet-dutch">
         <wf lemma="de" pos="X">de</wf>
         <instance id="d000.s1221.t000" lemma="capaciteit" pos="NOUN">capaciteit</instance>
         <wf lemma="voor" pos="X">voor</wf>
         <wf lemma="hartoperaties" pos="X">hartoperaties</wf>
         <wf lemma="is" pos="X">is</wf>
         <wf lemma="te" pos="X">te</wf>
         <wf lemma="laag" pos="X">laag</wf>
         <wf lemma="." pos="X">.</wf>
      </sentence>
      <sentence id="d000.s1222" source="wordnet-dutch">
         <wf lemma="u" pos="X">u</wf>
         <wf lemma="vindt" pos="X">vindt</wf>
         <wf lemma="een" pos="X">een</wf>
         <wf lemma="ruime" pos="X">ruime</wf>
         <wf lemma="collectie" pos="X">collectie</wf>
         <wf lemma="citruspersen" pos="X">citruspersen</wf>
         <wf lemma="in" pos="X">in</wf>
         <wf lemma="ons" pos="X">ons</wf>
         <instance id="d000.s1222.t000" lemma="filiaal" pos="NOUN">filiaal</instance>
         <wf lemma="aan" pos="X">aan</wf>
         <wf lemma="de" pos="X">de</wf>
         <wf lemma="Wolvenstraat" pos="X">Wolvenstraat</wf>
         <wf lemma="." pos="X">.</wf>
      </sentence>
      <sentence id="d000.s1223" source="wordnet-dutch">
         <wf lemma="met" pos="X">met</wf>
         <wf lemma="een" pos="X">een</wf>
         <wf lemma="prachtig" pos="X">prachtig</wf>
         <wf lemma="schot" pos="X">schot</wf>
         <wf lemma="voltrok" pos="X">voltrok</wf>
         <wf lemma="de" pos="X">de</wf>
         <wf lemma="speler" pos="X">speler</wf>
         <wf lemma="van" pos="X">van</wf>
         <wf lemma="RKC" pos="X">RKC</wf>
         <wf lemma="het" pos="X">het</wf>
         <instance id="d000.s1223.t000" lemma="vonnis" pos="NOUN">vonnis</instance>
         <wf lemma="over" pos="X">over</wf>
         <wf lemma="AZ." pos="X">AZ.</wf>
      </sentence>
      <sentence id="d000.s1224" source="wordnet-dutch">
         <wf lemma="de" pos="X">de</wf>
         <instance id="d000.s1224.t000" lemma="capaciteit" pos="NOUN">capaciteit</instance>
         <wf lemma="van" pos="X">van</wf>
         <wf lemma="de" pos="X">de</wf>
         <wf lemma="accu" pos="X">accu</wf>
         <wf lemma="loopt" pos="X">loopt</wf>
         <wf lemma="terug" pos="X">terug</wf>
         <wf lemma="." pos="X">.</wf>
      </sentence>
      <sentence id="d000.s1225" source="wordnet-dutch">
         <wf lemma="Die" pos="X">Die</wf>
         <wf lemma="stomme" pos="X">stomme</wf>
         <instance id="d000.s1225.t000" lemma="koe" pos="NOUN">koe</instance>
         <wf lemma="wilde" pos="X">wilde</wf>
         <wf lemma="mij" pos="X">mij</wf>
         <wf lemma="haar" pos="X">haar</wf>
         <wf lemma="auto" pos="X">auto</wf>
         <wf lemma="niet" pos="X">niet</wf>
         <wf lemma="uitlenen" pos="X">uitlenen</wf>
         <wf lemma="!" pos="X">!</wf>
      </sentence>
      <sentence id="d000.s1226" source="wordnet-dutch">
         <wf lemma="de" pos="X">de</wf>
         <wf lemma="vis" pos="X">vis</wf>
         <wf lemma="wil" pos="X">wil</wf>
         <wf lemma="vandaag" pos="X">vandaag</wf>
         <wf lemma="niet" pos="X">niet</wf>
         <instance id="d000.s1226.t000" lemma="bijten" pos="VERB">bijten</instance>
         <wf lemma="." pos="X">.</wf>
      </sentence>
      <sentence id="d000.s1227" source="wordnet-dutch">
         <wf lemma="ik" pos="X">ik</wf>
         <wf lemma="kom" pos="X">kom</wf>
         <wf lemma="in" pos="X">in</wf>
         <wf lemma="de" pos="X">de</wf>
         <wf lemma="loop" pos="X">loop</wf>
         <wf lemma="van" pos="X">van</wf>
         <wf lemma="de" pos="X">de</wf>
         <instance id="d000.s1227.t000" lemma="avond" pos="NOUN">avond</instance>
         <wf lemma="wel" pos="X">wel</wf>
         <wf lemma="even" pos="X">even</wf>
         <wf lemma="langs" pos="X">langs</wf>
         <wf lemma="." pos="X">.</wf>
      </sentence>
      <sentence id="d000.s1228" source="wordnet-dutch">
         <wf lemma="deze" pos="X">deze</wf>
         <wf lemma="kunstenaar" pos="X">kunstenaar</wf>
         <wf lemma="werd" pos="X">werd</wf>
         <wf lemma="jarenlang" pos="X">jarenlang</wf>
         <wf lemma="door" pos="X">door</wf>
         <wf lemma="de" pos="X">de</wf>
         <wf lemma="critici" pos="X">critici</wf>
         <instance id="d000.s1228.t000" lemma="verguizen" pos="VERB">verguisd</instance>
         <wf lemma="." pos="X">.</wf>
      </sentence>
      <sentence id="d000.s1229" source="wordnet-dutch">
         <wf lemma="ik" pos="X">ik</wf>
         <wf lemma="heb" pos="X">heb</wf>
         <wf lemma="voor" pos="X">voor</wf>
         <wf lemma="het" pos="X">het</wf>
         <wf lemma="komend" pos="X">komend</wf>
         <wf lemma="weekend" pos="X">weekend</wf>
         <wf lemma="maar" pos="X">maar</wf>
         <wf lemma="een" pos="X">een</wf>
         <wf lemma="driedaags" pos="X">driedaags</wf>
         <instance id="d000.s1229.t000" lemma="arrangement" pos="NOUN">arrangement</instance>
         <wf lemma="naar" pos="X">naar</wf>
         <wf lemma="Parijs" pos="X">Parijs</wf>
         <wf lemma="geboekt" pos="X">geboekt</wf>
         <wf lemma="." pos="X">.</wf>
      </sentence>
      <sentence id="d000.s1230" source="wordnet-dutch">
         <wf lemma="op" pos="X">op</wf>
         <wf lemma="dat" pos="X">dat</wf>
         <wf lemma="soort" pos="X">soort</wf>
         <instance id="d000.s1230.t000" lemma="advertentie" pos="NOUN">advertenties</instance>
         <wf lemma="kun" pos="X">kun</wf>
         <wf lemma="je" pos="X">je</wf>
         <wf lemma="maar" pos="X">maar</wf>
         <wf lemma="beter" pos="X">beter</wf>
         <wf lemma="niet" pos="X">niet</wf>
         <wf lemma="reageren" pos="X">reageren</wf>
         <wf lemma="." pos="X">.</wf>
      </sentence>
      <sentence id="d000.s1231" source="wordnet-dutch">
         <wf lemma="dit" pos="X">dit</wf>
         <instance id="d000.s1231.t000" lemma="blad" pos="NOUN">blad</instance>
         <wf lemma="komt" pos="X">komt</wf>
         <wf lemma="vier" pos="X">vier</wf>
         <wf lemma="keer" pos="X">keer</wf>
         <wf lemma="per" pos="X">per</wf>
         <wf lemma="jaar" pos="X">jaar</wf>
         <wf lemma="uit" pos="X">uit</wf>
         <wf lemma="." pos="X">.</wf>
      </sentence>
      <sentence id="d000.s1232" source="wordnet-dutch">
         <wf lemma="deze" pos="X">deze</wf>
         <wf lemma="ploeg" pos="X">ploeg</wf>
         <instance id="d000.s1232.t000" lemma="beheersen" pos="VERB">beheerste</instance>
         <wf lemma="het" pos="X">het</wf>
         <wf lemma="vorige" pos="X">vorige</wf>
         <wf lemma="seizoen" pos="X">seizoen</wf>
         <wf lemma="de" pos="X">de</wf>
         <wf lemma="competitie" pos="X">competitie</wf>
         <wf lemma="." pos="X">.</wf>
      </sentence>
      <sentence id="d000.s1233" source="wordnet-dutch">
         <wf lemma="de" pos="X">de</wf>
         <wf lemma="Nederlandse" pos="X">Nederlandse</wf>
         <wf lemma="Bank" pos="X">Bank</wf>
         <wf lemma="heeft" pos="X">heeft</wf>
         <wf lemma="zijn" pos="X">zijn</wf>
         <wf lemma="officiële" pos="X">officiële</wf>
         <wf lemma="tarieven" pos="X">tarieven</wf>
         <wf lemma="met" pos="X">met</wf>
         <wf lemma="een" pos="X">een</wf>
         <wf lemma="kwart" pos="X">kwart</wf>
         <wf lemma="procent" pos="X">procent</wf>
         <instance id="d000.s1233.t000" lemma="terugbrengen" pos="VERB">teruggebracht</instance>
         <wf lemma="." pos="X">.</wf>
      </sentence>
      <sentence id="d000.s1234" source="wordnet-dutch">
         <wf lemma="hij" pos="X">hij</wf>
         <wf lemma="heeft" pos="X">heeft</wf>
         <wf lemma="dat" pos="X">dat</wf>
         <wf lemma="verraad" pos="X">verraad</wf>
         <instance id="d000.s1234.t000" lemma="boeten" pos="VERB">geboet</instance>
         <wf lemma="met" pos="X">met</wf>
         <wf lemma="het" pos="X">het</wf>
         <wf lemma="leven" pos="X">leven</wf>
         <wf lemma="." pos="X">.</wf>
      </sentence>
      <sentence id="d000.s1235" source="wordnet-dutch">
         <wf lemma="De" pos="X">De</wf>
         <wf lemma="hefboom" pos="X">hefboom</wf>
         <wf lemma="steunt" pos="X">steunt</wf>
         <wf lemma="niet" pos="X">niet</wf>
         <wf lemma="goed" pos="X">goed</wf>
         <wf lemma="op" pos="X">op</wf>
         <wf lemma="de" pos="X">de</wf>
         <instance id="d000.s1235.t000" lemma="rust" pos="NOUN">rust</instance>
         <wf lemma="." pos="X">.</wf>
      </sentence>
      <sentence id="d000.s1236" source="wordnet-dutch">
         <wf lemma="dit" pos="X">dit</wf>
         <wf lemma="jaar" pos="X">jaar</wf>
         <wf lemma="wordt" pos="X">wordt</wf>
         <wf lemma="ook" pos="X">ook</wf>
         <wf lemma="onze" pos="X">onze</wf>
         <wf lemma="afdeling" pos="X">afdeling</wf>
         <instance id="d000.s1236.t000" lemma="reorganiseren" pos="VERB">gereorganiseerd</instance>
         <wf lemma="." pos="X">.</wf>
      </sentence>
      <sentence id="d000.s1237" source="wordnet-dutch">
         <wf lemma="hij" pos="X">hij</wf>
         <wf lemma="heeft" pos="X">heeft</wf>
         <wf lemma="tijdens" pos="X">tijdens</wf>
         <wf lemma="de" pos="X">de</wf>
         <wf lemma="Tweede" pos="X">Tweede</wf>
         <wf lemma="Wereldoorlog" pos="X">Wereldoorlog</wf>
         <wf lemma="nog" pos="X">nog</wf>
         <instance id="d000.s1237.t000" lemma="vechten" pos="VERB">gevochten</instance>
         <wf lemma="tegen" pos="X">tegen</wf>
         <wf lemma="de" pos="X">de</wf>
         <wf lemma="Japanners" pos="X">Japanners</wf>
         <wf lemma="." pos="X">.</wf>
      </sentence>
      <sentence id="d000.s1238" source="wordnet-dutch">
         <wf lemma="van" pos="X">van</wf>
         <wf lemma="deze" pos="X">deze</wf>
         <wf lemma="foto" pos="X">foto</wf>
         <wf lemma="wil" pos="X">wil</wf>
         <wf lemma="ik" pos="X">ik</wf>
         <wf lemma="graag" pos="X">graag</wf>
         <wf lemma="een" pos="X">een</wf>
         <wf lemma="extra" pos="X">extra</wf>
         <instance id="d000.s1238.t000" lemma="afdruk" pos="NOUN">afdruk</instance>
         <wf lemma="laten" pos="X">laten</wf>
         <wf lemma="maken" pos="X">maken</wf>
         <wf lemma="." pos="X">.</wf>
      </sentence>
      <sentence id="d000.s1239" source="wordnet-dutch">
         <wf lemma="de" pos="X">de</wf>
         <wf lemma="dijken" pos="X">dijken</wf>
         <instance id="d000.s1239.t000" lemma="lopen" pos="VERB">lopen</instance>
         <wf lemma="nu" pos="X">nu</wf>
         <wf lemma="door" pos="X">door</wf>
         <wf lemma="het" pos="X">het</wf>
         <wf lemma="land" pos="X">land</wf>
         <wf lemma="langs" pos="X">langs</wf>
         <wf lemma="de" pos="X">de</wf>
         <wf lemma="kwelders" pos="X">kwelders</wf>
         <wf lemma="." pos="X">.</wf>
      </sentence>
      <sentence id="d000.s1240" source="wordnet-dutch">
         <wf lemma="Zij" pos="X">Zij</wf>
         <instance id="d000.s1240.t000" lemma="maken" pos="VERB">maken</instance>
         <wf lemma="deel" pos="X">deel</wf>
         <wf lemma="uit" pos="X">uit</wf>
         <wf lemma="van" pos="X">van</wf>
         <wf lemma="een" pos="X">een</wf>
         <wf lemma="militante" pos="X">militante</wf>
         <wf lemma="groep" pos="X">groep</wf>
         <wf lemma="." pos="X">.</wf>
      </sentence>
      <sentence id="d000.s1241" source="wordnet-dutch">
         <wf lemma="bij" pos="X">bij</wf>
         <wf lemma="het" pos="X">het</wf>
         <wf lemma="ongeluk" pos="X">ongeluk</wf>
         <wf lemma="werden" pos="X">werden</wf>
         <wf lemma="de" pos="X">de</wf>
         <wf lemma="naaste" pos="X">naaste</wf>
         <instance id="d000.s1241.t000" lemma="verwant" pos="NOUN">verwanten</instance>
         <wf lemma="gewaarschuwd" pos="X">gewaarschuwd</wf>
         <wf lemma="." pos="X">.</wf>
      </sentence>
      <sentence id="d000.s1242" source="wordnet-dutch">
         <wf lemma="het" pos="X">het</wf>
         <wf lemma="Amerikaanse" pos="X">Amerikaanse</wf>
         <wf lemma="leger" pos="X">leger</wf>
         <instance id="d000.s1242.t000" lemma="overrompelen" pos="VERB">overrompelde</instance>
         <wf lemma="de" pos="X">de</wf>
         <wf lemma="vijand" pos="X">vijand</wf>
         <wf lemma="." pos="X">.</wf>
      </sentence>
      <sentence id="d000.s1243" source="wordnet-dutch">
         <wf lemma="de" pos="X">de</wf>
         <wf lemma="rechter" pos="X">rechter</wf>
         <wf lemma="besliste" pos="X">besliste</wf>
         <wf lemma="over" pos="X">over</wf>
         <wf lemma="de" pos="X">de</wf>
         <instance id="d000.s1243.t000" lemma="beslaglegging" pos="NOUN">beslaglegging</instance>
         <wf lemma="op" pos="X">op</wf>
         <wf lemma="de" pos="X">de</wf>
         <wf lemma="goederen" pos="X">goederen</wf>
         <wf lemma="." pos="X">.</wf>
      </sentence>
      <sentence id="d000.s1244" source="wordnet-dutch">
         <wf lemma="op" pos="X">op</wf>
         <wf lemma="het" pos="X">het</wf>
         <wf lemma="snelle" pos="X">snelle</wf>
         <instance id="d000.s1244.t000" lemma="ijs" pos="NOUN">ijs</instance>
         <wf lemma="van" pos="X">van</wf>
         <wf lemma="Thialf" pos="X">Thialf</wf>
         <wf lemma="werden" pos="X">werden</wf>
         <wf lemma="vele" pos="X">vele</wf>
         <wf lemma="records" pos="X">records</wf>
         <wf lemma="geschaatst" pos="X">geschaatst</wf>
         <wf lemma="." pos="X">.</wf>
      </sentence>
      <sentence id="d000.s1245" source="wordnet-dutch">
         <wf lemma="de" pos="X">de</wf>
         <wf lemma="telefoonverbinding" pos="X">telefoonverbinding</wf>
         <wf lemma="werd" pos="X">werd</wf>
         <wf lemma="plotseling" pos="X">plotseling</wf>
         <instance id="d000.s1245.t000" lemma="verbreken" pos="VERB">verbroken</instance>
         <wf lemma="." pos="X">.</wf>
      </sentence>
      <sentence id="d000.s1246" source="wordnet-dutch">
         <wf lemma="de" pos="X">de</wf>
         <wf lemma="werkzaamheden" pos="X">werkzaamheden</wf>
         <wf lemma="liggen" pos="X">liggen</wf>
         <wf lemma="nog" pos="X">nog</wf>
         <wf lemma="steeds" pos="X">steeds</wf>
         <wf lemma="op" pos="X">op</wf>
         <instance id="d000.s1246.t000" lemma="schema" pos="NOUN">schema</instance>
         <wf lemma="." pos="X">.</wf>
      </sentence>
      <sentence id="d000.s1247" source="wordnet-dutch">
         <wf lemma="met" pos="X">met</wf>
         <wf lemma="recht" pos="X">recht</wf>
         <wf lemma="en" pos="X">en</wf>
         <instance id="d000.s1247.t000" lemma="reden" pos="NOUN">reden</instance>
         <wf lemma="iets" pos="X">iets</wf>
         <wf lemma="doen" pos="X">doen</wf>
         <wf lemma="." pos="X">.</wf>
      </sentence>
      <sentence id="d000.s1248" source="wordnet-dutch">
         <wf lemma="men" pos="X">men</wf>
         <wf lemma="hoopt" pos="X">hoopt</wf>
         <wf lemma="zo" pos="X">zo</wf>
         <wf lemma="de" pos="X">de</wf>
         <wf lemma="gebeurtenissen" pos="X">gebeurtenissen</wf>
         <wf lemma="in" pos="X">in</wf>
         <wf lemma="Srebrenica" pos="X">Srebrenica</wf>
         <wf lemma="alsnog" pos="X">alsnog</wf>
         <wf lemma="in" pos="X">in</wf>
         <instance id="d000.s1248.t000" lemma="kaart" pos="NOUN">kaart</instance>
         <wf lemma="te" pos="X">te</wf>
         <wf lemma="brengen" pos="X">brengen</wf>
         <wf lemma="." pos="X">.</wf>
      </sentence>
      <sentence id="d000.s1249" source="wordnet-dutch">
         <wf lemma="we" pos="X">we</wf>
         <wf lemma="zitten" pos="X">zitten</wf>
         <wf lemma="vanavond" pos="X">vanavond</wf>
         <instance id="d000.s1249.t000" lemma="parket" pos="NOUN">parket</instance>
         <wf lemma="." pos="X">.</wf>
      </sentence>
      <sentence id="d000.s1250" source="wordnet-dutch">
         <wf lemma="ik" pos="X">ik</wf>
         <instance id="d000.s1250.t000" lemma="durven" pos="VERB">durf</instance>
         <wf lemma="best" pos="X">best</wf>
         <wf lemma="in" pos="X">in</wf>
         <wf lemma="zee" pos="X">zee</wf>
         <wf lemma="te" pos="X">te</wf>
         <wf lemma="zwemmen" pos="X">zwemmen</wf>
         <wf lemma="." pos="X">.</wf>
      </sentence>
      <sentence id="d000.s1251" source="wordnet-dutch">
         <wf lemma="het" pos="X">het</wf>
         <wf lemma="vluchtelingenkamp" pos="X">vluchtelingenkamp</wf>
         <wf lemma="in" pos="X">in</wf>
         <wf lemma="de" pos="X">de</wf>
         <wf lemma="bergen" pos="X">bergen</wf>
         <wf lemma="werd" pos="X">werd</wf>
         <wf lemma="via" pos="X">via</wf>
         <wf lemma="een" pos="X">een</wf>
         <wf lemma="luchtbrug" pos="X">luchtbrug</wf>
         <instance id="d000.s1251.t000" lemma="ravitailleren" pos="VERB">geravitailleerd</instance>
         <wf lemma="." pos="X">.</wf>
      </sentence>
      <sentence id="d000.s1252" source="wordnet-dutch">
         <wf lemma="toen" pos="X">toen</wf>
         <wf lemma="wij" pos="X">wij</wf>
         <wf lemma="op" pos="X">op</wf>
         <wf lemma="een" pos="X">een</wf>
         <instance id="d000.s1252.t000" lemma="veto" pos="NOUN">veto</instance>
         <wf lemma="van" pos="X">van</wf>
         <wf lemma="de" pos="X">de</wf>
         <wf lemma="Amerikanen" pos="X">Amerikanen</wf>
         <wf lemma="stuitten" pos="X">stuitten</wf>
         <wf lemma="," pos="X">,</wf>
         <wf lemma="hebben" pos="X">hebben</wf>
         <wf lemma="we" pos="X">we</wf>
         <wf lemma="het" pos="X">het</wf>
         <wf lemma="project" pos="X">project</wf>
         <wf lemma="afgeblazen" pos="X">afgeblazen</wf>
         <wf lemma="." pos="X">.</wf>
      </sentence>
      <sentence id="d000.s1253" source="wordnet-dutch">
         <wf lemma="na" pos="X">na</wf>
         <wf lemma="twaalf" pos="X">twaalf</wf>
         <wf lemma="jaar" pos="X">jaar</wf>
         <wf lemma="huwelijk" pos="X">huwelijk</wf>
         <wf lemma="hebben" pos="X">hebben</wf>
         <wf lemma="ze" pos="X">ze</wf>
         <wf lemma="besloten" pos="X">besloten</wf>
         <wf lemma="te" pos="X">te</wf>
         <wf lemma="gaan" pos="X">gaan</wf>
         <instance id="d000.s1253.t000" lemma="scheiden" pos="VERB">scheiden</instance>
         <wf lemma="." pos="X">.</wf>
      </sentence>
      <sentence id="d000.s1254" source="wordnet-dutch">
         <wf lemma="de" pos="X">de</wf>
         <wf lemma="schaatsers" pos="X">schaatsers</wf>
         <wf lemma="kunnen" pos="X">kunnen</wf>
         <wf lemma="straks" pos="X">straks</wf>
         <wf lemma="in" pos="X">in</wf>
         <wf lemma="een" pos="X">een</wf>
         <wf lemma="rechtstreeks" pos="X">rechtstreeks</wf>
         <wf lemma="duel" pos="X">duel</wf>
         <wf lemma="met" pos="X">met</wf>
         <wf lemma="elkaar" pos="X">elkaar</wf>
         <instance id="d000.s1254.t000" lemma="wedijveren" pos="VERB">wedijveren</instance>
         <wf lemma="." pos="X">.</wf>
      </sentence>
      <sentence id="d000.s1255" source="wordnet-dutch">
         <wf lemma="de" pos="X">de</wf>
         <wf lemma="wetenschappers" pos="X">wetenschappers</wf>
         <wf lemma="hebben" pos="X">hebben</wf>
         <wf lemma="echter" pos="X">echter</wf>
         <wf lemma="geen" pos="X">geen</wf>
         <instance id="d000.s1255.t000" lemma="verklaring" pos="NOUN">verklaring</instance>
         <wf lemma="voor" pos="X">voor</wf>
         <wf lemma="de" pos="X">de</wf>
         <wf lemma="verdwaling" pos="X">verdwaling</wf>
         <wf lemma="in" pos="X">in</wf>
         <wf lemma="de" pos="X">de</wf>
         <wf lemma="Noordzee" pos="X">Noordzee</wf>
         <wf lemma="van" pos="X">van</wf>
         <wf lemma="de" pos="X">de</wf>
         <wf lemma="potvissen" pos="X">potvissen</wf>
         <wf lemma="." pos="X">.</wf>
      </sentence>
      <sentence id="d000.s1256" source="wordnet-dutch">
         <wf lemma="er" pos="X">er</wf>
         <wf lemma="brak" pos="X">brak</wf>
         <wf lemma="een" pos="X">een</wf>
         <wf lemma="storm" pos="X">storm</wf>
         <wf lemma="van" pos="X">van</wf>
         <instance id="d000.s1256.t000" lemma="protest" pos="NOUN">protest</instance>
         <wf lemma="uit" pos="X">uit</wf>
         <wf lemma="." pos="X">.</wf>
      </sentence>
      <sentence id="d000.s1257" source="wordnet-dutch">
         <wf lemma="hij" pos="X">hij</wf>
         <instance id="d000.s1257.t000" lemma="reserveren" pos="VERB">reserveerde</instance>
         <wf lemma="een" pos="X">een</wf>
         <wf lemma="tafel" pos="X">tafel</wf>
         <wf lemma="voor" pos="X">voor</wf>
         <wf lemma="twee" pos="X">twee</wf>
         <wf lemma="personen" pos="X">personen</wf>
         <wf lemma="in" pos="X">in</wf>
         <wf lemma="één" pos="X">één</wf>
         <wf lemma="van" pos="X">van</wf>
         <wf lemma="de" pos="X">de</wf>
         <wf lemma="duurste" pos="X">duurste</wf>
         <wf lemma="restaurants" pos="X">restaurants</wf>
         <wf lemma="van" pos="X">van</wf>
         <wf lemma="Brussel" pos="X">Brussel</wf>
         <wf lemma="." pos="X">.</wf>
      </sentence>
      <sentence id="d000.s1258" source="wordnet-dutch">
         <wf lemma="met" pos="X">met</wf>
         <wf lemma="zwaardere" pos="X">zwaardere</wf>
         <wf lemma="straffen" pos="X">straffen</wf>
         <instance id="d000.s1258.t000" lemma="anticiperen" pos="VERB">anticiperen</instance>
         <wf lemma="de" pos="X">de</wf>
         <wf lemma="rechters" pos="X">rechters</wf>
         <wf lemma="op" pos="X">op</wf>
         <wf lemma="vervroegde" pos="X">vervroegde</wf>
         <wf lemma="vrijlating" pos="X">vrijlating</wf>
         <wf lemma="." pos="X">.</wf>
      </sentence>
      <sentence id="d000.s1259" source="wordnet-dutch">
         <wf lemma="ik" pos="X">ik</wf>
         <wf lemma="ben" pos="X">ben</wf>
         <wf lemma="hem" pos="X">hem</wf>
         <wf lemma="gisteren" pos="X">gisteren</wf>
         <wf lemma="nog" pos="X">nog</wf>
         <wf lemma="op" pos="X">op</wf>
         <wf lemma="straat" pos="X">straat</wf>
         <instance id="d000.s1259.t000" lemma="tegenkomen" pos="VERB">tegengekomen</instance>
         <wf lemma="." pos="X">.</wf>
      </sentence>
      <sentence id="d000.s1260" source="wordnet-dutch">
         <wf lemma="de" pos="X">de</wf>
         <wf lemma="Irakezen" pos="X">Irakezen</wf>
         <wf lemma="zijn" pos="X">zijn</wf>
         <wf lemma="bezig" pos="X">bezig</wf>
         <wf lemma="alle" pos="X">alle</wf>
         <wf lemma="fabrieken" pos="X">fabrieken</wf>
         <wf lemma="in" pos="X">in</wf>
         <instance id="d000.s1260.t000" lemma="brand" pos="NOUN">brand</instance>
         <wf lemma="te" pos="X">te</wf>
         <wf lemma="steken" pos="X">steken</wf>
         <wf lemma="." pos="X">.</wf>
      </sentence>
      <sentence id="d000.s1261" source="wordnet-dutch">
         <wf lemma="het" pos="X">het</wf>
         <wf lemma="was" pos="X">was</wf>
         <wf lemma="nog" pos="X">nog</wf>
         <wf lemma="een" pos="X">een</wf>
         <wf lemma="hele" pos="X">hele</wf>
         <instance id="d000.s1261.t000" lemma="rit" pos="NOUN">rit</instance>
         <wf lemma="naar" pos="X">naar</wf>
         <wf lemma="zijn" pos="X">zijn</wf>
         <wf lemma="huis" pos="X">huis</wf>
         <wf lemma="." pos="X">.</wf>
      </sentence>
      <sentence id="d000.s1262" source="wordnet-dutch">
         <wf lemma="het" pos="X">het</wf>
         <wf lemma="is" pos="X">is</wf>
         <wf lemma="echter" pos="X">echter</wf>
         <wf lemma="allemaal" pos="X">allemaal</wf>
         <wf lemma="anders" pos="X">anders</wf>
         <instance id="d000.s1262.t000" lemma="uitpakken" pos="VERB">uitgepakt</instance>
         <wf lemma="." pos="X">.</wf>
      </sentence>
      <sentence id="d000.s1263" source="wordnet-dutch">
         <wf lemma="ik" pos="X">ik</wf>
         <wf lemma="heb" pos="X">heb</wf>
         <wf lemma="jou" pos="X">jou</wf>
         <wf lemma="op" pos="X">op</wf>
         <wf lemma="dat" pos="X">dat</wf>
         <wf lemma="feestje" pos="X">feestje</wf>
         <wf lemma="niet" pos="X">niet</wf>
         <wf lemma="eens" pos="X">eens</wf>
         <instance id="d000.s1263.t000" lemma="opmerken" pos="VERB">opgemerkt</instance>
         <wf lemma="." pos="X">.</wf>
      </sentence>
      <sentence id="d000.s1264" source="wordnet-dutch">
         <wf lemma="Hij" pos="X">Hij</wf>
         <wf lemma="won" pos="X">won</wf>
         <wf lemma="goud" pos="X">goud</wf>
         <wf lemma="op" pos="X">op</wf>
         <wf lemma="de" pos="X">de</wf>
         <wf lemma="100" pos="X">100</wf>
         <wf lemma="m" pos="X">m</wf>
         <instance id="d000.s1264.t000" lemma="vlinder" pos="NOUN">vlinder</instance>
         <wf lemma="." pos="X">.</wf>
      </sentence>
      <sentence id="d000.s1265" source="wordnet-dutch">
         <wf lemma="ook" pos="X">ook</wf>
         <wf lemma="als" pos="X">als</wf>
         <wf lemma="je" pos="X">je</wf>
         <wf lemma="slaapt" pos="X">slaapt</wf>
         <wf lemma="moet" pos="X">moet</wf>
         <wf lemma="je" pos="X">je</wf>
         <wf lemma="af" pos="X">af</wf>
         <wf lemma="en" pos="X">en</wf>
         <wf lemma="toe" pos="X">toe</wf>
         <wf lemma="een" pos="X">een</wf>
         <wf lemma="andere" pos="X">andere</wf>
         <instance id="d000.s1265.t000" lemma="houding" pos="NOUN">houding</instance>
         <wf lemma="aannemen" pos="X">aannemen</wf>
         <wf lemma="." pos="X">.</wf>
      </sentence>
      <sentence id="d000.s1266" source="wordnet-dutch">
         <wf lemma="De" pos="X">De</wf>
         <instance id="d000.s1266.t000" lemma="sterrenkijker" pos="NOUN">sterrenkijker</instance>
         <wf lemma="kan" pos="X">kan</wf>
         <wf lemma="zijn" pos="X">zijn</wf>
         <wf lemma="eigen" pos="X">eigen</wf>
         <wf lemma="toekomst" pos="X">toekomst</wf>
         <wf lemma="niet" pos="X">niet</wf>
         <wf lemma="voorspellen" pos="X">voorspellen</wf>
         <wf lemma="." pos="X">.</wf>
      </sentence>
      <sentence id="d000.s1267" source="wordnet-dutch">
         <wf lemma="de" pos="X">de</wf>
         <wf lemma="prijs" pos="X">prijs</wf>
         <wf lemma="is" pos="X">is</wf>
         <wf lemma="in" pos="X">in</wf>
         <instance id="d000.s1267.t000" lemma="dollar" pos="NOUN">dollars</instance>
         <wf lemma="." pos="X">.</wf>
      </sentence>
      <sentence id="d000.s1268" source="wordnet-dutch">
         <instance id="d000.s1268.t000" lemma="dispositie" pos="NOUN">dispositie</instance>
         <wf lemma="voor" pos="X">voor</wf>
         <wf lemma="bepaalde" pos="X">bepaalde</wf>
         <wf lemma="ziekten" pos="X">ziekten</wf>
         <wf lemma="." pos="X">.</wf>
      </sentence>
      <sentence id="d000.s1269" source="wordnet-dutch">
         <wf lemma="die" pos="X">die</wf>
         <wf lemma="duikers" pos="X">duikers</wf>
         <wf lemma="hebben" pos="X">hebben</wf>
         <wf lemma="de" pos="X">de</wf>
         <wf lemma="resten" pos="X">resten</wf>
         <wf lemma="van" pos="X">van</wf>
         <wf lemma="een" pos="X">een</wf>
         <wf lemma="oud" pos="X">oud</wf>
         <wf lemma="schip" pos="X">schip</wf>
         <instance id="d000.s1269.t000" lemma="terugvinden" pos="VERB">teruggevonden</instance>
         <wf lemma="." pos="X">.</wf>
      </sentence>
      <sentence id="d000.s1270" source="wordnet-dutch">
         <wf lemma="die" pos="X">die</wf>
         <wf lemma="ouders" pos="X">ouders</wf>
         <instance id="d000.s1270.t000" lemma="zorgen" pos="VERB">zorgen</instance>
         <wf lemma="goed" pos="X">goed</wf>
         <wf lemma="voor" pos="X">voor</wf>
         <wf lemma="hun" pos="X">hun</wf>
         <wf lemma="kinderen" pos="X">kinderen</wf>
         <wf lemma="." pos="X">.</wf>
      </sentence>
      <sentence id="d000.s1271" source="wordnet-dutch">
         <wf lemma="het" pos="X">het</wf>
         <wf lemma="product" pos="X">product</wf>
         <wf lemma="moet" pos="X">moet</wf>
         <wf lemma="eerst" pos="X">eerst</wf>
         <wf lemma="nog" pos="X">nog</wf>
         <wf lemma="grondig" pos="X">grondig</wf>
         <wf lemma="worden" pos="X">worden</wf>
         <instance id="d000.s1271.t000" lemma="uittesten" pos="VERB">uitgetest</instance>
         <wf lemma="." pos="X">.</wf>
      </sentence>
      <sentence id="d000.s1272" source="wordnet-dutch">
         <wf lemma="Kun" pos="X">Kun</wf>
         <wf lemma="je" pos="X">je</wf>
         <wf lemma="de" pos="X">de</wf>
         <instance id="d000.s1272.t000" lemma="prijs" pos="NOUN">prijs</instance>
         <wf lemma="eraf" pos="X">eraf</wf>
         <wf lemma="halen" pos="X">halen</wf>
         <wf lemma="?" pos="X">?</wf>
         <wf lemma="Het" pos="X">Het</wf>
         <wf lemma="is" pos="X">is</wf>
         <wf lemma="een" pos="X">een</wf>
         <wf lemma="geschenk" pos="X">geschenk</wf>
         <wf lemma="." pos="X">.</wf>
      </sentence>
      <sentence id="d000.s1273" source="wordnet-dutch">
         <wf lemma="een" pos="X">een</wf>
         <wf lemma="en" pos="X">en</wf>
         <wf lemma="ander" pos="X">ander</wf>
         <wf lemma="gebeurt" pos="X">gebeurt</wf>
         <wf lemma="in" pos="X">in</wf>
         <wf lemma="nauwe" pos="X">nauwe</wf>
         <instance id="d000.s1273.t000" lemma="samenspraak" pos="NOUN">samenspraak</instance>
         <wf lemma="met" pos="X">met</wf>
         <wf lemma="de" pos="X">de</wf>
         <wf lemma="gemeente" pos="X">gemeente</wf>
         <wf lemma="." pos="X">.</wf>
      </sentence>
      <sentence id="d000.s1274" source="wordnet-dutch">
         <wf lemma="de" pos="X">de</wf>
         <wf lemma="mode" pos="X">mode</wf>
         <wf lemma="van" pos="X">van</wf>
         <wf lemma="rokken" pos="X">rokken</wf>
         <wf lemma="is" pos="X">is</wf>
         <wf lemma="weer" pos="X">weer</wf>
         <wf lemma="tot" pos="X">tot</wf>
         <wf lemma="boven" pos="X">boven</wf>
         <wf lemma="de" pos="X">de</wf>
         <instance id="d000.s1274.t000" lemma="knie" pos="NOUN">knie</instance>
         <wf lemma="." pos="X">.</wf>
      </sentence>
      <sentence id="d000.s1275" source="wordnet-dutch">
         <wf lemma="de" pos="X">de</wf>
         <wf lemma="thuisploeg" pos="X">thuisploeg</wf>
         <wf lemma="kwam" pos="X">kwam</wf>
         <wf lemma="snel" pos="X">snel</wf>
         <wf lemma="op" pos="X">op</wf>
         <wf lemma="voorsprong" pos="X">voorsprong</wf>
         <wf lemma="maar" pos="X">maar</wf>
         <wf lemma="wist" pos="X">wist</wf>
         <wf lemma="die" pos="X">die</wf>
         <wf lemma="niet" pos="X">niet</wf>
         <wf lemma="te" pos="X">te</wf>
         <instance id="d000.s1275.t000" lemma="consolideren" pos="VERB">consolideren</instance>
         <wf lemma="." pos="X">.</wf>
      </sentence>
      <sentence id="d000.s1276" source="wordnet-dutch">
         <wf lemma="in" pos="X">in</wf>
         <wf lemma="de" pos="X">de</wf>
         <wf lemma="tweede" pos="X">tweede</wf>
         <instance id="d000.s1276.t000" lemma="helft" pos="NOUN">helft</instance>
         <wf lemma="was" pos="X">was</wf>
         <wf lemma="Vitesse" pos="X">Vitesse</wf>
         <wf lemma="een" pos="X">een</wf>
         <wf lemma="stuk" pos="X">stuk</wf>
         <wf lemma="beter" pos="X">beter</wf>
         <wf lemma="dan" pos="X">dan</wf>
         <wf lemma="in" pos="X">in</wf>
         <wf lemma="de" pos="X">de</wf>
         <wf lemma="eerste" pos="X">eerste</wf>
         <wf lemma="." pos="X">.</wf>
      </sentence>
      <sentence id="d000.s1277" source="wordnet-dutch">
         <wf lemma="Het" pos="X">Het</wf>
         <instance id="d000.s1277.t000" lemma="wit" pos="NOUN">wit</instance>
         <wf lemma="moet" pos="X">moet</wf>
         <wf lemma="gewassen" pos="X">gewassen</wf>
         <wf lemma="worden" pos="X">worden</wf>
         <wf lemma="." pos="X">.</wf>
      </sentence>
      <sentence id="d000.s1278" source="wordnet-dutch">
         <wf lemma="Klaas" pos="X">Klaas</wf>
         <wf lemma="wilde" pos="X">wilde</wf>
         <wf lemma="ook" pos="X">ook</wf>
         <wf lemma="mee" pos="X">mee</wf>
         <wf lemma="," pos="X">,</wf>
         <wf lemma="maar" pos="X">maar</wf>
         <wf lemma="hem" pos="X">hem</wf>
         <wf lemma="heb" pos="X">heb</wf>
         <wf lemma="ik" pos="X">ik</wf>
         <instance id="d000.s1278.t000" lemma="afwimpelen" pos="VERB">afgewimpeld</instance>
         <wf lemma="." pos="X">.</wf>
      </sentence>
      <sentence id="d000.s1279" source="wordnet-dutch">
         <wf lemma="Schiphol" pos="X">Schiphol</wf>
         <wf lemma="wil" pos="X">wil</wf>
         <wf lemma="een" pos="X">een</wf>
         <wf lemma="vijfde" pos="X">vijfde</wf>
         <wf lemma="start-" pos="X">start-</wf>
         <wf lemma="en" pos="X">en</wf>
         <instance id="d000.s1279.t000" lemma="landingsbaan" pos="NOUN">landingsbaan</instance>
         <wf lemma="aanleggen" pos="X">aanleggen</wf>
         <wf lemma="." pos="X">.</wf>
      </sentence>
      <sentence id="d000.s1280" source="wordnet-dutch">
         <wf lemma="Kurt" pos="X">Kurt</wf>
         <instance id="d000.s1280.t000" lemma="scheppen" pos="VERB">schept</instance>
         <wf lemma="de" pos="X">de</wf>
         <wf lemma="bal" pos="X">bal</wf>
         <wf lemma="naar" pos="X">naar</wf>
         <wf lemma="Frederic" pos="X">Frederic</wf>
         <wf lemma="maar" pos="X">maar</wf>
         <wf lemma="zelfs" pos="X">zelfs</wf>
         <wf lemma="zijn" pos="X">zijn</wf>
         <wf lemma="lange" pos="X">lange</wf>
         <wf lemma="benen" pos="X">benen</wf>
         <wf lemma="zijn" pos="X">zijn</wf>
         <wf lemma="iets" pos="X">iets</wf>
         <wf lemma="te" pos="X">te</wf>
         <wf lemma="kort" pos="X">kort</wf>
         <wf lemma="om" pos="X">om</wf>
         <wf lemma="bal" pos="X">bal</wf>
         <wf lemma="te" pos="X">te</wf>
         <wf lemma="controleren" pos="X">controleren</wf>
         <wf lemma="." pos="X">.</wf>
      </sentence>
      <sentence id="d000.s1281" source="wordnet-dutch">
         <wf lemma="verboden" pos="X">verboden</wf>
         <wf lemma="toegang" pos="X">toegang</wf>
         <wf lemma="," pos="X">,</wf>
         <wf lemma="dit" pos="X">dit</wf>
         <wf lemma="terrein" pos="X">terrein</wf>
         <wf lemma="is" pos="X">is</wf>
         <wf lemma="particulier" pos="X">particulier</wf>
         <instance id="d000.s1281.t000" lemma="eigendom" pos="NOUN">eigendom</instance>
         <wf lemma="." pos="X">.</wf>
      </sentence>
      <sentence id="d000.s1282" source="wordnet-dutch">
         <wf lemma="De" pos="X">De</wf>
         <instance id="d000.s1282.t000" lemma="productie" pos="NOUN">productie</instance>
         <wf lemma="bedraagt" pos="X">bedraagt</wf>
         <wf lemma="zo'n" pos="X">zo'n</wf>
         <wf lemma="6,5" pos="X">6,5</wf>
         <wf lemma="miljoen" pos="X">miljoen</wf>
         <wf lemma="ton" pos="X">ton</wf>
         <wf lemma="per" pos="X">per</wf>
         <wf lemma="jaar" pos="X">jaar</wf>
         <wf lemma="." pos="X">.</wf>
      </sentence>
      <sentence id="d000.s1283" source="wordnet-dutch">
         <wf lemma="ze" pos="X">ze</wf>
         <wf lemma="hebben" pos="X">hebben</wf>
         <wf lemma="die" pos="X">die</wf>
         <wf lemma="producten" pos="X">producten</wf>
         <wf lemma="laag/hoog" pos="X">laag/hoog</wf>
         <instance id="d000.s1283.t000" lemma="prijzen" pos="VERB">geprijsd</instance>
         <wf lemma="." pos="X">.</wf>
      </sentence>
      <sentence id="d000.s1284" source="wordnet-dutch">
         <wf lemma="Wat" pos="X">Wat</wf>
         <wf lemma="is" pos="X">is</wf>
         <wf lemma="de" pos="X">de</wf>
         <instance id="d000.s1284.t000" lemma="datum" pos="NOUN">datum</instance>
         <wf lemma="vandaag" pos="X">vandaag</wf>
         <wf lemma="?" pos="X">?</wf>
         <wf lemma="5" pos="X">5</wf>
         <wf lemma="november" pos="X">november</wf>
         <wf lemma="2010" pos="X">2010</wf>
         <wf lemma="." pos="X">.</wf>
      </sentence>
      <sentence id="d000.s1285" source="wordnet-dutch">
         <wf lemma="waar" pos="X">waar</wf>
         <wf lemma="hij" pos="X">hij</wf>
         <wf lemma="ook" pos="X">ook</wf>
         <wf lemma="uithangt" pos="X">uithangt</wf>
         <wf lemma="," pos="X">,</wf>
         <wf lemma="we" pos="X">we</wf>
         <wf lemma="zullen" pos="X">zullen</wf>
         <wf lemma="hem" pos="X">hem</wf>
         <instance id="d000.s1285.t000" lemma="hebben" pos="VERB">hebben</instance>
         <wf lemma="." pos="X">.</wf>
      </sentence>
      <sentence id="d000.s1286" source="wordnet-dutch">
         <wf lemma="na" pos="X">na</wf>
         <wf lemma="een" pos="X">een</wf>
         <wf lemma="half" pos="X">half</wf>
         <wf lemma="uur" pos="X">uur</wf>
         <instance id="d000.s1286.t000" lemma="verflauwen" pos="VERB">verflauwde</instance>
         <wf lemma="de" pos="X">de</wf>
         <wf lemma="aandacht" pos="X">aandacht</wf>
         <wf lemma="van" pos="X">van</wf>
         <wf lemma="het" pos="X">het</wf>
         <wf lemma="publiek" pos="X">publiek</wf>
         <wf lemma="." pos="X">.</wf>
      </sentence>
      <sentence id="d000.s1287" source="wordnet-dutch">
         <wf lemma="het" pos="X">het</wf>
         <wf lemma="christendom" pos="X">christendom</wf>
         <wf lemma="werd" pos="X">werd</wf>
         <wf lemma="toen" pos="X">toen</wf>
         <wf lemma="tot" pos="X">tot</wf>
         <wf lemma="staatsgodsdienst" pos="X">staatsgodsdienst</wf>
         <instance id="d000.s1287.t000" lemma="proclameren" pos="VERB">geproclameerd</instance>
         <wf lemma="." pos="X">.</wf>
      </sentence>
      <sentence id="d000.s1288" source="wordnet-dutch">
         <wf lemma="deze" pos="X">deze</wf>
         <wf lemma="zaak" pos="X">zaak</wf>
         <wf lemma="heeft" pos="X">heeft</wf>
         <wf lemma="later" pos="X">later</wf>
         <wf lemma="nog" pos="X">nog</wf>
         <wf lemma="een" pos="X">een</wf>
         <instance id="d000.s1288.t000" lemma="vervolg" pos="NOUN">vervolg</instance>
         <wf lemma="gehad" pos="X">gehad</wf>
         <wf lemma="." pos="X">.</wf>
      </sentence>
      <sentence id="d000.s1289" source="wordnet-dutch">
         <wf lemma="twee" pos="X">twee</wf>
         <wf lemma="huizen" pos="X">huizen</wf>
         <wf lemma="raakten" pos="X">raakten</wf>
         <wf lemma="door" pos="X">door</wf>
         <wf lemma="de" pos="X">de</wf>
         <wf lemma="brand" pos="X">brand</wf>
         <wf lemma="zwaar" pos="X">zwaar</wf>
         <instance id="d000.s1289.t000" lemma="beschadigen" pos="VERB">beschadigd</instance>
         <wf lemma="." pos="X">.</wf>
      </sentence>
      <sentence id="d000.s1290" source="wordnet-dutch">
         <wf lemma="de" pos="X">de</wf>
         <wf lemma="minister" pos="X">minister</wf>
         <wf lemma="geniet" pos="X">geniet</wf>
         <wf lemma="het" pos="X">het</wf>
         <instance id="d000.s1290.t000" lemma="vertrouwen" pos="NOUN">vertrouwen</instance>
         <wf lemma="van" pos="X">van</wf>
         <wf lemma="de" pos="X">de</wf>
         <wf lemma="kamer" pos="X">kamer</wf>
         <wf lemma="." pos="X">.</wf>
      </sentence>
      <sentence id="d000.s1291" source="wordnet-dutch">
         <wf lemma="dat" pos="X">dat</wf>
         <wf lemma="is" pos="X">is</wf>
         <wf lemma="voor" pos="X">voor</wf>
         <wf lemma="een" pos="X">een</wf>
         <wf lemma="gewone" pos="X">gewone</wf>
         <instance id="d000.s1291.t000" lemma="sterveling" pos="NOUN">sterveling</instance>
         <wf lemma="niet" pos="X">niet</wf>
         <wf lemma="te" pos="X">te</wf>
         <wf lemma="begrijpen" pos="X">begrijpen</wf>
         <wf lemma="." pos="X">.</wf>
      </sentence>
      <sentence id="d000.s1292" source="wordnet-dutch">
         <wf lemma="roken" pos="X">roken</wf>
         <wf lemma="is" pos="X">is</wf>
         <wf lemma="op" pos="X">op</wf>
         <wf lemma="de" pos="X">de</wf>
         <instance id="d000.s1292.t000" lemma="werkplek" pos="NOUN">werkplek</instance>
         <wf lemma="vaak" pos="X">vaak</wf>
         <wf lemma="verboden" pos="X">verboden</wf>
         <wf lemma="." pos="X">.</wf>
      </sentence>
      <sentence id="d000.s1293" source="wordnet-dutch">
         <wf lemma="door" pos="X">door</wf>
         <wf lemma="de" pos="X">de</wf>
         <wf lemma="val" pos="X">val</wf>
         <wf lemma="van" pos="X">van</wf>
         <wf lemma="de" pos="X">de</wf>
         <wf lemma="dollar" pos="X">dollar</wf>
         <wf lemma="ontstonden" pos="X">ontstonden</wf>
         <wf lemma="er" pos="X">er</wf>
         <instance id="d000.s1293.t000" lemma="turbulentie" pos="NOUN">turbulenties</instance>
         <wf lemma="op" pos="X">op</wf>
         <wf lemma="de" pos="X">de</wf>
         <wf lemma="wisselmarkt" pos="X">wisselmarkt</wf>
         <wf lemma="." pos="X">.</wf>
      </sentence>
      <sentence id="d000.s1294" source="wordnet-dutch">
         <wf lemma="Hoeveel" pos="X">Hoeveel</wf>
         <instance id="d000.s1294.t000" lemma="ram" pos="NOUN">ram</instance>
         <wf lemma="zit" pos="X">zit</wf>
         <wf lemma="er" pos="X">er</wf>
         <wf lemma="in" pos="X">in</wf>
         <wf lemma="je" pos="X">je</wf>
         <wf lemma="computer" pos="X">computer</wf>
         <wf lemma="?" pos="X">?</wf>
      </sentence>
      <sentence id="d000.s1295" source="wordnet-dutch">
         <wf lemma="Hij" pos="X">Hij</wf>
         <instance id="d000.s1295.t000" lemma="mogen" pos="VERB">mag</instance>
         <wf lemma="graag" pos="X">graag</wf>
         <wf lemma="een" pos="X">een</wf>
         <wf lemma="wijntje" pos="X">wijntje</wf>
         <wf lemma="." pos="X">.</wf>
      </sentence>
      <sentence id="d000.s1296" source="wordnet-dutch">
         <wf lemma="de" pos="X">de</wf>
         <wf lemma="pijn" pos="X">pijn</wf>
         <wf lemma="was" pos="X">was</wf>
         <wf lemma="nauwelijks" pos="X">nauwelijks</wf>
         <wf lemma="te" pos="X">te</wf>
         <instance id="d000.s1296.t000" lemma="verdragen" pos="VERB">verdragen</instance>
         <wf lemma="." pos="X">.</wf>
      </sentence>
      <sentence id="d000.s1297" source="wordnet-dutch">
         <wf lemma="de" pos="X">de</wf>
         <wf lemma="stuurman" pos="X">stuurman</wf>
         <wf lemma="nam" pos="X">nam</wf>
         <wf lemma="een" pos="X">een</wf>
         <instance id="d000.s1297.t000" lemma="peiling" pos="NOUN">peiling</instance>
         <wf lemma="op" pos="X">op</wf>
         <wf lemma="de" pos="X">de</wf>
         <wf lemma="vuurtoren" pos="X">vuurtoren</wf>
         <wf lemma="." pos="X">.</wf>
      </sentence>
      <sentence id="d000.s1298" source="wordnet-dutch">
         <wf lemma="de" pos="X">de</wf>
         <wf lemma="man" pos="X">man</wf>
         <wf lemma="is" pos="X">is</wf>
         <wf lemma="voor" pos="X">voor</wf>
         <wf lemma="een" pos="X">een</wf>
         <wf lemma="paar" pos="X">paar</wf>
         <wf lemma="dagen" pos="X">dagen</wf>
         <wf lemma="ter" pos="X">ter</wf>
         <instance id="d000.s1298.t000" lemma="observatie" pos="NOUN">observatie</instance>
         <wf lemma="opgenomen" pos="X">opgenomen</wf>
         <wf lemma="in" pos="X">in</wf>
         <wf lemma="het" pos="X">het</wf>
         <wf lemma="ziekenhuis" pos="X">ziekenhuis</wf>
         <wf lemma="." pos="X">.</wf>
      </sentence>
      <sentence id="d000.s1299" source="wordnet-dutch">
         <wf lemma="vorig" pos="X">vorig</wf>
         <wf lemma="jaar" pos="X">jaar</wf>
         <instance id="d000.s1299.t000" lemma="ondergaan" pos="VERB">onderging</instance>
         <wf lemma="het" pos="X">het</wf>
         <wf lemma="huis" pos="X">huis</wf>
         <wf lemma="een" pos="X">een</wf>
         <wf lemma="grondige" pos="X">grondige</wf>
         <wf lemma="renovatie" pos="X">renovatie</wf>
         <wf lemma="." pos="X">.</wf>
      </sentence>
      <sentence id="d000.s1300" source="wordnet-dutch">
         <wf lemma="de" pos="X">de</wf>
         <wf lemma="punten" pos="X">punten</wf>
         <wf lemma="die" pos="X">die</wf>
         <wf lemma="de" pos="X">de</wf>
         <wf lemma="deelnemers" pos="X">deelnemers</wf>
         <wf lemma="over" pos="X">over</wf>
         <wf lemma="de" pos="X">de</wf>
         <wf lemma="drie" pos="X">drie</wf>
         <wf lemma="dagen" pos="X">dagen</wf>
         <wf lemma="hebben" pos="X">hebben</wf>
         <wf lemma="behaald" pos="X">behaald</wf>
         <wf lemma="," pos="X">,</wf>
         <wf lemma="worden" pos="X">worden</wf>
         <wf lemma="dan" pos="X">dan</wf>
         <instance id="d000.s1300.t000" lemma="optellen" pos="VERB">opgeteld</instance>
         <wf lemma="." pos="X">.</wf>
      </sentence>
      <sentence id="d000.s1301" source="wordnet-dutch">
         <wf lemma="de" pos="X">de</wf>
         <wf lemma="politie" pos="X">politie</wf>
         <wf lemma="wordt" pos="X">wordt</wf>
         <wf lemma="er" pos="X">er</wf>
         <wf lemma="veelvuldig" pos="X">veelvuldig</wf>
         <wf lemma="van" pos="X">van</wf>
         <wf lemma="beschuldigd" pos="X">beschuldigd</wf>
         <wf lemma="arrestanten" pos="X">arrestanten</wf>
         <wf lemma="te" pos="X">te</wf>
         <instance id="d000.s1301.t000" lemma="molesteren" pos="VERB">molesteren</instance>
         <wf lemma="." pos="X">.</wf>
      </sentence>
      <sentence id="d000.s1302" source="wordnet-dutch">
         <wf lemma="ze" pos="X">ze</wf>
         <wf lemma="probeerden" pos="X">probeerden</wf>
         <wf lemma="met" pos="X">met</wf>
         <wf lemma="man" pos="X">man</wf>
         <wf lemma="en" pos="X">en</wf>
         <wf lemma="macht" pos="X">macht</wf>
         <wf lemma="de" pos="X">de</wf>
         <wf lemma="brand" pos="X">brand</wf>
         <wf lemma="te" pos="X">te</wf>
         <instance id="d000.s1302.t000" lemma="blussen" pos="VERB">blussen</instance>
         <wf lemma="." pos="X">.</wf>
      </sentence>
      <sentence id="d000.s1303" source="wordnet-dutch">
         <wf lemma="met" pos="X">met</wf>
         <wf lemma="hun" pos="X">hun</wf>
         <wf lemma="spreekkoren" pos="X">spreekkoren</wf>
         <wf lemma="is" pos="X">is</wf>
         <wf lemma="het" pos="X">het</wf>
         <wf lemma="publiek" pos="X">publiek</wf>
         <wf lemma="de" pos="X">de</wf>
         <wf lemma="scheidsrechter" pos="X">scheidsrechter</wf>
         <wf lemma="aan" pos="X">aan</wf>
         <wf lemma="het" pos="X">het</wf>
         <instance id="d000.s1303.t000" lemma="sarren" pos="VERB">sarren</instance>
         <wf lemma="." pos="X">.</wf>
      </sentence>
      <sentence id="d000.s1304" source="wordnet-dutch">
         <wf lemma="de" pos="X">de</wf>
         <wf lemma="epidemie" pos="X">epidemie</wf>
         <wf lemma="lijkt" pos="X">lijkt</wf>
         <wf lemma="nu" pos="X">nu</wf>
         <wf lemma="over" pos="X">over</wf>
         <wf lemma="het" pos="X">het</wf>
         <instance id="d000.s1304.t000" lemma="hoogtepunt" pos="NOUN">hoogtepunt</instance>
         <wf lemma="heen" pos="X">heen</wf>
         <wf lemma="." pos="X">.</wf>
      </sentence>
      <sentence id="d000.s1305" source="wordnet-dutch">
         <wf lemma="Het" pos="X">Het</wf>
         <wf lemma="doek" pos="X">doek</wf>
         <wf lemma="wordt" pos="X">wordt</wf>
         <wf lemma="met" pos="X">met</wf>
         <wf lemma="een" pos="X">een</wf>
         <wf lemma="paar" pos="X">paar</wf>
         <wf lemma="flinke" pos="X">flinke</wf>
         <instance id="d000.s1305.t000" lemma="gang" pos="NOUN">gangen</instance>
         <wf lemma="om" pos="X">om</wf>
         <wf lemma="de" pos="X">de</wf>
         <wf lemma="paal" pos="X">paal</wf>
         <wf lemma="geonden" pos="X">geonden</wf>
         <wf lemma="." pos="X">.</wf>
      </sentence>
      <sentence id="d000.s1306" source="wordnet-dutch">
         <wf lemma="op" pos="X">op</wf>
         <wf lemma="het" pos="X">het</wf>
         <wf lemma="vuurtje" pos="X">vuurtje</wf>
         <wf lemma="stond" pos="X">stond</wf>
         <wf lemma="een" pos="X">een</wf>
         <wf lemma="pot" pos="X">pot</wf>
         <wf lemma="water" pos="X">water</wf>
         <wf lemma="te" pos="X">te</wf>
         <instance id="d000.s1306.t000" lemma="pruttelen" pos="VERB">pruttelen</instance>
         <wf lemma="." pos="X">.</wf>
      </sentence>
      <sentence id="d000.s1307" source="wordnet-dutch">
         <wf lemma="hij" pos="X">hij</wf>
         <wf lemma="heeft" pos="X">heeft</wf>
         <wf lemma="een" pos="X">een</wf>
         <wf lemma="gesprongen" pos="X">gesprongen</wf>
         <wf lemma="adertje" pos="X">adertje</wf>
         <wf lemma="op" pos="X">op</wf>
         <wf lemma="z'n" pos="X">z'n</wf>
         <instance id="d000.s1307.t000" lemma="oogbol" pos="NOUN">oogbol</instance>
         <wf lemma="." pos="X">.</wf>
      </sentence>
      <sentence id="d000.s1308" source="wordnet-dutch">
         <wf lemma="hij" pos="X">hij</wf>
         <instance id="d000.s1308.t000" lemma="klimmen" pos="VERB">klom</instance>
         <wf lemma="op" pos="X">op</wf>
         <wf lemma="het" pos="X">het</wf>
         <wf lemma="podium" pos="X">podium</wf>
         <wf lemma="om" pos="X">om</wf>
         <wf lemma="de" pos="X">de</wf>
         <wf lemma="menigte" pos="X">menigte</wf>
         <wf lemma="toe" pos="X">toe</wf>
         <wf lemma="te" pos="X">te</wf>
         <wf lemma="spreken" pos="X">spreken</wf>
         <wf lemma="." pos="X">.</wf>
      </sentence>
      <sentence id="d000.s1309" source="wordnet-dutch">
         <wf lemma="een" pos="X">een</wf>
         <wf lemma="te" pos="X">te</wf>
         <wf lemma="grote" pos="X">grote</wf>
         <wf lemma="inspanning" pos="X">inspanning</wf>
         <wf lemma="leidt" pos="X">leidt</wf>
         <wf lemma="tot" pos="X">tot</wf>
         <wf lemma="een" pos="X">een</wf>
         <instance id="d000.s1309.t000" lemma="verzuring" pos="NOUN">verzuring</instance>
         <wf lemma="van" pos="X">van</wf>
         <wf lemma="de" pos="X">de</wf>
         <wf lemma="spieren" pos="X">spieren</wf>
         <wf lemma="." pos="X">.</wf>
      </sentence>
      <sentence id="d000.s1310" source="wordnet-dutch">
         <wf lemma="tussen" pos="X">tussen</wf>
         <wf lemma="de" pos="X">de</wf>
         <wf lemma="beide" pos="X">beide</wf>
         <wf lemma="staatshoofden" pos="X">staatshoofden</wf>
         <wf lemma="was" pos="X">was</wf>
         <wf lemma="sprake" pos="X">sprake</wf>
         <wf lemma="van" pos="X">van</wf>
         <wf lemma="een" pos="X">een</wf>
         <wf lemma="wederzijdse" pos="X">wederzijdse</wf>
         <instance id="d000.s1310.t000" lemma="antipathie" pos="NOUN">antipathie</instance>
         <wf lemma="." pos="X">.</wf>
      </sentence>
      <sentence id="d000.s1311" source="wordnet-dutch">
         <wf lemma="dat" pos="X">dat</wf>
         <wf lemma="is" pos="X">is</wf>
         <wf lemma="voor" pos="X">voor</wf>
         <wf lemma="mijn" pos="X">mijn</wf>
         <instance id="d000.s1311.t000" lemma="rekening" pos="NOUN">rekening</instance>
         <wf lemma="." pos="X">.</wf>
      </sentence>
      <sentence id="d000.s1312" source="wordnet-dutch">
         <wf lemma="Deze" pos="X">Deze</wf>
         <wf lemma="verliespost" pos="X">verliespost</wf>
         <wf lemma="kon" pos="X">kon</wf>
         <wf lemma="worden" pos="X">worden</wf>
         <instance id="d000.s1312.t000" lemma="opvangen" pos="VERB">opgevangen</instance>
         <wf lemma="door" pos="X">door</wf>
         <wf lemma="andere" pos="X">andere</wf>
         <wf lemma="inkomsten" pos="X">inkomsten</wf>
         <wf lemma="." pos="X">.</wf>
      </sentence>
      <sentence id="d000.s1313" source="wordnet-dutch">
         <wf lemma="hij" pos="X">hij</wf>
         <instance id="d000.s1313.t000" lemma="onderschrijven" pos="VERB">onderschreef</instance>
         <wf lemma="de" pos="X">de</wf>
         <wf lemma="woorden" pos="X">woorden</wf>
         <wf lemma="van" pos="X">van</wf>
         <wf lemma="de" pos="X">de</wf>
         <wf lemma="voorzitter" pos="X">voorzitter</wf>
         <wf lemma="." pos="X">.</wf>
      </sentence>
      <sentence id="d000.s1314" source="wordnet-dutch">
         <wf lemma="de" pos="X">de</wf>
         <wf lemma="zucht" pos="X">zucht</wf>
         <wf lemma="naar" pos="X">naar</wf>
         <wf lemma="verre" pos="X">verre</wf>
         <wf lemma="reizen" pos="X">reizen</wf>
         <wf lemma="neemt" pos="X">neemt</wf>
         <wf lemma="enorme" pos="X">enorme</wf>
         <instance id="d000.s1314.t000" lemma="proportie" pos="NOUN">proporties</instance>
         <wf lemma="aan" pos="X">aan</wf>
         <wf lemma="." pos="X">.</wf>
      </sentence>
      <sentence id="d000.s1315" source="wordnet-dutch">
         <wf lemma="ik" pos="X">ik</wf>
         <wf lemma="heb" pos="X">heb</wf>
         <wf lemma="niets" pos="X">niets</wf>
         <wf lemma="te" pos="X">te</wf>
         <instance id="d000.s1315.t000" lemma="duchten" pos="VERB">duchten</instance>
         <wf lemma="." pos="X">.</wf>
      </sentence>
      <sentence id="d000.s1316" source="wordnet-dutch">
         <wf lemma="tot" pos="X">tot</wf>
         <instance id="d000.s1316.t000" lemma="verontwaardiging" pos="NOUN">verontwaardiging</instance>
         <wf lemma="van" pos="X">van</wf>
         <wf lemma="het" pos="X">het</wf>
         <wf lemma="publiek" pos="X">publiek</wf>
         <wf lemma="weigerde" pos="X">weigerde</wf>
         <wf lemma="de" pos="X">de</wf>
         <wf lemma="acteur" pos="X">acteur</wf>
         <wf lemma="verder" pos="X">verder</wf>
         <wf lemma="te" pos="X">te</wf>
         <wf lemma="spelen" pos="X">spelen</wf>
         <wf lemma="." pos="X">.</wf>
      </sentence>
      <sentence id="d000.s1317" source="wordnet-dutch">
         <wf lemma="hij" pos="X">hij</wf>
         <instance id="d000.s1317.t000" lemma="ontvluchten" pos="VERB">ontvluchtte</instance>
         <wf lemma="zijn" pos="X">zijn</wf>
         <wf lemma="land" pos="X">land</wf>
         <wf lemma="toen" pos="X">toen</wf>
         <wf lemma="het" pos="X">het</wf>
         <wf lemma="door" pos="X">door</wf>
         <wf lemma="het" pos="X">het</wf>
         <wf lemma="Rode" pos="X">Rode</wf>
         <wf lemma="Leger" pos="X">Leger</wf>
         <wf lemma="werd" pos="X">werd</wf>
         <wf lemma="bezet" pos="X">bezet</wf>
         <wf lemma="." pos="X">.</wf>
      </sentence>
      <sentence id="d000.s1318" source="wordnet-dutch">
         <wf lemma="het" pos="X">het</wf>
         <wf lemma="heeft" pos="X">heeft</wf>
         <wf lemma="er" pos="X">er</wf>
         <wf lemma="alle" pos="X">alle</wf>
         <instance id="d000.s1318.t000" lemma="schijn" pos="NOUN">schijn</instance>
         <wf lemma="van" pos="X">van</wf>
         <wf lemma="dat" pos="X">dat</wf>
         <wf lemma="ze" pos="X">ze</wf>
         <wf lemma="verliefd" pos="X">verliefd</wf>
         <wf lemma="zijn" pos="X">zijn</wf>
         <wf lemma="." pos="X">.</wf>
      </sentence>
      <sentence id="d000.s1319" source="wordnet-dutch">
         <wf lemma="in" pos="X">in</wf>
         <wf lemma="verloop" pos="X">verloop</wf>
         <wf lemma="van" pos="X">van</wf>
         <wf lemma="miljoenen" pos="X">miljoenen</wf>
         <wf lemma="jaren" pos="X">jaren</wf>
         <wf lemma="heeft" pos="X">heeft</wf>
         <wf lemma="deze" pos="X">deze</wf>
         <wf lemma="vis" pos="X">vis</wf>
         <wf lemma="zich" pos="X">zich</wf>
         <wf lemma="aan" pos="X">aan</wf>
         <wf lemma="de" pos="X">de</wf>
         <wf lemma="veranderende" pos="X">veranderende</wf>
         <wf lemma="omstandigheden" pos="X">omstandigheden</wf>
         <instance id="d000.s1319.t000" lemma="aanpassen" pos="VERB">aangepast</instance>
         <wf lemma="." pos="X">.</wf>
      </sentence>
      <sentence id="d000.s1320" source="wordnet-dutch">
         <wf lemma="dit" pos="X">dit</wf>
         <wf lemma="type" pos="X">type</wf>
         <wf lemma="Mercedes" pos="X">Mercedes</wf>
         <wf lemma="is" pos="X">is</wf>
         <wf lemma="een" pos="X">een</wf>
         <wf lemma="echt" pos="X">echt</wf>
         <wf lemma="collector's" pos="X">collector's</wf>
         <instance id="d000.s1320.t000" lemma="item" pos="NOUN">item</instance>
         <wf lemma="geworden" pos="X">geworden</wf>
         <wf lemma="." pos="X">.</wf>
      </sentence>
      <sentence id="d000.s1321" source="wordnet-dutch">
         <wf lemma="ze" pos="X">ze</wf>
         <wf lemma="hebben" pos="X">hebben</wf>
         <wf lemma="hun" pos="X">hun</wf>
         <wf lemma="broer" pos="X">broer</wf>
         <wf lemma="er" pos="X">er</wf>
         <wf lemma="toch" pos="X">toch</wf>
         <wf lemma="toe" pos="X">toe</wf>
         <wf lemma="kunnen" pos="X">kunnen</wf>
         <instance id="d000.s1321.t000" lemma="overhalen" pos="VERB">overhalen</instance>
         <wf lemma="mee" pos="X">mee</wf>
         <wf lemma="te" pos="X">te</wf>
         <wf lemma="doen" pos="X">doen</wf>
         <wf lemma="." pos="X">.</wf>
      </sentence>
      <sentence id="d000.s1322" source="wordnet-dutch">
         <wf lemma="ik" pos="X">ik</wf>
         <wf lemma="heb" pos="X">heb</wf>
         <wf lemma="echt" pos="X">echt</wf>
         <wf lemma="van" pos="X">van</wf>
         <wf lemma="dat" pos="X">dat</wf>
         <wf lemma="concert" pos="X">concert</wf>
         <instance id="d000.s1322.t000" lemma="genieten" pos="VERB">genoten</instance>
         <wf lemma="." pos="X">.</wf>
      </sentence>
      <sentence id="d000.s1323" source="wordnet-dutch">
         <wf lemma="de" pos="X">de</wf>
         <wf lemma="kamer" pos="X">kamer</wf>
         <wf lemma="heeft" pos="X">heeft</wf>
         <wf lemma="een" pos="X">een</wf>
         <instance id="d000.s1323.t000" lemma="breedte" pos="NOUN">breedte</instance>
         <wf lemma="van" pos="X">van</wf>
         <wf lemma="5" pos="X">5</wf>
         <wf lemma="meter" pos="X">meter</wf>
         <wf lemma="." pos="X">.</wf>
      </sentence>
      <sentence id="d000.s1324" source="wordnet-dutch">
         <wf lemma="hier" pos="X">hier</wf>
         <wf lemma="wordt" pos="X">wordt</wf>
         <wf lemma="het" pos="X">het</wf>
         <wf lemma="hout" pos="X">hout</wf>
         <wf lemma="voor" pos="X">voor</wf>
         <wf lemma="de" pos="X">de</wf>
         <wf lemma="vaten" pos="X">vaten</wf>
         <instance id="d000.s1324.t000" lemma="krommen" pos="VERB">gekromd</instance>
         <wf lemma="." pos="X">.</wf>
      </sentence>
      <sentence id="d000.s1325" source="wordnet-dutch">
         <wf lemma="je" pos="X">je</wf>
         <wf lemma="zou" pos="X">zou</wf>
         <wf lemma="kunnen" pos="X">kunnen</wf>
         <instance id="d000.s1325.t000" lemma="tegenwerpen" pos="VERB">tegenwerpen</instance>
         <wf lemma="dat" pos="X">dat</wf>
         <wf lemma="het" pos="X">het</wf>
         <wf lemma="gegeven" pos="X">gegeven</wf>
         <wf lemma="voorbeeld" pos="X">voorbeeld</wf>
         <wf lemma="niet" pos="X">niet</wf>
         <wf lemma="in" pos="X">in</wf>
         <wf lemma="alle" pos="X">alle</wf>
         <wf lemma="situaties" pos="X">situaties</wf>
         <wf lemma="opgaat" pos="X">opgaat</wf>
         <wf lemma="." pos="X">.</wf>
      </sentence>
      <sentence id="d000.s1326" source="wordnet-dutch">
         <wf lemma="de" pos="X">de</wf>
         <wf lemma="wijn" pos="X">wijn</wf>
         <wf lemma="is" pos="X">is</wf>
         <instance id="d000.s1326.t000" lemma="rijpen" pos="VERB">gerijpt</instance>
         <wf lemma="." pos="X">.</wf>
      </sentence>
      <sentence id="d000.s1327" source="wordnet-dutch">
         <wf lemma="de" pos="X">de</wf>
         <wf lemma="cursus" pos="X">cursus</wf>
         <wf lemma="wordt" pos="X">wordt</wf>
         <wf lemma="met" pos="X">met</wf>
         <wf lemma="een" pos="X">een</wf>
         <instance id="d000.s1327.t000" lemma="certificaat" pos="NOUN">certificaat</instance>
         <wf lemma="afgesloten" pos="X">afgesloten</wf>
         <wf lemma="." pos="X">.</wf>
      </sentence>
      <sentence id="d000.s1328" source="wordnet-dutch">
         <wf lemma="met" pos="X">met</wf>
         <wf lemma="zijn" pos="X">zijn</wf>
         <wf lemma="gedrag" pos="X">gedrag</wf>
         <instance id="d000.s1328.t000" lemma="blameren" pos="VERB">blameert</instance>
         <wf lemma="hij" pos="X">hij</wf>
         <wf lemma="zijn" pos="X">zijn</wf>
         <wf lemma="hele" pos="X">hele</wf>
         <wf lemma="familie" pos="X">familie</wf>
         <wf lemma="." pos="X">.</wf>
      </sentence>
      <sentence id="d000.s1329" source="wordnet-dutch">
         <wf lemma="vroeger" pos="X">vroeger</wf>
         <wf lemma="gingen" pos="X">gingen</wf>
         <wf lemma="veel" pos="X">veel</wf>
         <wf lemma="jongeren" pos="X">jongeren</wf>
         <wf lemma="naar" pos="X">naar</wf>
         <instance id="d000.s1329.t000" lemma="catechisatie" pos="NOUN">catechisatie</instance>
         <wf lemma="." pos="X">.</wf>
      </sentence>
      <sentence id="d000.s1330" source="wordnet-dutch">
         <wf lemma="vanwege" pos="X">vanwege</wf>
         <wf lemma="die" pos="X">die</wf>
         <wf lemma="operatie" pos="X">operatie</wf>
         <wf lemma="ligt" pos="X">ligt</wf>
         <wf lemma="hij" pos="X">hij</wf>
         <wf lemma="nu" pos="X">nu</wf>
         <wf lemma="al" pos="X">al</wf>
         <wf lemma="twee" pos="X">twee</wf>
         <wf lemma="weken" pos="X">weken</wf>
         <wf lemma="in" pos="X">in</wf>
         <wf lemma="het" pos="X">het</wf>
         <instance id="d000.s1330.t000" lemma="ziekenhuis" pos="NOUN">ziekenhuis</instance>
         <wf lemma="." pos="X">.</wf>
      </sentence>
      <sentence id="d000.s1331" source="wordnet-dutch">
         <wf lemma="het" pos="X">het</wf>
         <instance id="d000.s1331.t000" lemma="initiatief" pos="NOUN">initiatief</instance>
         <wf lemma="voor" pos="X">voor</wf>
         <wf lemma="deze" pos="X">deze</wf>
         <wf lemma="bijeenkomst" pos="X">bijeenkomst</wf>
         <wf lemma="is" pos="X">is</wf>
         <wf lemma="genomen" pos="X">genomen</wf>
         <wf lemma="door" pos="X">door</wf>
         <wf lemma="onze" pos="X">onze</wf>
         <wf lemma="voorzitter" pos="X">voorzitter</wf>
         <wf lemma="." pos="X">.</wf>
      </sentence>
      <sentence id="d000.s1332" source="wordnet-dutch">
         <wf lemma="Die" pos="X">Die</wf>
         <wf lemma="winkel" pos="X">winkel</wf>
         <instance id="d000.s1332.t000" lemma="verlopen" pos="VERB">verloopt</instance>
         <wf lemma="door" pos="X">door</wf>
         <wf lemma="de" pos="X">de</wf>
         <wf lemma="crisis" pos="X">crisis</wf>
         <wf lemma="." pos="X">.</wf>
         <wf lemma="Hij" pos="X">Hij</wf>
         <wf lemma="verliest" pos="X">verliest</wf>
         <wf lemma="steeds" pos="X">steeds</wf>
         <wf lemma="meer" pos="X">meer</wf>
         <wf lemma="klanten" pos="X">klanten</wf>
         <wf lemma="." pos="X">.</wf>
      </sentence>
      <sentence id="d000.s1333" source="wordnet-dutch">
         <wf lemma="de" pos="X">de</wf>
         <wf lemma="optocht" pos="X">optocht</wf>
         <wf lemma="wordt" pos="X">wordt</wf>
         <wf lemma="door" pos="X">door</wf>
         <wf lemma="politie" pos="X">politie</wf>
         <instance id="d000.s1333.t000" lemma="voorafgaan" pos="VERB">voorafgegaan</instance>
         <wf lemma="." pos="X">.</wf>
      </sentence>
      <sentence id="d000.s1334" source="wordnet-dutch">
         <wf lemma="de" pos="X">de</wf>
         <wf lemma="oppositie" pos="X">oppositie</wf>
         <wf lemma="dringt" pos="X">dringt</wf>
         <wf lemma="aan" pos="X">aan</wf>
         <wf lemma="op" pos="X">op</wf>
         <wf lemma="een" pos="X">een</wf>
         <instance id="d000.s1334.t000" lemma="versoepeling" pos="NOUN">versoepeling</instance>
         <wf lemma="van" pos="X">van</wf>
         <wf lemma="het" pos="X">het</wf>
         <wf lemma="beleid" pos="X">beleid</wf>
         <wf lemma="omtrent" pos="X">omtrent</wf>
         <wf lemma="de" pos="X">de</wf>
         <wf lemma="naturalisatie" pos="X">naturalisatie</wf>
         <wf lemma="van" pos="X">van</wf>
         <wf lemma="buitenlanders" pos="X">buitenlanders</wf>
         <wf lemma="." pos="X">.</wf>
      </sentence>
      <sentence id="d000.s1335" source="wordnet-dutch">
         <instance id="d000.s1335.t000" lemma="vordering" pos="NOUN">vordering</instance>
         <wf lemma="van" pos="X">van</wf>
         <wf lemma="een" pos="X">een</wf>
         <wf lemma="bedrag" pos="X">bedrag</wf>
         <wf lemma="." pos="X">.</wf>
      </sentence>
      <sentence id="d000.s1336" source="wordnet-dutch">
         <wf lemma="de" pos="X">de</wf>
         <wf lemma="acteurs" pos="X">acteurs</wf>
         <instance id="d000.s1336.t000" lemma="chargeren" pos="VERB">chargeerden</instance>
         <wf lemma="hun" pos="X">hun</wf>
         <wf lemma="rollen" pos="X">rollen</wf>
         <wf lemma="om" pos="X">om</wf>
         <wf lemma="het" pos="X">het</wf>
         <wf lemma="juiste" pos="X">juiste</wf>
         <wf lemma="effect" pos="X">effect</wf>
         <wf lemma="te" pos="X">te</wf>
         <wf lemma="bereiken" pos="X">bereiken</wf>
         <wf lemma="." pos="X">.</wf>
      </sentence>
      <sentence id="d000.s1337" source="wordnet-dutch">
         <wf lemma="hij" pos="X">hij</wf>
         <wf lemma="heeft" pos="X">heeft</wf>
         <wf lemma="zich" pos="X">zich</wf>
         <wf lemma="vorige" pos="X">vorige</wf>
         <wf lemma="week" pos="X">week</wf>
         <wf lemma="met" pos="X">met</wf>
         <wf lemma="mijn" pos="X">mijn</wf>
         <wf lemma="zus" pos="X">zus</wf>
         <instance id="d000.s1337.t000" lemma="verloven" pos="VERB">verloofd</instance>
         <wf lemma="." pos="X">.</wf>
      </sentence>
      <sentence id="d000.s1338" source="wordnet-dutch">
         <wf lemma="het" pos="X">het</wf>
         <wf lemma="programma" pos="X">programma</wf>
         <wf lemma="belicht" pos="X">belicht</wf>
         <wf lemma="zaken" pos="X">zaken</wf>
         <wf lemma="die" pos="X">die</wf>
         <wf lemma="zeer" pos="X">zeer</wf>
         <wf lemma="in" pos="X">in</wf>
         <wf lemma="de" pos="X">de</wf>
         <instance id="d000.s1338.t000" lemma="actualiteit" pos="NOUN">actualiteit</instance>
         <wf lemma="staan" pos="X">staan</wf>
         <wf lemma="." pos="X">.</wf>
      </sentence>
      <sentence id="d000.s1339" source="wordnet-dutch">
         <wf lemma="in" pos="X">in</wf>
         <wf lemma="deze" pos="X">deze</wf>
         <wf lemma="immense" pos="X">immense</wf>
         <wf lemma="stad" pos="X">stad</wf>
         <wf lemma="," pos="X">,</wf>
         <wf lemma="met" pos="X">met</wf>
         <wf lemma="al" pos="X">al</wf>
         <wf lemma="z'n" pos="X">z'n</wf>
         <wf lemma="steegjes" pos="X">steegjes</wf>
         <wf lemma="en" pos="X">en</wf>
         <wf lemma="kleine" pos="X">kleine</wf>
         <wf lemma="straatjes" pos="X">straatjes</wf>
         <wf lemma="," pos="X">,</wf>
         <instance id="d000.s1339.t000" lemma="verdwalen" pos="VERB">verdwaal</instance>
         <wf lemma="je" pos="X">je</wf>
         <wf lemma="gemakkelijk" pos="X">gemakkelijk</wf>
         <wf lemma="." pos="X">.</wf>
      </sentence>
      <sentence id="d000.s1340" source="wordnet-dutch">
         <wf lemma="arbeid" pos="X">arbeid</wf>
         <instance id="d000.s1340.t000" lemma="stalen" pos="VERB">staalt</instance>
         <wf lemma="de" pos="X">de</wf>
         <wf lemma="krachten" pos="X">krachten</wf>
         <wf lemma="." pos="X">.</wf>
      </sentence>
      <sentence id="d000.s1341" source="wordnet-dutch">
         <wf lemma="hij" pos="X">hij</wf>
         <wf lemma="verstond" pos="X">verstond</wf>
         <wf lemma="het" pos="X">het</wf>
         <instance id="d000.s1341.t000" lemma="geheim" pos="NOUN">geheim</instance>
         <wf lemma="om" pos="X">om</wf>
         <wf lemma="met" pos="X">met</wf>
         <wf lemma="jonge" pos="X">jonge</wf>
         <wf lemma="kinderen" pos="X">kinderen</wf>
         <wf lemma="om" pos="X">om</wf>
         <wf lemma="te" pos="X">te</wf>
         <wf lemma="gaan" pos="X">gaan</wf>
         <wf lemma="." pos="X">.</wf>
      </sentence>
      <sentence id="d000.s1342" source="wordnet-dutch">
         <wf lemma="als" pos="X">als</wf>
         <wf lemma="het" pos="X">het</wf>
         <wf lemma="koud" pos="X">koud</wf>
         <wf lemma="is" pos="X">is</wf>
         <wf lemma="draagt" pos="X">draagt</wf>
         <wf lemma="hij" pos="X">hij</wf>
         <wf lemma="een" pos="X">een</wf>
         <instance id="d000.s1342.t000" lemma="coltrui" pos="NOUN">coltrui</instance>
         <wf lemma="." pos="X">.</wf>
      </sentence>
      <sentence id="d000.s1343" source="wordnet-dutch">
         <wf lemma="als" pos="X">als</wf>
         <wf lemma="voorgerecht" pos="X">voorgerecht</wf>
         <wf lemma="krijgen" pos="X">krijgen</wf>
         <wf lemma="we" pos="X">we</wf>
         <wf lemma="een" pos="X">een</wf>
         <wf lemma="bord" pos="X">bord</wf>
         <wf lemma="heldere" pos="X">heldere</wf>
         <instance id="d000.s1343.t000" lemma="ossenstaartsoep" pos="NOUN">ossenstaartsoep</instance>
         <wf lemma="." pos="X">.</wf>
      </sentence>
      <sentence id="d000.s1344" source="wordnet-dutch">
         <wf lemma="er" pos="X">er</wf>
         <wf lemma="zijn" pos="X">zijn</wf>
         <wf lemma="twee" pos="X">twee</wf>
         <wf lemma="mannen" pos="X">mannen</wf>
         <wf lemma="aangetroffen" pos="X">aangetroffen</wf>
         <wf lemma="die" pos="X">die</wf>
         <wf lemma="aan" pos="X">aan</wf>
         <wf lemma="het" pos="X">het</wf>
         <instance id="d000.s1344.t000" lemma="signalement" pos="NOUN">signalement</instance>
         <wf lemma="voldoen" pos="X">voldoen</wf>
         <wf lemma="." pos="X">.</wf>
      </sentence>
      <sentence id="d000.s1345" source="wordnet-dutch">
         <wf lemma="uit" pos="X">uit</wf>
         <instance id="d000.s1345.t000" lemma="voorzorg" pos="NOUN">voorzorg</instance>
         <wf lemma="hebben" pos="X">hebben</wf>
         <wf lemma="we" pos="X">we</wf>
         <wf lemma="de" pos="X">de</wf>
         <wf lemma="opblaasboot" pos="X">opblaasboot</wf>
         <wf lemma="meegenomen" pos="X">meegenomen</wf>
         <wf lemma="." pos="X">.</wf>
      </sentence>
      <sentence id="d000.s1346" source="wordnet-dutch">
         <wf lemma="we" pos="X">we</wf>
         <wf lemma="zullen" pos="X">zullen</wf>
         <wf lemma="nu" pos="X">nu</wf>
         <wf lemma="snel" pos="X">snel</wf>
         <wf lemma="moeten" pos="X">moeten</wf>
         <instance id="d000.s1346.t000" lemma="handelen" pos="VERB">handelen</instance>
         <wf lemma="." pos="X">.</wf>
      </sentence>
      <sentence id="d000.s1347" source="wordnet-dutch">
         <wf lemma="de" pos="X">de</wf>
         <wf lemma="deelnemers" pos="X">deelnemers</wf>
         <wf lemma="aan" pos="X">aan</wf>
         <wf lemma="de" pos="X">de</wf>
         <wf lemma="toertocht" pos="X">toertocht</wf>
         <instance id="d000.s1347.t000" lemma="starten" pos="VERB">starten</instance>
         <wf lemma="om" pos="X">om</wf>
         <wf lemma="zes" pos="X">zes</wf>
         <wf lemma="uur" pos="X">uur</wf>
         <wf lemma="." pos="X">.</wf>
      </sentence>
      <sentence id="d000.s1348" source="wordnet-dutch">
         <wf lemma="de" pos="X">de</wf>
         <wf lemma="overheid" pos="X">overheid</wf>
         <wf lemma="probeert" pos="X">probeert</wf>
         <wf lemma="met" pos="X">met</wf>
         <wf lemma="extra" pos="X">extra</wf>
         <wf lemma="bezuinigingen" pos="X">bezuinigingen</wf>
         <wf lemma="het" pos="X">het</wf>
         <instance id="d000.s1348.t000" lemma="begrotingstekort" pos="NOUN">begrotingstekort</instance>
         <wf lemma="terug" pos="X">terug</wf>
         <wf lemma="te" pos="X">te</wf>
         <wf lemma="dringen" pos="X">dringen</wf>
         <wf lemma="." pos="X">.</wf>
      </sentence>
      <sentence id="d000.s1349" source="wordnet-dutch">
         <wf lemma="men" pos="X">men</wf>
         <wf lemma="zou" pos="X">zou</wf>
         <wf lemma="mij" pos="X">mij</wf>
         <wf lemma="morgen" pos="X">morgen</wf>
         <wf lemma="op" pos="X">op</wf>
         <wf lemma="het" pos="X">het</wf>
         <wf lemma="telefoonnet" pos="X">telefoonnet</wf>
         <instance id="d000.s1349.t000" lemma="aansluiten" pos="VERB">aansluiten</instance>
         <wf lemma="." pos="X">.</wf>
      </sentence>
      <sentence id="d000.s1350" source="wordnet-dutch">
         <wf lemma="de" pos="X">de</wf>
         <instance id="d000.s1350.t000" lemma="nasleep" pos="NOUN">nasleep</instance>
         <wf lemma="van" pos="X">van</wf>
         <wf lemma="de" pos="X">de</wf>
         <wf lemma="Tweede" pos="X">Tweede</wf>
         <wf lemma="Wereldoorlog" pos="X">Wereldoorlog</wf>
         <wf lemma="." pos="X">.</wf>
      </sentence>
      <sentence id="d000.s1351" source="wordnet-dutch">
         <wf lemma="hij" pos="X">hij</wf>
         <wf lemma="heeft" pos="X">heeft</wf>
         <wf lemma="z'n" pos="X">z'n</wf>
         <wf lemma="voet" pos="X">voet</wf>
         <instance id="d000.s1351.t000" lemma="omslaan" pos="VERB">omgeslagen</instance>
         <wf lemma="." pos="X">.</wf>
      </sentence>
      <sentence id="d000.s1352" source="wordnet-dutch">
         <wf lemma="als" pos="X">als</wf>
         <wf lemma="je" pos="X">je</wf>
         <wf lemma="die" pos="X">die</wf>
         <wf lemma="trein" pos="X">trein</wf>
         <wf lemma="nog" pos="X">nog</wf>
         <wf lemma="wilt" pos="X">wilt</wf>
         <wf lemma="halen" pos="X">halen</wf>
         <wf lemma="," pos="X">,</wf>
         <wf lemma="zal" pos="X">zal</wf>
         <wf lemma="je" pos="X">je</wf>
         <wf lemma="moeten" pos="X">moeten</wf>
         <instance id="d000.s1352.t000" lemma="opschieten" pos="VERB">opschieten</instance>
         <wf lemma="." pos="X">.</wf>
      </sentence>
      <sentence id="d000.s1353" source="wordnet-dutch">
         <wf lemma="in" pos="X">in</wf>
         <wf lemma="deze" pos="X">deze</wf>
         <wf lemma="stad" pos="X">stad</wf>
         <instance id="d000.s1353.t000" lemma="tieren" pos="VERB">tieren</instance>
         <wf lemma="verloedering" pos="X">verloedering</wf>
         <wf lemma="en" pos="X">en</wf>
         <wf lemma="criminaliteit" pos="X">criminaliteit</wf>
         <wf lemma="welig" pos="X">welig</wf>
         <wf lemma="." pos="X">.</wf>
      </sentence>
      <sentence id="d000.s1354" source="wordnet-dutch">
         <wf lemma="hij" pos="X">hij</wf>
         <wf lemma="zette" pos="X">zette</wf>
         <wf lemma="zich" pos="X">zich</wf>
         <wf lemma="met" pos="X">met</wf>
         <wf lemma="hart" pos="X">hart</wf>
         <wf lemma="en" pos="X">en</wf>
         <instance id="d000.s1354.t000" lemma="ziel" pos="NOUN">ziel</instance>
         <wf lemma="in" pos="X">in</wf>
         <wf lemma="." pos="X">.</wf>
      </sentence>
      <sentence id="d000.s1355" source="wordnet-dutch">
         <wf lemma="met" pos="X">met</wf>
         <wf lemma="een" pos="X">een</wf>
         <wf lemma="beetje" pos="X">beetje</wf>
         <instance id="d000.s1355.t000" lemma="mazzel" pos="NOUN">mazzel</instance>
         <wf lemma="lukt" pos="X">lukt</wf>
         <wf lemma="het" pos="X">het</wf>
         <wf lemma="vandaag" pos="X">vandaag</wf>
         <wf lemma="nog" pos="X">nog</wf>
         <wf lemma="." pos="X">.</wf>
      </sentence>
      <sentence id="d000.s1356" source="wordnet-dutch">
         <wf lemma="dat" pos="X">dat</wf>
         <wf lemma="hij" pos="X">hij</wf>
         <wf lemma="kon" pos="X">kon</wf>
         <wf lemma="acteren" pos="X">acteren</wf>
         <wf lemma="," pos="X">,</wf>
         <instance id="d000.s1356.t000" lemma="bewijzen" pos="VERB">bewees</instance>
         <wf lemma="hij" pos="X">hij</wf>
         <wf lemma="al" pos="X">al</wf>
         <wf lemma="meteen" pos="X">meteen</wf>
         <wf lemma="in" pos="X">in</wf>
         <wf lemma="zijn" pos="X">zijn</wf>
         <wf lemma="eerste" pos="X">eerste</wf>
         <wf lemma="grote" pos="X">grote</wf>
         <wf lemma="filmrol" pos="X">filmrol</wf>
         <wf lemma="." pos="X">.</wf>
      </sentence>
      <sentence id="d000.s1357" source="wordnet-dutch">
         <wf lemma="bij" pos="X">bij</wf>
         <wf lemma="elke" pos="X">elke</wf>
         <wf lemma="controle" pos="X">controle</wf>
         <wf lemma="wordt" pos="X">wordt</wf>
         <wf lemma="een" pos="X">een</wf>
         <instance id="d000.s1357.t000" lemma="checklist" pos="NOUN">checklist</instance>
         <wf lemma="gehanteerd" pos="X">gehanteerd</wf>
         <wf lemma="." pos="X">.</wf>
      </sentence>
      <sentence id="d000.s1358" source="wordnet-dutch">
         <wf lemma="u" pos="X">u</wf>
         <instance id="d000.s1358.t000" lemma="dienen" pos="VERB">dient</instance>
         <wf lemma="te" pos="X">te</wf>
         <wf lemma="weten" pos="X">weten</wf>
         <wf lemma="dat" pos="X">dat</wf>
         <wf lemma="dat" pos="X">dat</wf>
         <wf lemma="bij" pos="X">bij</wf>
         <wf lemma="de" pos="X">de</wf>
         <wf lemma="wet" pos="X">wet</wf>
         <wf lemma="verboden" pos="X">verboden</wf>
         <wf lemma="is" pos="X">is</wf>
         <wf lemma="." pos="X">.</wf>
      </sentence>
      <sentence id="d000.s1359" source="wordnet-dutch">
         <wf lemma="we" pos="X">we</wf>
         <wf lemma="moesten" pos="X">moesten</wf>
         <wf lemma="bij" pos="X">bij</wf>
         <wf lemma="de" pos="X">de</wf>
         <wf lemma="grens" pos="X">grens</wf>
         <wf lemma="ons" pos="X">ons</wf>
         <instance id="d000.s1359.t000" lemma="paspoort" pos="NOUN">paspoort</instance>
         <wf lemma="laten" pos="X">laten</wf>
         <wf lemma="zien" pos="X">zien</wf>
         <wf lemma="." pos="X">.</wf>
      </sentence>
      <sentence id="d000.s1360" source="wordnet-dutch">
         <wf lemma="hij" pos="X">hij</wf>
         <wf lemma="heeft" pos="X">heeft</wf>
         <wf lemma="me" pos="X">me</wf>
         <wf lemma="vorige" pos="X">vorige</wf>
         <wf lemma="week" pos="X">week</wf>
         <wf lemma="nog" pos="X">nog</wf>
         <wf lemma="een" pos="X">een</wf>
         <wf lemma="brief" pos="X">brief</wf>
         <instance id="d000.s1360.t000" lemma="schrijven" pos="VERB">geschreven</instance>
         <wf lemma="waarin" pos="X">waarin</wf>
         <wf lemma="hij" pos="X">hij</wf>
         <wf lemma="al" pos="X">al</wf>
         <wf lemma="zijn" pos="X">zijn</wf>
         <wf lemma="problemen" pos="X">problemen</wf>
         <wf lemma="uit" pos="X">uit</wf>
         <wf lemma="de" pos="X">de</wf>
         <wf lemma="doeken" pos="X">doeken</wf>
         <wf lemma="deed" pos="X">deed</wf>
         <wf lemma="." pos="X">.</wf>
      </sentence>
      <sentence id="d000.s1361" source="wordnet-dutch">
         <wf lemma="mijn" pos="X">mijn</wf>
         <wf lemma="moeder" pos="X">moeder</wf>
         <wf lemma="was" pos="X">was</wf>
         <wf lemma="die" pos="X">die</wf>
         <wf lemma="middag" pos="X">middag</wf>
         <wf lemma="boontjes" pos="X">boontjes</wf>
         <wf lemma="aan" pos="X">aan</wf>
         <wf lemma="het" pos="X">het</wf>
         <instance id="d000.s1361.t000" lemma="doppen" pos="VERB">doppen</instance>
         <wf lemma="." pos="X">.</wf>
      </sentence>
      <sentence id="d000.s1362" source="wordnet-dutch">
         <wf lemma="Doe" pos="X">Doe</wf>
         <wf lemma="jij" pos="X">jij</wf>
         <wf lemma="een" pos="X">een</wf>
         <instance id="d000.s1362.t000" lemma="sok" pos="NOUN">sok</instance>
         <wf lemma="om" pos="X">om</wf>
         <wf lemma="als" pos="X">als</wf>
         <wf lemma="je" pos="X">je</wf>
         <wf lemma="sex" pos="X">sex</wf>
         <wf lemma="hebt" pos="X">hebt</wf>
         <wf lemma="met" pos="X">met</wf>
         <wf lemma="je" pos="X">je</wf>
         <wf lemma="vriendin" pos="X">vriendin</wf>
         <wf lemma="?" pos="X">?</wf>
      </sentence>
      <sentence id="d000.s1363" source="wordnet-dutch">
         <wf lemma="wij" pos="X">wij</wf>
         <wf lemma="zijn" pos="X">zijn</wf>
         <wf lemma="geen" pos="X">geen</wf>
         <instance id="d000.s1363.t000" lemma="partij" pos="NOUN">partij</instance>
         <wf lemma="in" pos="X">in</wf>
         <wf lemma="dit" pos="X">dit</wf>
         <wf lemma="conflict" pos="X">conflict</wf>
         <wf lemma="." pos="X">.</wf>
      </sentence>
      <sentence id="d000.s1364" source="wordnet-dutch">
         <wf lemma="vrijdag" pos="X">vrijdag</wf>
         <instance id="d000.s1364.t000" lemma="beëdigen" pos="VERB">beëdigt</instance>
         <wf lemma="de" pos="X">de</wf>
         <wf lemma="koningin" pos="X">koningin</wf>
         <wf lemma="de" pos="X">de</wf>
         <wf lemma="nieuwe" pos="X">nieuwe</wf>
         <wf lemma="staatssecretaris" pos="X">staatssecretaris</wf>
         <wf lemma="van" pos="X">van</wf>
         <wf lemma="onderwijs" pos="X">onderwijs</wf>
         <wf lemma="." pos="X">.</wf>
      </sentence>
      <sentence id="d000.s1365" source="wordnet-dutch">
         <wf lemma="ze" pos="X">ze</wf>
         <wf lemma="spelen" pos="X">spelen</wf>
         <instance id="d000.s1365.t000" lemma="voetbal" pos="NOUN">voetbal</instance>
         <wf lemma="in" pos="X">in</wf>
         <wf lemma="de" pos="X">de</wf>
         <wf lemma="tuin" pos="X">tuin</wf>
         <wf lemma="." pos="X">.</wf>
      </sentence>
      <sentence id="d000.s1366" source="wordnet-dutch">
         <wf lemma="de" pos="X">de</wf>
         <wf lemma="planten" pos="X">planten</wf>
         <wf lemma="dragen" pos="X">dragen</wf>
         <wf lemma="veel" pos="X">veel</wf>
         <instance id="d000.s1366.t000" lemma="zaad" pos="NOUN">zaad</instance>
         <wf lemma="." pos="X">.</wf>
      </sentence>
      <sentence id="d000.s1367" source="wordnet-dutch">
         <wf lemma="hij" pos="X">hij</wf>
         <wf lemma="is" pos="X">is</wf>
         <wf lemma="van" pos="X">van</wf>
         <wf lemma="haar" pos="X">haar</wf>
         <instance id="d000.s1367.t000" lemma="zienswijze" pos="NOUN">zienswijze</instance>
         <wf lemma="." pos="X">.</wf>
      </sentence>
      <sentence id="d000.s1368" source="wordnet-dutch">
         <wf lemma="de" pos="X">de</wf>
         <instance id="d000.s1368.t000" lemma="actievoerder" pos="NOUN">actievoerders</instance>
         <wf lemma="werden" pos="X">werden</wf>
         <wf lemma="door" pos="X">door</wf>
         <wf lemma="de" pos="X">de</wf>
         <wf lemma="politie" pos="X">politie</wf>
         <wf lemma="van" pos="X">van</wf>
         <wf lemma="het" pos="X">het</wf>
         <wf lemma="terrein" pos="X">terrein</wf>
         <wf lemma="verwijderd" pos="X">verwijderd</wf>
         <wf lemma="." pos="X">.</wf>
      </sentence>
      <sentence id="d000.s1369" source="wordnet-dutch">
         <wf lemma="het" pos="X">het</wf>
         <wf lemma="scheepje" pos="X">scheepje</wf>
         <wf lemma="heeft" pos="X">heeft</wf>
         <wf lemma="wel" pos="X">wel</wf>
         <wf lemma="wat" pos="X">wat</wf>
         <wf lemma="achterstallig" pos="X">achterstallig</wf>
         <instance id="d000.s1369.t000" lemma="schilderwerk" pos="NOUN">schilderwerk</instance>
         <wf lemma="." pos="X">.</wf>
      </sentence>
      <sentence id="d000.s1370" source="wordnet-dutch">
         <wf lemma="hij" pos="X">hij</wf>
         <instance id="d000.s1370.t000" lemma="koesteren" pos="VERB">koestert</instance>
         <wf lemma="sympathie" pos="X">sympathie</wf>
         <wf lemma="voor" pos="X">voor</wf>
         <wf lemma="deze" pos="X">deze</wf>
         <wf lemma="marginalen" pos="X">marginalen</wf>
         <wf lemma="." pos="X">.</wf>
      </sentence>
      <sentence id="d000.s1371" source="wordnet-dutch">
         <wf lemma="zij" pos="X">zij</wf>
         <wf lemma="nam" pos="X">nam</wf>
         <wf lemma="deel" pos="X">deel</wf>
         <wf lemma="aan" pos="X">aan</wf>
         <wf lemma="het" pos="X">het</wf>
         <wf lemma="onderzoek" pos="X">onderzoek</wf>
         <wf lemma="op" pos="X">op</wf>
         <wf lemma="voorwaarde" pos="X">voorwaarde</wf>
         <wf lemma="van" pos="X">van</wf>
         <instance id="d000.s1371.t000" lemma="anonimiteit" pos="NOUN">anonimiteit</instance>
         <wf lemma="." pos="X">.</wf>
      </sentence>
      <sentence id="d000.s1372" source="wordnet-dutch">
         <wf lemma="ze" pos="X">ze</wf>
         <wf lemma="hebben" pos="X">hebben</wf>
         <wf lemma="die" pos="X">die</wf>
         <wf lemma="kwaadaardige" pos="X">kwaadaardige</wf>
         <instance id="d000.s1372.t000" lemma="tumor" pos="NOUN">tumor</instance>
         <wf lemma="volledig" pos="X">volledig</wf>
         <wf lemma="uit" pos="X">uit</wf>
         <wf lemma="de" pos="X">de</wf>
         <wf lemma="dikke" pos="X">dikke</wf>
         <wf lemma="darm" pos="X">darm</wf>
         <wf lemma="verwijderd" pos="X">verwijderd</wf>
         <wf lemma="." pos="X">.</wf>
      </sentence>
      <sentence id="d000.s1373" source="wordnet-dutch">
         <wf lemma="Je" pos="X">Je</wf>
         <wf lemma="hebt" pos="X">hebt</wf>
         <instance id="d000.s1373.t000" lemma="aanleg" pos="NOUN">aanleg</instance>
         <wf lemma="voor" pos="X">voor</wf>
         <wf lemma="kwade" pos="X">kwade</wf>
         <wf lemma="dronk" pos="X">dronk</wf>
         <wf lemma="als" pos="X">als</wf>
         <wf lemma="je" pos="X">je</wf>
         <wf lemma="gewelddadig" pos="X">gewelddadig</wf>
         <wf lemma="wordt" pos="X">wordt</wf>
         <wf lemma="wanneer" pos="X">wanneer</wf>
         <wf lemma="je" pos="X">je</wf>
         <wf lemma="dronken" pos="X">dronken</wf>
         <wf lemma="bent" pos="X">bent</wf>
         <wf lemma="." pos="X">.</wf>
      </sentence>
      <sentence id="d000.s1374" source="wordnet-dutch">
         <wf lemma="hij" pos="X">hij</wf>
         <wf lemma="kwam" pos="X">kwam</wf>
         <wf lemma="zijn" pos="X">zijn</wf>
         <wf lemma="verontschuldigingen" pos="X">verontschuldigingen</wf>
         <wf lemma="aanbieden" pos="X">aanbieden</wf>
         <wf lemma="onder" pos="X">onder</wf>
         <instance id="d000.s1374.t000" lemma="schijn" pos="NOUN">schijn</instance>
         <wf lemma="van" pos="X">van</wf>
         <wf lemma="oprechtheid" pos="X">oprechtheid</wf>
         <wf lemma="." pos="X">.</wf>
      </sentence>
      <sentence id="d000.s1375" source="wordnet-dutch">
         <wf lemma="in" pos="X">in</wf>
         <instance id="d000.s1375.t000" lemma="origine" pos="NOUN">origine</instance>
         <wf lemma="waren" pos="X">waren</wf>
         <wf lemma="zij" pos="X">zij</wf>
         <wf lemma="bereid" pos="X">bereid</wf>
         <wf lemma="mee" pos="X">mee</wf>
         <wf lemma="te" pos="X">te</wf>
         <wf lemma="werken" pos="X">werken</wf>
         <wf lemma="." pos="X">.</wf>
      </sentence>
      <sentence id="d000.s1376" source="wordnet-dutch">
         <wf lemma="de" pos="X">de</wf>
         <wf lemma="krant" pos="X">krant</wf>
         <instance id="d000.s1376.t000" lemma="brengen" pos="VERB">brengt</instance>
         <wf lemma="deze" pos="X">deze</wf>
         <wf lemma="week" pos="X">week</wf>
         <wf lemma="een" pos="X">een</wf>
         <wf lemma="reportage" pos="X">reportage</wf>
         <wf lemma="over" pos="X">over</wf>
         <wf lemma="een" pos="X">een</wf>
         <wf lemma="sekte" pos="X">sekte</wf>
         <wf lemma="." pos="X">.</wf>
      </sentence>
      <sentence id="d000.s1377" source="wordnet-dutch">
         <wf lemma="bij" pos="X">bij</wf>
         <wf lemma="het" pos="X">het</wf>
         <wf lemma="slachten" pos="X">slachten</wf>
         <wf lemma="wordt" pos="X">wordt</wf>
         <wf lemma="het" pos="X">het</wf>
         <wf lemma="vee" pos="X">vee</wf>
         <wf lemma="een" pos="X">een</wf>
         <wf lemma="korte" pos="X">korte</wf>
         <instance id="d000.s1377.t000" lemma="stroomstoot" pos="NOUN">stroomstoot</instance>
         <wf lemma="toegediend" pos="X">toegediend</wf>
         <wf lemma="." pos="X">.</wf>
      </sentence>
      <sentence id="d000.s1378" source="wordnet-dutch">
         <wf lemma="maak" pos="X">maak</wf>
         <wf lemma="het" pos="X">het</wf>
         <wf lemma="snel" pos="X">snel</wf>
         <wf lemma="want" pos="X">want</wf>
         <wf lemma="ik" pos="X">ik</wf>
         <wf lemma="heb" pos="X">heb</wf>
         <wf lemma="een" pos="X">een</wf>
         <instance id="d000.s1378.t000" lemma="pan" pos="NOUN">pan</instance>
         <wf lemma="op" pos="X">op</wf>
         <wf lemma="het" pos="X">het</wf>
         <wf lemma="vuur" pos="X">vuur</wf>
         <wf lemma="." pos="X">.</wf>
      </sentence>
      <sentence id="d000.s1379" source="wordnet-dutch">
         <wf lemma="deze" pos="X">deze</wf>
         <wf lemma="twee" pos="X">twee</wf>
         <wf lemma="nieuwe" pos="X">nieuwe</wf>
         <wf lemma="spelers" pos="X">spelers</wf>
         <wf lemma="komen" pos="X">komen</wf>
         <wf lemma="ons" pos="X">ons</wf>
         <wf lemma="team" pos="X">team</wf>
         <instance id="d000.s1379.t000" lemma="versterken" pos="VERB">versterken</instance>
         <wf lemma="." pos="X">.</wf>
      </sentence>
      <sentence id="d000.s1380" source="wordnet-dutch">
         <wf lemma="het" pos="X">het</wf>
         <wf lemma="schip" pos="X">schip</wf>
         <instance id="d000.s1380.t000" lemma="vervoeren" pos="VERB">vervoert</instance>
         <wf lemma="kolen/olie" pos="X">kolen/olie</wf>
         <wf lemma="." pos="X">.</wf>
      </sentence>
      <sentence id="d000.s1381" source="wordnet-dutch">
         <wf lemma="ik" pos="X">ik</wf>
         <wf lemma="heb" pos="X">heb</wf>
         <wf lemma="zwaar" pos="X">zwaar</wf>
         <instance id="d000.s1381.t000" lemma="zondigen" pos="VERB">gezondigd</instance>
         <wf lemma="." pos="X">.</wf>
      </sentence>
      <sentence id="d000.s1382" source="wordnet-dutch">
         <wf lemma="als" pos="X">als</wf>
         <wf lemma="je" pos="X">je</wf>
         <wf lemma="er" pos="X">er</wf>
         <wf lemma="niet" pos="X">niet</wf>
         <wf lemma="snel" pos="X">snel</wf>
         <wf lemma="bij" pos="X">bij</wf>
         <wf lemma="bent" pos="X">bent</wf>
         <wf lemma="kan" pos="X">kan</wf>
         <wf lemma="het" pos="X">het</wf>
         <wf lemma="gif" pos="X">gif</wf>
         <wf lemma="in" pos="X">in</wf>
         <wf lemma="de" pos="X">de</wf>
         <instance id="d000.s1382.t000" lemma="bloedsomloop" pos="NOUN">bloedsomloop</instance>
         <wf lemma="terecht" pos="X">terecht</wf>
         <wf lemma="komen" pos="X">komen</wf>
         <wf lemma="." pos="X">.</wf>
      </sentence>
      <sentence id="d000.s1383" source="wordnet-dutch">
         <wf lemma="ik" pos="X">ik</wf>
         <wf lemma="kan" pos="X">kan</wf>
         <wf lemma="je" pos="X">je</wf>
         <wf lemma="dat" pos="X">dat</wf>
         <wf lemma="boek" pos="X">boek</wf>
         <wf lemma="van" pos="X">van</wf>
         <wf lemma="harte" pos="X">harte</wf>
         <instance id="d000.s1383.t000" lemma="aanbevelen" pos="VERB">aanbevelen</instance>
         <wf lemma="." pos="X">.</wf>
      </sentence>
      <sentence id="d000.s1384" source="wordnet-dutch">
         <wf lemma="onze" pos="X">onze</wf>
         <wf lemma="club" pos="X">club</wf>
         <wf lemma="heeft" pos="X">heeft</wf>
         <wf lemma="zich" pos="X">zich</wf>
         <wf lemma="in" pos="X">in</wf>
         <wf lemma="een" pos="X">een</wf>
         <wf lemma="aantal" pos="X">aantal</wf>
         <wf lemma="jaren" pos="X">jaren</wf>
         <wf lemma="tijd" pos="X">tijd</wf>
         <instance id="d000.s1384.t000" lemma="wijzigen" pos="VERB">gewijzigd</instance>
         <wf lemma="in" pos="X">in</wf>
         <wf lemma="een" pos="X">een</wf>
         <wf lemma="professionele" pos="X">professionele</wf>
         <wf lemma="instelling" pos="X">instelling</wf>
         <wf lemma="." pos="X">.</wf>
      </sentence>
      <sentence id="d000.s1385" source="wordnet-dutch">
         <wf lemma="de" pos="X">de</wf>
         <instance id="d000.s1385.t000" lemma="aanval" pos="NOUN">aanval</instance>
         <wf lemma="werd" pos="X">werd</wf>
         <wf lemma="afgeslagen/afgeweerd" pos="X">afgeslagen/afgeweerd</wf>
         <wf lemma="." pos="X">.</wf>
      </sentence>
      <sentence id="d000.s1386" source="wordnet-dutch">
         <wf lemma="Als" pos="X">Als</wf>
         <wf lemma="je" pos="X">je</wf>
         <wf lemma="leven" pos="X">leven</wf>
         <wf lemma="in" pos="X">in</wf>
         <wf lemma="een" pos="X">een</wf>
         <instance id="d000.s1386.t000" lemma="seconde" pos="NOUN">seconde</instance>
         <wf lemma="aan" pos="X">aan</wf>
         <wf lemma="je" pos="X">je</wf>
         <wf lemma="voorbij" pos="X">voorbij</wf>
         <wf lemma="flitst" pos="X">flitst</wf>
         <wf lemma="wat" pos="X">wat</wf>
         <wf lemma="zie" pos="X">zie</wf>
         <wf lemma="je" pos="X">je</wf>
         <wf lemma="dan" pos="X">dan</wf>
         <wf lemma="allemaal" pos="X">allemaal</wf>
         <wf lemma="?" pos="X">?</wf>
      </sentence>
      <sentence id="d000.s1387" source="wordnet-dutch">
         <wf lemma="in" pos="X">in</wf>
         <wf lemma="1992" pos="X">1992</wf>
         <wf lemma="hebben" pos="X">hebben</wf>
         <wf lemma="de" pos="X">de</wf>
         <wf lemma="specialisten" pos="X">specialisten</wf>
         <wf lemma="hun" pos="X">hun</wf>
         <instance id="d000.s1387.t000" lemma="budget" pos="NOUN">budget</instance>
         <wf lemma="overschreden" pos="X">overschreden</wf>
         <wf lemma="." pos="X">.</wf>
      </sentence>
      <sentence id="d000.s1388" source="wordnet-dutch">
         <wf lemma="ze" pos="X">ze</wf>
         <wf lemma="hebben" pos="X">hebben</wf>
         <wf lemma="gisteren" pos="X">gisteren</wf>
         <wf lemma="alle" pos="X">alle</wf>
         <wf lemma="wijn" pos="X">wijn</wf>
         <instance id="d000.s1388.t000" lemma="opmaken" pos="VERB">opgemaakt</instance>
         <wf lemma="." pos="X">.</wf>
      </sentence>
      <sentence id="d000.s1389" source="wordnet-dutch">
         <wf lemma="mag" pos="X">mag</wf>
         <wf lemma="ik" pos="X">ik</wf>
         <wf lemma="de" pos="X">de</wf>
         <wf lemma="vrijheid" pos="X">vrijheid</wf>
         <instance id="d000.s1389.t000" lemma="nemen" pos="VERB">nemen</instance>
         <wf lemma="om" pos="X">om</wf>
         <wf lemma="u" pos="X">u</wf>
         <wf lemma="erop" pos="X">erop</wf>
         <wf lemma="te" pos="X">te</wf>
         <wf lemma="wijzen" pos="X">wijzen</wf>
         <wf lemma="dat" pos="X">dat</wf>
         <wf lemma="u" pos="X">u</wf>
         <wf lemma="veel" pos="X">veel</wf>
         <wf lemma="te" pos="X">te</wf>
         <wf lemma="laat" pos="X">laat</wf>
         <wf lemma="bent" pos="X">bent</wf>
         <wf lemma="?" pos="X">?</wf>
      </sentence>
      <sentence id="d000.s1390" source="wordnet-dutch">
         <wf lemma="heb" pos="X">heb</wf>
         <wf lemma="je" pos="X">je</wf>
         <wf lemma="lekker" pos="X">lekker</wf>
         <instance id="d000.s1390.t000" lemma="slapen" pos="VERB">geslapen</instance>
         <wf lemma="?" pos="X">?</wf>
      </sentence>
      <sentence id="d000.s1391" source="wordnet-dutch">
         <wf lemma="een" pos="X">een</wf>
         <wf lemma="toenemend" pos="X">toenemend</wf>
         <instance id="d000.s1391.t000" lemma="aantal" pos="NOUN">aantal</instance>
         <wf lemma="mensen" pos="X">mensen</wf>
         <wf lemma="komt" pos="X">komt</wf>
         <wf lemma="in" pos="X">in</wf>
         <wf lemma="de" pos="X">de</wf>
         <wf lemma="problemen" pos="X">problemen</wf>
         <wf lemma="." pos="X">.</wf>
      </sentence>
      <sentence id="d000.s1392" source="wordnet-dutch">
         <wf lemma="ik" pos="X">ik</wf>
         <wf lemma="heb" pos="X">heb</wf>
         <wf lemma="al" pos="X">al</wf>
         <wf lemma="mijn" pos="X">mijn</wf>
         <wf lemma="oude" pos="X">oude</wf>
         <wf lemma="kleren" pos="X">kleren</wf>
         <instance id="d000.s1392.t000" lemma="afdanken" pos="VERB">afgedankt</instance>
         <wf lemma="." pos="X">.</wf>
      </sentence>
      <sentence id="d000.s1393" source="wordnet-dutch">
         <wf lemma="deze" pos="X">deze</wf>
         <wf lemma="resultaten" pos="X">resultaten</wf>
         <instance id="d000.s1393.t000" lemma="overtreffen" pos="VERB">overtreffen</instance>
         <wf lemma="zelfs" pos="X">zelfs</wf>
         <wf lemma="de" pos="X">de</wf>
         <wf lemma="stoutste" pos="X">stoutste</wf>
         <wf lemma="verwachtingen" pos="X">verwachtingen</wf>
         <wf lemma="." pos="X">.</wf>
      </sentence>
      <sentence id="d000.s1394" source="wordnet-dutch">
         <wf lemma="in" pos="X">in</wf>
         <wf lemma="een" pos="X">een</wf>
         <wf lemma="paar" pos="X">paar</wf>
         <wf lemma="dagen" pos="X">dagen</wf>
         <wf lemma="had" pos="X">had</wf>
         <wf lemma="het" pos="X">het</wf>
         <wf lemma="leger" pos="X">leger</wf>
         <wf lemma="de" pos="X">de</wf>
         <wf lemma="vijand" pos="X">vijand</wf>
         <instance id="d000.s1394.t000" lemma="wegvagen" pos="VERB">weggevaagd</instance>
         <wf lemma="." pos="X">.</wf>
      </sentence>
      <sentence id="d000.s1395" source="wordnet-dutch">
         <wf lemma="ze" pos="X">ze</wf>
         <wf lemma="waren" pos="X">waren</wf>
         <wf lemma="plannen" pos="X">plannen</wf>
         <wf lemma="aan" pos="X">aan</wf>
         <wf lemma="het" pos="X">het</wf>
         <instance id="d000.s1395.t000" lemma="bekokstoven" pos="VERB">bekokstoven</instance>
         <wf lemma="om" pos="X">om</wf>
         <wf lemma="Schiphol" pos="X">Schiphol</wf>
         <wf lemma="toch" pos="X">toch</wf>
         <wf lemma="uit" pos="X">uit</wf>
         <wf lemma="te" pos="X">te</wf>
         <wf lemma="breiden" pos="X">breiden</wf>
         <wf lemma="." pos="X">.</wf>
      </sentence>
      <sentence id="d000.s1396" source="wordnet-dutch">
         <wf lemma="de" pos="X">de</wf>
         <wf lemma="minister" pos="X">minister</wf>
         <wf lemma="werd" pos="X">werd</wf>
         <wf lemma="op" pos="X">op</wf>
         <wf lemma="boegeroep" pos="X">boegeroep</wf>
         <instance id="d000.s1396.t000" lemma="onthalen" pos="VERB">onthaald</instance>
         <wf lemma="." pos="X">.</wf>
      </sentence>
      <sentence id="d000.s1397" source="wordnet-dutch">
         <wf lemma="in" pos="X">in</wf>
         <wf lemma="het" pos="X">het</wf>
         <instance id="d000.s1397.t000" lemma="paleis" pos="NOUN">paleis</instance>
         <wf lemma="was" pos="X">was</wf>
         <wf lemma="het" pos="X">het</wf>
         <wf lemma="aangenaam" pos="X">aangenaam</wf>
         <wf lemma="koel" pos="X">koel</wf>
         <wf lemma="." pos="X">.</wf>
      </sentence>
      <sentence id="d000.s1398" source="wordnet-dutch">
         <wf lemma="zo" pos="X">zo</wf>
         <wf lemma="wordt" pos="X">wordt</wf>
         <wf lemma="de" pos="X">de</wf>
         <wf lemma="boekhouding" pos="X">boekhouding</wf>
         <wf lemma="een" pos="X">een</wf>
         <instance id="d000.s1398.t000" lemma="chaos" pos="NOUN">chaos</instance>
         <wf lemma="." pos="X">.</wf>
      </sentence>
      <sentence id="d000.s1399" source="wordnet-dutch">
         <wf lemma="het" pos="X">het</wf>
         <wf lemma="verzoek" pos="X">verzoek</wf>
         <wf lemma="was" pos="X">was</wf>
         <wf lemma="in" pos="X">in</wf>
         <wf lemma="omfloerste" pos="X">omfloerste</wf>
         <wf lemma="bewoordingen" pos="X">bewoordingen</wf>
         <instance id="d000.s1399.t000" lemma="vervatten" pos="VERB">vervat</instance>
         <wf lemma="." pos="X">.</wf>
      </sentence>
      <sentence id="d000.s1400" source="wordnet-dutch">
         <wf lemma="zij" pos="X">zij</wf>
         <wf lemma="verscheen" pos="X">verscheen</wf>
         <wf lemma="in" pos="X">in</wf>
         <wf lemma="een" pos="X">een</wf>
         <wf lemma="schattige" pos="X">schattige</wf>
         <instance id="d000.s1400.t000" lemma="bikini" pos="NOUN">bikini</instance>
         <wf lemma="bij" pos="X">bij</wf>
         <wf lemma="de" pos="X">de</wf>
         <wf lemma="strandtent" pos="X">strandtent</wf>
         <wf lemma="." pos="X">.</wf>
      </sentence>
      <sentence id="d000.s1401" source="wordnet-dutch">
         <wf lemma="met" pos="X">met</wf>
         <wf lemma="vervroegd" pos="X">vervroegd</wf>
         <instance id="d000.s1401.t000" lemma="pensioen" pos="NOUN">pensioen</instance>
         <wf lemma="gaan" pos="X">gaan</wf>
         <wf lemma="." pos="X">.</wf>
      </sentence>
      <sentence id="d000.s1402" source="wordnet-dutch">
         <wf lemma="er" pos="X">er</wf>
         <wf lemma="was" pos="X">was</wf>
         <wf lemma="bedrog" pos="X">bedrog</wf>
         <wf lemma="in" pos="X">in</wf>
         <wf lemma="het" pos="X">het</wf>
         <instance id="d000.s1402.t000" lemma="spel" pos="NOUN">spel</instance>
         <wf lemma="." pos="X">.</wf>
      </sentence>
      <sentence id="d000.s1403" source="wordnet-dutch">
         <wf lemma="een" pos="X">een</wf>
         <wf lemma="kus" pos="X">kus</wf>
         <wf lemma="vol" pos="X">vol</wf>
         <instance id="d000.s1403.t000" lemma="passie" pos="NOUN">passie</instance>
         <wf lemma="." pos="X">.</wf>
      </sentence>
      <sentence id="d000.s1404" source="wordnet-dutch">
         <wf lemma="alleen" pos="X">alleen</wf>
         <wf lemma="in" pos="X">in</wf>
         <instance id="d000.s1404.t000" lemma="uitzonderingsgeval" pos="NOUN">uitzonderingsgevallen</instance>
         <wf lemma="krijg" pos="X">krijg</wf>
         <wf lemma="je" pos="X">je</wf>
         <wf lemma="een" pos="X">een</wf>
         <wf lemma="vergoeding" pos="X">vergoeding</wf>
         <wf lemma="." pos="X">.</wf>
      </sentence>
      <sentence id="d000.s1405" source="wordnet-dutch">
         <wf lemma="pap" pos="X">pap</wf>
         <wf lemma="staat" pos="X">staat</wf>
         <wf lemma="op" pos="X">op</wf>
         <wf lemma="een" pos="X">een</wf>
         <wf lemma="wiebelend" pos="X">wiebelend</wf>
         <instance id="d000.s1405.t000" lemma="trap" pos="NOUN">trapje</instance>
         <wf lemma="het" pos="X">het</wf>
         <wf lemma="schilderij" pos="X">schilderij</wf>
         <wf lemma="op" pos="X">op</wf>
         <wf lemma="te" pos="X">te</wf>
         <wf lemma="hangen" pos="X">hangen</wf>
         <wf lemma="." pos="X">.</wf>
      </sentence>
      <sentence id="d000.s1406" source="wordnet-dutch">
         <wf lemma="brede" pos="X">brede</wf>
         <instance id="d000.s1406.t000" lemma="laag" pos="NOUN">lagen</instance>
         <wf lemma="van" pos="X">van</wf>
         <wf lemma="de" pos="X">de</wf>
         <wf lemma="bevolking" pos="X">bevolking</wf>
         <wf lemma="." pos="X">.</wf>
      </sentence>
      <sentence id="d000.s1407" source="wordnet-dutch">
         <wf lemma="hij" pos="X">hij</wf>
         <wf lemma="vond" pos="X">vond</wf>
         <wf lemma="er" pos="X">er</wf>
         <wf lemma="plezier" pos="X">plezier</wf>
         <wf lemma="in" pos="X">in</wf>
         <wf lemma="mij" pos="X">mij</wf>
         <wf lemma="te" pos="X">te</wf>
         <instance id="d000.s1407.t000" lemma="kleineren" pos="VERB">kleineren</instance>
         <wf lemma="." pos="X">.</wf>
      </sentence>
      <sentence id="d000.s1408" source="wordnet-dutch">
         <wf lemma="met" pos="X">met</wf>
         <wf lemma="kaarsen" pos="X">kaarsen</wf>
         <wf lemma="kan" pos="X">kan</wf>
         <wf lemma="je" pos="X">je</wf>
         <wf lemma="een" pos="X">een</wf>
         <wf lemma="heel" pos="X">heel</wf>
         <wf lemma="gezellige" pos="X">gezellige</wf>
         <wf lemma="sfeer" pos="X">sfeer</wf>
         <instance id="d000.s1408.t000" lemma="creëren" pos="VERB">creëren</instance>
         <wf lemma="." pos="X">.</wf>
      </sentence>
      <sentence id="d000.s1409" source="wordnet-dutch">
         <wf lemma="hij" pos="X">hij</wf>
         <wf lemma="had" pos="X">had</wf>
         <wf lemma="weinig" pos="X">weinig</wf>
         <instance id="d000.s1409.t000" lemma="inbreng" pos="NOUN">inbreng</instance>
         <wf lemma="in" pos="X">in</wf>
         <wf lemma="het" pos="X">het</wf>
         <wf lemma="gesprek" pos="X">gesprek</wf>
         <wf lemma="." pos="X">.</wf>
      </sentence>
      <sentence id="d000.s1410" source="wordnet-dutch">
         <wf lemma="alles" pos="X">alles</wf>
         <instance id="d000.s1410.t000" lemma="wijzen" pos="VERB">wijst</instance>
         <wf lemma="erop" pos="X">erop</wf>
         <wf lemma="dat" pos="X">dat</wf>
         <wf lemma="hij" pos="X">hij</wf>
         <wf lemma="de" pos="X">de</wf>
         <wf lemma="schuldige" pos="X">schuldige</wf>
         <wf lemma="is" pos="X">is</wf>
         <wf lemma="." pos="X">.</wf>
      </sentence>
      <sentence id="d000.s1411" source="wordnet-dutch">
         <wf lemma="hij" pos="X">hij</wf>
         <wf lemma="scheurde" pos="X">scheurde</wf>
         <wf lemma="zijn" pos="X">zijn</wf>
         <wf lemma="krant/blad" pos="X">krant/blad</wf>
         <wf lemma="in" pos="X">in</wf>
         <instance id="d000.s1411.t000" lemma="reep" pos="NOUN">reepjes</instance>
         <wf lemma="." pos="X">.</wf>
      </sentence>
      <sentence id="d000.s1412" source="wordnet-dutch">
         <wf lemma="de" pos="X">de</wf>
         <instance id="d000.s1412.t000" lemma="gloed" pos="NOUN">gloed</instance>
         <wf lemma="van" pos="X">van</wf>
         <wf lemma="de" pos="X">de</wf>
         <wf lemma="brand" pos="X">brand</wf>
         <wf lemma="was" pos="X">was</wf>
         <wf lemma="in" pos="X">in</wf>
         <wf lemma="de" pos="X">de</wf>
         <wf lemma="verre" pos="X">verre</wf>
         <wf lemma="omtrek" pos="X">omtrek</wf>
         <wf lemma="te" pos="X">te</wf>
         <wf lemma="zien" pos="X">zien</wf>
         <wf lemma="." pos="X">.</wf>
      </sentence>
      <sentence id="d000.s1413" source="wordnet-dutch">
         <wf lemma="de" pos="X">de</wf>
         <wf lemma="inhoud" pos="X">inhoud</wf>
         <wf lemma="blijft" pos="X">blijft</wf>
         <wf lemma="steeds" pos="X">steeds</wf>
         <wf lemma="dezelfde" pos="X">dezelfde</wf>
         <wf lemma="," pos="X">,</wf>
         <wf lemma="alleen" pos="X">alleen</wf>
         <wf lemma="de" pos="X">de</wf>
         <wf lemma="vorm" pos="X">vorm</wf>
         <instance id="d000.s1413.t000" lemma="variëren" pos="VERB">varieert</instance>
         <wf lemma="af" pos="X">af</wf>
         <wf lemma="en" pos="X">en</wf>
         <wf lemma="toe" pos="X">toe</wf>
         <wf lemma="." pos="X">.</wf>
      </sentence>
      <sentence id="d000.s1414" source="wordnet-dutch">
         <wf lemma="we" pos="X">we</wf>
         <wf lemma="gaan" pos="X">gaan</wf>
         <wf lemma="op" pos="X">op</wf>
         <instance id="d000.s1414.t000" lemma="visite" pos="NOUN">visite</instance>
         <wf lemma="bij" pos="X">bij</wf>
         <wf lemma="mijn" pos="X">mijn</wf>
         <wf lemma="tante" pos="X">tante</wf>
         <wf lemma="." pos="X">.</wf>
      </sentence>
      <sentence id="d000.s1415" source="wordnet-dutch">
         <wf lemma="de" pos="X">de</wf>
         <wf lemma="centrumspits" pos="X">centrumspits</wf>
         <wf lemma="is" pos="X">is</wf>
         <wf lemma="voor" pos="X">voor</wf>
         <wf lemma="drie" pos="X">drie</wf>
         <wf lemma="jaar" pos="X">jaar</wf>
         <wf lemma="onder" pos="X">onder</wf>
         <instance id="d000.s1415.t000" lemma="contract" pos="NOUN">contract</instance>
         <wf lemma="bij" pos="X">bij</wf>
         <wf lemma="Ajax" pos="X">Ajax</wf>
         <wf lemma="." pos="X">.</wf>
      </sentence>
      <sentence id="d000.s1416" source="wordnet-dutch">
         <wf lemma="ze" pos="X">ze</wf>
         <wf lemma="willen" pos="X">willen</wf>
         <wf lemma="het" pos="X">het</wf>
         <wf lemma="conflict" pos="X">conflict</wf>
         <instance id="d000.s1416.t000" lemma="beslechten" pos="VERB">beslechten</instance>
         <wf lemma="met" pos="X">met</wf>
         <wf lemma="een" pos="X">een</wf>
         <wf lemma="militaire" pos="X">militaire</wf>
         <wf lemma="interventie" pos="X">interventie</wf>
         <wf lemma="." pos="X">.</wf>
      </sentence>
      <sentence id="d000.s1417" source="wordnet-dutch">
         <wf lemma="de" pos="X">de</wf>
         <wf lemma="kwade" pos="X">kwade</wf>
         <instance id="d000.s1417.t000" lemma="sap" pos="NOUN">sappen</instance>
         <wf lemma="van" pos="X">van</wf>
         <wf lemma="deze" pos="X">deze</wf>
         <wf lemma="giftige" pos="X">giftige</wf>
         <wf lemma="plant" pos="X">plant</wf>
         <wf lemma="dient" pos="X">dient</wf>
         <wf lemma="men" pos="X">men</wf>
         <wf lemma="te" pos="X">te</wf>
         <wf lemma="mijden" pos="X">mijden</wf>
         <wf lemma="." pos="X">.</wf>
      </sentence>
      <sentence id="d000.s1418" source="wordnet-dutch">
         <wf lemma="hij" pos="X">hij</wf>
         <wf lemma="is" pos="X">is</wf>
         <instance id="d000.s1418.t000" lemma="opgroeien" pos="VERB">opgegroeid</instance>
         <wf lemma="met" pos="X">met</wf>
         <wf lemma="de" pos="X">de</wf>
         <wf lemma="muziek" pos="X">muziek</wf>
         <wf lemma="van" pos="X">van</wf>
         <wf lemma="de" pos="X">de</wf>
         <wf lemma="Beatles" pos="X">Beatles</wf>
         <wf lemma="." pos="X">.</wf>
      </sentence>
      <sentence id="d000.s1419" source="wordnet-dutch">
         <wf lemma="de" pos="X">de</wf>
         <wf lemma="sorteermachine" pos="X">sorteermachine</wf>
         <instance id="d000.s1419.t000" lemma="voldoen" pos="VERB">voldoet</instance>
         <wf lemma="niet" pos="X">niet</wf>
         <wf lemma="." pos="X">.</wf>
      </sentence>
      <sentence id="d000.s1420" source="wordnet-dutch">
         <wf lemma="ik" pos="X">ik</wf>
         <wf lemma="stel" pos="X">stel</wf>
         <wf lemma="voor" pos="X">voor</wf>
         <wf lemma="dat" pos="X">dat</wf>
         <wf lemma="we" pos="X">we</wf>
         <wf lemma="daarom" pos="X">daarom</wf>
         <wf lemma="ons" pos="X">ons</wf>
         <wf lemma="feestje" pos="X">feestje</wf>
         <wf lemma="nog" pos="X">nog</wf>
         <wf lemma="een" pos="X">een</wf>
         <wf lemma="maand" pos="X">maand</wf>
         <instance id="d000.s1420.t000" lemma="uitstellen" pos="VERB">uitstellen</instance>
         <wf lemma="." pos="X">.</wf>
      </sentence>
      <sentence id="d000.s1421" source="wordnet-dutch">
         <wf lemma="zij" pos="X">zij</wf>
         <wf lemma="woont" pos="X">woont</wf>
         <wf lemma="in" pos="X">in</wf>
         <wf lemma="een" pos="X">een</wf>
         <wf lemma="leuk" pos="X">leuk</wf>
         <wf lemma="huis" pos="X">huis</wf>
         <wf lemma="op" pos="X">op</wf>
         <wf lemma="een" pos="X">een</wf>
         <wf lemma="stil" pos="X">stil</wf>
         <instance id="d000.s1421.t000" lemma="hofje" pos="NOUN">hofje</instance>
         <wf lemma="in" pos="X">in</wf>
         <wf lemma="de" pos="X">de</wf>
         <wf lemma="stad" pos="X">stad</wf>
         <wf lemma="." pos="X">.</wf>
      </sentence>
      <sentence id="d000.s1422" source="wordnet-dutch">
         <wf lemma="champagne" pos="X">champagne</wf>
         <wf lemma="mocht" pos="X">mocht</wf>
         <wf lemma="op" pos="X">op</wf>
         <wf lemma="zo'n" pos="X">zo'n</wf>
         <wf lemma="feest" pos="X">feest</wf>
         <wf lemma="natuurlijk" pos="X">natuurlijk</wf>
         <wf lemma="niet" pos="X">niet</wf>
         <instance id="d000.s1422.t000" lemma="ontbreken" pos="VERB">ontbreken</instance>
         <wf lemma="." pos="X">.</wf>
      </sentence>
      <sentence id="d000.s1423" source="wordnet-dutch">
         <wf lemma="de" pos="X">de</wf>
         <wf lemma="zakenman" pos="X">zakenman</wf>
         <wf lemma="wist" pos="X">wist</wf>
         <wf lemma="precies" pos="X">precies</wf>
         <wf lemma="hoe" pos="X">hoe</wf>
         <wf lemma="hij" pos="X">hij</wf>
         <wf lemma="de" pos="X">de</wf>
         <wf lemma="autoriteiten" pos="X">autoriteiten</wf>
         <wf lemma="moest" pos="X">moest</wf>
         <instance id="d000.s1423.t000" lemma="bespelen" pos="VERB">bespelen</instance>
         <wf lemma="." pos="X">.</wf>
      </sentence>
      <sentence id="d000.s1424" source="wordnet-dutch">
         <wf lemma="hij" pos="X">hij</wf>
         <instance id="d000.s1424.t000" lemma="protesteren" pos="VERB">protesteerde</instance>
         <wf lemma="tegen" pos="X">tegen</wf>
         <wf lemma="de" pos="X">de</wf>
         <wf lemma="vrijlating" pos="X">vrijlating</wf>
         <wf lemma="van" pos="X">van</wf>
         <wf lemma="de" pos="X">de</wf>
         <wf lemma="verdachte" pos="X">verdachte</wf>
         <wf lemma="." pos="X">.</wf>
      </sentence>
      <sentence id="d000.s1425" source="wordnet-dutch">
         <wf lemma="tienduizenden" pos="X">tienduizenden</wf>
         <wf lemma="mensen" pos="X">mensen</wf>
         <wf lemma="zijn" pos="X">zijn</wf>
         <wf lemma="in" pos="X">in</wf>
         <wf lemma="Jeruzalem" pos="X">Jeruzalem</wf>
         <instance id="d000.s1425.t000" lemma="samenkomen" pos="VERB">samengekomen</instance>
         <wf lemma="bij" pos="X">bij</wf>
         <wf lemma="het" pos="X">het</wf>
         <wf lemma="graf" pos="X">graf</wf>
         <wf lemma="van" pos="X">van</wf>
         <wf lemma="de" pos="X">de</wf>
         <wf lemma="vermoorde" pos="X">vermoorde</wf>
         <wf lemma="premier" pos="X">premier</wf>
         <wf lemma="Rabin" pos="X">Rabin</wf>
         <wf lemma="." pos="X">.</wf>
      </sentence>
      <sentence id="d000.s1426" source="wordnet-dutch">
         <wf lemma="de" pos="X">de</wf>
         <wf lemma="lucht" pos="X">lucht</wf>
         <wf lemma="zal" pos="X">zal</wf>
         <wf lemma="hem" pos="X">hem</wf>
         <instance id="d000.s1426.t000" lemma="goed" pos="NOUN">goed</instance>
         <wf lemma="doen" pos="X">doen</wf>
         <wf lemma="." pos="X">.</wf>
      </sentence>
      <sentence id="d000.s1427" source="wordnet-dutch">
         <wf lemma="verlangen" pos="X">verlangen</wf>
         <wf lemma="naar" pos="X">naar</wf>
         <wf lemma="zonovergoten" pos="X">zonovergoten</wf>
         <wf lemma="stranden" pos="X">stranden</wf>
         <wf lemma="en" pos="X">en</wf>
         <wf lemma="wuivende" pos="X">wuivende</wf>
         <instance id="d000.s1427.t000" lemma="palm" pos="NOUN">palmen</instance>
         <wf lemma="." pos="X">.</wf>
      </sentence>
      <sentence id="d000.s1428" source="wordnet-dutch">
         <wf lemma="het" pos="X">het</wf>
         <wf lemma="bebloede" pos="X">bebloede</wf>
         <wf lemma="mes" pos="X">mes</wf>
         <wf lemma="was" pos="X">was</wf>
         <wf lemma="een" pos="X">een</wf>
         <instance id="d000.s1428.t000" lemma="aanknopingspunt" pos="NOUN">aanknopingspunt</instance>
         <wf lemma="voor" pos="X">voor</wf>
         <wf lemma="verder" pos="X">verder</wf>
         <wf lemma="onderzoek" pos="X">onderzoek</wf>
         <wf lemma="." pos="X">.</wf>
      </sentence>
      <sentence id="d000.s1429" source="wordnet-dutch">
         <wf lemma="als" pos="X">als</wf>
         <wf lemma="je" pos="X">je</wf>
         <wf lemma="het" pos="X">het</wf>
         <instance id="d000.s1429.t000" lemma="rijschema" pos="NOUN">rijschema</instance>
         <wf lemma="volgt" pos="X">volgt</wf>
         <wf lemma="kom" pos="X">kom</wf>
         <wf lemma="je" pos="X">je</wf>
         <wf lemma="vanzelf" pos="X">vanzelf</wf>
         <wf lemma="bij" pos="X">bij</wf>
         <wf lemma="je" pos="X">je</wf>
         <wf lemma="bestemming" pos="X">bestemming</wf>
         <wf lemma="." pos="X">.</wf>
      </sentence>
      <sentence id="d000.s1430" source="wordnet-dutch">
         <wf lemma="9" pos="X">9</wf>
         <instance id="d000.s1430.t000" lemma="lichaam" pos="NOUN">lichamen</instance>
         <wf lemma="zijn" pos="X">zijn</wf>
         <wf lemma="inmiddels" pos="X">inmiddels</wf>
         <wf lemma="geborgen" pos="X">geborgen</wf>
         <wf lemma="." pos="X">.</wf>
      </sentence>
      <sentence id="d000.s1431" source="wordnet-dutch">
         <wf lemma="deze" pos="X">deze</wf>
         <wf lemma="zanger" pos="X">zanger</wf>
         <instance id="d000.s1431.t000" lemma="omringen" pos="VERB">omringt</instance>
         <wf lemma="zich" pos="X">zich</wf>
         <wf lemma="altijd" pos="X">altijd</wf>
         <wf lemma="met" pos="X">met</wf>
         <wf lemma="topmuzikanten" pos="X">topmuzikanten</wf>
         <wf lemma="." pos="X">.</wf>
      </sentence>
      <sentence id="d000.s1432" source="wordnet-dutch">
         <wf lemma="in" pos="X">in</wf>
         <wf lemma="m'n" pos="X">m'n</wf>
         <instance id="d000.s1432.t000" lemma="ooghoek" pos="NOUN">ooghoek</instance>
         <wf lemma="zag" pos="X">zag</wf>
         <wf lemma="ik" pos="X">ik</wf>
         <wf lemma="net" pos="X">net</wf>
         <wf lemma="de" pos="X">de</wf>
         <wf lemma="jongen" pos="X">jongen</wf>
         <wf lemma="de" pos="X">de</wf>
         <wf lemma="hoek" pos="X">hoek</wf>
         <wf lemma="om" pos="X">om</wf>
         <wf lemma="rennen" pos="X">rennen</wf>
         <wf lemma="." pos="X">.</wf>
      </sentence>
      <sentence id="d000.s1433" source="wordnet-dutch">
         <wf lemma="Mark" pos="X">Mark</wf>
         <wf lemma="T." pos="X">T.</wf>
         <wf lemma="en" pos="X">en</wf>
         <wf lemma="Stefan" pos="X">Stefan</wf>
         <wf lemma="G." pos="X">G.</wf>
         <wf lemma="werden" pos="X">werden</wf>
         <wf lemma="in" pos="X">in</wf>
         <wf lemma="de" pos="X">de</wf>
         <wf lemma="tweede" pos="X">tweede</wf>
         <instance id="d000.s1433.t000" lemma="run" pos="NOUN">run</instance>
         <wf lemma="gedeeld" pos="X">gedeeld</wf>
         <wf lemma="derde" pos="X">derde</wf>
         <wf lemma="." pos="X">.</wf>
      </sentence>
      <sentence id="d000.s1434" source="wordnet-dutch">
         <wf lemma="ik" pos="X">ik</wf>
         <wf lemma="heb" pos="X">heb</wf>
         <wf lemma="al" pos="X">al</wf>
         <wf lemma="twee" pos="X">twee</wf>
         <wf lemma="jaar" pos="X">jaar</wf>
         <wf lemma="lang" pos="X">lang</wf>
         <wf lemma="geen" pos="X">geen</wf>
         <wf lemma="vaste" pos="X">vaste</wf>
         <instance id="d000.s1434.t000" lemma="partner" pos="NOUN">partner</instance>
         <wf lemma="." pos="X">.</wf>
      </sentence>
      <sentence id="d000.s1435" source="wordnet-dutch">
         <wf lemma="alle" pos="X">alle</wf>
         <wf lemma="partijen" pos="X">partijen</wf>
         <wf lemma="hebben" pos="X">hebben</wf>
         <wf lemma="het" pos="X">het</wf>
         <wf lemma="verdrag" pos="X">verdrag</wf>
         <wf lemma="van" pos="X">van</wf>
         <wf lemma="Dayton" pos="X">Dayton</wf>
         <instance id="d000.s1435.t000" lemma="paraferen" pos="VERB">geparafeerd</instance>
         <wf lemma="." pos="X">.</wf>
      </sentence>
      <sentence id="d000.s1436" source="wordnet-dutch">
         <wf lemma="keeper" pos="X">keeper</wf>
         <wf lemma="Van" pos="X">Van</wf>
         <wf lemma="der" pos="X">der</wf>
         <wf lemma="Sar" pos="X">Sar</wf>
         <wf lemma="staat" pos="X">staat</wf>
         <wf lemma="weer" pos="X">weer</wf>
         <wf lemma="op" pos="X">op</wf>
         <wf lemma="(" pos="X">(</wf>
         <wf lemma="het" pos="X">het</wf>
         <wf lemma=")" pos="X">)</wf>
         <instance id="d000.s1436.t000" lemma="doel" pos="NOUN">doel</instance>
         <wf lemma="." pos="X">.</wf>
      </sentence>
      <sentence id="d000.s1437" source="wordnet-dutch">
         <wf lemma="in" pos="X">in</wf>
         <instance id="d000.s1437.t000" lemma="juni" pos="NOUN">juni</instance>
         <wf lemma="begint" pos="X">begint</wf>
         <wf lemma="de" pos="X">de</wf>
         <wf lemma="zomer" pos="X">zomer</wf>
         <wf lemma="." pos="X">.</wf>
      </sentence>
      <sentence id="d000.s1438" source="wordnet-dutch">
         <wf lemma="werknemers" pos="X">werknemers</wf>
         <wf lemma="in" pos="X">in</wf>
         <wf lemma="de" pos="X">de</wf>
         <wf lemma="metaal" pos="X">metaal</wf>
         <wf lemma="krijgen" pos="X">krijgen</wf>
         <wf lemma="dit" pos="X">dit</wf>
         <wf lemma="jaar" pos="X">jaar</wf>
         <wf lemma="maar" pos="X">maar</wf>
         <wf lemma="beperkte" pos="X">beperkte</wf>
         <instance id="d000.s1438.t000" lemma="prijscompensatie" pos="NOUN">prijscompensatie</instance>
         <wf lemma="." pos="X">.</wf>
      </sentence>
      <sentence id="d000.s1439" source="wordnet-dutch">
         <wf lemma="de" pos="X">de</wf>
         <wf lemma="groep" pos="X">groep</wf>
         <wf lemma="heeft" pos="X">heeft</wf>
         <wf lemma="met" pos="X">met</wf>
         <wf lemma="dit" pos="X">dit</wf>
         <wf lemma="concert" pos="X">concert</wf>
         <wf lemma="niets" pos="X">niets</wf>
         <wf lemma="dan" pos="X">dan</wf>
         <wf lemma="lof" pos="X">lof</wf>
         <instance id="d000.s1439.t000" lemma="oogsten" pos="VERB">geoogst</instance>
         <wf lemma="." pos="X">.</wf>
      </sentence>
      <sentence id="d000.s1440" source="wordnet-dutch">
         <wf lemma="eindelijk" pos="X">eindelijk</wf>
         <wf lemma="ben" pos="X">ben</wf>
         <wf lemma="ik" pos="X">ik</wf>
         <wf lemma="van" pos="X">van</wf>
         <wf lemma="mijn" pos="X">mijn</wf>
         <wf lemma="zere" pos="X">zere</wf>
         <wf lemma="kies" pos="X">kies</wf>
         <instance id="d000.s1440.t000" lemma="bevrijden" pos="VERB">bevrijd</instance>
         <wf lemma="." pos="X">.</wf>
      </sentence>
      <sentence id="d000.s1441" source="wordnet-dutch">
         <wf lemma="het" pos="X">het</wf>
         <wf lemma="is" pos="X">is</wf>
         <wf lemma="zijn" pos="X">zijn</wf>
         <wf lemma="liefste" pos="X">liefste</wf>
         <instance id="d000.s1441.t000" lemma="wens" pos="NOUN">wens</instance>
         <wf lemma="om" pos="X">om</wf>
         <wf lemma="nog" pos="X">nog</wf>
         <wf lemma="eens" pos="X">eens</wf>
         <wf lemma="een" pos="X">een</wf>
         <wf lemma="huisje" pos="X">huisje</wf>
         <wf lemma="in" pos="X">in</wf>
         <wf lemma="Cornwall" pos="X">Cornwall</wf>
         <wf lemma="te" pos="X">te</wf>
         <wf lemma="kopen" pos="X">kopen</wf>
         <wf lemma="." pos="X">.</wf>
      </sentence>
      <sentence id="d000.s1442" source="wordnet-dutch">
         <wf lemma="de" pos="X">de</wf>
         <wf lemma="krantenwinkel" pos="X">krantenwinkel</wf>
         <wf lemma="werd" pos="X">werd</wf>
         <instance id="d000.s1442.t000" lemma="bestormen" pos="VERB">bestormd</instance>
         <wf lemma="door" pos="X">door</wf>
         <wf lemma="mensen" pos="X">mensen</wf>
         <wf lemma="die" pos="X">die</wf>
         <wf lemma="de" pos="X">de</wf>
         <wf lemma="extra" pos="X">extra</wf>
         <wf lemma="editie" pos="X">editie</wf>
         <wf lemma="wilden" pos="X">wilden</wf>
         <wf lemma="bemachtigen" pos="X">bemachtigen</wf>
         <wf lemma="." pos="X">.</wf>
      </sentence>
      <sentence id="d000.s1443" source="wordnet-dutch">
         <wf lemma="de" pos="X">de</wf>
         <wf lemma="gebalsemde" pos="X">gebalsemde</wf>
         <wf lemma="lijken" pos="X">lijken</wf>
         <wf lemma="bleken" pos="X">bleken</wf>
         <wf lemma="langer" pos="X">langer</wf>
         <instance id="d000.s1443.t000" lemma="bewaren" pos="VERB">bewaard</instance>
         <wf lemma="gebleven" pos="X">gebleven</wf>
         <wf lemma="." pos="X">.</wf>
      </sentence>
      <sentence id="d000.s1444" source="wordnet-dutch">
         <wf lemma="hij" pos="X">hij</wf>
         <instance id="d000.s1444.t000" lemma="mopperen" pos="VERB">mopperde</instance>
         <wf lemma="over" pos="X">over</wf>
         <wf lemma="het" pos="X">het</wf>
         <wf lemma="gebrek" pos="X">gebrek</wf>
         <wf lemma="aan" pos="X">aan</wf>
         <wf lemma="inzet" pos="X">inzet</wf>
         <wf lemma="bij" pos="X">bij</wf>
         <wf lemma="zijn" pos="X">zijn</wf>
         <wf lemma="leerlingen" pos="X">leerlingen</wf>
         <wf lemma="." pos="X">.</wf>
      </sentence>
      <sentence id="d000.s1445" source="wordnet-dutch">
         <wf lemma="het" pos="X">het</wf>
         <wf lemma="overtrof" pos="X">overtrof</wf>
         <wf lemma="haar" pos="X">haar</wf>
         <wf lemma="stoutste" pos="X">stoutste</wf>
         <instance id="d000.s1445.t000" lemma="verwachting" pos="NOUN">verwachtingen</instance>
         <wf lemma="." pos="X">.</wf>
      </sentence>
      <sentence id="d000.s1446" source="wordnet-dutch">
         <wf lemma="de" pos="X">de</wf>
         <wf lemma="cabaretier" pos="X">cabaretier</wf>
         <wf lemma="wist" pos="X">wist</wf>
         <wf lemma="de" pos="X">de</wf>
         <wf lemma="zaal" pos="X">zaal</wf>
         <wf lemma="uitstekend" pos="X">uitstekend</wf>
         <wf lemma="te" pos="X">te</wf>
         <instance id="d000.s1446.t000" lemma="amuseren" pos="VERB">amuseren</instance>
         <wf lemma="." pos="X">.</wf>
      </sentence>
      <sentence id="d000.s1447" source="wordnet-dutch">
         <wf lemma="een" pos="X">een</wf>
         <wf lemma="type" pos="X">type</wf>
         <wf lemma="dat" pos="X">dat</wf>
         <instance id="d000.s1447.t000" lemma="sandaal" pos="NOUN">sandalen</instance>
         <wf lemma="met" pos="X">met</wf>
         <wf lemma="geitenwollen" pos="X">geitenwollen</wf>
         <wf lemma="sokken" pos="X">sokken</wf>
         <wf lemma="draagt" pos="X">draagt</wf>
         <wf lemma="." pos="X">.</wf>
      </sentence>
      <sentence id="d000.s1448" source="wordnet-dutch">
         <wf lemma="een" pos="X">een</wf>
         <wf lemma="groot" pos="X">groot</wf>
         <wf lemma="deel" pos="X">deel</wf>
         <wf lemma="van" pos="X">van</wf>
         <wf lemma="het" pos="X">het</wf>
         <wf lemma="vroegere" pos="X">vroegere</wf>
         <wf lemma="militaire" pos="X">militaire</wf>
         <wf lemma="domein" pos="X">domein</wf>
         <wf lemma="werd" pos="X">werd</wf>
         <instance id="d000.s1448.t000" lemma="reserveren" pos="VERB">gereserveerd</instance>
         <wf lemma="voor" pos="X">voor</wf>
         <wf lemma="de" pos="X">de</wf>
         <wf lemma="landbouw" pos="X">landbouw</wf>
         <wf lemma="." pos="X">.</wf>
      </sentence>
      <sentence id="d000.s1449" source="wordnet-dutch">
         <wf lemma="dit" pos="X">dit</wf>
         <wf lemma="is" pos="X">is</wf>
         <wf lemma="het" pos="X">het</wf>
         <instance id="d000.s1449.t000" lemma="bewijs" pos="NOUN">bewijs</instance>
         <wf lemma="tegen" pos="X">tegen</wf>
         <wf lemma="de" pos="X">de</wf>
         <wf lemma="aanklagers" pos="X">aanklagers</wf>
         <wf lemma="." pos="X">.</wf>
      </sentence>
      <sentence id="d000.s1450" source="wordnet-dutch">
         <wf lemma="de" pos="X">de</wf>
         <wf lemma="spieren" pos="X">spieren</wf>
         <wf lemma="moeten" pos="X">moeten</wf>
         <wf lemma="eerst" pos="X">eerst</wf>
         <instance id="d000.s1450.t000" lemma="aansterken" pos="VERB">aansterken</instance>
         <wf lemma="." pos="X">.</wf>
      </sentence>
      <sentence id="d000.s1451" source="wordnet-dutch">
         <wf lemma="waar" pos="X">waar</wf>
         <wf lemma="heb" pos="X">heb</wf>
         <wf lemma="je" pos="X">je</wf>
         <wf lemma="dat" pos="X">dat</wf>
         <wf lemma="nieuws" pos="X">nieuws</wf>
         <instance id="d000.s1451.t000" lemma="opduikelen" pos="VERB">opgeduikeld</instance>
         <wf lemma="?" pos="X">?</wf>
      </sentence>
      <sentence id="d000.s1452" source="wordnet-dutch">
         <wf lemma="ze" pos="X">ze</wf>
         <wf lemma="wilden" pos="X">wilden</wf>
         <wf lemma="het" pos="X">het</wf>
         <wf lemma="contract" pos="X">contract</wf>
         <wf lemma="opzeggen" pos="X">opzeggen</wf>
         <wf lemma="," pos="X">,</wf>
         <wf lemma="maar" pos="X">maar</wf>
         <wf lemma="moesten" pos="X">moesten</wf>
         <wf lemma="daarvoor" pos="X">daarvoor</wf>
         <wf lemma="wel" pos="X">wel</wf>
         <wf lemma="een" pos="X">een</wf>
         <wf lemma="flinke" pos="X">flinke</wf>
         <instance id="d000.s1452.t000" lemma="afkoopsom" pos="NOUN">afkoopsom</instance>
         <wf lemma="betalen" pos="X">betalen</wf>
         <wf lemma="." pos="X">.</wf>
      </sentence>
      <sentence id="d000.s1453" source="wordnet-dutch">
         <wf lemma="ambtenaren" pos="X">ambtenaren</wf>
         <wf lemma="genieten" pos="X">genieten</wf>
         <wf lemma="een" pos="X">een</wf>
         <wf lemma="goed" pos="X">goed</wf>
         <instance id="d000.s1453.t000" lemma="pensioen" pos="NOUN">pensioen</instance>
         <wf lemma="." pos="X">.</wf>
      </sentence>
      <sentence id="d000.s1454" source="wordnet-dutch">
         <wf lemma="hé" pos="X">hé</wf>
         <wf lemma="," pos="X">,</wf>
         <wf lemma="lekkere" pos="X">lekkere</wf>
         <instance id="d000.s1454.t000" lemma="pop" pos="NOUN">pop</instance>
         <wf lemma="," pos="X">,</wf>
         <wf lemma="kom" pos="X">kom</wf>
         <wf lemma="je" pos="X">je</wf>
         <wf lemma="op" pos="X">op</wf>
         <wf lemma="m'n" pos="X">m'n</wf>
         <wf lemma="schoot" pos="X">schoot</wf>
         <wf lemma="?" pos="X">?</wf>
      </sentence>
      <sentence id="d000.s1455" source="wordnet-dutch">
         <wf lemma="ik" pos="X">ik</wf>
         <instance id="d000.s1455.t000" lemma="horen" pos="VERB">hoorde</instance>
         <wf lemma="dat" pos="X">dat</wf>
         <wf lemma="je" pos="X">je</wf>
         <wf lemma="aan" pos="X">aan</wf>
         <wf lemma="een" pos="X">een</wf>
         <wf lemma="comeback" pos="X">comeback</wf>
         <wf lemma="bezig" pos="X">bezig</wf>
         <wf lemma="bent" pos="X">bent</wf>
         <wf lemma="." pos="X">.</wf>
      </sentence>
      <sentence id="d000.s1456" source="wordnet-dutch">
         <wf lemma="de" pos="X">de</wf>
         <wf lemma="hoge" pos="X">hoge</wf>
         <wf lemma="loonkosten" pos="X">loonkosten</wf>
         <wf lemma="ontwrichten" pos="X">ontwrichten</wf>
         <wf lemma="de" pos="X">de</wf>
         <wf lemma="Nederlandse" pos="X">Nederlandse</wf>
         <instance id="d000.s1456.t000" lemma="economie" pos="NOUN">economie</instance>
         <wf lemma="." pos="X">.</wf>
      </sentence>
      <sentence id="d000.s1457" source="wordnet-dutch">
         <wf lemma="als" pos="X">als</wf>
         <wf lemma="je" pos="X">je</wf>
         <wf lemma="dat" pos="X">dat</wf>
         <wf lemma="beweert" pos="X">beweert</wf>
         <wf lemma="gaan" pos="X">gaan</wf>
         <wf lemma="ze" pos="X">ze</wf>
         <wf lemma="meteen" pos="X">meteen</wf>
         <instance id="d000.s1457.t000" lemma="steigeren" pos="VERB">steigeren</instance>
         <wf lemma="." pos="X">.</wf>
      </sentence>
      <sentence id="d000.s1458" source="wordnet-dutch">
         <wf lemma="de" pos="X">de</wf>
         <wf lemma="vakbonden" pos="X">vakbonden</wf>
         <wf lemma="hebben" pos="X">hebben</wf>
         <wf lemma="zich" pos="X">zich</wf>
         <wf lemma="unaniem" pos="X">unaniem</wf>
         <wf lemma="uitgesproken" pos="X">uitgesproken</wf>
         <wf lemma="voor" pos="X">voor</wf>
         <wf lemma="een" pos="X">een</wf>
         <wf lemma="algehele" pos="X">algehele</wf>
         <instance id="d000.s1458.t000" lemma="staking" pos="NOUN">staking</instance>
         <wf lemma="in" pos="X">in</wf>
         <wf lemma="het" pos="X">het</wf>
         <wf lemma="streek" pos="X">streek</wf>
         <wf lemma="vervoer" pos="X">vervoer</wf>
         <wf lemma="." pos="X">.</wf>
      </sentence>
      <sentence id="d000.s1459" source="wordnet-dutch">
         <wf lemma="mensen" pos="X">mensen</wf>
         <wf lemma="met" pos="X">met</wf>
         <wf lemma="een" pos="X">een</wf>
         <wf lemma="verzwakt" pos="X">verzwakt</wf>
         <instance id="d000.s1459.t000" lemma="immuunsysteem" pos="NOUN">immuunsysteem</instance>
         <wf lemma="worden" pos="X">worden</wf>
         <wf lemma="sneller" pos="X">sneller</wf>
         <wf lemma="ziek" pos="X">ziek</wf>
         <wf lemma="." pos="X">.</wf>
      </sentence>
      <sentence id="d000.s1460" source="wordnet-dutch">
         <wf lemma="ze" pos="X">ze</wf>
         <wf lemma="is" pos="X">is</wf>
         <wf lemma="verkozen" pos="X">verkozen</wf>
         <wf lemma="voor" pos="X">voor</wf>
         <wf lemma="een" pos="X">een</wf>
         <instance id="d000.s1460.t000" lemma="periode" pos="NOUN">periode</instance>
         <wf lemma="van" pos="X">van</wf>
         <wf lemma="twee" pos="X">twee</wf>
         <wf lemma="jaar" pos="X">jaar</wf>
         <wf lemma="." pos="X">.</wf>
      </sentence>
      <sentence id="d000.s1461" source="wordnet-dutch">
         <wf lemma="Het" pos="X">Het</wf>
         <wf lemma="Duitse" pos="X">Duitse</wf>
         <wf lemma="Rijk" pos="X">Rijk</wf>
         <wf lemma="," pos="X">,</wf>
         <wf lemma="de" pos="X">de</wf>
         <wf lemma="losse" pos="X">losse</wf>
         <instance id="d000.s1461.t000" lemma="bond" pos="NOUN">bond</instance>
         <wf lemma="van" pos="X">van</wf>
         <wf lemma="Duitse" pos="X">Duitse</wf>
         <wf lemma="territoriale" pos="X">territoriale</wf>
         <wf lemma="staten" pos="X">staten</wf>
         <wf lemma="," pos="X">,</wf>
         <wf lemma="vond" pos="X">vond</wf>
         <wf lemma="zijn" pos="X">zijn</wf>
         <wf lemma="definitieve" pos="X">definitieve</wf>
         <wf lemma="einde" pos="X">einde</wf>
         <wf lemma="aan" pos="X">aan</wf>
         <wf lemma="het" pos="X">het</wf>
         <wf lemma="einde" pos="X">einde</wf>
         <wf lemma="van" pos="X">van</wf>
         <wf lemma="de" pos="X">de</wf>
         <wf lemma="19e" pos="X">19e</wf>
         <wf lemma="eeuw" pos="X">eeuw</wf>
         <wf lemma="." pos="X">.</wf>
      </sentence>
      <sentence id="d000.s1462" source="wordnet-dutch">
         <wf lemma="op" pos="X">op</wf>
         <wf lemma="een" pos="X">een</wf>
         <instance id="d000.s1462.t000" lemma="verhoog" pos="NOUN">verhoog</instance>
         <wf lemma="staan" pos="X">staan</wf>
         <wf lemma="." pos="X">.</wf>
      </sentence>
      <sentence id="d000.s1463" source="wordnet-dutch">
         <wf lemma="met" pos="X">met</wf>
         <wf lemma="een" pos="X">een</wf>
         <wf lemma="loonstop" pos="X">loonstop</wf>
         <wf lemma="hoopt" pos="X">hoopt</wf>
         <wf lemma="men" pos="X">men</wf>
         <wf lemma="de" pos="X">de</wf>
         <wf lemma="gierende" pos="X">gierende</wf>
         <wf lemma="inflatie" pos="X">inflatie</wf>
         <wf lemma="te" pos="X">te</wf>
         <instance id="d000.s1463.t000" lemma="dempen" pos="VERB">dempen</instance>
         <wf lemma="." pos="X">.</wf>
      </sentence>
      <sentence id="d000.s1464" source="wordnet-dutch">
         <wf lemma="de" pos="X">de</wf>
         <wf lemma="betogers" pos="X">betogers</wf>
         <instance id="d000.s1464.t000" lemma="ontrollen" pos="VERB">ontrolden</instance>
         <wf lemma="spandoeken" pos="X">spandoeken</wf>
         <wf lemma="met" pos="X">met</wf>
         <wf lemma="slogans" pos="X">slogans</wf>
         <wf lemma="." pos="X">.</wf>
      </sentence>
      <sentence id="d000.s1465" source="wordnet-dutch">
         <wf lemma="hij" pos="X">hij</wf>
         <instance id="d000.s1465.t000" lemma="lepelen" pos="VERB">lepelde</instance>
         <wf lemma="de" pos="X">de</wf>
         <wf lemma="bal" pos="X">bal</wf>
         <wf lemma="handig" pos="X">handig</wf>
         <wf lemma="over" pos="X">over</wf>
         <wf lemma="de" pos="X">de</wf>
         <wf lemma="keeper" pos="X">keeper</wf>
         <wf lemma="in" pos="X">in</wf>
         <wf lemma="doel" pos="X">doel</wf>
         <wf lemma="." pos="X">.</wf>
      </sentence>
      <sentence id="d000.s1466" source="wordnet-dutch">
         <wf lemma="de" pos="X">de</wf>
         <wf lemma="kinderen" pos="X">kinderen</wf>
         <wf lemma="spelen" pos="X">spelen</wf>
         <wf lemma="op" pos="X">op</wf>
         <wf lemma="de" pos="X">de</wf>
         <instance id="d000.s1466.t000" lemma="klinker" pos="NOUN">klinkers</instance>
         <wf lemma="." pos="X">.</wf>
      </sentence>
      <sentence id="d000.s1467" source="wordnet-dutch">
         <wf lemma="een" pos="X">een</wf>
         <wf lemma="model" pos="X">model</wf>
         <wf lemma="op" pos="X">op</wf>
         <wf lemma="ware" pos="X">ware</wf>
         <instance id="d000.s1467.t000" lemma="grootte" pos="NOUN">grootte</instance>
         <wf lemma="." pos="X">.</wf>
      </sentence>
      <sentence id="d000.s1468" source="wordnet-dutch">
         <wf lemma="Je" pos="X">Je</wf>
         <instance id="d000.s1468.t000" lemma="verraden" pos="VERB">verraadt</instance>
         <wf lemma="je" pos="X">je</wf>
         <wf lemma="bedoeling" pos="X">bedoeling</wf>
         <wf lemma="door" pos="X">door</wf>
         <wf lemma="dit" pos="X">dit</wf>
         <wf lemma="te" pos="X">te</wf>
         <wf lemma="zeggen" pos="X">zeggen</wf>
         <wf lemma="." pos="X">.</wf>
      </sentence>
      <sentence id="d000.s1469" source="wordnet-dutch">
         <wf lemma="deze" pos="X">deze</wf>
         <wf lemma="kunstenaar" pos="X">kunstenaar</wf>
         <wf lemma="laat" pos="X">laat</wf>
         <wf lemma="het" pos="X">het</wf>
         <wf lemma="ijzer" pos="X">ijzer</wf>
         <instance id="d000.s1469.t000" lemma="oxideren" pos="VERB">oxideren</instance>
         <wf lemma="vooraleer" pos="X">vooraleer</wf>
         <wf lemma="hij" pos="X">hij</wf>
         <wf lemma="er" pos="X">er</wf>
         <wf lemma="beelden" pos="X">beelden</wf>
         <wf lemma="mee" pos="X">mee</wf>
         <wf lemma="maakt" pos="X">maakt</wf>
         <wf lemma="." pos="X">.</wf>
      </sentence>
      <sentence id="d000.s1470" source="wordnet-dutch">
         <wf lemma="ook" pos="X">ook</wf>
         <wf lemma="de" pos="X">de</wf>
         <wf lemma="minister" pos="X">minister</wf>
         <wf lemma="dreigt" pos="X">dreigt</wf>
         <wf lemma="nu" pos="X">nu</wf>
         <wf lemma="over" pos="X">over</wf>
         <wf lemma="die" pos="X">die</wf>
         <wf lemma="affaire" pos="X">affaire</wf>
         <wf lemma="te" pos="X">te</wf>
         <instance id="d000.s1470.t000" lemma="struikelen" pos="VERB">struikelen</instance>
         <wf lemma="." pos="X">.</wf>
      </sentence>
      <sentence id="d000.s1471" source="wordnet-dutch">
         <wf lemma="dat" pos="X">dat</wf>
         <wf lemma="we" pos="X">we</wf>
         <wf lemma="zouden" pos="X">zouden</wf>
         <wf lemma="verliezen" pos="X">verliezen</wf>
         <wf lemma="viel" pos="X">viel</wf>
         <wf lemma="te" pos="X">te</wf>
         <instance id="d000.s1471.t000" lemma="voorspellen" pos="VERB">voorspellen</instance>
         <wf lemma="." pos="X">.</wf>
      </sentence>
      <sentence id="d000.s1472" source="wordnet-dutch">
         <wf lemma="op" pos="X">op</wf>
         <wf lemma="welke" pos="X">welke</wf>
         <instance id="d000.s1472.t000" lemma="pagina" pos="NOUN">pagina</instance>
         <wf lemma="staat" pos="X">staat</wf>
         <wf lemma="het" pos="X">het</wf>
         <wf lemma="?" pos="X">?</wf>
      </sentence>
      <sentence id="d000.s1473" source="wordnet-dutch">
         <wf lemma="zijn" pos="X">zijn</wf>
         <wf lemma="opmerking" pos="X">opmerking</wf>
         <wf lemma="heeft" pos="X">heeft</wf>
         <wf lemma="twijfels" pos="X">twijfels</wf>
         <wf lemma="doen" pos="X">doen</wf>
         <instance id="d000.s1473.t000" lemma="rijzen" pos="VERB">rijzen</instance>
         <wf lemma="." pos="X">.</wf>
      </sentence>
      <sentence id="d000.s1474" source="wordnet-dutch">
         <wf lemma="hij" pos="X">hij</wf>
         <wf lemma="is" pos="X">is</wf>
         <wf lemma="op" pos="X">op</wf>
         <wf lemma="een" pos="X">een</wf>
         <wf lemma="zaterdagnacht" pos="X">zaterdagnacht</wf>
         <wf lemma="door" pos="X">door</wf>
         <wf lemma="een" pos="X">een</wf>
         <wf lemma="straatbende" pos="X">straatbende</wf>
         <instance id="d000.s1474.t000" lemma="aftuigen" pos="VERB">afgetuigd</instance>
         <wf lemma="." pos="X">.</wf>
      </sentence>
      <sentence id="d000.s1475" source="wordnet-dutch">
         <wf lemma="aanhoudend" pos="X">aanhoudend</wf>
         <instance id="d000.s1475.t000" lemma="geweld" pos="NOUN">geweld</instance>
         <wf lemma="in" pos="X">in</wf>
         <wf lemma="Bosnië" pos="X">Bosnië</wf>
         <wf lemma="." pos="X">.</wf>
      </sentence>
      <sentence id="d000.s1476" source="wordnet-dutch">
         <wf lemma="hij" pos="X">hij</wf>
         <wf lemma="werd" pos="X">werd</wf>
         <wf lemma="door" pos="X">door</wf>
         <wf lemma="iedereen" pos="X">iedereen</wf>
         <instance id="d000.s1476.t000" lemma="respecteren" pos="VERB">gerespecteerd</instance>
         <wf lemma="als" pos="X">als</wf>
         <wf lemma="voorzitter" pos="X">voorzitter</wf>
         <wf lemma="." pos="X">.</wf>
      </sentence>
      <sentence id="d000.s1477" source="wordnet-dutch">
         <wf lemma="in" pos="X">in</wf>
         <wf lemma="1920" pos="X">1920</wf>
         <instance id="d000.s1477.t000" lemma="restaureren" pos="VERB">restaureerde</instance>
         <wf lemma="J." pos="X">J.</wf>
         <wf lemma="Hesterman" pos="X">Hesterman</wf>
         <wf lemma="het" pos="X">het</wf>
         <wf lemma="bekende" pos="X">bekende</wf>
         <wf lemma="schilderij" pos="X">schilderij</wf>
         <wf lemma="'" pos="X">'</wf>
         <wf lemma="de" pos="X">de</wf>
         <wf lemma="nachtwacht" pos="X">nachtwacht</wf>
         <wf lemma="'" pos="X">'</wf>
         <wf lemma="van" pos="X">van</wf>
         <wf lemma="Rembrandt" pos="X">Rembrandt</wf>
         <wf lemma="." pos="X">.</wf>
      </sentence>
      <sentence id="d000.s1478" source="wordnet-dutch">
         <wf lemma="het" pos="X">het</wf>
         <wf lemma="verkeer" pos="X">verkeer</wf>
         <instance id="d000.s1478.t000" lemma="ondervinden" pos="VERB">ondervond</instance>
         <wf lemma="weinig" pos="X">weinig</wf>
         <wf lemma="hinder/last" pos="X">hinder/last</wf>
         <wf lemma="van" pos="X">van</wf>
         <wf lemma="de" pos="X">de</wf>
         <wf lemma="werken" pos="X">werken</wf>
         <wf lemma="." pos="X">.</wf>
      </sentence>
      <sentence id="d000.s1479" source="wordnet-dutch">
         <wf lemma="hij" pos="X">hij</wf>
         <wf lemma="heeft" pos="X">heeft</wf>
         <wf lemma="een" pos="X">een</wf>
         <wf lemma="lekke" pos="X">lekke</wf>
         <instance id="d000.s1479.t000" lemma="band" pos="NOUN">band</instance>
         <wf lemma="." pos="X">.</wf>
      </sentence>
      <sentence id="d000.s1480" source="wordnet-dutch">
         <wf lemma="de" pos="X">de</wf>
         <wf lemma="hypothese" pos="X">hypothese</wf>
         <wf lemma="van" pos="X">van</wf>
         <wf lemma="het" pos="X">het</wf>
         <wf lemma="immer" pos="X">immer</wf>
         <wf lemma="uitdijende" pos="X">uitdijende</wf>
         <wf lemma="heelal" pos="X">heelal</wf>
         <wf lemma="is" pos="X">is</wf>
         <wf lemma="nooit" pos="X">nooit</wf>
         <instance id="d000.s1480.t000" lemma="weerleggen" pos="VERB">weerlegd</instance>
         <wf lemma="." pos="X">.</wf>
      </sentence>
      <sentence id="d000.s1481" source="wordnet-dutch">
         <wf lemma="na" pos="X">na</wf>
         <wf lemma="een" pos="X">een</wf>
         <wf lemma="tijdje" pos="X">tijdje</wf>
         <wf lemma="is" pos="X">is</wf>
         <wf lemma="hij" pos="X">hij</wf>
         <wf lemma="al" pos="X">al</wf>
         <wf lemma="onze" pos="X">onze</wf>
         <wf lemma="standpunten" pos="X">standpunten</wf>
         <wf lemma="gaan" pos="X">gaan</wf>
         <instance id="d000.s1481.t000" lemma="omhelzen" pos="VERB">omhelzen</instance>
         <wf lemma="." pos="X">.</wf>
      </sentence>
      <sentence id="d000.s1482" source="wordnet-dutch">
         <wf lemma="de" pos="X">de</wf>
         <wf lemma="aanwezige" pos="X">aanwezige</wf>
         <wf lemma="journalisten" pos="X">journalisten</wf>
         <instance id="d000.s1482.t000" lemma="overrompelen" pos="VERB">overrompelden</instance>
         <wf lemma="de" pos="X">de</wf>
         <wf lemma="minister-president" pos="X">minister-president</wf>
         <wf lemma="met" pos="X">met</wf>
         <wf lemma="vragen" pos="X">vragen</wf>
         <wf lemma="." pos="X">.</wf>
      </sentence>
      <sentence id="d000.s1483" source="wordnet-dutch">
         <wf lemma="we" pos="X">we</wf>
         <wf lemma="moeten" pos="X">moeten</wf>
         <wf lemma="zuiniger" pos="X">zuiniger</wf>
         <wf lemma="zijn" pos="X">zijn</wf>
         <wf lemma="," pos="X">,</wf>
         <wf lemma="anders" pos="X">anders</wf>
         <wf lemma="zijn" pos="X">zijn</wf>
         <wf lemma="we" pos="X">we</wf>
         <wf lemma="zo" pos="X">zo</wf>
         <wf lemma="door" pos="X">door</wf>
         <wf lemma="onze" pos="X">onze</wf>
         <instance id="d000.s1483.t000" lemma="voedselvoorraad" pos="NOUN">voedselvoorraad</instance>
         <wf lemma="heen" pos="X">heen</wf>
         <wf lemma="." pos="X">.</wf>
      </sentence>
      <sentence id="d000.s1484" source="wordnet-dutch">
         <wf lemma="haar" pos="X">haar</wf>
         <wf lemma="uitstekende" pos="X">uitstekende</wf>
         <wf lemma="kennis" pos="X">kennis</wf>
         <wf lemma="van" pos="X">van</wf>
         <wf lemma="zaken" pos="X">zaken</wf>
         <wf lemma="maakte" pos="X">maakte</wf>
         <wf lemma="een" pos="X">een</wf>
         <wf lemma="diepe" pos="X">diepe</wf>
         <instance id="d000.s1484.t000" lemma="indruk" pos="NOUN">indruk</instance>
         <wf lemma="op" pos="X">op</wf>
         <wf lemma="mij" pos="X">mij</wf>
         <wf lemma="." pos="X">.</wf>
      </sentence>
      <sentence id="d000.s1485" source="wordnet-dutch">
         <wf lemma="hij" pos="X">hij</wf>
         <wf lemma="werd" pos="X">werd</wf>
         <wf lemma="door" pos="X">door</wf>
         <wf lemma="twee" pos="X">twee</wf>
         <wf lemma="kogels" pos="X">kogels</wf>
         <wf lemma="in" pos="X">in</wf>
         <wf lemma="de" pos="X">de</wf>
         <instance id="d000.s1485.t000" lemma="flank" pos="NOUN">flank</instance>
         <wf lemma="geraakt" pos="X">geraakt</wf>
         <wf lemma="." pos="X">.</wf>
      </sentence>
      <sentence id="d000.s1486" source="wordnet-dutch">
         <wf lemma="Tijdens" pos="X">Tijdens</wf>
         <wf lemma="de" pos="X">de</wf>
         <wf lemma="Duitse" pos="X">Duitse</wf>
         <instance id="d000.s1486.t000" lemma="bezetting" pos="NOUN">bezetting</instance>
         <wf lemma="was" pos="X">was</wf>
         <wf lemma="hij" pos="X">hij</wf>
         <wf lemma="verantwoordelijk" pos="X">verantwoordelijk</wf>
         <wf lemma="voor" pos="X">voor</wf>
         <wf lemma="de" pos="X">de</wf>
         <wf lemma="deportatie" pos="X">deportatie</wf>
         <wf lemma="van" pos="X">van</wf>
         <wf lemma="duizenden" pos="X">duizenden</wf>
         <wf lemma="Joden" pos="X">Joden</wf>
         <wf lemma="." pos="X">.</wf>
      </sentence>
      <sentence id="d000.s1487" source="wordnet-dutch">
         <wf lemma="ze" pos="X">ze</wf>
         <wf lemma="zijn" pos="X">zijn</wf>
         <wf lemma="van" pos="X">van</wf>
         <wf lemma="plan" pos="X">plan</wf>
         <wf lemma="die" pos="X">die</wf>
         <wf lemma="oude" pos="X">oude</wf>
         <wf lemma="fabriek" pos="X">fabriek</wf>
         <wf lemma="te" pos="X">te</wf>
         <instance id="d000.s1487.t000" lemma="slopen" pos="VERB">slopen</instance>
         <wf lemma="." pos="X">.</wf>
      </sentence>
      <sentence id="d000.s1488" source="wordnet-dutch">
         <wf lemma="hij" pos="X">hij</wf>
         <wf lemma="wil" pos="X">wil</wf>
         <wf lemma="stoppen" pos="X">stoppen</wf>
         <wf lemma="op" pos="X">op</wf>
         <wf lemma="het" pos="X">het</wf>
         <instance id="d000.s1488.t000" lemma="hoogtepunt" pos="NOUN">hoogtepunt</instance>
         <wf lemma="van" pos="X">van</wf>
         <wf lemma="zijn" pos="X">zijn</wf>
         <wf lemma="roem" pos="X">roem</wf>
         <wf lemma="." pos="X">.</wf>
      </sentence>
      <sentence id="d000.s1489" source="wordnet-dutch">
         <wf lemma="deze" pos="X">deze</wf>
         <wf lemma="lens" pos="X">lens</wf>
         <instance id="d000.s1489.t000" lemma="vertekenen" pos="VERB">vertekent</instance>
         <wf lemma="sterk" pos="X">sterk</wf>
         <wf lemma="." pos="X">.</wf>
      </sentence>
      <sentence id="d000.s1490" source="wordnet-dutch">
         <wf lemma="zonder" pos="X">zonder</wf>
         <wf lemma="het" pos="X">het</wf>
         <instance id="d000.s1490.t000" lemma="fiat" pos="NOUN">fiat</instance>
         <wf lemma="van" pos="X">van</wf>
         <wf lemma="de" pos="X">de</wf>
         <wf lemma="ministerraad" pos="X">ministerraad</wf>
         <wf lemma="gaat" pos="X">gaat</wf>
         <wf lemma="de" pos="X">de</wf>
         <wf lemma="fusie" pos="X">fusie</wf>
         <wf lemma="niet" pos="X">niet</wf>
         <wf lemma="door" pos="X">door</wf>
         <wf lemma="." pos="X">.</wf>
      </sentence>
      <sentence id="d000.s1491" source="wordnet-dutch">
         <wf lemma="de" pos="X">de</wf>
         <wf lemma="auto" pos="X">auto</wf>
         <instance id="d000.s1491.t000" lemma="zwenken" pos="VERB">zwenkte</instance>
         <wf lemma="naar" pos="X">naar</wf>
         <wf lemma="links" pos="X">links</wf>
         <wf lemma="en" pos="X">en</wf>
         <wf lemma="belandde" pos="X">belandde</wf>
         <wf lemma="in" pos="X">in</wf>
         <wf lemma="de" pos="X">de</wf>
         <wf lemma="vangrail" pos="X">vangrail</wf>
         <wf lemma="." pos="X">.</wf>
      </sentence>
      <sentence id="d000.s1492" source="wordnet-dutch">
         <wf lemma="het" pos="X">het</wf>
         <wf lemma="nieuwe" pos="X">nieuwe</wf>
         <wf lemma="winkelcentrum" pos="X">winkelcentrum</wf>
         <instance id="d000.s1492.t000" lemma="renderen" pos="VERB">rendeert</instance>
         <wf lemma="nauwelijks" pos="X">nauwelijks</wf>
         <wf lemma="." pos="X">.</wf>
      </sentence>
      <sentence id="d000.s1493" source="wordnet-dutch">
         <wf lemma="op" pos="X">op</wf>
         <wf lemma="de" pos="X">de</wf>
         <wf lemma="Veluwe" pos="X">Veluwe</wf>
         <wf lemma="is" pos="X">is</wf>
         <wf lemma="dit" pos="X">dit</wf>
         <wf lemma="weekend" pos="X">weekend</wf>
         <wf lemma="een" pos="X">een</wf>
         <instance id="d000.s1493.t000" lemma="puzzeltocht" pos="NOUN">puzzeltocht</instance>
         <wf lemma="uitgezet" pos="X">uitgezet</wf>
         <wf lemma="." pos="X">.</wf>
      </sentence>
      <sentence id="d000.s1494" source="wordnet-dutch">
         <instance id="d000.s1494.t000" lemma="poeder" pos="NOUN">poeder</instance>
         <wf lemma="in" pos="X">in</wf>
         <wf lemma="balletjes" pos="X">balletjes</wf>
         <wf lemma="." pos="X">.</wf>
      </sentence>
      <sentence id="d000.s1495" source="wordnet-dutch">
         <wf lemma="De" pos="X">De</wf>
         <instance id="d000.s1495.t000" lemma="bewapening" pos="NOUN">bewapening</instance>
         <wf lemma="van" pos="X">van</wf>
         <wf lemma="de" pos="X">de</wf>
         <wf lemma="soldaat" pos="X">soldaat</wf>
         <wf lemma="bestond" pos="X">bestond</wf>
         <wf lemma="uit" pos="X">uit</wf>
         <wf lemma="een" pos="X">een</wf>
         <wf lemma="geweer" pos="X">geweer</wf>
         <wf lemma="met" pos="X">met</wf>
         <wf lemma="bajonet" pos="X">bajonet</wf>
         <wf lemma="." pos="X">.</wf>
      </sentence>
      <sentence id="d000.s1496" source="wordnet-dutch">
         <wf lemma="Mijn" pos="X">Mijn</wf>
         <instance id="d000.s1496.t000" lemma="filosofie" pos="NOUN">filosofie</instance>
         <wf lemma="is" pos="X">is</wf>
         <wf lemma="hard" pos="X">hard</wf>
         <wf lemma="werken" pos="X">werken</wf>
         <wf lemma="en" pos="X">en</wf>
         <wf lemma="veel" pos="X">veel</wf>
         <wf lemma="sparen" pos="X">sparen</wf>
         <wf lemma="." pos="X">.</wf>
      </sentence>
      <sentence id="d000.s1497" source="wordnet-dutch">
         <wf lemma="in" pos="X">in</wf>
         <wf lemma="de" pos="X">de</wf>
         <wf lemma="algehele" pos="X">algehele</wf>
         <instance id="d000.s1497.t000" lemma="consternatie" pos="NOUN">consternatie</instance>
         <wf lemma="wist" pos="X">wist</wf>
         <wf lemma="hij" pos="X">hij</wf>
         <wf lemma="het" pos="X">het</wf>
         <wf lemma="hoofd" pos="X">hoofd</wf>
         <wf lemma="koel" pos="X">koel</wf>
         <wf lemma="te" pos="X">te</wf>
         <wf lemma="houden" pos="X">houden</wf>
         <wf lemma="." pos="X">.</wf>
      </sentence>
      <sentence id="d000.s1498" source="wordnet-dutch">
         <wf lemma="de" pos="X">de</wf>
         <wf lemma="was" pos="X">was</wf>
         <wf lemma="hangt" pos="X">hangt</wf>
         <wf lemma="aan" pos="X">aan</wf>
         <wf lemma="het" pos="X">het</wf>
         <instance id="d000.s1498.t000" lemma="rek" pos="NOUN">rek</instance>
         <wf lemma="om" pos="X">om</wf>
         <wf lemma="te" pos="X">te</wf>
         <wf lemma="drogen" pos="X">drogen</wf>
         <wf lemma="." pos="X">.</wf>
      </sentence>
      <sentence id="d000.s1499" source="wordnet-dutch">
         <wf lemma="we" pos="X">we</wf>
         <wf lemma="gebruiken" pos="X">gebruiken</wf>
         <wf lemma="zijn" pos="X">zijn</wf>
         <wf lemma="schema" pos="X">schema</wf>
         <wf lemma="als" pos="X">als</wf>
         <instance id="d000.s1499.t000" lemma="onderlegger" pos="NOUN">onderlegger</instance>
         <wf lemma="voor" pos="X">voor</wf>
         <wf lemma="de" pos="X">de</wf>
         <wf lemma="verdere" pos="X">verdere</wf>
         <wf lemma="analyse" pos="X">analyse</wf>
         <wf lemma="van" pos="X">van</wf>
         <wf lemma="de" pos="X">de</wf>
         <wf lemma="taaldata." pos="X">taaldata.</wf>
      </sentence>
      <sentence id="d000.s1500" source="wordnet-dutch">
         <wf lemma="de" pos="X">de</wf>
         <instance id="d000.s1500.t000" lemma="betekenis" pos="NOUN">betekenis</instance>
         <wf lemma="van" pos="X">van</wf>
         <wf lemma="de" pos="X">de</wf>
         <wf lemma="bezuinigingen" pos="X">bezuinigingen</wf>
         <wf lemma="voor" pos="X">voor</wf>
         <wf lemma="de" pos="X">de</wf>
         <wf lemma="laagste" pos="X">laagste</wf>
         <wf lemma="inkomens" pos="X">inkomens</wf>
         <wf lemma="." pos="X">.</wf>
      </sentence>
      <sentence id="d000.s1501" source="wordnet-dutch">
         <wf lemma="zij" pos="X">zij</wf>
         <wf lemma="willen" pos="X">willen</wf>
         <wf lemma="de" pos="X">de</wf>
         <wf lemma="wijkbelangen" pos="X">wijkbelangen</wf>
         <wf lemma="in" pos="X">in</wf>
         <instance id="d000.s1501.t000" lemma="samenspraak" pos="NOUN">samenspraak</instance>
         <wf lemma="met" pos="X">met</wf>
         <wf lemma="de" pos="X">de</wf>
         <wf lemma="bevolking" pos="X">bevolking</wf>
         <wf lemma="behartigen" pos="X">behartigen</wf>
         <wf lemma="." pos="X">.</wf>
      </sentence>
      <sentence id="d000.s1502" source="wordnet-dutch">
         <wf lemma="de" pos="X">de</wf>
         <wf lemma="laag" pos="X">laag</wf>
         <wf lemma="overvliegende" pos="X">overvliegende</wf>
         <wf lemma="vliegtuigen" pos="X">vliegtuigen</wf>
         <wf lemma="zorgen" pos="X">zorgen</wf>
         <wf lemma="voor" pos="X">voor</wf>
         <wf lemma="een" pos="X">een</wf>
         <wf lemma="hoop" pos="X">hoop</wf>
         <instance id="d000.s1502.t000" lemma="herrie" pos="NOUN">herrie</instance>
         <wf lemma="in" pos="X">in</wf>
         <wf lemma="dit" pos="X">dit</wf>
         <wf lemma="gebied" pos="X">gebied</wf>
         <wf lemma="." pos="X">.</wf>
      </sentence>
      <sentence id="d000.s1503" source="wordnet-dutch">
         <wf lemma="de" pos="X">de</wf>
         <wf lemma="renners" pos="X">renners</wf>
         <wf lemma="bestegen" pos="X">bestegen</wf>
         <wf lemma="moeizaam" pos="X">moeizaam</wf>
         <wf lemma="de" pos="X">de</wf>
         <wf lemma="eerste" pos="X">eerste</wf>
         <instance id="d000.s1503.t000" lemma="col" pos="NOUN">col</instance>
         <wf lemma="." pos="X">.</wf>
      </sentence>
      <sentence id="d000.s1504" source="wordnet-dutch">
         <wf lemma="de" pos="X">de</wf>
         <wf lemma="fraudeur" pos="X">fraudeur</wf>
         <wf lemma="pleegt" pos="X">pleegt</wf>
         <wf lemma="inbreuk" pos="X">inbreuk</wf>
         <wf lemma="op" pos="X">op</wf>
         <wf lemma="het" pos="X">het</wf>
         <instance id="d000.s1504.t000" lemma="eigendomsrecht" pos="NOUN">eigendomsrecht</instance>
         <wf lemma="." pos="X">.</wf>
      </sentence>
      <sentence id="d000.s1505" source="wordnet-dutch">
         <wf lemma="deze" pos="X">deze</wf>
         <wf lemma="wond" pos="X">wond</wf>
         <wf lemma="is" pos="X">is</wf>
         <wf lemma="niet" pos="X">niet</wf>
         <wf lemma="goed" pos="X">goed</wf>
         <instance id="d000.s1505.t000" lemma="genezen" pos="VERB">genezen</instance>
         <wf lemma="." pos="X">.</wf>
      </sentence>
      <sentence id="d000.s1506" source="wordnet-dutch">
         <wf lemma="hun" pos="X">hun</wf>
         <wf lemma="geduld" pos="X">geduld</wf>
         <wf lemma="wordt" pos="X">wordt</wf>
         <wf lemma="zwaar" pos="X">zwaar</wf>
         <instance id="d000.s1506.t000" lemma="beproeven" pos="VERB">beproefd</instance>
         <wf lemma="." pos="X">.</wf>
      </sentence>
      <sentence id="d000.s1507" source="wordnet-dutch">
         <wf lemma="Een" pos="X">Een</wf>
         <wf lemma="samenstelling" pos="X">samenstelling</wf>
         <wf lemma="zie" pos="X">zie</wf>
         <wf lemma="je" pos="X">je</wf>
         <wf lemma="steeds" pos="X">steeds</wf>
         <wf lemma="meer" pos="X">meer</wf>
         <wf lemma="met" pos="X">met</wf>
         <wf lemma="een" pos="X">een</wf>
         <instance id="d000.s1507.t000" lemma="divisie" pos="NOUN">divisie</instance>
         <wf lemma="geschreven" pos="X">geschreven</wf>
         <wf lemma="." pos="X">.</wf>
      </sentence>
      <sentence id="d000.s1508" source="wordnet-dutch">
         <wf lemma="hij" pos="X">hij</wf>
         <instance id="d000.s1508.t000" lemma="brommen" pos="VERB">bromde</instance>
         <wf lemma="op" pos="X">op</wf>
         <wf lemma="de" pos="X">de</wf>
         <wf lemma="dienster" pos="X">dienster</wf>
         <wf lemma="," pos="X">,</wf>
         <wf lemma="omdat" pos="X">omdat</wf>
         <wf lemma="die" pos="X">die</wf>
         <wf lemma="niet" pos="X">niet</wf>
         <wf lemma="gebracht" pos="X">gebracht</wf>
         <wf lemma="heeft" pos="X">heeft</wf>
         <wf lemma="wat" pos="X">wat</wf>
         <wf lemma="hij" pos="X">hij</wf>
         <wf lemma="besteld" pos="X">besteld</wf>
         <wf lemma="had" pos="X">had</wf>
         <wf lemma="." pos="X">.</wf>
      </sentence>
      <sentence id="d000.s1509" source="wordnet-dutch">
         <wf lemma="de" pos="X">de</wf>
         <wf lemma="openbare" pos="X">openbare</wf>
         <wf lemma="aanklager" pos="X">aanklager</wf>
         <instance id="d000.s1509.t000" lemma="volharden" pos="VERB">volhardt</instance>
         <wf lemma="in" pos="X">in</wf>
         <wf lemma="zijn" pos="X">zijn</wf>
         <wf lemma="eis" pos="X">eis</wf>
         <wf lemma="." pos="X">.</wf>
      </sentence>
      <sentence id="d000.s1510" source="wordnet-dutch">
         <wf lemma="ze" pos="X">ze</wf>
         <wf lemma="had" pos="X">had</wf>
         <wf lemma="haar" pos="X">haar</wf>
         <wf lemma="stelling" pos="X">stelling</wf>
         <wf lemma="goed" pos="X">goed</wf>
         <instance id="d000.s1510.t000" lemma="onderbouwen" pos="VERB">onderbouwd</instance>
         <wf lemma="." pos="X">.</wf>
      </sentence>
      <sentence id="d000.s1511" source="wordnet-dutch">
         <wf lemma="die" pos="X">die</wf>
         <wf lemma="twee" pos="X">twee</wf>
         <wf lemma="houden" pos="X">houden</wf>
         <wf lemma="elkaar" pos="X">elkaar</wf>
         <wf lemma="in" pos="X">in</wf>
         <instance id="d000.s1511.t000" lemma="evenwicht" pos="NOUN">evenwicht</instance>
         <wf lemma="." pos="X">.</wf>
      </sentence>
      <sentence id="d000.s1512" source="wordnet-dutch">
         <wf lemma="hij" pos="X">hij</wf>
         <wf lemma="had" pos="X">had</wf>
         <wf lemma="de" pos="X">de</wf>
         <wf lemma="auto" pos="X">auto</wf>
         <instance id="d000.s1512.t000" lemma="uitlenen" pos="VERB">uitgeleend</instance>
         <wf lemma="aan" pos="X">aan</wf>
         <wf lemma="een" pos="X">een</wf>
         <wf lemma="19-jarige" pos="X">19-jarige</wf>
         <wf lemma="jongen" pos="X">jongen</wf>
         <wf lemma="uit" pos="X">uit</wf>
         <wf lemma="Zoersel" pos="X">Zoersel</wf>
         <wf lemma="." pos="X">.</wf>
      </sentence>
      <sentence id="d000.s1513" source="wordnet-dutch">
         <wf lemma="deze" pos="X">deze</wf>
         <wf lemma="automobilist" pos="X">automobilist</wf>
         <wf lemma="werd" pos="X">werd</wf>
         <wf lemma="vorige" pos="X">vorige</wf>
         <wf lemma="maand" pos="X">maand</wf>
         <instance id="d000.s1513.t000" lemma="verbaliseren" pos="VERB">geverbaliseerd</instance>
         <wf lemma="voor" pos="X">voor</wf>
         <wf lemma="een" pos="X">een</wf>
         <wf lemma="snelheidsovertreding" pos="X">snelheidsovertreding</wf>
         <wf lemma="op" pos="X">op</wf>
         <wf lemma="de" pos="X">de</wf>
         <wf lemma="N375" pos="X">N375</wf>
         <wf lemma="." pos="X">.</wf>
      </sentence>
      <sentence id="d000.s1514" source="wordnet-dutch">
         <wf lemma="hij" pos="X">hij</wf>
         <instance id="d000.s1514.t000" lemma="verlossen" pos="VERB">verloste</instance>
         <wf lemma="de" pos="X">de</wf>
         <wf lemma="haas" pos="X">haas</wf>
         <wf lemma="uit" pos="X">uit</wf>
         <wf lemma="de" pos="X">de</wf>
         <wf lemma="klem" pos="X">klem</wf>
         <wf lemma="." pos="X">.</wf>
      </sentence>
      <sentence id="d000.s1515" source="wordnet-dutch">
         <wf lemma="het" pos="X">het</wf>
         <wf lemma="onderwijs" pos="X">onderwijs</wf>
         <wf lemma="heeft" pos="X">heeft</wf>
         <wf lemma="zwaar" pos="X">zwaar</wf>
         <wf lemma="te" pos="X">te</wf>
         <instance id="d000.s1515.t000" lemma="lijden" pos="VERB">lijden</instance>
         <wf lemma="onder" pos="X">onder</wf>
         <wf lemma="de" pos="X">de</wf>
         <wf lemma="bezuinigingen" pos="X">bezuinigingen</wf>
         <wf lemma="." pos="X">.</wf>
      </sentence>
      <sentence id="d000.s1516" source="wordnet-dutch">
         <wf lemma="De" pos="X">De</wf>
         <instance id="d000.s1516.t000" lemma="inslag" pos="NOUN">inslag</instance>
         <wf lemma="van" pos="X">van</wf>
         <wf lemma="de" pos="X">de</wf>
         <wf lemma="zoom" pos="X">zoom</wf>
         <wf lemma="was" pos="X">was</wf>
         <wf lemma="te" pos="X">te</wf>
         <wf lemma="kort" pos="X">kort</wf>
         <wf lemma="en" pos="X">en</wf>
         <wf lemma="begon" pos="X">begon</wf>
         <wf lemma="te" pos="X">te</wf>
         <wf lemma="rafelen" pos="X">rafelen</wf>
         <wf lemma="." pos="X">.</wf>
      </sentence>
      <sentence id="d000.s1517" source="wordnet-dutch">
         <wf lemma="die" pos="X">die</wf>
         <wf lemma="corruptiezaak" pos="X">corruptiezaak</wf>
         <wf lemma="is" pos="X">is</wf>
         <wf lemma="een" pos="X">een</wf>
         <wf lemma="pijnlijke" pos="X">pijnlijke</wf>
         <instance id="d000.s1517.t000" lemma="affaire" pos="NOUN">affaire</instance>
         <wf lemma="voor" pos="X">voor</wf>
         <wf lemma="hem" pos="X">hem</wf>
         <wf lemma="geweest" pos="X">geweest</wf>
         <wf lemma="." pos="X">.</wf>
      </sentence>
      <sentence id="d000.s1518" source="wordnet-dutch">
         <wf lemma="het" pos="X">het</wf>
         <instance id="d000.s1518.t000" lemma="geblaf" pos="NOUN">geblaf</instance>
         <wf lemma="van" pos="X">van</wf>
         <wf lemma="de" pos="X">de</wf>
         <wf lemma="honden" pos="X">honden</wf>
         <wf lemma="was" pos="X">was</wf>
         <wf lemma="onverdraaglijk" pos="X">onverdraaglijk</wf>
         <wf lemma="." pos="X">.</wf>
      </sentence>
      <sentence id="d000.s1519" source="wordnet-dutch">
         <wf lemma="ik" pos="X">ik</wf>
         <wf lemma="zoek" pos="X">zoek</wf>
         <wf lemma="een" pos="X">een</wf>
         <wf lemma="man" pos="X">man</wf>
         <wf lemma="," pos="X">,</wf>
         <wf lemma="kinderen" pos="X">kinderen</wf>
         <wf lemma="geen" pos="X">geen</wf>
         <wf lemma="(" pos="X">(</wf>
         <wf lemma="enkel" pos="X">enkel</wf>
         <wf lemma=")" pos="X">)</wf>
         <instance id="d000.s1519.t000" lemma="bezwaar" pos="NOUN">bezwaar</instance>
         <wf lemma="." pos="X">.</wf>
      </sentence>
      <sentence id="d000.s1520" source="wordnet-dutch">
         <wf lemma="hij" pos="X">hij</wf>
         <wf lemma="heeft" pos="X">heeft</wf>
         <wf lemma="ons" pos="X">ons</wf>
         <wf lemma="zijn" pos="X">zijn</wf>
         <wf lemma="standpunten" pos="X">standpunten</wf>
         <wf lemma="in" pos="X">in</wf>
         <wf lemma="een" pos="X">een</wf>
         <wf lemma="korte" pos="X">korte</wf>
         <wf lemma="brief" pos="X">brief</wf>
         <instance id="d000.s1520.t000" lemma="uiteenzetten" pos="VERB">uiteengezet</instance>
         <wf lemma="." pos="X">.</wf>
      </sentence>
      <sentence id="d000.s1521" source="wordnet-dutch">
         <wf lemma="de" pos="X">de</wf>
         <wf lemma="slang" pos="X">slang</wf>
         <instance id="d000.s1521.t000" lemma="verzwelgen" pos="VERB">verzwolg</instance>
         <wf lemma="haar" pos="X">haar</wf>
         <wf lemma="prooi" pos="X">prooi</wf>
         <wf lemma="." pos="X">.</wf>
      </sentence>
      <sentence id="d000.s1522" source="wordnet-dutch">
         <wf lemma="je" pos="X">je</wf>
         <wf lemma="moet" pos="X">moet</wf>
         <wf lemma="niet" pos="X">niet</wf>
         <wf lemma="meteen" pos="X">meteen</wf>
         <wf lemma="al" pos="X">al</wf>
         <wf lemma="het" pos="X">het</wf>
         <wf lemma="hout" pos="X">hout</wf>
         <instance id="d000.s1522.t000" lemma="opbranden" pos="VERB">opbranden</instance>
         <wf lemma="." pos="X">.</wf>
      </sentence>
      <sentence id="d000.s1523" source="wordnet-dutch">
         <wf lemma="hij" pos="X">hij</wf>
         <wf lemma="heeft" pos="X">heeft</wf>
         <wf lemma="aan" pos="X">aan</wf>
         <wf lemma="die" pos="X">die</wf>
         <wf lemma="gebeurtenis" pos="X">gebeurtenis</wf>
         <wf lemma="een" pos="X">een</wf>
         <wf lemma="kater" pos="X">kater</wf>
         <instance id="d000.s1523.t000" lemma="overhouden" pos="VERB">overgehouden</instance>
         <wf lemma="." pos="X">.</wf>
      </sentence>
      <sentence id="d000.s1524" source="wordnet-dutch">
         <wf lemma="Wat" pos="X">Wat</wf>
         <wf lemma="rest" pos="X">rest</wf>
         <wf lemma="is" pos="X">is</wf>
         <wf lemma="de" pos="X">de</wf>
         <wf lemma="re-epistemisering" pos="X">re-epistemisering</wf>
         <wf lemma="van" pos="X">van</wf>
         <instance id="d000.s1524.t000" lemma="speculatie" pos="NOUN">speculatie</instance>
         <wf lemma="." pos="X">.</wf>
      </sentence>
      <sentence id="d000.s1525" source="wordnet-dutch">
         <wf lemma="wie" pos="X">wie</wf>
         <wf lemma="niet" pos="X">niet</wf>
         <wf lemma="bij" pos="X">bij</wf>
         <wf lemma="het" pos="X">het</wf>
         <wf lemma="concert" pos="X">concert</wf>
         <wf lemma="was" pos="X">was</wf>
         <wf lemma="kan" pos="X">kan</wf>
         <wf lemma="net" pos="X">net</wf>
         <wf lemma="zo" pos="X">zo</wf>
         <wf lemma="goed" pos="X">goed</wf>
         <wf lemma="de" pos="X">de</wf>
         <instance id="d000.s1525.t000" lemma="cd" pos="NOUN">cd</instance>
         <wf lemma="opzetten" pos="X">opzetten</wf>
         <wf lemma="." pos="X">.</wf>
      </sentence>
      <sentence id="d000.s1526" source="wordnet-dutch">
         <wf lemma="een" pos="X">een</wf>
         <wf lemma="stofwolk" pos="X">stofwolk</wf>
         <instance id="d000.s1526.t000" lemma="omhullen" pos="VERB">omhulde</instance>
         <wf lemma="de" pos="X">de</wf>
         <wf lemma="ruiters" pos="X">ruiters</wf>
         <wf lemma="." pos="X">.</wf>
      </sentence>
      <sentence id="d000.s1527" source="wordnet-dutch">
         <wf lemma="deze" pos="X">deze</wf>
         <wf lemma="crème" pos="X">crème</wf>
         <wf lemma="is" pos="X">is</wf>
         <wf lemma="vooral" pos="X">vooral</wf>
         <wf lemma="voor" pos="X">voor</wf>
         <wf lemma="de" pos="X">de</wf>
         <wf lemma="vette" pos="X">vette</wf>
         <wf lemma="of" pos="X">of</wf>
         <wf lemma="gecombineerde" pos="X">gecombineerde</wf>
         <instance id="d000.s1527.t000" lemma="huid" pos="NOUN">huid</instance>
         <wf lemma="." pos="X">.</wf>
      </sentence>
      <sentence id="d000.s1528" source="wordnet-dutch">
         <wf lemma="machines" pos="X">machines</wf>
         <wf lemma="hebben" pos="X">hebben</wf>
         <wf lemma="de" pos="X">de</wf>
         <wf lemma="taak" pos="X">taak</wf>
         <wf lemma="van" pos="X">van</wf>
         <wf lemma="handarbeiders" pos="X">handarbeiders</wf>
         <instance id="d000.s1528.t000" lemma="overnemen" pos="VERB">overgenomen</instance>
         <wf lemma="." pos="X">.</wf>
      </sentence>
      <sentence id="d000.s1529" source="wordnet-dutch">
         <wf lemma="dit" pos="X">dit</wf>
         <wf lemma="medicijn" pos="X">medicijn</wf>
         <wf lemma="zal" pos="X">zal</wf>
         <wf lemma="u" pos="X">u</wf>
         <instance id="d000.s1529.t000" lemma="toelaten" pos="VERB">toelaten</instance>
         <wf lemma="uw" pos="X">uw</wf>
         <wf lemma="energie" pos="X">energie</wf>
         <wf lemma="terug" pos="X">terug</wf>
         <wf lemma="te" pos="X">te</wf>
         <wf lemma="vinden" pos="X">vinden</wf>
         <wf lemma="." pos="X">.</wf>
      </sentence>
      <sentence id="d000.s1530" source="wordnet-dutch">
         <wf lemma="het" pos="X">het</wf>
         <wf lemma="water" pos="X">water</wf>
         <instance id="d000.s1530.t000" lemma="klotsen" pos="VERB">klotste</instance>
         <wf lemma="tegen" pos="X">tegen</wf>
         <wf lemma="de" pos="X">de</wf>
         <wf lemma="dijken" pos="X">dijken</wf>
         <wf lemma="." pos="X">.</wf>
      </sentence>
      <sentence id="d000.s1531" source="wordnet-dutch">
         <wf lemma="alle" pos="X">alle</wf>
         <wf lemma="partijen" pos="X">partijen</wf>
         <instance id="d000.s1531.t000" lemma="verharden" pos="VERB">verhardden</instance>
         <wf lemma="hun" pos="X">hun</wf>
         <wf lemma="standpunten" pos="X">standpunten</wf>
         <wf lemma="." pos="X">.</wf>
      </sentence>
      <sentence id="d000.s1532" source="wordnet-dutch">
         <wf lemma="in" pos="X">in</wf>
         <wf lemma="[" pos="X">[</wf>
         <wf lemma="zijn" pos="X">zijn</wf>
         <wf lemma="]" pos="X">]</wf>
         <instance id="d000.s1532.t000" lemma="kwaliteit" pos="NOUN">kwaliteit</instance>
         <wf lemma="van" pos="X">van</wf>
         <wf lemma="penningmeester" pos="X">penningmeester</wf>
         <wf lemma="heeft" pos="X">heeft</wf>
         <wf lemma="hij" pos="X">hij</wf>
         <wf lemma="de" pos="X">de</wf>
         <wf lemma="boekhouding" pos="X">boekhouding</wf>
         <wf lemma="gedaan" pos="X">gedaan</wf>
         <wf lemma="." pos="X">.</wf>
      </sentence>
      <sentence id="d000.s1533" source="wordnet-dutch">
         <wf lemma="haar" pos="X">haar</wf>
         <wf lemma="vriend" pos="X">vriend</wf>
         <wf lemma="heeft" pos="X">heeft</wf>
         <wf lemma="haar" pos="X">haar</wf>
         <wf lemma="al" pos="X">al</wf>
         <wf lemma="veel" pos="X">veel</wf>
         <wf lemma="leed" pos="X">leed</wf>
         <instance id="d000.s1533.t000" lemma="berokkenen" pos="VERB">berokkend</instance>
         <wf lemma="." pos="X">.</wf>
      </sentence>
      <sentence id="d000.s1534" source="wordnet-dutch">
         <wf lemma="uit" pos="X">uit</wf>
         <wf lemma="pure" pos="X">pure</wf>
         <instance id="d000.s1534.t000" lemma="verveling" pos="NOUN">verveling</instance>
         <wf lemma="ging" pos="X">ging</wf>
         <wf lemma="hij" pos="X">hij</wf>
         <wf lemma="in" pos="X">in</wf>
         <wf lemma="de" pos="X">de</wf>
         <wf lemma="tuin" pos="X">tuin</wf>
         <wf lemma="werken" pos="X">werken</wf>
         <wf lemma="." pos="X">.</wf>
      </sentence>
      <sentence id="d000.s1535" source="wordnet-dutch">
         <wf lemma="zij" pos="X">zij</wf>
         <wf lemma="laten" pos="X">laten</wf>
         <wf lemma="zich" pos="X">zich</wf>
         <wf lemma="erop" pos="X">erop</wf>
         <wf lemma="voorstaan" pos="X">voorstaan</wf>
         <wf lemma="bij" pos="X">bij</wf>
         <wf lemma="de" pos="X">de</wf>
         <instance id="d000.s1535.t000" lemma="elite" pos="NOUN">elite</instance>
         <wf lemma="te" pos="X">te</wf>
         <wf lemma="horen" pos="X">horen</wf>
         <wf lemma="." pos="X">.</wf>
      </sentence>
      <sentence id="d000.s1536" source="wordnet-dutch">
         <wf lemma="de" pos="X">de</wf>
         <wf lemma="commissie" pos="X">commissie</wf>
         <wf lemma="heeft" pos="X">heeft</wf>
         <wf lemma="beloofd" pos="X">beloofd</wf>
         <wf lemma="de" pos="X">de</wf>
         <wf lemma="zaak" pos="X">zaak</wf>
         <wf lemma="tot" pos="X">tot</wf>
         <wf lemma="op" pos="X">op</wf>
         <wf lemma="de" pos="X">de</wf>
         <wf lemma="bodem" pos="X">bodem</wf>
         <wf lemma="te" pos="X">te</wf>
         <wf lemma="zullen" pos="X">zullen</wf>
         <instance id="d000.s1536.t000" lemma="uitspitten" pos="VERB">uitspitten</instance>
         <wf lemma="." pos="X">.</wf>
      </sentence>
      <sentence id="d000.s1537" source="wordnet-dutch">
         <wf lemma="toen" pos="X">toen</wf>
         <wf lemma="de" pos="X">de</wf>
         <wf lemma="kinderen" pos="X">kinderen</wf>
         <wf lemma="de" pos="X">de</wf>
         <wf lemma="volgende" pos="X">volgende</wf>
         <wf lemma="ochtend" pos="X">ochtend</wf>
         <wf lemma="nog" pos="X">nog</wf>
         <wf lemma="niet" pos="X">niet</wf>
         <wf lemma="waren" pos="X">waren</wf>
         <wf lemma="komen" pos="X">komen</wf>
         <wf lemma="opdagen" pos="X">opdagen</wf>
         <wf lemma="," pos="X">,</wf>
         <wf lemma="werd" pos="X">werd</wf>
         <wf lemma="de" pos="X">de</wf>
         <wf lemma="politie" pos="X">politie</wf>
         <instance id="d000.s1537.t000" lemma="inschakelen" pos="VERB">ingeschakeld</instance>
         <wf lemma="." pos="X">.</wf>
      </sentence>
      <sentence id="d000.s1538" source="wordnet-dutch">
         <wf lemma="Er" pos="X">Er</wf>
         <wf lemma="zaten" pos="X">zaten</wf>
         <wf lemma="twee" pos="X">twee</wf>
         <wf lemma="rode" pos="X">rode</wf>
         <wf lemma="stroken" pos="X">stroken</wf>
         <instance id="d000.s1538.t000" lemma="atlas" pos="NOUN">atlas</instance>
         <wf lemma="verwerkt" pos="X">verwerkt</wf>
         <wf lemma="in" pos="X">in</wf>
         <wf lemma="de" pos="X">de</wf>
         <wf lemma="jurk" pos="X">jurk</wf>
         <wf lemma="." pos="X">.</wf>
      </sentence>
      <sentence id="d000.s1539" source="wordnet-dutch">
         <wf lemma="deze" pos="X">deze</wf>
         <wf lemma="website" pos="X">website</wf>
         <instance id="d000.s1539.t000" lemma="functioneren" pos="VERB">functioneert</instance>
         <wf lemma="goed" pos="X">goed</wf>
         <wf lemma="in" pos="X">in</wf>
         <wf lemma="de" pos="X">de</wf>
         <wf lemma="meeste" pos="X">meeste</wf>
         <wf lemma="moderne" pos="X">moderne</wf>
         <wf lemma="browsers" pos="X">browsers</wf>
         <wf lemma="." pos="X">.</wf>
      </sentence>
      <sentence id="d000.s1540" source="wordnet-dutch">
         <wf lemma="hij" pos="X">hij</wf>
         <wf lemma="heeft" pos="X">heeft</wf>
         <wf lemma="er" pos="X">er</wf>
         <wf lemma="de" pos="X">de</wf>
         <instance id="d000.s1540.t000" lemma="lengte" pos="NOUN">lengte</instance>
         <wf lemma="voor" pos="X">voor</wf>
         <wf lemma="." pos="X">.</wf>
      </sentence>
      <sentence id="d000.s1541" source="wordnet-dutch">
         <wf lemma="het" pos="X">het</wf>
         <wf lemma="tijdperk" pos="X">tijdperk</wf>
         <wf lemma="van" pos="X">van</wf>
         <wf lemma="de" pos="X">de</wf>
         <instance id="d000.s1541.t000" lemma="verlichting" pos="NOUN">Verlichting</instance>
         <wf lemma="." pos="X">.</wf>
      </sentence>
      <sentence id="d000.s1542" source="wordnet-dutch">
         <wf lemma="die" pos="X">die</wf>
         <wf lemma="stof" pos="X">stof</wf>
         <wf lemma="is" pos="X">is</wf>
         <wf lemma="in" pos="X">in</wf>
         <wf lemma="verschillende" pos="X">verschillende</wf>
         <instance id="d000.s1542.t000" lemma="breedte" pos="NOUN">breedten</instance>
         <wf lemma="verkrijgbaar" pos="X">verkrijgbaar</wf>
         <wf lemma="." pos="X">.</wf>
      </sentence>
      <sentence id="d000.s1543" source="wordnet-dutch">
         <wf lemma="het" pos="X">het</wf>
         <wf lemma="woordenboek" pos="X">woordenboek</wf>
         <wf lemma="is" pos="X">is</wf>
         <wf lemma="nu" pos="X">nu</wf>
         <wf lemma="ook" pos="X">ook</wf>
         <wf lemma="op" pos="X">op</wf>
         <instance id="d000.s1543.t000" lemma="cd-rom" pos="NOUN">cd-rom</instance>
         <wf lemma="verkrijgbaar" pos="X">verkrijgbaar</wf>
         <wf lemma="." pos="X">.</wf>
      </sentence>
      <sentence id="d000.s1544" source="wordnet-dutch">
         <wf lemma="die" pos="X">die</wf>
         <wf lemma="roman" pos="X">roman</wf>
         <wf lemma="is" pos="X">is</wf>
         <wf lemma="een" pos="X">een</wf>
         <wf lemma="felle" pos="X">felle</wf>
         <instance id="d000.s1544.t000" lemma="aanklacht" pos="NOUN">aanklacht</instance>
         <wf lemma="tegen" pos="X">tegen</wf>
         <wf lemma="de" pos="X">de</wf>
         <wf lemma="consumptiemaatschappij" pos="X">consumptiemaatschappij</wf>
         <wf lemma="." pos="X">.</wf>
      </sentence>
      <sentence id="d000.s1545" source="wordnet-dutch">
         <wf lemma="het" pos="X">het</wf>
         <wf lemma="skûtsjesilen" pos="X">skûtsjesilen</wf>
         <wf lemma="behoort" pos="X">behoort</wf>
         <wf lemma="tot" pos="X">tot</wf>
         <wf lemma="de" pos="X">de</wf>
         <wf lemma="Friese" pos="X">Friese</wf>
         <instance id="d000.s1545.t000" lemma="folklore" pos="NOUN">folklore</instance>
         <wf lemma="." pos="X">.</wf>
      </sentence>
      <sentence id="d000.s1546" source="wordnet-dutch">
         <wf lemma="de" pos="X">de</wf>
         <wf lemma="beide" pos="X">beide</wf>
         <wf lemma="moorden" pos="X">moorden</wf>
         <wf lemma="vertonen" pos="X">vertonen</wf>
         <wf lemma="geen" pos="X">geen</wf>
         <wf lemma="enkele" pos="X">enkele</wf>
         <instance id="d000.s1546.t000" lemma="correspondentie" pos="NOUN">correspondentie</instance>
         <wf lemma="." pos="X">.</wf>
      </sentence>
      <sentence id="d000.s1547" source="wordnet-dutch">
         <wf lemma="Het" pos="X">Het</wf>
         <wf lemma="is" pos="X">is</wf>
         <wf lemma="een" pos="X">een</wf>
         <wf lemma="hele" pos="X">hele</wf>
         <instance id="d000.s1547.t000" lemma="kwestie" pos="NOUN">kwestie</instance>
         <wf lemma="op" pos="X">op</wf>
         <wf lemma="het" pos="X">het</wf>
         <wf lemma="werk" pos="X">werk</wf>
         <wf lemma="." pos="X">.</wf>
      </sentence>
      <sentence id="d000.s1548" source="wordnet-dutch">
         <wf lemma="de" pos="X">de</wf>
         <wf lemma="resultaten" pos="X">resultaten</wf>
         <wf lemma="zijn" pos="X">zijn</wf>
         <wf lemma="flink/zwaar/sterk" pos="X">flink/zwaar/sterk</wf>
         <instance id="d000.s1548.t000" lemma="tegenvallen" pos="VERB">tegengevallen</instance>
         <wf lemma="." pos="X">.</wf>
      </sentence>
      <sentence id="d000.s1549" source="wordnet-dutch">
         <wf lemma="de" pos="X">de</wf>
         <wf lemma="Gemeente" pos="X">Gemeente</wf>
         <instance id="d000.s1549.t000" lemma="adverteren" pos="VERB">adverteert</instance>
         <wf lemma="voor" pos="X">voor</wf>
         <wf lemma="het" pos="X">het</wf>
         <wf lemma="verhuren" pos="X">verhuren</wf>
         <wf lemma="van" pos="X">van</wf>
         <wf lemma="de" pos="X">de</wf>
         <wf lemma="sporthal" pos="X">sporthal</wf>
         <wf lemma="." pos="X">.</wf>
      </sentence>
      <sentence id="d000.s1550" source="wordnet-dutch">
         <wf lemma="zijn" pos="X">zijn</wf>
         <wf lemma="zoontje" pos="X">zoontje</wf>
         <wf lemma="van" pos="X">van</wf>
         <wf lemma="vier" pos="X">vier</wf>
         <wf lemma="kan" pos="X">kan</wf>
         <wf lemma="al" pos="X">al</wf>
         <instance id="d000.s1550.t000" lemma="optellen" pos="VERB">optellen</instance>
         <wf lemma="en" pos="X">en</wf>
         <wf lemma="aftrekken" pos="X">aftrekken</wf>
         <wf lemma="." pos="X">.</wf>
      </sentence>
      <sentence id="d000.s1551" source="wordnet-dutch">
         <wf lemma="zij" pos="X">zij</wf>
         <wf lemma="werken" pos="X">werken</wf>
         <wf lemma="tegen" pos="X">tegen</wf>
         <wf lemma="een" pos="X">een</wf>
         <instance id="d000.s1551.t000" lemma="brutosalaris" pos="NOUN">brutosalaris</instance>
         <wf lemma="van" pos="X">van</wf>
         <wf lemma="48.000" pos="X">48.000</wf>
         <wf lemma="gulden" pos="X">gulden</wf>
         <wf lemma="per" pos="X">per</wf>
         <wf lemma="jaar" pos="X">jaar</wf>
         <wf lemma="." pos="X">.</wf>
      </sentence>
      <sentence id="d000.s1552" source="wordnet-dutch">
         <wf lemma="er" pos="X">er</wf>
         <wf lemma="ontstond" pos="X">ontstond</wf>
         <wf lemma="grote" pos="X">grote</wf>
         <instance id="d000.s1552.t000" lemma="hilariteit" pos="NOUN">hilariteit</instance>
         <wf lemma="toen" pos="X">toen</wf>
         <wf lemma="de" pos="X">de</wf>
         <wf lemma="spreker" pos="X">spreker</wf>
         <wf lemma="de" pos="X">de</wf>
         <wf lemma="verkeerde" pos="X">verkeerde</wf>
         <wf lemma="tekst" pos="X">tekst</wf>
         <wf lemma="voor" pos="X">voor</wf>
         <wf lemma="zich" pos="X">zich</wf>
         <wf lemma="bleek" pos="X">bleek</wf>
         <wf lemma="te" pos="X">te</wf>
         <wf lemma="hebben" pos="X">hebben</wf>
         <wf lemma="." pos="X">.</wf>
      </sentence>
      <sentence id="d000.s1553" source="wordnet-dutch">
         <wf lemma="zijn" pos="X">zijn</wf>
         <wf lemma="ongewone" pos="X">ongewone</wf>
         <wf lemma="woordkeuze" pos="X">woordkeuze</wf>
         <instance id="d000.s1553.t000" lemma="bemoeilijken" pos="VERB">bemoeilijkt</instance>
         <wf lemma="de" pos="X">de</wf>
         <wf lemma="interpretatie" pos="X">interpretatie</wf>
         <wf lemma="van" pos="X">van</wf>
         <wf lemma="zijn" pos="X">zijn</wf>
         <wf lemma="gedichten" pos="X">gedichten</wf>
         <wf lemma="." pos="X">.</wf>
      </sentence>
      <sentence id="d000.s1554" source="wordnet-dutch">
         <wf lemma="ik" pos="X">ik</wf>
         <instance id="d000.s1554.t000" lemma="vertrouwen" pos="VERB">vertrouw</instance>
         <wf lemma="erop" pos="X">erop</wf>
         <wf lemma="dat" pos="X">dat</wf>
         <wf lemma="het" pos="X">het</wf>
         <wf lemma="in" pos="X">in</wf>
         <wf lemma="orde" pos="X">orde</wf>
         <wf lemma="komt" pos="X">komt</wf>
         <wf lemma="." pos="X">.</wf>
      </sentence>
      <sentence id="d000.s1555" source="wordnet-dutch">
         <wf lemma="de" pos="X">de</wf>
         <wf lemma="man" pos="X">man</wf>
         <wf lemma="achter" pos="X">achter</wf>
         <wf lemma="het" pos="X">het</wf>
         <instance id="d000.s1555.t000" lemma="buffet" pos="NOUN">buffet</instance>
         <wf lemma="bediende" pos="X">bediende</wf>
         <wf lemma="ons" pos="X">ons</wf>
         <wf lemma="van" pos="X">van</wf>
         <wf lemma="drankjes" pos="X">drankjes</wf>
         <wf lemma="met" pos="X">met</wf>
         <wf lemma="een" pos="X">een</wf>
         <wf lemma="glimlach" pos="X">glimlach</wf>
         <wf lemma="." pos="X">.</wf>
      </sentence>
      <sentence id="d000.s1556" source="wordnet-dutch">
         <wf lemma="Iedereen" pos="X">Iedereen</wf>
         <instance id="d000.s1556.t000" lemma="weren" pos="VERB">weerde</instance>
         <wf lemma="zich" pos="X">zich</wf>
         <wf lemma="om" pos="X">om</wf>
         <wf lemma="de" pos="X">de</wf>
         <wf lemma="koning" pos="X">koning</wf>
         <wf lemma="te" pos="X">te</wf>
         <wf lemma="believen" pos="X">believen</wf>
         <wf lemma="." pos="X">.</wf>
      </sentence>
      <sentence id="d000.s1557" source="wordnet-dutch">
         <wf lemma="de" pos="X">de</wf>
         <wf lemma="nieuwe" pos="X">nieuwe</wf>
         <wf lemma="wijk" pos="X">wijk</wf>
         <wf lemma="is" pos="X">is</wf>
         <wf lemma="inmiddels" pos="X">inmiddels</wf>
         <wf lemma="al" pos="X">al</wf>
         <wf lemma="op" pos="X">op</wf>
         <wf lemma="het" pos="X">het</wf>
         <instance id="d000.s1557.t000" lemma="stroomnet" pos="NOUN">stroomnet</instance>
         <wf lemma="aangesloten" pos="X">aangesloten</wf>
         <wf lemma="." pos="X">.</wf>
      </sentence>
      <sentence id="d000.s1558" source="wordnet-dutch">
         <wf lemma="hij" pos="X">hij</wf>
         <wf lemma="trachtte" pos="X">trachtte</wf>
         <wf lemma="op" pos="X">op</wf>
         <wf lemma="alle" pos="X">alle</wf>
         <wf lemma="mogelijke" pos="X">mogelijke</wf>
         <wf lemma="manieren" pos="X">manieren</wf>
         <wf lemma="de" pos="X">de</wf>
         <wf lemma="ware" pos="X">ware</wf>
         <wf lemma="stand" pos="X">stand</wf>
         <wf lemma="van" pos="X">van</wf>
         <wf lemma="zaken" pos="X">zaken</wf>
         <wf lemma="te" pos="X">te</wf>
         <instance id="d000.s1558.t000" lemma="verbloemen" pos="VERB">verbloemen</instance>
         <wf lemma="." pos="X">.</wf>
      </sentence>
      <sentence id="d000.s1559" source="wordnet-dutch">
         <wf lemma="na" pos="X">na</wf>
         <wf lemma="zijn" pos="X">zijn</wf>
         <wf lemma="scheiding" pos="X">scheiding</wf>
         <wf lemma="is" pos="X">is</wf>
         <wf lemma="hij" pos="X">hij</wf>
         <wf lemma="weer" pos="X">weer</wf>
         <wf lemma="helemaal" pos="X">helemaal</wf>
         <wf lemma="gaan" pos="X">gaan</wf>
         <instance id="d000.s1559.t000" lemma="herleven" pos="VERB">herleven</instance>
         <wf lemma="." pos="X">.</wf>
      </sentence>
      <sentence id="d000.s1560" source="wordnet-dutch">
         <wf lemma="deze" pos="X">deze</wf>
         <wf lemma="arts" pos="X">arts</wf>
         <wf lemma="heeft" pos="X">heeft</wf>
         <wf lemma="in" pos="X">in</wf>
         <wf lemma="strijd" pos="X">strijd</wf>
         <wf lemma="met" pos="X">met</wf>
         <wf lemma="de" pos="X">de</wf>
         <wf lemma="wet" pos="X">wet</wf>
         <instance id="d000.s1560.t000" lemma="handelen" pos="VERB">gehandeld</instance>
         <wf lemma="." pos="X">.</wf>
      </sentence>
      <sentence id="d000.s1561" source="wordnet-dutch">
         <wf lemma="er" pos="X">er</wf>
         <instance id="d000.s1561.t000" lemma="ontstaan" pos="VERB">ontstond</instance>
         <wf lemma="een" pos="X">een</wf>
         <wf lemma="felle" pos="X">felle</wf>
         <wf lemma="ruzie" pos="X">ruzie</wf>
         <wf lemma="tussen" pos="X">tussen</wf>
         <wf lemma="de" pos="X">de</wf>
         <wf lemma="aanwezigen" pos="X">aanwezigen</wf>
         <wf lemma="." pos="X">.</wf>
      </sentence>
      <sentence id="d000.s1562" source="wordnet-dutch">
         <wf lemma="We" pos="X">We</wf>
         <wf lemma="spreken" pos="X">spreken</wf>
         <wf lemma="af" pos="X">af</wf>
         <wf lemma="dat" pos="X">dat</wf>
         <wf lemma="dit" pos="X">dit</wf>
         <instance id="d000.s1562.t000" lemma="teken" pos="NOUN">teken</instance>
         <wf lemma="staat" pos="X">staat</wf>
         <wf lemma="voor" pos="X">voor</wf>
         <wf lemma="gelijkheid" pos="X">gelijkheid</wf>
         <wf lemma="." pos="X">.</wf>
      </sentence>
      <sentence id="d000.s1563" source="wordnet-dutch">
         <wf lemma="zijn" pos="X">zijn</wf>
         <wf lemma="dood" pos="X">dood</wf>
         <wf lemma="kwam" pos="X">kwam</wf>
         <wf lemma="niet" pos="X">niet</wf>
         <wf lemma="als" pos="X">als</wf>
         <wf lemma="een" pos="X">een</wf>
         <instance id="d000.s1563.t000" lemma="verrassing" pos="NOUN">verrassing</instance>
         <wf lemma="." pos="X">.</wf>
      </sentence>
      <sentence id="d000.s1564" source="wordnet-dutch">
         <wf lemma="deze" pos="X">deze</wf>
         <wf lemma="koelkast" pos="X">koelkast</wf>
         <wf lemma="gebruikt" pos="X">gebruikt</wf>
         <wf lemma="veel" pos="X">veel</wf>
         <instance id="d000.s1564.t000" lemma="stroom" pos="NOUN">stroom</instance>
         <wf lemma="." pos="X">.</wf>
      </sentence>
      <sentence id="d000.s1565" source="wordnet-dutch">
         <wf lemma="De" pos="X">De</wf>
         <wf lemma="kolen" pos="X">kolen</wf>
         <wf lemma="moeten" pos="X">moeten</wf>
         <wf lemma="er" pos="X">er</wf>
         <wf lemma="met" pos="X">met</wf>
         <wf lemma="een" pos="X">een</wf>
         <instance id="d000.s1565.t000" lemma="hak" pos="NOUN">hak</instance>
         <wf lemma="uit" pos="X">uit</wf>
         <wf lemma="worden" pos="X">worden</wf>
         <wf lemma="gehaald" pos="X">gehaald</wf>
         <wf lemma="." pos="X">.</wf>
      </sentence>
      <sentence id="d000.s1566" source="wordnet-dutch">
         <wf lemma="kan" pos="X">kan</wf>
         <wf lemma="je" pos="X">je</wf>
         <wf lemma="je" pos="X">je</wf>
         <wf lemma="familienaam" pos="X">familienaam</wf>
         <wf lemma="even" pos="X">even</wf>
         <wf lemma="voor" pos="X">voor</wf>
         <wf lemma="me" pos="X">me</wf>
         <instance id="d000.s1566.t000" lemma="spellen" pos="VERB">spellen</instance>
         <wf lemma="?" pos="X">?</wf>
      </sentence>
      <sentence id="d000.s1567" source="wordnet-dutch">
         <wf lemma="de" pos="X">de</wf>
         <wf lemma="muzikant" pos="X">muzikant</wf>
         <wf lemma="werd" pos="X">werd</wf>
         <wf lemma="in" pos="X">in</wf>
         <wf lemma="dat" pos="X">dat</wf>
         <wf lemma="artikel" pos="X">artikel</wf>
         <wf lemma="ontzettend" pos="X">ontzettend</wf>
         <instance id="d000.s1567.t000" lemma="ophemelen" pos="VERB">opgehemeld</instance>
         <wf lemma="." pos="X">.</wf>
      </sentence>
      <sentence id="d000.s1568" source="wordnet-dutch">
         <wf lemma="op" pos="X">op</wf>
         <wf lemma="mijn" pos="X">mijn</wf>
         <instance id="d000.s1568.t000" lemma="raad" pos="NOUN">raad</instance>
         <wf lemma="heeft" pos="X">heeft</wf>
         <wf lemma="hij" pos="X">hij</wf>
         <wf lemma="dat" pos="X">dat</wf>
         <wf lemma="gedaan" pos="X">gedaan</wf>
         <wf lemma="." pos="X">.</wf>
      </sentence>
      <sentence id="d000.s1569" source="wordnet-dutch">
         <wf lemma="elke" pos="X">elke</wf>
         <wf lemma="nacht" pos="X">nacht</wf>
         <wf lemma="moesten" pos="X">moesten</wf>
         <wf lemma="zij" pos="X">zij</wf>
         <wf lemma="een" pos="X">een</wf>
         <instance id="d000.s1569.t000" lemma="gleuf" pos="NOUN">gleuf</instance>
         <wf lemma="in" pos="X">in</wf>
         <wf lemma="het" pos="X">het</wf>
         <wf lemma="ijs" pos="X">ijs</wf>
         <wf lemma="hakken" pos="X">hakken</wf>
         <wf lemma="opdat" pos="X">opdat</wf>
         <wf lemma="de" pos="X">de</wf>
         <wf lemma="vijand" pos="X">vijand</wf>
         <wf lemma="niet" pos="X">niet</wf>
         <wf lemma="kon" pos="X">kon</wf>
         <wf lemma="oversteken" pos="X">oversteken</wf>
         <wf lemma="." pos="X">.</wf>
      </sentence>
      <sentence id="d000.s1570" source="wordnet-dutch">
         <wf lemma="Hij" pos="X">Hij</wf>
         <instance id="d000.s1570.t000" lemma="vestigen" pos="VERB">vestigde</instance>
         <wf lemma="zich" pos="X">zich</wf>
         <wf lemma="in" pos="X">in</wf>
         <wf lemma="Amsterdam" pos="X">Amsterdam</wf>
         <wf lemma="." pos="X">.</wf>
      </sentence>
      <sentence id="d000.s1571" source="wordnet-dutch">
         <wf lemma="in" pos="X">in</wf>
         <wf lemma="het" pos="X">het</wf>
         <instance id="d000.s1571.t000" lemma="kustgebied" pos="NOUN">kustgebied</instance>
         <wf lemma="veel" pos="X">veel</wf>
         <wf lemma="regen" pos="X">regen</wf>
         <wf lemma="en" pos="X">en</wf>
         <wf lemma="harde" pos="X">harde</wf>
         <wf lemma="wind" pos="X">wind</wf>
         <wf lemma="." pos="X">.</wf>
      </sentence>
      <sentence id="d000.s1572" source="wordnet-dutch">
         <wf lemma="met" pos="X">met</wf>
         <wf lemma="oudjaar" pos="X">oudjaar</wf>
         <wf lemma="eten" pos="X">eten</wf>
         <wf lemma="we" pos="X">we</wf>
         <wf lemma="oliebollen" pos="X">oliebollen</wf>
         <wf lemma="en" pos="X">en</wf>
         <instance id="d000.s1572.t000" lemma="appelflap" pos="NOUN">appelflappen</instance>
         <wf lemma="." pos="X">.</wf>
      </sentence>
      <sentence id="d000.s1573" source="wordnet-dutch">
         <wf lemma="de" pos="X">de</wf>
         <wf lemma="psychiater" pos="X">psychiater</wf>
         <instance id="d000.s1573.t000" lemma="hypnotiseren" pos="VERB">hypnotiseerde</instance>
         <wf lemma="zijn" pos="X">zijn</wf>
         <wf lemma="patiënt" pos="X">patiënt</wf>
         <wf lemma="." pos="X">.</wf>
      </sentence>
      <sentence id="d000.s1574" source="wordnet-dutch">
         <wf lemma="Dat" pos="X">Dat</wf>
         <wf lemma="verkeersbord" pos="X">verkeersbord</wf>
         <instance id="d000.s1574.t000" lemma="betekenen" pos="VERB">betekent</instance>
         <wf lemma="dat" pos="X">dat</wf>
         <wf lemma="je" pos="X">je</wf>
         <wf lemma="moet" pos="X">moet</wf>
         <wf lemma="stoppen" pos="X">stoppen</wf>
         <wf lemma="." pos="X">.</wf>
      </sentence>
      <sentence id="d000.s1575" source="wordnet-dutch">
         <wf lemma="er" pos="X">er</wf>
         <wf lemma="bestaat" pos="X">bestaat</wf>
         <wf lemma="een" pos="X">een</wf>
         <instance id="d000.s1575.t000" lemma="misverstand" pos="NOUN">misverstand</instance>
         <wf lemma="over" pos="X">over</wf>
         <wf lemma="de" pos="X">de</wf>
         <wf lemma="uitvoering" pos="X">uitvoering</wf>
         <wf lemma="van" pos="X">van</wf>
         <wf lemma="het" pos="X">het</wf>
         <wf lemma="werk" pos="X">werk</wf>
         <wf lemma="." pos="X">.</wf>
      </sentence>
      <sentence id="d000.s1576" source="wordnet-dutch">
         <wf lemma="wat" pos="X">wat</wf>
         <wf lemma="opvalt" pos="X">opvalt</wf>
         <wf lemma="is" pos="X">is</wf>
         <wf lemma="hoe" pos="X">hoe</wf>
         <wf lemma="fraai" pos="X">fraai</wf>
         <wf lemma="het" pos="X">het</wf>
         <wf lemma="boek" pos="X">boek</wf>
         <instance id="d000.s1576.t000" lemma="componeren" pos="VERB">gecomponeerd</instance>
         <wf lemma="is" pos="X">is</wf>
         <wf lemma="." pos="X">.</wf>
      </sentence>
      <sentence id="d000.s1577" source="wordnet-dutch">
         <wf lemma="hij" pos="X">hij</wf>
         <instance id="d000.s1577.t000" lemma="balanceren" pos="VERB">balanceerde</instance>
         <wf lemma="tussen" pos="X">tussen</wf>
         <wf lemma="twee" pos="X">twee</wf>
         <wf lemma="uitersten" pos="X">uitersten</wf>
         <wf lemma="." pos="X">.</wf>
      </sentence>
      <sentence id="d000.s1578" source="wordnet-dutch">
         <wf lemma="aangezien" pos="X">aangezien</wf>
         <wf lemma="er" pos="X">er</wf>
         <wf lemma="geen" pos="X">geen</wf>
         <wf lemma="adres" pos="X">adres</wf>
         <wf lemma="van" pos="X">van</wf>
         <wf lemma="de" pos="X">de</wf>
         <wf lemma="afzender" pos="X">afzender</wf>
         <wf lemma="op" pos="X">op</wf>
         <wf lemma="de" pos="X">de</wf>
         <wf lemma="brief" pos="X">brief</wf>
         <wf lemma="stond" pos="X">stond</wf>
         <wf lemma="kon" pos="X">kon</wf>
         <wf lemma="ik" pos="X">ik</wf>
         <wf lemma="hem" pos="X">hem</wf>
         <wf lemma="ook" pos="X">ook</wf>
         <wf lemma="niet" pos="X">niet</wf>
         <instance id="d000.s1578.t000" lemma="retourneren" pos="VERB">retourneren</instance>
         <wf lemma="." pos="X">.</wf>
      </sentence>
      <sentence id="d000.s1579" source="wordnet-dutch">
         <wf lemma="het" pos="X">het</wf>
         <wf lemma="koude" pos="X">koude</wf>
         <wf lemma="water" pos="X">water</wf>
         <wf lemma="van" pos="X">van</wf>
         <wf lemma="de" pos="X">de</wf>
         <wf lemma="bergbeek" pos="X">bergbeek</wf>
         <instance id="d000.s1579.t000" lemma="stromen" pos="VERB">stroomt</instance>
         <wf lemma="snel" pos="X">snel</wf>
         <wf lemma="door" pos="X">door</wf>
         <wf lemma="de" pos="X">de</wf>
         <wf lemma="bedding" pos="X">bedding</wf>
         <wf lemma="." pos="X">.</wf>
      </sentence>
      <sentence id="d000.s1580" source="wordnet-dutch">
         <wf lemma="het" pos="X">het</wf>
         <wf lemma="is" pos="X">is</wf>
         <wf lemma="gevaarlijk" pos="X">gevaarlijk</wf>
         <wf lemma="te" pos="X">te</wf>
         <instance id="d000.s1580.t000" lemma="experimenteren" pos="VERB">experimenteren</instance>
         <wf lemma="met" pos="X">met</wf>
         <wf lemma="drugs" pos="X">drugs</wf>
         <wf lemma="." pos="X">.</wf>
      </sentence>
      <sentence id="d000.s1581" source="wordnet-dutch">
         <wf lemma="het" pos="X">het</wf>
         <wf lemma="schilderijen" pos="X">schilderijen</wf>
         <wf lemma="bevindt" pos="X">bevindt</wf>
         <wf lemma="zich" pos="X">zich</wf>
         <wf lemma="in" pos="X">in</wf>
         <instance id="d000.s1581.t000" lemma="privé-bezit" pos="NOUN">privé-bezit</instance>
         <wf lemma="." pos="X">.</wf>
      </sentence>
      <sentence id="d000.s1582" source="wordnet-dutch">
         <wf lemma="De" pos="X">De</wf>
         <wf lemma="cursus" pos="X">cursus</wf>
         <wf lemma="is" pos="X">is</wf>
         <wf lemma="verdeeld" pos="X">verdeeld</wf>
         <wf lemma="in" pos="X">in</wf>
         <instance id="d000.s1582.t000" lemma="sectie" pos="NOUN">secties</instance>
         <wf lemma="." pos="X">.</wf>
      </sentence>
      <sentence id="d000.s1583" source="wordnet-dutch">
         <wf lemma="iets" pos="X">iets</wf>
         <wf lemma="naar" pos="X">naar</wf>
         <instance id="d000.s1583.t000" lemma="waarheid" pos="NOUN">waarheid</instance>
         <wf lemma="vertellen" pos="X">vertellen</wf>
         <wf lemma="." pos="X">.</wf>
      </sentence>
      <sentence id="d000.s1584" source="wordnet-dutch">
         <wf lemma="opstellen" pos="X">opstellen</wf>
         <wf lemma="in" pos="X">in</wf>
         <instance id="d000.s1584.t000" lemma="rot" pos="NOUN">rotten</instance>
         <wf lemma="van" pos="X">van</wf>
         <wf lemma="vier" pos="X">vier</wf>
         <wf lemma="!" pos="X">!</wf>
      </sentence>
      <sentence id="d000.s1585" source="wordnet-dutch">
         <wf lemma="wat" pos="X">wat</wf>
         <wf lemma="heeft" pos="X">heeft</wf>
         <wf lemma="dat" pos="X">dat</wf>
         <wf lemma="lawaai" pos="X">lawaai</wf>
         <wf lemma="hier" pos="X">hier</wf>
         <wf lemma="te" pos="X">te</wf>
         <instance id="d000.s1585.t000" lemma="beduiden" pos="VERB">beduiden</instance>
         <wf lemma="?" pos="X">?</wf>
      </sentence>
      <sentence id="d000.s1586" source="wordnet-dutch">
         <wf lemma="deze" pos="X">deze</wf>
         <wf lemma="maatregelen" pos="X">maatregelen</wf>
         <wf lemma="had" pos="X">had</wf>
         <wf lemma="ver" pos="X">ver</wf>
         <instance id="d000.s1586.t000" lemma="strekken" pos="VERB">strekkende</instance>
         <wf lemma="gevolgen" pos="X">gevolgen</wf>
         <wf lemma="." pos="X">.</wf>
      </sentence>
      <sentence id="d000.s1587" source="wordnet-dutch">
         <wf lemma="dat" pos="X">dat</wf>
         <wf lemma="koppel" pos="X">koppel</wf>
         <wf lemma="is" pos="X">is</wf>
         <wf lemma="jong" pos="X">jong</wf>
         <instance id="d000.s1587.t000" lemma="trouwen" pos="VERB">getrouwd</instance>
         <wf lemma="." pos="X">.</wf>
      </sentence>
      <sentence id="d000.s1588" source="wordnet-dutch">
         <wf lemma="vrijwel" pos="X">vrijwel</wf>
         <wf lemma="overal" pos="X">overal</wf>
         <wf lemma="in" pos="X">in</wf>
         <wf lemma="Nederland" pos="X">Nederland</wf>
         <wf lemma="is" pos="X">is</wf>
         <wf lemma="men" pos="X">men</wf>
         <instance id="d000.s1588.t000" lemma="overgaan" pos="VERB">overgegaan</instance>
         <wf lemma="op" pos="X">op</wf>
         <wf lemma="kabeltelevisie" pos="X">kabeltelevisie</wf>
         <wf lemma="." pos="X">.</wf>
      </sentence>
      <sentence id="d000.s1589" source="wordnet-dutch">
         <wf lemma="het" pos="X">het</wf>
         <wf lemma="invullen" pos="X">invullen</wf>
         <wf lemma="van" pos="X">van</wf>
         <wf lemma="belastingformulieren" pos="X">belastingformulieren</wf>
         <wf lemma="is" pos="X">is</wf>
         <wf lemma="een" pos="X">een</wf>
         <wf lemma="hele" pos="X">hele</wf>
         <instance id="d000.s1589.t000" lemma="toer" pos="NOUN">toer</instance>
         <wf lemma="." pos="X">.</wf>
      </sentence>
      <sentence id="d000.s1590" source="wordnet-dutch">
         <wf lemma="we" pos="X">we</wf>
         <wf lemma="hoorden" pos="X">hoorden</wf>
         <instance id="d000.s1590.t000" lemma="flard" pos="NOUN">flarden</instance>
         <wf lemma="muziek" pos="X">muziek</wf>
         <wf lemma="uit" pos="X">uit</wf>
         <wf lemma="het" pos="X">het</wf>
         <wf lemma="park" pos="X">park</wf>
         <wf lemma="komen" pos="X">komen</wf>
         <wf lemma="." pos="X">.</wf>
      </sentence>
      <sentence id="d000.s1591" source="wordnet-dutch">
         <wf lemma="hij" pos="X">hij</wf>
         <wf lemma="had" pos="X">had</wf>
         <wf lemma="moeite" pos="X">moeite</wf>
         <wf lemma="om" pos="X">om</wf>
         <wf lemma="zijn" pos="X">zijn</wf>
         <wf lemma="woede" pos="X">woede</wf>
         <wf lemma="te" pos="X">te</wf>
         <instance id="d000.s1591.t000" lemma="beteugelen" pos="VERB">beteugelen</instance>
         <wf lemma="." pos="X">.</wf>
      </sentence>
      <sentence id="d000.s1592" source="wordnet-dutch">
         <wf lemma="de" pos="X">de</wf>
         <wf lemma="beambte" pos="X">beambte</wf>
         <wf lemma="vroeg" pos="X">vroeg</wf>
         <wf lemma="mijn" pos="X">mijn</wf>
         <instance id="d000.s1592.t000" lemma="paspoort" pos="NOUN">paspoort</instance>
         <wf lemma="." pos="X">.</wf>
      </sentence>
      <sentence id="d000.s1593" source="wordnet-dutch">
         <wf lemma="mijn" pos="X">mijn</wf>
         <instance id="d000.s1593.t000" lemma="paspoort" pos="NOUN">paspoort</instance>
         <wf lemma="is" pos="X">is</wf>
         <wf lemma="nog" pos="X">nog</wf>
         <wf lemma="twee" pos="X">twee</wf>
         <wf lemma="jaar" pos="X">jaar</wf>
         <wf lemma="geldig" pos="X">geldig</wf>
         <wf lemma="." pos="X">.</wf>
      </sentence>
      <sentence id="d000.s1594" source="wordnet-dutch">
         <wf lemma="voor" pos="X">voor</wf>
         <wf lemma="het" pos="X">het</wf>
         <wf lemma="aanprijzen" pos="X">aanprijzen</wf>
         <wf lemma="van" pos="X">van</wf>
         <wf lemma="zo'n" pos="X">zo'n</wf>
         <wf lemma="inferieur" pos="X">inferieur</wf>
         <wf lemma="merk" pos="X">merk</wf>
         <wf lemma="wil" pos="X">wil</wf>
         <wf lemma="ik" pos="X">ik</wf>
         <wf lemma="mijn" pos="X">mijn</wf>
         <wf lemma="naam" pos="X">naam</wf>
         <wf lemma="niet" pos="X">niet</wf>
         <instance id="d000.s1594.t000" lemma="lenen" pos="VERB">lenen</instance>
         <wf lemma="." pos="X">.</wf>
      </sentence>
      <sentence id="d000.s1595" source="wordnet-dutch">
         <wf lemma="als" pos="X">als</wf>
         <wf lemma="fractievoorzitter" pos="X">fractievoorzitter</wf>
         <wf lemma="zie" pos="X">zie</wf>
         <wf lemma="ik" pos="X">ik</wf>
         <wf lemma="uit" pos="X">uit</wf>
         <wf lemma="naar" pos="X">naar</wf>
         <wf lemma="een" pos="X">een</wf>
         <wf lemma="discussie" pos="X">discussie</wf>
         <wf lemma="waarin" pos="X">waarin</wf>
         <wf lemma="het" pos="X">het</wf>
         <instance id="d000.s1595.t000" lemma="primaat" pos="NOUN">primaat</instance>
         <wf lemma="van" pos="X">van</wf>
         <wf lemma="de" pos="X">de</wf>
         <wf lemma="politiek" pos="X">politiek</wf>
         <wf lemma="tot" pos="X">tot</wf>
         <wf lemma="zijn" pos="X">zijn</wf>
         <wf lemma="recht" pos="X">recht</wf>
         <wf lemma="komt" pos="X">komt</wf>
         <wf lemma="." pos="X">.</wf>
      </sentence>
      <sentence id="d000.s1596" source="wordnet-dutch">
         <wf lemma="hij" pos="X">hij</wf>
         <instance id="d000.s1596.t000" lemma="fluisteren" pos="VERB">fluisterde</instance>
         <wf lemma="me" pos="X">me</wf>
         <wf lemma="lieve" pos="X">lieve</wf>
         <wf lemma="woordjes" pos="X">woordjes</wf>
         <wf lemma="toe" pos="X">toe</wf>
         <wf lemma="." pos="X">.</wf>
      </sentence>
      <sentence id="d000.s1597" source="wordnet-dutch">
         <wf lemma="Ik" pos="X">Ik</wf>
         <wf lemma="luister" pos="X">luister</wf>
         <wf lemma="graag" pos="X">graag</wf>
         <wf lemma="online" pos="X">online</wf>
         <wf lemma="naar" pos="X">naar</wf>
         <wf lemma="Griekse" pos="X">Griekse</wf>
         <instance id="d000.s1597.t000" lemma="zender" pos="NOUN">zenders</instance>
         <wf lemma="." pos="X">.</wf>
      </sentence>
      <sentence id="d000.s1598" source="wordnet-dutch">
         <wf lemma="tot" pos="X">tot</wf>
         <wf lemma="aan" pos="X">aan</wf>
         <wf lemma="zijn" pos="X">zijn</wf>
         <instance id="d000.s1598.t000" lemma="pensioen" pos="NOUN">pensioen</instance>
         <wf lemma="werkte" pos="X">werkte</wf>
         <wf lemma="hij" pos="X">hij</wf>
         <wf lemma="als" pos="X">als</wf>
         <wf lemma="technicus" pos="X">technicus</wf>
         <wf lemma="op" pos="X">op</wf>
         <wf lemma="een" pos="X">een</wf>
         <wf lemma="kermis" pos="X">kermis</wf>
         <wf lemma="." pos="X">.</wf>
      </sentence>
      <sentence id="d000.s1599" source="wordnet-dutch">
         <wf lemma="de" pos="X">de</wf>
         <wf lemma="rechter" pos="X">rechter</wf>
         <wf lemma="stelde" pos="X">stelde</wf>
         <wf lemma="de" pos="X">de</wf>
         <wf lemma="man" pos="X">man</wf>
         <wf lemma="in" pos="X">in</wf>
         <wf lemma="het" pos="X">het</wf>
         <instance id="d000.s1599.t000" lemma="ongelijk" pos="NOUN">ongelijk</instance>
         <wf lemma="." pos="X">.</wf>
      </sentence>
      <sentence id="d000.s1600" source="wordnet-dutch">
         <wf lemma="Hij" pos="X">Hij</wf>
         <wf lemma="is" pos="X">is</wf>
         <wf lemma="vandaag" pos="X">vandaag</wf>
         <wf lemma="op" pos="X">op</wf>
         <wf lemma="de" pos="X">de</wf>
         <instance id="d000.s1600.t000" lemma="zaak" pos="NOUN">zaak</instance>
         <wf lemma="." pos="X">.</wf>
      </sentence>
      <sentence id="d000.s1601" source="wordnet-dutch">
         <wf lemma="iets" pos="X">iets</wf>
         <wf lemma="vernemen" pos="X">vernemen</wf>
         <wf lemma="van" pos="X">van</wf>
         <wf lemma="bevriende" pos="X">bevriende</wf>
         <instance id="d000.s1601.t000" lemma="zijde" pos="NOUN">zijde</instance>
         <wf lemma="." pos="X">.</wf>
      </sentence>
      <sentence id="d000.s1602" source="wordnet-dutch">
         <wf lemma="vanochtend" pos="X">vanochtend</wf>
         <wf lemma="lag" pos="X">lag</wf>
         <wf lemma="er" pos="X">er</wf>
         <wf lemma="al" pos="X">al</wf>
         <wf lemma="een" pos="X">een</wf>
         <instance id="d000.s1602.t000" lemma="pak" pos="NOUN">pak</instance>
         <wf lemma="sneeuw" pos="X">sneeuw</wf>
         <wf lemma="." pos="X">.</wf>
      </sentence>
      <sentence id="d000.s1603" source="wordnet-dutch">
         <wf lemma="de" pos="X">de</wf>
         <wf lemma="valhelm" pos="X">valhelm</wf>
         <instance id="d000.s1603.t000" lemma="behoeden" pos="VERB">behoedde</instance>
         <wf lemma="hem" pos="X">hem</wf>
         <wf lemma="voor" pos="X">voor</wf>
         <wf lemma="ernstigere" pos="X">ernstigere</wf>
         <wf lemma="verwondingen" pos="X">verwondingen</wf>
         <wf lemma="." pos="X">.</wf>
      </sentence>
      <sentence id="d000.s1604" source="wordnet-dutch">
         <wf lemma="voor" pos="X">voor</wf>
         <wf lemma="het" pos="X">het</wf>
         <wf lemma="Sinterklaasfeest" pos="X">Sinterklaasfeest</wf>
         <wf lemma="maken" pos="X">maken</wf>
         <wf lemma="veel" pos="X">veel</wf>
         <wf lemma="mensen" pos="X">mensen</wf>
         <instance id="d000.s1604.t000" lemma="surprise" pos="NOUN">surprises</instance>
         <wf lemma="voor" pos="X">voor</wf>
         <wf lemma="anderen" pos="X">anderen</wf>
         <wf lemma="." pos="X">.</wf>
      </sentence>
      <sentence id="d000.s1605" source="wordnet-dutch">
         <wf lemma="de" pos="X">de</wf>
         <wf lemma="parkeergarage" pos="X">parkeergarage</wf>
         <wf lemma="kan" pos="X">kan</wf>
         <wf lemma="worden" pos="X">worden</wf>
         <wf lemma="gehandhaafd" pos="X">gehandhaafd</wf>
         <wf lemma="," pos="X">,</wf>
         <wf lemma="mits" pos="X">mits</wf>
         <wf lemma="daar" pos="X">daar</wf>
         <wf lemma="wel" pos="X">wel</wf>
         <wf lemma="enige" pos="X">enige</wf>
         <wf lemma="stedenbouwkundige" pos="X">stedenbouwkundige</wf>
         <instance id="d000.s1605.t000" lemma="verfraaiing" pos="NOUN">verfraaiingen</instance>
         <wf lemma="worden" pos="X">worden</wf>
         <wf lemma="aangebracht" pos="X">aangebracht</wf>
         <wf lemma="." pos="X">.</wf>
      </sentence>
      <sentence id="d000.s1606" source="wordnet-dutch">
         <wf lemma="hij" pos="X">hij</wf>
         <wf lemma="maakte" pos="X">maakte</wf>
         <instance id="d000.s1606.t000" lemma="hands" pos="NOUN">hands</instance>
         <wf lemma="binnen" pos="X">binnen</wf>
         <wf lemma="het" pos="X">het</wf>
         <wf lemma="strafschopgebied" pos="X">strafschopgebied</wf>
         <wf lemma="." pos="X">.</wf>
      </sentence>
      <sentence id="d000.s1607" source="wordnet-dutch">
         <wf lemma="deze" pos="X">deze</wf>
         <wf lemma="machine" pos="X">machine</wf>
         <wf lemma="is" pos="X">is</wf>
         <wf lemma="uit" pos="X">uit</wf>
         <wf lemma="van" pos="X">van</wf>
         <wf lemma="hoogwaardig" pos="X">hoogwaardig</wf>
         <wf lemma="staal" pos="X">staal</wf>
         <wf lemma="vervaardigde" pos="X">vervaardigde</wf>
         <wf lemma="onderdelen" pos="X">onderdelen</wf>
         <instance id="d000.s1607.t000" lemma="samenstellen" pos="VERB">samengesteld</instance>
         <wf lemma="." pos="X">.</wf>
      </sentence>
      <sentence id="d000.s1608" source="wordnet-dutch">
         <wf lemma="ik" pos="X">ik</wf>
         <wf lemma="heb" pos="X">heb</wf>
         <wf lemma="nog" pos="X">nog</wf>
         <wf lemma="iets" pos="X">iets</wf>
         <wf lemma="met" pos="X">met</wf>
         <wf lemma="jou" pos="X">jou</wf>
         <wf lemma="te" pos="X">te</wf>
         <instance id="d000.s1608.t000" lemma="bespreken" pos="VERB">bespreken</instance>
         <wf lemma="." pos="X">.</wf>
      </sentence>
      <sentence id="d000.s1609" source="wordnet-dutch">
         <wf lemma="ik" pos="X">ik</wf>
         <wf lemma="denk" pos="X">denk</wf>
         <wf lemma="dat" pos="X">dat</wf>
         <wf lemma="ik" pos="X">ik</wf>
         <wf lemma="vanavond" pos="X">vanavond</wf>
         <instance id="d000.s1609.t000" lemma="pasta" pos="NOUN">pasta</instance>
         <wf lemma="ga" pos="X">ga</wf>
         <wf lemma="maken" pos="X">maken</wf>
         <wf lemma="." pos="X">.</wf>
      </sentence>
      <sentence id="d000.s1610" source="wordnet-dutch">
         <wf lemma="één" pos="X">één</wf>
         <wf lemma="van" pos="X">van</wf>
         <wf lemma="de" pos="X">de</wf>
         <wf lemma="gevangenen" pos="X">gevangenen</wf>
         <wf lemma="werd" pos="X">werd</wf>
         <wf lemma="zwaar" pos="X">zwaar</wf>
         <instance id="d000.s1610.t000" lemma="folteren" pos="VERB">gefolterd</instance>
         <wf lemma="." pos="X">.</wf>
      </sentence>
      <sentence id="d000.s1611" source="wordnet-dutch">
         <wf lemma="vanavond" pos="X">vanavond</wf>
         <wf lemma="kookt" pos="X">kookt</wf>
         <wf lemma="de" pos="X">de</wf>
         <instance id="d000.s1611.t000" lemma="chef-kok" pos="NOUN">chef-kok</instance>
         <wf lemma="thuis" pos="X">thuis</wf>
         <wf lemma="voor" pos="X">voor</wf>
         <wf lemma="haar" pos="X">haar</wf>
         <wf lemma="man" pos="X">man</wf>
         <wf lemma="." pos="X">.</wf>
      </sentence>
      <sentence id="d000.s1612" source="wordnet-dutch">
         <wf lemma="ze" pos="X">ze</wf>
         <wf lemma="speelden" pos="X">speelden</wf>
         <wf lemma="het" pos="X">het</wf>
         <wf lemma="beroemde" pos="X">beroemde</wf>
         <wf lemma="concerto" pos="X">concerto</wf>
         <wf lemma="voor" pos="X">voor</wf>
         <instance id="d000.s1612.t000" lemma="viool" pos="NOUN">viool</instance>
         <wf lemma="van" pos="X">van</wf>
         <wf lemma="Beethoven" pos="X">Beethoven</wf>
         <wf lemma="." pos="X">.</wf>
      </sentence>
      <sentence id="d000.s1613" source="wordnet-dutch">
         <wf lemma="de" pos="X">de</wf>
         <wf lemma="bonden" pos="X">bonden</wf>
         <wf lemma="zullen" pos="X">zullen</wf>
         <wf lemma="volgende" pos="X">volgende</wf>
         <wf lemma="week" pos="X">week</wf>
         <instance id="d000.s1613.t000" lemma="betogen" pos="VERB">betogen</instance>
         <wf lemma="in" pos="X">in</wf>
         <wf lemma="Brussel" pos="X">Brussel</wf>
         <wf lemma="." pos="X">.</wf>
      </sentence>
      <sentence id="d000.s1614" source="wordnet-dutch">
         <wf lemma="volgens" pos="X">volgens</wf>
         <wf lemma="de" pos="X">de</wf>
         <instance id="d000.s1614.t000" lemma="eis" pos="NOUN">eisen</instance>
         <wf lemma="van" pos="X">van</wf>
         <wf lemma="betamelijkheid" pos="X">betamelijkheid</wf>
         <wf lemma="dienen" pos="X">dienen</wf>
         <wf lemma="de" pos="X">de</wf>
         <wf lemma="dames" pos="X">dames</wf>
         <wf lemma="aan" pos="X">aan</wf>
         <wf lemma="tafel" pos="X">tafel</wf>
         <wf lemma="eerst" pos="X">eerst</wf>
         <wf lemma="te" pos="X">te</wf>
         <wf lemma="worden" pos="X">worden</wf>
         <wf lemma="bediend" pos="X">bediend</wf>
         <wf lemma="." pos="X">.</wf>
      </sentence>
      <sentence id="d000.s1615" source="wordnet-dutch">
         <wf lemma="de" pos="X">de</wf>
         <wf lemma="activisten" pos="X">activisten</wf>
         <wf lemma="zijn" pos="X">zijn</wf>
         <wf lemma="aan" pos="X">aan</wf>
         <wf lemma="wrede" pos="X">wrede</wf>
         <instance id="d000.s1615.t000" lemma="foltering" pos="NOUN">folteringen</instance>
         <wf lemma="onderworpen/blootgesteld" pos="X">onderworpen/blootgesteld</wf>
         <wf lemma="." pos="X">.</wf>
      </sentence>
      <sentence id="d000.s1616" source="wordnet-dutch">
         <wf lemma="de" pos="X">de</wf>
         <wf lemma="hond" pos="X">hond</wf>
         <wf lemma="kreeg" pos="X">kreeg</wf>
         <wf lemma="wekelijks" pos="X">wekelijks</wf>
         <wf lemma="een" pos="X">een</wf>
         <instance id="d000.s1616.t000" lemma="wasbeurt" pos="NOUN">wasbeurt</instance>
         <wf lemma="." pos="X">.</wf>
      </sentence>
      <sentence id="d000.s1617" source="wordnet-dutch">
         <wf lemma="pardon" pos="X">pardon</wf>
         <wf lemma="meneer" pos="X">meneer</wf>
         <wf lemma="," pos="X">,</wf>
         <instance id="d000.s1617.t000" lemma="lopen" pos="VERB">loopt</instance>
         <wf lemma="deze" pos="X">deze</wf>
         <wf lemma="weg" pos="X">weg</wf>
         <wf lemma="naar" pos="X">naar</wf>
         <wf lemma="Weesp" pos="X">Weesp</wf>
         <wf lemma="?" pos="X">?</wf>
      </sentence>
      <sentence id="d000.s1618" source="wordnet-dutch">
         <wf lemma="even" pos="X">even</wf>
         <instance id="d000.s1618.t000" lemma="checken" pos="VERB">checken</instance>
         <wf lemma="hoe" pos="X">hoe</wf>
         <wf lemma="het" pos="X">het</wf>
         <wf lemma="met" pos="X">met</wf>
         <wf lemma="mijn" pos="X">mijn</wf>
         <wf lemma="conditie" pos="X">conditie</wf>
         <wf lemma="staat" pos="X">staat</wf>
         <wf lemma="." pos="X">.</wf>
      </sentence>
      <sentence id="d000.s1619" source="wordnet-dutch">
         <wf lemma="in" pos="X">in</wf>
         <wf lemma="de" pos="X">de</wf>
         <wf lemma="loop" pos="X">loop</wf>
         <wf lemma="van" pos="X">van</wf>
         <wf lemma="de" pos="X">de</wf>
         <wf lemma="evolutie" pos="X">evolutie</wf>
         <wf lemma="is" pos="X">is</wf>
         <wf lemma="de" pos="X">de</wf>
         <wf lemma="staart" pos="X">staart</wf>
         <wf lemma="tot" pos="X">tot</wf>
         <wf lemma="een" pos="X">een</wf>
         <wf lemma="stompje" pos="X">stompje</wf>
         <instance id="d000.s1619.t000" lemma="degenereren" pos="VERB">gedegenereerd</instance>
         <wf lemma="." pos="X">.</wf>
      </sentence>
      <sentence id="d000.s1620" source="wordnet-dutch">
         <wf lemma="de" pos="X">de</wf>
         <wf lemma="soort" pos="X">soort</wf>
         <wf lemma="kan" pos="X">kan</wf>
         <wf lemma="zich" pos="X">zich</wf>
         <wf lemma="onder" pos="X">onder</wf>
         <wf lemma="gunstige" pos="X">gunstige</wf>
         <wf lemma="omstandigheden" pos="X">omstandigheden</wf>
         <wf lemma="razendsnel" pos="X">razendsnel</wf>
         <instance id="d000.s1620.t000" lemma="reproduceren" pos="VERB">reproduceren</instance>
         <wf lemma="." pos="X">.</wf>
      </sentence>
      <sentence id="d000.s1621" source="wordnet-dutch">
         <wf lemma="op" pos="X">op</wf>
         <wf lemma="Schiphol" pos="X">Schiphol</wf>
         <wf lemma="werd" pos="X">werd</wf>
         <wf lemma="een" pos="X">een</wf>
         <instance id="d000.s1621.t000" lemma="lading" pos="NOUN">lading</instance>
         <wf lemma="cocaïne" pos="X">cocaïne</wf>
         <wf lemma="onderschept" pos="X">onderschept</wf>
         <wf lemma="." pos="X">.</wf>
      </sentence>
      <sentence id="d000.s1622" source="wordnet-dutch">
         <wf lemma="de" pos="X">de</wf>
         <instance id="d000.s1622.t000" lemma="schadelijkheid" pos="NOUN">schadelijkheid</instance>
         <wf lemma="van" pos="X">van</wf>
         <wf lemma="deze" pos="X">deze</wf>
         <wf lemma="stof" pos="X">stof</wf>
         <wf lemma="voor" pos="X">voor</wf>
         <wf lemma="het" pos="X">het</wf>
         <wf lemma="milieu" pos="X">milieu</wf>
         <wf lemma="is" pos="X">is</wf>
         <wf lemma="nooit" pos="X">nooit</wf>
         <wf lemma="bewezen" pos="X">bewezen</wf>
         <wf lemma="." pos="X">.</wf>
      </sentence>
      <sentence id="d000.s1623" source="wordnet-dutch">
         <wf lemma="de" pos="X">de</wf>
         <wf lemma="kunstenaar" pos="X">kunstenaar</wf>
         <wf lemma="heeft" pos="X">heeft</wf>
         <wf lemma="uiteenlopende" pos="X">uiteenlopende</wf>
         <wf lemma="invloeden" pos="X">invloeden</wf>
         <wf lemma="tot" pos="X">tot</wf>
         <wf lemma="een" pos="X">een</wf>
         <wf lemma="heel" pos="X">heel</wf>
         <wf lemma="eigen" pos="X">eigen</wf>
         <wf lemma="stijl" pos="X">stijl</wf>
         <instance id="d000.s1623.t000" lemma="assimileren" pos="VERB">geassimileerd</instance>
         <wf lemma="." pos="X">.</wf>
      </sentence>
      <sentence id="d000.s1624" source="wordnet-dutch">
         <wf lemma="de" pos="X">de</wf>
         <wf lemma="prijs" pos="X">prijs</wf>
         <instance id="d000.s1624.t000" lemma="richten" pos="VERB">richt</instance>
         <wf lemma="zich" pos="X">zich</wf>
         <wf lemma="naar" pos="X">naar</wf>
         <wf lemma="vraag" pos="X">vraag</wf>
         <wf lemma="en" pos="X">en</wf>
         <wf lemma="aanbod" pos="X">aanbod</wf>
         <wf lemma="." pos="X">.</wf>
      </sentence>
      <sentence id="d000.s1625" source="wordnet-dutch">
         <wf lemma="ik" pos="X">ik</wf>
         <wf lemma="ga" pos="X">ga</wf>
         <wf lemma="eens" pos="X">eens</wf>
         <wf lemma="lekker" pos="X">lekker</wf>
         <wf lemma="een" pos="X">een</wf>
         <wf lemma="middagje" pos="X">middagje</wf>
         <wf lemma="aan" pos="X">aan</wf>
         <wf lemma="mijn" pos="X">mijn</wf>
         <wf lemma="bromfiets" pos="X">bromfiets</wf>
         <instance id="d000.s1625.t000" lemma="kloten" pos="VERB">kloten</instance>
         <wf lemma="." pos="X">.</wf>
      </sentence>
      <sentence id="d000.s1626" source="wordnet-dutch">
         <wf lemma="tot" pos="X">tot</wf>
         <wf lemma="nu" pos="X">nu</wf>
         <wf lemma="toe" pos="X">toe</wf>
         <instance id="d000.s1626.t000" lemma="verlopen" pos="VERB">verliep</instance>
         <wf lemma="het" pos="X">het</wf>
         <wf lemma="festival" pos="X">festival</wf>
         <wf lemma="vlekkeloos" pos="X">vlekkeloos</wf>
         <wf lemma="." pos="X">.</wf>
      </sentence>
      <sentence id="d000.s1627" source="wordnet-dutch">
         <wf lemma="die" pos="X">die</wf>
         <wf lemma="mensen" pos="X">mensen</wf>
         <wf lemma="wonen" pos="X">wonen</wf>
         <wf lemma="in" pos="X">in</wf>
         <instance id="d000.s1627.t000" lemma="hut" pos="NOUN">hutten</instance>
         <wf lemma="." pos="X">.</wf>
      </sentence>
      <sentence id="d000.s1628" source="wordnet-dutch">
         <wf lemma="het" pos="X">het</wf>
         <wf lemma="naambordje" pos="X">naambordje</wf>
         <wf lemma="met" pos="X">met</wf>
         <wf lemma="'" pos="X">'</wf>
         <wf lemma="Yukselplein" pos="X">Yukselplein</wf>
         <wf lemma="'" pos="X">'</wf>
         <wf lemma="bleef" pos="X">bleef</wf>
         <wf lemma="als" pos="X">als</wf>
         <wf lemma="stil" pos="X">stil</wf>
         <instance id="d000.s1628.t000" lemma="protest" pos="NOUN">protest</instance>
         <wf lemma="achter" pos="X">achter</wf>
         <wf lemma="." pos="X">.</wf>
      </sentence>
      <sentence id="d000.s1629" source="wordnet-dutch">
         <wf lemma="Groen" pos="X">Groen</wf>
         <wf lemma="Links" pos="X">Links</wf>
         <wf lemma="wil" pos="X">wil</wf>
         <wf lemma="," pos="X">,</wf>
         <wf lemma="in" pos="X">in</wf>
         <wf lemma="overleg" pos="X">overleg</wf>
         <wf lemma="met" pos="X">met</wf>
         <wf lemma="de" pos="X">de</wf>
         <wf lemma="sociale" pos="X">sociale</wf>
         <instance id="d000.s1629.t000" lemma="partner" pos="NOUN">partners</instance>
         <wf lemma="," pos="X">,</wf>
         <wf lemma="een" pos="X">een</wf>
         <wf lemma="32-urige" pos="X">32-urige</wf>
         <wf lemma="werkweek" pos="X">werkweek</wf>
         <wf lemma="invoeren" pos="X">invoeren</wf>
         <wf lemma="." pos="X">.</wf>
      </sentence>
      <sentence id="d000.s1630" source="wordnet-dutch">
         <wf lemma="dit" pos="X">dit</wf>
         <wf lemma="jaar" pos="X">jaar</wf>
         <wf lemma="willen" pos="X">willen</wf>
         <wf lemma="we" pos="X">we</wf>
         <wf lemma="in" pos="X">in</wf>
         <wf lemma="ons" pos="X">ons</wf>
         <wf lemma="theater" pos="X">theater</wf>
         <wf lemma="een" pos="X">een</wf>
         <wf lemma="aantal" pos="X">aantal</wf>
         <wf lemma="kleinere" pos="X">kleinere</wf>
         <wf lemma="shows" pos="X">shows</wf>
         <instance id="d000.s1630.t000" lemma="brengen" pos="VERB">brengen</instance>
         <wf lemma="." pos="X">.</wf>
      </sentence>
      <sentence id="d000.s1631" source="wordnet-dutch">
         <wf lemma="dit" pos="X">dit</wf>
         <wf lemma="schilderij" pos="X">schilderij</wf>
         <wf lemma="is" pos="X">is</wf>
         <wf lemma="een" pos="X">een</wf>
         <wf lemma="goede" pos="X">goede</wf>
         <instance id="d000.s1631.t000" lemma="vervalsing" pos="NOUN">vervalsing</instance>
         <wf lemma="." pos="X">.</wf>
      </sentence>
      <sentence id="d000.s1632" source="wordnet-dutch">
         <wf lemma="je" pos="X">je</wf>
         <wf lemma="moet" pos="X">moet</wf>
         <wf lemma="die" pos="X">die</wf>
         <wf lemma="triolen" pos="X">triolen</wf>
         <wf lemma="nog" pos="X">nog</wf>
         <wf lemma="beter" pos="X">beter</wf>
         <instance id="d000.s1632.t000" lemma="binden" pos="VERB">binden</instance>
         <wf lemma="." pos="X">.</wf>
      </sentence>
      <sentence id="d000.s1633" source="wordnet-dutch">
         <wf lemma="de" pos="X">de</wf>
         <wf lemma="auto's" pos="X">auto's</wf>
         <wf lemma="stonden" pos="X">stonden</wf>
         <instance id="d000.s1633.t000" lemma="bumper" pos="NOUN">bumper</instance>
         <wf lemma="aan" pos="X">aan</wf>
         <wf lemma="bumper" pos="X">bumper</wf>
         <wf lemma="opgesteld" pos="X">opgesteld</wf>
         <wf lemma="langs" pos="X">langs</wf>
         <wf lemma="de" pos="X">de</wf>
         <wf lemma="kant" pos="X">kant</wf>
         <wf lemma="van" pos="X">van</wf>
         <wf lemma="de" pos="X">de</wf>
         <wf lemma="weg" pos="X">weg</wf>
         <wf lemma="." pos="X">.</wf>
      </sentence>
      <sentence id="d000.s1634" source="wordnet-dutch">
         <wf lemma="de" pos="X">de</wf>
         <wf lemma="houten" pos="X">houten</wf>
         <wf lemma="constructie" pos="X">constructie</wf>
         <wf lemma="werd" pos="X">werd</wf>
         <wf lemma="met" pos="X">met</wf>
         <instance id="d000.s1634.t000" lemma="schoor" pos="NOUN">schoren</instance>
         <wf lemma="geschraagd" pos="X">geschraagd</wf>
         <wf lemma="." pos="X">.</wf>
      </sentence>
      <sentence id="d000.s1635" source="wordnet-dutch">
         <wf lemma="hij" pos="X">hij</wf>
         <instance id="d000.s1635.t000" lemma="insinueren" pos="VERB">insinueerde</instance>
         <wf lemma="op" pos="X">op</wf>
         <wf lemma="voorzichtige" pos="X">voorzichtige</wf>
         <wf lemma="wijze" pos="X">wijze</wf>
         <wf lemma="dat" pos="X">dat</wf>
         <wf lemma="de" pos="X">de</wf>
         <wf lemma="partijvoorzitter" pos="X">partijvoorzitter</wf>
         <wf lemma="bij" pos="X">bij</wf>
         <wf lemma="deze" pos="X">deze</wf>
         <wf lemma="duistere" pos="X">duistere</wf>
         <wf lemma="zaak" pos="X">zaak</wf>
         <wf lemma="betrokken" pos="X">betrokken</wf>
         <wf lemma="is" pos="X">is</wf>
         <wf lemma="." pos="X">.</wf>
      </sentence>
      <sentence id="d000.s1636" source="wordnet-dutch">
         <wf lemma="een" pos="X">een</wf>
         <wf lemma="groeiende" pos="X">groeiende</wf>
         <wf lemma="leegstand" pos="X">leegstand</wf>
         <wf lemma="van" pos="X">van</wf>
         <instance id="d000.s1636.t000" lemma="bedrijfspand" pos="NOUN">bedrijfspanden</instance>
         <wf lemma="." pos="X">.</wf>
      </sentence>
      <sentence id="d000.s1637" source="wordnet-dutch">
         <wf lemma="uit" pos="X">uit</wf>
         <instance id="d000.s1637.t000" lemma="solidariteit" pos="NOUN">solidariteit</instance>
         <wf lemma="met" pos="X">met</wf>
         <wf lemma="haar" pos="X">haar</wf>
         <wf lemma="zijn" pos="X">zijn</wf>
         <wf lemma="we" pos="X">we</wf>
         <wf lemma="niet" pos="X">niet</wf>
         <wf lemma="uitgegaan" pos="X">uitgegaan</wf>
         <wf lemma="." pos="X">.</wf>
      </sentence>
      <sentence id="d000.s1638" source="wordnet-dutch">
         <wf lemma="die" pos="X">die</wf>
         <wf lemma="film" pos="X">film</wf>
         <wf lemma="gaat" pos="X">gaat</wf>
         <wf lemma="morgen" pos="X">morgen</wf>
         <wf lemma="in" pos="X">in</wf>
         <instance id="d000.s1638.t000" lemma="roulatie" pos="NOUN">roulatie</instance>
         <wf lemma="." pos="X">.</wf>
      </sentence>
      <sentence id="d000.s1639" source="wordnet-dutch">
         <wf lemma="zijn" pos="X">zijn</wf>
         <wf lemma="toespraak" pos="X">toespraak</wf>
         <instance id="d000.s1639.t000" lemma="culmineren" pos="VERB">culmineerde</instance>
         <wf lemma="in" pos="X">in</wf>
         <wf lemma="een" pos="X">een</wf>
         <wf lemma="loflied" pos="X">loflied</wf>
         <wf lemma="op" pos="X">op</wf>
         <wf lemma="zichzelf" pos="X">zichzelf</wf>
         <wf lemma="." pos="X">.</wf>
      </sentence>
      <sentence id="d000.s1640" source="wordnet-dutch">
         <wf lemma="ik" pos="X">ik</wf>
         <instance id="d000.s1640.t000" lemma="lezen" pos="VERB">las</instance>
         <wf lemma="vanmorgen" pos="X">vanmorgen</wf>
         <wf lemma="in" pos="X">in</wf>
         <wf lemma="de" pos="X">de</wf>
         <wf lemma="krant" pos="X">krant</wf>
         <wf lemma="dat" pos="X">dat</wf>
         <wf lemma="veel" pos="X">veel</wf>
         <wf lemma="mensen" pos="X">mensen</wf>
         <wf lemma="weinig" pos="X">weinig</wf>
         <wf lemma="slapen" pos="X">slapen</wf>
         <wf lemma="." pos="X">.</wf>
      </sentence>
      <sentence id="d000.s1641" source="wordnet-dutch">
         <wf lemma="de" pos="X">de</wf>
         <wf lemma="kleuter" pos="X">kleuter</wf>
         <instance id="d000.s1641.t000" lemma="schieten" pos="VERB">schoot</instance>
         <wf lemma="naar" pos="X">naar</wf>
         <wf lemma="z'n" pos="X">z'n</wf>
         <wf lemma="moeder" pos="X">moeder</wf>
         <wf lemma="," pos="X">,</wf>
         <wf lemma="toen" pos="X">toen</wf>
         <wf lemma="hij" pos="X">hij</wf>
         <wf lemma="de" pos="X">de</wf>
         <wf lemma="school" pos="X">school</wf>
         <wf lemma="uitkwam" pos="X">uitkwam</wf>
         <wf lemma="." pos="X">.</wf>
      </sentence>
      <sentence id="d000.s1642" source="wordnet-dutch">
         <wf lemma="onder" pos="X">onder</wf>
         <wf lemma="voortdurend" pos="X">voortdurend</wf>
         <wf lemma="gefluit" pos="X">gefluit</wf>
         <wf lemma="werd" pos="X">werd</wf>
         <wf lemma="de" pos="X">de</wf>
         <wf lemma="thuisclub" pos="X">thuisclub</wf>
         <wf lemma="compleet" pos="X">compleet</wf>
         <instance id="d000.s1642.t000" lemma="wegvagen" pos="VERB">weggevaagd</instance>
         <wf lemma="." pos="X">.</wf>
      </sentence>
      <sentence id="d000.s1643" source="wordnet-dutch">
         <wf lemma="nu" pos="X">nu</wf>
         <wf lemma="moeten" pos="X">moeten</wf>
         <wf lemma="we" pos="X">we</wf>
         <wf lemma="zien" pos="X">zien</wf>
         <wf lemma="te" pos="X">te</wf>
         <instance id="d000.s1643.t000" lemma="vermijden" pos="VERB">vermijden</instance>
         <wf lemma="dat" pos="X">dat</wf>
         <wf lemma="alles" pos="X">alles</wf>
         <wf lemma="teveel" pos="X">teveel</wf>
         <wf lemma="uitloopt" pos="X">uitloopt</wf>
         <wf lemma="in" pos="X">in</wf>
         <wf lemma="de" pos="X">de</wf>
         <wf lemma="tijd" pos="X">tijd</wf>
         <wf lemma="." pos="X">.</wf>
      </sentence>
      <sentence id="d000.s1644" source="wordnet-dutch">
         <wf lemma="De" pos="X">De</wf>
         <instance id="d000.s1644.t000" lemma="rug" pos="NOUN">rug</instance>
         <wf lemma="van" pos="X">van</wf>
         <wf lemma="de" pos="X">de</wf>
         <wf lemma="jas" pos="X">jas</wf>
         <wf lemma="is" pos="X">is</wf>
         <wf lemma="versleten" pos="X">versleten</wf>
         <wf lemma="." pos="X">.</wf>
      </sentence>
      <sentence id="d000.s1645" source="wordnet-dutch">
         <wf lemma="veel" pos="X">veel</wf>
         <wf lemma="mensen" pos="X">mensen</wf>
         <wf lemma="leden" pos="X">leden</wf>
         <wf lemma="grote" pos="X">grote</wf>
         <instance id="d000.s1645.t000" lemma="armoede" pos="NOUN">armoede</instance>
         <wf lemma="in" pos="X">in</wf>
         <wf lemma="die" pos="X">die</wf>
         <wf lemma="tijd" pos="X">tijd</wf>
         <wf lemma="." pos="X">.</wf>
      </sentence>
      <sentence id="d000.s1646" source="wordnet-dutch">
         <wf lemma="de" pos="X">de</wf>
         <wf lemma="politie" pos="X">politie</wf>
         <instance id="d000.s1646.t000" lemma="ontruimen" pos="VERB">ontruimde</instance>
         <wf lemma="het" pos="X">het</wf>
         <wf lemma="gekraakte" pos="X">gekraakte</wf>
         <wf lemma="pand" pos="X">pand</wf>
         <wf lemma="en" pos="X">en</wf>
         <wf lemma="arresteerde" pos="X">arresteerde</wf>
         <wf lemma="de" pos="X">de</wf>
         <wf lemma="bezetters" pos="X">bezetters</wf>
         <wf lemma="." pos="X">.</wf>
      </sentence>
      <sentence id="d000.s1647" source="wordnet-dutch">
         <wf lemma="na" pos="X">na</wf>
         <instance id="d000.s1647.t000" lemma="bestudering" pos="NOUN">bestudering</instance>
         <wf lemma="van" pos="X">van</wf>
         <wf lemma="de" pos="X">de</wf>
         <wf lemma="zaak" pos="X">zaak</wf>
         <wf lemma="heb" pos="X">heb</wf>
         <wf lemma="ik" pos="X">ik</wf>
         <wf lemma="de" pos="X">de</wf>
         <wf lemma="volgende" pos="X">volgende</wf>
         <wf lemma="conclusie" pos="X">conclusie</wf>
         <wf lemma="getrokken" pos="X">getrokken</wf>
         <wf lemma="." pos="X">.</wf>
      </sentence>
      <sentence id="d000.s1648" source="wordnet-dutch">
         <wf lemma="zijn" pos="X">zijn</wf>
         <wf lemma="hemd" pos="X">hemd</wf>
         <instance id="d000.s1648.t000" lemma="plakken" pos="VERB">plakt</instance>
         <wf lemma="aan" pos="X">aan</wf>
         <wf lemma="zijn" pos="X">zijn</wf>
         <wf lemma="lijf" pos="X">lijf</wf>
         <wf lemma="." pos="X">.</wf>
      </sentence>
      <sentence id="d000.s1649" source="wordnet-dutch">
         <wf lemma="staat" pos="X">staat</wf>
         <wf lemma="die" pos="X">die</wf>
         <wf lemma="muziek" pos="X">muziek</wf>
         <wf lemma="al" pos="X">al</wf>
         <wf lemma="op" pos="X">op</wf>
         <instance id="d000.s1649.t000" lemma="tape" pos="NOUN">tape</instance>
         <wf lemma="?" pos="X">?</wf>
      </sentence>
      <sentence id="d000.s1650" source="wordnet-dutch">
         <wf lemma="zij" pos="X">zij</wf>
         <wf lemma="vervulde" pos="X">vervulde</wf>
         <wf lemma="de" pos="X">de</wf>
         <instance id="d000.s1650.t000" lemma="rol" pos="NOUN">rol</instance>
         <wf lemma="van" pos="X">van</wf>
         <wf lemma="moeder" pos="X">moeder</wf>
         <wf lemma="in" pos="X">in</wf>
         <wf lemma="het" pos="X">het</wf>
         <wf lemma="gezin" pos="X">gezin</wf>
         <wf lemma="." pos="X">.</wf>
      </sentence>
      <sentence id="d000.s1651" source="wordnet-dutch">
         <wf lemma="men" pos="X">men</wf>
         <wf lemma="probeert" pos="X">probeert</wf>
         <wf lemma="de" pos="X">de</wf>
         <wf lemma="kiezers" pos="X">kiezers</wf>
         <wf lemma="met" pos="X">met</wf>
         <wf lemma="allerlei" pos="X">allerlei</wf>
         <wf lemma="reclameboodschappen" pos="X">reclameboodschappen</wf>
         <wf lemma="te" pos="X">te</wf>
         <instance id="d000.s1651.t000" lemma="bewerken" pos="VERB">bewerken</instance>
         <wf lemma="." pos="X">.</wf>
      </sentence>
      <sentence id="d000.s1652" source="wordnet-dutch">
         <wf lemma="in" pos="X">in</wf>
         <wf lemma="Engeland" pos="X">Engeland</wf>
         <wf lemma="wordt" pos="X">wordt</wf>
         <wf lemma="weer" pos="X">weer</wf>
         <wf lemma="gediscussieerd" pos="X">gediscussieerd</wf>
         <wf lemma="over" pos="X">over</wf>
         <wf lemma="de" pos="X">de</wf>
         <instance id="d000.s1652.t000" lemma="herinvoering" pos="NOUN">herinvoering</instance>
         <wf lemma="van" pos="X">van</wf>
         <wf lemma="de" pos="X">de</wf>
         <wf lemma="doodstraf" pos="X">doodstraf</wf>
         <wf lemma="." pos="X">.</wf>
      </sentence>
      <sentence id="d000.s1653" source="wordnet-dutch">
         <wf lemma="die" pos="X">die</wf>
         <wf lemma="maatregel" pos="X">maatregel</wf>
         <wf lemma="heeft" pos="X">heeft</wf>
         <wf lemma="ook" pos="X">ook</wf>
         <wf lemma="niet" pos="X">niet</wf>
         <wf lemma="veel" pos="X">veel</wf>
         <instance id="d000.s1653.t000" lemma="uithalen" pos="VERB">uitgehaald</instance>
         <wf lemma="." pos="X">.</wf>
      </sentence>
      <sentence id="d000.s1654" source="wordnet-dutch">
         <wf lemma="de" pos="X">de</wf>
         <wf lemma="deur" pos="X">deur</wf>
         <wf lemma="staat" pos="X">staat</wf>
         <wf lemma="op" pos="X">op</wf>
         <wf lemma="een" pos="X">een</wf>
         <instance id="d000.s1654.t000" lemma="kier" pos="NOUN">kier</instance>
         <wf lemma="." pos="X">.</wf>
      </sentence>
      <sentence id="d000.s1655" source="wordnet-dutch">
         <wf lemma="dat" pos="X">dat</wf>
         <wf lemma="kan" pos="X">kan</wf>
         <wf lemma="me" pos="X">me</wf>
         <wf lemma="geen" pos="X">geen</wf>
         <wf lemma="bal" pos="X">bal</wf>
         <instance id="d000.s1655.t000" lemma="schelen" pos="VERB">schelen</instance>
         <wf lemma="." pos="X">.</wf>
      </sentence>
      <sentence id="d000.s1656" source="wordnet-dutch">
         <wf lemma="haar" pos="X">haar</wf>
         <wf lemma="invloed" pos="X">invloed</wf>
         <instance id="d000.s1656.t000" lemma="strekken" pos="VERB">strekt</instance>
         <wf lemma="ver." pos="X">ver.</wf>
      </sentence>
      <sentence id="d000.s1657" source="wordnet-dutch">
         <wf lemma="aan" pos="X">aan</wf>
         <wf lemma="een" pos="X">een</wf>
         <instance id="d000.s1657.t000" lemma="parachute" pos="NOUN">parachute</instance>
         <wf lemma="kwam" pos="X">kwam</wf>
         <wf lemma="hij" pos="X">hij</wf>
         <wf lemma="veilig" pos="X">veilig</wf>
         <wf lemma="weer" pos="X">weer</wf>
         <wf lemma="op" pos="X">op</wf>
         <wf lemma="de" pos="X">de</wf>
         <wf lemma="grond" pos="X">grond</wf>
         <wf lemma="." pos="X">.</wf>
      </sentence>
      <sentence id="d000.s1658" source="wordnet-dutch">
         <wf lemma="er" pos="X">er</wf>
         <wf lemma="was" pos="X">was</wf>
         <wf lemma="maar" pos="X">maar</wf>
         <wf lemma="weinig" pos="X">weinig</wf>
         <instance id="d000.s1658.t000" lemma="animo" pos="NOUN">animo</instance>
         <wf lemma="voor" pos="X">voor</wf>
         <wf lemma="de" pos="X">de</wf>
         <wf lemma="excursie" pos="X">excursie</wf>
         <wf lemma="." pos="X">.</wf>
      </sentence>
      <sentence id="d000.s1659" source="wordnet-dutch">
         <wf lemma="dat" pos="X">dat</wf>
         <wf lemma="apparaat" pos="X">apparaat</wf>
         <instance id="d000.s1659.t000" lemma="verbruiken" pos="VERB">verbruikt</instance>
         <wf lemma="bijzonder" pos="X">bijzonder</wf>
         <wf lemma="veel" pos="X">veel</wf>
         <wf lemma="stroom" pos="X">stroom</wf>
         <wf lemma="." pos="X">.</wf>
      </sentence>
      <sentence id="d000.s1660" source="wordnet-dutch">
         <wf lemma="zij" pos="X">zij</wf>
         <wf lemma="liet" pos="X">liet</wf>
         <wf lemma="ons" pos="X">ons</wf>
         <wf lemma="in" pos="X">in</wf>
         <instance id="d000.s1660.t000" lemma="verwarring" pos="NOUN">verwarring</instance>
         <wf lemma="achter" pos="X">achter</wf>
         <wf lemma="." pos="X">.</wf>
      </sentence>
      <sentence id="d000.s1661" source="wordnet-dutch">
         <wf lemma="president" pos="X">president</wf>
         <wf lemma="Kennedy" pos="X">Kennedy</wf>
         <wf lemma="heeft" pos="X">heeft</wf>
         <wf lemma="de" pos="X">de</wf>
         <instance id="d000.s1661.t000" lemma="aanslag" pos="NOUN">aanslag</instance>
         <wf lemma="op" pos="X">op</wf>
         <wf lemma="z'n" pos="X">z'n</wf>
         <wf lemma="leven" pos="X">leven</wf>
         <wf lemma="niet" pos="X">niet</wf>
         <wf lemma="overleefd" pos="X">overleefd</wf>
         <wf lemma="." pos="X">.</wf>
      </sentence>
      <sentence id="d000.s1662" source="wordnet-dutch">
         <wf lemma="tijdens" pos="X">tijdens</wf>
         <wf lemma="de" pos="X">de</wf>
         <wf lemma="uitverkoop" pos="X">uitverkoop</wf>
         <wf lemma="zijn" pos="X">zijn</wf>
         <wf lemma="al" pos="X">al</wf>
         <wf lemma="onze" pos="X">onze</wf>
         <wf lemma="artikelen" pos="X">artikelen</wf>
         <instance id="d000.s1662.t000" lemma="afprijzen" pos="VERB">afgeprijsd</instance>
         <wf lemma="." pos="X">.</wf>
      </sentence>
      <sentence id="d000.s1663" source="wordnet-dutch">
         <wf lemma="ik" pos="X">ik</wf>
         <wf lemma="heb" pos="X">heb</wf>
         <wf lemma="m'n" pos="X">m'n</wf>
         <wf lemma="fototoestel" pos="X">fototoestel</wf>
         <wf lemma="nog" pos="X">nog</wf>
         <wf lemma="niet" pos="X">niet</wf>
         <wf lemma="goed" pos="X">goed</wf>
         <instance id="d000.s1663.t000" lemma="instellen" pos="VERB">ingesteld</instance>
         <wf lemma="." pos="X">.</wf>
      </sentence>
      <sentence id="d000.s1664" source="wordnet-dutch">
         <wf lemma="hij" pos="X">hij</wf>
         <wf lemma="strijkt" pos="X">strijkt</wf>
         <wf lemma="een" pos="X">een</wf>
         <instance id="d000.s1664.t000" lemma="gage" pos="NOUN">gage</instance>
         <wf lemma="op" pos="X">op</wf>
         <wf lemma="van" pos="X">van</wf>
         <wf lemma="7" pos="X">7</wf>
         <wf lemma="miljoen" pos="X">miljoen</wf>
         <wf lemma="dollar" pos="X">dollar</wf>
         <wf lemma="." pos="X">.</wf>
      </sentence>
      <sentence id="d000.s1665" source="wordnet-dutch">
         <wf lemma="sluipschutters" pos="X">sluipschutters</wf>
         <wf lemma="vuren" pos="X">vuren</wf>
         <instance id="d000.s1665.t000" lemma="salvo" pos="NOUN">salvo's</instance>
         <wf lemma="af" pos="X">af</wf>
         <wf lemma="op" pos="X">op</wf>
         <wf lemma="toevallige" pos="X">toevallige</wf>
         <wf lemma="voorbijgangers" pos="X">voorbijgangers</wf>
         <wf lemma="." pos="X">.</wf>
      </sentence>
      <sentence id="d000.s1666" source="wordnet-dutch">
         <wf lemma="dat" pos="X">dat</wf>
         <wf lemma="plan" pos="X">plan</wf>
         <wf lemma="kan" pos="X">kan</wf>
         <wf lemma="je" pos="X">je</wf>
         <wf lemma="nu" pos="X">nu</wf>
         <wf lemma="wel" pos="X">wel</wf>
         <wf lemma="voorgoed" pos="X">voorgoed</wf>
         <instance id="d000.s1666.t000" lemma="afschrijven" pos="VERB">afschrijven</instance>
         <wf lemma="." pos="X">.</wf>
      </sentence>
      <sentence id="d000.s1667" source="wordnet-dutch">
         <wf lemma="zij" pos="X">zij</wf>
         <wf lemma="exposeert" pos="X">exposeert</wf>
         <wf lemma="tot" pos="X">tot</wf>
         <wf lemma="en" pos="X">en</wf>
         <wf lemma="met" pos="X">met</wf>
         <wf lemma="19" pos="X">19</wf>
         <wf lemma="december" pos="X">december</wf>
         <wf lemma="in" pos="X">in</wf>
         <instance id="d000.s1667.t000" lemma="galerie" pos="NOUN">galerie</instance>
         <wf lemma="Ludique" pos="X">Ludique</wf>
         <wf lemma="." pos="X">.</wf>
      </sentence>
      <sentence id="d000.s1668" source="wordnet-dutch">
         <wf lemma="twee" pos="X">twee</wf>
         <wf lemma="evenwijdige" pos="X">evenwijdige</wf>
         <wf lemma="lijnen" pos="X">lijnen</wf>
         <instance id="d000.s1668.t000" lemma="snijden" pos="VERB">snijden</instance>
         <wf lemma="elkaar" pos="X">elkaar</wf>
         <wf lemma="in" pos="X">in</wf>
         <wf lemma="het" pos="X">het</wf>
         <wf lemma="oneindige" pos="X">oneindige</wf>
         <wf lemma="." pos="X">.</wf>
      </sentence>
      <sentence id="d000.s1669" source="wordnet-dutch">
         <wf lemma="het" pos="X">het</wf>
         <wf lemma="akkoord" pos="X">akkoord</wf>
         <wf lemma="dateert" pos="X">dateert</wf>
         <wf lemma="nog" pos="X">nog</wf>
         <wf lemma="uit" pos="X">uit</wf>
         <wf lemma="de" pos="X">de</wf>
         <instance id="d000.s1669.t000" lemma="periode" pos="NOUN">periode</instance>
         <wf lemma="Lubbers-I." pos="X">Lubbers-I.</wf>
      </sentence>
      <sentence id="d000.s1670" source="wordnet-dutch">
         <wf lemma="Het" pos="X">Het</wf>
         <wf lemma="bedrijf" pos="X">bedrijf</wf>
         <wf lemma="zocht" pos="X">zocht</wf>
         <wf lemma="nog" pos="X">nog</wf>
         <wf lemma="een" pos="X">een</wf>
         <wf lemma="medewerker" pos="X">medewerker</wf>
         <wf lemma="voor" pos="X">voor</wf>
         <wf lemma="de" pos="X">de</wf>
         <instance id="d000.s1670.t000" lemma="assemblage" pos="NOUN">assemblage</instance>
         <wf lemma="van" pos="X">van</wf>
         <wf lemma="televisies" pos="X">televisies</wf>
         <wf lemma="." pos="X">.</wf>
      </sentence>
      <sentence id="d000.s1671" source="wordnet-dutch">
         <wf lemma="de" pos="X">de</wf>
         <wf lemma="slechte" pos="X">slechte</wf>
         <wf lemma="financiële" pos="X">financiële</wf>
         <wf lemma="toestand" pos="X">toestand</wf>
         <instance id="d000.s1671.t000" lemma="noodzaken" pos="VERB">noodzaakte</instance>
         <wf lemma="het" pos="X">het</wf>
         <wf lemma="bestuur" pos="X">bestuur</wf>
         <wf lemma="tot" pos="X">tot</wf>
         <wf lemma="bezuinigingen" pos="X">bezuinigingen</wf>
         <wf lemma="." pos="X">.</wf>
      </sentence>
      <sentence id="d000.s1672" source="wordnet-dutch">
         <wf lemma="hij" pos="X">hij</wf>
         <wf lemma="is" pos="X">is</wf>
         <wf lemma="in" pos="X">in</wf>
         <wf lemma="een" pos="X">een</wf>
         <wf lemma="jaar" pos="X">jaar</wf>
         <wf lemma="tijd" pos="X">tijd</wf>
         <wf lemma="vijf" pos="X">vijf</wf>
         <wf lemma="kilo" pos="X">kilo</wf>
         <instance id="d000.s1672.t000" lemma="aankomen" pos="VERB">aangekomen</instance>
         <wf lemma="." pos="X">.</wf>
      </sentence>
      <sentence id="d000.s1673" source="wordnet-dutch">
         <wf lemma="het" pos="X">het</wf>
         <wf lemma="kind" pos="X">kind</wf>
         <instance id="d000.s1673.t000" lemma="gommen" pos="VERB">gomde</instance>
         <wf lemma="de" pos="X">de</wf>
         <wf lemma="papieren" pos="X">papieren</wf>
         <wf lemma="plaatjes" pos="X">plaatjes</wf>
         <wf lemma="om" pos="X">om</wf>
         <wf lemma="ze" pos="X">ze</wf>
         <wf lemma="in" pos="X">in</wf>
         <wf lemma="te" pos="X">te</wf>
         <wf lemma="plakken" pos="X">plakken</wf>
         <wf lemma="." pos="X">.</wf>
      </sentence>
      <sentence id="d000.s1674" source="wordnet-dutch">
         <wf lemma="mollen" pos="X">mollen</wf>
         <wf lemma="kunnen" pos="X">kunnen</wf>
         <wf lemma="een" pos="X">een</wf>
         <wf lemma="uitgebreid" pos="X">uitgebreid</wf>
         <instance id="d000.s1674.t000" lemma="gangenstelsel" pos="NOUN">gangenstelsel</instance>
         <wf lemma="graven" pos="X">graven</wf>
         <wf lemma="." pos="X">.</wf>
      </sentence>
      <sentence id="d000.s1675" source="wordnet-dutch">
         <wf lemma="lieverd" pos="X">lieverd</wf>
         <wf lemma="," pos="X">,</wf>
         <wf lemma="zal" pos="X">zal</wf>
         <wf lemma="ik" pos="X">ik</wf>
         <wf lemma="die" pos="X">die</wf>
         <wf lemma="zware" pos="X">zware</wf>
         <instance id="d000.s1675.t000" lemma="tas" pos="NOUN">tas</instance>
         <wf lemma="voor" pos="X">voor</wf>
         <wf lemma="je" pos="X">je</wf>
         <wf lemma="dragen" pos="X">dragen</wf>
         <wf lemma="?" pos="X">?</wf>
      </sentence>
      <sentence id="d000.s1676" source="wordnet-dutch">
         <wf lemma="bij" pos="X">bij</wf>
         <wf lemma="gebrek" pos="X">gebrek</wf>
         <wf lemma="aan" pos="X">aan</wf>
         <instance id="d000.s1676.t000" lemma="consensus" pos="NOUN">consensus</instance>
         <wf lemma="beslist" pos="X">beslist</wf>
         <wf lemma="de" pos="X">de</wf>
         <wf lemma="minister" pos="X">minister</wf>
         <wf lemma="." pos="X">.</wf>
      </sentence>
      <sentence id="d000.s1677" source="wordnet-dutch">
         <wf lemma="hebben" pos="X">hebben</wf>
         <wf lemma="jullie" pos="X">jullie</wf>
         <instance id="d000.s1677.t000" lemma="telefoon" pos="NOUN">telefoon</instance>
         <wf lemma="?" pos="X">?</wf>
      </sentence>
      <sentence id="d000.s1678" source="wordnet-dutch">
         <wf lemma="hij" pos="X">hij</wf>
         <wf lemma="is" pos="X">is</wf>
         <wf lemma="een" pos="X">een</wf>
         <wf lemma="zanger" pos="X">zanger</wf>
         <wf lemma="en" pos="X">en</wf>
         <wf lemma="danser" pos="X">danser</wf>
         <wf lemma="in" pos="X">in</wf>
         <wf lemma="één" pos="X">één</wf>
         <instance id="d000.s1678.t000" lemma="persoon" pos="NOUN">persoon</instance>
         <wf lemma="verenigd" pos="X">verenigd</wf>
         <wf lemma="." pos="X">.</wf>
      </sentence>
      <sentence id="d000.s1679" source="wordnet-dutch">
         <wf lemma="ik" pos="X">ik</wf>
         <wf lemma="rijd" pos="X">rijd</wf>
         <wf lemma="al" pos="X">al</wf>
         <wf lemma="jaren" pos="X">jaren</wf>
         <instance id="d000.s1679.t000" lemma="diesel" pos="NOUN">diesel</instance>
         <wf lemma="." pos="X">.</wf>
      </sentence>
      <sentence id="d000.s1680" source="wordnet-dutch">
         <wf lemma="bij" pos="X">bij</wf>
         <wf lemma="deze" pos="X">deze</wf>
         <wf lemma="patiënt" pos="X">patiënt</wf>
         <instance id="d000.s1680.t000" lemma="degenereren" pos="VERB">degenereert</instance>
         <wf lemma="de" pos="X">de</wf>
         <wf lemma="gezichtszenuw" pos="X">gezichtszenuw</wf>
         <wf lemma="langzaam" pos="X">langzaam</wf>
         <wf lemma="maar" pos="X">maar</wf>
         <wf lemma="zeker" pos="X">zeker</wf>
         <wf lemma="." pos="X">.</wf>
      </sentence>
      <sentence id="d000.s1681" source="wordnet-dutch">
         <wf lemma="dennenstruiken" pos="X">dennenstruiken</wf>
         <wf lemma="en" pos="X">en</wf>
         <wf lemma="ander" pos="X">ander</wf>
         <wf lemma="laag" pos="X">laag</wf>
         <instance id="d000.s1681.t000" lemma="gewas" pos="NOUN">gewas</instance>
         <wf lemma="." pos="X">.</wf>
      </sentence>
      <sentence id="d000.s1682" source="wordnet-dutch">
         <wf lemma="over" pos="X">over</wf>
         <wf lemma="de" pos="X">de</wf>
         <wf lemma="vluchtstrook" pos="X">vluchtstrook</wf>
         <wf lemma="langs" pos="X">langs</wf>
         <wf lemma="de" pos="X">de</wf>
         <wf lemma="file" pos="X">file</wf>
         <wf lemma="rijden" pos="X">rijden</wf>
         <wf lemma="is" pos="X">is</wf>
         <wf lemma="een" pos="X">een</wf>
         <wf lemma="dure" pos="X">dure</wf>
         <instance id="d000.s1682.t000" lemma="grap" pos="NOUN">grap</instance>
         <wf lemma="." pos="X">.</wf>
      </sentence>
      <sentence id="d000.s1683" source="wordnet-dutch">
         <wf lemma="die" pos="X">die</wf>
         <wf lemma="'" pos="X">'</wf>
         <wf lemma="angstige" pos="X">angstige</wf>
         <wf lemma="momenten'/'vreselijke" pos="X">momenten'/'vreselijke</wf>
         <wf lemma="beelden" pos="X">beelden</wf>
         <wf lemma="'" pos="X">'</wf>
         <wf lemma="zijn" pos="X">zijn</wf>
         <wf lemma="ons" pos="X">ons</wf>
         <wf lemma="allemaal" pos="X">allemaal</wf>
         <instance id="d000.s1683.t000" lemma="bijblijven" pos="VERB">bijgebleven</instance>
         <wf lemma="." pos="X">.</wf>
      </sentence>
      <sentence id="d000.s1684" source="wordnet-dutch">
         <wf lemma="ik" pos="X">ik</wf>
         <instance id="d000.s1684.t000" lemma="rekenen" pos="VERB">reken</instance>
         <wf lemma="4" pos="X">4</wf>
         <wf lemma="dagen" pos="X">dagen</wf>
         <wf lemma="voor" pos="X">voor</wf>
         <wf lemma="de" pos="X">de</wf>
         <wf lemma="reparatie" pos="X">reparatie</wf>
         <wf lemma="." pos="X">.</wf>
      </sentence>
      <sentence id="d000.s1685" source="wordnet-dutch">
         <wf lemma="De" pos="X">De</wf>
         <wf lemma="ring" pos="X">ring</wf>
         <wf lemma="bevat" pos="X">bevat</wf>
         <wf lemma="een" pos="X">een</wf>
         <wf lemma="mooie" pos="X">mooie</wf>
         <instance id="d000.s1685.t000" lemma="steen" pos="NOUN">steen</instance>
         <wf lemma="." pos="X">.</wf>
      </sentence>
      <sentence id="d000.s1686" source="wordnet-dutch">
         <wf lemma="de" pos="X">de</wf>
         <wf lemma="verdediging" pos="X">verdediging</wf>
         <instance id="d000.s1686.t000" lemma="wankelen" pos="VERB">wankelde</instance>
         <wf lemma="maar" pos="X">maar</wf>
         <wf lemma="de" pos="X">de</wf>
         <wf lemma="aanvallende" pos="X">aanvallende</wf>
         <wf lemma="ploeg" pos="X">ploeg</wf>
         <wf lemma="kon" pos="X">kon</wf>
         <wf lemma="niet" pos="X">niet</wf>
         <wf lemma="tot" pos="X">tot</wf>
         <wf lemma="scoren" pos="X">scoren</wf>
         <wf lemma="komen" pos="X">komen</wf>
         <wf lemma="." pos="X">.</wf>
      </sentence>
      <sentence id="d000.s1687" source="wordnet-dutch">
         <wf lemma="Hoeveel" pos="X">Hoeveel</wf>
         <instance id="d000.s1687.t000" lemma="pop" pos="NOUN">pop</instance>
         <wf lemma="kost" pos="X">kost</wf>
         <wf lemma="die" pos="X">die</wf>
         <wf lemma="gitaar" pos="X">gitaar</wf>
         <wf lemma="?" pos="X">?</wf>
      </sentence>
      <sentence id="d000.s1688" source="wordnet-dutch">
         <wf lemma="goede" pos="X">goede</wf>
         <instance id="d000.s1688.t000" lemma="inzicht" pos="NOUN">inzichten</instance>
         <wf lemma="in" pos="X">in</wf>
         <wf lemma="actie" pos="X">actie</wf>
         <wf lemma="omzetten" pos="X">omzetten</wf>
         <wf lemma="." pos="X">.</wf>
      </sentence>
      <sentence id="d000.s1689" source="wordnet-dutch">
         <wf lemma="die" pos="X">die</wf>
         <wf lemma="voorstelling" pos="X">voorstelling</wf>
         <wf lemma="was" pos="X">was</wf>
         <wf lemma="een" pos="X">een</wf>
         <wf lemma="regelrechte" pos="X">regelrechte</wf>
         <instance id="d000.s1689.t000" lemma="aanfluiting" pos="NOUN">aanfluiting</instance>
         <wf lemma="." pos="X">.</wf>
      </sentence>
      <sentence id="d000.s1690" source="wordnet-dutch">
         <wf lemma="na" pos="X">na</wf>
         <wf lemma="een" pos="X">een</wf>
         <wf lemma="ongelukje" pos="X">ongelukje</wf>
         <wf lemma="mag" pos="X">mag</wf>
         <wf lemma="de" pos="X">de</wf>
         <wf lemma="politie" pos="X">politie</wf>
         <wf lemma="arrestanten" pos="X">arrestanten</wf>
         <wf lemma="niet" pos="X">niet</wf>
         <wf lemma="meer" pos="X">meer</wf>
         <wf lemma="de" pos="X">de</wf>
         <wf lemma="mond" pos="X">mond</wf>
         <instance id="d000.s1690.t000" lemma="afplakken" pos="VERB">afplakken</instance>
         <wf lemma="." pos="X">.</wf>
      </sentence>
      <sentence id="d000.s1691" source="wordnet-dutch">
         <wf lemma="kun" pos="X">kun</wf>
         <wf lemma="je" pos="X">je</wf>
         <wf lemma="6" pos="X">6</wf>
         <instance id="d000.s1691.t000" lemma="aftrekken" pos="VERB">aftrekken</instance>
         <wf lemma="van" pos="X">van</wf>
         <wf lemma="12" pos="X">12</wf>
         <wf lemma="?" pos="X">?</wf>
      </sentence>
      <sentence id="d000.s1692" source="wordnet-dutch">
         <wf lemma="Ik" pos="X">Ik</wf>
         <wf lemma="geef" pos="X">geef</wf>
         <wf lemma="je" pos="X">je</wf>
         <wf lemma="een" pos="X">een</wf>
         <instance id="d000.s1692.t000" lemma="ram" pos="NOUN">ram</instance>
         <wf lemma="voor" pos="X">voor</wf>
         <wf lemma="je" pos="X">je</wf>
         <wf lemma="kop" pos="X">kop</wf>
         <wf lemma="." pos="X">.</wf>
      </sentence>
      <sentence id="d000.s1693" source="wordnet-dutch">
         <wf lemma="bij" pos="X">bij</wf>
         <wf lemma="een" pos="X">een</wf>
         <wf lemma="slappe" pos="X">slappe</wf>
         <wf lemma="bodem" pos="X">bodem</wf>
         <wf lemma="worden" pos="X">worden</wf>
         <wf lemma="huizen" pos="X">huizen</wf>
         <wf lemma="op" pos="X">op</wf>
         <wf lemma="palen" pos="X">palen</wf>
         <instance id="d000.s1693.t000" lemma="funderen" pos="VERB">gefundeerd</instance>
         <wf lemma="." pos="X">.</wf>
      </sentence>
      <sentence id="d000.s1694" source="wordnet-dutch">
         <wf lemma="kun" pos="X">kun</wf>
         <wf lemma="jij" pos="X">jij</wf>
         <wf lemma="lezen" pos="X">lezen</wf>
         <wf lemma="wat" pos="X">wat</wf>
         <wf lemma="er" pos="X">er</wf>
         <wf lemma="op" pos="X">op</wf>
         <wf lemma="dat" pos="X">dat</wf>
         <instance id="d000.s1694.t000" lemma="affiche" pos="NOUN">affiche</instance>
         <wf lemma="staat" pos="X">staat</wf>
         <wf lemma="?" pos="X">?</wf>
      </sentence>
      <sentence id="d000.s1695" source="wordnet-dutch">
         <wf lemma="Zij" pos="X">Zij</wf>
         <wf lemma="is" pos="X">is</wf>
         <wf lemma="een" pos="X">een</wf>
         <wf lemma="echte" pos="X">echte</wf>
         <instance id="d000.s1695.t000" lemma="bout" pos="NOUN">bout</instance>
         <wf lemma="die" pos="X">die</wf>
         <wf lemma="veel" pos="X">veel</wf>
         <wf lemma="ogen" pos="X">ogen</wf>
         <wf lemma="trekt" pos="X">trekt</wf>
         <wf lemma="." pos="X">.</wf>
      </sentence>
      <sentence id="d000.s1696" source="wordnet-dutch">
         <wf lemma="tot" pos="X">tot</wf>
         <wf lemma="mijn" pos="X">mijn</wf>
         <wf lemma="grote" pos="X">grote</wf>
         <instance id="d000.s1696.t000" lemma="verwondering" pos="NOUN">verwondering</instance>
         <wf lemma="kwam" pos="X">kwam</wf>
         <wf lemma="mijn" pos="X">mijn</wf>
         <wf lemma="broer" pos="X">broer</wf>
         <wf lemma="alsnog" pos="X">alsnog</wf>
         <wf lemma="opdagen" pos="X">opdagen</wf>
         <wf lemma="." pos="X">.</wf>
      </sentence>
      <sentence id="d000.s1697" source="wordnet-dutch">
         <wf lemma="hij" pos="X">hij</wf>
         <wf lemma="werd" pos="X">werd</wf>
         <wf lemma="door" pos="X">door</wf>
         <wf lemma="het" pos="X">het</wf>
         <wf lemma="vrijkomende" pos="X">vrijkomende</wf>
         <wf lemma="gas" pos="X">gas</wf>
         <instance id="d000.s1697.t000" lemma="bedwelmen" pos="VERB">bedwelmd</instance>
         <wf lemma="." pos="X">.</wf>
      </sentence>
      <sentence id="d000.s1698" source="wordnet-dutch">
         <wf lemma="tijdens" pos="X">tijdens</wf>
         <wf lemma="zijn" pos="X">zijn</wf>
         <wf lemma="toespraak" pos="X">toespraak</wf>
         <instance id="d000.s1698.t000" lemma="citeren" pos="VERB">citeerde</instance>
         <wf lemma="hij" pos="X">hij</wf>
         <wf lemma="enkele" pos="X">enkele</wf>
         <wf lemma="voorname" pos="X">voorname</wf>
         <wf lemma="politici" pos="X">politici</wf>
         <wf lemma="." pos="X">.</wf>
      </sentence>
      <sentence id="d000.s1699" source="wordnet-dutch">
         <wf lemma="zij" pos="X">zij</wf>
         <wf lemma="is" pos="X">is</wf>
         <wf lemma="gisteren" pos="X">gisteren</wf>
         <wf lemma="bevallen" pos="X">bevallen</wf>
         <wf lemma="van" pos="X">van</wf>
         <wf lemma="een" pos="X">een</wf>
         <instance id="d000.s1699.t000" lemma="tweeling" pos="NOUN">tweeling</instance>
         <wf lemma="." pos="X">.</wf>
      </sentence>
      <sentence id="d000.s1700" source="wordnet-dutch">
         <wf lemma="de" pos="X">de</wf>
         <wf lemma="voorzieningen" pos="X">voorzieningen</wf>
         <wf lemma="worden" pos="X">worden</wf>
         <wf lemma="in" pos="X">in</wf>
         <wf lemma="een" pos="X">een</wf>
         <instance id="d000.s1700.t000" lemma="cluster" pos="NOUN">cluster</instance>
         <wf lemma="ondergebracht" pos="X">ondergebracht</wf>
         <wf lemma="." pos="X">.</wf>
      </sentence>
      <sentence id="d000.s1701" source="wordnet-dutch">
         <wf lemma="daar" pos="X">daar</wf>
         <wf lemma="krijg" pos="X">krijg</wf>
         <wf lemma="ik" pos="X">ik</wf>
         <wf lemma="nou" pos="X">nou</wf>
         <instance id="d000.s1701.t000" lemma="kippenvel" pos="NOUN">kippenvel</instance>
         <wf lemma="van" pos="X">van</wf>
         <wf lemma="!" pos="X">!</wf>
      </sentence>
      <sentence id="d000.s1702" source="wordnet-dutch">
         <wf lemma="deze" pos="X">deze</wf>
         <wf lemma="terreinwagen" pos="X">terreinwagen</wf>
         <instance id="d000.s1702.t000" lemma="voldoen" pos="VERB">voldoet</instance>
         <wf lemma="ruimschoots" pos="X">ruimschoots</wf>
         <wf lemma="aan" pos="X">aan</wf>
         <wf lemma="alle" pos="X">alle</wf>
         <wf lemma="eisen" pos="X">eisen</wf>
         <wf lemma="." pos="X">.</wf>
      </sentence>
      <sentence id="d000.s1703" source="wordnet-dutch">
         <wf lemma="hoe" pos="X">hoe</wf>
         <wf lemma="we" pos="X">we</wf>
         <wf lemma="dat" pos="X">dat</wf>
         <wf lemma="oplossen" pos="X">oplossen</wf>
         <wf lemma="is" pos="X">is</wf>
         <wf lemma="van" pos="X">van</wf>
         <wf lemma="later" pos="X">later</wf>
         <instance id="d000.s1703.t000" lemma="zorg" pos="NOUN">zorg</instance>
         <wf lemma="." pos="X">.</wf>
      </sentence>
      <sentence id="d000.s1704" source="wordnet-dutch">
         <wf lemma="we" pos="X">we</wf>
         <wf lemma="werden" pos="X">werden</wf>
         <instance id="d000.s1704.t000" lemma="verblinden" pos="VERB">verblind</instance>
         <wf lemma="door" pos="X">door</wf>
         <wf lemma="het" pos="X">het</wf>
         <wf lemma="felle" pos="X">felle</wf>
         <wf lemma="licht" pos="X">licht</wf>
         <wf lemma="." pos="X">.</wf>
      </sentence>
      <sentence id="d000.s1705" source="wordnet-dutch">
         <wf lemma="de" pos="X">de</wf>
         <wf lemma="politie" pos="X">politie</wf>
         <instance id="d000.s1705.t000" lemma="legitimeren" pos="VERB">legitimeerde</instance>
         <wf lemma="haar" pos="X">haar</wf>
         <wf lemma="gewelddadig" pos="X">gewelddadig</wf>
         <wf lemma="optreden" pos="X">optreden</wf>
         <wf lemma="door" pos="X">door</wf>
         <wf lemma="naar" pos="X">naar</wf>
         <wf lemma="de" pos="X">de</wf>
         <wf lemma="gevaren" pos="X">gevaren</wf>
         <wf lemma="te" pos="X">te</wf>
         <wf lemma="verwijzen" pos="X">verwijzen</wf>
         <wf lemma="." pos="X">.</wf>
      </sentence>
      <sentence id="d000.s1706" source="wordnet-dutch">
         <wf lemma="alle" pos="X">alle</wf>
         <wf lemma="opvarenden" pos="X">opvarenden</wf>
         <wf lemma="," pos="X">,</wf>
         <wf lemma="de" pos="X">de</wf>
         <wf lemma="bemanning" pos="X">bemanning</wf>
         <wf lemma="daaronder" pos="X">daaronder</wf>
         <instance id="d000.s1706.t000" lemma="begrijpen" pos="VERB">begrepen</instance>
         <wf lemma="," pos="X">,</wf>
         <wf lemma="kwamen" pos="X">kwamen</wf>
         <wf lemma="om" pos="X">om</wf>
         <wf lemma="." pos="X">.</wf>
      </sentence>
      <sentence id="d000.s1707" source="wordnet-dutch">
         <wf lemma="ze" pos="X">ze</wf>
         <wf lemma="willen" pos="X">willen</wf>
         <wf lemma="het" pos="X">het</wf>
         <wf lemma="aantal" pos="X">aantal</wf>
         <wf lemma="bestuursfuncties" pos="X">bestuursfuncties</wf>
         <wf lemma="met" pos="X">met</wf>
         <wf lemma="25" pos="X">25</wf>
         <instance id="d000.s1707.t000" lemma="reduceren" pos="VERB">reduceren</instance>
         <wf lemma="." pos="X">.</wf>
      </sentence>
      <sentence id="d000.s1708" source="wordnet-dutch">
         <wf lemma="door" pos="X">door</wf>
         <wf lemma="de" pos="X">de</wf>
         <wf lemma="kegels" pos="X">kegels</wf>
         <wf lemma="met" pos="X">met</wf>
         <wf lemma="de" pos="X">de</wf>
         <wf lemma="bal" pos="X">bal</wf>
         <wf lemma="om" pos="X">om</wf>
         <wf lemma="te" pos="X">te</wf>
         <wf lemma="rollen" pos="X">rollen</wf>
         <wf lemma="kun" pos="X">kun</wf>
         <wf lemma="je" pos="X">je</wf>
         <instance id="d000.s1708.t000" lemma="punt" pos="NOUN">punten</instance>
         <wf lemma="scoren" pos="X">scoren</wf>
         <wf lemma="." pos="X">.</wf>
      </sentence>
      <sentence id="d000.s1709" source="wordnet-dutch">
         <wf lemma="de" pos="X">de</wf>
         <wf lemma="meeste" pos="X">meeste</wf>
         <wf lemma="filatelisten" pos="X">filatelisten</wf>
         <instance id="d000.s1709.t000" lemma="koesteren" pos="VERB">koesteren</instance>
         <wf lemma="hun" pos="X">hun</wf>
         <wf lemma="verzameling" pos="X">verzameling</wf>
         <wf lemma="postzegels" pos="X">postzegels</wf>
         <wf lemma="." pos="X">.</wf>
      </sentence>
      <sentence id="d000.s1710" source="wordnet-dutch">
         <wf lemma="het" pos="X">het</wf>
         <wf lemma="duurde" pos="X">duurde</wf>
         <wf lemma="lange" pos="X">lange</wf>
         <wf lemma="tijd" pos="X">tijd</wf>
         <wf lemma="voordat" pos="X">voordat</wf>
         <wf lemma="het" pos="X">het</wf>
         <wf lemma="kleine" pos="X">kleine</wf>
         <wf lemma="jongetje" pos="X">jongetje</wf>
         <wf lemma="zijn" pos="X">zijn</wf>
         <instance id="d000.s1710.t000" lemma="watervrees" pos="NOUN">watervrees</instance>
         <wf lemma="overwonnen" pos="X">overwonnen</wf>
         <wf lemma="had" pos="X">had</wf>
         <wf lemma="en" pos="X">en</wf>
         <wf lemma="in" pos="X">in</wf>
         <wf lemma="het" pos="X">het</wf>
         <wf lemma="diepe" pos="X">diepe</wf>
         <wf lemma="durfde" pos="X">durfde</wf>
         <wf lemma="." pos="X">.</wf>
      </sentence>
      <sentence id="d000.s1711" source="wordnet-dutch">
         <wf lemma="het" pos="X">het</wf>
         <wf lemma="verkeer" pos="X">verkeer</wf>
         <wf lemma="werd" pos="X">werd</wf>
         <wf lemma="tien" pos="X">tien</wf>
         <wf lemma="minuten" pos="X">minuten</wf>
         <instance id="d000.s1711.t000" lemma="stilzetten" pos="VERB">stilgezet</instance>
         <wf lemma="." pos="X">.</wf>
      </sentence>
      <sentence id="d000.s1712" source="wordnet-dutch">
         <wf lemma="de" pos="X">de</wf>
         <instance id="d000.s1712.t000" lemma="betekenis" pos="NOUN">betekenis</instance>
         <wf lemma="van" pos="X">van</wf>
         <wf lemma="woorden" pos="X">woorden</wf>
         <wf lemma="vind" pos="X">vind</wf>
         <wf lemma="je" pos="X">je</wf>
         <wf lemma="in" pos="X">in</wf>
         <wf lemma="een" pos="X">een</wf>
         <wf lemma="woordenboek" pos="X">woordenboek</wf>
         <wf lemma="." pos="X">.</wf>
      </sentence>
      <sentence id="d000.s1713" source="wordnet-dutch">
         <wf lemma="met" pos="X">met</wf>
         <wf lemma="deze" pos="X">deze</wf>
         <wf lemma="maatregel" pos="X">maatregel</wf>
         <wf lemma="wil" pos="X">wil</wf>
         <wf lemma="de" pos="X">de</wf>
         <wf lemma="regering" pos="X">regering</wf>
         <wf lemma="het" pos="X">het</wf>
         <wf lemma="autogebruik" pos="X">autogebruik</wf>
         <instance id="d000.s1713.t000" lemma="ontmoedigen" pos="VERB">ontmoedigen</instance>
         <wf lemma="en" pos="X">en</wf>
         <wf lemma="het" pos="X">het</wf>
         <wf lemma="openbaar" pos="X">openbaar</wf>
         <wf lemma="vervoer" pos="X">vervoer</wf>
         <wf lemma="stimuleren" pos="X">stimuleren</wf>
         <wf lemma="." pos="X">.</wf>
      </sentence>
      <sentence id="d000.s1714" source="wordnet-dutch">
         <wf lemma="België" pos="X">België</wf>
         <wf lemma="plaatste" pos="X">plaatste</wf>
         <wf lemma="zich" pos="X">zich</wf>
         <wf lemma="eveneens" pos="X">eveneens</wf>
         <wf lemma="voor" pos="X">voor</wf>
         <wf lemma="de" pos="X">de</wf>
         <instance id="d000.s1714.t000" lemma="eindronde" pos="NOUN">eindronde</instance>
         <wf lemma="." pos="X">.</wf>
      </sentence>
      <sentence id="d000.s1715" source="wordnet-dutch">
         <wf lemma="zij" pos="X">zij</wf>
         <wf lemma="boekte" pos="X">boekte</wf>
         <wf lemma="een" pos="X">een</wf>
         <wf lemma="plaats" pos="X">plaats</wf>
         <wf lemma="op" pos="X">op</wf>
         <wf lemma="een" pos="X">een</wf>
         <instance id="d000.s1715.t000" lemma="passagiersboot" pos="NOUN">passagiersboot</instance>
         <wf lemma="." pos="X">.</wf>
      </sentence>
      <sentence id="d000.s1716" source="wordnet-dutch">
         <wf lemma="hij" pos="X">hij</wf>
         <wf lemma="kreeg" pos="X">kreeg</wf>
         <wf lemma="daardoor" pos="X">daardoor</wf>
         <wf lemma="een" pos="X">een</wf>
         <wf lemma="reuzekans" pos="X">reuzekans</wf>
         <wf lemma="," pos="X">,</wf>
         <wf lemma="maar" pos="X">maar</wf>
         <wf lemma="die" pos="X">die</wf>
         <instance id="d000.s1716.t000" lemma="verknallen" pos="VERB">verknalde</instance>
         <wf lemma="hij" pos="X">hij</wf>
         <wf lemma="." pos="X">.</wf>
      </sentence>
      <sentence id="d000.s1717" source="wordnet-dutch">
         <wf lemma="De" pos="X">De</wf>
         <wf lemma="kinderen" pos="X">kinderen</wf>
         <instance id="d000.s1717.t000" lemma="volgen" pos="VERB">volgen</instance>
         <wf lemma="zijn" pos="X">zijn</wf>
         <wf lemma="bewegingen" pos="X">bewegingen</wf>
         <wf lemma="met" pos="X">met</wf>
         <wf lemma="hun" pos="X">hun</wf>
         <wf lemma="eigen" pos="X">eigen</wf>
         <wf lemma="handen" pos="X">handen</wf>
         <wf lemma="." pos="X">.</wf>
      </sentence>
      <sentence id="d000.s1718" source="wordnet-dutch">
         <wf lemma="de" pos="X">de</wf>
         <wf lemma="brandweer" pos="X">brandweer</wf>
         <wf lemma="weet" pos="X">weet</wf>
         <wf lemma="nog" pos="X">nog</wf>
         <wf lemma="niet" pos="X">niet</wf>
         <wf lemma="hoe" pos="X">hoe</wf>
         <wf lemma="de" pos="X">de</wf>
         <wf lemma="brand" pos="X">brand</wf>
         <wf lemma="is" pos="X">is</wf>
         <instance id="d000.s1718.t000" lemma="ontstaan" pos="VERB">ontstaan</instance>
         <wf lemma="." pos="X">.</wf>
      </sentence>
      <sentence id="d000.s1719" source="wordnet-dutch">
         <wf lemma="zij" pos="X">zij</wf>
         <wf lemma="moest" pos="X">moest</wf>
         <wf lemma="gisteren" pos="X">gisteren</wf>
         <wf lemma="voor" pos="X">voor</wf>
         <wf lemma="de" pos="X">de</wf>
         <wf lemma="rechter" pos="X">rechter</wf>
         <instance id="d000.s1719.t000" lemma="verschijnen" pos="VERB">verschijnen</instance>
         <wf lemma="." pos="X">.</wf>
      </sentence>
      <sentence id="d000.s1720" source="wordnet-dutch">
         <wf lemma="de" pos="X">de</wf>
         <wf lemma="jager" pos="X">jager</wf>
         <wf lemma="heeft" pos="X">heeft</wf>
         <wf lemma="een" pos="X">een</wf>
         <wf lemma="hert" pos="X">hert</wf>
         <instance id="d000.s1720.t000" lemma="aanschieten" pos="VERB">aangeschoten</instance>
         <wf lemma="." pos="X">.</wf>
      </sentence>
      <sentence id="d000.s1721" source="wordnet-dutch">
         <wf lemma="op" pos="X">op</wf>
         <wf lemma="de" pos="X">de</wf>
         <instance id="d000.s1721.t000" lemma="saxofoon" pos="NOUN">saxofoon</instance>
         <wf lemma="speelt" pos="X">speelt</wf>
         <wf lemma="vanavond" pos="X">vanavond</wf>
         <wf lemma="Hans" pos="X">Hans</wf>
         <wf lemma="Dulfer" pos="X">Dulfer</wf>
         <wf lemma="." pos="X">.</wf>
      </sentence>
      <sentence id="d000.s1722" source="wordnet-dutch">
         <wf lemma="bij" pos="X">bij</wf>
         <wf lemma="het" pos="X">het</wf>
         <wf lemma="meten" pos="X">meten</wf>
         <wf lemma="worden" pos="X">worden</wf>
         <wf lemma="verschillende" pos="X">verschillende</wf>
         <instance id="d000.s1722.t000" lemma="instrument" pos="NOUN">instrumenten</instance>
         <wf lemma="gebruikt" pos="X">gebruikt</wf>
         <wf lemma="." pos="X">.</wf>
      </sentence>
      <sentence id="d000.s1723" source="wordnet-dutch">
         <wf lemma="op" pos="X">op</wf>
         <wf lemma="dat" pos="X">dat</wf>
         <instance id="d000.s1723.t000" lemma="punt" pos="NOUN">punt</instance>
         <wf lemma="buigt" pos="X">buigt</wf>
         <wf lemma="de" pos="X">de</wf>
         <wf lemma="weg" pos="X">weg</wf>
         <wf lemma="scherp" pos="X">scherp</wf>
         <wf lemma="naar" pos="X">naar</wf>
         <wf lemma="rechts" pos="X">rechts</wf>
         <wf lemma="." pos="X">.</wf>
      </sentence>
      <sentence id="d000.s1724" source="wordnet-dutch">
         <wf lemma="met" pos="X">met</wf>
         <instance id="d000.s1724.t000" lemma="ontzetting" pos="NOUN">ontzetting</instance>
         <wf lemma="heb" pos="X">heb</wf>
         <wf lemma="ik" pos="X">ik</wf>
         <wf lemma="vernomen" pos="X">vernomen</wf>
         <wf lemma="van" pos="X">van</wf>
         <wf lemma="de" pos="X">de</wf>
         <wf lemma="terreurdaad" pos="X">terreurdaad</wf>
         <wf lemma="bij" pos="X">bij</wf>
         <wf lemma="Luxor" pos="X">Luxor</wf>
         <wf lemma="." pos="X">.</wf>
      </sentence>
      <sentence id="d000.s1725" source="wordnet-dutch">
         <wf lemma="hij" pos="X">hij</wf>
         <wf lemma="werd" pos="X">werd</wf>
         <wf lemma="uiteindelijk" pos="X">uiteindelijk</wf>
         <wf lemma="toch" pos="X">toch</wf>
         <wf lemma="nog" pos="X">nog</wf>
         <wf lemma="voor" pos="X">voor</wf>
         <wf lemma="zijn" pos="X">zijn</wf>
         <wf lemma="inspanningen" pos="X">inspanningen</wf>
         <instance id="d000.s1725.t000" lemma="belonen" pos="VERB">beloond</instance>
         <wf lemma="." pos="X">.</wf>
      </sentence>
      <sentence id="d000.s1726" source="wordnet-dutch">
         <wf lemma="Het" pos="X">Het</wf>
         <wf lemma="verlies" pos="X">verlies</wf>
         <wf lemma="van" pos="X">van</wf>
         <wf lemma="zijn" pos="X">zijn</wf>
         <wf lemma="zoon" pos="X">zoon</wf>
         <wf lemma="was" pos="X">was</wf>
         <wf lemma="een" pos="X">een</wf>
         <wf lemma="zware" pos="X">zware</wf>
         <instance id="d000.s1726.t000" lemma="klap" pos="NOUN">klap</instance>
         <wf lemma="die" pos="X">die</wf>
         <wf lemma="hij" pos="X">hij</wf>
         <wf lemma="nooit" pos="X">nooit</wf>
         <wf lemma="meer" pos="X">meer</wf>
         <wf lemma="te" pos="X">te</wf>
         <wf lemma="boven" pos="X">boven</wf>
         <wf lemma="is" pos="X">is</wf>
         <wf lemma="gekomen" pos="X">gekomen</wf>
         <wf lemma="." pos="X">.</wf>
      </sentence>
      <sentence id="d000.s1727" source="wordnet-dutch">
         <wf lemma="wie" pos="X">wie</wf>
         <instance id="d000.s1727.t000" lemma="gaan" pos="VERB">gaat</instance>
         <wf lemma="er" pos="X">er</wf>
         <wf lemma="over" pos="X">over</wf>
         <wf lemma="de" pos="X">de</wf>
         <wf lemma="schadebehandeling" pos="X">schadebehandeling</wf>
         <wf lemma="?" pos="X">?</wf>
      </sentence>
      <sentence id="d000.s1728" source="wordnet-dutch">
         <wf lemma="zijn" pos="X">zijn</wf>
         <wf lemma="macht" pos="X">macht</wf>
         <instance id="d000.s1728.t000" lemma="strekken" pos="VERB">strekt</instance>
         <wf lemma="tot" pos="X">tot</wf>
         <wf lemma="in" pos="X">in</wf>
         <wf lemma="de" pos="X">de</wf>
         <wf lemma="hoogste" pos="X">hoogste</wf>
         <wf lemma="regionen" pos="X">regionen</wf>
         <wf lemma="." pos="X">.</wf>
      </sentence>
      <sentence id="d000.s1729" source="wordnet-dutch">
         <wf lemma="zijn" pos="X">zijn</wf>
         <wf lemma="grootvader" pos="X">grootvader</wf>
         <wf lemma="is" pos="X">is</wf>
         <wf lemma="opgenomen" pos="X">opgenomen</wf>
         <wf lemma="in" pos="X">in</wf>
         <wf lemma="een" pos="X">een</wf>
         <instance id="d000.s1729.t000" lemma="verzorgingstehuis" pos="NOUN">verzorgingstehuis</instance>
         <wf lemma="." pos="X">.</wf>
      </sentence>
      <sentence id="d000.s1730" source="wordnet-dutch">
         <wf lemma="die" pos="X">die</wf>
         <wf lemma="afvalbakken" pos="X">afvalbakken</wf>
         <wf lemma="passen" pos="X">passen</wf>
         <wf lemma="niet" pos="X">niet</wf>
         <wf lemma="in" pos="X">in</wf>
         <wf lemma="het" pos="X">het</wf>
         <instance id="d000.s1730.t000" lemma="straatbeeld" pos="NOUN">straatbeeld</instance>
         <wf lemma="." pos="X">.</wf>
      </sentence>
      <sentence id="d000.s1731" source="wordnet-dutch">
         <wf lemma="vanavond" pos="X">vanavond</wf>
         <wf lemma="twee" pos="X">twee</wf>
         <wf lemma="leden" pos="X">leden</wf>
         <wf lemma="van" pos="X">van</wf>
         <wf lemma="de" pos="X">de</wf>
         <wf lemma="band" pos="X">band</wf>
         <wf lemma="op" pos="X">op</wf>
         <instance id="d000.s1731.t000" lemma="trombone" pos="NOUN">trombone</instance>
         <wf lemma="." pos="X">.</wf>
      </sentence>
      <sentence id="d000.s1732" source="wordnet-dutch">
         <wf lemma="Hij" pos="X">Hij</wf>
         <wf lemma="heeft" pos="X">heeft</wf>
         <wf lemma="een" pos="X">een</wf>
         <wf lemma="zware" pos="X">zware</wf>
         <instance id="d000.s1732.t000" lemma="bouw" pos="NOUN">bouw</instance>
         <wf lemma="." pos="X">.</wf>
      </sentence>
      <sentence id="d000.s1733" source="wordnet-dutch">
         <wf lemma="onze" pos="X">onze</wf>
         <wf lemma="troepen" pos="X">troepen</wf>
         <wf lemma="hebben" pos="X">hebben</wf>
         <wf lemma="er" pos="X">er</wf>
         <wf lemma="zo" pos="X">zo</wf>
         <wf lemma="weinig" pos="X">weinig</wf>
         <wf lemma="werk" pos="X">werk</wf>
         <wf lemma="dat" pos="X">dat</wf>
         <wf lemma="de" pos="X">de</wf>
         <wf lemma="verveling" pos="X">verveling</wf>
         <wf lemma="begint" pos="X">begint</wf>
         <wf lemma="te" pos="X">te</wf>
         <instance id="d000.s1733.t000" lemma="knagen" pos="VERB">knagen</instance>
         <wf lemma="." pos="X">.</wf>
      </sentence>
      <sentence id="d000.s1734" source="wordnet-dutch">
         <wf lemma="mag" pos="X">mag</wf>
         <wf lemma="ik" pos="X">ik</wf>
         <wf lemma="straks" pos="X">straks</wf>
         <wf lemma="even" pos="X">even</wf>
         <wf lemma="je" pos="X">je</wf>
         <wf lemma="auto" pos="X">auto</wf>
         <instance id="d000.s1734.t000" lemma="lenen" pos="VERB">lenen</instance>
         <wf lemma="?" pos="X">?</wf>
      </sentence>
      <sentence id="d000.s1735" source="wordnet-dutch">
         <wf lemma="De" pos="X">De</wf>
         <instance id="d000.s1735.t000" lemma="automatisering" pos="NOUN">automatisering</instance>
         <wf lemma="van" pos="X">van</wf>
         <wf lemma="sommige" pos="X">sommige</wf>
         <wf lemma="sectoren" pos="X">sectoren</wf>
         <wf lemma="moet" pos="X">moet</wf>
         <wf lemma="nog" pos="X">nog</wf>
         <wf lemma="beginnen" pos="X">beginnen</wf>
         <wf lemma="." pos="X">.</wf>
         <wf lemma="Ze" pos="X">Ze</wf>
         <wf lemma="werken" pos="X">werken</wf>
         <wf lemma="nog" pos="X">nog</wf>
         <wf lemma="gewoon" pos="X">gewoon</wf>
         <wf lemma="met" pos="X">met</wf>
         <wf lemma="papier" pos="X">papier</wf>
         <wf lemma="." pos="X">.</wf>
      </sentence>
      <sentence id="d000.s1736" source="wordnet-dutch">
         <wf lemma="beschikken" pos="X">beschikken</wf>
         <wf lemma="over" pos="X">over</wf>
         <wf lemma="financiële" pos="X">financiële</wf>
         <instance id="d000.s1736.t000" lemma="middel" pos="NOUN">middelen</instance>
         <wf lemma="." pos="X">.</wf>
      </sentence>
      <sentence id="d000.s1737" source="wordnet-dutch">
         <wf lemma="met" pos="X">met</wf>
         <wf lemma="dit" pos="X">dit</wf>
         <wf lemma="beleid" pos="X">beleid</wf>
         <wf lemma="hoopt" pos="X">hoopt</wf>
         <wf lemma="het" pos="X">het</wf>
         <wf lemma="kabinet" pos="X">kabinet</wf>
         <wf lemma="het" pos="X">het</wf>
         <wf lemma="gebruikt" pos="X">gebruikt</wf>
         <wf lemma="van" pos="X">van</wf>
         <wf lemma="drugs" pos="X">drugs</wf>
         <wf lemma="te" pos="X">te</wf>
         <instance id="d000.s1737.t000" lemma="beteugelen" pos="VERB">beteugelen</instance>
         <wf lemma="." pos="X">.</wf>
      </sentence>
      <sentence id="d000.s1738" source="wordnet-dutch">
         <wf lemma="de" pos="X">de</wf>
         <instance id="d000.s1738.t000" lemma="intocht" pos="NOUN">intocht</instance>
         <wf lemma="van" pos="X">van</wf>
         <wf lemma="Sinterklaas" pos="X">Sinterklaas</wf>
         <wf lemma="is" pos="X">is</wf>
         <wf lemma="elk" pos="X">elk</wf>
         <wf lemma="jaar" pos="X">jaar</wf>
         <wf lemma="weer" pos="X">weer</wf>
         <wf lemma="een" pos="X">een</wf>
         <wf lemma="groot" pos="X">groot</wf>
         <wf lemma="feest" pos="X">feest</wf>
         <wf lemma="." pos="X">.</wf>
      </sentence>
      <sentence id="d000.s1739" source="wordnet-dutch">
         <wf lemma="hij" pos="X">hij</wf>
         <wf lemma="is" pos="X">is</wf>
         <wf lemma="de" pos="X">de</wf>
         <wf lemma="laatste" pos="X">laatste</wf>
         <wf lemma="jaren" pos="X">jaren</wf>
         <instance id="d000.s1739.t000" lemma="rijpen" pos="VERB">gerijpt</instance>
         <wf lemma="als" pos="X">als</wf>
         <wf lemma="taalkundige" pos="X">taalkundige</wf>
         <wf lemma="." pos="X">.</wf>
      </sentence>
      <sentence id="d000.s1740" source="wordnet-dutch">
         <wf lemma="als" pos="X">als</wf>
         <wf lemma="die" pos="X">die</wf>
         <wf lemma="pijn" pos="X">pijn</wf>
         <wf lemma="niet" pos="X">niet</wf>
         <wf lemma="overgaat" pos="X">overgaat</wf>
         <wf lemma="kan" pos="X">kan</wf>
         <wf lemma="je" pos="X">je</wf>
         <wf lemma="best" pos="X">best</wf>
         <wf lemma="je" pos="X">je</wf>
         <wf lemma="huisarts" pos="X">huisarts</wf>
         <wf lemma="(" pos="X">(</wf>
         <wf lemma="erover" pos="X">erover</wf>
         <wf lemma=")" pos="X">)</wf>
         <instance id="d000.s1740.t000" lemma="raadplegen" pos="VERB">raadplegen</instance>
         <wf lemma="." pos="X">.</wf>
      </sentence>
      <sentence id="d000.s1741" source="wordnet-dutch">
         <wf lemma="hij" pos="X">hij</wf>
         <instance id="d000.s1741.t000" lemma="beoefenen" pos="VERB">beoefent</instance>
         <wf lemma="sinds" pos="X">sinds</wf>
         <wf lemma="zijn" pos="X">zijn</wf>
         <wf lemma="zestiende" pos="X">zestiende</wf>
         <wf lemma="de" pos="X">de</wf>
         <wf lemma="wielersport" pos="X">wielersport</wf>
         <wf lemma="." pos="X">.</wf>
      </sentence>
      <sentence id="d000.s1742" source="wordnet-dutch">
         <wf lemma="de" pos="X">de</wf>
         <wf lemma="fiets" pos="X">fiets</wf>
         <wf lemma="is" pos="X">is</wf>
         <wf lemma="als" pos="X">als</wf>
         <instance id="d000.s1742.t000" lemma="bouwpakket" pos="NOUN">bouwpakket</instance>
         <wf lemma="te" pos="X">te</wf>
         <wf lemma="koop" pos="X">koop</wf>
         <wf lemma="." pos="X">.</wf>
      </sentence>
      <sentence id="d000.s1743" source="wordnet-dutch">
         <wf lemma="deze" pos="X">deze</wf>
         <wf lemma="wandeling" pos="X">wandeling</wf>
         <wf lemma="voert" pos="X">voert</wf>
         <wf lemma="ons" pos="X">ons</wf>
         <wf lemma="naar" pos="X">naar</wf>
         <wf lemma="een" pos="X">een</wf>
         <wf lemma="van" pos="X">van</wf>
         <wf lemma="de" pos="X">de</wf>
         <wf lemma="mooiste" pos="X">mooiste</wf>
         <instance id="d000.s1743.t000" lemma="punt" pos="NOUN">punten</instance>
         <wf lemma="van" pos="X">van</wf>
         <wf lemma="het" pos="X">het</wf>
         <wf lemma="land" pos="X">land</wf>
         <wf lemma="." pos="X">.</wf>
      </sentence>
      <sentence id="d000.s1744" source="wordnet-dutch">
         <wf lemma="de" pos="X">de</wf>
         <wf lemma="dikte" pos="X">dikte</wf>
         <wf lemma="van" pos="X">van</wf>
         <wf lemma="de" pos="X">de</wf>
         <instance id="d000.s1744.t000" lemma="sfeer" pos="NOUN">sfeer</instance>
         <wf lemma="." pos="X">.</wf>
      </sentence>
      <sentence id="d000.s1745" source="wordnet-dutch">
         <wf lemma="hij" pos="X">hij</wf>
         <wf lemma="keek" pos="X">keek</wf>
         <wf lemma="met" pos="X">met</wf>
         <instance id="d000.s1745.t000" lemma="afgunst" pos="NOUN">afgunst</instance>
         <wf lemma="naar" pos="X">naar</wf>
         <wf lemma="de" pos="X">de</wf>
         <wf lemma="nieuwe" pos="X">nieuwe</wf>
         <wf lemma="auto" pos="X">auto</wf>
         <wf lemma="van" pos="X">van</wf>
         <wf lemma="z'n" pos="X">z'n</wf>
         <wf lemma="buurman" pos="X">buurman</wf>
         <wf lemma="." pos="X">.</wf>
      </sentence>
      <sentence id="d000.s1746" source="wordnet-dutch">
         <wf lemma="het" pos="X">het</wf>
         <wf lemma="scheepje" pos="X">scheepje</wf>
         <instance id="d000.s1746.t000" lemma="wiegen" pos="VERB">wiegde</instance>
         <wf lemma="op" pos="X">op</wf>
         <wf lemma="de" pos="X">de</wf>
         <wf lemma="golven" pos="X">golven</wf>
         <wf lemma="." pos="X">.</wf>
      </sentence>
      <sentence id="d000.s1747" source="wordnet-dutch">
         <wf lemma="er" pos="X">er</wf>
         <wf lemma="zijn" pos="X">zijn</wf>
         <wf lemma="mensen" pos="X">mensen</wf>
         <wf lemma="die" pos="X">die</wf>
         <wf lemma="bij" pos="X">bij</wf>
         <wf lemma="ieder" pos="X">ieder</wf>
         <wf lemma="hoofdpijntje" pos="X">hoofdpijntje</wf>
         <wf lemma="al" pos="X">al</wf>
         <wf lemma="naar" pos="X">naar</wf>
         <wf lemma="de" pos="X">de</wf>
         <instance id="d000.s1747.t000" lemma="huisarts" pos="NOUN">huisarts</instance>
         <wf lemma="rennen" pos="X">rennen</wf>
         <wf lemma="." pos="X">.</wf>
      </sentence>
      <sentence id="d000.s1748" source="wordnet-dutch">
         <wf lemma="De" pos="X">De</wf>
         <instance id="d000.s1748.t000" lemma="connectie" pos="NOUN">connectie</instance>
         <wf lemma="mislukte" pos="X">mislukte</wf>
         <wf lemma="en" pos="X">en</wf>
         <wf lemma="de" pos="X">de</wf>
         <wf lemma="ruimtecapsules" pos="X">ruimtecapsules</wf>
         <wf lemma="dreven" pos="X">dreven</wf>
         <wf lemma="van" pos="X">van</wf>
         <wf lemma="elkaar" pos="X">elkaar</wf>
         <wf lemma="." pos="X">.</wf>
      </sentence>
      <sentence id="d000.s1749" source="wordnet-dutch">
         <wf lemma="telkens" pos="X">telkens</wf>
         <wf lemma="als" pos="X">als</wf>
         <wf lemma="de" pos="X">de</wf>
         <wf lemma="muziek" pos="X">muziek</wf>
         <wf lemma="ophield" pos="X">ophield</wf>
         <wf lemma="moest" pos="X">moest</wf>
         <wf lemma="van" pos="X">van</wf>
         <instance id="d000.s1749.t000" lemma="partner" pos="NOUN">partner</instance>
         <wf lemma="gewisseld" pos="X">gewisseld</wf>
         <wf lemma="worden" pos="X">worden</wf>
         <wf lemma="." pos="X">.</wf>
      </sentence>
      <sentence id="d000.s1750" source="wordnet-dutch">
         <wf lemma="ze" pos="X">ze</wf>
         <wf lemma="beschuldigen" pos="X">beschuldigen</wf>
         <wf lemma="hem" pos="X">hem</wf>
         <wf lemma="ervan" pos="X">ervan</wf>
         <wf lemma="met" pos="X">met</wf>
         <wf lemma="de" pos="X">de</wf>
         <wf lemma="boekhouding" pos="X">boekhouding</wf>
         <instance id="d000.s1750.t000" lemma="foefelen" pos="VERB">gefoefeld</instance>
         <wf lemma="te" pos="X">te</wf>
         <wf lemma="hebben" pos="X">hebben</wf>
         <wf lemma="." pos="X">.</wf>
      </sentence>
      <sentence id="d000.s1751" source="wordnet-dutch">
         <wf lemma="Het" pos="X">Het</wf>
         <wf lemma="is" pos="X">is</wf>
         <wf lemma="onmogelijk" pos="X">onmogelijk</wf>
         <wf lemma="om" pos="X">om</wf>
         <wf lemma="tegengestelde" pos="X">tegengestelde</wf>
         <wf lemma="belangen" pos="X">belangen</wf>
         <wf lemma="te" pos="X">te</wf>
         <wf lemma="verzoenen" pos="X">verzoenen</wf>
         <wf lemma="en" pos="X">en</wf>
         <wf lemma="tegelijkertijd" pos="X">tegelijkertijd</wf>
         <wf lemma="een" pos="X">een</wf>
         <wf lemma="goede" pos="X">goede</wf>
         <instance id="d000.s1751.t000" lemma="politiek" pos="NOUN">politiek</instance>
         <wf lemma="te" pos="X">te</wf>
         <wf lemma="voeren" pos="X">voeren</wf>
         <wf lemma="." pos="X">.</wf>
      </sentence>
      <sentence id="d000.s1752" source="wordnet-dutch">
         <wf lemma="de" pos="X">de</wf>
         <wf lemma="vakbondsvoorzitter" pos="X">vakbondsvoorzitter</wf>
         <instance id="d000.s1752.t000" lemma="attaqueren" pos="VERB">attaqueert</instance>
         <wf lemma="voortdurend" pos="X">voortdurend</wf>
         <wf lemma="de" pos="X">de</wf>
         <wf lemma="minister" pos="X">minister</wf>
         <wf lemma="." pos="X">.</wf>
      </sentence>
      <sentence id="d000.s1753" source="wordnet-dutch">
         <wf lemma="Mergellandschapen" pos="X">Mergellandschapen</wf>
         <wf lemma="hebben" pos="X">hebben</wf>
         <wf lemma="een" pos="X">een</wf>
         <wf lemma="witte" pos="X">witte</wf>
         <instance id="d000.s1753.t000" lemma="wol" pos="NOUN">wol</instance>
         <wf lemma="." pos="X">.</wf>
      </sentence>
      <sentence id="d000.s1754" source="wordnet-dutch">
         <wf lemma="de" pos="X">de</wf>
         <wf lemma="slachtoffers" pos="X">slachtoffers</wf>
         <wf lemma="van" pos="X">van</wf>
         <wf lemma="de" pos="X">de</wf>
         <wf lemma="aardbeving" pos="X">aardbeving</wf>
         <wf lemma="zijn" pos="X">zijn</wf>
         <wf lemma="onder" pos="X">onder</wf>
         <wf lemma="de" pos="X">de</wf>
         <wf lemma="brokstukken" pos="X">brokstukken</wf>
         <instance id="d000.s1754.t000" lemma="bedelven" pos="VERB">bedolven</instance>
         <wf lemma="." pos="X">.</wf>
      </sentence>
      <sentence id="d000.s1755" source="wordnet-dutch">
         <wf lemma="de" pos="X">de</wf>
         <wf lemma="weg" pos="X">weg</wf>
         <wf lemma="naar" pos="X">naar</wf>
         <instance id="d000.s1755.t000" lemma="volwassenheid" pos="NOUN">volwassenheid</instance>
         <wf lemma="is" pos="X">is</wf>
         <wf lemma="bezaaid" pos="X">bezaaid</wf>
         <wf lemma="met" pos="X">met</wf>
         <wf lemma="problemen" pos="X">problemen</wf>
         <wf lemma="." pos="X">.</wf>
      </sentence>
      <sentence id="d000.s1756" source="wordnet-dutch">
         <wf lemma="die" pos="X">die</wf>
         <wf lemma="film" pos="X">film</wf>
         <wf lemma="heeft" pos="X">heeft</wf>
         <wf lemma="me" pos="X">me</wf>
         <wf lemma="tot" pos="X">tot</wf>
         <wf lemma="tranen" pos="X">tranen</wf>
         <wf lemma="toe" pos="X">toe</wf>
         <instance id="d000.s1756.t000" lemma="roeren" pos="VERB">geroerd</instance>
         <wf lemma="." pos="X">.</wf>
      </sentence>
      <sentence id="d000.s1757" source="wordnet-dutch">
         <wf lemma="tijdens" pos="X">tijdens</wf>
         <wf lemma="de" pos="X">de</wf>
         <wf lemma="wedstrijd" pos="X">wedstrijd</wf>
         <wf lemma="Ajax-Feijenoord" pos="X">Ajax-Feijenoord</wf>
         <wf lemma="deden" pos="X">deden</wf>
         <wf lemma="zich" pos="X">zich</wf>
         <wf lemma="weer" pos="X">weer</wf>
         <wf lemma="talrijke" pos="X">talrijke</wf>
         <instance id="d000.s1757.t000" lemma="incident" pos="NOUN">incidenten</instance>
         <wf lemma="voor" pos="X">voor</wf>
         <wf lemma="waarbij" pos="X">waarbij</wf>
         <wf lemma="supporters" pos="X">supporters</wf>
         <wf lemma="met" pos="X">met</wf>
         <wf lemma="elkaar" pos="X">elkaar</wf>
         <wf lemma="en" pos="X">en</wf>
         <wf lemma="met" pos="X">met</wf>
         <wf lemma="de" pos="X">de</wf>
         <wf lemma="politie" pos="X">politie</wf>
         <wf lemma="de" pos="X">de</wf>
         <wf lemma="confrontatie" pos="X">confrontatie</wf>
         <wf lemma="opzochten" pos="X">opzochten</wf>
         <wf lemma="." pos="X">.</wf>
      </sentence>
      <sentence id="d000.s1758" source="wordnet-dutch">
         <wf lemma="het" pos="X">het</wf>
         <wf lemma="hellend" pos="X">hellend</wf>
         <instance id="d000.s1758.t000" lemma="vlak" pos="NOUN">vlak</instance>
         <wf lemma="van" pos="X">van</wf>
         <wf lemma="Ronquières" pos="X">Ronquières</wf>
         <wf lemma="." pos="X">.</wf>
      </sentence>
      <sentence id="d000.s1759" source="wordnet-dutch">
         <wf lemma="hij" pos="X">hij</wf>
         <instance id="d000.s1759.t000" lemma="richten" pos="VERB">richt</instance>
         <wf lemma="zich" pos="X">zich</wf>
         <wf lemma="nu" pos="X">nu</wf>
         <wf lemma="helemaal" pos="X">helemaal</wf>
         <wf lemma="op" pos="X">op</wf>
         <wf lemma="zijn" pos="X">zijn</wf>
         <wf lemma="activiteiten" pos="X">activiteiten</wf>
         <wf lemma="bij" pos="X">bij</wf>
         <wf lemma="die" pos="X">die</wf>
         <wf lemma="vereniging" pos="X">vereniging</wf>
         <wf lemma="." pos="X">.</wf>
      </sentence>
      <sentence id="d000.s1760" source="wordnet-dutch">
         <wf lemma="de" pos="X">de</wf>
         <wf lemma="baas" pos="X">baas</wf>
         <instance id="d000.s1760.t000" lemma="rekenen" pos="VERB">rekent</instance>
         <wf lemma="erop" pos="X">erop</wf>
         <wf lemma="dat" pos="X">dat</wf>
         <wf lemma="je" pos="X">je</wf>
         <wf lemma="je" pos="X">je</wf>
         <wf lemma="aantallen" pos="X">aantallen</wf>
         <wf lemma="haalt" pos="X">haalt</wf>
         <wf lemma="." pos="X">.</wf>
      </sentence>
      <sentence id="d000.s1761" source="wordnet-dutch">
         <wf lemma="bij" pos="X">bij</wf>
         <wf lemma="veel" pos="X">veel</wf>
         <wf lemma="diëten" pos="X">diëten</wf>
         <wf lemma="mag" pos="X">mag</wf>
         <wf lemma="je" pos="X">je</wf>
         <wf lemma="als" pos="X">als</wf>
         <wf lemma="ontbijt" pos="X">ontbijt</wf>
         <wf lemma="alleen" pos="X">alleen</wf>
         <wf lemma="maar" pos="X">maar</wf>
         <wf lemma="een" pos="X">een</wf>
         <wf lemma="halve" pos="X">halve</wf>
         <instance id="d000.s1761.t000" lemma="grapefruit" pos="NOUN">grapefruit</instance>
         <wf lemma="." pos="X">.</wf>
      </sentence>
      <sentence id="d000.s1762" source="wordnet-dutch">
         <wf lemma="vroeger" pos="X">vroeger</wf>
         <wf lemma="ging" pos="X">ging</wf>
         <wf lemma="de" pos="X">de</wf>
         <wf lemma="hele" pos="X">hele</wf>
         <wf lemma="familie" pos="X">familie</wf>
         <wf lemma="in" pos="X">in</wf>
         <wf lemma="de" pos="X">de</wf>
         <instance id="d000.s1762.t000" lemma="tobbe" pos="NOUN">tobbe</instance>
         <wf lemma="op" pos="X">op</wf>
         <wf lemma="zaterdag" pos="X">zaterdag</wf>
         <wf lemma="." pos="X">.</wf>
      </sentence>
      <sentence id="d000.s1763" source="wordnet-dutch">
         <wf lemma="hij" pos="X">hij</wf>
         <wf lemma="is" pos="X">is</wf>
         <wf lemma="ervan" pos="X">ervan</wf>
         <wf lemma="overtuigd" pos="X">overtuigd</wf>
         <wf lemma="dat" pos="X">dat</wf>
         <wf lemma="het" pos="X">het</wf>
         <wf lemma="goede" pos="X">goede</wf>
         <wf lemma="altijd" pos="X">altijd</wf>
         <wf lemma="het" pos="X">het</wf>
         <wf lemma="kwade" pos="X">kwade</wf>
         <instance id="d000.s1763.t000" lemma="overwinnen" pos="VERB">overwint</instance>
         <wf lemma="." pos="X">.</wf>
      </sentence>
      <sentence id="d000.s1764" source="wordnet-dutch">
         <wf lemma="de" pos="X">de</wf>
         <wf lemma="ziekte" pos="X">ziekte</wf>
         <instance id="d000.s1764.t000" lemma="verbreiden" pos="VERB">verbreidde</instance>
         <wf lemma="zich" pos="X">zich</wf>
         <wf lemma="tamelijk" pos="X">tamelijk</wf>
         <wf lemma="snel" pos="X">snel</wf>
         <wf lemma="." pos="X">.</wf>
      </sentence>
      <sentence id="d000.s1765" source="wordnet-dutch">
         <wf lemma="op" pos="X">op</wf>
         <wf lemma="de" pos="X">de</wf>
         <wf lemma="wereldkampioenschappen" pos="X">wereldkampioenschappen</wf>
         <wf lemma="schaatsen" pos="X">schaatsen</wf>
         <wf lemma="zijn" pos="X">zijn</wf>
         <wf lemma="veel" pos="X">veel</wf>
         <wf lemma="records" pos="X">records</wf>
         <instance id="d000.s1765.t000" lemma="sneuvelen" pos="VERB">gesneuveld</instance>
         <wf lemma="." pos="X">.</wf>
      </sentence>
      <sentence id="d000.s1766" source="wordnet-dutch">
         <wf lemma="tegenwoordig" pos="X">tegenwoordig</wf>
         <wf lemma="krijgen" pos="X">krijgen</wf>
         <wf lemma="alle" pos="X">alle</wf>
         <wf lemma="zuigelingen" pos="X">zuigelingen</wf>
         <wf lemma="een" pos="X">een</wf>
         <instance id="d000.s1766.t000" lemma="inenting" pos="NOUN">inenting</instance>
         <wf lemma="tegen" pos="X">tegen</wf>
         <wf lemma="bof." pos="X">bof.</wf>
      </sentence>
      <sentence id="d000.s1767" source="wordnet-dutch">
         <instance id="d000.s1767.t000" lemma="peper" pos="NOUN">peper</instance>
         <wf lemma="geeft" pos="X">geeft</wf>
         <wf lemma="vruchten" pos="X">vruchten</wf>
         <wf lemma="." pos="X">.</wf>
      </sentence>
      <sentence id="d000.s1768" source="wordnet-dutch">
         <wf lemma="Henk" pos="X">Henk</wf>
         <wf lemma="staat" pos="X">staat</wf>
         <wf lemma="aan" pos="X">aan</wf>
         <wf lemma="de" pos="X">de</wf>
         <instance id="d000.s1768.t000" lemma="werkbank" pos="NOUN">werkbank</instance>
         <wf lemma="wat" pos="X">wat</wf>
         <wf lemma="te" pos="X">te</wf>
         <wf lemma="timmeren" pos="X">timmeren</wf>
         <wf lemma="." pos="X">.</wf>
      </sentence>
      <sentence id="d000.s1769" source="wordnet-dutch">
         <wf lemma="hij" pos="X">hij</wf>
         <instance id="d000.s1769.t000" lemma="uiten" pos="VERB">uitte</instance>
         <wf lemma="zich" pos="X">zich</wf>
         <wf lemma="negatief" pos="X">negatief</wf>
         <wf lemma="over" pos="X">over</wf>
         <wf lemma="het" pos="X">het</wf>
         <wf lemma="voorstel" pos="X">voorstel</wf>
         <wf lemma="." pos="X">.</wf>
      </sentence>
      <sentence id="d000.s1770" source="wordnet-dutch">
         <wf lemma="De" pos="X">De</wf>
         <instance id="d000.s1770.t000" lemma="legger" pos="NOUN">leggers</instance>
         <wf lemma="kunnen" pos="X">kunnen</wf>
         <wf lemma="die" pos="X">die</wf>
         <wf lemma="vloer" pos="X">vloer</wf>
         <wf lemma="niet" pos="X">niet</wf>
         <wf lemma="dragen" pos="X">dragen</wf>
         <wf lemma="." pos="X">.</wf>
         <wf lemma="Ze" pos="X">Ze</wf>
         <wf lemma="zijn" pos="X">zijn</wf>
         <wf lemma="te" pos="X">te</wf>
         <wf lemma="dun" pos="X">dun</wf>
         <wf lemma="." pos="X">.</wf>
      </sentence>
      <sentence id="d000.s1771" source="wordnet-dutch">
         <wf lemma="ze" pos="X">ze</wf>
         <wf lemma="begon" pos="X">begon</wf>
         <wf lemma="te" pos="X">te</wf>
         <instance id="d000.s1771.t000" lemma="blozen" pos="VERB">blozen</instance>
         <wf lemma="toen" pos="X">toen</wf>
         <wf lemma="ik" pos="X">ik</wf>
         <wf lemma="haar" pos="X">haar</wf>
         <wf lemma="zoete" pos="X">zoete</wf>
         <wf lemma="woordjes" pos="X">woordjes</wf>
         <wf lemma="in" pos="X">in</wf>
         <wf lemma="het" pos="X">het</wf>
         <wf lemma="oor" pos="X">oor</wf>
         <wf lemma="fluisterde" pos="X">fluisterde</wf>
         <wf lemma="." pos="X">.</wf>
      </sentence>
      <sentence id="d000.s1772" source="wordnet-dutch">
         <wf lemma="de" pos="X">de</wf>
         <wf lemma="presidenten" pos="X">presidenten</wf>
         <wf lemma="van" pos="X">van</wf>
         <wf lemma="de" pos="X">de</wf>
         <wf lemma="V.S." pos="X">V.S.</wf>
         <wf lemma="en" pos="X">en</wf>
         <wf lemma="van" pos="X">van</wf>
         <wf lemma="Rusland" pos="X">Rusland</wf>
         <instance id="d000.s1772.t000" lemma="poseren" pos="VERB">poseerden</instance>
         <wf lemma="samen" pos="X">samen</wf>
         <wf lemma="voor" pos="X">voor</wf>
         <wf lemma="'" pos="X">'</wf>
         <wf lemma="de" pos="X">de</wf>
         <wf lemma="verzamelde" pos="X">verzamelde</wf>
         <wf lemma="pers'/'de" pos="X">pers'/'de</wf>
         <wf lemma="camera's" pos="X">camera's</wf>
         <wf lemma="'" pos="X">'</wf>
         <wf lemma="." pos="X">.</wf>
      </sentence>
      <sentence id="d000.s1773" source="wordnet-dutch">
         <wf lemma="Mijn" pos="X">Mijn</wf>
         <wf lemma="schoen" pos="X">schoen</wf>
         <wf lemma="blijft" pos="X">blijft</wf>
         <wf lemma="steken" pos="X">steken</wf>
         <wf lemma="in" pos="X">in</wf>
         <wf lemma="het" pos="X">het</wf>
         <instance id="d000.s1773.t000" lemma="slib" pos="NOUN">slib</instance>
         <wf lemma="." pos="X">.</wf>
      </sentence>
      <sentence id="d000.s1774" source="wordnet-dutch">
         <wf lemma="mensen" pos="X">mensen</wf>
         <wf lemma="met" pos="X">met</wf>
         <wf lemma="wisselende" pos="X">wisselende</wf>
         <instance id="d000.s1774.t000" lemma="contact" pos="NOUN">contacten</instance>
         <wf lemma="vormen" pos="X">vormen</wf>
         <wf lemma="een" pos="X">een</wf>
         <wf lemma="risicogroep" pos="X">risicogroep</wf>
         <wf lemma="." pos="X">.</wf>
      </sentence>
      <sentence id="d000.s1775" source="wordnet-dutch">
         <wf lemma="in" pos="X">in</wf>
         <wf lemma="de" pos="X">de</wf>
         <wf lemma="buurt" pos="X">buurt</wf>
         <wf lemma="van" pos="X">van</wf>
         <wf lemma="een" pos="X">een</wf>
         <wf lemma="Staphorster" pos="X">Staphorster</wf>
         <wf lemma="café" pos="X">café</wf>
         <wf lemma="brak" pos="X">brak</wf>
         <wf lemma="zaterdagmiddag" pos="X">zaterdagmiddag</wf>
         <wf lemma="een" pos="X">een</wf>
         <instance id="d000.s1775.t000" lemma="vechtpartij" pos="NOUN">vechtpartij</instance>
         <wf lemma="uit" pos="X">uit</wf>
         <wf lemma="tussen" pos="X">tussen</wf>
         <wf lemma="twee" pos="X">twee</wf>
         <wf lemma="jongens" pos="X">jongens</wf>
         <wf lemma="van" pos="X">van</wf>
         <wf lemma="zestien" pos="X">zestien</wf>
         <wf lemma="en" pos="X">en</wf>
         <wf lemma="zeventien" pos="X">zeventien</wf>
         <wf lemma="jaar" pos="X">jaar</wf>
         <wf lemma="." pos="X">.</wf>
      </sentence>
      <sentence id="d000.s1776" source="wordnet-dutch">
         <wf lemma="in" pos="X">in</wf>
         <wf lemma="een" pos="X">een</wf>
         <wf lemma="paar" pos="X">paar</wf>
         <wf lemma="woorden" pos="X">woorden</wf>
         <wf lemma="stelde" pos="X">stelde</wf>
         <wf lemma="zij" pos="X">zij</wf>
         <wf lemma="hem" pos="X">hem</wf>
         <wf lemma="in" pos="X">in</wf>
         <instance id="d000.s1776.t000" lemma="kennis" pos="NOUN">kennis</instance>
         <wf lemma="van" pos="X">van</wf>
         <wf lemma="de" pos="X">de</wf>
         <wf lemma="gebeurtenissen" pos="X">gebeurtenissen</wf>
         <wf lemma="." pos="X">.</wf>
      </sentence>
      <sentence id="d000.s1777" source="wordnet-dutch">
         <wf lemma="de" pos="X">de</wf>
         <wf lemma="roltrap" pos="X">roltrap</wf>
         <wf lemma="is" pos="X">is</wf>
         <wf lemma="inmiddels" pos="X">inmiddels</wf>
         <wf lemma="weer" pos="X">weer</wf>
         <wf lemma="in" pos="X">in</wf>
         <instance id="d000.s1777.t000" lemma="gebruik" pos="NOUN">gebruik</instance>
         <wf lemma="." pos="X">.</wf>
      </sentence>
      <sentence id="d000.s1778" source="wordnet-dutch">
         <wf lemma="De" pos="X">De</wf>
         <instance id="d000.s1778.t000" lemma="melk" pos="NOUN">melk</instance>
         <wf lemma="van" pos="X">van</wf>
         <wf lemma="de" pos="X">de</wf>
         <wf lemma="rubberboom" pos="X">rubberboom</wf>
         <wf lemma="wordt" pos="X">wordt</wf>
         <wf lemma="gebruikt" pos="X">gebruikt</wf>
         <wf lemma="voor" pos="X">voor</wf>
         <wf lemma="het" pos="X">het</wf>
         <wf lemma="maken" pos="X">maken</wf>
         <wf lemma="van" pos="X">van</wf>
         <wf lemma="rubber" pos="X">rubber</wf>
         <wf lemma="." pos="X">.</wf>
      </sentence>
      <sentence id="d000.s1779" source="wordnet-dutch">
         <wf lemma="hij" pos="X">hij</wf>
         <wf lemma="bleef" pos="X">bleef</wf>
         <wf lemma="bij" pos="X">bij</wf>
         <wf lemma="zijn" pos="X">zijn</wf>
         <instance id="d000.s1779.t000" lemma="weigering" pos="NOUN">weigering</instance>
         <wf lemma="en" pos="X">en</wf>
         <wf lemma="deed" pos="X">deed</wf>
         <wf lemma="niet" pos="X">niet</wf>
         <wf lemma="mee" pos="X">mee</wf>
         <wf lemma="." pos="X">.</wf>
      </sentence>
      <sentence id="d000.s1780" source="wordnet-dutch">
         <wf lemma="je" pos="X">je</wf>
         <wf lemma="moet" pos="X">moet</wf>
         <wf lemma="bij" pos="X">bij</wf>
         <wf lemma="die" pos="X">die</wf>
         <wf lemma="hond" pos="X">hond</wf>
         <wf lemma="uit" pos="X">uit</wf>
         <wf lemma="de" pos="X">de</wf>
         <instance id="d000.s1780.t000" lemma="buurt" pos="NOUN">buurt</instance>
         <wf lemma="blijven" pos="X">blijven</wf>
         <wf lemma="." pos="X">.</wf>
      </sentence>
      <sentence id="d000.s1781" source="wordnet-dutch">
         <wf lemma="Deze" pos="X">Deze</wf>
         <wf lemma="computer" pos="X">computer</wf>
         <wf lemma="is" pos="X">is</wf>
         <instance id="d000.s1781.t000" lemma="troep" pos="NOUN">troep</instance>
         <wf lemma="," pos="X">,</wf>
         <wf lemma="er" pos="X">er</wf>
         <wf lemma="deugt" pos="X">deugt</wf>
         <wf lemma="niets" pos="X">niets</wf>
         <wf lemma="van" pos="X">van</wf>
         <wf lemma="." pos="X">.</wf>
      </sentence>
      <sentence id="d000.s1782" source="wordnet-dutch">
         <wf lemma="deze" pos="X">deze</wf>
         <wf lemma="drugsbende" pos="X">drugsbende</wf>
         <instance id="d000.s1782.t000" lemma="opereren" pos="VERB">opereerde</instance>
         <wf lemma="vanuit" pos="X">vanuit</wf>
         <wf lemma="Amsterdam" pos="X">Amsterdam</wf>
         <wf lemma="." pos="X">.</wf>
      </sentence>
      <sentence id="d000.s1783" source="wordnet-dutch">
         <wf lemma="hij" pos="X">hij</wf>
         <wf lemma="herstelt" pos="X">herstelt</wf>
         <wf lemma="de" pos="X">de</wf>
         <wf lemma="kast" pos="X">kast</wf>
         <wf lemma="in" pos="X">in</wf>
         <wf lemma="oude" pos="X">oude</wf>
         <instance id="d000.s1783.t000" lemma="staat" pos="NOUN">staat</instance>
         <wf lemma="." pos="X">.</wf>
      </sentence>
      <sentence id="d000.s1784" source="wordnet-dutch">
         <wf lemma="hoe" pos="X">hoe</wf>
         <wf lemma="staan" pos="X">staan</wf>
         <wf lemma="deze" pos="X">deze</wf>
         <wf lemma="feiten" pos="X">feiten</wf>
         <wf lemma="tot" pos="X">tot</wf>
         <wf lemma="elkaar" pos="X">elkaar</wf>
         <wf lemma="in" pos="X">in</wf>
         <instance id="d000.s1784.t000" lemma="relatie" pos="NOUN">relatie</instance>
         <wf lemma="?" pos="X">?</wf>
      </sentence>
      <sentence id="d000.s1785" source="wordnet-dutch">
         <wf lemma="hij" pos="X">hij</wf>
         <wf lemma="heeft" pos="X">heeft</wf>
         <wf lemma="het" pos="X">het</wf>
         <wf lemma="hard" pos="X">hard</wf>
         <wf lemma="te" pos="X">te</wf>
         <instance id="d000.s1785.t000" lemma="verduren" pos="VERB">verduren</instance>
         <wf lemma="gehad" pos="X">gehad</wf>
         <wf lemma="door" pos="X">door</wf>
         <wf lemma="al" pos="X">al</wf>
         <wf lemma="die" pos="X">die</wf>
         <wf lemma="conflicten" pos="X">conflicten</wf>
         <wf lemma="." pos="X">.</wf>
      </sentence>
      <sentence id="d000.s1786" source="wordnet-dutch">
         <wf lemma="wat" pos="X">wat</wf>
         <wf lemma="sta" pos="X">sta</wf>
         <wf lemma="je" pos="X">je</wf>
         <wf lemma="nou" pos="X">nou</wf>
         <wf lemma="weer" pos="X">weer</wf>
         <wf lemma="te" pos="X">te</wf>
         <instance id="d000.s1786.t000" lemma="stuntelen" pos="VERB">stuntelen</instance>
         <wf lemma="," pos="X">,</wf>
         <wf lemma="man" pos="X">man</wf>
         <wf lemma="!" pos="X">!</wf>
      </sentence>
      <sentence id="d000.s1787" source="wordnet-dutch">
         <wf lemma="zij" pos="X">zij</wf>
         <wf lemma="kwamen" pos="X">kwamen</wf>
         <wf lemma="onder" pos="X">onder</wf>
         <wf lemma="luid" pos="X">luid</wf>
         <instance id="d000.s1787.t000" lemma="tromgeroffel" pos="NOUN">tromgeroffel</instance>
         <wf lemma="de" pos="X">de</wf>
         <wf lemma="zaal" pos="X">zaal</wf>
         <wf lemma="binnen" pos="X">binnen</wf>
         <wf lemma="." pos="X">.</wf>
      </sentence>
      <sentence id="d000.s1788" source="wordnet-dutch">
         <wf lemma="er" pos="X">er</wf>
         <wf lemma="zijn" pos="X">zijn</wf>
         <wf lemma="verenigingen" pos="X">verenigingen</wf>
         <wf lemma="die" pos="X">die</wf>
         <wf lemma="avonden" pos="X">avonden</wf>
         <wf lemma="per" pos="X">per</wf>
         <wf lemma="week" pos="X">week</wf>
         <instance id="d000.s1788.t000" lemma="bingo" pos="NOUN">bingo</instance>
         <wf lemma="spelen" pos="X">spelen</wf>
         <wf lemma="." pos="X">.</wf>
      </sentence>
      <sentence id="d000.s1789" source="wordnet-dutch">
         <wf lemma="Hoe" pos="X">Hoe</wf>
         <wf lemma="kan" pos="X">kan</wf>
         <wf lemma="ik" pos="X">ik</wf>
         <wf lemma="de" pos="X">de</wf>
         <wf lemma="toegang" pos="X">toegang</wf>
         <wf lemma="tot" pos="X">tot</wf>
         <instance id="d000.s1789.t000" lemma="station" pos="NOUN">stations</instance>
         <wf lemma="via" pos="X">via</wf>
         <wf lemma="Deze" pos="X">Deze</wf>
         <wf lemma="computer" pos="X">computer</wf>
         <wf lemma="verhinderen" pos="X">verhinderen</wf>
         <wf lemma="?" pos="X">?</wf>
      </sentence>
      <sentence id="d000.s1790" source="wordnet-dutch">
         <wf lemma="het" pos="X">het</wf>
         <wf lemma="is" pos="X">is</wf>
         <wf lemma="de" pos="X">de</wf>
         <instance id="d000.s1790.t000" lemma="gewoonte" pos="NOUN">gewoonte</instance>
         <wf lemma="om" pos="X">om</wf>
         <wf lemma="bij" pos="X">bij</wf>
         <wf lemma="verjaardagen" pos="X">verjaardagen</wf>
         <wf lemma="te" pos="X">te</wf>
         <wf lemma="trakteren" pos="X">trakteren</wf>
         <wf lemma="." pos="X">.</wf>
      </sentence>
      <sentence id="d000.s1791" source="wordnet-dutch">
         <wf lemma="hij" pos="X">hij</wf>
         <instance id="d000.s1791.t000" lemma="zondigen" pos="VERB">zondigt</instance>
         <wf lemma="tegen" pos="X">tegen</wf>
         <wf lemma="alle" pos="X">alle</wf>
         <wf lemma="verkeersregels" pos="X">verkeersregels</wf>
         <wf lemma="." pos="X">.</wf>
      </sentence>
      <sentence id="d000.s1792" source="wordnet-dutch">
         <wf lemma="het" pos="X">het</wf>
         <wf lemma="bedrijf" pos="X">bedrijf</wf>
         <wf lemma="slaagde" pos="X">slaagde</wf>
         <wf lemma="er" pos="X">er</wf>
         <wf lemma="steeds" pos="X">steeds</wf>
         <wf lemma="weer" pos="X">weer</wf>
         <wf lemma="in" pos="X">in</wf>
         <wf lemma="de" pos="X">de</wf>
         <wf lemma="strenge" pos="X">strenge</wf>
         <wf lemma="wet" pos="X">wet</wf>
         <wf lemma="te" pos="X">te</wf>
         <instance id="d000.s1792.t000" lemma="omzeilen" pos="VERB">omzeilen</instance>
         <wf lemma="." pos="X">.</wf>
      </sentence>
      <sentence id="d000.s1793" source="wordnet-dutch">
         <wf lemma="de" pos="X">de</wf>
         <wf lemma="film" pos="X">film</wf>
         <wf lemma="is" pos="X">is</wf>
         <wf lemma="geschikt" pos="X">geschikt</wf>
         <wf lemma="voor" pos="X">voor</wf>
         <wf lemma="kinderen" pos="X">kinderen</wf>
         <wf lemma="van" pos="X">van</wf>
         <wf lemma="alle" pos="X">alle</wf>
         <instance id="d000.s1793.t000" lemma="leeftijd" pos="NOUN">leeftijden</instance>
         <wf lemma="." pos="X">.</wf>
      </sentence>
      <sentence id="d000.s1794" source="wordnet-dutch">
         <wf lemma="hij" pos="X">hij</wf>
         <wf lemma="leeft/werkt" pos="X">leeft/werkt</wf>
         <wf lemma="op" pos="X">op</wf>
         <wf lemma="een" pos="X">een</wf>
         <instance id="d000.s1794.t000" lemma="ranch" pos="NOUN">ranch</instance>
         <wf lemma="." pos="X">.</wf>
      </sentence>
      <sentence id="d000.s1795" source="wordnet-dutch">
         <wf lemma="deze" pos="X">deze</wf>
         <wf lemma="chocoladeletter" pos="X">chocoladeletter</wf>
         <wf lemma="is" pos="X">is</wf>
         <wf lemma="van" pos="X">van</wf>
         <wf lemma="goede" pos="X">goede</wf>
         <instance id="d000.s1795.t000" lemma="kwaliteit" pos="NOUN">kwaliteit</instance>
         <wf lemma="." pos="X">.</wf>
      </sentence>
      <sentence id="d000.s1796" source="wordnet-dutch">
         <wf lemma="ook" pos="X">ook</wf>
         <wf lemma="Nederland" pos="X">Nederland</wf>
         <wf lemma="stuurt" pos="X">stuurt</wf>
         <wf lemma="een" pos="X">een</wf>
         <instance id="d000.s1796.t000" lemma="afvaardiging" pos="NOUN">afvaardiging</instance>
         <wf lemma="naar" pos="X">naar</wf>
         <wf lemma="de" pos="X">de</wf>
         <wf lemma="conferentie" pos="X">conferentie</wf>
         <wf lemma="." pos="X">.</wf>
      </sentence>
      <sentence id="d000.s1797" source="wordnet-dutch">
         <wf lemma="de" pos="X">de</wf>
         <wf lemma="hoogwaardigheidsbekleder" pos="X">hoogwaardigheidsbekleder</wf>
         <wf lemma="bleek" pos="X">bleek</wf>
         <wf lemma="zijn" pos="X">zijn</wf>
         <wf lemma="invloed" pos="X">invloed</wf>
         <wf lemma="te" pos="X">te</wf>
         <wf lemma="hebben" pos="X">hebben</wf>
         <instance id="d000.s1797.t000" lemma="aanwenden" pos="VERB">aangewend</instance>
         <wf lemma="om" pos="X">om</wf>
         <wf lemma="zijn" pos="X">zijn</wf>
         <wf lemma="dochter" pos="X">dochter</wf>
         <wf lemma="het" pos="X">het</wf>
         <wf lemma="examen" pos="X">examen</wf>
         <wf lemma="te" pos="X">te</wf>
         <wf lemma="laten" pos="X">laten</wf>
         <wf lemma="halen" pos="X">halen</wf>
         <wf lemma="." pos="X">.</wf>
      </sentence>
      <sentence id="d000.s1798" source="wordnet-dutch">
         <wf lemma="die" pos="X">die</wf>
         <wf lemma="gebieden" pos="X">gebieden</wf>
         <wf lemma="moeten" pos="X">moeten</wf>
         <wf lemma="een" pos="X">een</wf>
         <instance id="d000.s1798.t000" lemma="buffer" pos="NOUN">buffer</instance>
         <wf lemma="vormen" pos="X">vormen</wf>
         <wf lemma="tegen" pos="X">tegen</wf>
         <wf lemma="nieuwe" pos="X">nieuwe</wf>
         <wf lemma="aanvallen" pos="X">aanvallen</wf>
         <wf lemma="." pos="X">.</wf>
      </sentence>
      <sentence id="d000.s1799" source="wordnet-dutch">
         <wf lemma="'" pos="X">'</wf>
         <wf lemma="zeeën" pos="X">zeeën</wf>
         <wf lemma="'" pos="X">'</wf>
         <wf lemma="schrijf" pos="X">schrijf</wf>
         <wf lemma="je" pos="X">je</wf>
         <wf lemma="met" pos="X">met</wf>
         <wf lemma="een" pos="X">een</wf>
         <instance id="d000.s1799.t000" lemma="trema" pos="NOUN">trema</instance>
         <wf lemma="op" pos="X">op</wf>
         <wf lemma="de" pos="X">de</wf>
         <wf lemma="derde" pos="X">derde</wf>
         <wf lemma="e." pos="X">e.</wf>
      </sentence>
      <sentence id="d000.s1800" source="wordnet-dutch">
         <wf lemma="ik" pos="X">ik</wf>
         <instance id="d000.s1800.t000" lemma="bedoelen" pos="VERB">bedoel</instance>
         <wf lemma="daarmee" pos="X">daarmee</wf>
         <wf lemma="dat" pos="X">dat</wf>
         <wf lemma="hij" pos="X">hij</wf>
         <wf lemma="niet" pos="X">niet</wf>
         <wf lemma="geschikt" pos="X">geschikt</wf>
         <wf lemma="is" pos="X">is</wf>
         <wf lemma="om" pos="X">om</wf>
         <wf lemma="dat" pos="X">dat</wf>
         <wf lemma="werk" pos="X">werk</wf>
         <wf lemma="te" pos="X">te</wf>
         <wf lemma="doen" pos="X">doen</wf>
         <wf lemma="." pos="X">.</wf>
      </sentence>
      <sentence id="d000.s1801" source="wordnet-dutch">
         <wf lemma="ik" pos="X">ik</wf>
         <wf lemma="koop" pos="X">koop</wf>
         <wf lemma="al" pos="X">al</wf>
         <wf lemma="mijn" pos="X">mijn</wf>
         <wf lemma="meubels" pos="X">meubels</wf>
         <wf lemma="op" pos="X">op</wf>
         <wf lemma="de" pos="X">de</wf>
         <instance id="d000.s1801.t000" lemma="vlooienmarkt" pos="NOUN">vlooienmarkt</instance>
         <wf lemma="." pos="X">.</wf>
      </sentence>
      <sentence id="d000.s1802" source="wordnet-dutch">
         <wf lemma="je" pos="X">je</wf>
         <wf lemma="moet" pos="X">moet</wf>
         <wf lemma="je" pos="X">je</wf>
         <wf lemma="handen" pos="X">handen</wf>
         <instance id="d000.s1802.t000" lemma="wassen" pos="VERB">wassen</instance>
         <wf lemma="voor" pos="X">voor</wf>
         <wf lemma="je" pos="X">je</wf>
         <wf lemma="aan" pos="X">aan</wf>
         <wf lemma="tafel" pos="X">tafel</wf>
         <wf lemma="gaat" pos="X">gaat</wf>
         <wf lemma="." pos="X">.</wf>
      </sentence>
      <sentence id="d000.s1803" source="wordnet-dutch">
         <wf lemma="het" pos="X">het</wf>
         <wf lemma="lijkt" pos="X">lijkt</wf>
         <wf lemma="erop" pos="X">erop</wf>
         <wf lemma="dat" pos="X">dat</wf>
         <wf lemma="die" pos="X">die</wf>
         <wf lemma="investeringen/inspanningen" pos="X">investeringen/inspanningen</wf>
         <wf lemma="toch" pos="X">toch</wf>
         <wf lemma="gaan" pos="X">gaan</wf>
         <instance id="d000.s1803.t000" lemma="renderen" pos="VERB">renderen</instance>
         <wf lemma="." pos="X">.</wf>
      </sentence>
      <sentence id="d000.s1804" source="wordnet-dutch">
         <wf lemma="dat" pos="X">dat</wf>
         <wf lemma="crisiscentrum" pos="X">crisiscentrum</wf>
         <wf lemma="wordt" pos="X">wordt</wf>
         <wf lemma="dag" pos="X">dag</wf>
         <wf lemma="en" pos="X">en</wf>
         <wf lemma="nacht" pos="X">nacht</wf>
         <instance id="d000.s1804.t000" lemma="bemannen" pos="VERB">bemand</instance>
         <wf lemma="." pos="X">.</wf>
      </sentence>
      <sentence id="d000.s1805" source="wordnet-dutch">
         <wf lemma="hij" pos="X">hij</wf>
         <wf lemma="kon" pos="X">kon</wf>
         <wf lemma="perfect" pos="X">perfect</wf>
         <instance id="d000.s1805.t000" lemma="verantwoorden" pos="VERB">verantwoorden</instance>
         <wf lemma="waarom" pos="X">waarom</wf>
         <wf lemma="dat" pos="X">dat</wf>
         <wf lemma="werk" pos="X">werk</wf>
         <wf lemma="zo" pos="X">zo</wf>
         <wf lemma="lang" pos="X">lang</wf>
         <wf lemma="had" pos="X">had</wf>
         <wf lemma="geduurd" pos="X">geduurd</wf>
         <wf lemma="." pos="X">.</wf>
      </sentence>
      <sentence id="d000.s1806" source="wordnet-dutch">
         <wf lemma="het" pos="X">het</wf>
         <instance id="d000.s1806.t000" lemma="libretto" pos="NOUN">libretto</instance>
         <wf lemma="is" pos="X">is</wf>
         <wf lemma="geschreven" pos="X">geschreven</wf>
         <wf lemma="door" pos="X">door</wf>
         <wf lemma="[" pos="X">[</wf>
         <wf lemma="Komrij]" pos="X">Komrij]</wf>
         <wf lemma="." pos="X">.</wf>
      </sentence>
      <sentence id="d000.s1807" source="wordnet-dutch">
         <wf lemma="zij" pos="X">zij</wf>
         <wf lemma="beleeft" pos="X">beleeft</wf>
         <wf lemma="veel" pos="X">veel</wf>
         <instance id="d000.s1807.t000" lemma="voldoening" pos="NOUN">voldoening</instance>
         <wf lemma="aan" pos="X">aan</wf>
         <wf lemma="het" pos="X">het</wf>
         <wf lemma="helpen" pos="X">helpen</wf>
         <wf lemma="van" pos="X">van</wf>
         <wf lemma="bejaarden" pos="X">bejaarden</wf>
         <wf lemma="." pos="X">.</wf>
      </sentence>
      <sentence id="d000.s1808" source="wordnet-dutch">
         <wf lemma="Een" pos="X">Een</wf>
         <wf lemma="man" pos="X">man</wf>
         <wf lemma="die" pos="X">die</wf>
         <wf lemma="verbeten" pos="X">verbeten</wf>
         <wf lemma="op" pos="X">op</wf>
         <wf lemma="zijn" pos="X">zijn</wf>
         <wf lemma="lippen" pos="X">lippen</wf>
         <wf lemma="bijt" pos="X">bijt</wf>
         <wf lemma="," pos="X">,</wf>
         <wf lemma="verschuilt" pos="X">verschuilt</wf>
         <wf lemma="zich" pos="X">zich</wf>
         <wf lemma="achter" pos="X">achter</wf>
         <wf lemma="een" pos="X">een</wf>
         <instance id="d000.s1808.t000" lemma="masker" pos="NOUN">masker</instance>
         <wf lemma="en" pos="X">en</wf>
         <wf lemma="wil" pos="X">wil</wf>
         <wf lemma="niet" pos="X">niet</wf>
         <wf lemma="kwetsbaar" pos="X">kwetsbaar</wf>
         <wf lemma="overkomen" pos="X">overkomen</wf>
         <wf lemma="." pos="X">.</wf>
      </sentence>
      <sentence id="d000.s1809" source="wordnet-dutch">
         <wf lemma="hij" pos="X">hij</wf>
         <wf lemma="is" pos="X">is</wf>
         <instance id="d000.s1809.t000" lemma="doorlopen" pos="VERB">doorgelopen</instance>
         <wf lemma="naar" pos="X">naar</wf>
         <wf lemma="Utrecht" pos="X">Utrecht</wf>
         <wf lemma="." pos="X">.</wf>
      </sentence>
      <sentence id="d000.s1810" source="wordnet-dutch">
         <wf lemma="dertig" pos="X">dertig</wf>
         <wf lemma="man" pos="X">man</wf>
         <instance id="d000.s1810.t000" lemma="stemmen" pos="VERB">stemden</instance>
         <wf lemma="tegen" pos="X">tegen</wf>
         <wf lemma="." pos="X">.</wf>
      </sentence>
      <sentence id="d000.s1811" source="wordnet-dutch">
         <wf lemma="je" pos="X">je</wf>
         <wf lemma="kan" pos="X">kan</wf>
         <wf lemma="je" pos="X">je</wf>
         <wf lemma="wel" pos="X">wel</wf>
         <instance id="d000.s1811.t000" lemma="indenken" pos="VERB">indenken</instance>
         <wf lemma="dat" pos="X">dat</wf>
         <wf lemma="we" pos="X">we</wf>
         <wf lemma="zeer" pos="X">zeer</wf>
         <wf lemma="blij" pos="X">blij</wf>
         <wf lemma="waren" pos="X">waren</wf>
         <wf lemma="met" pos="X">met</wf>
         <wf lemma="het" pos="X">het</wf>
         <wf lemma="nieuwe" pos="X">nieuwe</wf>
         <wf lemma="gebouw" pos="X">gebouw</wf>
         <wf lemma="." pos="X">.</wf>
      </sentence>
      <sentence id="d000.s1812" source="wordnet-dutch">
         <wf lemma="het" pos="X">het</wf>
         <wf lemma="vlees" pos="X">vlees</wf>
         <wf lemma="ligt" pos="X">ligt</wf>
         <wf lemma="in" pos="X">in</wf>
         <wf lemma="het" pos="X">het</wf>
         <instance id="d000.s1812.t000" lemma="vriesvak" pos="NOUN">vriesvak</instance>
         <wf lemma="." pos="X">.</wf>
      </sentence>
      <sentence id="d000.s1813" source="wordnet-dutch">
         <wf lemma="iedere" pos="X">iedere</wf>
         <wf lemma="redacteur" pos="X">redacteur</wf>
         <wf lemma="van" pos="X">van</wf>
         <wf lemma="het" pos="X">het</wf>
         <wf lemma="RBN" pos="X">RBN</wf>
         <wf lemma="levert" pos="X">levert</wf>
         <wf lemma="zijn" pos="X">zijn</wf>
         <instance id="d000.s1813.t000" lemma="aandeel" pos="NOUN">aandeel</instance>
         <wf lemma="." pos="X">.</wf>
      </sentence>
      <sentence id="d000.s1814" source="wordnet-dutch">
         <wf lemma="een" pos="X">een</wf>
         <wf lemma="harde" pos="X">harde</wf>
         <wf lemma="bast" pos="X">bast</wf>
         <instance id="d000.s1814.t000" lemma="omhullen" pos="VERB">omhult</instance>
         <wf lemma="de" pos="X">de</wf>
         <wf lemma="pit." pos="X">pit.</wf>
      </sentence>
      <sentence id="d000.s1815" source="wordnet-dutch">
         <wf lemma="Karel" pos="X">Karel</wf>
         <wf lemma="ende" pos="X">ende</wf>
         <wf lemma="Elegast" pos="X">Elegast</wf>
         <wf lemma="in" pos="X">in</wf>
         <wf lemma="een" pos="X">een</wf>
         <wf lemma="geannoteerde" pos="X">geannoteerde</wf>
         <instance id="d000.s1815.t000" lemma="editie" pos="NOUN">editie</instance>
         <wf lemma="." pos="X">.</wf>
      </sentence>
      <sentence id="d000.s1816" source="wordnet-dutch">
         <wf lemma="we" pos="X">we</wf>
         <wf lemma="zullen" pos="X">zullen</wf>
         <wf lemma="moeten" pos="X">moeten</wf>
         <wf lemma="trachten" pos="X">trachten</wf>
         <wf lemma="te" pos="X">te</wf>
         <instance id="d000.s1816.t000" lemma="redden" pos="VERB">redden</instance>
         <wf lemma="wat" pos="X">wat</wf>
         <wf lemma="er" pos="X">er</wf>
         <wf lemma="nog" pos="X">nog</wf>
         <wf lemma="te" pos="X">te</wf>
         <wf lemma="redden" pos="X">redden</wf>
         <wf lemma="valt" pos="X">valt</wf>
         <wf lemma="." pos="X">.</wf>
      </sentence>
      <sentence id="d000.s1817" source="wordnet-dutch">
         <wf lemma="we" pos="X">we</wf>
         <instance id="d000.s1817.t000" lemma="delen" pos="VERB">delen</instance>
         <wf lemma="de" pos="X">de</wf>
         <wf lemma="auto" pos="X">auto</wf>
         <wf lemma="met" pos="X">met</wf>
         <wf lemma="drie" pos="X">drie</wf>
         <wf lemma="gezinnen" pos="X">gezinnen</wf>
         <wf lemma="." pos="X">.</wf>
      </sentence>
      <sentence id="d000.s1818" source="wordnet-dutch">
         <wf lemma="De" pos="X">De</wf>
         <instance id="d000.s1818.t000" lemma="serie" pos="NOUN">serie</instance>
         <wf lemma="is" pos="X">is</wf>
         <wf lemma="bijna" pos="X">bijna</wf>
         <wf lemma="afgelopen" pos="X">afgelopen</wf>
         <wf lemma="maar" pos="X">maar</wf>
         <wf lemma="er" pos="X">er</wf>
         <wf lemma="komt" pos="X">komt</wf>
         <wf lemma="een" pos="X">een</wf>
         <wf lemma="vervolg" pos="X">vervolg</wf>
         <wf lemma="op" pos="X">op</wf>
         <wf lemma="de" pos="X">de</wf>
         <wf lemma="tv." pos="X">tv.</wf>
      </sentence>
      <sentence id="d000.s1819" source="wordnet-dutch">
         <wf lemma="zij" pos="X">zij</wf>
         <wf lemma="dansen" pos="X">dansen</wf>
         <wf lemma="de" pos="X">de</wf>
         <instance id="d000.s1819.t000" lemma="charleston" pos="NOUN">charleston</instance>
         <wf lemma="." pos="X">.</wf>
      </sentence>
      <sentence id="d000.s1820" source="wordnet-dutch">
         <wf lemma="de" pos="X">de</wf>
         <wf lemma="wolken" pos="X">wolken</wf>
         <instance id="d000.s1820.t000" lemma="bedekken" pos="VERB">bedekten</instance>
         <wf lemma="de" pos="X">de</wf>
         <wf lemma="lucht" pos="X">lucht</wf>
         <wf lemma="volledig" pos="X">volledig</wf>
         <wf lemma="." pos="X">.</wf>
      </sentence>
      <sentence id="d000.s1821" source="wordnet-dutch">
         <wf lemma="maak" pos="X">maak</wf>
         <wf lemma="eens" pos="X">eens</wf>
         <wf lemma="wat" pos="X">wat</wf>
         <instance id="d000.s1821.t000" lemma="licht" pos="NOUN">licht</instance>
         <wf lemma="!" pos="X">!</wf>
      </sentence>
      <sentence id="d000.s1822" source="wordnet-dutch">
         <wf lemma="de" pos="X">de</wf>
         <wf lemma="roofvogel" pos="X">roofvogel</wf>
         <instance id="d000.s1822.t000" lemma="zweven" pos="VERB">zweefde</instance>
         <wf lemma="op" pos="X">op</wf>
         <wf lemma="grote" pos="X">grote</wf>
         <wf lemma="hoogte" pos="X">hoogte</wf>
         <wf lemma="door" pos="X">door</wf>
         <wf lemma="de" pos="X">de</wf>
         <wf lemma="lucht" pos="X">lucht</wf>
         <wf lemma="." pos="X">.</wf>
      </sentence>
      <sentence id="d000.s1823" source="wordnet-dutch">
         <wf lemma="als" pos="X">als</wf>
         <wf lemma="je" pos="X">je</wf>
         <wf lemma="te" pos="X">te</wf>
         <wf lemma="lang" pos="X">lang</wf>
         <wf lemma="over" pos="X">over</wf>
         <wf lemma="dat" pos="X">dat</wf>
         <wf lemma="onderwerp" pos="X">onderwerp</wf>
         <wf lemma="blijft" pos="X">blijft</wf>
         <wf lemma="praten" pos="X">praten</wf>
         <wf lemma="ga" pos="X">ga</wf>
         <wf lemma="je" pos="X">je</wf>
         <wf lemma="het" pos="X">het</wf>
         <wf lemma="publiek" pos="X">publiek</wf>
         <instance id="d000.s1823.t000" lemma="vervelen" pos="VERB">vervelen</instance>
         <wf lemma="." pos="X">.</wf>
      </sentence>
      <sentence id="d000.s1824" source="wordnet-dutch">
         <wf lemma="zijn" pos="X">zijn</wf>
         <instance id="d000.s1824.t000" lemma="tegenwerping" pos="NOUN">tegenwerpingen</instance>
         <wf lemma="zijn" pos="X">zijn</wf>
         <wf lemma="verworpen" pos="X">verworpen</wf>
         <wf lemma="." pos="X">.</wf>
      </sentence>
      <sentence id="d000.s1825" source="wordnet-dutch">
         <wf lemma="Zullen" pos="X">Zullen</wf>
         <wf lemma="we" pos="X">we</wf>
         <wf lemma="een" pos="X">een</wf>
         <wf lemma="spelletje" pos="X">spelletje</wf>
         <instance id="d000.s1825.t000" lemma="piket" pos="NOUN">piket</instance>
         <wf lemma="spelen" pos="X">spelen</wf>
         <wf lemma="?" pos="X">?</wf>
      </sentence>
      <sentence id="d000.s1826" source="wordnet-dutch">
         <wf lemma="de" pos="X">de</wf>
         <wf lemma="romantiek" pos="X">romantiek</wf>
         <wf lemma="is" pos="X">is</wf>
         <wf lemma="in" pos="X">in</wf>
         <wf lemma="verschillende" pos="X">verschillende</wf>
         <instance id="d000.s1826.t000" lemma="periode" pos="NOUN">periodes</instance>
         <wf lemma="onder" pos="X">onder</wf>
         <wf lemma="te" pos="X">te</wf>
         <wf lemma="verdelen" pos="X">verdelen</wf>
         <wf lemma="." pos="X">.</wf>
      </sentence>
      <sentence id="d000.s1827" source="wordnet-dutch">
         <wf lemma="Rusland" pos="X">Rusland</wf>
         <wf lemma="beloofde" pos="X">beloofde</wf>
         <wf lemma="geen" pos="X">geen</wf>
         <wf lemma="nucleaire" pos="X">nucleaire</wf>
         <wf lemma="centrifuge" pos="X">centrifuge</wf>
         <wf lemma="aan" pos="X">aan</wf>
         <wf lemma="Iran" pos="X">Iran</wf>
         <wf lemma="te" pos="X">te</wf>
         <wf lemma="leveren" pos="X">leveren</wf>
         <wf lemma="," pos="X">,</wf>
         <wf lemma="waarmee" pos="X">waarmee</wf>
         <wf lemma="uranium" pos="X">uranium</wf>
         <wf lemma="voor" pos="X">voor</wf>
         <wf lemma="kernwapens" pos="X">kernwapens</wf>
         <wf lemma="kan" pos="X">kan</wf>
         <wf lemma="worden" pos="X">worden</wf>
         <instance id="d000.s1827.t000" lemma="opwerken" pos="VERB">opgewerkt</instance>
         <wf lemma="." pos="X">.</wf>
      </sentence>
      <sentence id="d000.s1828" source="wordnet-dutch">
         <wf lemma="er" pos="X">er</wf>
         <wf lemma="waren" pos="X">waren</wf>
         <wf lemma="veel" pos="X">veel</wf>
         <wf lemma="bekende" pos="X">bekende</wf>
         <wf lemma="gezichten" pos="X">gezichten</wf>
         <wf lemma="op" pos="X">op</wf>
         <wf lemma="de" pos="X">de</wf>
         <instance id="d000.s1828.t000" lemma="party" pos="NOUN">party</instance>
         <wf lemma="." pos="X">.</wf>
      </sentence>
      <sentence id="d000.s1829" source="wordnet-dutch">
         <wf lemma="Investeer" pos="X">Investeer</wf>
         <wf lemma="als" pos="X">als</wf>
         <wf lemma="projectleiding" pos="X">projectleiding</wf>
         <wf lemma="in" pos="X">in</wf>
         <wf lemma="een" pos="X">een</wf>
         <wf lemma="goede" pos="X">goede</wf>
         <instance id="d000.s1829.t000" lemma="politiek" pos="NOUN">politiek</instance>
         <wf lemma="." pos="X">.</wf>
      </sentence>
      <sentence id="d000.s1830" source="wordnet-dutch">
         <wf lemma="ze" pos="X">ze</wf>
         <wf lemma="werden" pos="X">werden</wf>
         <wf lemma="gearresteerd" pos="X">gearresteerd</wf>
         <wf lemma="omdat" pos="X">omdat</wf>
         <wf lemma="ze" pos="X">ze</wf>
         <wf lemma="pamfletten" pos="X">pamfletten</wf>
         <instance id="d000.s1830.t000" lemma="verspreiden" pos="VERB">verspreidden</instance>
         <wf lemma="." pos="X">.</wf>
      </sentence>
      <sentence id="d000.s1831" source="wordnet-dutch">
         <wf lemma="het" pos="X">het</wf>
         <wf lemma="programma" pos="X">programma</wf>
         <wf lemma="staat" pos="X">staat</wf>
         <wf lemma="op" pos="X">op</wf>
         <instance id="d000.s1831.t000" lemma="floppydisk" pos="NOUN">floppydisk</instance>
         <wf lemma="." pos="X">.</wf>
      </sentence>
      <sentence id="d000.s1832" source="wordnet-dutch">
         <wf lemma="later" pos="X">later</wf>
         <wf lemma="kwam" pos="X">kwam</wf>
         <wf lemma="hij" pos="X">hij</wf>
         <wf lemma="tot" pos="X">tot</wf>
         <wf lemma="de" pos="X">de</wf>
         <instance id="d000.s1832.t000" lemma="overtuiging" pos="NOUN">overtuiging</instance>
         <wf lemma="dat" pos="X">dat</wf>
         <wf lemma="zij" pos="X">zij</wf>
         <wf lemma="gelogen" pos="X">gelogen</wf>
         <wf lemma="hadden" pos="X">hadden</wf>
         <wf lemma="." pos="X">.</wf>
      </sentence>
      <sentence id="d000.s1833" source="wordnet-dutch">
         <wf lemma="na" pos="X">na</wf>
         <wf lemma="een" pos="X">een</wf>
         <wf lemma="hele" pos="X">hele</wf>
         <wf lemma="dag" pos="X">dag</wf>
         <wf lemma="collecteren" pos="X">collecteren</wf>
         <wf lemma="had" pos="X">had</wf>
         <wf lemma="ik" pos="X">ik</wf>
         <wf lemma="wel" pos="X">wel</wf>
         <instance id="d000.s1833.t000" lemma="tellen" pos="VERB">geteld</instance>
         <wf lemma="20" pos="X">20</wf>
         <wf lemma="gulden" pos="X">gulden</wf>
         <wf lemma="opgehaald" pos="X">opgehaald</wf>
         <wf lemma="." pos="X">.</wf>
      </sentence>
      <sentence id="d000.s1834" source="wordnet-dutch">
         <wf lemma="het" pos="X">het</wf>
         <wf lemma="schip" pos="X">schip</wf>
         <wf lemma="heeft" pos="X">heeft</wf>
         <wf lemma="een" pos="X">een</wf>
         <wf lemma="totale" pos="X">totale</wf>
         <instance id="d000.s1834.t000" lemma="waterverplaatsing" pos="NOUN">waterverplaatsing</instance>
         <wf lemma="van" pos="X">van</wf>
         <wf lemma="500" pos="X">500</wf>
         <wf lemma="ton" pos="X">ton</wf>
         <wf lemma="." pos="X">.</wf>
      </sentence>
      <sentence id="d000.s1835" source="wordnet-dutch">
         <wf lemma="de" pos="X">de</wf>
         <wf lemma="officiële" pos="X">officiële</wf>
         <wf lemma="berichtgeving" pos="X">berichtgeving</wf>
         <instance id="d000.s1835.t000" lemma="bevatten" pos="VERB">bevat</instance>
         <wf lemma="geen" pos="X">geen</wf>
         <wf lemma="nieuwe" pos="X">nieuwe</wf>
         <wf lemma="informatie" pos="X">informatie</wf>
         <wf lemma="." pos="X">.</wf>
      </sentence>
      <sentence id="d000.s1836" source="wordnet-dutch">
         <wf lemma="een" pos="X">een</wf>
         <wf lemma="schip" pos="X">schip</wf>
         <wf lemma="met" pos="X">met</wf>
         <wf lemma="een" pos="X">een</wf>
         <instance id="d000.s1836.t000" lemma="laadvermogen" pos="NOUN">laadvermogen</instance>
         <wf lemma="van" pos="X">van</wf>
         <wf lemma="300" pos="X">300</wf>
         <wf lemma="ton" pos="X">ton</wf>
         <wf lemma="." pos="X">.</wf>
      </sentence>
      <sentence id="d000.s1837" source="wordnet-dutch">
         <wf lemma="slapen" pos="X">slapen</wf>
         <wf lemma="op" pos="X">op</wf>
         <wf lemma="een" pos="X">een</wf>
         <instance id="d000.s1837.t000" lemma="waterbed" pos="NOUN">waterbed</instance>
         <wf lemma="is" pos="X">is</wf>
         <wf lemma="een" pos="X">een</wf>
         <wf lemma="weldaad" pos="X">weldaad</wf>
         <wf lemma="voor" pos="X">voor</wf>
         <wf lemma="het" pos="X">het</wf>
         <wf lemma="lichaam" pos="X">lichaam</wf>
         <wf lemma="." pos="X">.</wf>
      </sentence>
      <sentence id="d000.s1838" source="wordnet-dutch">
         <wf lemma="op" pos="X">op</wf>
         <wf lemma="een" pos="X">een</wf>
         <instance id="d000.s1838.t000" lemma="dansfeest" pos="NOUN">dansfeest</instance>
         <wf lemma="heb" pos="X">heb</wf>
         <wf lemma="ik" pos="X">ik</wf>
         <wf lemma="Jan" pos="X">Jan</wf>
         <wf lemma="ontmoet" pos="X">ontmoet</wf>
         <wf lemma="." pos="X">.</wf>
      </sentence>
      <sentence id="d000.s1839" source="wordnet-dutch">
         <wf lemma="dat" pos="X">dat</wf>
         <wf lemma="Nederlanders" pos="X">Nederlanders</wf>
         <wf lemma="hun" pos="X">hun</wf>
         <wf lemma="talen" pos="X">talen</wf>
         <wf lemma="goed" pos="X">goed</wf>
         <wf lemma="spreken" pos="X">spreken</wf>
         <wf lemma="is" pos="X">is</wf>
         <wf lemma="een" pos="X">een</wf>
         <instance id="d000.s1839.t000" lemma="fabel" pos="NOUN">fabeltje</instance>
         <wf lemma="." pos="X">.</wf>
      </sentence>
      <sentence id="d000.s1840" source="wordnet-dutch">
         <wf lemma="door" pos="X">door</wf>
         <wf lemma="zulke" pos="X">zulke</wf>
         <wf lemma="gebeurtenissen" pos="X">gebeurtenissen</wf>
         <wf lemma="raakte" pos="X">raakte</wf>
         <wf lemma="zijn" pos="X">zijn</wf>
         <wf lemma="vertrouwen" pos="X">vertrouwen</wf>
         <wf lemma="in" pos="X">in</wf>
         <wf lemma="de" pos="X">de</wf>
         <wf lemma="goede" pos="X">goede</wf>
         <wf lemma="afloop" pos="X">afloop</wf>
         <wf lemma="aan" pos="X">aan</wf>
         <wf lemma="het" pos="X">het</wf>
         <instance id="d000.s1840.t000" lemma="wankelen" pos="VERB">wankelen</instance>
         <wf lemma="." pos="X">.</wf>
      </sentence>
      <sentence id="d000.s1841" source="wordnet-dutch">
         <wf lemma="desondanks" pos="X">desondanks</wf>
         <wf lemma="streek" pos="X">streek</wf>
         <wf lemma="hij" pos="X">hij</wf>
         <wf lemma="een" pos="X">een</wf>
         <wf lemma="mooie" pos="X">mooie</wf>
         <instance id="d000.s1841.t000" lemma="fooi" pos="NOUN">fooi</instance>
         <wf lemma="op" pos="X">op</wf>
         <wf lemma="." pos="X">.</wf>
      </sentence>
      <sentence id="d000.s1842" source="wordnet-dutch">
         <wf lemma="de" pos="X">de</wf>
         <wf lemma="speurhond" pos="X">speurhond</wf>
         <wf lemma="ging" pos="X">ging</wf>
         <wf lemma="op" pos="X">op</wf>
         <wf lemma="de" pos="X">de</wf>
         <instance id="d000.s1842.t000" lemma="reuk" pos="NOUN">reuk</instance>
         <wf lemma="van" pos="X">van</wf>
         <wf lemma="de" pos="X">de</wf>
         <wf lemma="kleding" pos="X">kleding</wf>
         <wf lemma="af" pos="X">af</wf>
         <wf lemma="." pos="X">.</wf>
      </sentence>
      <sentence id="d000.s1843" source="wordnet-dutch">
         <wf lemma="zij" pos="X">zij</wf>
         <wf lemma="is" pos="X">is</wf>
         <wf lemma="al" pos="X">al</wf>
         <wf lemma="weer" pos="X">weer</wf>
         <wf lemma="een" pos="X">een</wf>
         <wf lemma="week" pos="X">week</wf>
         <wf lemma="uit" pos="X">uit</wf>
         <wf lemma="het" pos="X">het</wf>
         <instance id="d000.s1843.t000" lemma="kraambed" pos="NOUN">kraambed</instance>
         <wf lemma="." pos="X">.</wf>
      </sentence>
      <sentence id="d000.s1844" source="wordnet-dutch">
         <wf lemma="het" pos="X">het</wf>
         <wf lemma="tochtte" pos="X">tochtte</wf>
         <wf lemma="daar" pos="X">daar</wf>
         <wf lemma="zo" pos="X">zo</wf>
         <wf lemma="sterk" pos="X">sterk</wf>
         <wf lemma="dat" pos="X">dat</wf>
         <wf lemma="ik" pos="X">ik</wf>
         <wf lemma="er" pos="X">er</wf>
         <wf lemma="een" pos="X">een</wf>
         <wf lemma="verkoudheid" pos="X">verkoudheid</wf>
         <wf lemma="heb" pos="X">heb</wf>
         <instance id="d000.s1844.t000" lemma="opdoen" pos="VERB">opgedaan</instance>
         <wf lemma="." pos="X">.</wf>
      </sentence>
      <sentence id="d000.s1845" source="wordnet-dutch">
         <wf lemma="de" pos="X">de</wf>
         <wf lemma="minister" pos="X">minister</wf>
         <wf lemma="werd" pos="X">werd</wf>
         <wf lemma="ten" pos="X">ten</wf>
         <instance id="d000.s1845.t000" lemma="val" pos="NOUN">val</instance>
         <wf lemma="gebracht" pos="X">gebracht</wf>
         <wf lemma="." pos="X">.</wf>
      </sentence>
      <sentence id="d000.s1846" source="wordnet-dutch">
         <wf lemma="hij" pos="X">hij</wf>
         <wf lemma="concentreerde" pos="X">concentreerde</wf>
         <wf lemma="al" pos="X">al</wf>
         <wf lemma="zijn" pos="X">zijn</wf>
         <instance id="d000.s1846.t000" lemma="aandacht" pos="NOUN">aandacht</instance>
         <wf lemma="op" pos="X">op</wf>
         <wf lemma="het" pos="X">het</wf>
         <wf lemma="oplossen" pos="X">oplossen</wf>
         <wf lemma="van" pos="X">van</wf>
         <wf lemma="dat" pos="X">dat</wf>
         <wf lemma="probleem" pos="X">probleem</wf>
         <wf lemma="." pos="X">.</wf>
      </sentence>
      <sentence id="d000.s1847" source="wordnet-dutch">
         <wf lemma="De" pos="X">De</wf>
         <instance id="d000.s1847.t000" lemma="borg" pos="NOUN">borg</instance>
         <wf lemma="stamt" pos="X">stamt</wf>
         <wf lemma="uit" pos="X">uit</wf>
         <wf lemma="de" pos="X">de</wf>
         <wf lemma="15e" pos="X">15e</wf>
         <wf lemma="eeuw" pos="X">eeuw</wf>
         <wf lemma="en" pos="X">en</wf>
         <wf lemma="ligt" pos="X">ligt</wf>
         <wf lemma="binnen" pos="X">binnen</wf>
         <wf lemma="een" pos="X">een</wf>
         <wf lemma="ruime" pos="X">ruime</wf>
         <wf lemma="gracht" pos="X">gracht</wf>
         <wf lemma="." pos="X">.</wf>
      </sentence>
      <sentence id="d000.s1848" source="wordnet-dutch">
         <wf lemma="het" pos="X">het</wf>
         <wf lemma="succes" pos="X">succes</wf>
         <wf lemma="van" pos="X">van</wf>
         <wf lemma="dit" pos="X">dit</wf>
         <wf lemma="evenement" pos="X">evenement</wf>
         <instance id="d000.s1848.t000" lemma="variëren" pos="VERB">varieert</instance>
         <wf lemma="van" pos="X">van</wf>
         <wf lemma="jaar" pos="X">jaar</wf>
         <wf lemma="tot" pos="X">tot</wf>
         <wf lemma="jaar" pos="X">jaar</wf>
         <wf lemma="." pos="X">.</wf>
      </sentence>
      <sentence id="d000.s1849" source="wordnet-dutch">
         <wf lemma="Meer" pos="X">Meer</wf>
         <wf lemma="dan" pos="X">dan</wf>
         <wf lemma="honderd" pos="X">honderd</wf>
         <wf lemma="deelnemers" pos="X">deelnemers</wf>
         <wf lemma="trokken" pos="X">trokken</wf>
         <wf lemma="zaterdagmiddag" pos="X">zaterdagmiddag</wf>
         <wf lemma="in" pos="X">in</wf>
         <wf lemma="een" pos="X">een</wf>
         <wf lemma="lange" pos="X">lange</wf>
         <instance id="d000.s1849.t000" lemma="stoet" pos="NOUN">stoet</instance>
         <wf lemma="door" pos="X">door</wf>
         <wf lemma="de" pos="X">de</wf>
         <wf lemma="straten" pos="X">straten</wf>
         <wf lemma="van" pos="X">van</wf>
         <wf lemma="Gorinchem" pos="X">Gorinchem</wf>
         <wf lemma="." pos="X">.</wf>
      </sentence>
      <sentence id="d000.s1850" source="wordnet-dutch">
         <wf lemma="het" pos="X">het</wf>
         <instance id="d000.s1850.t000" lemma="verhaal" pos="NOUN">verhaal</instance>
         <wf lemma="is" pos="X">is</wf>
         <wf lemma="van" pos="X">van</wf>
         <wf lemma="a" pos="X">a</wf>
         <wf lemma="tot" pos="X">tot</wf>
         <wf lemma="z" pos="X">z</wf>
         <wf lemma="verzonnen/gelogen" pos="X">verzonnen/gelogen</wf>
         <wf lemma="." pos="X">.</wf>
      </sentence>
      <sentence id="d000.s1851" source="wordnet-dutch">
         <wf lemma="ik" pos="X">ik</wf>
         <wf lemma="heb" pos="X">heb</wf>
         <wf lemma="voor" pos="X">voor</wf>
         <wf lemma="een" pos="X">een</wf>
         <wf lemma="kwantitatieve" pos="X">kwantitatieve</wf>
         <instance id="d000.s1851.t000" lemma="benadering" pos="NOUN">benadering</instance>
         <wf lemma="gekozen" pos="X">gekozen</wf>
         <wf lemma="." pos="X">.</wf>
      </sentence>
      <sentence id="d000.s1852" source="wordnet-dutch">
         <wf lemma="De" pos="X">De</wf>
         <instance id="d000.s1852.t000" lemma="sector" pos="NOUN">sectoren</instance>
         <wf lemma="van" pos="X">van</wf>
         <wf lemma="een" pos="X">een</wf>
         <wf lemma="circeldiagram" pos="X">circeldiagram</wf>
         <wf lemma="zijn" pos="X">zijn</wf>
         <wf lemma="samen" pos="X">samen</wf>
         <wf lemma="100" pos="X">100</wf>
         <wf lemma="%" pos="X">%</wf>
         <wf lemma="." pos="X">.</wf>
      </sentence>
      <sentence id="d000.s1853" source="wordnet-dutch">
         <wf lemma="je" pos="X">je</wf>
         <instance id="d000.s1853.t000" lemma="treffen" pos="VERB">treft</instance>
         <wf lemma="het" pos="X">het</wf>
         <wf lemma="," pos="X">,</wf>
         <wf lemma="ik" pos="X">ik</wf>
         <wf lemma="ben" pos="X">ben</wf>
         <wf lemma="net" pos="X">net</wf>
         <wf lemma="thuis" pos="X">thuis</wf>
         <wf lemma="." pos="X">.</wf>
      </sentence>
      <sentence id="d000.s1854" source="wordnet-dutch">
         <wf lemma="Het" pos="X">Het</wf>
         <wf lemma="rijden" pos="X">rijden</wf>
         <wf lemma="door" pos="X">door</wf>
         <wf lemma="rood" pos="X">rood</wf>
         <wf lemma="is" pos="X">is</wf>
         <wf lemma="de" pos="X">de</wf>
         <wf lemma="fietser" pos="X">fietser</wf>
         <wf lemma="slecht" pos="X">slecht</wf>
         <instance id="d000.s1854.t000" lemma="bekomen" pos="VERB">bekomen</instance>
         <wf lemma="." pos="X">.</wf>
      </sentence>
      <sentence id="d000.s1855" source="wordnet-dutch">
         <wf lemma="ze" pos="X">ze</wf>
         <wf lemma="hebben" pos="X">hebben</wf>
         <wf lemma="gelijk" pos="X">gelijk</wf>
         <wf lemma="," pos="X">,</wf>
         <wf lemma="maar" pos="X">maar</wf>
         <wf lemma="dat" pos="X">dat</wf>
         <wf lemma="ze" pos="X">ze</wf>
         <wf lemma="geweld" pos="X">geweld</wf>
         <wf lemma="gebruiken" pos="X">gebruiken</wf>
         <wf lemma="kun" pos="X">kun</wf>
         <wf lemma="je" pos="X">je</wf>
         <wf lemma="niet" pos="X">niet</wf>
         <instance id="d000.s1855.t000" lemma="goedpraten" pos="VERB">goedpraten</instance>
         <wf lemma="." pos="X">.</wf>
      </sentence>
      <sentence id="d000.s1856" source="wordnet-dutch">
         <wf lemma="die" pos="X">die</wf>
         <wf lemma="garage" pos="X">garage</wf>
         <wf lemma="wordt" pos="X">wordt</wf>
         <wf lemma="gebruikt" pos="X">gebruikt</wf>
         <wf lemma="voor" pos="X">voor</wf>
         <wf lemma="de" pos="X">de</wf>
         <wf lemma="opslag" pos="X">opslag</wf>
         <wf lemma="van" pos="X">van</wf>
         <instance id="d000.s1856.t000" lemma="bouwmateriaal" pos="NOUN">bouwmateriaal</instance>
         <wf lemma="." pos="X">.</wf>
      </sentence>
      <sentence id="d000.s1857" source="wordnet-dutch">
         <wf lemma="de" pos="X">de</wf>
         <wf lemma="drie" pos="X">drie</wf>
         <wf lemma="overheidsvakbonden" pos="X">overheidsvakbonden</wf>
         <wf lemma="deden" pos="X">deden</wf>
         <wf lemma="een" pos="X">een</wf>
         <wf lemma="oproep" pos="X">oproep</wf>
         <wf lemma="(" pos="X">(</wf>
         <wf lemma="om" pos="X">om</wf>
         <wf lemma=")" pos="X">)</wf>
         <wf lemma="het" pos="X">het</wf>
         <instance id="d000.s1857.t000" lemma="werk" pos="NOUN">werk</instance>
         <wf lemma="neer" pos="X">neer</wf>
         <wf lemma="te" pos="X">te</wf>
         <wf lemma="leggen" pos="X">leggen</wf>
         <wf lemma="." pos="X">.</wf>
      </sentence>
      <sentence id="d000.s1858" source="wordnet-dutch">
         <wf lemma="een" pos="X">een</wf>
         <wf lemma="schilderij" pos="X">schilderij</wf>
         <wf lemma="van" pos="X">van</wf>
         <wf lemma="Turner" pos="X">Turner</wf>
         <wf lemma="bracht" pos="X">bracht</wf>
         <wf lemma="op" pos="X">op</wf>
         <wf lemma="een" pos="X">een</wf>
         <instance id="d000.s1858.t000" lemma="veiling" pos="NOUN">veiling</instance>
         <wf lemma="in" pos="X">in</wf>
         <wf lemma="Londen" pos="X">Londen</wf>
         <wf lemma="4,5" pos="X">4,5</wf>
         <wf lemma="miljoen" pos="X">miljoen</wf>
         <wf lemma="frank" pos="X">frank</wf>
         <wf lemma="op" pos="X">op</wf>
         <wf lemma="." pos="X">.</wf>
      </sentence>
      <sentence id="d000.s1859" source="wordnet-dutch">
         <wf lemma="wat" pos="X">wat</wf>
         <wf lemma="haar" pos="X">haar</wf>
         <wf lemma="het" pos="X">het</wf>
         <wf lemma="meest" pos="X">meest</wf>
         <instance id="d000.s1859.t000" lemma="bijblijven" pos="VERB">bijgebleven</instance>
         <wf lemma="is" pos="X">is</wf>
         <wf lemma="," pos="X">,</wf>
         <wf lemma="is" pos="X">is</wf>
         <wf lemma="het" pos="X">het</wf>
         <wf lemma="moment" pos="X">moment</wf>
         <wf lemma="waarop" pos="X">waarop</wf>
         <wf lemma="ze" pos="X">ze</wf>
         <wf lemma="voor" pos="X">voor</wf>
         <wf lemma="het" pos="X">het</wf>
         <wf lemma="eerst" pos="X">eerst</wf>
         <wf lemma="is" pos="X">is</wf>
         <wf lemma="gevlogen" pos="X">gevlogen</wf>
         <wf lemma="." pos="X">.</wf>
      </sentence>
      <sentence id="d000.s1860" source="wordnet-dutch">
         <wf lemma="die" pos="X">die</wf>
         <wf lemma="kinderen" pos="X">kinderen</wf>
         <instance id="d000.s1860.t000" lemma="hebben" pos="VERB">hebben</instance>
         <wf lemma="het" pos="X">het</wf>
         <wf lemma="heus" pos="X">heus</wf>
         <wf lemma="wel" pos="X">wel</wf>
         <wf lemma="goed" pos="X">goed</wf>
         <wf lemma="thuis" pos="X">thuis</wf>
         <wf lemma="." pos="X">.</wf>
      </sentence>
      <sentence id="d000.s1861" source="wordnet-dutch">
         <wf lemma="de" pos="X">de</wf>
         <wf lemma="beschikbare" pos="X">beschikbare</wf>
         <instance id="d000.s1861.t000" lemma="capaciteit" pos="NOUN">capaciteit</instance>
         <wf lemma="moet" pos="X">moet</wf>
         <wf lemma="volledig" pos="X">volledig</wf>
         <wf lemma="benut" pos="X">benut</wf>
         <wf lemma="worden" pos="X">worden</wf>
         <wf lemma="." pos="X">.</wf>
      </sentence>
      <sentence id="d000.s1862" source="wordnet-dutch">
         <wf lemma="zijn" pos="X">zijn</wf>
         <instance id="d000.s1862.t000" lemma="participatie" pos="NOUN">participatie</instance>
         <wf lemma="in" pos="X">in</wf>
         <wf lemma="die" pos="X">die</wf>
         <wf lemma="handelszaak" pos="X">handelszaak</wf>
         <wf lemma="is" pos="X">is</wf>
         <wf lemma="geëindigd" pos="X">geëindigd</wf>
         <wf lemma="." pos="X">.</wf>
      </sentence>
      <sentence id="d000.s1863" source="wordnet-dutch">
         <wf lemma="ik" pos="X">ik</wf>
         <wf lemma="heb" pos="X">heb</wf>
         <wf lemma="niets" pos="X">niets</wf>
         <wf lemma="op" pos="X">op</wf>
         <wf lemma="mijn" pos="X">mijn</wf>
         <instance id="d000.s1863.t000" lemma="bankrekening" pos="NOUN">bankrekening</instance>
         <wf lemma="staan" pos="X">staan</wf>
         <wf lemma="." pos="X">.</wf>
      </sentence>
      <sentence id="d000.s1864" source="wordnet-dutch">
         <wf lemma="hij" pos="X">hij</wf>
         <wf lemma="zal" pos="X">zal</wf>
         <wf lemma="zijn" pos="X">zijn</wf>
         <wf lemma="plannen" pos="X">plannen</wf>
         <instance id="d000.s1864.t000" lemma="uitstellen" pos="VERB">uitstellen</instance>
         <wf lemma="tot" pos="X">tot</wf>
         <wf lemma="zijn" pos="X">zijn</wf>
         <wf lemma="echtgenote" pos="X">echtgenote</wf>
         <wf lemma="genezen" pos="X">genezen</wf>
         <wf lemma="is" pos="X">is</wf>
         <wf lemma="." pos="X">.</wf>
      </sentence>
      <sentence id="d000.s1865" source="wordnet-dutch">
         <wf lemma="mijn" pos="X">mijn</wf>
         <wf lemma="T-shirt" pos="X">T-shirt</wf>
         <wf lemma="is" pos="X">is</wf>
         <wf lemma="in" pos="X">in</wf>
         <wf lemma="de" pos="X">de</wf>
         <wf lemma="was" pos="X">was</wf>
         <instance id="d000.s1865.t000" lemma="krimpen" pos="VERB">gekrompen</instance>
         <wf lemma="." pos="X">.</wf>
      </sentence>
      <sentence id="d000.s1866" source="wordnet-dutch">
         <wf lemma="duizenden" pos="X">duizenden</wf>
         <wf lemma="vrouwen" pos="X">vrouwen</wf>
         <wf lemma="in" pos="X">in</wf>
         <wf lemma="Nederland" pos="X">Nederland</wf>
         <wf lemma="hebben" pos="X">hebben</wf>
         <wf lemma="geen" pos="X">geen</wf>
         <wf lemma="recht" pos="X">recht</wf>
         <wf lemma="op" pos="X">op</wf>
         <instance id="d000.s1866.t000" lemma="pensioen" pos="NOUN">pensioen</instance>
         <wf lemma="." pos="X">.</wf>
      </sentence>
      <sentence id="d000.s1867" source="wordnet-dutch">
         <wf lemma="ik" pos="X">ik</wf>
         <wf lemma="heb" pos="X">heb</wf>
         <wf lemma="vannacht" pos="X">vannacht</wf>
         <instance id="d000.s1867.t000" lemma="dromen" pos="VERB">gedroomd</instance>
         <wf lemma="dat" pos="X">dat</wf>
         <wf lemma="ik" pos="X">ik</wf>
         <wf lemma="de" pos="X">de</wf>
         <wf lemma="lotto" pos="X">lotto</wf>
         <wf lemma="won" pos="X">won</wf>
         <wf lemma="." pos="X">.</wf>
      </sentence>
      <sentence id="d000.s1868" source="wordnet-dutch">
         <wf lemma="in" pos="X">in</wf>
         <wf lemma="wat" pos="X">wat</wf>
         <wf lemma="voor" pos="X">voor</wf>
         <wf lemma="een" pos="X">een</wf>
         <instance id="d000.s1868.t000" lemma="business" pos="NOUN">business</instance>
         <wf lemma="zit" pos="X">zit</wf>
         <wf lemma="hij" pos="X">hij</wf>
         <wf lemma="," pos="X">,</wf>
         <wf lemma="dat" pos="X">dat</wf>
         <wf lemma="hij" pos="X">hij</wf>
         <wf lemma="zo" pos="X">zo</wf>
         <wf lemma="rijk" pos="X">rijk</wf>
         <wf lemma="is" pos="X">is</wf>
         <wf lemma="?" pos="X">?</wf>
      </sentence>
      <sentence id="d000.s1869" source="wordnet-dutch">
         <wf lemma="volgens" pos="X">volgens</wf>
         <wf lemma="een" pos="X">een</wf>
         <instance id="d000.s1869.t000" lemma="opinieonderzoek" pos="NOUN">opinieonderzoek</instance>
         <wf lemma="zakt" pos="X">zakt</wf>
         <wf lemma="D'66" pos="X">D'66</wf>
         <wf lemma="op" pos="X">op</wf>
         <wf lemma="dit" pos="X">dit</wf>
         <wf lemma="moment" pos="X">moment</wf>
         <wf lemma="in" pos="X">in</wf>
         <wf lemma="populariteit" pos="X">populariteit</wf>
         <wf lemma="." pos="X">.</wf>
      </sentence>
      <sentence id="d000.s1870" source="wordnet-dutch">
         <wf lemma="Het" pos="X">Het</wf>
         <wf lemma="Nederlandse" pos="X">Nederlandse</wf>
         <instance id="d000.s1870.t000" lemma="leger" pos="NOUN">leger</instance>
         <wf lemma="bestaat" pos="X">bestaat</wf>
         <wf lemma="uit" pos="X">uit</wf>
         <wf lemma="drie" pos="X">drie</wf>
         <wf lemma="onderdelen" pos="X">onderdelen</wf>
         <wf lemma=":" pos="X">:</wf>
         <wf lemma="de" pos="X">de</wf>
         <wf lemma="landmacht" pos="X">landmacht</wf>
         <wf lemma="," pos="X">,</wf>
         <wf lemma="luchtmacht" pos="X">luchtmacht</wf>
         <wf lemma="en" pos="X">en</wf>
         <wf lemma="de" pos="X">de</wf>
         <wf lemma="marine" pos="X">marine</wf>
         <wf lemma="." pos="X">.</wf>
      </sentence>
      <sentence id="d000.s1871" source="wordnet-dutch">
         <wf lemma="het" pos="X">het</wf>
         <instance id="d000.s1871.t000" lemma="paard" pos="NOUN">paard</instance>
         <wf lemma="op" pos="X">op</wf>
         <wf lemma="E6" pos="X">E6</wf>
         <wf lemma="staat" pos="X">staat</wf>
         <wf lemma="gedekt" pos="X">gedekt</wf>
         <wf lemma="." pos="X">.</wf>
      </sentence>
      <sentence id="d000.s1872" source="wordnet-dutch">
         <wf lemma="hij" pos="X">hij</wf>
         <instance id="d000.s1872.t000" lemma="roepen" pos="VERB">riep</instance>
         <wf lemma="dat" pos="X">dat</wf>
         <wf lemma="we" pos="X">we</wf>
         <wf lemma="allemaal" pos="X">allemaal</wf>
         <wf lemma="naar" pos="X">naar</wf>
         <wf lemma="de" pos="X">de</wf>
         <wf lemma="maan" pos="X">maan</wf>
         <wf lemma="konden" pos="X">konden</wf>
         <wf lemma="lopen" pos="X">lopen</wf>
         <wf lemma="." pos="X">.</wf>
      </sentence>
      <sentence id="d000.s1873" source="wordnet-dutch">
         <wf lemma="de" pos="X">de</wf>
         <wf lemma="ploeg" pos="X">ploeg</wf>
         <wf lemma="speelde" pos="X">speelde</wf>
         <wf lemma="een" pos="X">een</wf>
         <wf lemma="uitstekende" pos="X">uitstekende</wf>
         <wf lemma="partij" pos="X">partij</wf>
         <wf lemma="en" pos="X">en</wf>
         <wf lemma="liet" pos="X">liet</wf>
         <wf lemma="een" pos="X">een</wf>
         <wf lemma="duidelijke" pos="X">duidelijke</wf>
         <wf lemma="3-0" pos="X">3-0</wf>
         <wf lemma="overwinning" pos="X">overwinning</wf>
         <instance id="d000.s1873.t000" lemma="optekenen" pos="VERB">optekenen</instance>
         <wf lemma="." pos="X">.</wf>
      </sentence>
      <sentence id="d000.s1874" source="wordnet-dutch">
         <wf lemma="de" pos="X">de</wf>
         <wf lemma="soep" pos="X">soep</wf>
         <instance id="d000.s1874.t000" lemma="smaken" pos="VERB">smaakt</instance>
         <wf lemma="erg" pos="X">erg</wf>
         <wf lemma="zout" pos="X">zout</wf>
         <wf lemma="." pos="X">.</wf>
      </sentence>
      <sentence id="d000.s1875" source="wordnet-dutch">
         <wf lemma="op" pos="X">op</wf>
         <wf lemma="die" pos="X">die</wf>
         <wf lemma="manier" pos="X">manier</wf>
         <wf lemma="probeert" pos="X">probeert</wf>
         <wf lemma="hij" pos="X">hij</wf>
         <wf lemma="zijn" pos="X">zijn</wf>
         <wf lemma="verantwoordelijkheid" pos="X">verantwoordelijkheid</wf>
         <wf lemma="voor" pos="X">voor</wf>
         <wf lemma="de" pos="X">de</wf>
         <wf lemma="huidige" pos="X">huidige</wf>
         <wf lemma="situatie" pos="X">situatie</wf>
         <wf lemma="te" pos="X">te</wf>
         <instance id="d000.s1875.t000" lemma="ontlopen" pos="VERB">ontlopen</instance>
         <wf lemma="." pos="X">.</wf>
      </sentence>
      <sentence id="d000.s1876" source="wordnet-dutch">
         <wf lemma="De" pos="X">De</wf>
         <wf lemma="Amerikaanse" pos="X">Amerikaanse</wf>
         <instance id="d000.s1876.t000" lemma="tekening" pos="NOUN">tekening</instance>
         <wf lemma="van" pos="X">van</wf>
         <wf lemma="de" pos="X">de</wf>
         <wf lemma="situatie" pos="X">situatie</wf>
         <wf lemma="leek" pos="X">leek</wf>
         <wf lemma="op" pos="X">op</wf>
         <wf lemma="propaganda" pos="X">propaganda</wf>
         <wf lemma="." pos="X">.</wf>
      </sentence>
      <sentence id="d000.s1877" source="wordnet-dutch">
         <wf lemma="u" pos="X">u</wf>
         <wf lemma="moet" pos="X">moet</wf>
         <wf lemma="geen" pos="X">geen</wf>
         <instance id="d000.s1877.t000" lemma="karikatuur" pos="NOUN">karikatuur</instance>
         <wf lemma="van" pos="X">van</wf>
         <wf lemma="mijn" pos="X">mijn</wf>
         <wf lemma="standpunt" pos="X">standpunt</wf>
         <wf lemma="maken" pos="X">maken</wf>
         <wf lemma="." pos="X">.</wf>
      </sentence>
      <sentence id="d000.s1878" source="wordnet-dutch">
         <wf lemma="Zet" pos="X">Zet</wf>
         <wf lemma="de" pos="X">de</wf>
         <wf lemma="glazen" pos="X">glazen</wf>
         <wf lemma="op" pos="X">op</wf>
         <wf lemma="het" pos="X">het</wf>
         <instance id="d000.s1878.t000" lemma="blad" pos="NOUN">blad</instance>
         <wf lemma="." pos="X">.</wf>
      </sentence>
      <sentence id="d000.s1879" source="wordnet-dutch">
         <wf lemma="kun" pos="X">kun</wf>
         <wf lemma="je" pos="X">je</wf>
         <wf lemma="een" pos="X">een</wf>
         <instance id="d000.s1879.t000" lemma="indruk" pos="NOUN">indruk</instance>
         <wf lemma="geven" pos="X">geven</wf>
         <wf lemma="van" pos="X">van</wf>
         <wf lemma="de" pos="X">de</wf>
         <wf lemma="omvang" pos="X">omvang</wf>
         <wf lemma="van" pos="X">van</wf>
         <wf lemma="de" pos="X">de</wf>
         <wf lemma="ramp" pos="X">ramp</wf>
         <wf lemma="." pos="X">.</wf>
      </sentence>
      <sentence id="d000.s1880" source="wordnet-dutch">
         <wf lemma="hij" pos="X">hij</wf>
         <wf lemma="is" pos="X">is</wf>
         <wf lemma="verpleegkundige" pos="X">verpleegkundige</wf>
         <wf lemma="van" pos="X">van</wf>
         <instance id="d000.s1880.t000" lemma="beroep" pos="NOUN">beroep</instance>
         <wf lemma="." pos="X">.</wf>
      </sentence>
      <sentence id="d000.s1881" source="wordnet-dutch">
         <wf lemma="in" pos="X">in</wf>
         <wf lemma="het" pos="X">het</wf>
         <wf lemma="gedrang" pos="X">gedrang</wf>
         <wf lemma="werd" pos="X">werd</wf>
         <wf lemma="een" pos="X">een</wf>
         <wf lemma="klein" pos="X">klein</wf>
         <wf lemma="meisje" pos="X">meisje</wf>
         <instance id="d000.s1881.t000" lemma="omverduwen" pos="VERB">omvergeduwd</instance>
         <wf lemma="." pos="X">.</wf>
      </sentence>
      <sentence id="d000.s1882" source="wordnet-dutch">
         <wf lemma="de" pos="X">de</wf>
         <wf lemma="regering" pos="X">regering</wf>
         <wf lemma="wil" pos="X">wil</wf>
         <wf lemma="met" pos="X">met</wf>
         <wf lemma="deze" pos="X">deze</wf>
         <wf lemma="maatregelen" pos="X">maatregelen</wf>
         <wf lemma="de" pos="X">de</wf>
         <wf lemma="intensieve" pos="X">intensieve</wf>
         <instance id="d000.s1882.t000" lemma="veeteelt" pos="NOUN">veeteelt</instance>
         <wf lemma="ontmoedigen" pos="X">ontmoedigen</wf>
         <wf lemma="ten" pos="X">ten</wf>
         <wf lemma="gunste" pos="X">gunste</wf>
         <wf lemma="van" pos="X">van</wf>
         <wf lemma="de" pos="X">de</wf>
         <wf lemma="kleinschalige" pos="X">kleinschalige</wf>
         <wf lemma="gezinsbedrijven" pos="X">gezinsbedrijven</wf>
         <wf lemma="." pos="X">.</wf>
      </sentence>
      <sentence id="d000.s1883" source="wordnet-dutch">
         <wf lemma="zij" pos="X">zij</wf>
         <wf lemma="is" pos="X">is</wf>
         <wf lemma="uiteindelijk" pos="X">uiteindelijk</wf>
         <wf lemma="aan" pos="X">aan</wf>
         <wf lemma="een" pos="X">een</wf>
         <wf lemma="longontsteking" pos="X">longontsteking</wf>
         <instance id="d000.s1883.t000" lemma="doodgaan" pos="VERB">doodgegaan</instance>
         <wf lemma="." pos="X">.</wf>
      </sentence>
      <sentence id="d000.s1884" source="wordnet-dutch">
         <wf lemma="hij" pos="X">hij</wf>
         <wf lemma="wil" pos="X">wil</wf>
         <wf lemma="samen" pos="X">samen</wf>
         <wf lemma="met" pos="X">met</wf>
         <wf lemma="zijn" pos="X">zijn</wf>
         <wf lemma="broer" pos="X">broer</wf>
         <wf lemma="een" pos="X">een</wf>
         <wf lemma="bedrijf" pos="X">bedrijf</wf>
         <instance id="d000.s1884.t000" lemma="opzetten" pos="VERB">opzetten</instance>
         <wf lemma="." pos="X">.</wf>
      </sentence>
      <sentence id="d000.s1885" source="wordnet-dutch">
         <wf lemma="de" pos="X">de</wf>
         <wf lemma="EG" pos="X">EG</wf>
         <instance id="d000.s1885.t000" lemma="veroordelen" pos="VERB">veroordeelt</instance>
         <wf lemma="het" pos="X">het</wf>
         <wf lemma="optreden" pos="X">optreden</wf>
         <wf lemma="van" pos="X">van</wf>
         <wf lemma="de" pos="X">de</wf>
         <wf lemma="Russische" pos="X">Russische</wf>
         <wf lemma="troepen" pos="X">troepen</wf>
         <wf lemma="." pos="X">.</wf>
      </sentence>
      <sentence id="d000.s1886" source="wordnet-dutch">
         <wf lemma="volgens" pos="X">volgens</wf>
         <wf lemma="de" pos="X">de</wf>
         <wf lemma="directeur" pos="X">directeur</wf>
         <wf lemma="van" pos="X">van</wf>
         <wf lemma="het" pos="X">het</wf>
         <wf lemma="hospitaal" pos="X">hospitaal</wf>
         <wf lemma="had" pos="X">had</wf>
         <wf lemma="hij" pos="X">hij</wf>
         <wf lemma="enkele" pos="X">enkele</wf>
         <instance id="d000.s1886.t000" lemma="wervel" pos="NOUN">wervels</instance>
         <wf lemma="gebroken" pos="X">gebroken</wf>
         <wf lemma="." pos="X">.</wf>
      </sentence>
      <sentence id="d000.s1887" source="wordnet-dutch">
         <wf lemma="u" pos="X">u</wf>
         <wf lemma="betaald" pos="X">betaald</wf>
         <wf lemma="een" pos="X">een</wf>
         <wf lemma="vast" pos="X">vast</wf>
         <wf lemma="bedrag" pos="X">bedrag</wf>
         <wf lemma="per" pos="X">per</wf>
         <instance id="d000.s1887.t000" lemma="tijdseenheid" pos="NOUN">tijdseenheid</instance>
         <wf lemma="." pos="X">.</wf>
      </sentence>
      <sentence id="d000.s1888" source="wordnet-dutch">
         <wf lemma="de" pos="X">de</wf>
         <wf lemma="beschuldigde" pos="X">beschuldigde</wf>
         <wf lemma="in" pos="X">in</wf>
         <wf lemma="de" pos="X">de</wf>
         <instance id="d000.s1888.t000" lemma="clementie" pos="NOUN">clementie</instance>
         <wf lemma="van" pos="X">van</wf>
         <wf lemma="de" pos="X">de</wf>
         <wf lemma="rechters" pos="X">rechters</wf>
         <wf lemma="aanbevelen" pos="X">aanbevelen</wf>
         <wf lemma="." pos="X">.</wf>
      </sentence>
      <sentence id="d000.s1889" source="wordnet-dutch">
         <wf lemma="de" pos="X">de</wf>
         <wf lemma="Nijmeegse" pos="X">Nijmeegse</wf>
         <wf lemma="Vierdaagse" pos="X">Vierdaagse</wf>
         <wf lemma="is" pos="X">is</wf>
         <wf lemma="flink" pos="X">flink</wf>
         <instance id="d000.s1889.t000" lemma="aanpoten" pos="VERB">aanpoten</instance>
         <wf lemma="." pos="X">.</wf>
      </sentence>
      <sentence id="d000.s1890" source="wordnet-dutch">
         <wf lemma="in" pos="X">in</wf>
         <wf lemma="een" pos="X">een</wf>
         <wf lemma="zomerskigebied" pos="X">zomerskigebied</wf>
         <wf lemma="ski" pos="X">ski</wf>
         <wf lemma="je" pos="X">je</wf>
         <wf lemma="veelal" pos="X">veelal</wf>
         <wf lemma="op" pos="X">op</wf>
         <wf lemma="een" pos="X">een</wf>
         <instance id="d000.s1890.t000" lemma="gletsjer" pos="NOUN">gletsjer</instance>
         <wf lemma="." pos="X">.</wf>
      </sentence>
      <sentence id="d000.s1891" source="wordnet-dutch">
         <wf lemma="Frank" pos="X">Frank</wf>
         <wf lemma="Govers" pos="X">Govers</wf>
         <wf lemma="," pos="X">,</wf>
         <wf lemma="de" pos="X">de</wf>
         <wf lemma="couturier" pos="X">couturier</wf>
         <wf lemma="," pos="X">,</wf>
         <wf lemma="maakte" pos="X">maakte</wf>
         <wf lemma="kleding" pos="X">kleding</wf>
         <wf lemma="met" pos="X">met</wf>
         <wf lemma="de" pos="X">de</wf>
         <wf lemma="mooiste" pos="X">mooiste</wf>
         <instance id="d000.s1891.t000" lemma="stof" pos="NOUN">stoffen</instance>
         <wf lemma="die" pos="X">die</wf>
         <wf lemma="er" pos="X">er</wf>
         <wf lemma="zijn" pos="X">zijn</wf>
         <wf lemma="." pos="X">.</wf>
      </sentence>
      <sentence id="d000.s1892" source="wordnet-dutch">
         <wf lemma="de" pos="X">de</wf>
         <wf lemma="rechtbank" pos="X">rechtbank</wf>
         <wf lemma="achtte" pos="X">achtte</wf>
         <wf lemma="de" pos="X">de</wf>
         <wf lemma="kans" pos="X">kans</wf>
         <wf lemma="te" pos="X">te</wf>
         <wf lemma="groot" pos="X">groot</wf>
         <wf lemma="dat" pos="X">dat</wf>
         <wf lemma="de" pos="X">de</wf>
         <wf lemma="twee" pos="X">twee</wf>
         <wf lemma="broers" pos="X">broers</wf>
         <wf lemma="getuigen" pos="X">getuigen</wf>
         <wf lemma="van" pos="X">van</wf>
         <wf lemma="hun" pos="X">hun</wf>
         <wf lemma="fraudepraktijken" pos="X">fraudepraktijken</wf>
         <instance id="d000.s1892.t000" lemma="pressen" pos="VERB">pressen</instance>
         <wf lemma="om" pos="X">om</wf>
         <wf lemma="de" pos="X">de</wf>
         <wf lemma="waarheid" pos="X">waarheid</wf>
         <wf lemma="te" pos="X">te</wf>
         <wf lemma="verdraaien" pos="X">verdraaien</wf>
         <wf lemma="." pos="X">.</wf>
      </sentence>
      <sentence id="d000.s1893" source="wordnet-dutch">
         <wf lemma="de" pos="X">de</wf>
         <wf lemma="hitte" pos="X">hitte</wf>
         <wf lemma="in" pos="X">in</wf>
         <wf lemma="de" pos="X">de</wf>
         <wf lemma="woestijn" pos="X">woestijn</wf>
         <wf lemma="was" pos="X">was</wf>
         <wf lemma="niet" pos="X">niet</wf>
         <wf lemma="te" pos="X">te</wf>
         <instance id="d000.s1893.t000" lemma="harden" pos="VERB">harden</instance>
         <wf lemma="." pos="X">.</wf>
      </sentence>
      <sentence id="d000.s1894" source="wordnet-dutch">
         <wf lemma="de" pos="X">de</wf>
         <wf lemma="tieners" pos="X">tieners</wf>
         <wf lemma="probeerden" pos="X">probeerden</wf>
         <wf lemma="tevergeefs" pos="X">tevergeefs</wf>
         <wf lemma="hun" pos="X">hun</wf>
         <wf lemma="ouders" pos="X">ouders</wf>
         <wf lemma="te" pos="X">te</wf>
         <instance id="d000.s1894.t000" lemma="bewerken" pos="VERB">bewerken</instance>
         <wf lemma="." pos="X">.</wf>
      </sentence>
      <sentence id="d000.s1895" source="wordnet-dutch">
         <wf lemma="het" pos="X">het</wf>
         <wf lemma="aantal" pos="X">aantal</wf>
         <wf lemma="werknemers" pos="X">werknemers</wf>
         <wf lemma="werd" pos="X">werd</wf>
         <wf lemma="in" pos="X">in</wf>
         <wf lemma="de" pos="X">de</wf>
         <wf lemma="afgelopen" pos="X">afgelopen</wf>
         <wf lemma="jaren" pos="X">jaren</wf>
         <wf lemma="sterk" pos="X">sterk</wf>
         <instance id="d000.s1895.t000" lemma="reduceren" pos="VERB">gereduceerd</instance>
         <wf lemma="." pos="X">.</wf>
      </sentence>
      <sentence id="d000.s1896" source="wordnet-dutch">
         <wf lemma="ik" pos="X">ik</wf>
         <wf lemma="sta" pos="X">sta</wf>
         <wf lemma="nu" pos="X">nu</wf>
         <wf lemma="nog" pos="X">nog</wf>
         <wf lemma="aan" pos="X">aan</wf>
         <wf lemma="het" pos="X">het</wf>
         <instance id="d000.s1896.t000" lemma="pompstation" pos="NOUN">pompstation</instance>
         <wf lemma="bij" pos="X">bij</wf>
         <wf lemma="Breukelen" pos="X">Breukelen</wf>
         <wf lemma="," pos="X">,</wf>
         <wf lemma="ik" pos="X">ik</wf>
         <wf lemma="ben" pos="X">ben</wf>
         <wf lemma="zo" pos="X">zo</wf>
         <wf lemma="thuis" pos="X">thuis</wf>
         <wf lemma="." pos="X">.</wf>
      </sentence>
      <sentence id="d000.s1897" source="wordnet-dutch">
         <wf lemma="morgen" pos="X">morgen</wf>
         <wf lemma="krijgen" pos="X">krijgen</wf>
         <wf lemma="we" pos="X">we</wf>
         <wf lemma="een" pos="X">een</wf>
         <wf lemma="flink" pos="X">flink</wf>
         <instance id="d000.s1897.t000" lemma="pak" pos="NOUN">pak</instance>
         <wf lemma="sneeuw" pos="X">sneeuw</wf>
         <wf lemma="." pos="X">.</wf>
      </sentence>
      <sentence id="d000.s1898" source="wordnet-dutch">
         <wf lemma="ligt" pos="X">ligt</wf>
         <wf lemma="de" pos="X">de</wf>
         <wf lemma="kaart" pos="X">kaart</wf>
         <wf lemma="soms" pos="X">soms</wf>
         <wf lemma="op" pos="X">op</wf>
         <wf lemma="de" pos="X">de</wf>
         <instance id="d000.s1898.t000" lemma="hoedenplank" pos="NOUN">hoedenplank</instance>
         <wf lemma="?" pos="X">?</wf>
      </sentence>
      <sentence id="d000.s1899" source="wordnet-dutch">
         <wf lemma="de" pos="X">de</wf>
         <wf lemma="waarheid/leugen" pos="X">waarheid/leugen</wf>
         <wf lemma="is" pos="X">is</wf>
         <wf lemma="toch" pos="X">toch</wf>
         <instance id="d000.s1899.t000" lemma="uitkomen" pos="VERB">uitgekomen</instance>
         <wf lemma="." pos="X">.</wf>
      </sentence>
      <sentence id="d000.s1900" source="wordnet-dutch">
         <wf lemma="hij" pos="X">hij</wf>
         <wf lemma="doet" pos="X">doet</wf>
         <wf lemma="alleen" pos="X">alleen</wf>
         <wf lemma="wat" pos="X">wat</wf>
         <wf lemma="hem" pos="X">hem</wf>
         <instance id="d000.s1900.t000" lemma="goeddunken" pos="VERB">goeddunkt</instance>
         <wf lemma="." pos="X">.</wf>
      </sentence>
      <sentence id="d000.s1901" source="wordnet-dutch">
         <wf lemma="nou" pos="X">nou</wf>
         <wf lemma="," pos="X">,</wf>
         <wf lemma="dan" pos="X">dan</wf>
         <wf lemma="ben" pos="X">ben</wf>
         <wf lemma="je" pos="X">je</wf>
         <wf lemma="wel" pos="X">wel</wf>
         <wf lemma="een" pos="X">een</wf>
         <wf lemma="grote" pos="X">grote</wf>
         <instance id="d000.s1901.t000" lemma="klootzak" pos="NOUN">klootzak</instance>
         <wf lemma="." pos="X">.</wf>
      </sentence>
      <sentence id="d000.s1902" source="wordnet-dutch">
         <wf lemma="wilt" pos="X">wilt</wf>
         <wf lemma="u" pos="X">u</wf>
         <wf lemma="achter" pos="X">achter</wf>
         <wf lemma="(" pos="X">(</wf>
         <wf lemma="de" pos="X">de</wf>
         <wf lemma="rij/die" pos="X">rij/die</wf>
         <wf lemma="mevrouw" pos="X">mevrouw</wf>
         <wf lemma=")" pos="X">)</wf>
         <instance id="d000.s1902.t000" lemma="aansluiten" pos="VERB">aansluiten</instance>
         <wf lemma="?" pos="X">?</wf>
      </sentence>
      <sentence id="d000.s1903" source="wordnet-dutch">
         <wf lemma="De" pos="X">De</wf>
         <wf lemma="soldaat" pos="X">soldaat</wf>
         <wf lemma="had" pos="X">had</wf>
         <wf lemma="een" pos="X">een</wf>
         <wf lemma="afspraak" pos="X">afspraak</wf>
         <wf lemma="met" pos="X">met</wf>
         <wf lemma="de" pos="X">de</wf>
         <instance id="d000.s1903.t000" lemma="aal" pos="NOUN">aal</instance>
         <wf lemma="om" pos="X">om</wf>
         <wf lemma="te" pos="X">te</wf>
         <wf lemma="praten" pos="X">praten</wf>
         <wf lemma="over" pos="X">over</wf>
         <wf lemma="zijn" pos="X">zijn</wf>
         <wf lemma="angsten" pos="X">angsten</wf>
         <wf lemma="." pos="X">.</wf>
      </sentence>
      <sentence id="d000.s1904" source="wordnet-dutch">
         <wf lemma="deze" pos="X">deze</wf>
         <wf lemma="jas" pos="X">jas</wf>
         <wf lemma="heeft" pos="X">heeft</wf>
         <wf lemma="een" pos="X">een</wf>
         <wf lemma="goede/mooie" pos="X">goede/mooie</wf>
         <instance id="d000.s1904.t000" lemma="snit" pos="NOUN">snit</instance>
         <wf lemma="." pos="X">.</wf>
      </sentence>
      <sentence id="d000.s1905" source="wordnet-dutch">
         <wf lemma="Hij" pos="X">Hij</wf>
         <wf lemma="vindt" pos="X">vindt</wf>
         <wf lemma="zijn" pos="X">zijn</wf>
         <wf lemma="nederlaag" pos="X">nederlaag</wf>
         <wf lemma="moeilijk" pos="X">moeilijk</wf>
         <wf lemma="te" pos="X">te</wf>
         <instance id="d000.s1905.t000" lemma="verteren" pos="VERB">verteren</instance>
         <wf lemma="." pos="X">.</wf>
      </sentence>
      <sentence id="d000.s1906" source="wordnet-dutch">
         <wf lemma="ik" pos="X">ik</wf>
         <wf lemma="moet" pos="X">moet</wf>
         <wf lemma="mijn" pos="X">mijn</wf>
         <wf lemma="auto" pos="X">auto</wf>
         <wf lemma="nog" pos="X">nog</wf>
         <wf lemma="eens" pos="X">eens</wf>
         <wf lemma="een" pos="X">een</wf>
         <wf lemma="stevige" pos="X">stevige</wf>
         <instance id="d000.s1906.t000" lemma="wasbeurt" pos="NOUN">wasbeurt</instance>
         <wf lemma="geven" pos="X">geven</wf>
         <wf lemma="." pos="X">.</wf>
      </sentence>
      <sentence id="d000.s1907" source="wordnet-dutch">
         <wf lemma="ik" pos="X">ik</wf>
         <wf lemma="weet" pos="X">weet</wf>
         <wf lemma="niet" pos="X">niet</wf>
         <wf lemma="waarom" pos="X">waarom</wf>
         <wf lemma="," pos="X">,</wf>
         <wf lemma="maar" pos="X">maar</wf>
         <wf lemma="ik" pos="X">ik</wf>
         <instance id="d000.s1907.t000" lemma="moeten" pos="VERB">moet</instance>
         <wf lemma="hem" pos="X">hem</wf>
         <wf lemma="gewoon" pos="X">gewoon</wf>
         <wf lemma="niet" pos="X">niet</wf>
         <wf lemma="." pos="X">.</wf>
      </sentence>
      <sentence id="d000.s1908" source="wordnet-dutch">
         <wf lemma="hij" pos="X">hij</wf>
         <instance id="d000.s1908.t000" lemma="vinden" pos="VERB">vond</instance>
         <wf lemma="dat" pos="X">dat</wf>
         <wf lemma="we" pos="X">we</wf>
         <wf lemma="toch" pos="X">toch</wf>
         <wf lemma="maar" pos="X">maar</wf>
         <wf lemma="wel" pos="X">wel</wf>
         <wf lemma="die" pos="X">die</wf>
         <wf lemma="keuken" pos="X">keuken</wf>
         <wf lemma="moesten" pos="X">moesten</wf>
         <wf lemma="kopen" pos="X">kopen</wf>
         <wf lemma="." pos="X">.</wf>
      </sentence>
      <sentence id="d000.s1909" source="wordnet-dutch">
         <wf lemma="hij" pos="X">hij</wf>
         <wf lemma="probeerde" pos="X">probeerde</wf>
         <wf lemma="zijn" pos="X">zijn</wf>
         <wf lemma="vijanden" pos="X">vijanden</wf>
         <wf lemma="zo" pos="X">zo</wf>
         <wf lemma="veel" pos="X">veel</wf>
         <wf lemma="mogelijk" pos="X">mogelijk</wf>
         <wf lemma="te" pos="X">te</wf>
         <instance id="d000.s1909.t000" lemma="ontlopen" pos="VERB">ontlopen</instance>
         <wf lemma="." pos="X">.</wf>
      </sentence>
      <sentence id="d000.s1910" source="wordnet-dutch">
         <wf lemma="deze" pos="X">deze</wf>
         <wf lemma="sigaretten" pos="X">sigaretten</wf>
         <wf lemma="zijn" pos="X">zijn</wf>
         <wf lemma="arm" pos="X">arm</wf>
         <wf lemma="aan" pos="X">aan</wf>
         <instance id="d000.s1910.t000" lemma="nicotine" pos="NOUN">nicotine</instance>
         <wf lemma="." pos="X">.</wf>
      </sentence>
      <sentence id="d000.s1911" source="wordnet-dutch">
         <wf lemma="ze" pos="X">ze</wf>
         <instance id="d000.s1911.t000" lemma="vervolgen" pos="VERB">vervolgden</instance>
         <wf lemma="hun" pos="X">hun</wf>
         <wf lemma="reis" pos="X">reis</wf>
         <wf lemma="in" pos="X">in</wf>
         <wf lemma="de" pos="X">de</wf>
         <wf lemma="auto" pos="X">auto</wf>
         <wf lemma="van" pos="X">van</wf>
         <wf lemma="hun" pos="X">hun</wf>
         <wf lemma="vrienden" pos="X">vrienden</wf>
         <wf lemma="." pos="X">.</wf>
      </sentence>
      <sentence id="d000.s1912" source="wordnet-dutch">
         <wf lemma="Ineens" pos="X">Ineens</wf>
         <wf lemma="kwam" pos="X">kwam</wf>
         <wf lemma="er" pos="X">er</wf>
         <wf lemma="een" pos="X">een</wf>
         <wf lemma="stevige" pos="X">stevige</wf>
         <wf lemma="wind" pos="X">wind</wf>
         <instance id="d000.s1912.t000" lemma="opzetten" pos="VERB">opzetten</instance>
         <wf lemma="." pos="X">.</wf>
      </sentence>
      <sentence id="d000.s1913" source="wordnet-dutch">
         <wf lemma="hij" pos="X">hij</wf>
         <wf lemma="meende" pos="X">meende</wf>
         <wf lemma="dat" pos="X">dat</wf>
         <wf lemma="het" pos="X">het</wf>
         <wf lemma="geen" pos="X">geen</wf>
         <wf lemma="zin" pos="X">zin</wf>
         <wf lemma="had" pos="X">had</wf>
         <wf lemma="nog" pos="X">nog</wf>
         <wf lemma="langer" pos="X">langer</wf>
         <wf lemma="te" pos="X">te</wf>
         <instance id="d000.s1913.t000" lemma="procederen" pos="VERB">procederen</instance>
         <wf lemma="." pos="X">.</wf>
      </sentence>
      <sentence id="d000.s1914" source="wordnet-dutch">
         <wf lemma="de" pos="X">de</wf>
         <instance id="d000.s1914.t000" lemma="begeleiding" pos="NOUN">begeleiding</instance>
         <wf lemma="van" pos="X">van</wf>
         <wf lemma="het" pos="X">het</wf>
         <wf lemma="geldtransport" pos="X">geldtransport</wf>
         <wf lemma="." pos="X">.</wf>
      </sentence>
      <sentence id="d000.s1915" source="wordnet-dutch">
         <wf lemma="zij" pos="X">zij</wf>
         <wf lemma="werken" pos="X">werken</wf>
         <wf lemma="onder" pos="X">onder</wf>
         <instance id="d000.s1915.t000" lemma="supervisie" pos="NOUN">supervisie</instance>
         <wf lemma="van" pos="X">van</wf>
         <wf lemma="de" pos="X">de</wf>
         <wf lemma="VN." pos="X">VN.</wf>
      </sentence>
      <sentence id="d000.s1916" source="wordnet-dutch">
         <wf lemma="hij" pos="X">hij</wf>
         <wf lemma="werd" pos="X">werd</wf>
         <instance id="d000.s1916.t000" lemma="ontmaskeren" pos="VERB">ontmaskerd</instance>
         <wf lemma="als" pos="X">als</wf>
         <wf lemma="de" pos="X">de</wf>
         <wf lemma="dader" pos="X">dader</wf>
         <wf lemma="die" pos="X">die</wf>
         <wf lemma="haar" pos="X">haar</wf>
         <wf lemma="gisteren" pos="X">gisteren</wf>
         <wf lemma="had" pos="X">had</wf>
         <wf lemma="overvallen" pos="X">overvallen</wf>
         <wf lemma="." pos="X">.</wf>
      </sentence>
      <sentence id="d000.s1917" source="wordnet-dutch">
         <wf lemma="de" pos="X">de</wf>
         <wf lemma="huizen" pos="X">huizen</wf>
         <wf lemma="zijn" pos="X">zijn</wf>
         <wf lemma="in" pos="X">in</wf>
         <instance id="d000.s1917.t000" lemma="puin" pos="NOUN">puin</instance>
         <wf lemma="geschoten" pos="X">geschoten</wf>
         <wf lemma="." pos="X">.</wf>
      </sentence>
      <sentence id="d000.s1918" source="wordnet-dutch">
         <wf lemma="dat" pos="X">dat</wf>
         <wf lemma="jasje" pos="X">jasje</wf>
         <instance id="d000.s1918.t000" lemma="combineren" pos="VERB">combineert</instance>
         <wf lemma="mooi" pos="X">mooi</wf>
         <wf lemma="met" pos="X">met</wf>
         <wf lemma="die" pos="X">die</wf>
         <wf lemma="broek" pos="X">broek</wf>
         <wf lemma="." pos="X">.</wf>
      </sentence>
      <sentence id="d000.s1919" source="wordnet-dutch">
         <wf lemma="normaal" pos="X">normaal</wf>
         <wf lemma="gesproken" pos="X">gesproken</wf>
         <instance id="d000.s1919.t000" lemma="wegen" pos="VERB">weeg</instance>
         <wf lemma="ik" pos="X">ik</wf>
         <wf lemma="rond" pos="X">rond</wf>
         <wf lemma="de" pos="X">de</wf>
         <wf lemma="vijfenzeventig" pos="X">vijfenzeventig</wf>
         <wf lemma="kilo" pos="X">kilo</wf>
         <wf lemma="." pos="X">.</wf>
      </sentence>
      <sentence id="d000.s1920" source="wordnet-dutch">
         <wf lemma="we" pos="X">we</wf>
         <wf lemma="zijn" pos="X">zijn</wf>
         <wf lemma="met" pos="X">met</wf>
         <wf lemma="de" pos="X">de</wf>
         <wf lemma="hele" pos="X">hele</wf>
         <instance id="d000.s1920.t000" lemma="bups" pos="NOUN">bups</instance>
         <wf lemma="naar" pos="X">naar</wf>
         <wf lemma="het" pos="X">het</wf>
         <wf lemma="zwembad" pos="X">zwembad</wf>
         <wf lemma="gegaan" pos="X">gegaan</wf>
         <wf lemma="." pos="X">.</wf>
      </sentence>
      <sentence id="d000.s1921" source="wordnet-dutch">
         <wf lemma="men" pos="X">men</wf>
         <wf lemma="mag" pos="X">mag</wf>
         <wf lemma="de" pos="X">de</wf>
         <wf lemma="keeper" pos="X">keeper</wf>
         <wf lemma="niet" pos="X">niet</wf>
         <instance id="d000.s1921.t000" lemma="aanval" pos="VERB">aanvallen</instance>
         <wf lemma="als" pos="X">als</wf>
         <wf lemma="zijn" pos="X">zijn</wf>
         <wf lemma="voeten" pos="X">voeten</wf>
         <wf lemma="van" pos="X">van</wf>
         <wf lemma="de" pos="X">de</wf>
         <wf lemma="grond" pos="X">grond</wf>
         <wf lemma="zijn" pos="X">zijn</wf>
         <wf lemma="." pos="X">.</wf>
      </sentence>
      <sentence id="d000.s1922" source="wordnet-dutch">
         <wf lemma="een" pos="X">een</wf>
         <wf lemma="gespecialiseerd" pos="X">gespecialiseerd</wf>
         <wf lemma="team" pos="X">team</wf>
         <wf lemma="kon" pos="X">kon</wf>
         <wf lemma="de" pos="X">de</wf>
         <wf lemma="bom" pos="X">bom</wf>
         <wf lemma="tijdig" pos="X">tijdig</wf>
         <instance id="d000.s1922.t000" lemma="neutraliseren" pos="VERB">neutraliseren</instance>
         <wf lemma="." pos="X">.</wf>
      </sentence>
      <sentence id="d000.s1923" source="wordnet-dutch">
         <wf lemma="zij" pos="X">zij</wf>
         <wf lemma="boden" pos="X">boden</wf>
         <wf lemma="de" pos="X">de</wf>
         <wf lemma="jarige" pos="X">jarige</wf>
         <wf lemma="een" pos="X">een</wf>
         <instance id="d000.s1923.t000" lemma="cadeaubon" pos="NOUN">cadeaubon</instance>
         <wf lemma="aan" pos="X">aan</wf>
         <wf lemma="." pos="X">.</wf>
      </sentence>
      <sentence id="d000.s1924" source="wordnet-dutch">
         <wf lemma="Het" pos="X">Het</wf>
         <wf lemma="grootste" pos="X">grootste</wf>
         <wf lemma="menselijke" pos="X">menselijke</wf>
         <instance id="d000.s1924.t000" lemma="orgaan" pos="NOUN">orgaan</instance>
         <wf lemma="is" pos="X">is</wf>
         <wf lemma="de" pos="X">de</wf>
         <wf lemma="huid" pos="X">huid</wf>
         <wf lemma="." pos="X">.</wf>
      </sentence>
      <sentence id="d000.s1925" source="wordnet-dutch">
         <wf lemma="we" pos="X">we</wf>
         <wf lemma="mogen" pos="X">mogen</wf>
         <wf lemma="zijn" pos="X">zijn</wf>
         <wf lemma="rol" pos="X">rol</wf>
         <wf lemma="in" pos="X">in</wf>
         <wf lemma="deze" pos="X">deze</wf>
         <wf lemma="zaak" pos="X">zaak</wf>
         <wf lemma="vooral" pos="X">vooral</wf>
         <wf lemma="niet" pos="X">niet</wf>
         <instance id="d000.s1925.t000" lemma="onderschatten" pos="VERB">onderschatten</instance>
         <wf lemma="." pos="X">.</wf>
      </sentence>
      <sentence id="d000.s1926" source="wordnet-dutch">
         <wf lemma="toen" pos="X">toen</wf>
         <wf lemma="ik" pos="X">ik</wf>
         <wf lemma="gas" pos="X">gas</wf>
         <wf lemma="gaf" pos="X">gaf</wf>
         <wf lemma="," pos="X">,</wf>
         <wf lemma="bleek" pos="X">bleek</wf>
         <wf lemma="de" pos="X">de</wf>
         <wf lemma="auto" pos="X">auto</wf>
         <wf lemma="in" pos="X">in</wf>
         <wf lemma="z'n" pos="X">z'n</wf>
         <instance id="d000.s1926.t000" lemma="achteruit" pos="NOUN">achteruit</instance>
         <wf lemma="te" pos="X">te</wf>
         <wf lemma="staan" pos="X">staan</wf>
         <wf lemma="." pos="X">.</wf>
      </sentence>
      <sentence id="d000.s1927" source="wordnet-dutch">
         <wf lemma="ik" pos="X">ik</wf>
         <wf lemma="meen" pos="X">meen</wf>
         <wf lemma="uit" pos="X">uit</wf>
         <wf lemma="zijn" pos="X">zijn</wf>
         <wf lemma="woorden" pos="X">woorden</wf>
         <wf lemma="te" pos="X">te</wf>
         <wf lemma="kunnen" pos="X">kunnen</wf>
         <instance id="d000.s1927.t000" lemma="opmaken" pos="VERB">opmaken</instance>
         <wf lemma="dat" pos="X">dat</wf>
         <wf lemma="hij" pos="X">hij</wf>
         <wf lemma="geen" pos="X">geen</wf>
         <wf lemma="zin" pos="X">zin</wf>
         <wf lemma="heeft" pos="X">heeft</wf>
         <wf lemma="om" pos="X">om</wf>
         <wf lemma="nog" pos="X">nog</wf>
         <wf lemma="langer" pos="X">langer</wf>
         <wf lemma="met" pos="X">met</wf>
         <wf lemma="ons" pos="X">ons</wf>
         <wf lemma="samen" pos="X">samen</wf>
         <wf lemma="te" pos="X">te</wf>
         <wf lemma="werken" pos="X">werken</wf>
         <wf lemma="." pos="X">.</wf>
      </sentence>
      <sentence id="d000.s1928" source="wordnet-dutch">
         <wf lemma="de" pos="X">de</wf>
         <wf lemma="thuisploeg" pos="X">thuisploeg</wf>
         <instance id="d000.s1928.t000" lemma="verpletteren" pos="VERB">verpletterde</instance>
         <wf lemma="de" pos="X">de</wf>
         <wf lemma="tegenstander" pos="X">tegenstander</wf>
         <wf lemma="." pos="X">.</wf>
      </sentence>
      <sentence id="d000.s1929" source="wordnet-dutch">
         <wf lemma="zij" pos="X">zij</wf>
         <wf lemma="stelt" pos="X">stelt</wf>
         <wf lemma="hoge" pos="X">hoge</wf>
         <instance id="d000.s1929.t000" lemma="eis" pos="NOUN">eisen</instance>
         <wf lemma="aan" pos="X">aan</wf>
         <wf lemma="haar" pos="X">haar</wf>
         <wf lemma="matras" pos="X">matras</wf>
         <wf lemma="." pos="X">.</wf>
      </sentence>
      <sentence id="d000.s1930" source="wordnet-dutch">
         <wf lemma="de" pos="X">de</wf>
         <wf lemma="klant" pos="X">klant</wf>
         <wf lemma="wilde" pos="X">wilde</wf>
         <wf lemma="graag" pos="X">graag</wf>
         <wf lemma="de" pos="X">de</wf>
         <wf lemma="chef" pos="X">chef</wf>
         <instance id="d000.s1930.t000" lemma="spreken" pos="VERB">spreken</instance>
         <wf lemma="." pos="X">.</wf>
      </sentence>
      <sentence id="d000.s1931" source="wordnet-dutch">
         <wf lemma="hij" pos="X">hij</wf>
         <instance id="d000.s1931.t000" lemma="aarden" pos="VERB">aardt</instance>
         <wf lemma="naar" pos="X">naar</wf>
         <wf lemma="zijn" pos="X">zijn</wf>
         <wf lemma="vader" pos="X">vader</wf>
         <wf lemma="." pos="X">.</wf>
      </sentence>
      <sentence id="d000.s1932" source="wordnet-dutch">
         <wf lemma="de" pos="X">de</wf>
         <wf lemma="brandweer" pos="X">brandweer</wf>
         <wf lemma="was" pos="X">was</wf>
         <wf lemma="snel" pos="X">snel</wf>
         <wf lemma="ter" pos="X">ter</wf>
         <instance id="d000.s1932.t000" lemma="plaats" pos="NOUN">plaatse</instance>
         <wf lemma="." pos="X">.</wf>
      </sentence>
      <sentence id="d000.s1933" source="wordnet-dutch">
         <wf lemma="de" pos="X">de</wf>
         <wf lemma="pagina" pos="X">pagina</wf>
         <wf lemma="staat" pos="X">staat</wf>
         <wf lemma="gedrukt" pos="X">gedrukt</wf>
         <wf lemma="in" pos="X">in</wf>
         <wf lemma="6" pos="X">6</wf>
         <instance id="d000.s1933.t000" lemma="kolom" pos="NOUN">kolommen</instance>
         <wf lemma="." pos="X">.</wf>
      </sentence>
      <sentence id="d000.s1934" source="wordnet-dutch">
         <wf lemma="de" pos="X">de</wf>
         <wf lemma="leeuwen" pos="X">leeuwen</wf>
         <instance id="d000.s1934.t000" lemma="laten" pos="VERB">lieten</instance>
         <wf lemma="de" pos="X">de</wf>
         <wf lemma="botten" pos="X">botten</wf>
         <wf lemma="aan" pos="X">aan</wf>
         <wf lemma="de" pos="X">de</wf>
         <wf lemma="gieren" pos="X">gieren</wf>
         <wf lemma="en" pos="X">en</wf>
         <wf lemma="de" pos="X">de</wf>
         <wf lemma="jakhalzen" pos="X">jakhalzen</wf>
         <wf lemma="." pos="X">.</wf>
      </sentence>
      <sentence id="d000.s1935" source="wordnet-dutch">
         <wf lemma="ik" pos="X">ik</wf>
         <instance id="d000.s1935.t000" lemma="gaan" pos="VERB">ga</instance>
         <wf lemma="flippen" pos="X">flippen</wf>
         <wf lemma="!" pos="X">!</wf>
      </sentence>
      <sentence id="d000.s1936" source="wordnet-dutch">
         <wf lemma="die" pos="X">die</wf>
         <wf lemma="tafel" pos="X">tafel</wf>
         <instance id="d000.s1936.t000" lemma="beslaan" pos="VERB">beslaat</instance>
         <wf lemma="bijna" pos="X">bijna</wf>
         <wf lemma="de" pos="X">de</wf>
         <wf lemma="helft" pos="X">helft</wf>
         <wf lemma="van" pos="X">van</wf>
         <wf lemma="de" pos="X">de</wf>
         <wf lemma="kamer" pos="X">kamer</wf>
         <wf lemma="." pos="X">.</wf>
      </sentence>
      <sentence id="d000.s1937" source="wordnet-dutch">
         <wf lemma="de" pos="X">de</wf>
         <wf lemma="leraar" pos="X">leraar</wf>
         <wf lemma="moet" pos="X">moet</wf>
         <wf lemma="niet" pos="X">niet</wf>
         <wf lemma="alleen" pos="X">alleen</wf>
         <wf lemma="een" pos="X">een</wf>
         <wf lemma="vak" pos="X">vak</wf>
         <instance id="d000.s1937.t000" lemma="aanleren" pos="VERB">aanleren</instance>
         <wf lemma="maar" pos="X">maar</wf>
         <wf lemma="ook" pos="X">ook</wf>
         <wf lemma="discipline" pos="X">discipline</wf>
         <wf lemma="bijbrengen" pos="X">bijbrengen</wf>
         <wf lemma="." pos="X">.</wf>
      </sentence>
      <sentence id="d000.s1938" source="wordnet-dutch">
         <wf lemma="de" pos="X">de</wf>
         <instance id="d000.s1938.t000" lemma="integratie" pos="NOUN">integratie</instance>
         <wf lemma="van" pos="X">van</wf>
         <wf lemma="allochtonen" pos="X">allochtonen</wf>
         <wf lemma="in" pos="X">in</wf>
         <wf lemma="onze" pos="X">onze</wf>
         <wf lemma="cultuur" pos="X">cultuur</wf>
         <wf lemma="verloopt" pos="X">verloopt</wf>
         <wf lemma="niet" pos="X">niet</wf>
         <wf lemma="zonder" pos="X">zonder</wf>
         <wf lemma="slag" pos="X">slag</wf>
         <wf lemma="of" pos="X">of</wf>
         <wf lemma="stoot" pos="X">stoot</wf>
         <wf lemma="." pos="X">.</wf>
      </sentence>
      <sentence id="d000.s1939" source="wordnet-dutch">
         <wf lemma="haar" pos="X">haar</wf>
         <instance id="d000.s1939.t000" lemma="flirt" pos="NOUN">flirt</instance>
         <wf lemma="met" pos="X">met</wf>
         <wf lemma="Willem" pos="X">Willem</wf>
         <wf lemma="draaide" pos="X">draaide</wf>
         <wf lemma="op" pos="X">op</wf>
         <wf lemma="niets" pos="X">niets</wf>
         <wf lemma="uit" pos="X">uit</wf>
         <wf lemma="." pos="X">.</wf>
      </sentence>
      <sentence id="d000.s1940" source="wordnet-dutch">
         <wf lemma="welke" pos="X">welke</wf>
         <wf lemma="leerkracht" pos="X">leerkracht</wf>
         <wf lemma="zal" pos="X">zal</wf>
         <wf lemma="de" pos="X">de</wf>
         <wf lemma="examens" pos="X">examens</wf>
         <instance id="d000.s1940.t000" lemma="afnemen" pos="VERB">afnemen</instance>
         <wf lemma="?" pos="X">?</wf>
      </sentence>
      <sentence id="d000.s1941" source="wordnet-dutch">
         <wf lemma="hij" pos="X">hij</wf>
         <instance id="d000.s1941.t000" lemma="schreeuwen" pos="VERB">schreeuwde</instance>
         <wf lemma="dat" pos="X">dat</wf>
         <wf lemma="het" pos="X">het</wf>
         <wf lemma="hem" pos="X">hem</wf>
         <wf lemma="niets" pos="X">niets</wf>
         <wf lemma="meer" pos="X">meer</wf>
         <wf lemma="kon" pos="X">kon</wf>
         <wf lemma="schelen" pos="X">schelen</wf>
         <wf lemma="." pos="X">.</wf>
      </sentence>
      <sentence id="d000.s1942" source="wordnet-dutch">
         <wf lemma="er" pos="X">er</wf>
         <wf lemma="hebben" pos="X">hebben</wf>
         <wf lemma="zich" pos="X">zich</wf>
         <wf lemma="geen" pos="X">geen</wf>
         <instance id="d000.s1942.t000" lemma="exces" pos="NOUN">excessen</instance>
         <wf lemma="voorgedaan" pos="X">voorgedaan</wf>
         <wf lemma="." pos="X">.</wf>
      </sentence>
      <sentence id="d000.s1943" source="wordnet-dutch">
         <wf lemma="lichtreclames" pos="X">lichtreclames</wf>
         <instance id="d000.s1943.t000" lemma="beheersen" pos="VERB">beheersen</instance>
         <wf lemma="het" pos="X">het</wf>
         <wf lemma="straatbeeld" pos="X">straatbeeld</wf>
         <wf lemma="op" pos="X">op</wf>
         <wf lemma="Times" pos="X">Times</wf>
         <wf lemma="Square" pos="X">Square</wf>
         <wf lemma="." pos="X">.</wf>
      </sentence>
      <sentence id="d000.s1944" source="wordnet-dutch">
         <wf lemma="hij" pos="X">hij</wf>
         <wf lemma="zat" pos="X">zat</wf>
         <wf lemma="wat" pos="X">wat</wf>
         <wf lemma="te" pos="X">te</wf>
         <instance id="d000.s1944.t000" lemma="grasduinen" pos="VERB">grasduinen</instance>
         <wf lemma="in" pos="X">in</wf>
         <wf lemma="'" pos="X">'</wf>
         <wf lemma="dat" pos="X">dat</wf>
         <wf lemma="boek'/'de" pos="X">boek'/'de</wf>
         <wf lemma="boekenkast'/'mijn" pos="X">boekenkast'/'mijn</wf>
         <wf lemma="platencollectie" pos="X">platencollectie</wf>
         <wf lemma="'" pos="X">'</wf>
         <wf lemma="." pos="X">.</wf>
      </sentence>
      <sentence id="d000.s1945" source="wordnet-dutch">
         <wf lemma="documenten" pos="X">documenten</wf>
         <wf lemma="uit" pos="X">uit</wf>
         <wf lemma="een" pos="X">een</wf>
         <wf lemma="grijs" pos="X">grijs</wf>
         <instance id="d000.s1945.t000" lemma="verleden" pos="NOUN">verleden</instance>
         <wf lemma="." pos="X">.</wf>
      </sentence>
      <sentence id="d000.s1946" source="wordnet-dutch">
         <wf lemma="vrijwilligers" pos="X">vrijwilligers</wf>
         <wf lemma="werden" pos="X">werden</wf>
         <instance id="d000.s1946.t000" lemma="rekruteren" pos="VERB">gerekruteerd</instance>
         <wf lemma="onder" pos="X">onder</wf>
         <wf lemma="de" pos="X">de</wf>
         <wf lemma="mannelijke" pos="X">mannelijke</wf>
         <wf lemma="bevolking" pos="X">bevolking</wf>
         <wf lemma="van" pos="X">van</wf>
         <wf lemma="de" pos="X">de</wf>
         <wf lemma="stad" pos="X">stad</wf>
         <wf lemma="." pos="X">.</wf>
      </sentence>
      <sentence id="d000.s1947" source="wordnet-dutch">
         <wf lemma="er" pos="X">er</wf>
         <wf lemma="is" pos="X">is</wf>
         <wf lemma="sprake" pos="X">sprake</wf>
         <wf lemma="van" pos="X">van</wf>
         <wf lemma="scheve" pos="X">scheve</wf>
         <instance id="d000.s1947.t000" lemma="verhouding" pos="NOUN">verhoudingen</instance>
         <wf lemma="en" pos="X">en</wf>
         <wf lemma="een" pos="X">een</wf>
         <wf lemma="wantrouwige" pos="X">wantrouwige</wf>
         <wf lemma="sfeer" pos="X">sfeer</wf>
         <wf lemma="binnen" pos="X">binnen</wf>
         <wf lemma="de" pos="X">de</wf>
         <wf lemma="vereniging" pos="X">vereniging</wf>
         <wf lemma="." pos="X">.</wf>
      </sentence>
      <sentence id="d000.s1948" source="wordnet-dutch">
         <wf lemma="de" pos="X">de</wf>
         <wf lemma="verdachte" pos="X">verdachte</wf>
         <wf lemma="werd" pos="X">werd</wf>
         <wf lemma="schuldig" pos="X">schuldig</wf>
         <instance id="d000.s1948.t000" lemma="bevinden" pos="VERB">bevonden</instance>
         <wf lemma="aan" pos="X">aan</wf>
         <wf lemma="doodslag" pos="X">doodslag</wf>
         <wf lemma="." pos="X">.</wf>
      </sentence>
      <sentence id="d000.s1949" source="wordnet-dutch">
         <wf lemma="'" pos="X">'</wf>
         <wf lemma="Edam" pos="X">Edam</wf>
         <wf lemma="'" pos="X">'</wf>
         <wf lemma="is" pos="X">is</wf>
         <wf lemma="een" pos="X">een</wf>
         <instance id="d000.s1949.t000" lemma="anagram" pos="NOUN">anagram</instance>
         <wf lemma="van" pos="X">van</wf>
         <wf lemma="'" pos="X">'</wf>
         <wf lemma="dame" pos="X">dame</wf>
         <wf lemma="'" pos="X">'</wf>
         <wf lemma="." pos="X">.</wf>
      </sentence>
      <sentence id="d000.s1950" source="wordnet-dutch">
         <wf lemma="ik" pos="X">ik</wf>
         <instance id="d000.s1950.t000" lemma="begrijpen" pos="VERB">begrijp</instance>
         <wf lemma="wel" pos="X">wel</wf>
         <wf lemma="dat" pos="X">dat</wf>
         <wf lemma="hij" pos="X">hij</wf>
         <wf lemma="een" pos="X">een</wf>
         <wf lemma="andere" pos="X">andere</wf>
         <wf lemma="baan" pos="X">baan</wf>
         <wf lemma="wil" pos="X">wil</wf>
         <wf lemma="." pos="X">.</wf>
      </sentence>
      <sentence id="d000.s1951" source="wordnet-dutch">
         <wf lemma="we" pos="X">we</wf>
         <wf lemma="hadden" pos="X">hadden</wf>
         <wf lemma="deze" pos="X">deze</wf>
         <wf lemma="prijsstijging" pos="X">prijsstijging</wf>
         <wf lemma="bij" pos="X">bij</wf>
         <wf lemma="de" pos="X">de</wf>
         <wf lemma="kostenraming" pos="X">kostenraming</wf>
         <instance id="d000.s1951.t000" lemma="incalculeren" pos="VERB">ingecalculeerd</instance>
         <wf lemma="." pos="X">.</wf>
      </sentence>
      <sentence id="d000.s1952" source="wordnet-dutch">
         <wf lemma="de" pos="X">de</wf>
         <wf lemma="babykamer" pos="X">babykamer</wf>
         <wf lemma="schilderen" pos="X">schilderen</wf>
         <wf lemma="we" pos="X">we</wf>
         <wf lemma="in" pos="X">in</wf>
         <instance id="d000.s1952.t000" lemma="pastelkleur" pos="NOUN">pastelkleuren</instance>
         <wf lemma="." pos="X">.</wf>
      </sentence>
      <sentence id="d000.s1953" source="wordnet-dutch">
         <wf lemma="de" pos="X">de</wf>
         <wf lemma="bank" pos="X">bank</wf>
         <wf lemma="beheert" pos="X">beheert</wf>
         <wf lemma="de" pos="X">de</wf>
         <instance id="d000.s1953.t000" lemma="fonds" pos="NOUN">fondsen</instance>
         <wf lemma="van" pos="X">van</wf>
         <wf lemma="de" pos="X">de</wf>
         <wf lemma="partners" pos="X">partners</wf>
         <wf lemma="." pos="X">.</wf>
      </sentence>
      <sentence id="d000.s1954" source="wordnet-dutch">
         <wf lemma="er" pos="X">er</wf>
         <wf lemma="gaat" pos="X">gaat</wf>
         <wf lemma="veel" pos="X">veel</wf>
         <wf lemma="geld" pos="X">geld</wf>
         <wf lemma="om" pos="X">om</wf>
         <wf lemma="in" pos="X">in</wf>
         <wf lemma="de" pos="X">de</wf>
         <instance id="d000.s1954.t000" lemma="paardensport" pos="NOUN">paardensport</instance>
         <wf lemma="." pos="X">.</wf>
      </sentence>
      <sentence id="d000.s1955" source="wordnet-dutch">
         <wf lemma="de" pos="X">de</wf>
         <wf lemma="reacties" pos="X">reacties</wf>
         <wf lemma="zijn" pos="X">zijn</wf>
         <wf lemma="al" pos="X">al</wf>
         <wf lemma="fel" pos="X">fel</wf>
         <instance id="d000.s1955.t000" lemma="luwen" pos="VERB">geluwd</instance>
         <wf lemma="." pos="X">.</wf>
      </sentence>
      <sentence id="d000.s1956" source="wordnet-dutch">
         <wf lemma="als" pos="X">als</wf>
         <wf lemma="bij" pos="X">bij</wf>
         <instance id="d000.s1956.t000" lemma="toeval" pos="NOUN">toeval</instance>
         <wf lemma="kwamen" pos="X">kwamen</wf>
         <wf lemma="we" pos="X">we</wf>
         <wf lemma="elkaar" pos="X">elkaar</wf>
         <wf lemma="weer" pos="X">weer</wf>
         <wf lemma="tegen" pos="X">tegen</wf>
         <wf lemma="." pos="X">.</wf>
      </sentence>
      <sentence id="d000.s1957" source="wordnet-dutch">
         <wf lemma="7,7" pos="X">7,7</wf>
         <wf lemma="miljoen" pos="X">miljoen</wf>
         <wf lemma="frank" pos="X">frank</wf>
         <wf lemma="voor" pos="X">voor</wf>
         <wf lemma="de" pos="X">de</wf>
         <instance id="d000.s1957.t000" lemma="herstellingswerk" pos="NOUN">herstellingswerken</instance>
         <wf lemma="aan" pos="X">aan</wf>
         <wf lemma="de" pos="X">de</wf>
         <wf lemma="kerktoren" pos="X">kerktoren</wf>
         <wf lemma="in" pos="X">in</wf>
         <wf lemma="Aartrijke" pos="X">Aartrijke</wf>
         <wf lemma="." pos="X">.</wf>
      </sentence>
      <sentence id="d000.s1958" source="wordnet-dutch">
         <wf lemma="Zo'n" pos="X">Zo'n</wf>
         <wf lemma="staafmixer" pos="X">staafmixer</wf>
         <wf lemma="is" pos="X">is</wf>
         <wf lemma="altijd" pos="X">altijd</wf>
         <wf lemma="een" pos="X">een</wf>
         <wf lemma="handige" pos="X">handige</wf>
         <instance id="d000.s1958.t000" lemma="hulp" pos="NOUN">hulp</instance>
         <wf lemma="in" pos="X">in</wf>
         <wf lemma="de" pos="X">de</wf>
         <wf lemma="keuken" pos="X">keuken</wf>
         <wf lemma="." pos="X">.</wf>
      </sentence>
      <sentence id="d000.s1959" source="wordnet-dutch">
         <wf lemma="het" pos="X">het</wf>
         <wf lemma="was" pos="X">was</wf>
         <wf lemma="de" pos="X">de</wf>
         <wf lemma="eerste" pos="X">eerste</wf>
         <wf lemma="keer" pos="X">keer</wf>
         <wf lemma="in" pos="X">in</wf>
         <wf lemma="de" pos="X">de</wf>
         <wf lemma="Britse" pos="X">Britse</wf>
         <wf lemma="geschiedenis" pos="X">geschiedenis</wf>
         <wf lemma="dat" pos="X">dat</wf>
         <wf lemma="een" pos="X">een</wf>
         <wf lemma="parlementslid" pos="X">parlementslid</wf>
         <instance id="d000.s1959.t000" lemma="overlopen" pos="VERB">overliep</instance>
         <wf lemma="naar" pos="X">naar</wf>
         <wf lemma="een" pos="X">een</wf>
         <wf lemma="andere" pos="X">andere</wf>
         <wf lemma="partij" pos="X">partij</wf>
         <wf lemma="." pos="X">.</wf>
      </sentence>
      <sentence id="d000.s1960" source="wordnet-dutch">
         <wf lemma="in" pos="X">in</wf>
         <wf lemma="de" pos="X">de</wf>
         <instance id="d000.s1960.t000" lemma="statuut" pos="NOUN">statuten</instance>
         <wf lemma="staat" pos="X">staat</wf>
         <wf lemma="hoe" pos="X">hoe</wf>
         <wf lemma="we" pos="X">we</wf>
         <wf lemma="deze" pos="X">deze</wf>
         <wf lemma="situatie" pos="X">situatie</wf>
         <wf lemma="oplossen" pos="X">oplossen</wf>
         <wf lemma="." pos="X">.</wf>
      </sentence>
      <sentence id="d000.s1961" source="wordnet-dutch">
         <wf lemma="hij" pos="X">hij</wf>
         <wf lemma="werd" pos="X">werd</wf>
         <wf lemma="gearresteerd" pos="X">gearresteerd</wf>
         <wf lemma="op" pos="X">op</wf>
         <instance id="d000.s1961.t000" lemma="verdenking" pos="NOUN">verdenking</instance>
         <wf lemma="van" pos="X">van</wf>
         <wf lemma="diefstal" pos="X">diefstal</wf>
         <wf lemma="." pos="X">.</wf>
      </sentence>
      <sentence id="d000.s1962" source="wordnet-dutch">
         <wf lemma="de" pos="X">de</wf>
         <instance id="d000.s1962.t000" lemma="afstemming" pos="NOUN">afstemming</instance>
         <wf lemma="op" pos="X">op</wf>
         <wf lemma="de" pos="X">de</wf>
         <wf lemma="radiozenders" pos="X">radiozenders</wf>
         <wf lemma="is" pos="X">is</wf>
         <wf lemma="in" pos="X">in</wf>
         <wf lemma="m'n" pos="X">m'n</wf>
         <wf lemma="autoradio" pos="X">autoradio</wf>
         <wf lemma="geprogrammeerd" pos="X">geprogrammeerd</wf>
         <wf lemma="." pos="X">.</wf>
      </sentence>
      <sentence id="d000.s1963" source="wordnet-dutch">
         <wf lemma="deze" pos="X">deze</wf>
         <wf lemma="popgroep" pos="X">popgroep</wf>
         <wf lemma="geniet" pos="X">geniet</wf>
         <wf lemma="een" pos="X">een</wf>
         <wf lemma="stijgende" pos="X">stijgende</wf>
         <instance id="d000.s1963.t000" lemma="populariteit" pos="NOUN">populariteit</instance>
         <wf lemma="." pos="X">.</wf>
      </sentence>
      <sentence id="d000.s1964" source="wordnet-dutch">
         <wf lemma="het" pos="X">het</wf>
         <wf lemma="Europees" pos="X">Europees</wf>
         <wf lemma="Parlement" pos="X">Parlement</wf>
         <wf lemma="is" pos="X">is</wf>
         <wf lemma="een" pos="X">een</wf>
         <instance id="d000.s1964.t000" lemma="aanfluiting" pos="NOUN">aanfluiting</instance>
         <wf lemma="van" pos="X">van</wf>
         <wf lemma="de" pos="X">de</wf>
         <wf lemma="democratie" pos="X">democratie</wf>
         <wf lemma="." pos="X">.</wf>
      </sentence>
      <sentence id="d000.s1965" source="wordnet-dutch">
         <wf lemma="de" pos="X">de</wf>
         <wf lemma="kleur" pos="X">kleur</wf>
         <wf lemma="van" pos="X">van</wf>
         <wf lemma="je" pos="X">je</wf>
         <wf lemma="broek" pos="X">broek</wf>
         <instance id="d000.s1965.t000" lemma="zwemen" pos="VERB">zweemt</instance>
         <wf lemma="naar" pos="X">naar</wf>
         <wf lemma="rood" pos="X">rood</wf>
         <wf lemma="." pos="X">.</wf>
      </sentence>
      <sentence id="d000.s1966" source="wordnet-dutch">
         <wf lemma="ik" pos="X">ik</wf>
         <wf lemma="voel" pos="X">voel</wf>
         <instance id="d000.s1966.t000" lemma="pijn" pos="NOUN">pijn</instance>
         <wf lemma="in" pos="X">in</wf>
         <wf lemma="mijn" pos="X">mijn</wf>
         <wf lemma="linkerknie" pos="X">linkerknie</wf>
         <wf lemma="." pos="X">.</wf>
      </sentence>
      <sentence id="d000.s1967" source="wordnet-dutch">
         <wf lemma="in" pos="X">in</wf>
         <wf lemma="de" pos="X">de</wf>
         <wf lemma="meubelzaak" pos="X">meubelzaak</wf>
         <instance id="d000.s1967.t000" lemma="vallen" pos="VERB">viel</instance>
         <wf lemma="ik" pos="X">ik</wf>
         <wf lemma="gelijk" pos="X">gelijk</wf>
         <wf lemma="voor" pos="X">voor</wf>
         <wf lemma="dit" pos="X">dit</wf>
         <wf lemma="prachtige" pos="X">prachtige</wf>
         <wf lemma="bankstel" pos="X">bankstel</wf>
         <wf lemma="." pos="X">.</wf>
      </sentence>
      <sentence id="d000.s1968" source="wordnet-dutch">
         <wf lemma="Het" pos="X">Het</wf>
         <wf lemma="verliefde" pos="X">verliefde</wf>
         <wf lemma="stel" pos="X">stel</wf>
         <wf lemma="verdween" pos="X">verdween</wf>
         <wf lemma="giechelend" pos="X">giechelend</wf>
         <wf lemma="in" pos="X">in</wf>
         <wf lemma="het" pos="X">het</wf>
         <instance id="d000.s1968.t000" lemma="struweel" pos="NOUN">struweel</instance>
         <wf lemma="." pos="X">.</wf>
      </sentence>
      <sentence id="d000.s1969" source="wordnet-dutch">
         <wf lemma="de" pos="X">de</wf>
         <wf lemma="kinderen" pos="X">kinderen</wf>
         <instance id="d000.s1969.t000" lemma="luisteren" pos="VERB">luisterden</instance>
         <wf lemma="nieuwsgierig" pos="X">nieuwsgierig</wf>
         <wf lemma="aan" pos="X">aan</wf>
         <wf lemma="de" pos="X">de</wf>
         <wf lemma="deur" pos="X">deur</wf>
         <wf lemma="." pos="X">.</wf>
      </sentence>
      <sentence id="d000.s1970" source="wordnet-dutch">
         <wf lemma="Op" pos="X">Op</wf>
         <wf lemma="basis" pos="X">basis</wf>
         <wf lemma="van" pos="X">van</wf>
         <wf lemma="de" pos="X">de</wf>
         <wf lemma="kwartaalcijfers" pos="X">kwartaalcijfers</wf>
         <wf lemma="de" pos="X">de</wf>
         <instance id="d000.s1970.t000" lemma="overloop" pos="NOUN">overloop</instance>
         <wf lemma="naar" pos="X">naar</wf>
         <wf lemma="het" pos="X">het</wf>
         <wf lemma="volgende" pos="X">volgende</wf>
         <wf lemma="jaar" pos="X">jaar</wf>
         <wf lemma="bepalen" pos="X">bepalen</wf>
         <wf lemma="." pos="X">.</wf>
      </sentence>
      <sentence id="d000.s1971" source="wordnet-dutch">
         <wf lemma="door" pos="X">door</wf>
         <wf lemma="de" pos="X">de</wf>
         <wf lemma="maatregel" pos="X">maatregel</wf>
         <wf lemma="die" pos="X">die</wf>
         <wf lemma="het" pos="X">het</wf>
         <wf lemma="kabinet" pos="X">kabinet</wf>
         <wf lemma="wil" pos="X">wil</wf>
         <wf lemma="treffen" pos="X">treffen</wf>
         <wf lemma="worden" pos="X">worden</wf>
         <wf lemma="vrouwen" pos="X">vrouwen</wf>
         <instance id="d000.s1971.t000" lemma="benadelen" pos="VERB">benadeeld</instance>
         <wf lemma="." pos="X">.</wf>
      </sentence>
      <sentence id="d000.s1972" source="wordnet-dutch">
         <wf lemma="ik" pos="X">ik</wf>
         <wf lemma="zal" pos="X">zal</wf>
         <wf lemma="je" pos="X">je</wf>
         <wf lemma="even" pos="X">even</wf>
         <instance id="d000.s1972.t000" lemma="tonen" pos="VERB">tonen</instance>
         <wf lemma="hoe" pos="X">hoe</wf>
         <wf lemma="ik" pos="X">ik</wf>
         <wf lemma="dat" pos="X">dat</wf>
         <wf lemma="gedaan" pos="X">gedaan</wf>
         <wf lemma="heb" pos="X">heb</wf>
         <wf lemma="." pos="X">.</wf>
      </sentence>
      <sentence id="d000.s1973" source="wordnet-dutch">
         <wf lemma="met" pos="X">met</wf>
         <wf lemma="schelden" pos="X">schelden</wf>
         <wf lemma="en" pos="X">en</wf>
         <instance id="d000.s1973.t000" lemma="tieren" pos="VERB">tieren</instance>
         <wf lemma="kom" pos="X">kom</wf>
         <wf lemma="je" pos="X">je</wf>
         <wf lemma="niet" pos="X">niet</wf>
         <wf lemma="verder" pos="X">verder</wf>
         <wf lemma="." pos="X">.</wf>
      </sentence>
      <sentence id="d000.s1974" source="wordnet-dutch">
         <wf lemma="bij" pos="X">bij</wf>
         <wf lemma="de" pos="X">de</wf>
         <wf lemma="werken" pos="X">werken</wf>
         <wf lemma="in" pos="X">in</wf>
         <wf lemma="de" pos="X">de</wf>
         <wf lemma="binnenstad" pos="X">binnenstad</wf>
         <wf lemma="werden" pos="X">werden</wf>
         <wf lemma="heel" pos="X">heel</wf>
         <wf lemma="wat" pos="X">wat</wf>
         <wf lemma="steegjes" pos="X">steegjes</wf>
         <wf lemma="en" pos="X">en</wf>
         <wf lemma="straatjes" pos="X">straatjes</wf>
         <instance id="d000.s1974.t000" lemma="verbreden" pos="VERB">verbreed</instance>
         <wf lemma="." pos="X">.</wf>
      </sentence>
      <sentence id="d000.s1975" source="wordnet-dutch">
         <wf lemma="veel" pos="X">veel</wf>
         <wf lemma="mensen" pos="X">mensen</wf>
         <wf lemma="worden" pos="X">worden</wf>
         <wf lemma="al" pos="X">al</wf>
         <wf lemma="naar" pos="X">naar</wf>
         <wf lemma="van" pos="X">van</wf>
         <wf lemma="het" pos="X">het</wf>
         <wf lemma="geluid" pos="X">geluid</wf>
         <wf lemma="van" pos="X">van</wf>
         <wf lemma="de" pos="X">de</wf>
         <instance id="d000.s1975.t000" lemma="boor" pos="NOUN">boor</instance>
         <wf lemma="van" pos="X">van</wf>
         <wf lemma="de" pos="X">de</wf>
         <wf lemma="tandarts" pos="X">tandarts</wf>
         <wf lemma="." pos="X">.</wf>
      </sentence>
      <sentence id="d000.s1976" source="wordnet-dutch">
         <wf lemma="de" pos="X">de</wf>
         <wf lemma="koffie" pos="X">koffie</wf>
         <instance id="d000.s1976.t000" lemma="smaken" pos="VERB">smaakt</instance>
         <wf lemma="hier" pos="X">hier</wf>
         <wf lemma="een" pos="X">een</wf>
         <wf lemma="beetje" pos="X">beetje</wf>
         <wf lemma="naar" pos="X">naar</wf>
         <wf lemma="vis" pos="X">vis</wf>
         <wf lemma="." pos="X">.</wf>
      </sentence>
      <sentence id="d000.s1977" source="wordnet-dutch">
         <wf lemma="het" pos="X">het</wf>
         <instance id="d000.s1977.t000" lemma="rommelen" pos="VERB">rommelt</instance>
         <wf lemma="al" pos="X">al</wf>
         <wf lemma="een" pos="X">een</wf>
         <wf lemma="tijdje" pos="X">tijdje</wf>
         <wf lemma="in" pos="X">in</wf>
         <wf lemma="de" pos="X">de</wf>
         <wf lemma="regeringsmeerderheid/coalitie" pos="X">regeringsmeerderheid/coalitie</wf>
         <wf lemma="." pos="X">.</wf>
      </sentence>
      <sentence id="d000.s1978" source="wordnet-dutch">
         <wf lemma="mijn" pos="X">mijn</wf>
         <wf lemma="huiswerk" pos="X">huiswerk</wf>
         <wf lemma="deed" pos="X">deed</wf>
         <wf lemma="ik" pos="X">ik</wf>
         <wf lemma="in" pos="X">in</wf>
         <wf lemma="de" pos="X">de</wf>
         <wf lemma="oorlog" pos="X">oorlog</wf>
         <wf lemma="bij" pos="X">bij</wf>
         <wf lemma="een" pos="X">een</wf>
         <wf lemma="klein" pos="X">klein</wf>
         <instance id="d000.s1978.t000" lemma="olielamp" pos="NOUN">olielampje</instance>
         <wf lemma="." pos="X">.</wf>
      </sentence>
      <sentence id="d000.s1979" source="wordnet-dutch">
         <wf lemma="deze" pos="X">deze</wf>
         <wf lemma="tandpasta" pos="X">tandpasta</wf>
         <wf lemma="zorgt" pos="X">zorgt</wf>
         <wf lemma="voor" pos="X">voor</wf>
         <wf lemma="witte" pos="X">witte</wf>
         <wf lemma="tanden" pos="X">tanden</wf>
         <wf lemma="en" pos="X">en</wf>
         <wf lemma="een" pos="X">een</wf>
         <wf lemma="frisse" pos="X">frisse</wf>
         <instance id="d000.s1979.t000" lemma="adem" pos="NOUN">adem</instance>
         <wf lemma="." pos="X">.</wf>
      </sentence>
      <sentence id="d000.s1980" source="wordnet-dutch">
         <wf lemma="de" pos="X">de</wf>
         <wf lemma="brug" pos="X">brug</wf>
         <wf lemma="is" pos="X">is</wf>
         <wf lemma="buiten" pos="X">buiten</wf>
         <instance id="d000.s1980.t000" lemma="bedrijf" pos="NOUN">bedrijf</instance>
         <wf lemma="." pos="X">.</wf>
      </sentence>
      <sentence id="d000.s1981" source="wordnet-dutch">
         <wf lemma="op" pos="X">op</wf>
         <instance id="d000.s1981.t000" lemma="aanvraag" pos="NOUN">aanvraag</instance>
         <wf lemma="kunnen" pos="X">kunnen</wf>
         <wf lemma="de" pos="X">de</wf>
         <wf lemma="documenten" pos="X">documenten</wf>
         <wf lemma="worden" pos="X">worden</wf>
         <wf lemma="ingezien" pos="X">ingezien</wf>
         <wf lemma="." pos="X">.</wf>
      </sentence>
      <sentence id="d000.s1982" source="wordnet-dutch">
         <wf lemma="ik" pos="X">ik</wf>
         <instance id="d000.s1982.t000" lemma="twijfelen" pos="VERB">twijfel</instance>
         <wf lemma="eraan" pos="X">eraan</wf>
         <wf lemma="of" pos="X">of</wf>
         <wf lemma="ze" pos="X">ze</wf>
         <wf lemma="nog" pos="X">nog</wf>
         <wf lemma="wel" pos="X">wel</wf>
         <wf lemma="komen" pos="X">komen</wf>
         <wf lemma="." pos="X">.</wf>
      </sentence>
      <sentence id="d000.s1983" source="wordnet-dutch">
         <wf lemma="die" pos="X">die</wf>
         <wf lemma="griet" pos="X">griet</wf>
         <wf lemma="heeft" pos="X">heeft</wf>
         <wf lemma="wel" pos="X">wel</wf>
         <instance id="d000.s1983.t000" lemma="kuren" pos="NOUN">kuren</instance>
         <wf lemma="," pos="X">,</wf>
         <wf lemma="zeg" pos="X">zeg</wf>
         <wf lemma="!" pos="X">!</wf>
      </sentence>
      <sentence id="d000.s1984" source="wordnet-dutch">
         <wf lemma="na" pos="X">na</wf>
         <wf lemma="een" pos="X">een</wf>
         <wf lemma="ingrijpende" pos="X">ingrijpende</wf>
         <instance id="d000.s1984.t000" lemma="herstructurering" pos="NOUN">herstructurering</instance>
         <wf lemma="van" pos="X">van</wf>
         <wf lemma="de" pos="X">de</wf>
         <wf lemma="organisatie" pos="X">organisatie</wf>
         <wf lemma="is" pos="X">is</wf>
         <wf lemma="het" pos="X">het</wf>
         <wf lemma="bedrijf" pos="X">bedrijf</wf>
         <wf lemma="nu" pos="X">nu</wf>
         <wf lemma="weer" pos="X">weer</wf>
         <wf lemma="winstgevend" pos="X">winstgevend</wf>
         <wf lemma="." pos="X">.</wf>
      </sentence>
      <sentence id="d000.s1985" source="wordnet-dutch">
         <wf lemma="de" pos="X">de</wf>
         <wf lemma="buren" pos="X">buren</wf>
         <wf lemma="hebben" pos="X">hebben</wf>
         <wf lemma="er" pos="X">er</wf>
         <wf lemma="weer" pos="X">weer</wf>
         <wf lemma="een" pos="X">een</wf>
         <instance id="d000.s1985.t000" lemma="eter" pos="NOUN">eter</instance>
         <wf lemma="bij" pos="X">bij</wf>
         <wf lemma="." pos="X">.</wf>
      </sentence>
      <sentence id="d000.s1986" source="wordnet-dutch">
         <wf lemma="hij" pos="X">hij</wf>
         <wf lemma="is" pos="X">is</wf>
         <wf lemma="directeur/minister" pos="X">directeur/minister</wf>
         <wf lemma="ad" pos="X">ad</wf>
         <instance id="d000.s1986.t000" lemma="interim" pos="NOUN">interim</instance>
         <wf lemma="." pos="X">.</wf>
      </sentence>
      <sentence id="d000.s1987" source="wordnet-dutch">
         <wf lemma="ik" pos="X">ik</wf>
         <wf lemma="heb" pos="X">heb</wf>
         <instance id="d000.s1987.t000" lemma="eerbied" pos="NOUN">eerbied</instance>
         <wf lemma="voor" pos="X">voor</wf>
         <wf lemma="de" pos="X">de</wf>
         <wf lemma="manier" pos="X">manier</wf>
         <wf lemma="waarop" pos="X">waarop</wf>
         <wf lemma="zij" pos="X">zij</wf>
         <wf lemma="zich" pos="X">zich</wf>
         <wf lemma="staande" pos="X">staande</wf>
         <wf lemma="houdt" pos="X">houdt</wf>
         <wf lemma="." pos="X">.</wf>
      </sentence>
      <sentence id="d000.s1988" source="wordnet-dutch">
         <wf lemma="de" pos="X">de</wf>
         <wf lemma="leeuw" pos="X">leeuw</wf>
         <wf lemma="sperde" pos="X">sperde</wf>
         <wf lemma="zijn" pos="X">zijn</wf>
         <instance id="d000.s1988.t000" lemma="muil" pos="NOUN">muil</instance>
         <wf lemma="wijd" pos="X">wijd</wf>
         <wf lemma="open" pos="X">open</wf>
         <wf lemma="." pos="X">.</wf>
      </sentence>
      <sentence id="d000.s1989" source="wordnet-dutch">
         <wf lemma="dit" pos="X">dit</wf>
         <wf lemma="keukenpapier" pos="X">keukenpapier</wf>
         <wf lemma="heeft" pos="X">heeft</wf>
         <wf lemma="een" pos="X">een</wf>
         <wf lemma="groot" pos="X">groot</wf>
         <instance id="d000.s1989.t000" lemma="absorptievermogen" pos="NOUN">absorptievermogen</instance>
         <wf lemma="." pos="X">.</wf>
      </sentence>
      <sentence id="d000.s1990" source="wordnet-dutch">
         <wf lemma="wilt" pos="X">wilt</wf>
         <wf lemma="u" pos="X">u</wf>
         <wf lemma="het" pos="X">het</wf>
         <instance id="d000.s1990.t000" lemma="prijs" pos="NOUN">prijsje</instance>
         <wf lemma="eraf" pos="X">eraf</wf>
         <wf lemma="halen" pos="X">halen</wf>
         <wf lemma="?" pos="X">?</wf>
         <wf lemma="het" pos="X">het</wf>
         <wf lemma="is" pos="X">is</wf>
         <wf lemma="een" pos="X">een</wf>
         <wf lemma="cadeautje" pos="X">cadeautje</wf>
         <wf lemma="." pos="X">.</wf>
      </sentence>
      <sentence id="d000.s1991" source="wordnet-dutch">
         <wf lemma="ze" pos="X">ze</wf>
         <instance id="d000.s1991.t000" lemma="duiken" pos="VERB">dook</instance>
         <wf lemma="helemaal" pos="X">helemaal</wf>
         <wf lemma="in" pos="X">in</wf>
         <wf lemma="de" pos="X">de</wf>
         <wf lemma="astrologie" pos="X">astrologie</wf>
         <wf lemma="en" pos="X">en</wf>
         <wf lemma="was" pos="X">was</wf>
         <wf lemma="niet" pos="X">niet</wf>
         <wf lemma="meer" pos="X">meer</wf>
         <wf lemma="voor" pos="X">voor</wf>
         <wf lemma="rede" pos="X">rede</wf>
         <wf lemma="vatbaar" pos="X">vatbaar</wf>
         <wf lemma="." pos="X">.</wf>
      </sentence>
      <sentence id="d000.s1992" source="wordnet-dutch">
         <wf lemma="Een" pos="X">Een</wf>
         <wf lemma="stuk" pos="X">stuk</wf>
         <instance id="d000.s1992.t000" lemma="doek" pos="NOUN">doek</instance>
         <wf lemma="wordt" pos="X">wordt</wf>
         <wf lemma="om" pos="X">om</wf>
         <wf lemma="de" pos="X">de</wf>
         <wf lemma="zoom" pos="X">zoom</wf>
         <wf lemma="genaaid" pos="X">genaaid</wf>
         <wf lemma="." pos="X">.</wf>
      </sentence>
      <sentence id="d000.s1993" source="wordnet-dutch">
         <wf lemma="als" pos="X">als</wf>
         <wf lemma="student" pos="X">student</wf>
         <instance id="d000.s1993.t000" lemma="genieten" pos="VERB">geniet</instance>
         <wf lemma="je" pos="X">je</wf>
         <wf lemma="nogal" pos="X">nogal</wf>
         <wf lemma="wat" pos="X">wat</wf>
         <wf lemma="voordelen" pos="X">voordelen</wf>
         <wf lemma="bij" pos="X">bij</wf>
         <wf lemma="onze" pos="X">onze</wf>
         <wf lemma="bank" pos="X">bank</wf>
         <wf lemma="." pos="X">.</wf>
      </sentence>
      <sentence id="d000.s1994" source="wordnet-dutch">
         <wf lemma="met" pos="X">met</wf>
         <wf lemma="op" pos="X">op</wf>
         <wf lemma="de" pos="X">de</wf>
         <instance id="d000.s1994.t000" lemma="flank" pos="NOUN">flanken</instance>
         <wf lemma="twee" pos="X">twee</wf>
         <wf lemma="opkomende" pos="X">opkomende</wf>
         <wf lemma="backs" pos="X">backs</wf>
         <wf lemma="." pos="X">.</wf>
      </sentence>
      <sentence id="d000.s1995" source="wordnet-dutch">
         <wf lemma="het" pos="X">het</wf>
         <wf lemma="college" pos="X">college</wf>
         <wf lemma="kan" pos="X">kan</wf>
         <wf lemma="een" pos="X">een</wf>
         <wf lemma="deel" pos="X">deel</wf>
         <wf lemma="van" pos="X">van</wf>
         <wf lemma="zijn" pos="X">zijn</wf>
         <wf lemma="taken" pos="X">taken</wf>
         <instance id="d000.s1995.t000" lemma="delegeren" pos="VERB">delegeren</instance>
         <wf lemma="." pos="X">.</wf>
      </sentence>
      <sentence id="d000.s1996" source="wordnet-dutch">
         <wf lemma="overal" pos="X">overal</wf>
         <wf lemma="ter" pos="X">ter</wf>
         <wf lemma="wereld" pos="X">wereld</wf>
         <wf lemma="werd" pos="X">werd</wf>
         <instance id="d000.s1996.t000" lemma="protesteren" pos="VERB">geprotesteerd</instance>
         <wf lemma="tegen" pos="X">tegen</wf>
         <wf lemma="de" pos="X">de</wf>
         <wf lemma="Franse" pos="X">Franse</wf>
         <wf lemma="kernproeven" pos="X">kernproeven</wf>
         <wf lemma="op" pos="X">op</wf>
         <wf lemma="Mururoa" pos="X">Mururoa</wf>
         <wf lemma="." pos="X">.</wf>
      </sentence>
      <sentence id="d000.s1997" source="wordnet-dutch">
         <wf lemma="een" pos="X">een</wf>
         <wf lemma="laag" pos="X">laag</wf>
         <instance id="d000.s1997.t000" lemma="teer" pos="NOUN">teer</instance>
         <wf lemma="op" pos="X">op</wf>
         <wf lemma="een" pos="X">een</wf>
         <wf lemma="schip" pos="X">schip</wf>
         <wf lemma="aanbrengen" pos="X">aanbrengen</wf>
         <wf lemma="." pos="X">.</wf>
      </sentence>
      <sentence id="d000.s1998" source="wordnet-dutch">
         <wf lemma="talloze" pos="X">talloze</wf>
         <wf lemma="schandalen" pos="X">schandalen</wf>
         <instance id="d000.s1998.t000" lemma="beschadigen" pos="VERB">beschadigen</instance>
         <wf lemma="de" pos="X">de</wf>
         <wf lemma="reputatie" pos="X">reputatie</wf>
         <wf lemma="van" pos="X">van</wf>
         <wf lemma="het" pos="X">het</wf>
         <wf lemma="koningshuis" pos="X">koningshuis</wf>
         <wf lemma="." pos="X">.</wf>
      </sentence>
      <sentence id="d000.s1999" source="wordnet-dutch">
         <wf lemma="paarden" pos="X">paarden</wf>
         <wf lemma="vormen" pos="X">vormen</wf>
         <wf lemma="de" pos="X">de</wf>
         <instance id="d000.s1999.t000" lemma="hoofdmoot" pos="NOUN">hoofdmoot</instance>
         <wf lemma="van" pos="X">van</wf>
         <wf lemma="het" pos="X">het</wf>
         <wf lemma="optreden" pos="X">optreden</wf>
         <wf lemma="van" pos="X">van</wf>
         <wf lemma="het" pos="X">het</wf>
         <wf lemma="circus" pos="X">circus</wf>
         <wf lemma="." pos="X">.</wf>
      </sentence>
      <sentence id="d000.s2000" source="wordnet-dutch">
         <wf lemma="de" pos="X">de</wf>
         <wf lemma="regering" pos="X">regering</wf>
         <wf lemma="heeft" pos="X">heeft</wf>
         <wf lemma="de" pos="X">de</wf>
         <wf lemma="inval" pos="X">inval</wf>
         <wf lemma="veroordeeld" pos="X">veroordeeld</wf>
         <wf lemma="als" pos="X">als</wf>
         <wf lemma="een" pos="X">een</wf>
         <wf lemma="daad" pos="X">daad</wf>
         <wf lemma="van" pos="X">van</wf>
         <instance id="d000.s2000.t000" lemma="agressie" pos="NOUN">agressie</instance>
         <wf lemma="." pos="X">.</wf>
      </sentence>
      <sentence id="d000.s2001" source="wordnet-dutch">
         <wf lemma="hij" pos="X">hij</wf>
         <wf lemma="heeft" pos="X">heeft</wf>
         <wf lemma="het" pos="X">het</wf>
         <wf lemma="hele" pos="X">hele</wf>
         <wf lemma="voorval" pos="X">voorval</wf>
         <wf lemma="vanuit" pos="X">vanuit</wf>
         <wf lemma="zijn" pos="X">zijn</wf>
         <wf lemma="venster" pos="X">venster</wf>
         <instance id="d000.s2001.t000" lemma="gadeslaan" pos="VERB">gadegeslagen</instance>
         <wf lemma="." pos="X">.</wf>
      </sentence>
      <sentence id="d000.s2002" source="wordnet-dutch">
         <wf lemma="de" pos="X">de</wf>
         <wf lemma="soldaten" pos="X">soldaten</wf>
         <wf lemma="lagen" pos="X">lagen</wf>
         <wf lemma="in" pos="X">in</wf>
         <instance id="d000.s2002.t000" lemma="stelling" pos="NOUN">stelling</instance>
         <wf lemma="." pos="X">.</wf>
      </sentence>
      <sentence id="d000.s2003" source="wordnet-dutch">
         <wf lemma="dat" pos="X">dat</wf>
         <wf lemma="jochie" pos="X">jochie</wf>
         <wf lemma="kreeg" pos="X">kreeg</wf>
         <wf lemma="me" pos="X">me</wf>
         <wf lemma="toch" pos="X">toch</wf>
         <wf lemma="een" pos="X">een</wf>
         <instance id="d000.s2003.t000" lemma="opdoffer" pos="NOUN">opdoffer</instance>
         <wf lemma="van" pos="X">van</wf>
         <wf lemma="z'n" pos="X">z'n</wf>
         <wf lemma="vader" pos="X">vader</wf>
         <wf lemma="." pos="X">.</wf>
      </sentence>
      <sentence id="d000.s2004" source="wordnet-dutch">
         <wf lemma="deze" pos="X">deze</wf>
         <wf lemma="luchtvaartmaatschappij" pos="X">luchtvaartmaatschappij</wf>
         <instance id="d000.s2004.t000" lemma="vervoeren" pos="VERB">vervoerde</instance>
         <wf lemma="vorig" pos="X">vorig</wf>
         <wf lemma="jaar" pos="X">jaar</wf>
         <wf lemma="7" pos="X">7</wf>
         <wf lemma="procent" pos="X">procent</wf>
         <wf lemma="meer" pos="X">meer</wf>
         <wf lemma="passagiers" pos="X">passagiers</wf>
         <wf lemma="dan" pos="X">dan</wf>
         <wf lemma="het" pos="X">het</wf>
         <wf lemma="jaar" pos="X">jaar</wf>
         <wf lemma="ervoor" pos="X">ervoor</wf>
         <wf lemma="." pos="X">.</wf>
      </sentence>
      <sentence id="d000.s2005" source="wordnet-dutch">
         <wf lemma="zij" pos="X">zij</wf>
         <wf lemma="zit" pos="X">zit</wf>
         <wf lemma="elke" pos="X">elke</wf>
         <wf lemma="avond" pos="X">avond</wf>
         <wf lemma="in" pos="X">in</wf>
         <wf lemma="het" pos="X">het</wf>
         <instance id="d000.s2005.t000" lemma="café" pos="NOUN">café</instance>
         <wf lemma="." pos="X">.</wf>
      </sentence>
      <sentence id="d000.s2006" source="wordnet-dutch">
         <wf lemma="na" pos="X">na</wf>
         <wf lemma="de" pos="X">de</wf>
         <wf lemma="aanrijding" pos="X">aanrijding</wf>
         <wf lemma="werd" pos="X">werd</wf>
         <wf lemma="zijn" pos="X">zijn</wf>
         <wf lemma="wagen" pos="X">wagen</wf>
         <wf lemma="door" pos="X">door</wf>
         <wf lemma="meerdere" pos="X">meerdere</wf>
         <wf lemma="mensen" pos="X">mensen</wf>
         <instance id="d000.s2006.t000" lemma="wegduwen" pos="VERB">weggeduwd</instance>
         <wf lemma="." pos="X">.</wf>
      </sentence>
      <sentence id="d000.s2007" source="wordnet-dutch">
         <wf lemma="de" pos="X">de</wf>
         <wf lemma="knikker" pos="X">knikker</wf>
         <instance id="d000.s2007.t000" lemma="rollen" pos="VERB">rolde</instance>
         <wf lemma="het" pos="X">het</wf>
         <wf lemma="putje" pos="X">putje</wf>
         <wf lemma="in" pos="X">in</wf>
         <wf lemma="." pos="X">.</wf>
      </sentence>
      <sentence id="d000.s2008" source="wordnet-dutch">
         <wf lemma="hij" pos="X">hij</wf>
         <wf lemma="heeft" pos="X">heeft</wf>
         <wf lemma="snel" pos="X">snel</wf>
         <wf lemma="wat" pos="X">wat</wf>
         <wf lemma="kleren" pos="X">kleren</wf>
         <wf lemma="in" pos="X">in</wf>
         <wf lemma="het" pos="X">het</wf>
         <wf lemma="koffertje" pos="X">koffertje</wf>
         <instance id="d000.s2008.t000" lemma="proppen" pos="VERB">gepropt</instance>
         <wf lemma="en" pos="X">en</wf>
         <wf lemma="is" pos="X">is</wf>
         <wf lemma="vertrokken" pos="X">vertrokken</wf>
         <wf lemma="." pos="X">.</wf>
      </sentence>
      <sentence id="d000.s2009" source="wordnet-dutch">
         <wf lemma="Goed" pos="X">Goed</wf>
         <instance id="d000.s2009.t000" lemma="materiaal" pos="NOUN">materiaal</instance>
         <wf lemma="gebruiken" pos="X">gebruiken</wf>
         <wf lemma="is" pos="X">is</wf>
         <wf lemma="het" pos="X">het</wf>
         <wf lemma="halve" pos="X">halve</wf>
         <wf lemma="werk" pos="X">werk</wf>
         <wf lemma="." pos="X">.</wf>
      </sentence>
      <sentence id="d000.s2010" source="wordnet-dutch">
         <wf lemma="we" pos="X">we</wf>
         <wf lemma="hebben" pos="X">hebben</wf>
         <instance id="d000.s2010.t000" lemma="afzien" pos="VERB">afgezien</instance>
         <wf lemma="van" pos="X">van</wf>
         <wf lemma="de" pos="X">de</wf>
         <wf lemma="deelname" pos="X">deelname</wf>
         <wf lemma="aan" pos="X">aan</wf>
         <wf lemma="de" pos="X">de</wf>
         <wf lemma="wedstrijd" pos="X">wedstrijd</wf>
         <wf lemma="." pos="X">.</wf>
      </sentence>
      <sentence id="d000.s2011" source="wordnet-dutch">
         <wf lemma="hij" pos="X">hij</wf>
         <wf lemma="heeft" pos="X">heeft</wf>
         <wf lemma="lange" pos="X">lange</wf>
         <wf lemma="tijd" pos="X">tijd</wf>
         <wf lemma="in" pos="X">in</wf>
         <wf lemma="het" pos="X">het</wf>
         <wf lemma="buitenland" pos="X">buitenland</wf>
         <instance id="d000.s2011.t000" lemma="toeven" pos="VERB">getoefd</instance>
         <wf lemma="." pos="X">.</wf>
      </sentence>
      <sentence id="d000.s2012" source="wordnet-dutch">
         <wf lemma="een" pos="X">een</wf>
         <wf lemma="zware" pos="X">zware</wf>
         <wf lemma="regenbui" pos="X">regenbui</wf>
         <instance id="d000.s2012.t000" lemma="stremmen" pos="VERB">stremde</instance>
         <wf lemma="het" pos="X">het</wf>
         <wf lemma="verkeer" pos="X">verkeer</wf>
         <wf lemma="." pos="X">.</wf>
      </sentence>
      <sentence id="d000.s2013" source="wordnet-dutch">
         <wf lemma="hij" pos="X">hij</wf>
         <wf lemma="heeft" pos="X">heeft</wf>
         <wf lemma="een" pos="X">een</wf>
         <instance id="d000.s2013.t000" lemma="certificaat" pos="NOUN">certificaat</instance>
         <wf lemma="behaald" pos="X">behaald</wf>
         <wf lemma="." pos="X">.</wf>
      </sentence>
      <sentence id="d000.s2014" source="wordnet-dutch">
         <wf lemma="het" pos="X">het</wf>
         <wf lemma="schip" pos="X">schip</wf>
         <instance id="d000.s2014.t000" lemma="luisteren" pos="VERB">luisterde</instance>
         <wf lemma="slecht" pos="X">slecht</wf>
         <wf lemma="naar" pos="X">naar</wf>
         <wf lemma="het" pos="X">het</wf>
         <wf lemma="roer" pos="X">roer</wf>
         <wf lemma="." pos="X">.</wf>
      </sentence>
      <sentence id="d000.s2015" source="wordnet-dutch">
         <wf lemma="dit" pos="X">dit</wf>
         <instance id="d000.s2015.t000" lemma="passagiersschip" pos="NOUN">passagiersschip</instance>
         <wf lemma="vaart" pos="X">vaart</wf>
         <wf lemma="op" pos="X">op</wf>
         <wf lemma="New" pos="X">New</wf>
         <wf lemma="York" pos="X">York</wf>
         <wf lemma="." pos="X">.</wf>
      </sentence>
      <sentence id="d000.s2016" source="wordnet-dutch">
         <wf lemma="daarover" pos="X">daarover</wf>
         <wf lemma="doe" pos="X">doe</wf>
         <wf lemma="ik" pos="X">ik</wf>
         <wf lemma="geen" pos="X">geen</wf>
         <instance id="d000.s2016.t000" lemma="voorspelling" pos="NOUN">voorspellingen</instance>
         <wf lemma="." pos="X">.</wf>
      </sentence>
      <sentence id="d000.s2017" source="wordnet-dutch">
         <wf lemma="niet" pos="X">niet</wf>
         <wf lemma="gaan" pos="X">gaan</wf>
         <wf lemma="snoepen" pos="X">snoepen</wf>
         <wf lemma="," pos="X">,</wf>
         <wf lemma="want" pos="X">want</wf>
         <wf lemma="dat" pos="X">dat</wf>
         <wf lemma="bederft" pos="X">bederft</wf>
         <wf lemma="je" pos="X">je</wf>
         <instance id="d000.s2017.t000" lemma="eetlust" pos="NOUN">eetlust</instance>
         <wf lemma="." pos="X">.</wf>
      </sentence>
      <sentence id="d000.s2018" source="wordnet-dutch">
         <wf lemma="zijn" pos="X">zijn</wf>
         <wf lemma="zucht" pos="X">zucht</wf>
         <wf lemma="naar" pos="X">naar</wf>
         <wf lemma="kennis" pos="X">kennis</wf>
         <wf lemma="is" pos="X">is</wf>
         <wf lemma="gewoonweg" pos="X">gewoonweg</wf>
         <wf lemma="niet" pos="X">niet</wf>
         <wf lemma="te" pos="X">te</wf>
         <instance id="d000.s2018.t000" lemma="lessen" pos="VERB">lessen</instance>
         <wf lemma="." pos="X">.</wf>
      </sentence>
      <sentence id="d000.s2019" source="wordnet-dutch">
         <wf lemma="het" pos="X">het</wf>
         <wf lemma="etiket" pos="X">etiket</wf>
         <wf lemma="zit" pos="X">zit</wf>
         <wf lemma="meestal" pos="X">meestal</wf>
         <wf lemma="aan" pos="X">aan</wf>
         <wf lemma="de" pos="X">de</wf>
         <instance id="d000.s2019.t000" lemma="binnenzijde" pos="NOUN">binnenzijde</instance>
         <wf lemma="van" pos="X">van</wf>
         <wf lemma="kleding" pos="X">kleding</wf>
         <wf lemma="." pos="X">.</wf>
      </sentence>
      <sentence id="d000.s2020" source="wordnet-dutch">
         <wf lemma="'s" pos="X">'s</wf>
         <wf lemma="avonds" pos="X">avonds</wf>
         <wf lemma="laat" pos="X">laat</wf>
         <instance id="d000.s2020.t000" lemma="krijgen" pos="VERB">kreeg</instance>
         <wf lemma="ik" pos="X">ik</wf>
         <wf lemma="hem" pos="X">hem</wf>
         <wf lemma="eindelijk" pos="X">eindelijk</wf>
         <wf lemma="te" pos="X">te</wf>
         <wf lemma="pakken" pos="X">pakken</wf>
         <wf lemma="." pos="X">.</wf>
      </sentence>
      <sentence id="d000.s2021" source="wordnet-dutch">
         <wf lemma="een" pos="X">een</wf>
         <instance id="d000.s2021.t000" lemma="pauze" pos="NOUN">pauze</instance>
         <wf lemma="van" pos="X">van</wf>
         <wf lemma="tien" pos="X">tien</wf>
         <wf lemma="minuten" pos="X">minuten</wf>
         <wf lemma="." pos="X">.</wf>
      </sentence>
      <sentence id="d000.s2022" source="wordnet-dutch">
         <wf lemma="topsport" pos="X">topsport</wf>
         <wf lemma="stelt" pos="X">stelt</wf>
         <wf lemma="hoge" pos="X">hoge</wf>
         <instance id="d000.s2022.t000" lemma="eis" pos="NOUN">eisen</instance>
         <wf lemma="aan" pos="X">aan</wf>
         <wf lemma="het" pos="X">het</wf>
         <wf lemma="menselijk" pos="X">menselijk</wf>
         <wf lemma="lichaam" pos="X">lichaam</wf>
         <wf lemma="." pos="X">.</wf>
      </sentence>
      <sentence id="d000.s2023" source="wordnet-dutch">
         <wf lemma="zal" pos="X">zal</wf>
         <wf lemma="ik" pos="X">ik</wf>
         <wf lemma="dan" pos="X">dan</wf>
         <wf lemma="vast" pos="X">vast</wf>
         <wf lemma="de" pos="X">de</wf>
         <instance id="d000.s2023.t000" lemma="serveerster" pos="NOUN">serveerster</instance>
         <wf lemma="roepen" pos="X">roepen</wf>
         <wf lemma="?" pos="X">?</wf>
      </sentence>
      <sentence id="d000.s2024" source="wordnet-dutch">
         <instance id="d000.s2024.t000" lemma="zien" pos="VERB">zie</instance>
         <wf lemma="jij" pos="X">jij</wf>
         <wf lemma="dat" pos="X">dat</wf>
         <wf lemma="maar" pos="X">maar</wf>
         <wf lemma="voor" pos="X">voor</wf>
         <wf lemma="elkaar" pos="X">elkaar</wf>
         <wf lemma="te" pos="X">te</wf>
         <wf lemma="krijgen" pos="X">krijgen</wf>
         <wf lemma="!" pos="X">!</wf>
      </sentence>
      <sentence id="d000.s2025" source="wordnet-dutch">
         <wf lemma="het" pos="X">het</wf>
         <wf lemma="Nederlands" pos="X">Nederlands</wf>
         <wf lemma="team" pos="X">team</wf>
         <wf lemma="toont" pos="X">toont</wf>
         <wf lemma="dit" pos="X">dit</wf>
         <wf lemma="jaar" pos="X">jaar</wf>
         <wf lemma="opnieuw" pos="X">opnieuw</wf>
         <instance id="d000.s2025.t000" lemma="progressie" pos="NOUN">progressie</instance>
         <wf lemma="." pos="X">.</wf>
      </sentence>
      <sentence id="d000.s2026" source="wordnet-dutch">
         <wf lemma="deze" pos="X">deze</wf>
         <wf lemma="uitstekende" pos="X">uitstekende</wf>
         <wf lemma="pianist" pos="X">pianist</wf>
         <instance id="d000.s2026.t000" lemma="overschaduwen" pos="VERB">overschaduwde</instance>
         <wf lemma="alle" pos="X">alle</wf>
         <wf lemma="andere" pos="X">andere</wf>
         <wf lemma="kandidaten" pos="X">kandidaten</wf>
         <wf lemma="op" pos="X">op</wf>
         <wf lemma="de" pos="X">de</wf>
         <wf lemma="overwinning" pos="X">overwinning</wf>
         <wf lemma="." pos="X">.</wf>
      </sentence>
      <sentence id="d000.s2027" source="wordnet-dutch">
         <wf lemma="De" pos="X">De</wf>
         <instance id="d000.s2027.t000" lemma="opgave" pos="NOUN">opgave</instance>
         <wf lemma="van" pos="X">van</wf>
         <wf lemma="de" pos="X">de</wf>
         <wf lemma="verdiensten" pos="X">verdiensten</wf>
         <wf lemma="klopt" pos="X">klopt</wf>
         <wf lemma="niet" pos="X">niet</wf>
         <wf lemma="met" pos="X">met</wf>
         <wf lemma="de" pos="X">de</wf>
         <wf lemma="boekhouding" pos="X">boekhouding</wf>
         <wf lemma="." pos="X">.</wf>
      </sentence>
      <sentence id="d000.s2028" source="wordnet-dutch">
         <wf lemma="hij" pos="X">hij</wf>
         <wf lemma="heeft" pos="X">heeft</wf>
         <wf lemma="altijd" pos="X">altijd</wf>
         <instance id="d000.s2028.t000" lemma="herrie" pos="NOUN">herrie</instance>
         <wf lemma="met" pos="X">met</wf>
         <wf lemma="z'n" pos="X">z'n</wf>
         <wf lemma="broer" pos="X">broer</wf>
         <wf lemma="." pos="X">.</wf>
      </sentence>
      <sentence id="d000.s2029" source="wordnet-dutch">
         <wf lemma="het" pos="X">het</wf>
         <instance id="d000.s2029.t000" lemma="aanwerven" pos="VERB">aanwerven</instance>
         <wf lemma="van" pos="X">van</wf>
         <wf lemma="personeel" pos="X">personeel</wf>
         <wf lemma="geeft" pos="X">geeft</wf>
         <wf lemma="maar" pos="X">maar</wf>
         <wf lemma="zelden" pos="X">zelden</wf>
         <wf lemma="problemen" pos="X">problemen</wf>
         <wf lemma="." pos="X">.</wf>
      </sentence>
      <sentence id="d000.s2030" source="wordnet-dutch">
         <wf lemma="op" pos="X">op</wf>
         <wf lemma="10" pos="X">10</wf>
         <wf lemma="oktober" pos="X">oktober</wf>
         <wf lemma="werd" pos="X">werd</wf>
         <wf lemma="hij" pos="X">hij</wf>
         <wf lemma="getroffen" pos="X">getroffen</wf>
         <wf lemma="door" pos="X">door</wf>
         <wf lemma="een" pos="X">een</wf>
         <instance id="d000.s2030.t000" lemma="hartaanval" pos="NOUN">hartaanval</instance>
         <wf lemma="." pos="X">.</wf>
      </sentence>
      <sentence id="d000.s2031" source="wordnet-dutch">
         <wf lemma="dit" pos="X">dit</wf>
         <wf lemma="geld" pos="X">geld</wf>
         <wf lemma="is" pos="X">is</wf>
         <wf lemma="bestemd" pos="X">bestemd</wf>
         <wf lemma="voor" pos="X">voor</wf>
         <wf lemma="de" pos="X">de</wf>
         <instance id="d000.s2031.t000" lemma="aanschaf" pos="NOUN">aanschaf</instance>
         <wf lemma="van" pos="X">van</wf>
         <wf lemma="boeken" pos="X">boeken</wf>
         <wf lemma="." pos="X">.</wf>
      </sentence>
      <sentence id="d000.s2032" source="wordnet-dutch">
         <wf lemma="als" pos="X">als</wf>
         <wf lemma="je" pos="X">je</wf>
         <wf lemma="van" pos="X">van</wf>
         <instance id="d000.s2032.t000" lemma="baan" pos="NOUN">baan</instance>
         <wf lemma="verandert" pos="X">verandert</wf>
         <wf lemma="moet" pos="X">moet</wf>
         <wf lemma="je" pos="X">je</wf>
         <wf lemma="richting" pos="X">richting</wf>
         <wf lemma="aangeven" pos="X">aangeven</wf>
         <wf lemma="." pos="X">.</wf>
      </sentence>
      <sentence id="d000.s2033" source="wordnet-dutch">
         <wf lemma="ik" pos="X">ik</wf>
         <wf lemma="moest" pos="X">moest</wf>
         <wf lemma="echt" pos="X">echt</wf>
         <instance id="d000.s2033.t000" lemma="vechten" pos="VERB">vechten</instance>
         <wf lemma="tegen" pos="X">tegen</wf>
         <wf lemma="de" pos="X">de</wf>
         <wf lemma="slaap" pos="X">slaap</wf>
         <wf lemma="." pos="X">.</wf>
      </sentence>
      <sentence id="d000.s2034" source="wordnet-dutch">
         <wf lemma="de" pos="X">de</wf>
         <wf lemma="interne" pos="X">interne</wf>
         <instance id="d000.s2034.t000" lemma="aangelegenheid" pos="NOUN">aangelegenheden</instance>
         <wf lemma="van" pos="X">van</wf>
         <wf lemma="dat" pos="X">dat</wf>
         <wf lemma="land" pos="X">land</wf>
         <wf lemma="." pos="X">.</wf>
      </sentence>
      <sentence id="d000.s2035" source="wordnet-dutch">
         <wf lemma="er" pos="X">er</wf>
         <wf lemma="is" pos="X">is</wf>
         <wf lemma="een" pos="X">een</wf>
         <wf lemma="stroomstoring" pos="X">stroomstoring</wf>
         <wf lemma="op" pos="X">op</wf>
         <wf lemma="de" pos="X">de</wf>
         <instance id="d000.s2035.t000" lemma="lijn" pos="NOUN">lijn</instance>
         <wf lemma="Brussel-Oostende" pos="X">Brussel-Oostende</wf>
         <wf lemma="." pos="X">.</wf>
      </sentence>
      <sentence id="d000.s2036" source="wordnet-dutch">
         <wf lemma="de" pos="X">de</wf>
         <wf lemma="schilderijen" pos="X">schilderijen</wf>
         <wf lemma="worden" pos="X">worden</wf>
         <wf lemma="zorgvuldig" pos="X">zorgvuldig</wf>
         <instance id="d000.s2036.t000" lemma="conserveren" pos="VERB">geconserveerd</instance>
         <wf lemma="en" pos="X">en</wf>
         <wf lemma="gerestaureerd" pos="X">gerestaureerd</wf>
         <wf lemma="." pos="X">.</wf>
      </sentence>
      <sentence id="d000.s2037" source="wordnet-dutch">
         <wf lemma="om" pos="X">om</wf>
         <wf lemma="die" pos="X">die</wf>
         <wf lemma="tijd" pos="X">tijd</wf>
         <wf lemma="lig" pos="X">lig</wf>
         <wf lemma="ik" pos="X">ik</wf>
         <wf lemma="al" pos="X">al</wf>
         <wf lemma="lang" pos="X">lang</wf>
         <wf lemma="te" pos="X">te</wf>
         <instance id="d000.s2037.t000" lemma="snurken" pos="VERB">snurken</instance>
         <wf lemma="." pos="X">.</wf>
      </sentence>
      <sentence id="d000.s2038" source="wordnet-dutch">
         <wf lemma="we" pos="X">we</wf>
         <wf lemma="gingen" pos="X">gingen</wf>
         <wf lemma="met" pos="X">met</wf>
         <wf lemma="de" pos="X">de</wf>
         <wf lemma="hele" pos="X">hele</wf>
         <instance id="d000.s2038.t000" lemma="zwik" pos="NOUN">zwik</instance>
         <wf lemma="naar" pos="X">naar</wf>
         <wf lemma="Antwerpen" pos="X">Antwerpen</wf>
         <wf lemma="." pos="X">.</wf>
      </sentence>
      <sentence id="d000.s2039" source="wordnet-dutch">
         <wf lemma="volgende" pos="X">volgende</wf>
         <wf lemma="week" pos="X">week</wf>
         <instance id="d000.s2039.t000" lemma="krijgen" pos="VERB">krijgen</instance>
         <wf lemma="de" pos="X">de</wf>
         <wf lemma="kinderen" pos="X">kinderen</wf>
         <wf lemma="vakantie" pos="X">vakantie</wf>
         <wf lemma="." pos="X">.</wf>
      </sentence>
      <sentence id="d000.s2040" source="wordnet-dutch">
         <wf lemma="het" pos="X">het</wf>
         <wf lemma="is" pos="X">is</wf>
         <wf lemma="niet" pos="X">niet</wf>
         <wf lemma="gezond" pos="X">gezond</wf>
         <wf lemma="om" pos="X">om</wf>
         <wf lemma="al" pos="X">al</wf>
         <wf lemma="te" pos="X">te</wf>
         <wf lemma="lang" pos="X">lang</wf>
         <wf lemma="onder" pos="X">onder</wf>
         <wf lemma="de" pos="X">de</wf>
         <instance id="d000.s2040.t000" lemma="hoogtezon" pos="NOUN">hoogtezon</instance>
         <wf lemma="te" pos="X">te</wf>
         <wf lemma="zitten" pos="X">zitten</wf>
         <wf lemma="." pos="X">.</wf>
      </sentence>
      <sentence id="d000.s2041" source="wordnet-dutch">
         <wf lemma="uit" pos="X">uit</wf>
         <instance id="d000.s2041.t000" lemma="vergelding" pos="NOUN">vergelding</instance>
         <wf lemma="voor" pos="X">voor</wf>
         <wf lemma="de" pos="X">de</wf>
         <wf lemma="moord" pos="X">moord</wf>
         <wf lemma="op" pos="X">op</wf>
         <wf lemma="een" pos="X">een</wf>
         <wf lemma="joodse" pos="X">joodse</wf>
         <wf lemma="kolonist" pos="X">kolonist</wf>
         <wf lemma="." pos="X">.</wf>
      </sentence>
      <sentence id="d000.s2042" source="wordnet-dutch">
         <wf lemma="Hij" pos="X">Hij</wf>
         <wf lemma="is" pos="X">is</wf>
         <wf lemma="een" pos="X">een</wf>
         <instance id="d000.s2042.t000" lemma="steun" pos="NOUN">steun</instance>
         <wf lemma="voor" pos="X">voor</wf>
         <wf lemma="het" pos="X">het</wf>
         <wf lemma="gezin" pos="X">gezin</wf>
         <wf lemma="." pos="X">.</wf>
      </sentence>
      <sentence id="d000.s2043" source="wordnet-dutch">
         <wf lemma="de" pos="X">de</wf>
         <wf lemma="buitenspelers" pos="X">buitenspelers</wf>
         <wf lemma="opereren" pos="X">opereren</wf>
         <wf lemma="via" pos="X">via</wf>
         <wf lemma="de" pos="X">de</wf>
         <instance id="d000.s2043.t000" lemma="flank" pos="NOUN">flanken</instance>
         <wf lemma="." pos="X">.</wf>
      </sentence>
      <sentence id="d000.s2044" source="wordnet-dutch">
         <wf lemma="een" pos="X">een</wf>
         <wf lemma="handschrift" pos="X">handschrift</wf>
         <wf lemma="op" pos="X">op</wf>
         <instance id="d000.s2044.t000" lemma="perkament" pos="NOUN">perkament</instance>
         <wf lemma="." pos="X">.</wf>
      </sentence>
      <sentence id="d000.s2045" source="wordnet-dutch">
         <wf lemma="ik" pos="X">ik</wf>
         <instance id="d000.s2045.t000" lemma="dulden" pos="VERB">duldt</instance>
         <wf lemma="niet" pos="X">niet</wf>
         <wf lemma="dat" pos="X">dat</wf>
         <wf lemma="mijn" pos="X">mijn</wf>
         <wf lemma="goede" pos="X">goede</wf>
         <wf lemma="naam" pos="X">naam</wf>
         <wf lemma="bezoedeld" pos="X">bezoedeld</wf>
         <wf lemma="wordt" pos="X">wordt</wf>
         <wf lemma="." pos="X">.</wf>
      </sentence>
      <sentence id="d000.s2046" source="wordnet-dutch">
         <wf lemma="ze" pos="X">ze</wf>
         <wf lemma="hebben" pos="X">hebben</wf>
         <wf lemma="hem" pos="X">hem</wf>
         <wf lemma="een" pos="X">een</wf>
         <wf lemma="grootse" pos="X">grootse</wf>
         <wf lemma="politieke" pos="X">politieke</wf>
         <wf lemma="carrière" pos="X">carrière</wf>
         <instance id="d000.s2046.t000" lemma="toedenken" pos="VERB">toegedacht</instance>
         <wf lemma="." pos="X">.</wf>
      </sentence>
      <sentence id="d000.s2047" source="wordnet-dutch">
         <wf lemma="de" pos="X">de</wf>
         <wf lemma="artsen" pos="X">artsen</wf>
         <wf lemma="weigeren" pos="X">weigeren</wf>
         <wf lemma="tot" pos="X">tot</wf>
         <instance id="d000.s2047.t000" lemma="euthanasie" pos="NOUN">euthanasie</instance>
         <wf lemma="over" pos="X">over</wf>
         <wf lemma="te" pos="X">te</wf>
         <wf lemma="gaan" pos="X">gaan</wf>
         <wf lemma="." pos="X">.</wf>
      </sentence>
      <sentence id="d000.s2048" source="wordnet-dutch">
         <wf lemma="hij" pos="X">hij</wf>
         <wf lemma="liep" pos="X">liep</wf>
         <wf lemma="op" pos="X">op</wf>
         <wf lemma="het" pos="X">het</wf>
         <instance id="d000.s2048.t000" lemma="gevoel" pos="NOUN">gevoel</instance>
         <wf lemma="af" pos="X">af</wf>
         <wf lemma="naar" pos="X">naar</wf>
         <wf lemma="de" pos="X">de</wf>
         <wf lemma="koelkast" pos="X">koelkast</wf>
         <wf lemma="." pos="X">.</wf>
      </sentence>
      <sentence id="d000.s2049" source="wordnet-dutch">
         <wf lemma="deze" pos="X">deze</wf>
         <wf lemma="week" pos="X">week</wf>
         <wf lemma="is" pos="X">is</wf>
         <wf lemma="al" pos="X">al</wf>
         <wf lemma="verschillende" pos="X">verschillende</wf>
         <wf lemma="keren" pos="X">keren</wf>
         <wf lemma="m'n" pos="X">m'n</wf>
         <wf lemma="balpen" pos="X">balpen</wf>
         <wf lemma="zoek" pos="X">zoek</wf>
         <instance id="d000.s2049.t000" lemma="raken" pos="VERB">geraakt</instance>
         <wf lemma="." pos="X">.</wf>
      </sentence>
      <sentence id="d000.s2050" source="wordnet-dutch">
         <wf lemma="hij" pos="X">hij</wf>
         <wf lemma="kan" pos="X">kan</wf>
         <wf lemma="die" pos="X">die</wf>
         <wf lemma="beslissing" pos="X">beslissing</wf>
         <instance id="d000.s2050.t000" lemma="verantwoorden" pos="VERB">verantwoorden</instance>
         <wf lemma="." pos="X">.</wf>
      </sentence>
      <sentence id="d000.s2051" source="wordnet-dutch">
         <wf lemma="Kruip" pos="X">Kruip</wf>
         <wf lemma="lekker" pos="X">lekker</wf>
         <wf lemma="onder" pos="X">onder</wf>
         <wf lemma="het" pos="X">het</wf>
         <instance id="d000.s2051.t000" lemma="dek" pos="NOUN">dek</instance>
         <wf lemma="als" pos="X">als</wf>
         <wf lemma="je" pos="X">je</wf>
         <wf lemma="het" pos="X">het</wf>
         <wf lemma="koud" pos="X">koud</wf>
         <wf lemma="hebt" pos="X">hebt</wf>
         <wf lemma="." pos="X">.</wf>
      </sentence>
      <sentence id="d000.s2052" source="wordnet-dutch">
         <wf lemma="De" pos="X">De</wf>
         <wf lemma="verschillende" pos="X">verschillende</wf>
         <instance id="d000.s2052.t000" lemma="korps" pos="NOUN">korpsen</instance>
         <wf lemma="in" pos="X">in</wf>
         <wf lemma="Nederland" pos="X">Nederland</wf>
         <wf lemma="krijgen" pos="X">krijgen</wf>
         <wf lemma="minder" pos="X">minder</wf>
         <wf lemma="subsidie" pos="X">subsidie</wf>
         <wf lemma="." pos="X">.</wf>
      </sentence>
      <sentence id="d000.s2053" source="wordnet-dutch">
         <wf lemma="wilt" pos="X">wilt</wf>
         <wf lemma="u" pos="X">u</wf>
         <wf lemma="op" pos="X">op</wf>
         <wf lemma="dit" pos="X">dit</wf>
         <wf lemma="formulier" pos="X">formulier</wf>
         <instance id="d000.s2053.t000" lemma="aankruisen" pos="VERB">aankruisen</instance>
         <wf lemma="wat" pos="X">wat</wf>
         <wf lemma="voor" pos="X">voor</wf>
         <wf lemma="u" pos="X">u</wf>
         <wf lemma="van" pos="X">van</wf>
         <wf lemma="toepassing" pos="X">toepassing</wf>
         <wf lemma="is" pos="X">is</wf>
         <wf lemma="?" pos="X">?</wf>
      </sentence>
      <sentence id="d000.s2054" source="wordnet-dutch">
         <wf lemma="tijdens" pos="X">tijdens</wf>
         <wf lemma="de" pos="X">de</wf>
         <wf lemma="oorlog" pos="X">oorlog</wf>
         <wf lemma="zat" pos="X">zat</wf>
         <wf lemma="hij" pos="X">hij</wf>
         <wf lemma="in" pos="X">in</wf>
         <wf lemma="de" pos="X">de</wf>
         <instance id="d000.s2054.t000" lemma="illegaliteit" pos="NOUN">illegaliteit</instance>
         <wf lemma="." pos="X">.</wf>
      </sentence>
      <sentence id="d000.s2055" source="wordnet-dutch">
         <wf lemma="we" pos="X">we</wf>
         <wf lemma="lieten" pos="X">lieten</wf>
         <wf lemma="hem" pos="X">hem</wf>
         <wf lemma="maar" pos="X">maar</wf>
         <wf lemma="in" pos="X">in</wf>
         <wf lemma="de" pos="X">de</wf>
         <instance id="d000.s2055.t000" lemma="waan" pos="NOUN">waan</instance>
         <wf lemma="dat" pos="X">dat</wf>
         <wf lemma="hij" pos="X">hij</wf>
         <wf lemma="fantastisch" pos="X">fantastisch</wf>
         <wf lemma="kon" pos="X">kon</wf>
         <wf lemma="voetballen" pos="X">voetballen</wf>
         <wf lemma="." pos="X">.</wf>
      </sentence>
      <sentence id="d000.s2056" source="wordnet-dutch">
         <wf lemma="wat" pos="X">wat</wf>
         <instance id="d000.s2056.t000" lemma="letten" pos="VERB">let</instance>
         <wf lemma="me" pos="X">me</wf>
         <wf lemma="eigenlijk" pos="X">eigenlijk</wf>
         <wf lemma="om" pos="X">om</wf>
         <wf lemma="toch" pos="X">toch</wf>
         <wf lemma="naar" pos="X">naar</wf>
         <wf lemma="dat" pos="X">dat</wf>
         <wf lemma="feestje" pos="X">feestje</wf>
         <wf lemma="te" pos="X">te</wf>
         <wf lemma="gaan" pos="X">gaan</wf>
         <wf lemma="?" pos="X">?</wf>
      </sentence>
      <sentence id="d000.s2057" source="wordnet-dutch">
         <wf lemma="vandaag" pos="X">vandaag</wf>
         <instance id="d000.s2057.t000" lemma="ontmoeten" pos="VERB">ontmoet</instance>
         <wf lemma="de" pos="X">de</wf>
         <wf lemma="premier" pos="X">premier</wf>
         <wf lemma="de" pos="X">de</wf>
         <wf lemma="president" pos="X">president</wf>
         <wf lemma="van" pos="X">van</wf>
         <wf lemma="de" pos="X">de</wf>
         <wf lemma="V.S." pos="X">V.S.</wf>
      </sentence>
      <sentence id="d000.s2058" source="wordnet-dutch">
         <wf lemma="de" pos="X">de</wf>
         <wf lemma="republikeinen" pos="X">republikeinen</wf>
         <wf lemma="zijn" pos="X">zijn</wf>
         <wf lemma="de" pos="X">de</wf>
         <instance id="d000.s2058.t000" lemma="flirt" pos="NOUN">flirt</instance>
         <wf lemma="met" pos="X">met</wf>
         <wf lemma="Peking" pos="X">Peking</wf>
         <wf lemma="begonnen" pos="X">begonnen</wf>
         <wf lemma="." pos="X">.</wf>
      </sentence>
      <sentence id="d000.s2059" source="wordnet-dutch">
         <wf lemma="een" pos="X">een</wf>
         <wf lemma="glimlach" pos="X">glimlach</wf>
         <wf lemma="kon" pos="X">kon</wf>
         <wf lemma="ik" pos="X">ik</wf>
         <wf lemma="toch" pos="X">toch</wf>
         <wf lemma="niet" pos="X">niet</wf>
         <instance id="d000.s2059.t000" lemma="onderdrukken" pos="VERB">onderdrukken</instance>
         <wf lemma="toen" pos="X">toen</wf>
         <wf lemma="ik" pos="X">ik</wf>
         <wf lemma="dat" pos="X">dat</wf>
         <wf lemma="hoorde" pos="X">hoorde</wf>
         <wf lemma="." pos="X">.</wf>
      </sentence>
      <sentence id="d000.s2060" source="wordnet-dutch">
         <wf lemma="hij" pos="X">hij</wf>
         <wf lemma="probeerde" pos="X">probeerde</wf>
         <wf lemma="die" pos="X">die</wf>
         <wf lemma="ervaring" pos="X">ervaring</wf>
         <wf lemma="te" pos="X">te</wf>
         <instance id="d000.s2060.t000" lemma="verdringen" pos="VERB">verdringen</instance>
         <wf lemma="." pos="X">.</wf>
      </sentence>
      <sentence id="d000.s2061" source="wordnet-dutch">
         <wf lemma="de" pos="X">de</wf>
         <wf lemma="leraar" pos="X">leraar</wf>
         <wf lemma="heeft" pos="X">heeft</wf>
         <wf lemma="alle" pos="X">alle</wf>
         <wf lemma="opstellen" pos="X">opstellen</wf>
         <instance id="d000.s2061.t000" lemma="afkraken" pos="VERB">afgekraakt</instance>
         <wf lemma="." pos="X">.</wf>
      </sentence>
      <sentence id="d000.s2062" source="wordnet-dutch">
         <wf lemma="Er" pos="X">Er</wf>
         <wf lemma="wordt" pos="X">wordt</wf>
         <wf lemma="hier" pos="X">hier</wf>
         <instance id="d000.s2062.t000" lemma="recht" pos="NOUN">recht</instance>
         <wf lemma="gesproken" pos="X">gesproken</wf>
         <wf lemma="." pos="X">.</wf>
      </sentence>
      <sentence id="d000.s2063" source="wordnet-dutch">
         <wf lemma="met" pos="X">met</wf>
         <wf lemma="Kerst" pos="X">Kerst</wf>
         <wf lemma="eten" pos="X">eten</wf>
         <wf lemma="we" pos="X">we</wf>
         <wf lemma="weer" pos="X">weer</wf>
         <instance id="d000.s2063.t000" lemma="fondue" pos="NOUN">fondue</instance>
         <wf lemma="." pos="X">.</wf>
      </sentence>
      <sentence id="d000.s2064" source="wordnet-dutch">
         <wf lemma="de" pos="X">de</wf>
         <wf lemma="dader" pos="X">dader</wf>
         <wf lemma="had" pos="X">had</wf>
         <wf lemma="geen" pos="X">geen</wf>
         <instance id="d000.s2064.t000" lemma="motief" pos="NOUN">motief</instance>
         <wf lemma="voor" pos="X">voor</wf>
         <wf lemma="de" pos="X">de</wf>
         <wf lemma="moord" pos="X">moord</wf>
         <wf lemma="." pos="X">.</wf>
      </sentence>
      <sentence id="d000.s2065" source="wordnet-dutch">
         <wf lemma="vroeger" pos="X">vroeger</wf>
         <instance id="d000.s2065.t000" lemma="omringen" pos="VERB">omringde</instance>
         <wf lemma="men" pos="X">men</wf>
         <wf lemma="de" pos="X">de</wf>
         <wf lemma="steden" pos="X">steden</wf>
         <wf lemma="met" pos="X">met</wf>
         <wf lemma="een" pos="X">een</wf>
         <wf lemma="muur" pos="X">muur</wf>
         <wf lemma="." pos="X">.</wf>
      </sentence>
      <sentence id="d000.s2066" source="wordnet-dutch">
         <wf lemma="Door" pos="X">Door</wf>
         <wf lemma="de" pos="X">de</wf>
         <wf lemma="hitte" pos="X">hitte</wf>
         <wf lemma="gaan" pos="X">gaan</wf>
         <wf lemma="de" pos="X">de</wf>
         <wf lemma="buizen" pos="X">buizen</wf>
         <instance id="d000.s2066.t000" lemma="verlopen" pos="VERB">verlopen</instance>
         <wf lemma="." pos="X">.</wf>
      </sentence>
      <sentence id="d000.s2067" source="wordnet-dutch">
         <wf lemma="de" pos="X">de</wf>
         <wf lemma="benzineprijzen" pos="X">benzineprijzen</wf>
         <wf lemma="aan" pos="X">aan</wf>
         <wf lemma="de" pos="X">de</wf>
         <instance id="d000.s2067.t000" lemma="pomp" pos="NOUN">pomp</instance>
         <wf lemma="gaan" pos="X">gaan</wf>
         <wf lemma="eerdaags" pos="X">eerdaags</wf>
         <wf lemma="omhoog" pos="X">omhoog</wf>
         <wf lemma="." pos="X">.</wf>
      </sentence>
      <sentence id="d000.s2068" source="wordnet-dutch">
         <wf lemma="het" pos="X">het</wf>
         <wf lemma="feit" pos="X">feit</wf>
         <wf lemma="dat" pos="X">dat</wf>
         <wf lemma="borstvoeding" pos="X">borstvoeding</wf>
         <wf lemma="voordelen" pos="X">voordelen</wf>
         <wf lemma="oplevert" pos="X">oplevert</wf>
         <wf lemma="op" pos="X">op</wf>
         <wf lemma="ander" pos="X">ander</wf>
         <wf lemma="dan" pos="X">dan</wf>
         <wf lemma="voedingsgebied" pos="X">voedingsgebied</wf>
         <wf lemma="hoeft" pos="X">hoeft</wf>
         <wf lemma="geen" pos="X">geen</wf>
         <instance id="d000.s2068.t000" lemma="verbazing" pos="NOUN">verbazing</instance>
         <wf lemma="te" pos="X">te</wf>
         <wf lemma="wekken" pos="X">wekken</wf>
         <wf lemma="." pos="X">.</wf>
      </sentence>
      <sentence id="d000.s2069" source="wordnet-dutch">
         <wf lemma="ze" pos="X">ze</wf>
         <wf lemma="hebben" pos="X">hebben</wf>
         <wf lemma="dat" pos="X">dat</wf>
         <wf lemma="heel" pos="X">heel</wf>
         <wf lemma="nauwkeurig" pos="X">nauwkeurig</wf>
         <instance id="d000.s2069.t000" lemma="uitrekenen" pos="VERB">uitgerekend</instance>
         <wf lemma="met" pos="X">met</wf>
         <wf lemma="de" pos="X">de</wf>
         <wf lemma="computer" pos="X">computer</wf>
         <wf lemma="." pos="X">.</wf>
      </sentence>
      <sentence id="d000.s2070" source="wordnet-dutch">
         <wf lemma="ik" pos="X">ik</wf>
         <wf lemma="haal" pos="X">haal</wf>
         <wf lemma="even" pos="X">even</wf>
         <wf lemma="de" pos="X">de</wf>
         <instance id="d000.s2070.t000" lemma="schaaf" pos="NOUN">schaaf</instance>
         <wf lemma="over" pos="X">over</wf>
         <wf lemma="dat" pos="X">dat</wf>
         <wf lemma="latje" pos="X">latje</wf>
         <wf lemma="." pos="X">.</wf>
      </sentence>
      <sentence id="d000.s2071" source="wordnet-dutch">
         <wf lemma="na" pos="X">na</wf>
         <wf lemma="een" pos="X">een</wf>
         <wf lemma="lange" pos="X">lange</wf>
         <wf lemma="vrijpartij" pos="X">vrijpartij</wf>
         <wf lemma="bereikte" pos="X">bereikte</wf>
         <wf lemma="zij" pos="X">zij</wf>
         <wf lemma="haar" pos="X">haar</wf>
         <instance id="d000.s2071.t000" lemma="climax" pos="NOUN">climax</instance>
         <wf lemma="." pos="X">.</wf>
      </sentence>
      <sentence id="d000.s2072" source="wordnet-dutch">
         <wf lemma="kan" pos="X">kan</wf>
         <wf lemma="ik" pos="X">ik</wf>
         <wf lemma="je" pos="X">je</wf>
         <wf lemma="dat" pos="X">dat</wf>
         <wf lemma="in" pos="X">in</wf>
         <instance id="d000.s2072.t000" lemma="vertrouwen" pos="NOUN">vertrouwen</instance>
         <wf lemma="vertellen" pos="X">vertellen</wf>
         <wf lemma="?" pos="X">?</wf>
      </sentence>
      <sentence id="d000.s2073" source="wordnet-dutch">
         <wf lemma="moeten" pos="X">moeten</wf>
         <wf lemma="wij" pos="X">wij</wf>
         <wf lemma="nog" pos="X">nog</wf>
         <instance id="d000.s2073.t000" lemma="overleggen" pos="VERB">overleggen</instance>
         <wf lemma="over" pos="X">over</wf>
         <wf lemma="de" pos="X">de</wf>
         <wf lemma="vakantieperiodes" pos="X">vakantieperiodes</wf>
         <wf lemma="?" pos="X">?</wf>
      </sentence>
      <sentence id="d000.s2074" source="wordnet-dutch">
         <wf lemma="daarnaast" pos="X">daarnaast</wf>
         <instance id="d000.s2074.t000" lemma="ontplooien" pos="VERB">ontplooide</instance>
         <wf lemma="hij" pos="X">hij</wf>
         <wf lemma="vanaf" pos="X">vanaf</wf>
         <wf lemma="1979" pos="X">1979</wf>
         <wf lemma="een" pos="X">een</wf>
         <wf lemma="grote" pos="X">grote</wf>
         <wf lemma="literaire" pos="X">literaire</wf>
         <wf lemma="bedrijvigheid" pos="X">bedrijvigheid</wf>
         <wf lemma="." pos="X">.</wf>
      </sentence>
      <sentence id="d000.s2075" source="wordnet-dutch">
         <wf lemma="aangezien" pos="X">aangezien</wf>
         <wf lemma="de" pos="X">de</wf>
         <wf lemma="kok" pos="X">kok</wf>
         <wf lemma="niet" pos="X">niet</wf>
         <wf lemma="kwam" pos="X">kwam</wf>
         <wf lemma="opdagen" pos="X">opdagen</wf>
         <wf lemma="hebben" pos="X">hebben</wf>
         <wf lemma="we" pos="X">we</wf>
         <wf lemma="zelf" pos="X">zelf</wf>
         <wf lemma="met" pos="X">met</wf>
         <wf lemma="de" pos="X">de</wf>
         <wf lemma="schaarse" pos="X">schaarse</wf>
         <wf lemma="middelen" pos="X">middelen</wf>
         <wf lemma="een" pos="X">een</wf>
         <wf lemma="feestmaal" pos="X">feestmaal</wf>
         <instance id="d000.s2075.t000" lemma="improviseren" pos="VERB">geïmproviseerd</instance>
         <wf lemma="." pos="X">.</wf>
      </sentence>
      <sentence id="d000.s2076" source="wordnet-dutch">
         <wf lemma="deze" pos="X">deze</wf>
         <wf lemma="gemeenten" pos="X">gemeenten</wf>
         <instance id="d000.s2076.t000" lemma="ressorteren" pos="VERB">ressorteren</instance>
         <wf lemma="allebei" pos="X">allebei</wf>
         <wf lemma="onder" pos="X">onder</wf>
         <wf lemma="hetzelfde" pos="X">hetzelfde</wf>
         <wf lemma="district" pos="X">district</wf>
         <wf lemma="." pos="X">.</wf>
      </sentence>
      <sentence id="d000.s2077" source="wordnet-dutch">
         <wf lemma="De" pos="X">De</wf>
         <instance id="d000.s2077.t000" lemma="jacht" pos="NOUN">jacht</instance>
         <wf lemma="van" pos="X">van</wf>
         <wf lemma="de" pos="X">de</wf>
         <wf lemma="politie" pos="X">politie</wf>
         <wf lemma="op" pos="X">op</wf>
         <wf lemma="de" pos="X">de</wf>
         <wf lemma="ontsnapte" pos="X">ontsnapte</wf>
         <wf lemma="crimineel" pos="X">crimineel</wf>
         <wf lemma="." pos="X">.</wf>
      </sentence>
      <sentence id="d000.s2078" source="wordnet-dutch">
         <wf lemma="in" pos="X">in</wf>
         <wf lemma="de" pos="X">de</wf>
         <wf lemma="kinderkamer" pos="X">kinderkamer</wf>
         <wf lemma="heerste" pos="X">heerste</wf>
         <wf lemma="een" pos="X">een</wf>
         <wf lemma="grote" pos="X">grote</wf>
         <instance id="d000.s2078.t000" lemma="bedrijvigheid" pos="NOUN">bedrijvigheid</instance>
         <wf lemma="." pos="X">.</wf>
      </sentence>
      <sentence id="d000.s2079" source="wordnet-dutch">
         <wf lemma="bij" pos="X">bij</wf>
         <instance id="d000.s2079.t000" lemma="laagwater" pos="NOUN">laagwater</instance>
         <wf lemma="gaan" pos="X">gaan</wf>
         <wf lemma="we" pos="X">we</wf>
         <wf lemma="het" pos="X">het</wf>
         <wf lemma="wad" pos="X">wad</wf>
         <wf lemma="op" pos="X">op</wf>
         <wf lemma="." pos="X">.</wf>
      </sentence>
      <sentence id="d000.s2080" source="wordnet-dutch">
         <wf lemma="met" pos="X">met</wf>
         <wf lemma="deze" pos="X">deze</wf>
         <wf lemma="aanslagen" pos="X">aanslagen</wf>
         <wf lemma="proberen" pos="X">proberen</wf>
         <wf lemma="ze" pos="X">ze</wf>
         <wf lemma="de" pos="X">de</wf>
         <wf lemma="samenleving" pos="X">samenleving</wf>
         <wf lemma="hier" pos="X">hier</wf>
         <wf lemma="te" pos="X">te</wf>
         <instance id="d000.s2080.t000" lemma="ontwrichten" pos="VERB">ontwrichten</instance>
         <wf lemma="." pos="X">.</wf>
      </sentence>
      <sentence id="d000.s2081" source="wordnet-dutch">
         <wf lemma="hij" pos="X">hij</wf>
         <wf lemma="heeft" pos="X">heeft</wf>
         <wf lemma="zijn" pos="X">zijn</wf>
         <wf lemma="zieke" pos="X">zieke</wf>
         <wf lemma="collega" pos="X">collega</wf>
         <wf lemma="vandaag" pos="X">vandaag</wf>
         <instance id="d000.s2081.t000" lemma="vervangen" pos="VERB">vervangen</instance>
         <wf lemma="." pos="X">.</wf>
      </sentence>
      <sentence id="d000.s2082" source="wordnet-dutch">
         <wf lemma="het" pos="X">het</wf>
         <wf lemma="leek" pos="X">leek</wf>
         <wf lemma="altijd" pos="X">altijd</wf>
         <wf lemma="alsof" pos="X">alsof</wf>
         <wf lemma="hij" pos="X">hij</wf>
         <wf lemma="maar" pos="X">maar</wf>
         <wf lemma="wat" pos="X">wat</wf>
         <wf lemma="aan" pos="X">aan</wf>
         <wf lemma="het" pos="X">het</wf>
         <instance id="d000.s2082.t000" lemma="modderen" pos="VERB">modderen</instance>
         <wf lemma="was" pos="X">was</wf>
         <wf lemma="met" pos="X">met</wf>
         <wf lemma="verf" pos="X">verf</wf>
         <wf lemma="," pos="X">,</wf>
         <wf lemma="maar" pos="X">maar</wf>
         <wf lemma="de" pos="X">de</wf>
         <wf lemma="resultaten" pos="X">resultaten</wf>
         <wf lemma="waren" pos="X">waren</wf>
         <wf lemma="verbluffend" pos="X">verbluffend</wf>
         <wf lemma="." pos="X">.</wf>
      </sentence>
      <sentence id="d000.s2083" source="wordnet-dutch">
         <wf lemma="in" pos="X">in</wf>
         <wf lemma="de" pos="X">de</wf>
         <instance id="d000.s2083.t000" lemma="grond" pos="NOUN">grond</instance>
         <wf lemma="is" pos="X">is</wf>
         <wf lemma="hij" pos="X">hij</wf>
         <wf lemma="een" pos="X">een</wf>
         <wf lemma="aardige" pos="X">aardige</wf>
         <wf lemma="jongen" pos="X">jongen</wf>
         <wf lemma="." pos="X">.</wf>
      </sentence>
      <sentence id="d000.s2084" source="wordnet-dutch">
         <wf lemma="een" pos="X">een</wf>
         <wf lemma="vraagstuk" pos="X">vraagstuk</wf>
         <wf lemma="met" pos="X">met</wf>
         <wf lemma="drie" pos="X">drie</wf>
         <instance id="d000.s2084.t000" lemma="gegeven" pos="NOUN">gegevens</instance>
         <wf lemma="en" pos="X">en</wf>
         <wf lemma="een" pos="X">een</wf>
         <wf lemma="onbekende" pos="X">onbekende</wf>
         <wf lemma="oplossen" pos="X">oplossen</wf>
         <wf lemma="." pos="X">.</wf>
      </sentence>
      <sentence id="d000.s2085" source="wordnet-dutch">
         <wf lemma="we" pos="X">we</wf>
         <wf lemma="schrokken" pos="X">schrokken</wf>
         <wf lemma="wel" pos="X">wel</wf>
         <wf lemma="even" pos="X">even</wf>
         <wf lemma="toen" pos="X">toen</wf>
         <wf lemma="we" pos="X">we</wf>
         <instance id="d000.s2085.t000" lemma="vernemen" pos="VERB">vernamen</instance>
         <wf lemma="hoeveel" pos="X">hoeveel</wf>
         <wf lemma="het" pos="X">het</wf>
         <wf lemma="project" pos="X">project</wf>
         <wf lemma="zal" pos="X">zal</wf>
         <wf lemma="kosten" pos="X">kosten</wf>
         <wf lemma="." pos="X">.</wf>
      </sentence>
      <sentence id="d000.s2086" source="wordnet-dutch">
         <wf lemma="hij" pos="X">hij</wf>
         <instance id="d000.s2086.t000" lemma="blikken" pos="VERB">blikte</instance>
         <wf lemma="niet" pos="X">niet</wf>
         <wf lemma="meer" pos="X">meer</wf>
         <wf lemma="achterom" pos="X">achterom</wf>
         <wf lemma="." pos="X">.</wf>
      </sentence>
      <sentence id="d000.s2087" source="wordnet-dutch">
         <wf lemma="tussen" pos="X">tussen</wf>
         <wf lemma="kajuit" pos="X">kajuit</wf>
         <wf lemma="en" pos="X">en</wf>
         <wf lemma="motorruimte" pos="X">motorruimte</wf>
         <wf lemma="is" pos="X">is</wf>
         <wf lemma="een" pos="X">een</wf>
         <wf lemma="waterdicht" pos="X">waterdicht</wf>
         <instance id="d000.s2087.t000" lemma="schot" pos="NOUN">schot</instance>
         <wf lemma="aangebracht" pos="X">aangebracht</wf>
         <wf lemma="." pos="X">.</wf>
      </sentence>
      <sentence id="d000.s2088" source="wordnet-dutch">
         <wf lemma="Een" pos="X">Een</wf>
         <wf lemma="klasse" pos="X">klasse</wf>
         <wf lemma="kun" pos="X">kun</wf>
         <wf lemma="je" pos="X">je</wf>
         <wf lemma="verder" pos="X">verder</wf>
         <wf lemma="verdelen" pos="X">verdelen</wf>
         <wf lemma="in" pos="X">in</wf>
         <instance id="d000.s2088.t000" lemma="groep" pos="NOUN">groepen</instance>
         <wf lemma="." pos="X">.</wf>
      </sentence>
      <sentence id="d000.s2089" source="wordnet-dutch">
         <wf lemma="een" pos="X">een</wf>
         <wf lemma="jas" pos="X">jas</wf>
         <instance id="d000.s2089.t000" lemma="beschermen" pos="VERB">beschermt</instance>
         <wf lemma="tegen" pos="X">tegen</wf>
         <wf lemma="de" pos="X">de</wf>
         <wf lemma="regen" pos="X">regen</wf>
         <wf lemma="." pos="X">.</wf>
      </sentence>
      <sentence id="d000.s2090" source="wordnet-dutch">
         <wf lemma="de" pos="X">de</wf>
         <wf lemma="partij" pos="X">partij</wf>
         <wf lemma="verwierf" pos="X">verwierf</wf>
         <wf lemma="aanvankelijk" pos="X">aanvankelijk</wf>
         <wf lemma="veel" pos="X">veel</wf>
         <instance id="d000.s2090.t000" lemma="aanhang" pos="NOUN">aanhang</instance>
         <wf lemma="." pos="X">.</wf>
      </sentence>
      <sentence id="d000.s2091" source="wordnet-dutch">
         <wf lemma="een" pos="X">een</wf>
         <wf lemma="goed" pos="X">goed</wf>
         <wf lemma="project" pos="X">project</wf>
         <wf lemma="vereist" pos="X">vereist</wf>
         <wf lemma="een" pos="X">een</wf>
         <instance id="d000.s2091.t000" lemma="afstemming" pos="NOUN">afstemming</instance>
         <wf lemma="van" pos="X">van</wf>
         <wf lemma="werkzaamheden" pos="X">werkzaamheden</wf>
         <wf lemma="op" pos="X">op</wf>
         <wf lemma="elkaar" pos="X">elkaar</wf>
         <wf lemma="." pos="X">.</wf>
      </sentence>
      <sentence id="d000.s2092" source="wordnet-dutch">
         <wf lemma="ter" pos="X">ter</wf>
         <instance id="d000.s2092.t000" lemma="bekrachtiging" pos="NOUN">bekrachtiging</instance>
         <wf lemma="van" pos="X">van</wf>
         <wf lemma="het" pos="X">het</wf>
         <wf lemma="besluit" pos="X">besluit</wf>
         <wf lemma="namen" pos="X">namen</wf>
         <wf lemma="we" pos="X">we</wf>
         <wf lemma="een" pos="X">een</wf>
         <wf lemma="flinke" pos="X">flinke</wf>
         <wf lemma="borrel" pos="X">borrel</wf>
         <wf lemma="." pos="X">.</wf>
      </sentence>
      <sentence id="d000.s2093" source="wordnet-dutch">
         <wf lemma="hij" pos="X">hij</wf>
         <wf lemma="staat" pos="X">staat</wf>
         <wf lemma="al" pos="X">al</wf>
         <wf lemma="jaren" pos="X">jaren</wf>
         <wf lemma="onder" pos="X">onder</wf>
         <instance id="d000.s2093.t000" lemma="behandeling" pos="NOUN">behandeling</instance>
         <wf lemma="van" pos="X">van</wf>
         <wf lemma="een" pos="X">een</wf>
         <wf lemma="psychiater" pos="X">psychiater</wf>
         <wf lemma="." pos="X">.</wf>
      </sentence>
      <sentence id="d000.s2094" source="wordnet-dutch">
         <wf lemma="twee" pos="X">twee</wf>
         <wf lemma="rijen" pos="X">rijen</wf>
         <wf lemma="populieren" pos="X">populieren</wf>
         <instance id="d000.s2094.t000" lemma="flankeren" pos="VERB">flankeren</instance>
         <wf lemma="de" pos="X">de</wf>
         <wf lemma="weg" pos="X">weg</wf>
         <wf lemma="." pos="X">.</wf>
      </sentence>
      <sentence id="d000.s2095" source="wordnet-dutch">
         <wf lemma="dat" pos="X">dat</wf>
         <wf lemma="moet" pos="X">moet</wf>
         <wf lemma="je" pos="X">je</wf>
         <wf lemma="in" pos="X">in</wf>
         <instance id="d000.s2095.t000" lemma="verhouding" pos="NOUN">verhouding</instance>
         <wf lemma="zien" pos="X">zien</wf>
         <wf lemma="." pos="X">.</wf>
      </sentence>
      <sentence id="d000.s2096" source="wordnet-dutch">
         <wf lemma="op" pos="X">op</wf>
         <wf lemma="het" pos="X">het</wf>
         <instance id="d000.s2096.t000" lemma="land" pos="NOUN">land</instance>
         <wf lemma="wonen" pos="X">wonen</wf>
         <wf lemma="." pos="X">.</wf>
      </sentence>
      <sentence id="d000.s2097" source="wordnet-dutch">
         <wf lemma="ik" pos="X">ik</wf>
         <wf lemma="vind" pos="X">vind</wf>
         <wf lemma="het" pos="X">het</wf>
         <wf lemma="erg" pos="X">erg</wf>
         <wf lemma="flauw" pos="X">flauw</wf>
         <wf lemma="dat" pos="X">dat</wf>
         <wf lemma="hij" pos="X">hij</wf>
         <wf lemma="onze" pos="X">onze</wf>
         <wf lemma="kritiek" pos="X">kritiek</wf>
         <instance id="d000.s2097.t000" lemma="pareren" pos="VERB">pareert</instance>
         <wf lemma="met" pos="X">met</wf>
         <wf lemma="dergelijke" pos="X">dergelijke</wf>
         <wf lemma="argumenten" pos="X">argumenten</wf>
         <wf lemma="." pos="X">.</wf>
      </sentence>
      <sentence id="d000.s2098" source="wordnet-dutch">
         <wf lemma="Deze" pos="X">Deze</wf>
         <wf lemma="twee" pos="X">twee</wf>
         <wf lemma="vasen" pos="X">vasen</wf>
         <wf lemma="vormen" pos="X">vormen</wf>
         <wf lemma="een" pos="X">een</wf>
         <instance id="d000.s2098.t000" lemma="span" pos="NOUN">span</instance>
         <wf lemma="." pos="X">.</wf>
      </sentence>
      <sentence id="d000.s2099" source="wordnet-dutch">
         <wf lemma="door" pos="X">door</wf>
         <wf lemma="dat" pos="X">dat</wf>
         <wf lemma="nieuwe" pos="X">nieuwe</wf>
         <wf lemma="zoekprogramma" pos="X">zoekprogramma</wf>
         <wf lemma="op" pos="X">op</wf>
         <wf lemma="de" pos="X">de</wf>
         <wf lemma="computer" pos="X">computer</wf>
         <wf lemma="kan" pos="X">kan</wf>
         <wf lemma="informatie" pos="X">informatie</wf>
         <wf lemma="in" pos="X">in</wf>
         <wf lemma="een" pos="X">een</wf>
         <wf lemma="handomdraai" pos="X">handomdraai</wf>
         <wf lemma="worden" pos="X">worden</wf>
         <instance id="d000.s2099.t000" lemma="traceren" pos="VERB">getraceerd</instance>
         <wf lemma="." pos="X">.</wf>
      </sentence>
      <sentence id="d000.s2100" source="wordnet-dutch">
         <wf lemma="hij" pos="X">hij</wf>
         <wf lemma="heeft" pos="X">heeft</wf>
         <wf lemma="in" pos="X">in</wf>
         <wf lemma="het" pos="X">het</wf>
         <wf lemma="leger" pos="X">leger</wf>
         <wf lemma="gezeten" pos="X">gezeten</wf>
         <wf lemma="maar" pos="X">maar</wf>
         <wf lemma="weet" pos="X">weet</wf>
         <wf lemma="niet" pos="X">niet</wf>
         <wf lemma="hoe" pos="X">hoe</wf>
         <wf lemma="hij" pos="X">hij</wf>
         <wf lemma="een" pos="X">een</wf>
         <wf lemma="geweer" pos="X">geweer</wf>
         <wf lemma="moet" pos="X">moet</wf>
         <instance id="d000.s2100.t000" lemma="vasthouden" pos="VERB">vasthouden</instance>
         <wf lemma="." pos="X">.</wf>
      </sentence>
      <sentence id="d000.s2101" source="wordnet-dutch">
         <wf lemma="taaltechnologische" pos="X">taaltechnologische</wf>
         <instance id="d000.s2101.t000" lemma="applicatie" pos="NOUN">applicaties</instance>
         <wf lemma="." pos="X">.</wf>
      </sentence>
      <sentence id="d000.s2102" source="wordnet-dutch">
         <wf lemma="zij" pos="X">zij</wf>
         <instance id="d000.s2102.t000" lemma="vallen" pos="VERB">viel</instance>
         <wf lemma="meteen" pos="X">meteen</wf>
         <wf lemma="op" pos="X">op</wf>
         <wf lemma="hem" pos="X">hem</wf>
         <wf lemma="," pos="X">,</wf>
         <wf lemma="toen" pos="X">toen</wf>
         <wf lemma="ze" pos="X">ze</wf>
         <wf lemma="hem" pos="X">hem</wf>
         <wf lemma="voor" pos="X">voor</wf>
         <wf lemma="het" pos="X">het</wf>
         <wf lemma="eerst" pos="X">eerst</wf>
         <wf lemma="zag" pos="X">zag</wf>
         <wf lemma="." pos="X">.</wf>
      </sentence>
      <sentence id="d000.s2103" source="wordnet-dutch">
         <wf lemma="hij" pos="X">hij</wf>
         <wf lemma="is" pos="X">is</wf>
         <wf lemma="al" pos="X">al</wf>
         <wf lemma="volop" pos="X">volop</wf>
         <wf lemma="aan" pos="X">aan</wf>
         <wf lemma="het" pos="X">het</wf>
         <instance id="d000.s2103.t000" lemma="trainen" pos="VERB">trainen</instance>
         <wf lemma="voor" pos="X">voor</wf>
         <wf lemma="de" pos="X">de</wf>
         <wf lemma="olympische" pos="X">olympische</wf>
         <wf lemma="spelen" pos="X">spelen</wf>
         <wf lemma="in" pos="X">in</wf>
         <wf lemma="Sidney" pos="X">Sidney</wf>
         <wf lemma="." pos="X">.</wf>
      </sentence>
      <sentence id="d000.s2104" source="wordnet-dutch">
         <wf lemma="de" pos="X">de</wf>
         <wf lemma="Belgische" pos="X">Belgische</wf>
         <instance id="d000.s2104.t000" lemma="afvaardiging" pos="NOUN">afvaardiging</instance>
         <wf lemma="naar" pos="X">naar</wf>
         <wf lemma="het" pos="X">het</wf>
         <wf lemma="Eurovisie" pos="X">Eurovisie</wf>
         <wf lemma="songfestival" pos="X">songfestival</wf>
         <wf lemma="." pos="X">.</wf>
      </sentence>
      <sentence id="d000.s2105" source="wordnet-dutch">
         <wf lemma="geruime" pos="X">geruime</wf>
         <instance id="d000.s2105.t000" lemma="tijd" pos="NOUN">tijd</instance>
         <wf lemma="bleef" pos="X">bleef</wf>
         <wf lemma="zij" pos="X">zij</wf>
         <wf lemma="naar" pos="X">naar</wf>
         <wf lemma="het" pos="X">het</wf>
         <wf lemma="water" pos="X">water</wf>
         <wf lemma="staren" pos="X">staren</wf>
         <wf lemma="." pos="X">.</wf>
      </sentence>
      <sentence id="d000.s2106" source="wordnet-dutch">
         <wf lemma="hij" pos="X">hij</wf>
         <wf lemma="heeft" pos="X">heeft</wf>
         <wf lemma="dit" pos="X">dit</wf>
         <wf lemma="jaar" pos="X">jaar</wf>
         <wf lemma="een" pos="X">een</wf>
         <wf lemma="uitstekend" pos="X">uitstekend</wf>
         <wf lemma="eindresultaat" pos="X">eindresultaat</wf>
         <instance id="d000.s2106.t000" lemma="behalen" pos="VERB">behaald</instance>
         <wf lemma="." pos="X">.</wf>
      </sentence>
      <sentence id="d000.s2107" source="wordnet-dutch">
         <wf lemma="door" pos="X">door</wf>
         <wf lemma="werken" pos="X">werken</wf>
         <wf lemma="op" pos="X">op</wf>
         <wf lemma="zondag" pos="X">zondag</wf>
         <wf lemma="in" pos="X">in</wf>
         <instance id="d000.s2107.t000" lemma="gewetensnood" pos="NOUN">gewetensnood</instance>
         <wf lemma="verkeren" pos="X">verkeren</wf>
         <wf lemma="." pos="X">.</wf>
      </sentence>
      <sentence id="d000.s2108" source="wordnet-dutch">
         <wf lemma="kun" pos="X">kun</wf>
         <wf lemma="je" pos="X">je</wf>
         <wf lemma="dat" pos="X">dat</wf>
         <wf lemma="even" pos="X">even</wf>
         <wf lemma="uitleggen" pos="X">uitleggen</wf>
         <wf lemma="," pos="X">,</wf>
         <wf lemma="ik" pos="X">ik</wf>
         <wf lemma="kan" pos="X">kan</wf>
         <wf lemma="het" pos="X">het</wf>
         <wf lemma="niet" pos="X">niet</wf>
         <wf lemma="meer" pos="X">meer</wf>
         <instance id="d000.s2108.t000" lemma="volgen" pos="VERB">volgen</instance>
         <wf lemma="anders" pos="X">anders</wf>
         <wf lemma="." pos="X">.</wf>
      </sentence>
      <sentence id="d000.s2109" source="wordnet-dutch">
         <wf lemma="het" pos="X">het</wf>
         <wf lemma="klinkt" pos="X">klinkt</wf>
         <wf lemma="misschien" pos="X">misschien</wf>
         <wf lemma="hard" pos="X">hard</wf>
         <wf lemma="," pos="X">,</wf>
         <wf lemma="maar" pos="X">maar</wf>
         <wf lemma="ik" pos="X">ik</wf>
         <instance id="d000.s2109.t000" lemma="menen" pos="VERB">meen</instance>
         <wf lemma="het" pos="X">het</wf>
         <wf lemma="goed" pos="X">goed</wf>
         <wf lemma="." pos="X">.</wf>
      </sentence>
      <sentence id="d000.s2110" source="wordnet-dutch">
         <wf lemma="deze" pos="X">deze</wf>
         <instance id="d000.s2110.t000" lemma="productie" pos="NOUN">productie</instance>
         <wf lemma="van" pos="X">van</wf>
         <wf lemma="eigen" pos="X">eigen</wf>
         <wf lemma="bodem" pos="X">bodem</wf>
         <wf lemma="scoorde" pos="X">scoorde</wf>
         <wf lemma="hoge" pos="X">hoge</wf>
         <wf lemma="ogen" pos="X">ogen</wf>
         <wf lemma="in" pos="X">in</wf>
         <wf lemma="Hollywood" pos="X">Hollywood</wf>
         <wf lemma="." pos="X">.</wf>
      </sentence>
      <sentence id="d000.s2111" source="wordnet-dutch">
         <wf lemma="al" pos="X">al</wf>
         <wf lemma="die" pos="X">die</wf>
         <wf lemma="pogingen" pos="X">pogingen</wf>
         <instance id="d000.s2111.t000" lemma="leiden" pos="VERB">leiden</instance>
         <wf lemma="nergens" pos="X">nergens</wf>
         <wf lemma="toe" pos="X">toe</wf>
         <wf lemma="." pos="X">.</wf>
      </sentence>
      <sentence id="d000.s2112" source="wordnet-dutch">
         <wf lemma="de" pos="X">de</wf>
         <instance id="d000.s2112.t000" lemma="verzameling" pos="NOUN">verzameling</instance>
         <wf lemma="van" pos="X">van</wf>
         <wf lemma="gegevens" pos="X">gegevens</wf>
         <wf lemma="nam" pos="X">nam</wf>
         <wf lemma="veel" pos="X">veel</wf>
         <wf lemma="tijd" pos="X">tijd</wf>
         <wf lemma="in" pos="X">in</wf>
         <wf lemma="beslag" pos="X">beslag</wf>
         <wf lemma="." pos="X">.</wf>
      </sentence>
      <sentence id="d000.s2113" source="wordnet-dutch">
         <wf lemma="het" pos="X">het</wf>
         <wf lemma="jongetje" pos="X">jongetje</wf>
         <wf lemma="plaste" pos="X">plaste</wf>
         <wf lemma="met" pos="X">met</wf>
         <wf lemma="een" pos="X">een</wf>
         <instance id="d000.s2113.t000" lemma="boog" pos="NOUN">boogje</instance>
         <wf lemma="." pos="X">.</wf>
      </sentence>
      <sentence id="d000.s2114" source="wordnet-dutch">
         <wf lemma="China" pos="X">China</wf>
         <wf lemma="is" pos="X">is</wf>
         <wf lemma="een" pos="X">een</wf>
         <instance id="d000.s2114.t000" lemma="macht" pos="NOUN">macht</instance>
         <wf lemma="om" pos="X">om</wf>
         <wf lemma="rekening" pos="X">rekening</wf>
         <wf lemma="mee" pos="X">mee</wf>
         <wf lemma="te" pos="X">te</wf>
         <wf lemma="houden" pos="X">houden</wf>
         <wf lemma="." pos="X">.</wf>
      </sentence>
      <sentence id="d000.s2115" source="wordnet-dutch">
         <wf lemma="het" pos="X">het</wf>
         <wf lemma="wiel" pos="X">wiel</wf>
         <wf lemma="maakt" pos="X">maakt</wf>
         <wf lemma="negentig" pos="X">negentig</wf>
         <instance id="d000.s2115.t000" lemma="omwenteling" pos="NOUN">omwentelingen</instance>
         <wf lemma="per" pos="X">per</wf>
         <wf lemma="minuut" pos="X">minuut</wf>
         <wf lemma="." pos="X">.</wf>
      </sentence>
      <sentence id="d000.s2116" source="wordnet-dutch">
         <wf lemma="De" pos="X">De</wf>
         <wf lemma="tuin" pos="X">tuin</wf>
         <wf lemma="staat" pos="X">staat</wf>
         <wf lemma="vol" pos="X">vol</wf>
         <wf lemma="met" pos="X">met</wf>
         <instance id="d000.s2116.t000" lemma="hertshoorn" pos="NOUN">hertshoorn</instance>
         <wf lemma="die" pos="X">die</wf>
         <wf lemma="alles" pos="X">alles</wf>
         <wf lemma="overwoekert" pos="X">overwoekert</wf>
         <wf lemma="." pos="X">.</wf>
      </sentence>
      <sentence id="d000.s2117" source="wordnet-dutch">
         <wf lemma="het" pos="X">het</wf>
         <wf lemma="slachtoffer" pos="X">slachtoffer</wf>
         <wf lemma="lag" pos="X">lag</wf>
         <wf lemma="badend" pos="X">badend</wf>
         <wf lemma="in" pos="X">in</wf>
         <wf lemma="het" pos="X">het</wf>
         <instance id="d000.s2117.t000" lemma="bloed" pos="NOUN">bloed</instance>
         <wf lemma="op" pos="X">op</wf>
         <wf lemma="straat" pos="X">straat</wf>
         <wf lemma="." pos="X">.</wf>
      </sentence>
      <sentence id="d000.s2118" source="wordnet-dutch">
         <wf lemma="bij" pos="X">bij</wf>
         <wf lemma="slecht" pos="X">slecht</wf>
         <instance id="d000.s2118.t000" lemma="weer" pos="NOUN">weer</instance>
         <wf lemma="zwemmen" pos="X">zwemmen</wf>
         <wf lemma="we" pos="X">we</wf>
         <wf lemma="binnen" pos="X">binnen</wf>
         <wf lemma="." pos="X">.</wf>
      </sentence>
      <sentence id="d000.s2119" source="wordnet-dutch">
         <wf lemma="er" pos="X">er</wf>
         <wf lemma="staat" pos="X">staat</wf>
         <wf lemma="ons" pos="X">ons</wf>
         <wf lemma="een" pos="X">een</wf>
         <wf lemma="heel" pos="X">heel</wf>
         <instance id="d000.s2119.t000" lemma="arsenaal" pos="NOUN">arsenaal</instance>
         <wf lemma="aan" pos="X">aan</wf>
         <wf lemma="middelen" pos="X">middelen</wf>
         <wf lemma="ter" pos="X">ter</wf>
         <wf lemma="beschikking" pos="X">beschikking</wf>
         <wf lemma="." pos="X">.</wf>
      </sentence>
      <sentence id="d000.s2120" source="wordnet-dutch">
         <wf lemma="zijn" pos="X">zijn</wf>
         <wf lemma="nerveuze" pos="X">nerveuze</wf>
         <wf lemma="gedrag" pos="X">gedrag</wf>
         <wf lemma="wekte" pos="X">wekte</wf>
         <instance id="d000.s2120.t000" lemma="argwaan" pos="NOUN">argwaan</instance>
         <wf lemma="." pos="X">.</wf>
      </sentence>
      <sentence id="d000.s2121" source="wordnet-dutch">
         <wf lemma="deze" pos="X">deze</wf>
         <wf lemma="twee" pos="X">twee</wf>
         <wf lemma="stoffen" pos="X">stoffen</wf>
         <instance id="d000.s2121.t000" lemma="reageren" pos="VERB">reageren</instance>
         <wf lemma="gemakkelijk" pos="X">gemakkelijk</wf>
         <wf lemma="met" pos="X">met</wf>
         <wf lemma="elkaar" pos="X">elkaar</wf>
         <wf lemma="." pos="X">.</wf>
      </sentence>
      <sentence id="d000.s2122" source="wordnet-dutch">
         <wf lemma="ik" pos="X">ik</wf>
         <wf lemma="kreeg" pos="X">kreeg</wf>
         <wf lemma="de" pos="X">de</wf>
         <wf lemma="indruk" pos="X">indruk</wf>
         <wf lemma="dat" pos="X">dat</wf>
         <wf lemma="hij" pos="X">hij</wf>
         <wf lemma="op" pos="X">op</wf>
         <wf lemma="zijn" pos="X">zijn</wf>
         <wf lemma="medewerkers" pos="X">medewerkers</wf>
         <instance id="d000.s2122.t000" lemma="neerzien" pos="VERB">neerzag</instance>
         <wf lemma="." pos="X">.</wf>
      </sentence>
      <sentence id="d000.s2123" source="wordnet-dutch">
         <wf lemma="er" pos="X">er</wf>
         <wf lemma="zijn" pos="X">zijn</wf>
         <wf lemma="twee" pos="X">twee</wf>
         <wf lemma="maanden" pos="X">maanden</wf>
         <instance id="d000.s2123.t000" lemma="verlopen" pos="VERB">verlopen</instance>
         <wf lemma="sinds" pos="X">sinds</wf>
         <wf lemma="mijn" pos="X">mijn</wf>
         <wf lemma="laatste" pos="X">laatste</wf>
         <wf lemma="poging" pos="X">poging</wf>
         <wf lemma="." pos="X">.</wf>
      </sentence>
      <sentence id="d000.s2124" source="wordnet-dutch">
         <wf lemma="de" pos="X">de</wf>
         <wf lemma="voetballer" pos="X">voetballer</wf>
         <wf lemma="passeerde" pos="X">passeerde</wf>
         <wf lemma="zijn" pos="X">zijn</wf>
         <wf lemma="tegenstander" pos="X">tegenstander</wf>
         <wf lemma="door" pos="X">door</wf>
         <wf lemma="een" pos="X">een</wf>
         <instance id="d000.s2124.t000" lemma="schijnbeweging" pos="NOUN">schijnbeweging</instance>
         <wf lemma="te" pos="X">te</wf>
         <wf lemma="maken" pos="X">maken</wf>
         <wf lemma="." pos="X">.</wf>
      </sentence>
      <sentence id="d000.s2125" source="wordnet-dutch">
         <wf lemma="'-er" pos="X">'-er</wf>
         <wf lemma="'" pos="X">'</wf>
         <wf lemma="in" pos="X">in</wf>
         <wf lemma="'" pos="X">'</wf>
         <wf lemma="koper" pos="X">koper</wf>
         <wf lemma="'" pos="X">'</wf>
         <wf lemma="is" pos="X">is</wf>
         <wf lemma="een" pos="X">een</wf>
         <wf lemma="nominaliserend" pos="X">nominaliserend</wf>
         <instance id="d000.s2125.t000" lemma="affix" pos="NOUN">affix</instance>
         <wf lemma="bij" pos="X">bij</wf>
         <wf lemma="'" pos="X">'</wf>
         <wf lemma="koop-" pos="X">koop-</wf>
         <wf lemma="'" pos="X">'</wf>
         <wf lemma="." pos="X">.</wf>
      </sentence>
      <sentence id="d000.s2126" source="wordnet-dutch">
         <wf lemma="goed" pos="X">goed</wf>
         <instance id="d000.s2126.t000" lemma="beschouwen" pos="VERB">beschouwd</instance>
         <wf lemma="zouden" pos="X">zouden</wf>
         <wf lemma="we" pos="X">we</wf>
         <wf lemma="hier" pos="X">hier</wf>
         <wf lemma="over" pos="X">over</wf>
         <wf lemma="moord" pos="X">moord</wf>
         <wf lemma="moeten" pos="X">moeten</wf>
         <wf lemma="spreken" pos="X">spreken</wf>
         <wf lemma="." pos="X">.</wf>
      </sentence>
      <sentence id="d000.s2127" source="wordnet-dutch">
         <wf lemma="Op" pos="X">Op</wf>
         <wf lemma="de" pos="X">de</wf>
         <wf lemma="praalwagen" pos="X">praalwagen</wf>
         <wf lemma="zaten" pos="X">zaten</wf>
         <wf lemma="groete" pos="X">groete</wf>
         <instance id="d000.s2127.t000" lemma="pluim" pos="NOUN">pluimen</instance>
         <wf lemma="." pos="X">.</wf>
      </sentence>
      <sentence id="d000.s2128" source="wordnet-dutch">
         <wf lemma="u" pos="X">u</wf>
         <wf lemma="heeft" pos="X">heeft</wf>
         <wf lemma="zich" pos="X">zich</wf>
         <wf lemma="schuldig" pos="X">schuldig</wf>
         <wf lemma="gemaakt" pos="X">gemaakt</wf>
         <wf lemma="aan" pos="X">aan</wf>
         <wf lemma="belediging" pos="X">belediging</wf>
         <wf lemma="van" pos="X">van</wf>
         <wf lemma="een" pos="X">een</wf>
         <instance id="d000.s2128.t000" lemma="ambtenaar" pos="NOUN">ambtenaar</instance>
         <wf lemma="in" pos="X">in</wf>
         <wf lemma="functie" pos="X">functie</wf>
         <wf lemma="." pos="X">.</wf>
      </sentence>
      <sentence id="d000.s2129" source="wordnet-dutch">
         <wf lemma="de" pos="X">de</wf>
         <wf lemma="politie" pos="X">politie</wf>
         <wf lemma="was" pos="X">was</wf>
         <wf lemma="gewaarschuwd" pos="X">gewaarschuwd</wf>
         <wf lemma="dus" pos="X">dus</wf>
         <wf lemma="ik" pos="X">ik</wf>
         <wf lemma="had" pos="X">had</wf>
         <wf lemma="mijn" pos="X">mijn</wf>
         <instance id="d000.s2129.t000" lemma="burgerplicht" pos="NOUN">burgerplicht</instance>
         <wf lemma="gedaan/vervuld" pos="X">gedaan/vervuld</wf>
         <wf lemma="." pos="X">.</wf>
      </sentence>
      <sentence id="d000.s2130" source="wordnet-dutch">
         <wf lemma="de" pos="X">de</wf>
         <instance id="d000.s2130.t000" lemma="entree" pos="NOUN">entree</instance>
         <wf lemma="van" pos="X">van</wf>
         <wf lemma="Koningin" pos="X">Koningin</wf>
         <wf lemma="Beatrix" pos="X">Beatrix</wf>
         <wf lemma="in" pos="X">in</wf>
         <wf lemma="de" pos="X">de</wf>
         <wf lemma="ridderzaal" pos="X">ridderzaal</wf>
         <wf lemma="." pos="X">.</wf>
      </sentence>
      <sentence id="d000.s2131" source="wordnet-dutch">
         <wf lemma="Feijenoord" pos="X">Feijenoord</wf>
         <wf lemma="gaat" pos="X">gaat</wf>
         <wf lemma="aan" pos="X">aan</wf>
         <wf lemma="de" pos="X">de</wf>
         <instance id="d000.s2131.t000" lemma="leiding" pos="NOUN">leiding</instance>
         <wf lemma="met" pos="X">met</wf>
         <wf lemma="27" pos="X">27</wf>
         <wf lemma="punten" pos="X">punten</wf>
         <wf lemma="uit" pos="X">uit</wf>
         <wf lemma="12" pos="X">12</wf>
         <wf lemma="wedstrijden" pos="X">wedstrijden</wf>
         <wf lemma="." pos="X">.</wf>
      </sentence>
      <sentence id="d000.s2132" source="wordnet-dutch">
         <wf lemma="per" pos="X">per</wf>
         <instance id="d000.s2132.t000" lemma="circulair" pos="NOUN">circulaire</instance>
         <wf lemma="[" pos="X">[</wf>
         <wf lemma="bekendmaken" pos="X">bekendmaken</wf>
         <wf lemma="]" pos="X">]</wf>
         <wf lemma="." pos="X">.</wf>
      </sentence>
      <sentence id="d000.s2133" source="wordnet-dutch">
         <wf lemma="elke" pos="X">elke</wf>
         <wf lemma="middag" pos="X">middag</wf>
         <instance id="d000.s2133.t000" lemma="bereiden" pos="VERB">bereidde</instance>
         <wf lemma="hun" pos="X">hun</wf>
         <wf lemma="moeder" pos="X">moeder</wf>
         <wf lemma="een" pos="X">een</wf>
         <wf lemma="warme" pos="X">warme</wf>
         <wf lemma="maaltijd" pos="X">maaltijd</wf>
         <wf lemma="." pos="X">.</wf>
      </sentence>
      <sentence id="d000.s2134" source="wordnet-dutch">
         <wf lemma="je" pos="X">je</wf>
         <wf lemma="moet" pos="X">moet</wf>
         <wf lemma="dat" pos="X">dat</wf>
         <wf lemma="pilletje" pos="X">pilletje</wf>
         <wf lemma="eerst" pos="X">eerst</wf>
         <instance id="d000.s2134.t000" lemma="oplossen" pos="VERB">oplossen</instance>
         <wf lemma="in" pos="X">in</wf>
         <wf lemma="water" pos="X">water</wf>
         <wf lemma="." pos="X">.</wf>
      </sentence>
      <sentence id="d000.s2135" source="wordnet-dutch">
         <wf lemma="de" pos="X">de</wf>
         <wf lemma="emissienevel" pos="X">emissienevel</wf>
         <instance id="d000.s2135.t000" lemma="omhullen" pos="VERB">omhult</instance>
         <wf lemma="een" pos="X">een</wf>
         <wf lemma="kleine" pos="X">kleine</wf>
         <wf lemma="sterrenhoop" pos="X">sterrenhoop</wf>
         <wf lemma="." pos="X">.</wf>
      </sentence>
      <sentence id="d000.s2136" source="wordnet-dutch">
         <wf lemma="ze" pos="X">ze</wf>
         <wf lemma="heeft" pos="X">heeft</wf>
         <wf lemma="in" pos="X">in</wf>
         <wf lemma="haar" pos="X">haar</wf>
         <wf lemma="slaap" pos="X">slaap</wf>
         <wf lemma="liggen" pos="X">liggen</wf>
         <instance id="d000.s2136.t000" lemma="woelen" pos="VERB">woelen</instance>
         <wf lemma="." pos="X">.</wf>
      </sentence>
      <sentence id="d000.s2137" source="wordnet-dutch">
         <wf lemma="Het" pos="X">Het</wf>
         <instance id="d000.s2137.t000" lemma="verloop" pos="NOUN">verloop</instance>
         <wf lemma="van" pos="X">van</wf>
         <wf lemma="de" pos="X">de</wf>
         <wf lemma="vloed" pos="X">vloed</wf>
         <wf lemma="." pos="X">.</wf>
      </sentence>
      <sentence id="d000.s2138" source="wordnet-dutch">
         <wf lemma="een" pos="X">een</wf>
         <wf lemma="symfonie" pos="X">symfonie</wf>
         <wf lemma="in" pos="X">in</wf>
         <instance id="d000.s2138.t000" lemma="a" pos="NOUN">a</instance>
         <wf lemma="mineur" pos="X">mineur</wf>
         <wf lemma="." pos="X">.</wf>
      </sentence>
      <sentence id="d000.s2139" source="wordnet-dutch">
         <wf lemma="zonder" pos="X">zonder</wf>
         <wf lemma="enige" pos="X">enige</wf>
         <wf lemma="aarzeling" pos="X">aarzeling</wf>
         <wf lemma="zette" pos="X">zette</wf>
         <wf lemma="ze" pos="X">ze</wf>
         <wf lemma="haar" pos="X">haar</wf>
         <instance id="d000.s2139.t000" lemma="handtekening" pos="NOUN">handtekening</instance>
         <wf lemma="onder" pos="X">onder</wf>
         <wf lemma="het" pos="X">het</wf>
         <wf lemma="contract" pos="X">contract</wf>
         <wf lemma="." pos="X">.</wf>
      </sentence>
      <sentence id="d000.s2140" source="wordnet-dutch">
         <wf lemma="de" pos="X">de</wf>
         <instance id="d000.s2140.t000" lemma="interland" pos="NOUN">interlands</instance>
         <wf lemma="tussen" pos="X">tussen</wf>
         <wf lemma="Nederland" pos="X">Nederland</wf>
         <wf lemma="en" pos="X">en</wf>
         <wf lemma="Duitsland" pos="X">Duitsland</wf>
         <wf lemma="zijn" pos="X">zijn</wf>
         <wf lemma="vaak" pos="X">vaak</wf>
         <wf lemma="erg" pos="X">erg</wf>
         <wf lemma="emotioneel" pos="X">emotioneel</wf>
         <wf lemma="geladen" pos="X">geladen</wf>
         <wf lemma="." pos="X">.</wf>
      </sentence>
      <sentence id="d000.s2141" source="wordnet-dutch">
         <wf lemma="het" pos="X">het</wf>
         <wf lemma="gesprek" pos="X">gesprek</wf>
         <wf lemma="neemt" pos="X">neemt</wf>
         <wf lemma="een" pos="X">een</wf>
         <wf lemma="onverwachte" pos="X">onverwachte</wf>
         <instance id="d000.s2141.t000" lemma="wending" pos="NOUN">wending</instance>
         <wf lemma="." pos="X">.</wf>
      </sentence>
      <sentence id="d000.s2142" source="wordnet-dutch">
         <wf lemma="zijn" pos="X">zijn</wf>
         <wf lemma="gedrag" pos="X">gedrag</wf>
         <wf lemma="is" pos="X">is</wf>
         <wf lemma="beneden" pos="X">beneden</wf>
         <wf lemma="alle" pos="X">alle</wf>
         <instance id="d000.s2142.t000" lemma="peil" pos="NOUN">peil</instance>
         <wf lemma="." pos="X">.</wf>
      </sentence>
      <sentence id="d000.s2143" source="wordnet-dutch">
         <wf lemma="alle" pos="X">alle</wf>
         <wf lemma="fracties" pos="X">fracties</wf>
         <instance id="d000.s2143.t000" lemma="loven" pos="VERB">loofden</instance>
         <wf lemma="het" pos="X">het</wf>
         <wf lemma="snelle" pos="X">snelle</wf>
         <wf lemma="en" pos="X">en</wf>
         <wf lemma="gedegen" pos="X">gedegen</wf>
         <wf lemma="werk" pos="X">werk</wf>
         <wf lemma="van" pos="X">van</wf>
         <wf lemma="de" pos="X">de</wf>
         <wf lemma="werkgroep" pos="X">werkgroep</wf>
         <wf lemma="." pos="X">.</wf>
      </sentence>
      <sentence id="d000.s2144" source="wordnet-dutch">
         <wf lemma="de" pos="X">de</wf>
         <wf lemma="politie" pos="X">politie</wf>
         <wf lemma="heeft" pos="X">heeft</wf>
         <wf lemma="een" pos="X">een</wf>
         <wf lemma="proces-verbaal" pos="X">proces-verbaal</wf>
         <instance id="d000.s2144.t000" lemma="opmaken" pos="VERB">opgemaakt</instance>
         <wf lemma="tegen" pos="X">tegen</wf>
         <wf lemma="de" pos="X">de</wf>
         <wf lemma="chauffeur" pos="X">chauffeur</wf>
         <wf lemma="van" pos="X">van</wf>
         <wf lemma="de" pos="X">de</wf>
         <wf lemma="vrachtwagen" pos="X">vrachtwagen</wf>
         <wf lemma="." pos="X">.</wf>
      </sentence>
      <sentence id="d000.s2145" source="wordnet-dutch">
         <wf lemma="met" pos="X">met</wf>
         <wf lemma="de" pos="X">de</wf>
         <wf lemma="computer" pos="X">computer</wf>
         <wf lemma="kan" pos="X">kan</wf>
         <wf lemma="een" pos="X">een</wf>
         <wf lemma="operatie" pos="X">operatie</wf>
         <instance id="d000.s2145.t000" lemma="simuleren" pos="VERB">gesimuleerd</instance>
         <wf lemma="worden" pos="X">worden</wf>
         <wf lemma="." pos="X">.</wf>
      </sentence>
      <sentence id="d000.s2146" source="wordnet-dutch">
         <wf lemma="de" pos="X">de</wf>
         <wf lemma="president" pos="X">president</wf>
         <wf lemma="overlegde" pos="X">overlegde</wf>
         <wf lemma="met" pos="X">met</wf>
         <wf lemma="haar" pos="X">haar</wf>
         <wf lemma="naaste" pos="X">naaste</wf>
         <instance id="d000.s2146.t000" lemma="adviseur" pos="NOUN">adviseurs</instance>
         <wf lemma="." pos="X">.</wf>
      </sentence>
      <sentence id="d000.s2147" source="wordnet-dutch">
         <wf lemma="Door" pos="X">Door</wf>
         <wf lemma="het" pos="X">het</wf>
         <wf lemma="aaneenknopen" pos="X">aaneenknopen</wf>
         <wf lemma="van" pos="X">van</wf>
         <wf lemma="vier" pos="X">vier</wf>
         <wf lemma="eenvoudige" pos="X">eenvoudige</wf>
         <wf lemma="stangetjes" pos="X">stangetjes</wf>
         <wf lemma="kun" pos="X">kun</wf>
         <wf lemma="je" pos="X">je</wf>
         <wf lemma="de" pos="X">de</wf>
         <wf lemma="fraaiste" pos="X">fraaiste</wf>
         <instance id="d000.s2147.t000" lemma="mechanisme" pos="NOUN">mechanismen</instance>
         <wf lemma="construeren" pos="X">construeren</wf>
         <wf lemma="." pos="X">.</wf>
      </sentence>
      <sentence id="d000.s2148" source="wordnet-dutch">
         <wf lemma="ze" pos="X">ze</wf>
         <wf lemma="willen" pos="X">willen</wf>
         <wf lemma="het" pos="X">het</wf>
         <wf lemma="product" pos="X">product</wf>
         <wf lemma="eerst" pos="X">eerst</wf>
         <wf lemma="op" pos="X">op</wf>
         <wf lemma="zijn" pos="X">zijn</wf>
         <wf lemma="degelijkheid" pos="X">degelijkheid</wf>
         <instance id="d000.s2148.t000" lemma="testen" pos="VERB">testen</instance>
         <wf lemma="vooraleer" pos="X">vooraleer</wf>
         <wf lemma="ze" pos="X">ze</wf>
         <wf lemma="het" pos="X">het</wf>
         <wf lemma="op" pos="X">op</wf>
         <wf lemma="de" pos="X">de</wf>
         <wf lemma="markt" pos="X">markt</wf>
         <wf lemma="brengen" pos="X">brengen</wf>
         <wf lemma="." pos="X">.</wf>
      </sentence>
      <sentence id="d000.s2149" source="wordnet-dutch">
         <wf lemma="hij" pos="X">hij</wf>
         <wf lemma="was" pos="X">was</wf>
         <wf lemma="verkouden" pos="X">verkouden</wf>
         <wf lemma="en" pos="X">en</wf>
         <wf lemma="moest" pos="X">moest</wf>
         <wf lemma="voortdurend" pos="X">voortdurend</wf>
         <instance id="d000.s2149.t000" lemma="hoesten" pos="VERB">hoesten</instance>
         <wf lemma="tijdens" pos="X">tijdens</wf>
         <wf lemma="dat" pos="X">dat</wf>
         <wf lemma="concert" pos="X">concert</wf>
         <wf lemma="." pos="X">.</wf>
      </sentence>
      <sentence id="d000.s2150" source="wordnet-dutch">
         <wf lemma="voor" pos="X">voor</wf>
         <wf lemma="mijn" pos="X">mijn</wf>
         <instance id="d000.s2150.t000" lemma="begrip" pos="NOUN">begrip</instance>
         <wf lemma="is" pos="X">is</wf>
         <wf lemma="een" pos="X">een</wf>
         <wf lemma="hovercraft" pos="X">hovercraft</wf>
         <wf lemma="geen" pos="X">geen</wf>
         <wf lemma="boot" pos="X">boot</wf>
         <wf lemma="." pos="X">.</wf>
      </sentence>
      <sentence id="d000.s2151" source="wordnet-dutch">
         <wf lemma="Christenen" pos="X">Christenen</wf>
         <wf lemma="in" pos="X">in</wf>
         <wf lemma="Pakistan" pos="X">Pakistan</wf>
         <wf lemma="leven" pos="X">leven</wf>
         <wf lemma="onder" pos="X">onder</wf>
         <wf lemma="toenemende" pos="X">toenemende</wf>
         <wf lemma="maatschappelijke" pos="X">maatschappelijke</wf>
         <instance id="d000.s2151.t000" lemma="druk" pos="NOUN">druk</instance>
         <wf lemma="." pos="X">.</wf>
      </sentence>
      <sentence id="d000.s2152" source="wordnet-dutch">
         <wf lemma="een" pos="X">een</wf>
         <wf lemma="schip" pos="X">schip</wf>
         <wf lemma="met" pos="X">met</wf>
         <wf lemma="maximaal" pos="X">maximaal</wf>
         <instance id="d000.s2152.t000" lemma="comfort" pos="NOUN">comfort</instance>
         <wf lemma="voor" pos="X">voor</wf>
         <wf lemma="de" pos="X">de</wf>
         <wf lemma="passagiers" pos="X">passagiers</wf>
         <wf lemma="." pos="X">.</wf>
      </sentence>
      <sentence id="d000.s2153" source="wordnet-dutch">
         <wf lemma="Beste" pos="X">Beste</wf>
         <wf lemma="middel" pos="X">middel</wf>
         <wf lemma="tegen" pos="X">tegen</wf>
         <wf lemma="falende" pos="X">falende</wf>
         <instance id="d000.s2153.t000" lemma="directie" pos="NOUN">directie</instance>
         <wf lemma="is" pos="X">is</wf>
         <wf lemma="goede" pos="X">goede</wf>
         <wf lemma="informatie" pos="X">informatie</wf>
         <wf lemma="." pos="X">.</wf>
      </sentence>
      <sentence id="d000.s2154" source="wordnet-dutch">
         <wf lemma="er" pos="X">er</wf>
         <wf lemma="kwam" pos="X">kwam</wf>
         <wf lemma="geen" pos="X">geen</wf>
         <wf lemma="helder" pos="X">helder</wf>
         <wf lemma="maar" pos="X">maar</wf>
         <wf lemma="bruin" pos="X">bruin</wf>
         <wf lemma="water" pos="X">water</wf>
         <wf lemma="uit" pos="X">uit</wf>
         <wf lemma="de" pos="X">de</wf>
         <instance id="d000.s2154.t000" lemma="kraan" pos="NOUN">kraan</instance>
         <wf lemma="." pos="X">.</wf>
      </sentence>
      <sentence id="d000.s2155" source="wordnet-dutch">
         <wf lemma="tijdens" pos="X">tijdens</wf>
         <wf lemma="een" pos="X">een</wf>
         <instance id="d000.s2155.t000" lemma="hoorzitting" pos="NOUN">hoorzitting</instance>
         <wf lemma="maakte" pos="X">maakte</wf>
         <wf lemma="de" pos="X">de</wf>
         <wf lemma="provincie" pos="X">provincie</wf>
         <wf lemma="bekend" pos="X">bekend</wf>
         <wf lemma="dat" pos="X">dat</wf>
         <wf lemma="het" pos="X">het</wf>
         <wf lemma="kanaal" pos="X">kanaal</wf>
         <wf lemma="dertig" pos="X">dertig</wf>
         <wf lemma="meter" pos="X">meter</wf>
         <wf lemma="breed" pos="X">breed</wf>
         <wf lemma="wordt" pos="X">wordt</wf>
         <wf lemma="." pos="X">.</wf>
      </sentence>
      <sentence id="d000.s2156" source="wordnet-dutch">
         <wf lemma="er" pos="X">er</wf>
         <instance id="d000.s2156.t000" lemma="mankeren" pos="VERB">mankeert</instance>
         <wf lemma="een" pos="X">een</wf>
         <wf lemma="knop" pos="X">knop</wf>
         <wf lemma="aan" pos="X">aan</wf>
         <wf lemma="de" pos="X">de</wf>
         <wf lemma="radio" pos="X">radio</wf>
         <wf lemma="." pos="X">.</wf>
      </sentence>
      <sentence id="d000.s2157" source="wordnet-dutch">
         <wf lemma="ik" pos="X">ik</wf>
         <wf lemma="heb" pos="X">heb</wf>
         <wf lemma="m'n" pos="X">m'n</wf>
         <instance id="d000.s2157.t000" lemma="keus" pos="NOUN">keus</instance>
         <wf lemma="laten" pos="X">laten</wf>
         <wf lemma="vallen" pos="X">vallen</wf>
         <wf lemma="op" pos="X">op</wf>
         <wf lemma="een" pos="X">een</wf>
         <wf lemma="miami-blue" pos="X">miami-blue</wf>
         <wf lemma="Peugeot" pos="X">Peugeot</wf>
         <wf lemma="." pos="X">.</wf>
      </sentence>
      <sentence id="d000.s2158" source="wordnet-dutch">
         <wf lemma="deze" pos="X">deze</wf>
         <wf lemma="wedstrijd" pos="X">wedstrijd</wf>
         <wf lemma="wordt" pos="X">wordt</wf>
         <wf lemma="live" pos="X">live</wf>
         <instance id="d000.s2158.t000" lemma="uitzenden" pos="VERB">uitgezonden</instance>
         <wf lemma="op" pos="X">op</wf>
         <wf lemma="de" pos="X">de</wf>
         <wf lemma="NOS" pos="X">NOS</wf>
         <wf lemma="." pos="X">.</wf>
      </sentence>
      <sentence id="d000.s2159" source="wordnet-dutch">
         <wf lemma="die" pos="X">die</wf>
         <wf lemma="theorie" pos="X">theorie</wf>
         <wf lemma="is" pos="X">is</wf>
         <wf lemma="nu" pos="X">nu</wf>
         <wf lemma="wel" pos="X">wel</wf>
         <wf lemma="afdoende" pos="X">afdoende</wf>
         <instance id="d000.s2159.t000" lemma="weerleggen" pos="VERB">weerlegd</instance>
         <wf lemma="." pos="X">.</wf>
      </sentence>
      <sentence id="d000.s2160" source="wordnet-dutch">
         <wf lemma="een" pos="X">een</wf>
         <instance id="d000.s2160.t000" lemma="kraag" pos="NOUN">kraag</instance>
         <wf lemma="schuim" pos="X">schuim</wf>
         <wf lemma="van" pos="X">van</wf>
         <wf lemma="2cm" pos="X">2cm</wf>
         <wf lemma="." pos="X">.</wf>
      </sentence>
      <sentence id="d000.s2161" source="wordnet-dutch">
         <wf lemma="er" pos="X">er</wf>
         <wf lemma="bevinden" pos="X">bevinden</wf>
         <wf lemma="zich" pos="X">zich</wf>
         <wf lemma="veel" pos="X">veel</wf>
         <wf lemma="ongure" pos="X">ongure</wf>
         <instance id="d000.s2161.t000" lemma="element" pos="NOUN">elementen</instance>
         <wf lemma="in" pos="X">in</wf>
         <wf lemma="de" pos="X">de</wf>
         <wf lemma="binnenstad" pos="X">binnenstad</wf>
         <wf lemma="." pos="X">.</wf>
      </sentence>
      <sentence id="d000.s2162" source="wordnet-dutch">
         <wf lemma="de" pos="X">de</wf>
         <wf lemma="hond" pos="X">hond</wf>
         <wf lemma="liet" pos="X">liet</wf>
         <wf lemma="prompt" pos="X">prompt</wf>
         <wf lemma="zijn" pos="X">zijn</wf>
         <wf lemma="staart" pos="X">staart</wf>
         <instance id="d000.s2162.t000" lemma="hangen" pos="VERB">hangen</instance>
         <wf lemma="." pos="X">.</wf>
      </sentence>
      <sentence id="d000.s2163" source="wordnet-dutch">
         <wf lemma="De" pos="X">De</wf>
         <instance id="d000.s2163.t000" lemma="vloot" pos="NOUN">vloot</instance>
         <wf lemma="van" pos="X">van</wf>
         <wf lemma="vissersboten" pos="X">vissersboten</wf>
         <wf lemma="werd" pos="X">werd</wf>
         <wf lemma="door" pos="X">door</wf>
         <wf lemma="de" pos="X">de</wf>
         <wf lemma="storm" pos="X">storm</wf>
         <wf lemma="uit" pos="X">uit</wf>
         <wf lemma="elkaar" pos="X">elkaar</wf>
         <wf lemma="gedreven" pos="X">gedreven</wf>
         <wf lemma="." pos="X">.</wf>
      </sentence>
      <sentence id="d000.s2164" source="wordnet-dutch">
         <wf lemma="ik" pos="X">ik</wf>
         <wf lemma="heb" pos="X">heb</wf>
         <wf lemma="hem" pos="X">hem</wf>
         <instance id="d000.s2164.t000" lemma="aanbieden" pos="VERB">aangeboden</instance>
         <wf lemma="om" pos="X">om</wf>
         <wf lemma="te" pos="X">te</wf>
         <wf lemma="helpen" pos="X">helpen</wf>
         <wf lemma="." pos="X">.</wf>
      </sentence>
      <sentence id="d000.s2165" source="wordnet-dutch">
         <wf lemma="met" pos="X">met</wf>
         <wf lemma="zijn" pos="X">zijn</wf>
         <wf lemma="karakter" pos="X">karakter</wf>
         <wf lemma="en" pos="X">en</wf>
         <wf lemma="harde" pos="X">harde</wf>
         <wf lemma="stem" pos="X">stem</wf>
         <instance id="d000.s2165.t000" lemma="domineren" pos="VERB">domineert</instance>
         <wf lemma="hij" pos="X">hij</wf>
         <wf lemma="het" pos="X">het</wf>
         <wf lemma="hele" pos="X">hele</wf>
         <wf lemma="gezelschap" pos="X">gezelschap</wf>
         <wf lemma="." pos="X">.</wf>
      </sentence>
      <sentence id="d000.s2166" source="wordnet-dutch">
         <wf lemma="bij" pos="X">bij</wf>
         <wf lemma="haar" pos="X">haar</wf>
         <wf lemma="zevende" pos="X">zevende</wf>
         <wf lemma="slag" pos="X">slag</wf>
         <wf lemma="verdween" pos="X">verdween</wf>
         <wf lemma="de" pos="X">de</wf>
         <wf lemma="bal" pos="X">bal</wf>
         <wf lemma="eindelijk" pos="X">eindelijk</wf>
         <wf lemma="in" pos="X">in</wf>
         <wf lemma="de" pos="X">de</wf>
         <instance id="d000.s2166.t000" lemma="hole" pos="NOUN">hole</instance>
         <wf lemma="." pos="X">.</wf>
      </sentence>
      <sentence id="d000.s2167" source="wordnet-dutch">
         <wf lemma="toen" pos="X">toen</wf>
         <wf lemma="de" pos="X">de</wf>
         <wf lemma="politie" pos="X">politie</wf>
         <wf lemma="hem" pos="X">hem</wf>
         <wf lemma="mee" pos="X">mee</wf>
         <wf lemma="wilde" pos="X">wilde</wf>
         <wf lemma="nemen" pos="X">nemen</wf>
         <wf lemma="naar" pos="X">naar</wf>
         <wf lemma="het" pos="X">het</wf>
         <wf lemma="bureau" pos="X">bureau</wf>
         <wf lemma="ontstond" pos="X">ontstond</wf>
         <wf lemma="er" pos="X">er</wf>
         <wf lemma="een" pos="X">een</wf>
         <instance id="d000.s2167.t000" lemma="handgemeen" pos="NOUN">handgemeen</instance>
         <wf lemma="." pos="X">.</wf>
      </sentence>
      <sentence id="d000.s2168" source="wordnet-dutch">
         <wf lemma="dit" pos="X">dit</wf>
         <wf lemma="meldt" pos="X">meldt</wf>
         <wf lemma="het" pos="X">het</wf>
         <instance id="d000.s2168.t000" lemma="persagentschap" pos="NOUN">persagentschap</instance>
         <wf lemma="Reuter" pos="X">Reuter</wf>
         <wf lemma="." pos="X">.</wf>
      </sentence>
      <sentence id="d000.s2169" source="wordnet-dutch">
         <wf lemma="de" pos="X">de</wf>
         <wf lemma="motie" pos="X">motie</wf>
         <wf lemma="heeft" pos="X">heeft</wf>
         <wf lemma="tot" pos="X">tot</wf>
         <wf lemma="een" pos="X">een</wf>
         <wf lemma="breuk" pos="X">breuk</wf>
         <wf lemma="binnen" pos="X">binnen</wf>
         <wf lemma="de" pos="X">de</wf>
         <instance id="d000.s2169.t000" lemma="coalitie" pos="NOUN">coalitie</instance>
         <wf lemma="geleid" pos="X">geleid</wf>
         <wf lemma="." pos="X">.</wf>
      </sentence>
      <sentence id="d000.s2170" source="wordnet-dutch">
         <wf lemma="morgen" pos="X">morgen</wf>
         <instance id="d000.s2170.t000" lemma="overleggen" pos="VERB">overleggen</instance>
         <wf lemma="we" pos="X">we</wf>
         <wf lemma="met" pos="X">met</wf>
         <wf lemma="de" pos="X">de</wf>
         <wf lemma="directie" pos="X">directie</wf>
         <wf lemma="welke" pos="X">welke</wf>
         <wf lemma="deadline" pos="X">deadline</wf>
         <wf lemma="we" pos="X">we</wf>
         <wf lemma="stellen" pos="X">stellen</wf>
         <wf lemma="." pos="X">.</wf>
      </sentence>
      <sentence id="d000.s2171" source="wordnet-dutch">
         <wf lemma="ik" pos="X">ik</wf>
         <wf lemma="heb" pos="X">heb</wf>
         <wf lemma="alleen" pos="X">alleen</wf>
         <wf lemma="een" pos="X">een</wf>
         <wf lemma="beetje" pos="X">beetje</wf>
         <wf lemma="last" pos="X">last</wf>
         <wf lemma="van" pos="X">van</wf>
         <instance id="d000.s2171.t000" lemma="futloosheid" pos="NOUN">futloosheid</instance>
         <wf lemma="." pos="X">.</wf>
      </sentence>
      <sentence id="d000.s2172" source="wordnet-dutch">
         <wf lemma="ik" pos="X">ik</wf>
         <instance id="d000.s2172.t000" lemma="krijgen" pos="VERB">krijg</instance>
         <wf lemma="je" pos="X">je</wf>
         <wf lemma="nog" pos="X">nog</wf>
         <wf lemma="wel" pos="X">wel</wf>
         <wf lemma="." pos="X">.</wf>
      </sentence>
      <sentence id="d000.s2173" source="wordnet-dutch">
         <wf lemma="het" pos="X">het</wf>
         <wf lemma="hele" pos="X">hele</wf>
         <wf lemma="plein" pos="X">plein</wf>
         <wf lemma="is" pos="X">is</wf>
         <instance id="d000.s2173.t000" lemma="afzetten" pos="VERB">afgezet</instance>
         <wf lemma="met" pos="X">met</wf>
         <wf lemma="prikkeldraad" pos="X">prikkeldraad</wf>
         <wf lemma="." pos="X">.</wf>
      </sentence>
      <sentence id="d000.s2174" source="wordnet-dutch">
         <wf lemma="hij" pos="X">hij</wf>
         <wf lemma="vertrok" pos="X">vertrok</wf>
         <wf lemma="uit" pos="X">uit</wf>
         <instance id="d000.s2174.t000" lemma="verontwaardiging" pos="NOUN">verontwaardiging</instance>
         <wf lemma="over" pos="X">over</wf>
         <wf lemma="haar" pos="X">haar</wf>
         <wf lemma="gedrag" pos="X">gedrag</wf>
         <wf lemma="." pos="X">.</wf>
      </sentence>
      <sentence id="d000.s2175" source="wordnet-dutch">
         <wf lemma="zij" pos="X">zij</wf>
         <wf lemma="beschuldigen" pos="X">beschuldigen</wf>
         <wf lemma="de" pos="X">de</wf>
         <wf lemma="Amerikanen" pos="X">Amerikanen</wf>
         <wf lemma="ervan" pos="X">ervan</wf>
         <wf lemma="de" pos="X">de</wf>
         <wf lemma="onderhandelingen" pos="X">onderhandelingen</wf>
         <wf lemma="op" pos="X">op</wf>
         <wf lemma="deze" pos="X">deze</wf>
         <wf lemma="klimaatconferentie" pos="X">klimaatconferentie</wf>
         <wf lemma="bewust" pos="X">bewust</wf>
         <wf lemma="te" pos="X">te</wf>
         <wf lemma="hebben" pos="X">hebben</wf>
         <instance id="d000.s2175.t000" lemma="traineren" pos="VERB">getraineerd</instance>
         <wf lemma="." pos="X">.</wf>
      </sentence>
      <sentence id="d000.s2176" source="wordnet-dutch">
         <wf lemma="wegens" pos="X">wegens</wf>
         <instance id="d000.s2176.t000" lemma="geldnood" pos="NOUN">geldnood</instance>
         <wf lemma="runderen" pos="X">runderen</wf>
         <wf lemma="slachten" pos="X">slachten</wf>
         <wf lemma="om" pos="X">om</wf>
         <wf lemma="de" pos="X">de</wf>
         <wf lemma="roofdieren" pos="X">roofdieren</wf>
         <wf lemma="te" pos="X">te</wf>
         <wf lemma="voederen" pos="X">voederen</wf>
         <wf lemma="." pos="X">.</wf>
      </sentence>
      <sentence id="d000.s2177" source="wordnet-dutch">
         <wf lemma="in" pos="X">in</wf>
         <wf lemma="een" pos="X">een</wf>
         <instance id="d000.s2177.t000" lemma="vlaag" pos="NOUN">vlaag</instance>
         <wf lemma="van" pos="X">van</wf>
         <wf lemma="verstandsverbijstering" pos="X">verstandsverbijstering</wf>
         <wf lemma="schoot" pos="X">schoot</wf>
         <wf lemma="hij" pos="X">hij</wf>
         <wf lemma="haar" pos="X">haar</wf>
         <wf lemma="neer" pos="X">neer</wf>
         <wf lemma="." pos="X">.</wf>
      </sentence>
      <sentence id="d000.s2178" source="wordnet-dutch">
         <wf lemma="leid[t" pos="X">leid[t</wf>
         <wf lemma="]" pos="X">]</wf>
         <wf lemma="ons" pos="X">ons</wf>
         <wf lemma="niet" pos="X">niet</wf>
         <wf lemma="in" pos="X">in</wf>
         <instance id="d000.s2178.t000" lemma="bekoring" pos="NOUN">bekoring</instance>
         <wf lemma="." pos="X">.</wf>
      </sentence>
      <sentence id="d000.s2179" source="wordnet-dutch">
         <wf lemma="maar" pos="X">maar</wf>
         <wf lemma="dat" pos="X">dat</wf>
         <wf lemma="is" pos="X">is</wf>
         <wf lemma="een" pos="X">een</wf>
         <instance id="d000.s2179.t000" lemma="verhaal" pos="NOUN">verhaal</instance>
         <wf lemma="apart" pos="X">apart</wf>
         <wf lemma="." pos="X">.</wf>
      </sentence>
      <sentence id="d000.s2180" source="wordnet-dutch">
         <wf lemma="iemand" pos="X">iemand</wf>
         <wf lemma="heeft" pos="X">heeft</wf>
         <wf lemma="geprobeerd" pos="X">geprobeerd</wf>
         <wf lemma="het" pos="X">het</wf>
         <wf lemma="slot" pos="X">slot</wf>
         <wf lemma="van" pos="X">van</wf>
         <wf lemma="mijn" pos="X">mijn</wf>
         <wf lemma="auto" pos="X">auto</wf>
         <wf lemma="te" pos="X">te</wf>
         <instance id="d000.s2180.t000" lemma="forceren" pos="VERB">forceren</instance>
         <wf lemma="." pos="X">.</wf>
      </sentence>
      <sentence id="d000.s2181" source="wordnet-dutch">
         <wf lemma="wij" pos="X">wij</wf>
         <wf lemma="kunnen" pos="X">kunnen</wf>
         <wf lemma="de" pos="X">de</wf>
         <wf lemma="producten" pos="X">producten</wf>
         <wf lemma="direct" pos="X">direct</wf>
         <wf lemma="via" pos="X">via</wf>
         <wf lemma="de" pos="X">de</wf>
         <instance id="d000.s2181.t000" lemma="intercom" pos="NOUN">intercom</instance>
         <wf lemma="uit" pos="X">uit</wf>
         <wf lemma="het" pos="X">het</wf>
         <wf lemma="magazijn" pos="X">magazijn</wf>
         <wf lemma="bestellen" pos="X">bestellen</wf>
         <wf lemma="." pos="X">.</wf>
      </sentence>
      <sentence id="d000.s2182" source="wordnet-dutch">
         <wf lemma="rijdt" pos="X">rijdt</wf>
         <wf lemma="die" pos="X">die</wf>
         <wf lemma="auto" pos="X">auto</wf>
         <wf lemma="op" pos="X">op</wf>
         <instance id="d000.s2182.t000" lemma="diesel" pos="NOUN">diesel</instance>
         <wf lemma="?" pos="X">?</wf>
      </sentence>
      <sentence id="d000.s2183" source="wordnet-dutch">
         <wf lemma="het" pos="X">het</wf>
         <wf lemma="rechercheteam" pos="X">rechercheteam</wf>
         <instance id="d000.s2183.t000" lemma="opereren" pos="VERB">opereerde</instance>
         <wf lemma="onder" pos="X">onder</wf>
         <wf lemma="het" pos="X">het</wf>
         <wf lemma="gezag" pos="X">gezag</wf>
         <wf lemma="van" pos="X">van</wf>
         <wf lemma="hoofdofficier" pos="X">hoofdofficier</wf>
         <wf lemma="van" pos="X">van</wf>
         <wf lemma="Justitie" pos="X">Justitie</wf>
         <wf lemma="Pinkelmans" pos="X">Pinkelmans</wf>
         <wf lemma="." pos="X">.</wf>
      </sentence>
      <sentence id="d000.s2184" source="wordnet-dutch">
         <wf lemma="de" pos="X">de</wf>
         <wf lemma="stakers" pos="X">stakers</wf>
         <wf lemma="hebben" pos="X">hebben</wf>
         <wf lemma="de" pos="X">de</wf>
         <wf lemma="ochtendspits" pos="X">ochtendspits</wf>
         <instance id="d000.s2184.t000" lemma="platleggen" pos="VERB">platgelegd</instance>
         <wf lemma="." pos="X">.</wf>
      </sentence>
      <sentence id="d000.s2185" source="wordnet-dutch">
         <wf lemma="uw" pos="X">uw</wf>
         <wf lemma="klacht" pos="X">klacht</wf>
         <wf lemma="is" pos="X">is</wf>
         <wf lemma="in" pos="X">in</wf>
         <instance id="d000.s2185.t000" lemma="behandeling" pos="NOUN">behandeling</instance>
         <wf lemma="." pos="X">.</wf>
      </sentence>
      <sentence id="d000.s2186" source="wordnet-dutch">
         <wf lemma="het" pos="X">het</wf>
         <wf lemma="lichaam" pos="X">lichaam</wf>
         <wf lemma="maakt" pos="X">maakt</wf>
         <wf lemma="geen" pos="X">geen</wf>
         <wf lemma="nieuw" pos="X">nieuw</wf>
         <instance id="d000.s2186.t000" lemma="beenmerg" pos="NOUN">beenmerg</instance>
         <wf lemma="meer" pos="X">meer</wf>
         <wf lemma="aan" pos="X">aan</wf>
         <wf lemma="." pos="X">.</wf>
      </sentence>
      <sentence id="d000.s2187" source="wordnet-dutch">
         <wf lemma="hoe" pos="X">hoe</wf>
         <wf lemma="lang" pos="X">lang</wf>
         <wf lemma="zit" pos="X">zit</wf>
         <wf lemma="Jan" pos="X">Jan</wf>
         <wf lemma="nu" pos="X">nu</wf>
         <wf lemma="al" pos="X">al</wf>
         <wf lemma="op" pos="X">op</wf>
         <wf lemma="het" pos="X">het</wf>
         <instance id="d000.s2187.t000" lemma="closet" pos="NOUN">closet</instance>
         <wf lemma="?" pos="X">?</wf>
      </sentence>
      <sentence id="d000.s2188" source="wordnet-dutch">
         <wf lemma="de" pos="X">de</wf>
         <wf lemma="directeur" pos="X">directeur</wf>
         <wf lemma="kan" pos="X">kan</wf>
         <wf lemma="u" pos="X">u</wf>
         <wf lemma="vanmiddag" pos="X">vanmiddag</wf>
         <instance id="d000.s2188.t000" lemma="ontvangen" pos="VERB">ontvangen</instance>
         <wf lemma="." pos="X">.</wf>
      </sentence>
      <sentence id="d000.s2189" source="wordnet-dutch">
         <wf lemma="deze" pos="X">deze</wf>
         <wf lemma="journalisten" pos="X">journalisten</wf>
         <instance id="d000.s2189.t000" lemma="dragen" pos="VERB">gedragen</instance>
         <wf lemma="zich" pos="X">zich</wf>
         <wf lemma="volgens" pos="X">volgens</wf>
         <wf lemma="mij" pos="X">mij</wf>
         <wf lemma="allesbehalve" pos="X">allesbehalve</wf>
         <wf lemma="correct" pos="X">correct</wf>
         <wf lemma="." pos="X">.</wf>
      </sentence>
      <sentence id="d000.s2190" source="wordnet-dutch">
         <wf lemma="die" pos="X">die</wf>
         <wf lemma="animositeit" pos="X">animositeit</wf>
         <instance id="d000.s2190.t000" lemma="spelen" pos="VERB">speelt</instance>
         <wf lemma="wel" pos="X">wel</wf>
         <wf lemma="degelijk" pos="X">degelijk</wf>
         <wf lemma="." pos="X">.</wf>
      </sentence>
      <sentence id="d000.s2191" source="wordnet-dutch">
         <wf lemma="Het" pos="X">Het</wf>
         <wf lemma="Nederlandse" pos="X">Nederlandse</wf>
         <instance id="d000.s2191.t000" lemma="leger" pos="NOUN">leger</instance>
         <wf lemma="moet" pos="X">moet</wf>
         <wf lemma="bezuinigen" pos="X">bezuinigen</wf>
         <wf lemma="." pos="X">.</wf>
      </sentence>
      <sentence id="d000.s2192" source="wordnet-dutch">
         <wf lemma="ze" pos="X">ze</wf>
         <wf lemma="maakte" pos="X">maakte</wf>
         <wf lemma="zich" pos="X">zich</wf>
         <wf lemma="veel" pos="X">veel</wf>
         <instance id="d000.s2192.t000" lemma="illusie" pos="NOUN">illusies</instance>
         <wf lemma="over" pos="X">over</wf>
         <wf lemma="het" pos="X">het</wf>
         <wf lemma="feest" pos="X">feest</wf>
         <wf lemma="." pos="X">.</wf>
      </sentence>
      <sentence id="d000.s2193" source="wordnet-dutch">
         <wf lemma="we" pos="X">we</wf>
         <wf lemma="moesten" pos="X">moesten</wf>
         <wf lemma="gaan" pos="X">gaan</wf>
         <instance id="d000.s2193.t000" lemma="schuilen" pos="VERB">schuilen</instance>
         <wf lemma="voor" pos="X">voor</wf>
         <wf lemma="de" pos="X">de</wf>
         <wf lemma="felle" pos="X">felle</wf>
         <wf lemma="regen" pos="X">regen</wf>
         <wf lemma="." pos="X">.</wf>
      </sentence>
      <sentence id="d000.s2194" source="wordnet-dutch">
         <wf lemma="Er" pos="X">Er</wf>
         <wf lemma="zit" pos="X">zit</wf>
         <wf lemma="niet" pos="X">niet</wf>
         <wf lemma="genoeg" pos="X">genoeg</wf>
         <instance id="d000.s2194.t000" lemma="vet" pos="NOUN">vet</instance>
         <wf lemma="in" pos="X">in</wf>
         <wf lemma="de" pos="X">de</wf>
         <wf lemma="wielas" pos="X">wielas</wf>
         <wf lemma="waardoor" pos="X">waardoor</wf>
         <wf lemma="er" pos="X">er</wf>
         <wf lemma="wrijving" pos="X">wrijving</wf>
         <wf lemma="ontstaat" pos="X">ontstaat</wf>
         <wf lemma="." pos="X">.</wf>
      </sentence>
      <sentence id="d000.s2195" source="wordnet-dutch">
         <wf lemma="ik" pos="X">ik</wf>
         <wf lemma="zie" pos="X">zie</wf>
         <wf lemma="geen" pos="X">geen</wf>
         <wf lemma="enkele" pos="X">enkele</wf>
         <instance id="d000.s2195.t000" lemma="connectie" pos="NOUN">connectie</instance>
         <wf lemma="met" pos="X">met</wf>
         <wf lemma="wat" pos="X">wat</wf>
         <wf lemma="je" pos="X">je</wf>
         <wf lemma="daar" pos="X">daar</wf>
         <wf lemma="zegt" pos="X">zegt</wf>
         <wf lemma="." pos="X">.</wf>
      </sentence>
      <sentence id="d000.s2196" source="wordnet-dutch">
         <wf lemma="uit" pos="X">uit</wf>
         <instance id="d000.s2196.t000" lemma="ontevredenheid" pos="NOUN">ontevredenheid</instance>
         <wf lemma="gingen" pos="X">gingen</wf>
         <wf lemma="de" pos="X">de</wf>
         <wf lemma="buschauffeurs" pos="X">buschauffeurs</wf>
         <wf lemma="in" pos="X">in</wf>
         <wf lemma="staking" pos="X">staking</wf>
         <wf lemma="." pos="X">.</wf>
      </sentence>
      <sentence id="d000.s2197" source="wordnet-dutch">
         <wf lemma="hij" pos="X">hij</wf>
         <instance id="d000.s2197.t000" lemma="lonken" pos="VERB">lonkte</instance>
         <wf lemma="voortdurend" pos="X">voortdurend</wf>
         <wf lemma="naar" pos="X">naar</wf>
         <wf lemma="dat" pos="X">dat</wf>
         <wf lemma="meisje" pos="X">meisje</wf>
         <wf lemma="aan" pos="X">aan</wf>
         <wf lemma="de" pos="X">de</wf>
         <wf lemma="andere" pos="X">andere</wf>
         <wf lemma="tafel" pos="X">tafel</wf>
         <wf lemma="." pos="X">.</wf>
      </sentence>
      <sentence id="d000.s2198" source="wordnet-dutch">
         <wf lemma="hij" pos="X">hij</wf>
         <wf lemma="werd" pos="X">werd</wf>
         <wf lemma="veroordeeld" pos="X">veroordeeld</wf>
         <wf lemma="wegens" pos="X">wegens</wf>
         <instance id="d000.s2198.t000" lemma="collaboratie" pos="NOUN">collaboratie</instance>
         <wf lemma="met" pos="X">met</wf>
         <wf lemma="de" pos="X">de</wf>
         <wf lemma="Duitsers" pos="X">Duitsers</wf>
         <wf lemma="." pos="X">.</wf>
      </sentence>
      <sentence id="d000.s2199" source="wordnet-dutch">
         <wf lemma="wie" pos="X">wie</wf>
         <wf lemma="heeft" pos="X">heeft</wf>
         <wf lemma="hem" pos="X">hem</wf>
         <wf lemma="tot" pos="X">tot</wf>
         <wf lemma="die" pos="X">die</wf>
         <wf lemma="euvele" pos="X">euvele</wf>
         <wf lemma="daad" pos="X">daad</wf>
         <instance id="d000.s2199.t000" lemma="overhalen" pos="VERB">overgehaald</instance>
         <wf lemma="?" pos="X">?</wf>
      </sentence>
      <sentence id="d000.s2200" source="wordnet-dutch">
         <wf lemma="op" pos="X">op</wf>
         <instance id="d000.s2200.t000" lemma="trompet" pos="NOUN">trompet</instance>
         <wf lemma="onze" pos="X">onze</wf>
         <wf lemma="onvergetelijke" pos="X">onvergetelijke</wf>
         <wf lemma="Louis" pos="X">Louis</wf>
         <wf lemma="Armstrong" pos="X">Armstrong</wf>
         <wf lemma="." pos="X">.</wf>
      </sentence>
      <sentence id="d000.s2201" source="wordnet-dutch">
         <wf lemma="je" pos="X">je</wf>
         <wf lemma="mag" pos="X">mag</wf>
         <wf lemma="geen" pos="X">geen</wf>
         <wf lemma="speelgoed" pos="X">speelgoed</wf>
         <wf lemma="van" pos="X">van</wf>
         <wf lemma="je" pos="X">je</wf>
         <wf lemma="broertje" pos="X">broertje</wf>
         <instance id="d000.s2201.t000" lemma="afpakken" pos="VERB">afpakken</instance>
         <wf lemma="." pos="X">.</wf>
      </sentence>
      <sentence id="d000.s2202" source="wordnet-dutch">
         <wf lemma="de" pos="X">de</wf>
         <wf lemma="nieuwe" pos="X">nieuwe</wf>
         <wf lemma="politiek" pos="X">politiek</wf>
         <wf lemma="van" pos="X">van</wf>
         <wf lemma="Gorbatsjov" pos="X">Gorbatsjov</wf>
         <instance id="d000.s2202.t000" lemma="rusten" pos="VERB">rustte</instance>
         <wf lemma="op" pos="X">op</wf>
         <wf lemma="twee" pos="X">twee</wf>
         <wf lemma="pijlers" pos="X">pijlers</wf>
         <wf lemma=":" pos="X">:</wf>
         <wf lemma="perestrojka" pos="X">perestrojka</wf>
         <wf lemma="en" pos="X">en</wf>
         <wf lemma="glasnost" pos="X">glasnost</wf>
         <wf lemma="." pos="X">.</wf>
      </sentence>
      <sentence id="d000.s2203" source="wordnet-dutch">
         <wf lemma="meneer" pos="X">meneer</wf>
         <wf lemma="is" pos="X">is</wf>
         <wf lemma="weer" pos="X">weer</wf>
         <wf lemma="de" pos="X">de</wf>
         <instance id="d000.s2203.t000" lemma="bink" pos="NOUN">bink</instance>
         <wf lemma="," pos="X">,</wf>
         <wf lemma="denkt" pos="X">denkt</wf>
         <wf lemma="ie" pos="X">ie</wf>
         <wf lemma="." pos="X">.</wf>
      </sentence>
      <sentence id="d000.s2204" source="wordnet-dutch">
         <wf lemma="een" pos="X">een</wf>
         <wf lemma="systematisch" pos="X">systematisch</wf>
         <instance id="d000.s2204.t000" lemma="patroon" pos="NOUN">patroon</instance>
         <wf lemma="van" pos="X">van</wf>
         <wf lemma="opklaringen" pos="X">opklaringen</wf>
         <wf lemma="." pos="X">.</wf>
      </sentence>
      <sentence id="d000.s2205" source="wordnet-dutch">
         <wf lemma="Jan" pos="X">Jan</wf>
         <wf lemma="gaf" pos="X">gaf</wf>
         <wf lemma="een" pos="X">een</wf>
         <wf lemma="complete" pos="X">complete</wf>
         <instance id="d000.s2205.t000" lemma="beschouwing" pos="NOUN">beschouwing</instance>
         <wf lemma="over" pos="X">over</wf>
         <wf lemma="het" pos="X">het</wf>
         <wf lemma="belang" pos="X">belang</wf>
         <wf lemma="van" pos="X">van</wf>
         <wf lemma="borstvoeding" pos="X">borstvoeding</wf>
         <wf lemma="." pos="X">.</wf>
      </sentence>
      <sentence id="d000.s2206" source="wordnet-dutch">
         <wf lemma="komkommer" pos="X">komkommer</wf>
         <wf lemma="worden" pos="X">worden</wf>
         <wf lemma="achter" pos="X">achter</wf>
         <instance id="d000.s2206.t000" lemma="glas" pos="NOUN">glas</instance>
         <wf lemma="gekweekt" pos="X">gekweekt</wf>
         <wf lemma="." pos="X">.</wf>
      </sentence>
      <sentence id="d000.s2207" source="wordnet-dutch">
         <wf lemma="een" pos="X">een</wf>
         <wf lemma="wandelingetje" pos="X">wandelingetje</wf>
         <wf lemma="om" pos="X">om</wf>
         <wf lemma="de" pos="X">de</wf>
         <instance id="d000.s2207.t000" lemma="eetlust" pos="NOUN">eetlust</instance>
         <wf lemma="op" pos="X">op</wf>
         <wf lemma="te" pos="X">te</wf>
         <wf lemma="wekken" pos="X">wekken</wf>
         <wf lemma="." pos="X">.</wf>
      </sentence>
      <sentence id="d000.s2208" source="wordnet-dutch">
         <wf lemma="keuken" pos="X">keuken</wf>
         <wf lemma="in" pos="X">in</wf>
         <wf lemma="het" pos="X">het</wf>
         <instance id="d000.s2208.t000" lemma="bleu" pos="NOUN">bleu</instance>
         <wf lemma="." pos="X">.</wf>
      </sentence>
      <sentence id="d000.s2209" source="wordnet-dutch">
         <wf lemma="die" pos="X">die</wf>
         <wf lemma="fiets" pos="X">fiets</wf>
         <wf lemma="heb" pos="X">heb</wf>
         <wf lemma="ik" pos="X">ik</wf>
         <wf lemma="voor" pos="X">voor</wf>
         <wf lemma="een" pos="X">een</wf>
         <instance id="d000.s2209.t000" lemma="schijntje" pos="NOUN">schijntje</instance>
         <wf lemma="gekocht" pos="X">gekocht</wf>
         <wf lemma="." pos="X">.</wf>
      </sentence>
      <sentence id="d000.s2210" source="wordnet-dutch">
         <wf lemma="de" pos="X">de</wf>
         <wf lemma="politicus" pos="X">politicus</wf>
         <wf lemma="heeft" pos="X">heeft</wf>
         <wf lemma="zijn" pos="X">zijn</wf>
         <wf lemma="kiezers" pos="X">kiezers</wf>
         <instance id="d000.s2210.t000" lemma="manipuleren" pos="VERB">gemanipuleerd</instance>
         <wf lemma="." pos="X">.</wf>
      </sentence>
      <sentence id="d000.s2211" source="wordnet-dutch">
         <wf lemma="De" pos="X">De</wf>
         <wf lemma="nieuwe" pos="X">nieuwe</wf>
         <wf lemma="feiten" pos="X">feiten</wf>
         <wf lemma="geven" pos="X">geven</wf>
         <wf lemma="hem" pos="X">hem</wf>
         <instance id="d000.s2211.t000" lemma="grip" pos="NOUN">grip</instance>
         <wf lemma="op" pos="X">op</wf>
         <wf lemma="de" pos="X">de</wf>
         <wf lemma="zaak" pos="X">zaak</wf>
         <wf lemma="." pos="X">.</wf>
      </sentence>
      <sentence id="d000.s2212" source="wordnet-dutch">
         <wf lemma="hij" pos="X">hij</wf>
         <wf lemma="wachtte" pos="X">wachtte</wf>
         <wf lemma="het" pos="X">het</wf>
         <instance id="d000.s2212.t000" lemma="antwoord" pos="NOUN">antwoord</instance>
         <wf lemma="niet" pos="X">niet</wf>
         <wf lemma="af" pos="X">af</wf>
         <wf lemma="," pos="X">,</wf>
         <wf lemma="maar" pos="X">maar</wf>
         <wf lemma="stormde" pos="X">stormde</wf>
         <wf lemma="meteen" pos="X">meteen</wf>
         <wf lemma="door" pos="X">door</wf>
         <wf lemma="naar" pos="X">naar</wf>
         <wf lemma="boven" pos="X">boven</wf>
         <wf lemma="." pos="X">.</wf>
      </sentence>
      <sentence id="d000.s2213" source="wordnet-dutch">
         <wf lemma="in" pos="X">in</wf>
         <wf lemma="'" pos="X">'</wf>
         <wf lemma="loopt" pos="X">loopt</wf>
         <wf lemma="'" pos="X">'</wf>
         <wf lemma="is" pos="X">is</wf>
         <wf lemma="'t" pos="X">'t</wf>
         <wf lemma="'" pos="X">'</wf>
         <wf lemma="de" pos="X">de</wf>
         <wf lemma="uitgang" pos="X">uitgang</wf>
         <wf lemma="achter" pos="X">achter</wf>
         <wf lemma="de" pos="X">de</wf>
         <instance id="d000.s2213.t000" lemma="stam" pos="NOUN">stam</instance>
         <wf lemma="." pos="X">.</wf>
      </sentence>
      <sentence id="d000.s2214" source="wordnet-dutch">
         <wf lemma="hij" pos="X">hij</wf>
         <wf lemma="wekt" pos="X">wekt</wf>
         <wf lemma="de" pos="X">de</wf>
         <instance id="d000.s2214.t000" lemma="suggestie" pos="NOUN">suggestie</instance>
         <wf lemma="dat" pos="X">dat</wf>
         <wf lemma="hij" pos="X">hij</wf>
         <wf lemma="alles" pos="X">alles</wf>
         <wf lemma="van" pos="X">van</wf>
         <wf lemma="auto" pos="X">auto</wf>
         <wf lemma="'" pos="X">'</wf>
         <wf lemma="s" pos="X">s</wf>
         <wf lemma="weet" pos="X">weet</wf>
         <wf lemma="." pos="X">.</wf>
      </sentence>
      <sentence id="d000.s2215" source="wordnet-dutch">
         <wf lemma="alles" pos="X">alles</wf>
         <wf lemma="bij" pos="X">bij</wf>
         <wf lemma="elkaar" pos="X">elkaar</wf>
         <instance id="d000.s2215.t000" lemma="mazzelen" pos="VERB">mazzelen</instance>
         <wf lemma="we" pos="X">we</wf>
         <wf lemma="maar" pos="X">maar</wf>
         <wf lemma="met" pos="X">met</wf>
         <wf lemma="zo'n" pos="X">zo'n</wf>
         <wf lemma="buurman" pos="X">buurman</wf>
         <wf lemma="." pos="X">.</wf>
      </sentence>
      <sentence id="d000.s2216" source="wordnet-dutch">
         <wf lemma="Doe" pos="X">Doe</wf>
         <wf lemma="niet" pos="X">niet</wf>
         <wf lemma="teveel" pos="X">teveel</wf>
         <instance id="d000.s2216.t000" lemma="poeier" pos="NOUN">poeier</instance>
         <wf lemma="op" pos="X">op</wf>
         <wf lemma="je" pos="X">je</wf>
         <wf lemma="gezicht" pos="X">gezicht</wf>
         <wf lemma="," pos="X">,</wf>
         <wf lemma="dat" pos="X">dat</wf>
         <wf lemma="maakt" pos="X">maakt</wf>
         <wf lemma="je" pos="X">je</wf>
         <wf lemma="niet" pos="X">niet</wf>
         <wf lemma="mooier" pos="X">mooier</wf>
         <wf lemma="." pos="X">.</wf>
      </sentence>
      <sentence id="d000.s2217" source="wordnet-dutch">
         <wf lemma="ten" pos="X">ten</wf>
         <wf lemma="einde" pos="X">einde</wf>
         <wf lemma="raad" pos="X">raad</wf>
         <wf lemma="schakelde" pos="X">schakelde</wf>
         <wf lemma="het" pos="X">het</wf>
         <wf lemma="gezin" pos="X">gezin</wf>
         <wf lemma="een" pos="X">een</wf>
         <instance id="d000.s2217.t000" lemma="paragnost" pos="NOUN">paragnost</instance>
         <wf lemma="in" pos="X">in</wf>
         <wf lemma="." pos="X">.</wf>
      </sentence>
      <sentence id="d000.s2218" source="wordnet-dutch">
         <wf lemma="wilt" pos="X">wilt</wf>
         <wf lemma="u" pos="X">u</wf>
         <wf lemma="het" pos="X">het</wf>
         <wf lemma="ons" pos="X">ons</wf>
         <wf lemma="doorgeven" pos="X">doorgeven</wf>
         <wf lemma="als" pos="X">als</wf>
         <wf lemma="uw" pos="X">uw</wf>
         <wf lemma="polisgegevens" pos="X">polisgegevens</wf>
         <instance id="d000.s2218.t000" lemma="muteren" pos="VERB">muteren</instance>
         <wf lemma="?" pos="X">?</wf>
      </sentence>
      <sentence id="d000.s2219" source="wordnet-dutch">
         <wf lemma="in" pos="X">in</wf>
         <instance id="d000.s2219.t000" lemma="augustus" pos="NOUN">augustus</instance>
         <wf lemma="beginnen" pos="X">beginnen</wf>
         <wf lemma="de" pos="X">de</wf>
         <wf lemma="scholen" pos="X">scholen</wf>
         <wf lemma="weer" pos="X">weer</wf>
         <wf lemma="." pos="X">.</wf>
      </sentence>
      <sentence id="d000.s2220" source="wordnet-dutch">
         <wf lemma="De" pos="X">De</wf>
         <wf lemma="stormachtige" pos="X">stormachtige</wf>
         <wf lemma="wind" pos="X">wind</wf>
         <wf lemma="vanuit" pos="X">vanuit</wf>
         <wf lemma="het" pos="X">het</wf>
         <instance id="d000.s2220.t000" lemma="westen" pos="NOUN">westen</instance>
         <wf lemma="draait" pos="X">draait</wf>
         <wf lemma="vannacht" pos="X">vannacht</wf>
         <wf lemma="naar" pos="X">naar</wf>
         <wf lemma="het" pos="X">het</wf>
         <wf lemma="noorden" pos="X">noorden</wf>
         <wf lemma="." pos="X">.</wf>
      </sentence>
      <sentence id="d000.s2221" source="wordnet-dutch">
         <wf lemma="ik" pos="X">ik</wf>
         <wf lemma="zag" pos="X">zag</wf>
         <wf lemma="hem" pos="X">hem</wf>
         <wf lemma="in" pos="X">in</wf>
         <wf lemma="de" pos="X">de</wf>
         <instance id="d000.s2221.t000" lemma="verte" pos="NOUN">verte</instance>
         <wf lemma="al" pos="X">al</wf>
         <wf lemma="staan" pos="X">staan</wf>
         <wf lemma="." pos="X">.</wf>
      </sentence>
      <sentence id="d000.s2222" source="wordnet-dutch">
         <wf lemma="je" pos="X">je</wf>
         <wf lemma="moet" pos="X">moet</wf>
         <wf lemma="de" pos="X">de</wf>
         <instance id="d000.s2222.t000" lemma="groet" pos="NOUN">groeten</instance>
         <wf lemma="van" pos="X">van</wf>
         <wf lemma="je" pos="X">je</wf>
         <wf lemma="zus" pos="X">zus</wf>
         <wf lemma="hebben" pos="X">hebben</wf>
         <wf lemma="." pos="X">.</wf>
      </sentence>
      <sentence id="d000.s2223" source="wordnet-dutch">
         <wf lemma="we" pos="X">we</wf>
         <wf lemma="mochten" pos="X">mochten</wf>
         <wf lemma="allemaal" pos="X">allemaal</wf>
         <instance id="d000.s2223.t000" lemma="schuilen" pos="VERB">schuilen</instance>
         <wf lemma="onder" pos="X">onder</wf>
         <wf lemma="zijn" pos="X">zijn</wf>
         <wf lemma="paraplu" pos="X">paraplu</wf>
         <wf lemma="." pos="X">.</wf>
      </sentence>
      <sentence id="d000.s2224" source="wordnet-dutch">
         <wf lemma="de" pos="X">de</wf>
         <wf lemma="sirene" pos="X">sirene</wf>
         <wf lemma="begon" pos="X">begon</wf>
         <wf lemma="om" pos="X">om</wf>
         <wf lemma="acht" pos="X">acht</wf>
         <wf lemma="uur" pos="X">uur</wf>
         <wf lemma="te" pos="X">te</wf>
         <instance id="d000.s2224.t000" lemma="loeien" pos="VERB">loeien</instance>
         <wf lemma="." pos="X">.</wf>
      </sentence>
      <sentence id="d000.s2225" source="wordnet-dutch">
         <wf lemma="het" pos="X">het</wf>
         <instance id="d000.s2225.t000" lemma="excuus" pos="NOUN">excuus</instance>
         <wf lemma="dat" pos="X">dat</wf>
         <wf lemma="de" pos="X">de</wf>
         <wf lemma="brug" pos="X">brug</wf>
         <wf lemma="open" pos="X">open</wf>
         <wf lemma="was" pos="X">was</wf>
         <wf lemma="maakte" pos="X">maakte</wf>
         <wf lemma="geen" pos="X">geen</wf>
         <wf lemma="indruk" pos="X">indruk</wf>
         <wf lemma="." pos="X">.</wf>
      </sentence>
      <sentence id="d000.s2226" source="wordnet-dutch">
         <instance id="d000.s2226.t000" lemma="laten" pos="VERB">laat</instance>
         <wf lemma="me" pos="X">me</wf>
         <wf lemma="weten" pos="X">weten</wf>
         <wf lemma="wanneer" pos="X">wanneer</wf>
         <wf lemma="het" pos="X">het</wf>
         <wf lemma="zover" pos="X">zover</wf>
         <wf lemma="is" pos="X">is</wf>
         <wf lemma="." pos="X">.</wf>
      </sentence>
      <sentence id="d000.s2227" source="wordnet-dutch">
         <wf lemma="zijn" pos="X">zijn</wf>
         <wf lemma="die" pos="X">die</wf>
         <wf lemma="bloemen" pos="X">bloemen</wf>
         <wf lemma="echt" pos="X">echt</wf>
         <wf lemma="of" pos="X">of</wf>
         <wf lemma="zijn" pos="X">zijn</wf>
         <wf lemma="ze" pos="X">ze</wf>
         <instance id="d000.s2227.t000" lemma="kunst" pos="NOUN">kunst</instance>
         <wf lemma="?" pos="X">?</wf>
      </sentence>
      <sentence id="d000.s2228" source="wordnet-dutch">
         <wf lemma="neem" pos="X">neem</wf>
         <wf lemma="voor" pos="X">voor</wf>
         <wf lemma="de" pos="X">de</wf>
         <instance id="d000.s2228.t000" lemma="verandering" pos="NOUN">verandering</instance>
         <wf lemma="eens" pos="X">eens</wf>
         <wf lemma="olijfolie" pos="X">olijfolie</wf>
         <wf lemma="." pos="X">.</wf>
      </sentence>
      <sentence id="d000.s2229" source="wordnet-dutch">
         <wf lemma="de" pos="X">de</wf>
         <wf lemma="andere" pos="X">andere</wf>
         <wf lemma="aanpak" pos="X">aanpak</wf>
         <instance id="d000.s2229.t000" lemma="baten" pos="VERB">baatte</instance>
         <wf lemma="hem" pos="X">hem</wf>
         <wf lemma="ook" pos="X">ook</wf>
         <wf lemma="weinig" pos="X">weinig</wf>
         <wf lemma="." pos="X">.</wf>
      </sentence>
      <sentence id="d000.s2230" source="wordnet-dutch">
         <wf lemma="alle" pos="X">alle</wf>
         <wf lemma="verjaardagen" pos="X">verjaardagen</wf>
         <wf lemma="staan" pos="X">staan</wf>
         <wf lemma="niet" pos="X">niet</wf>
         <wf lemma="op" pos="X">op</wf>
         <wf lemma="de" pos="X">de</wf>
         <instance id="d000.s2230.t000" lemma="kalender" pos="NOUN">kalender</instance>
         <wf lemma="." pos="X">.</wf>
      </sentence>
      <sentence id="d000.s2231" source="wordnet-dutch">
         <wf lemma="De" pos="X">De</wf>
         <instance id="d000.s2231.t000" lemma="horde" pos="NOUN">horde</instance>
         <wf lemma="welpen" pos="X">welpen</wf>
         <wf lemma="moest" pos="X">moest</wf>
         <wf lemma="kamperen" pos="X">kamperen</wf>
         <wf lemma="in" pos="X">in</wf>
         <wf lemma="het" pos="X">het</wf>
         <wf lemma="bos." pos="X">bos.</wf>
      </sentence>
      <sentence id="d000.s2232" source="wordnet-dutch">
         <wf lemma="de" pos="X">de</wf>
         <wf lemma="wolken" pos="X">wolken</wf>
         <instance id="d000.s2232.t000" lemma="hangen" pos="VERB">hangen</instance>
         <wf lemma="laag" pos="X">laag</wf>
         <wf lemma="boven" pos="X">boven</wf>
         <wf lemma="de" pos="X">de</wf>
         <wf lemma="grond" pos="X">grond</wf>
         <wf lemma="." pos="X">.</wf>
      </sentence>
      <sentence id="d000.s2233" source="wordnet-dutch">
         <wf lemma="hij" pos="X">hij</wf>
         <wf lemma="heeft" pos="X">heeft</wf>
         <wf lemma="een" pos="X">een</wf>
         <wf lemma="bijbel" pos="X">bijbel</wf>
         <wf lemma="met" pos="X">met</wf>
         <wf lemma="gouden" pos="X">gouden</wf>
         <instance id="d000.s2233.t000" lemma="beslag" pos="NOUN">beslag</instance>
         <wf lemma="op" pos="X">op</wf>
         <wf lemma="de" pos="X">de</wf>
         <wf lemma="antiekmarkt" pos="X">antiekmarkt</wf>
         <wf lemma="gekocht" pos="X">gekocht</wf>
         <wf lemma="." pos="X">.</wf>
      </sentence>
      <sentence id="d000.s2234" source="wordnet-dutch">
         <wf lemma="de" pos="X">de</wf>
         <wf lemma="regering" pos="X">regering</wf>
         <wf lemma="wil" pos="X">wil</wf>
         <wf lemma="die" pos="X">die</wf>
         <wf lemma="maatregel" pos="X">maatregel</wf>
         <wf lemma="nu" pos="X">nu</wf>
         <instance id="d000.s2234.t000" lemma="terugdraaien" pos="VERB">terugdraaien</instance>
         <wf lemma="." pos="X">.</wf>
      </sentence>
      <sentence id="d000.s2235" source="wordnet-dutch">
         <wf lemma="in" pos="X">in</wf>
         <wf lemma="een" pos="X">een</wf>
         <wf lemma="aantal" pos="X">aantal</wf>
         <wf lemma="landen" pos="X">landen</wf>
         <wf lemma="wordt" pos="X">wordt</wf>
         <wf lemma="de" pos="X">de</wf>
         <wf lemma="politieke" pos="X">politieke</wf>
         <instance id="d000.s2235.t000" lemma="instabiliteit" pos="NOUN">instabiliteit</instance>
         <wf lemma="gevoed" pos="X">gevoed</wf>
         <wf lemma="door" pos="X">door</wf>
         <wf lemma="nationalistische" pos="X">nationalistische</wf>
         <wf lemma="tegenstellingen" pos="X">tegenstellingen</wf>
         <wf lemma="." pos="X">.</wf>
      </sentence>
      <sentence id="d000.s2236" source="wordnet-dutch">
         <wf lemma="zij" pos="X">zij</wf>
         <wf lemma="gaf" pos="X">gaf</wf>
         <wf lemma="me" pos="X">me</wf>
         <wf lemma="de" pos="X">de</wf>
         <instance id="d000.s2236.t000" lemma="boodschap" pos="NOUN">boodschap</instance>
         <wf lemma="vooral" pos="X">vooral</wf>
         <wf lemma="niet" pos="X">niet</wf>
         <wf lemma="kwaad" pos="X">kwaad</wf>
         <wf lemma="op" pos="X">op</wf>
         <wf lemma="hem" pos="X">hem</wf>
         <wf lemma="te" pos="X">te</wf>
         <wf lemma="worden" pos="X">worden</wf>
         <wf lemma="." pos="X">.</wf>
      </sentence>
      <sentence id="d000.s2237" source="wordnet-dutch">
         <wf lemma="kerkelijke" pos="X">kerkelijke</wf>
         <instance id="d000.s2237.t000" lemma="liberaal" pos="NOUN">liberalen</instance>
         <wf lemma="." pos="X">.</wf>
      </sentence>
      <sentence id="d000.s2238" source="wordnet-dutch">
         <wf lemma="Hij" pos="X">Hij</wf>
         <wf lemma="is" pos="X">is</wf>
         <wf lemma="een" pos="X">een</wf>
         <wf lemma="echte" pos="X">echte</wf>
         <instance id="d000.s2238.t000" lemma="aas" pos="NOUN">aas</instance>
         <wf lemma="in" pos="X">in</wf>
         <wf lemma="zeilen" pos="X">zeilen</wf>
         <wf lemma="." pos="X">.</wf>
      </sentence>
      <sentence id="d000.s2239" source="wordnet-dutch">
         <wf lemma="bij" pos="X">bij</wf>
         <wf lemma="zijn" pos="X">zijn</wf>
         <wf lemma="thuiskomst" pos="X">thuiskomst</wf>
         <wf lemma="werd" pos="X">werd</wf>
         <wf lemma="hij" pos="X">hij</wf>
         <instance id="d000.s2239.t000" lemma="confronteren" pos="VERB">geconfronteerd</instance>
         <wf lemma="met" pos="X">met</wf>
         <wf lemma="zijn" pos="X">zijn</wf>
         <wf lemma="boze" pos="X">boze</wf>
         <wf lemma="echtgenote" pos="X">echtgenote</wf>
         <wf lemma="." pos="X">.</wf>
      </sentence>
      <sentence id="d000.s2240" source="wordnet-dutch">
         <wf lemma="die" pos="X">die</wf>
         <wf lemma="luie" pos="X">luie</wf>
         <wf lemma="knaap" pos="X">knaap</wf>
         <wf lemma="op" pos="X">op</wf>
         <wf lemma="school" pos="X">school</wf>
         <instance id="d000.s2240.t000" lemma="boeren" pos="VERB">boert</instance>
         <wf lemma="nu" pos="X">nu</wf>
         <wf lemma="goed" pos="X">goed</wf>
         <wf lemma="," pos="X">,</wf>
         <wf lemma="hoor" pos="X">hoor</wf>
         <wf lemma="!" pos="X">!</wf>
      </sentence>
      <sentence id="d000.s2241" source="wordnet-dutch">
         <wf lemma="hij" pos="X">hij</wf>
         <wf lemma="staat" pos="X">staat</wf>
         <wf lemma="in" pos="X">in</wf>
         <wf lemma="hoog" pos="X">hoog</wf>
         <instance id="d000.s2241.t000" lemma="aanzien" pos="NOUN">aanzien</instance>
         <wf lemma="." pos="X">.</wf>
      </sentence>
      <sentence id="d000.s2242" source="wordnet-dutch">
         <wf lemma="dat" pos="X">dat</wf>
         <wf lemma="studeren" pos="X">studeren</wf>
         <instance id="d000.s2242.t000" lemma="lijken" pos="VERB">lijk</instance>
         <wf lemma="mij" pos="X">mij</wf>
         <wf lemma="niets" pos="X">niets</wf>
         <wf lemma="." pos="X">.</wf>
      </sentence>
      <sentence id="d000.s2243" source="wordnet-dutch">
         <wf lemma="zijn" pos="X">zijn</wf>
         <wf lemma="studie" pos="X">studie</wf>
         <instance id="d000.s2243.t000" lemma="beslaan" pos="VERB">besloeg</instance>
         <wf lemma="de" pos="X">de</wf>
         <wf lemma="periode" pos="X">periode</wf>
         <wf lemma="van" pos="X">van</wf>
         <wf lemma="25" pos="X">25</wf>
         <wf lemma="jaar" pos="X">jaar</wf>
         <wf lemma="." pos="X">.</wf>
      </sentence>
      <sentence id="d000.s2244" source="wordnet-dutch">
         <wf lemma="mijn" pos="X">mijn</wf>
         <wf lemma="proeftijd" pos="X">proeftijd</wf>
         <instance id="d000.s2244.t000" lemma="lopen" pos="VERB">loopt</instance>
         <wf lemma="tot" pos="X">tot</wf>
         <wf lemma="volgende" pos="X">volgende</wf>
         <wf lemma="week" pos="X">week</wf>
         <wf lemma="." pos="X">.</wf>
      </sentence>
      <sentence id="d000.s2245" source="wordnet-dutch">
         <wf lemma="Aan" pos="X">Aan</wf>
         <wf lemma="de" pos="X">de</wf>
         <wf lemma="bank" pos="X">bank</wf>
         <wf lemma="hingen" pos="X">hingen</wf>
         <wf lemma="fleurige" pos="X">fleurige</wf>
         <instance id="d000.s2245.t000" lemma="pluim" pos="NOUN">pluimen</instance>
         <wf lemma="." pos="X">.</wf>
      </sentence>
      <sentence id="d000.s2246" source="wordnet-dutch">
         <wf lemma="in" pos="X">in</wf>
         <wf lemma="Frankrijk" pos="X">Frankrijk</wf>
         <wf lemma="worden" pos="X">worden</wf>
         <wf lemma="deze" pos="X">deze</wf>
         <wf lemma="week" pos="X">week</wf>
         <wf lemma="nieuwe" pos="X">nieuwe</wf>
         <instance id="d000.s2246.t000" lemma="parlementsverkiezing" pos="NOUN">parlementsverkiezingen</instance>
         <wf lemma="gehouden" pos="X">gehouden</wf>
         <wf lemma="." pos="X">.</wf>
      </sentence>
      <sentence id="d000.s2247" source="wordnet-dutch">
         <wf lemma="het" pos="X">het</wf>
         <wf lemma="postkantoor" pos="X">postkantoor</wf>
         <wf lemma="ligt" pos="X">ligt</wf>
         <wf lemma="aan" pos="X">aan</wf>
         <wf lemma="de" pos="X">de</wf>
         <instance id="d000.s2247.t000" lemma="hoofdstraat" pos="NOUN">hoofdstraat</instance>
         <wf lemma="." pos="X">.</wf>
      </sentence>
      <sentence id="d000.s2248" source="wordnet-dutch">
         <wf lemma="De" pos="X">De</wf>
         <wf lemma="president" pos="X">president</wf>
         <wf lemma="draagt" pos="X">draagt</wf>
         <wf lemma="een" pos="X">een</wf>
         <instance id="d000.s2248.t000" lemma="masker" pos="NOUN">masker</instance>
         <wf lemma="." pos="X">.</wf>
         <wf lemma="Hij" pos="X">Hij</wf>
         <wf lemma="is" pos="X">is</wf>
         <wf lemma="niet" pos="X">niet</wf>
         <wf lemma="eerlijk" pos="X">eerlijk</wf>
         <wf lemma="." pos="X">.</wf>
      </sentence>
      <sentence id="d000.s2249" source="wordnet-dutch">
         <wf lemma="Oort" pos="X">Oort</wf>
         <instance id="d000.s2249.t000" lemma="postuleren" pos="VERB">postuleerde</instance>
         <wf lemma="dat" pos="X">dat</wf>
         <wf lemma="de" pos="X">de</wf>
         <wf lemma="kometen" pos="X">kometen</wf>
         <wf lemma="afkomstig" pos="X">afkomstig</wf>
         <wf lemma="zouden" pos="X">zouden</wf>
         <wf lemma="zijn" pos="X">zijn</wf>
         <wf lemma="uit" pos="X">uit</wf>
         <wf lemma="het" pos="X">het</wf>
         <wf lemma="zelfde" pos="X">zelfde</wf>
         <wf lemma="gebied" pos="X">gebied</wf>
         <wf lemma="als" pos="X">als</wf>
         <wf lemma="dat" pos="X">dat</wf>
         <wf lemma="van" pos="X">van</wf>
         <wf lemma="de" pos="X">de</wf>
         <wf lemma="grote" pos="X">grote</wf>
         <wf lemma="planeten" pos="X">planeten</wf>
         <wf lemma="." pos="X">.</wf>
      </sentence>
      <sentence id="d000.s2250" source="wordnet-dutch">
         <wf lemma="de" pos="X">de</wf>
         <wf lemma="minister" pos="X">minister</wf>
         <wf lemma="liet" pos="X">liet</wf>
         <wf lemma="zich" pos="X">zich</wf>
         <wf lemma="altijd" pos="X">altijd</wf>
         <wf lemma="weer" pos="X">weer</wf>
         <instance id="d000.s2250.t000" lemma="omturnen" pos="VERB">omturnen</instance>
         <wf lemma="door" pos="X">door</wf>
         <wf lemma="de" pos="X">de</wf>
         <wf lemma="radicale" pos="X">radicale</wf>
         <wf lemma="vleugel" pos="X">vleugel</wf>
         <wf lemma="van" pos="X">van</wf>
         <wf lemma="zijn" pos="X">zijn</wf>
         <wf lemma="partij" pos="X">partij</wf>
         <wf lemma="." pos="X">.</wf>
      </sentence>
      <sentence id="d000.s2251" source="wordnet-dutch">
         <wf lemma="hij" pos="X">hij</wf>
         <wf lemma="wordt" pos="X">wordt</wf>
         <wf lemma="ervan" pos="X">ervan</wf>
         <wf lemma="beschuldigd" pos="X">beschuldigd</wf>
         <wf lemma="een" pos="X">een</wf>
         <wf lemma="half" pos="X">half</wf>
         <wf lemma="miljoen" pos="X">miljoen</wf>
         <wf lemma="gulden" pos="X">gulden</wf>
         <wf lemma="te" pos="X">te</wf>
         <wf lemma="hebben" pos="X">hebben</wf>
         <instance id="d000.s2251.t000" lemma="verduisteren" pos="VERB">verduisterd</instance>
         <wf lemma="." pos="X">.</wf>
      </sentence>
      <sentence id="d000.s2252" source="wordnet-dutch">
         <wf lemma="al" pos="X">al</wf>
         <wf lemma="mijn" pos="X">mijn</wf>
         <wf lemma="avonden" pos="X">avonden</wf>
         <wf lemma="zijn" pos="X">zijn</wf>
         <wf lemma="deze" pos="X">deze</wf>
         <wf lemma="week" pos="X">week</wf>
         <instance id="d000.s2252.t000" lemma="bezetten" pos="VERB">bezet</instance>
         <wf lemma="." pos="X">.</wf>
      </sentence>
      <sentence id="d000.s2253" source="wordnet-dutch">
         <wf lemma="alles" pos="X">alles</wf>
         <wf lemma="is" pos="X">is</wf>
         <wf lemma="hier" pos="X">hier</wf>
         <wf lemma="naar" pos="X">naar</wf>
         <instance id="d000.s2253.t000" lemma="behoren" pos="VERB">behoren</instance>
         <wf lemma="geregeld" pos="X">geregeld</wf>
         <wf lemma="." pos="X">.</wf>
      </sentence>
      <sentence id="d000.s2254" source="wordnet-dutch">
         <wf lemma="de" pos="X">de</wf>
         <wf lemma="wind" pos="X">wind</wf>
         <wf lemma="zit" pos="X">zit</wf>
         <wf lemma="nu" pos="X">nu</wf>
         <wf lemma="al" pos="X">al</wf>
         <wf lemma="dagen" pos="X">dagen</wf>
         <wf lemma="in" pos="X">in</wf>
         <wf lemma="die" pos="X">die</wf>
         <instance id="d000.s2254.t000" lemma="hoek" pos="NOUN">hoek</instance>
         <wf lemma="." pos="X">.</wf>
      </sentence>
      <sentence id="d000.s2255" source="wordnet-dutch">
         <wf lemma="de" pos="X">de</wf>
         <instance id="d000.s2255.t000" lemma="aanklacht" pos="NOUN">aanklacht</instance>
         <wf lemma="luidt" pos="X">luidt</wf>
         <wf lemma="als" pos="X">als</wf>
         <wf lemma="volgt" pos="X">volgt</wf>
         <wf lemma="." pos="X">.</wf>
      </sentence>
      <sentence id="d000.s2256" source="wordnet-dutch">
         <wf lemma="in" pos="X">in</wf>
         <wf lemma="onze" pos="X">onze</wf>
         <wf lemma="maatschappij" pos="X">maatschappij</wf>
         <wf lemma="zijn" pos="X">zijn</wf>
         <wf lemma="er" pos="X">er</wf>
         <wf lemma="steeds" pos="X">steeds</wf>
         <wf lemma="meer" pos="X">meer</wf>
         <wf lemma="vrouwen" pos="X">vrouwen</wf>
         <wf lemma="die" pos="X">die</wf>
         <wf lemma="willen" pos="X">willen</wf>
         <instance id="d000.s2256.t000" lemma="emanciperen" pos="VERB">emanciperen</instance>
         <wf lemma="." pos="X">.</wf>
      </sentence>
      <sentence id="d000.s2257" source="wordnet-dutch">
         <wf lemma="behalve" pos="X">behalve</wf>
         <wf lemma="deze" pos="X">deze</wf>
         <wf lemma="zijn" pos="X">zijn</wf>
         <wf lemma="er" pos="X">er</wf>
         <wf lemma="meer" pos="X">meer</wf>
         <instance id="d000.s2257.t000" lemma="laag" pos="NOUN">lagen</instance>
         <wf lemma="in" pos="X">in</wf>
         <wf lemma="de" pos="X">de</wf>
         <wf lemma="film" pos="X">film</wf>
         <wf lemma="aanwezig" pos="X">aanwezig</wf>
         <wf lemma="." pos="X">.</wf>
      </sentence>
      <sentence id="d000.s2258" source="wordnet-dutch">
         <instance id="d000.s2258.t000" lemma="remissie" pos="NOUN">remissie</instance>
         <wf lemma="van" pos="X">van</wf>
         <wf lemma="de" pos="X">de</wf>
         <wf lemma="gevangenisstraf" pos="X">gevangenisstraf</wf>
         <wf lemma="." pos="X">.</wf>
      </sentence>
      <sentence id="d000.s2259" source="wordnet-dutch">
         <wf lemma="Hij" pos="X">Hij</wf>
         <wf lemma="ervaart" pos="X">ervaart</wf>
         <wf lemma="het" pos="X">het</wf>
         <wf lemma="vaderschap" pos="X">vaderschap</wf>
         <wf lemma="als" pos="X">als</wf>
         <wf lemma="een" pos="X">een</wf>
         <wf lemma="grote" pos="X">grote</wf>
         <instance id="d000.s2259.t000" lemma="last" pos="NOUN">last</instance>
         <wf lemma="en" pos="X">en</wf>
         <wf lemma="verantwoordelijkheid" pos="X">verantwoordelijkheid</wf>
         <wf lemma="." pos="X">.</wf>
      </sentence>
      <sentence id="d000.s2260" source="wordnet-dutch">
         <wf lemma="de" pos="X">de</wf>
         <wf lemma="werkgevers" pos="X">werkgevers</wf>
         <wf lemma="willen" pos="X">willen</wf>
         <wf lemma="het" pos="X">het</wf>
         <wf lemma="minimumloon" pos="X">minimumloon</wf>
         <instance id="d000.s2260.t000" lemma="bevriezen" pos="VERB">bevriezen</instance>
         <wf lemma="." pos="X">.</wf>
      </sentence>
      <sentence id="d000.s2261" source="wordnet-dutch">
         <wf lemma="hun" pos="X">hun</wf>
         <wf lemma="vriendschap" pos="X">vriendschap</wf>
         <wf lemma="is" pos="X">is</wf>
         <wf lemma="de" pos="X">de</wf>
         <wf lemma="laatste" pos="X">laatste</wf>
         <wf lemma="tijd" pos="X">tijd</wf>
         <wf lemma="fel" pos="X">fel</wf>
         <instance id="d000.s2261.t000" lemma="bekoelen" pos="VERB">bekoeld</instance>
         <wf lemma="." pos="X">.</wf>
      </sentence>
      <sentence id="d000.s2262" source="wordnet-dutch">
         <wf lemma="zij" pos="X">zij</wf>
         <wf lemma="gaat" pos="X">gaat</wf>
         <wf lemma="dagelijks" pos="X">dagelijks</wf>
         <wf lemma="de" pos="X">de</wf>
         <wf lemma="baan" pos="X">baan</wf>
         <wf lemma="op" pos="X">op</wf>
         <wf lemma="omdat" pos="X">omdat</wf>
         <wf lemma="zij" pos="X">zij</wf>
         <wf lemma="nu" pos="X">nu</wf>
         <wf lemma="eenmaal" pos="X">eenmaal</wf>
         <wf lemma="moet" pos="X">moet</wf>
         <instance id="d000.s2262.t000" lemma="scoren" pos="VERB">scoren</instance>
         <wf lemma="." pos="X">.</wf>
      </sentence>
      <sentence id="d000.s2263" source="wordnet-dutch">
         <wf lemma="het" pos="X">het</wf>
         <wf lemma="feit" pos="X">feit</wf>
         <wf lemma="bleef" pos="X">bleef</wf>
         <wf lemma="in" pos="X">in</wf>
         <wf lemma="de" pos="X">de</wf>
         <instance id="d000.s2263.t000" lemma="verslaggeving" pos="NOUN">verslaggeving</instance>
         <wf lemma="niet" pos="X">niet</wf>
         <wf lemma="onvermeld" pos="X">onvermeld</wf>
         <wf lemma="." pos="X">.</wf>
      </sentence>
      <sentence id="d000.s2264" source="wordnet-dutch">
         <wf lemma="zijn" pos="X">zijn</wf>
         <wf lemma="brilglazen" pos="X">brilglazen</wf>
         <instance id="d000.s2264.t000" lemma="beslaan" pos="VERB">besloegen</instance>
         <wf lemma="toen" pos="X">toen</wf>
         <wf lemma="hij" pos="X">hij</wf>
         <wf lemma="het" pos="X">het</wf>
         <wf lemma="café" pos="X">café</wf>
         <wf lemma="binnenstapte" pos="X">binnenstapte</wf>
         <wf lemma="." pos="X">.</wf>
      </sentence>
      <sentence id="d000.s2265" source="wordnet-dutch">
         <wf lemma="op" pos="X">op</wf>
         <wf lemma="het" pos="X">het</wf>
         <wf lemma="einde" pos="X">einde</wf>
         <wf lemma="van" pos="X">van</wf>
         <wf lemma="het" pos="X">het</wf>
         <wf lemma="jaar" pos="X">jaar</wf>
         <wf lemma="zal" pos="X">zal</wf>
         <wf lemma="de" pos="X">de</wf>
         <wf lemma="balans" pos="X">balans</wf>
         <wf lemma="worden" pos="X">worden</wf>
         <instance id="d000.s2265.t000" lemma="opmaken" pos="VERB">opgemaakt</instance>
         <wf lemma="van" pos="X">van</wf>
         <wf lemma="een" pos="X">een</wf>
         <wf lemma="jaar" pos="X">jaar</wf>
         <wf lemma="hervormingspolitiek" pos="X">hervormingspolitiek</wf>
         <wf lemma="." pos="X">.</wf>
      </sentence>
      <sentence id="d000.s2266" source="wordnet-dutch">
         <wf lemma="de" pos="X">de</wf>
         <wf lemma="buschauffeurs" pos="X">buschauffeurs</wf>
         <wf lemma="hebben" pos="X">hebben</wf>
         <wf lemma="om" pos="X">om</wf>
         <wf lemma="12" pos="X">12</wf>
         <wf lemma="uur" pos="X">uur</wf>
         <wf lemma="vanmiddag" pos="X">vanmiddag</wf>
         <wf lemma="het" pos="X">het</wf>
         <wf lemma="werk" pos="X">werk</wf>
         <instance id="d000.s2266.t000" lemma="onderbreken" pos="VERB">onderbroken</instance>
         <wf lemma="uit" pos="X">uit</wf>
         <wf lemma="protest" pos="X">protest</wf>
         <wf lemma="tegen" pos="X">tegen</wf>
         <wf lemma="de" pos="X">de</wf>
         <wf lemma="aangekondigde" pos="X">aangekondigde</wf>
         <wf lemma="maatregelen" pos="X">maatregelen</wf>
         <wf lemma="." pos="X">.</wf>
      </sentence>
      <sentence id="d000.s2267" source="wordnet-dutch">
         <wf lemma="zwemmers" pos="X">zwemmers</wf>
         <wf lemma="moeten" pos="X">moeten</wf>
         <wf lemma="oppassen" pos="X">oppassen</wf>
         <wf lemma="voor" pos="X">voor</wf>
         <wf lemma="de" pos="X">de</wf>
         <wf lemma="draaiende" pos="X">draaiende</wf>
         <instance id="d000.s2267.t000" lemma="schroef" pos="NOUN">schroef</instance>
         <wf lemma="." pos="X">.</wf>
      </sentence>
      <sentence id="d000.s2268" source="wordnet-dutch">
         <wf lemma="leg" pos="X">leg</wf>
         <wf lemma="je" pos="X">je</wf>
         <wf lemma="hoofd" pos="X">hoofd</wf>
         <wf lemma="maar" pos="X">maar</wf>
         <wf lemma="op" pos="X">op</wf>
         <wf lemma="het" pos="X">het</wf>
         <instance id="d000.s2268.t000" lemma="kussen" pos="NOUN">kussen</instance>
         <wf lemma="." pos="X">.</wf>
      </sentence>
      <sentence id="d000.s2269" source="wordnet-dutch">
         <wf lemma="het" pos="X">het</wf>
         <wf lemma="is" pos="X">is</wf>
         <wf lemma="niet" pos="X">niet</wf>
         <wf lemma="zijn" pos="X">zijn</wf>
         <instance id="d000.s2269.t000" lemma="gewoonte" pos="NOUN">gewoonte</instance>
         <wf lemma="om" pos="X">om</wf>
         <wf lemma="te" pos="X">te</wf>
         <wf lemma="laat" pos="X">laat</wf>
         <wf lemma="te" pos="X">te</wf>
         <wf lemma="komen" pos="X">komen</wf>
         <wf lemma="." pos="X">.</wf>
      </sentence>
      <sentence id="d000.s2270" source="wordnet-dutch">
         <wf lemma="ik" pos="X">ik</wf>
         <wf lemma="kon" pos="X">kon</wf>
         <wf lemma="me" pos="X">me</wf>
         <wf lemma="niet" pos="X">niet</wf>
         <wf lemma="van" pos="X">van</wf>
         <wf lemma="de" pos="X">de</wf>
         <wf lemma="indruk" pos="X">indruk</wf>
         <instance id="d000.s2270.t000" lemma="ontdoen" pos="VERB">ontdoen</instance>
         <wf lemma="dat" pos="X">dat</wf>
         <wf lemma="hij" pos="X">hij</wf>
         <wf lemma="zich" pos="X">zich</wf>
         <wf lemma="daar" pos="X">daar</wf>
         <wf lemma="verveelde" pos="X">verveelde</wf>
         <wf lemma="." pos="X">.</wf>
      </sentence>
      <sentence id="d000.s2271" source="wordnet-dutch">
         <wf lemma="de" pos="X">de</wf>
         <wf lemma="vergadering" pos="X">vergadering</wf>
         <wf lemma="werd" pos="X">werd</wf>
         <wf lemma="tot" pos="X">tot</wf>
         <wf lemma="overmorgen" pos="X">overmorgen</wf>
         <instance id="d000.s2271.t000" lemma="verdagen" pos="VERB">verdaagd</instance>
         <wf lemma="." pos="X">.</wf>
      </sentence>
      <sentence id="d000.s2272" source="wordnet-dutch">
         <wf lemma="morgenavond" pos="X">morgenavond</wf>
         <wf lemma="komt" pos="X">komt</wf>
         <wf lemma="er" pos="X">er</wf>
         <wf lemma="bewolking" pos="X">bewolking</wf>
         <instance id="d000.s2272.t000" lemma="opzetten" pos="VERB">opzetten</instance>
         <wf lemma="." pos="X">.</wf>
      </sentence>
      <sentence id="d000.s2273" source="wordnet-dutch">
         <wf lemma="je" pos="X">je</wf>
         <wf lemma="moet" pos="X">moet</wf>
         <wf lemma="je" pos="X">je</wf>
         <wf lemma="eten" pos="X">eten</wf>
         <wf lemma="goed" pos="X">goed</wf>
         <instance id="d000.s2273.t000" lemma="kauwen" pos="VERB">kauwen</instance>
         <wf lemma="voordat" pos="X">voordat</wf>
         <wf lemma="je" pos="X">je</wf>
         <wf lemma="het" pos="X">het</wf>
         <wf lemma="doorslikt" pos="X">doorslikt</wf>
         <wf lemma="." pos="X">.</wf>
      </sentence>
      <sentence id="d000.s2274" source="wordnet-dutch">
         <wf lemma="ik" pos="X">ik</wf>
         <wf lemma="wil" pos="X">wil</wf>
         <wf lemma="graag" pos="X">graag</wf>
         <wf lemma="een" pos="X">een</wf>
         <instance id="d000.s2274.t000" lemma="iets" pos="NOUN">ietsje</instance>
         <wf lemma="suiker/melk" pos="X">suiker/melk</wf>
         <wf lemma="in" pos="X">in</wf>
         <wf lemma="de" pos="X">de</wf>
         <wf lemma="thee" pos="X">thee</wf>
         <wf lemma="." pos="X">.</wf>
      </sentence>
      <sentence id="d000.s2275" source="wordnet-dutch">
         <wf lemma="voor" pos="X">voor</wf>
         <wf lemma="de" pos="X">de</wf>
         <instance id="d000.s2275.t000" lemma="vorm" pos="NOUN">vorm</instance>
         <wf lemma="gaf" pos="X">gaf</wf>
         <wf lemma="zij" pos="X">zij</wf>
         <wf lemma="iedereen" pos="X">iedereen</wf>
         <wf lemma="een" pos="X">een</wf>
         <wf lemma="hand" pos="X">hand</wf>
         <wf lemma="." pos="X">.</wf>
      </sentence>
      <sentence id="d000.s2276" source="wordnet-dutch">
         <wf lemma="we" pos="X">we</wf>
         <instance id="d000.s2276.t000" lemma="vernemen" pos="VERB">vernamen</instance>
         <wf lemma="dat" pos="X">dat</wf>
         <wf lemma="de" pos="X">de</wf>
         <wf lemma="vergadering" pos="X">vergadering</wf>
         <wf lemma="met" pos="X">met</wf>
         <wf lemma="de" pos="X">de</wf>
         <wf lemma="ministers" pos="X">ministers</wf>
         <wf lemma="is" pos="X">is</wf>
         <wf lemma="afgelopen" pos="X">afgelopen</wf>
         <wf lemma="." pos="X">.</wf>
      </sentence>
      <sentence id="d000.s2277" source="wordnet-dutch">
         <wf lemma="het" pos="X">het</wf>
         <wf lemma="is" pos="X">is</wf>
         <wf lemma="jouw" pos="X">jouw</wf>
         <instance id="d000.s2277.t000" lemma="beurt" pos="NOUN">beurt</instance>
         <wf lemma="om" pos="X">om</wf>
         <wf lemma="af" pos="X">af</wf>
         <wf lemma="te" pos="X">te</wf>
         <wf lemma="wassen" pos="X">wassen</wf>
         <wf lemma="." pos="X">.</wf>
      </sentence>
      <sentence id="d000.s2278" source="wordnet-dutch">
         <wf lemma="heb" pos="X">heb</wf>
         <wf lemma="jij" pos="X">jij</wf>
         <wf lemma="goede" pos="X">goede</wf>
         <instance id="d000.s2278.t000" lemma="voornemen" pos="NOUN">voornemens</instance>
         <wf lemma="voor" pos="X">voor</wf>
         <wf lemma="het" pos="X">het</wf>
         <wf lemma="nieuwe" pos="X">nieuwe</wf>
         <wf lemma="jaar" pos="X">jaar</wf>
         <wf lemma="?" pos="X">?</wf>
      </sentence>
      <sentence id="d000.s2279" source="wordnet-dutch">
         <wf lemma="Het" pos="X">Het</wf>
         <instance id="d000.s2279.t000" lemma="spel" pos="NOUN">spel</instance>
         <wf lemma="was" pos="X">was</wf>
         <wf lemma="bijna" pos="X">bijna</wf>
         <wf lemma="afgelopen" pos="X">afgelopen</wf>
         <wf lemma="toen" pos="X">toen</wf>
         <wf lemma="er" pos="X">er</wf>
         <wf lemma="nog" pos="X">nog</wf>
         <wf lemma="werd" pos="X">werd</wf>
         <wf lemma="gescoord" pos="X">gescoord</wf>
         <wf lemma="." pos="X">.</wf>
      </sentence>
      <sentence id="d000.s2280" source="wordnet-dutch">
         <wf lemma="wind" pos="X">wind</wf>
         <wf lemma="en" pos="X">en</wf>
         <wf lemma="water" pos="X">water</wf>
         <wf lemma="hebben" pos="X">hebben</wf>
         <wf lemma="vrij" pos="X">vrij</wf>
         <wf lemma="spel" pos="X">spel</wf>
         <wf lemma="over" pos="X">over</wf>
         <wf lemma="de" pos="X">de</wf>
         <wf lemma="volle" pos="X">volle</wf>
         <instance id="d000.s2280.t000" lemma="breedte" pos="NOUN">breedte</instance>
         <wf lemma="van" pos="X">van</wf>
         <wf lemma="het" pos="X">het</wf>
         <wf lemma="duingebied" pos="X">duingebied</wf>
         <wf lemma="." pos="X">.</wf>
      </sentence>
      <sentence id="d000.s2281" source="wordnet-dutch">
         <wf lemma="de" pos="X">de</wf>
         <wf lemma="boeken" pos="X">boeken</wf>
         <wf lemma="werden" pos="X">werden</wf>
         <wf lemma="naar" pos="X">naar</wf>
         <wf lemma="grootte/onderwerp" pos="X">grootte/onderwerp</wf>
         <instance id="d000.s2281.t000" lemma="verdelen" pos="VERB">verdeeld</instance>
         <wf lemma="." pos="X">.</wf>
      </sentence>
      <sentence id="d000.s2282" source="wordnet-dutch">
         <wf lemma="dat" pos="X">dat</wf>
         <wf lemma="komt" pos="X">komt</wf>
         <wf lemma="ervan" pos="X">ervan</wf>
         <wf lemma="als" pos="X">als</wf>
         <wf lemma="je" pos="X">je</wf>
         <wf lemma="altijd" pos="X">altijd</wf>
         <wf lemma="de" pos="X">de</wf>
         <wf lemma="grote" pos="X">grote</wf>
         <wf lemma="meneer" pos="X">meneer</wf>
         <instance id="d000.s2282.t000" lemma="uithangen" pos="VERB">uithangt</instance>
         <wf lemma="." pos="X">.</wf>
      </sentence>
      <sentence id="d000.s2283" source="wordnet-dutch">
         <wf lemma="de" pos="X">de</wf>
         <wf lemma="altvioolsonate" pos="X">altvioolsonate</wf>
         <wf lemma="van" pos="X">van</wf>
         <wf lemma="Sjostakovitsj" pos="X">Sjostakovitsj</wf>
         <wf lemma="is" pos="X">is</wf>
         <wf lemma="een" pos="X">een</wf>
         <wf lemma="schitterend" pos="X">schitterend</wf>
         <instance id="d000.s2283.t000" lemma="werk" pos="NOUN">werk</instance>
         <wf lemma="." pos="X">.</wf>
      </sentence>
      <sentence id="d000.s2284" source="wordnet-dutch">
         <wf lemma="er" pos="X">er</wf>
         <instance id="d000.s2284.t000" lemma="rouleren" pos="VERB">rouleren</instance>
         <wf lemma="veel" pos="X">veel</wf>
         <wf lemma="valse" pos="X">valse</wf>
         <wf lemma="bankbiljetten/munten" pos="X">bankbiljetten/munten</wf>
         <wf lemma="." pos="X">.</wf>
      </sentence>
      <sentence id="d000.s2285" source="wordnet-dutch">
         <wf lemma="de" pos="X">de</wf>
         <wf lemma="lingerieafdeling" pos="X">lingerieafdeling</wf>
         <wf lemma="bevindt" pos="X">bevindt</wf>
         <wf lemma="zich" pos="X">zich</wf>
         <wf lemma="op" pos="X">op</wf>
         <wf lemma="de" pos="X">de</wf>
         <instance id="d000.s2285.t000" lemma="parterre" pos="NOUN">parterre</instance>
         <wf lemma="." pos="X">.</wf>
      </sentence>
      <sentence id="d000.s2286" source="wordnet-dutch">
         <wf lemma="het" pos="X">het</wf>
         <wf lemma="probleem" pos="X">probleem</wf>
         <wf lemma="is" pos="X">is</wf>
         <wf lemma="tot" pos="X">tot</wf>
         <wf lemma="algemene" pos="X">algemene</wf>
         <instance id="d000.s2286.t000" lemma="satisfactie" pos="NOUN">satisfactie</instance>
         <wf lemma="opgelost" pos="X">opgelost</wf>
         <wf lemma="." pos="X">.</wf>
      </sentence>
      <sentence id="d000.s2287" source="wordnet-dutch">
         <wf lemma="zich" pos="X">zich</wf>
         <wf lemma="in" pos="X">in</wf>
         <wf lemma="een" pos="X">een</wf>
         <wf lemma="moeilijk/lastig" pos="X">moeilijk/lastig</wf>
         <instance id="d000.s2287.t000" lemma="parket" pos="NOUN">parket</instance>
         <wf lemma="bevinden" pos="X">bevinden</wf>
         <wf lemma="." pos="X">.</wf>
      </sentence>
      <sentence id="d000.s2288" source="wordnet-dutch">
         <wf lemma="dat" pos="X">dat</wf>
         <wf lemma="staat" pos="X">staat</wf>
         <wf lemma="onder" pos="X">onder</wf>
         <wf lemma="het" pos="X">het</wf>
         <instance id="d000.s2288.t000" lemma="trefwoord" pos="NOUN">trefwoord</instance>
         <wf lemma="'" pos="X">'</wf>
         <wf lemma="uil" pos="X">uil</wf>
         <wf lemma="'" pos="X">'</wf>
         <wf lemma="." pos="X">.</wf>
      </sentence>
      <sentence id="d000.s2289" source="wordnet-dutch">
         <wf lemma="hij" pos="X">hij</wf>
         <instance id="d000.s2289.t000" lemma="vertikken" pos="VERB">vertikte</instance>
         <wf lemma="het" pos="X">het</wf>
         <wf lemma="om" pos="X">om</wf>
         <wf lemma="te" pos="X">te</wf>
         <wf lemma="voet" pos="X">voet</wf>
         <wf lemma="naar" pos="X">naar</wf>
         <wf lemma="de" pos="X">de</wf>
         <wf lemma="bakker" pos="X">bakker</wf>
         <wf lemma="te" pos="X">te</wf>
         <wf lemma="gaan" pos="X">gaan</wf>
         <wf lemma="." pos="X">.</wf>
      </sentence>
      <sentence id="d000.s2290" source="wordnet-dutch">
         <wf lemma="deze" pos="X">deze</wf>
         <wf lemma="kopjes" pos="X">kopjes</wf>
         <wf lemma="hebben" pos="X">hebben</wf>
         <wf lemma="we" pos="X">we</wf>
         <wf lemma="op" pos="X">op</wf>
         <wf lemma="een" pos="X">een</wf>
         <instance id="d000.s2290.t000" lemma="bazaar" pos="NOUN">bazaar</instance>
         <wf lemma="gekocht" pos="X">gekocht</wf>
         <wf lemma="." pos="X">.</wf>
      </sentence>
      <sentence id="d000.s2291" source="wordnet-dutch">
         <wf lemma="om" pos="X">om</wf>
         <wf lemma="binnen" pos="X">binnen</wf>
         <wf lemma="te" pos="X">te</wf>
         <wf lemma="komen" pos="X">komen</wf>
         <wf lemma="heeft" pos="X">heeft</wf>
         <wf lemma="de" pos="X">de</wf>
         <wf lemma="dief" pos="X">dief</wf>
         <wf lemma="de" pos="X">de</wf>
         <wf lemma="achterdeur" pos="X">achterdeur</wf>
         <instance id="d000.s2291.t000" lemma="forceren" pos="VERB">geforceerd</instance>
         <wf lemma="." pos="X">.</wf>
      </sentence>
      <sentence id="d000.s2292" source="wordnet-dutch">
         <wf lemma="de" pos="X">de</wf>
         <wf lemma="prijzen" pos="X">prijzen</wf>
         <wf lemma="op" pos="X">op</wf>
         <wf lemma="de" pos="X">de</wf>
         <wf lemma="vastgoedmarkt" pos="X">vastgoedmarkt</wf>
         <instance id="d000.s2292.t000" lemma="fluctueren" pos="VERB">fluctueren</instance>
         <wf lemma="sterk" pos="X">sterk</wf>
         <wf lemma="." pos="X">.</wf>
      </sentence>
      <sentence id="d000.s2293" source="wordnet-dutch">
         <wf lemma="de" pos="X">de</wf>
         <wf lemma="praalwagens" pos="X">praalwagens</wf>
         <wf lemma="zijn" pos="X">zijn</wf>
         <wf lemma="kunstig" pos="X">kunstig</wf>
         <wf lemma="met" pos="X">met</wf>
         <wf lemma="bloemen" pos="X">bloemen</wf>
         <instance id="d000.s2293.t000" lemma="decoreren" pos="VERB">gedecoreerd</instance>
         <wf lemma="." pos="X">.</wf>
      </sentence>
      <sentence id="d000.s2294" source="wordnet-dutch">
         <wf lemma="ik" pos="X">ik</wf>
         <wf lemma="heb" pos="X">heb</wf>
         <wf lemma="dat" pos="X">dat</wf>
         <wf lemma="boek" pos="X">boek</wf>
         <wf lemma="," pos="X">,</wf>
         <wf lemma="dat" pos="X">dat</wf>
         <wf lemma="ik" pos="X">ik</wf>
         <wf lemma="hem" pos="X">hem</wf>
         <wf lemma="meer" pos="X">meer</wf>
         <wf lemma="dan" pos="X">dan</wf>
         <wf lemma="twee" pos="X">twee</wf>
         <wf lemma="maanden" pos="X">maanden</wf>
         <wf lemma="geleden" pos="X">geleden</wf>
         <wf lemma="uitleende" pos="X">uitleende</wf>
         <wf lemma="," pos="X">,</wf>
         <wf lemma="pas" pos="X">pas</wf>
         <wf lemma="gisteren" pos="X">gisteren</wf>
         <instance id="d000.s2294.t000" lemma="terugkrijgen" pos="VERB">teruggekregen</instance>
         <wf lemma="." pos="X">.</wf>
      </sentence>
      <sentence id="d000.s2295" source="wordnet-dutch">
         <wf lemma="onze" pos="X">onze</wf>
         <wf lemma="partij" pos="X">partij</wf>
         <wf lemma="vindt" pos="X">vindt</wf>
         <wf lemma="het" pos="X">het</wf>
         <wf lemma="onaanvaardbaar" pos="X">onaanvaardbaar</wf>
         <wf lemma="dat" pos="X">dat</wf>
         <wf lemma="die" pos="X">die</wf>
         <wf lemma="mensen" pos="X">mensen</wf>
         <wf lemma="voor" pos="X">voor</wf>
         <wf lemma="een" pos="X">een</wf>
         <instance id="d000.s2295.t000" lemma="hongerloon" pos="NOUN">hongerloon</instance>
         <wf lemma="te" pos="X">te</wf>
         <wf lemma="werk" pos="X">werk</wf>
         <wf lemma="worden" pos="X">worden</wf>
         <wf lemma="gesteld" pos="X">gesteld</wf>
         <wf lemma="." pos="X">.</wf>
      </sentence>
      <sentence id="d000.s2296" source="wordnet-dutch">
         <wf lemma="dit" pos="X">dit</wf>
         <wf lemma="lied" pos="X">lied</wf>
         <wf lemma="behoort" pos="X">behoort</wf>
         <wf lemma="tot" pos="X">tot</wf>
         <wf lemma="de" pos="X">de</wf>
         <instance id="d000.s2296.t000" lemma="categorie" pos="NOUN">categorie</instance>
         <wf lemma="van" pos="X">van</wf>
         <wf lemma="de" pos="X">de</wf>
         <wf lemma="smartlappen" pos="X">smartlappen</wf>
         <wf lemma="." pos="X">.</wf>
      </sentence>
      <sentence id="d000.s2297" source="wordnet-dutch">
         <wf lemma="de" pos="X">de</wf>
         <wf lemma="tandarts" pos="X">tandarts</wf>
         <wf lemma="moest" pos="X">moest</wf>
         <wf lemma="drie" pos="X">drie</wf>
         <instance id="d000.s2297.t000" lemma="tand" pos="NOUN">tanden</instance>
         <wf lemma="vullen" pos="X">vullen</wf>
         <wf lemma="." pos="X">.</wf>
      </sentence>
      <sentence id="d000.s2298" source="wordnet-dutch">
         <wf lemma="de" pos="X">de</wf>
         <wf lemma="minister" pos="X">minister</wf>
         <wf lemma="heeft" pos="X">heeft</wf>
         <wf lemma="vandaag" pos="X">vandaag</wf>
         <wf lemma="bij" pos="X">bij</wf>
         <wf lemma="haar" pos="X">haar</wf>
         <wf lemma="Franse" pos="X">Franse</wf>
         <wf lemma="collega" pos="X">collega</wf>
         <instance id="d000.s2298.t000" lemma="protesteren" pos="VERB">geprotesteerd</instance>
         <wf lemma="." pos="X">.</wf>
      </sentence>
      <sentence id="d000.s2299" source="wordnet-dutch">
         <wf lemma="zijn" pos="X">zijn</wf>
         <wf lemma="kritieke" pos="X">kritieke</wf>
         <wf lemma="toestand" pos="X">toestand</wf>
         <wf lemma="is" pos="X">is</wf>
         <wf lemma="reden" pos="X">reden</wf>
         <wf lemma="tot" pos="X">tot</wf>
         <instance id="d000.s2299.t000" lemma="bezorgdheid" pos="NOUN">bezorgdheid</instance>
         <wf lemma="." pos="X">.</wf>
      </sentence>
      <sentence id="d000.s2300" source="wordnet-dutch">
         <wf lemma="zij" pos="X">zij</wf>
         <wf lemma="was" pos="X">was</wf>
         <wf lemma="niet" pos="X">niet</wf>
         <wf lemma="zwanger" pos="X">zwanger</wf>
         <wf lemma="," pos="X">,</wf>
         <wf lemma="maar" pos="X">maar</wf>
         <instance id="d000.s2300.t000" lemma="doen" pos="VERB">deed</instance>
         <wf lemma="alsof" pos="X">alsof</wf>
         <wf lemma="." pos="X">.</wf>
      </sentence>
      <sentence id="d000.s2301" source="wordnet-dutch">
         <wf lemma="de" pos="X">de</wf>
         <wf lemma="wind" pos="X">wind</wf>
         <wf lemma="is" pos="X">is</wf>
         <wf lemma="fel" pos="X">fel</wf>
         <wf lemma="in" pos="X">in</wf>
         <wf lemma="kracht" pos="X">kracht</wf>
         <instance id="d000.s2301.t000" lemma="verminderen" pos="VERB">verminderd</instance>
         <wf lemma="." pos="X">.</wf>
      </sentence>
      <sentence id="d000.s2302" source="wordnet-dutch">
         <wf lemma="de" pos="X">de</wf>
         <wf lemma="Iraakse" pos="X">Iraakse</wf>
         <wf lemma="regering" pos="X">regering</wf>
         <wf lemma="heeft" pos="X">heeft</wf>
         <wf lemma="alle" pos="X">alle</wf>
         <wf lemma="Amerikaanse" pos="X">Amerikaanse</wf>
         <wf lemma="diplomaten" pos="X">diplomaten</wf>
         <instance id="d000.s2302.t000" lemma="uitwijzen" pos="VERB">uitgewezen</instance>
         <wf lemma="." pos="X">.</wf>
      </sentence>
      <sentence id="d000.s2303" source="wordnet-dutch">
         <wf lemma="hij" pos="X">hij</wf>
         <instance id="d000.s2303.t000" lemma="rukken" pos="VERB">rukte</instance>
         <wf lemma="het" pos="X">het</wf>
         <wf lemma="affiche" pos="X">affiche</wf>
         <wf lemma="kwaad" pos="X">kwaad</wf>
         <wf lemma="van" pos="X">van</wf>
         <wf lemma="de" pos="X">de</wf>
         <wf lemma="muur" pos="X">muur</wf>
         <wf lemma="." pos="X">.</wf>
      </sentence>
      <sentence id="d000.s2304" source="wordnet-dutch">
         <wf lemma="hij" pos="X">hij</wf>
         <wf lemma="heeft" pos="X">heeft</wf>
         <wf lemma="een" pos="X">een</wf>
         <wf lemma="hekel" pos="X">hekel</wf>
         <wf lemma="aan" pos="X">aan</wf>
         <wf lemma="haar" pos="X">haar</wf>
         <wf lemma="en" pos="X">en</wf>
         <wf lemma="gaat" pos="X">gaat</wf>
         <wf lemma="haar" pos="X">haar</wf>
         <wf lemma="daarom" pos="X">daarom</wf>
         <wf lemma="zoveel" pos="X">zoveel</wf>
         <wf lemma="mogelijk" pos="X">mogelijk</wf>
         <wf lemma="uit" pos="X">uit</wf>
         <wf lemma="de" pos="X">de</wf>
         <instance id="d000.s2304.t000" lemma="weg" pos="NOUN">weg</instance>
         <wf lemma="." pos="X">.</wf>
      </sentence>
      <sentence id="d000.s2305" source="wordnet-dutch">
         <wf lemma="de" pos="X">de</wf>
         <wf lemma="prijzen" pos="X">prijzen</wf>
         <wf lemma="worden" pos="X">worden</wf>
         <wf lemma="op" pos="X">op</wf>
         <wf lemma="een" pos="X">een</wf>
         <wf lemma="gulden" pos="X">gulden</wf>
         <instance id="d000.s2305.t000" lemma="afronden" pos="VERB">afgerond</instance>
         <wf lemma="." pos="X">.</wf>
      </sentence>
      <sentence id="d000.s2306" source="wordnet-dutch">
         <wf lemma="PvdA" pos="X">PvdA</wf>
         <wf lemma="gaat" pos="X">gaat</wf>
         <wf lemma="een" pos="X">een</wf>
         <instance id="d000.s2306.t000" lemma="coalitie" pos="NOUN">coalitie</instance>
         <wf lemma="aan" pos="X">aan</wf>
         <wf lemma="met" pos="X">met</wf>
         <wf lemma="de" pos="X">de</wf>
         <wf lemma="VVD" pos="X">VVD</wf>
         <wf lemma="en" pos="X">en</wf>
         <wf lemma="D66" pos="X">D66</wf>
         <wf lemma="." pos="X">.</wf>
      </sentence>
      <sentence id="d000.s2307" source="wordnet-dutch">
         <wf lemma="kan" pos="X">kan</wf>
         <wf lemma="jij" pos="X">jij</wf>
         <wf lemma="mijn" pos="X">mijn</wf>
         <wf lemma="huisdieren" pos="X">huisdieren</wf>
         <instance id="d000.s2307.t000" lemma="verzorgen" pos="VERB">verzorgen</instance>
         <wf lemma="terwijl" pos="X">terwijl</wf>
         <wf lemma="ik" pos="X">ik</wf>
         <wf lemma="weg" pos="X">weg</wf>
         <wf lemma="ben" pos="X">ben</wf>
         <wf lemma="?" pos="X">?</wf>
      </sentence>
      <sentence id="d000.s2308" source="wordnet-dutch">
         <wf lemma="gesneden" pos="X">gesneden</wf>
         <instance id="d000.s2308.t000" lemma="bloem" pos="NOUN">bloemen</instance>
         <wf lemma="." pos="X">.</wf>
      </sentence>
      <sentence id="d000.s2309" source="wordnet-dutch">
         <wf lemma="de" pos="X">de</wf>
         <wf lemma="verdachte" pos="X">verdachte</wf>
         <wf lemma="ontkende" pos="X">ontkende</wf>
         <wf lemma="dat" pos="X">dat</wf>
         <wf lemma="hij" pos="X">hij</wf>
         <wf lemma="een" pos="X">een</wf>
         <instance id="d000.s2309.t000" lemma="aandeel" pos="NOUN">aandeel</instance>
         <wf lemma="had" pos="X">had</wf>
         <wf lemma="gehad" pos="X">gehad</wf>
         <wf lemma="in" pos="X">in</wf>
         <wf lemma="die" pos="X">die</wf>
         <wf lemma="overval" pos="X">overval</wf>
         <wf lemma="." pos="X">.</wf>
      </sentence>
      <sentence id="d000.s2310" source="wordnet-dutch">
         <wf lemma="het" pos="X">het</wf>
         <instance id="d000.s2310.t000" lemma="verschil" pos="NOUN">verschil</instance>
         <wf lemma="in" pos="X">in</wf>
         <wf lemma="lengte" pos="X">lengte</wf>
         <wf lemma="tussen" pos="X">tussen</wf>
         <wf lemma="de" pos="X">de</wf>
         <wf lemma="twee" pos="X">twee</wf>
         <wf lemma="broers" pos="X">broers</wf>
         <wf lemma="is" pos="X">is</wf>
         <wf lemma="enorm." pos="X">enorm.</wf>
      </sentence>
      <sentence id="d000.s2311" source="wordnet-dutch">
         <wf lemma="de" pos="X">de</wf>
         <wf lemma="roze" pos="X">roze</wf>
         <instance id="d000.s2311.t000" lemma="gloed" pos="NOUN">gloed</instance>
         <wf lemma="van" pos="X">van</wf>
         <wf lemma="de" pos="X">de</wf>
         <wf lemma="hemel" pos="X">hemel</wf>
         <wf lemma="bij" pos="X">bij</wf>
         <wf lemma="het" pos="X">het</wf>
         <wf lemma="ochtendgloren" pos="X">ochtendgloren</wf>
         <wf lemma="." pos="X">.</wf>
      </sentence>
      <sentence id="d000.s2312" source="wordnet-dutch">
         <wf lemma="we" pos="X">we</wf>
         <wf lemma="zaten" pos="X">zaten</wf>
         <wf lemma="'s" pos="X">'s</wf>
         <wf lemma="middags" pos="X">middags</wf>
         <wf lemma="lekker" pos="X">lekker</wf>
         <wf lemma="in" pos="X">in</wf>
         <wf lemma="de" pos="X">de</wf>
         <instance id="d000.s2312.t000" lemma="schaduw" pos="NOUN">schaduw</instance>
         <wf lemma="van" pos="X">van</wf>
         <wf lemma="de" pos="X">de</wf>
         <wf lemma="bodem" pos="X">bodem</wf>
         <wf lemma="." pos="X">.</wf>
      </sentence>
      <sentence id="d000.s2313" source="wordnet-dutch">
         <wf lemma="ik" pos="X">ik</wf>
         <wf lemma="zal" pos="X">zal</wf>
         <instance id="d000.s2313.t000" lemma="trachten" pos="VERB">trachten</instance>
         <wf lemma="om" pos="X">om</wf>
         <wf lemma="morgen" pos="X">morgen</wf>
         <wf lemma="op" pos="X">op</wf>
         <wf lemma="tijd" pos="X">tijd</wf>
         <wf lemma="te" pos="X">te</wf>
         <wf lemma="zijn" pos="X">zijn</wf>
         <wf lemma="." pos="X">.</wf>
      </sentence>
      <sentence id="d000.s2314" source="wordnet-dutch">
         <wf lemma="het" pos="X">het</wf>
         <wf lemma="is" pos="X">is</wf>
         <wf lemma="niet" pos="X">niet</wf>
         <wf lemma="de" pos="X">de</wf>
         <wf lemma="bedoeling" pos="X">bedoeling</wf>
         <wf lemma="dat" pos="X">dat</wf>
         <wf lemma="onderwijzend" pos="X">onderwijzend</wf>
         <wf lemma="personeel" pos="X">personeel</wf>
         <wf lemma="voor" pos="X">voor</wf>
         <wf lemma="beveiligingsdoeleinden" pos="X">beveiligingsdoeleinden</wf>
         <wf lemma="wordt" pos="X">wordt</wf>
         <instance id="d000.s2314.t000" lemma="aanwenden" pos="VERB">aangewend</instance>
         <wf lemma="." pos="X">.</wf>
      </sentence>
      <sentence id="d000.s2315" source="wordnet-dutch">
         <wf lemma="de" pos="X">de</wf>
         <wf lemma="verkoudheid" pos="X">verkoudheid</wf>
         <wf lemma="had" pos="X">had</wf>
         <wf lemma="zijn" pos="X">zijn</wf>
         <instance id="d000.s2315.t000" lemma="reuk" pos="NOUN">reuk</instance>
         <wf lemma="en" pos="X">en</wf>
         <wf lemma="smaak" pos="X">smaak</wf>
         <wf lemma="aangetast" pos="X">aangetast</wf>
         <wf lemma="." pos="X">.</wf>
      </sentence>
      <sentence id="d000.s2316" source="wordnet-dutch">
         <wf lemma="iets" pos="X">iets</wf>
         <wf lemma="ter" pos="X">ter</wf>
         <instance id="d000.s2316.t000" lemma="goedkeuring" pos="NOUN">goedkeuring</instance>
         <wf lemma="aan" pos="X">aan</wf>
         <wf lemma="de" pos="X">de</wf>
         <wf lemma="minister" pos="X">minister</wf>
         <wf lemma="overleggen" pos="X">overleggen</wf>
         <wf lemma="." pos="X">.</wf>
      </sentence>
      <sentence id="d000.s2317" source="wordnet-dutch">
         <wf lemma="hij" pos="X">hij</wf>
         <wf lemma="zit" pos="X">zit</wf>
         <wf lemma="al" pos="X">al</wf>
         <wf lemma="de" pos="X">de</wf>
         <wf lemma="hele" pos="X">hele</wf>
         <wf lemma="middag" pos="X">middag</wf>
         <wf lemma="in" pos="X">in</wf>
         <wf lemma="een" pos="X">een</wf>
         <instance id="d000.s2317.t000" lemma="opblaasboot" pos="NOUN">opblaasbootje</instance>
         <wf lemma="op" pos="X">op</wf>
         <wf lemma="de" pos="X">de</wf>
         <wf lemma="plas" pos="X">plas</wf>
         <wf lemma="." pos="X">.</wf>
      </sentence>
      <sentence id="d000.s2318" source="wordnet-dutch">
         <wf lemma="deze" pos="X">deze</wf>
         <wf lemma="verpakking" pos="X">verpakking</wf>
         <instance id="d000.s2318.t000" lemma="bevatten" pos="VERB">bevat</instance>
         <wf lemma="tien" pos="X">tien</wf>
         <wf lemma="vissticks" pos="X">vissticks</wf>
         <wf lemma="." pos="X">.</wf>
      </sentence>
      <sentence id="d000.s2319" source="wordnet-dutch">
         <wf lemma="Met" pos="X">Met</wf>
         <wf lemma="dit" pos="X">dit</wf>
         <instance id="d000.s2319.t000" lemma="gang" pos="NOUN">gangetje</instance>
         <wf lemma="komen" pos="X">komen</wf>
         <wf lemma="we" pos="X">we</wf>
         <wf lemma="het" pos="X">het</wf>
         <wf lemma="nooit" pos="X">nooit</wf>
         <wf lemma="." pos="X">.</wf>
      </sentence>
      <sentence id="d000.s2320" source="wordnet-dutch">
         <wf lemma="hij" pos="X">hij</wf>
         <wf lemma="schilderde" pos="X">schilderde</wf>
         <wf lemma="in" pos="X">in</wf>
         <wf lemma="de" pos="X">de</wf>
         <instance id="d000.s2320.t000" lemma="trant" pos="NOUN">trant</instance>
         <wf lemma="van" pos="X">van</wf>
         <wf lemma="Breughel" pos="X">Breughel</wf>
         <wf lemma="." pos="X">.</wf>
      </sentence>
      <sentence id="d000.s2321" source="wordnet-dutch">
         <wf lemma="zij" pos="X">zij</wf>
         <instance id="d000.s2321.t000" lemma="haten" pos="VERB">haat</instance>
         <wf lemma="voetbal" pos="X">voetbal</wf>
         <wf lemma="." pos="X">.</wf>
      </sentence>
      <sentence id="d000.s2322" source="wordnet-dutch">
         <wf lemma="door" pos="X">door</wf>
         <wf lemma="het" pos="X">het</wf>
         <wf lemma="slechte" pos="X">slechte</wf>
         <wf lemma="weer" pos="X">weer</wf>
         <wf lemma="moest" pos="X">moest</wf>
         <wf lemma="de" pos="X">de</wf>
         <instance id="d000.s2322.t000" lemma="vlucht" pos="NOUN">vlucht</instance>
         <wf lemma="onderbroken" pos="X">onderbroken</wf>
         <wf lemma="worden" pos="X">worden</wf>
         <wf lemma="." pos="X">.</wf>
      </sentence>
      <sentence id="d000.s2323" source="wordnet-dutch">
         <wf lemma="ongeveer" pos="X">ongeveer</wf>
         <wf lemma="500" pos="X">500</wf>
         <instance id="d000.s2323.t000" lemma="kb" pos="NOUN">kB</instance>
         <wf lemma="geheugen" pos="X">geheugen</wf>
         <wf lemma="." pos="X">.</wf>
      </sentence>
      <sentence id="d000.s2324" source="wordnet-dutch">
         <wf lemma="hoe" pos="X">hoe</wf>
         <wf lemma="de" pos="X">de</wf>
         <wf lemma="ondervraagde" pos="X">ondervraagde</wf>
         <wf lemma="ook" pos="X">ook</wf>
         <wf lemma="zat" pos="X">zat</wf>
         <wf lemma="te" pos="X">te</wf>
         <instance id="d000.s2324.t000" lemma="draaien" pos="VERB">draaien</instance>
         <wf lemma="," pos="X">,</wf>
         <wf lemma="zij" pos="X">zij</wf>
         <wf lemma="redde" pos="X">redde</wf>
         <wf lemma="zich" pos="X">zich</wf>
         <wf lemma="er" pos="X">er</wf>
         <wf lemma="niet" pos="X">niet</wf>
         <wf lemma="uit" pos="X">uit</wf>
         <wf lemma="." pos="X">.</wf>
      </sentence>
      <sentence id="d000.s2325" source="wordnet-dutch">
         <wf lemma="ze" pos="X">ze</wf>
         <wf lemma="heeft" pos="X">heeft</wf>
         <wf lemma="vroeger" pos="X">vroeger</wf>
         <wf lemma="nog" pos="X">nog</wf>
         <wf lemma="naakt" pos="X">naakt</wf>
         <instance id="d000.s2325.t000" lemma="poseren" pos="VERB">geposeerd</instance>
         <wf lemma="voor" pos="X">voor</wf>
         <wf lemma="een" pos="X">een</wf>
         <wf lemma="mannenblad" pos="X">mannenblad</wf>
         <wf lemma="." pos="X">.</wf>
      </sentence>
      <sentence id="d000.s2326" source="wordnet-dutch">
         <wf lemma="Ik" pos="X">Ik</wf>
         <wf lemma="ga" pos="X">ga</wf>
         <wf lemma="even" pos="X">even</wf>
         <wf lemma="spelen" pos="X">spelen</wf>
         <wf lemma="om" pos="X">om</wf>
         <wf lemma="te" pos="X">te</wf>
         <wf lemma="horen" pos="X">horen</wf>
         <wf lemma="hoe" pos="X">hoe</wf>
         <wf lemma="de" pos="X">de</wf>
         <instance id="d000.s2326.t000" lemma="stemming" pos="NOUN">stemming</instance>
         <wf lemma="van" pos="X">van</wf>
         <wf lemma="de" pos="X">de</wf>
         <wf lemma="piano" pos="X">piano</wf>
         <wf lemma="is" pos="X">is</wf>
         <wf lemma="." pos="X">.</wf>
      </sentence>
      <sentence id="d000.s2327" source="wordnet-dutch">
         <wf lemma="vooral" pos="X">vooral</wf>
         <wf lemma="toeristen" pos="X">toeristen</wf>
         <wf lemma="worden" pos="X">worden</wf>
         <wf lemma="door" pos="X">door</wf>
         <wf lemma="zakkenrollers" pos="X">zakkenrollers</wf>
         <wf lemma="aan" pos="X">aan</wf>
         <wf lemma="de" pos="X">de</wf>
         <wf lemma="kust" pos="X">kust</wf>
         <instance id="d000.s2327.t000" lemma="bestelen" pos="VERB">bestolen</instance>
         <wf lemma="." pos="X">.</wf>
      </sentence>
      <sentence id="d000.s2328" source="wordnet-dutch">
         <wf lemma="de" pos="X">de</wf>
         <wf lemma="twee" pos="X">twee</wf>
         <wf lemma="organisaties" pos="X">organisaties</wf>
         <wf lemma="hebben" pos="X">hebben</wf>
         <wf lemma="zich" pos="X">zich</wf>
         <wf lemma="nu" pos="X">nu</wf>
         <instance id="d000.s2328.t000" lemma="verenigen" pos="VERB">verenigd</instance>
         <wf lemma="in" pos="X">in</wf>
         <wf lemma="één" pos="X">één</wf>
         <wf lemma="grote" pos="X">grote</wf>
         <wf lemma="vakbond" pos="X">vakbond</wf>
         <wf lemma="." pos="X">.</wf>
      </sentence>
      <sentence id="d000.s2329" source="wordnet-dutch">
         <wf lemma="de" pos="X">de</wf>
         <wf lemma="speeltuin" pos="X">speeltuin</wf>
         <wf lemma="is" pos="X">is</wf>
         <wf lemma="een" pos="X">een</wf>
         <instance id="d000.s2329.t000" lemma="bron" pos="NOUN">bron</instance>
         <wf lemma="van" pos="X">van</wf>
         <wf lemma="vermaak" pos="X">vermaak</wf>
         <wf lemma="." pos="X">.</wf>
      </sentence>
      <sentence id="d000.s2330" source="wordnet-dutch">
         <wf lemma="bij" pos="X">bij</wf>
         <wf lemma="het" pos="X">het</wf>
         <wf lemma="minste" pos="X">minste</wf>
         <wf lemma="beetje" pos="X">beetje</wf>
         <wf lemma="pijn" pos="X">pijn</wf>
         <wf lemma="dat" pos="X">dat</wf>
         <wf lemma="ze" pos="X">ze</wf>
         <wf lemma="voelde" pos="X">voelde</wf>
         <wf lemma="begon" pos="X">begon</wf>
         <wf lemma="ze" pos="X">ze</wf>
         <wf lemma="te" pos="X">te</wf>
         <instance id="d000.s2330.t000" lemma="poepen" pos="VERB">piepen</instance>
         <wf lemma="." pos="X">.</wf>
      </sentence>
      <sentence id="d000.s2331" source="wordnet-dutch">
         <wf lemma="hij" pos="X">hij</wf>
         <wf lemma="is" pos="X">is</wf>
         <wf lemma="de" pos="X">de</wf>
         <wf lemma="hele" pos="X">hele</wf>
         <wf lemma="dag" pos="X">dag</wf>
         <wf lemma="al" pos="X">al</wf>
         <wf lemma="aan" pos="X">aan</wf>
         <wf lemma="het" pos="X">het</wf>
         <instance id="d000.s2331.t000" lemma="kloten" pos="VERB">kloten</instance>
         <wf lemma="met" pos="X">met</wf>
         <wf lemma="de" pos="X">de</wf>
         <wf lemma="televisie" pos="X">televisie</wf>
         <wf lemma="." pos="X">.</wf>
      </sentence>
      <sentence id="d000.s2332" source="wordnet-dutch">
         <wf lemma="die" pos="X">die</wf>
         <wf lemma="overwinning" pos="X">overwinning</wf>
         <wf lemma="vijzelde" pos="X">vijzelde</wf>
         <wf lemma="het" pos="X">het</wf>
         <instance id="d000.s2332.t000" lemma="zelfvertrouwen" pos="NOUN">zelfvertrouwen</instance>
         <wf lemma="weer" pos="X">weer</wf>
         <wf lemma="helemaal" pos="X">helemaal</wf>
         <wf lemma="op" pos="X">op</wf>
         <wf lemma="." pos="X">.</wf>
      </sentence>
      <sentence id="d000.s2333" source="wordnet-dutch">
         <wf lemma="als" pos="X">als</wf>
         <wf lemma="de" pos="X">de</wf>
         <wf lemma="trein" pos="X">trein</wf>
         <wf lemma="nog" pos="X">nog</wf>
         <wf lemma="meer" pos="X">meer</wf>
         <wf lemma="vertraging" pos="X">vertraging</wf>
         <wf lemma="heeft" pos="X">heeft</wf>
         <wf lemma="mis" pos="X">mis</wf>
         <wf lemma="ik" pos="X">ik</wf>
         <wf lemma="mijn" pos="X">mijn</wf>
         <instance id="d000.s2333.t000" lemma="aansluiting" pos="NOUN">aansluiting</instance>
         <wf lemma="." pos="X">.</wf>
      </sentence>
      <sentence id="d000.s2334" source="wordnet-dutch">
         <wf lemma="hij" pos="X">hij</wf>
         <wf lemma="knikte" pos="X">knikte</wf>
         <wf lemma="ter" pos="X">ter</wf>
         <instance id="d000.s2334.t000" lemma="beantwoording" pos="NOUN">beantwoording</instance>
         <wf lemma="van" pos="X">van</wf>
         <wf lemma="de" pos="X">de</wf>
         <wf lemma="gestelde" pos="X">gestelde</wf>
         <wf lemma="vraag" pos="X">vraag</wf>
         <wf lemma="." pos="X">.</wf>
      </sentence>
      <sentence id="d000.s2335" source="wordnet-dutch">
         <wf lemma="de" pos="X">de</wf>
         <wf lemma="krant" pos="X">krant</wf>
         <wf lemma="plaatst" pos="X">plaatst</wf>
         <wf lemma="mijn" pos="X">mijn</wf>
         <instance id="d000.s2335.t000" lemma="advertentie" pos="NOUN">advertentie</instance>
         <wf lemma="nog" pos="X">nog</wf>
         <wf lemma="deze" pos="X">deze</wf>
         <wf lemma="week" pos="X">week</wf>
         <wf lemma="." pos="X">.</wf>
      </sentence>
      <sentence id="d000.s2336" source="wordnet-dutch">
         <wf lemma="ik" pos="X">ik</wf>
         <wf lemma="ga" pos="X">ga</wf>
         <wf lemma="naar" pos="X">naar</wf>
         <wf lemma="de" pos="X">de</wf>
         <wf lemma="bank" pos="X">bank</wf>
         <wf lemma="om" pos="X">om</wf>
         <wf lemma="mijn" pos="X">mijn</wf>
         <wf lemma="polis" pos="X">polis</wf>
         <wf lemma="te" pos="X">te</wf>
         <instance id="d000.s2336.t000" lemma="converteren" pos="VERB">converteren</instance>
         <wf lemma="." pos="X">.</wf>
      </sentence>
      <sentence id="d000.s2337" source="wordnet-dutch">
         <wf lemma="hij" pos="X">hij</wf>
         <wf lemma="kwam" pos="X">kwam</wf>
         <wf lemma="weer" pos="X">weer</wf>
         <wf lemma="op" pos="X">op</wf>
         <wf lemma="het" pos="X">het</wf>
         <wf lemma="juiste" pos="X">juiste</wf>
         <instance id="d000.s2337.t000" lemma="moment" pos="NOUN">moment</instance>
         <wf lemma="." pos="X">.</wf>
      </sentence>
      <sentence id="d000.s2338" source="wordnet-dutch">
         <wf lemma="de" pos="X">de</wf>
         <wf lemma="besprekingen" pos="X">besprekingen</wf>
         <wf lemma="tussen" pos="X">tussen</wf>
         <wf lemma="bonden" pos="X">bonden</wf>
         <wf lemma="en" pos="X">en</wf>
         <wf lemma="werkgevers" pos="X">werkgevers</wf>
         <instance id="d000.s2338.t000" lemma="mislukken" pos="VERB">mislukten</instance>
         <wf lemma="op" pos="X">op</wf>
         <wf lemma="het" pos="X">het</wf>
         <wf lemma="laatste" pos="X">laatste</wf>
         <wf lemma="moment" pos="X">moment</wf>
         <wf lemma="." pos="X">.</wf>
      </sentence>
      <sentence id="d000.s2339" source="wordnet-dutch">
         <wf lemma="mijn" pos="X">mijn</wf>
         <wf lemma="vader" pos="X">vader</wf>
         <instance id="d000.s2339.t000" lemma="handelen" pos="VERB">handelt</instance>
         <wf lemma="in" pos="X">in</wf>
         <wf lemma="tuinartikelen" pos="X">tuinartikelen</wf>
         <wf lemma="." pos="X">.</wf>
      </sentence>
      <sentence id="d000.s2340" source="wordnet-dutch">
         <wf lemma="gegadigden" pos="X">gegadigden</wf>
         <wf lemma="kunnen" pos="X">kunnen</wf>
         <wf lemma="zich" pos="X">zich</wf>
         <wf lemma="aan" pos="X">aan</wf>
         <wf lemma="de" pos="X">de</wf>
         <instance id="d000.s2340.t000" lemma="poort" pos="NOUN">poort</instance>
         <wf lemma="melden" pos="X">melden</wf>
         <wf lemma="." pos="X">.</wf>
      </sentence>
      <sentence id="d000.s2341" source="wordnet-dutch">
         <wf lemma="je" pos="X">je</wf>
         <wf lemma="moet" pos="X">moet</wf>
         <wf lemma="met" pos="X">met</wf>
         <wf lemma="dat" pos="X">dat</wf>
         <wf lemma="been" pos="X">been</wf>
         <wf lemma="naar" pos="X">naar</wf>
         <wf lemma="een" pos="X">een</wf>
         <instance id="d000.s2341.t000" lemma="arts" pos="NOUN">arts</instance>
         <wf lemma="gaan" pos="X">gaan</wf>
         <wf lemma="." pos="X">.</wf>
      </sentence>
      <sentence id="d000.s2342" source="wordnet-dutch">
         <wf lemma="ik" pos="X">ik</wf>
         <wf lemma="zal" pos="X">zal</wf>
         <wf lemma="mijn" pos="X">mijn</wf>
         <wf lemma="dak" pos="X">dak</wf>
         <wf lemma="moeten" pos="X">moeten</wf>
         <wf lemma="laten" pos="X">laten</wf>
         <instance id="d000.s2342.t000" lemma="herstellen" pos="VERB">herstellen</instance>
         <wf lemma="," pos="X">,</wf>
         <wf lemma="want" pos="X">want</wf>
         <wf lemma="het" pos="X">het</wf>
         <wf lemma="regent" pos="X">regent</wf>
         <wf lemma="binnen" pos="X">binnen</wf>
         <wf lemma="." pos="X">.</wf>
      </sentence>
      <sentence id="d000.s2343" source="wordnet-dutch">
         <wf lemma="ze" pos="X">ze</wf>
         <instance id="d000.s2343.t000" lemma="plompen" pos="VERB">plompten</instance>
         <wf lemma="de" pos="X">de</wf>
         <wf lemma="steen" pos="X">steen</wf>
         <wf lemma="in" pos="X">in</wf>
         <wf lemma="het" pos="X">het</wf>
         <wf lemma="water" pos="X">water</wf>
         <wf lemma="." pos="X">.</wf>
      </sentence>
      <sentence id="d000.s2344" source="wordnet-dutch">
         <wf lemma="de" pos="X">de</wf>
         <wf lemma="KNVB" pos="X">KNVB</wf>
         <wf lemma="heeft" pos="X">heeft</wf>
         <wf lemma="een" pos="X">een</wf>
         <instance id="d000.s2344.t000" lemma="schorsing" pos="NOUN">schorsing</instance>
         <wf lemma="tegen" pos="X">tegen</wf>
         <wf lemma="hem" pos="X">hem</wf>
         <wf lemma="uitgevaardigd" pos="X">uitgevaardigd</wf>
         <wf lemma="." pos="X">.</wf>
      </sentence>
      <sentence id="d000.s2345" source="wordnet-dutch">
         <wf lemma="de" pos="X">de</wf>
         <wf lemma="minister" pos="X">minister</wf>
         <instance id="d000.s2345.t000" lemma="kraken" pos="VERB">kraakte</instance>
         <wf lemma="het" pos="X">het</wf>
         <wf lemma="rapport" pos="X">rapport</wf>
         <wf lemma="dat" pos="X">dat</wf>
         <wf lemma="de" pos="X">de</wf>
         <wf lemma="speciale" pos="X">speciale</wf>
         <wf lemma="commissie" pos="X">commissie</wf>
         <wf lemma="had" pos="X">had</wf>
         <wf lemma="opgesteld" pos="X">opgesteld</wf>
         <wf lemma="." pos="X">.</wf>
      </sentence>
      <sentence id="d000.s2346" source="wordnet-dutch">
         <wf lemma="op" pos="X">op</wf>
         <wf lemma="de" pos="X">de</wf>
         <wf lemma="koude" pos="X">koude</wf>
         <wf lemma="dag" pos="X">dag</wf>
         <wf lemma="zwem" pos="X">zwem</wf>
         <wf lemma="ik" pos="X">ik</wf>
         <wf lemma="liever" pos="X">liever</wf>
         <wf lemma="in" pos="X">in</wf>
         <wf lemma="het" pos="X">het</wf>
         <instance id="d000.s2346.t000" lemma="binnenbad" pos="NOUN">binnenbad</instance>
         <wf lemma="dan" pos="X">dan</wf>
         <wf lemma="in" pos="X">in</wf>
         <wf lemma="het" pos="X">het</wf>
         <wf lemma="buitenbad" pos="X">buitenbad</wf>
         <wf lemma="." pos="X">.</wf>
      </sentence>
      <sentence id="d000.s2347" source="wordnet-dutch">
         <wf lemma="ik" pos="X">ik</wf>
         <instance id="d000.s2347.t000" lemma="handhaven" pos="VERB">handhaaf</instance>
         <wf lemma="volledig" pos="X">volledig</wf>
         <wf lemma="mijn" pos="X">mijn</wf>
         <wf lemma="bezwaren" pos="X">bezwaren</wf>
         <wf lemma="tegen" pos="X">tegen</wf>
         <wf lemma="inbreken" pos="X">inbreken</wf>
         <wf lemma="in" pos="X">in</wf>
         <wf lemma="de" pos="X">de</wf>
         <wf lemma="CAO" pos="X">CAO</wf>
         <wf lemma="." pos="X">.</wf>
      </sentence>
      <sentence id="d000.s2348" source="wordnet-dutch">
         <wf lemma="bij" pos="X">bij</wf>
         <instance id="d000.s2348.t000" lemma="eb" pos="NOUN">eb</instance>
         <wf lemma="staat" pos="X">staat</wf>
         <wf lemma="er" pos="X">er</wf>
         <wf lemma="een" pos="X">een</wf>
         <wf lemma="holle" pos="X">holle</wf>
         <wf lemma="zee" pos="X">zee</wf>
         <wf lemma="." pos="X">.</wf>
      </sentence>
      <sentence id="d000.s2349" source="wordnet-dutch">
         <wf lemma="het" pos="X">het</wf>
         <wf lemma="orkest" pos="X">orkest</wf>
         <wf lemma="kreeg" pos="X">kreeg</wf>
         <wf lemma="een" pos="X">een</wf>
         <instance id="d000.s2349.t000" lemma="daveren" pos="VERB">daverend</instance>
         <wf lemma="applaus" pos="X">applaus</wf>
         <wf lemma="." pos="X">.</wf>
      </sentence>
      <sentence id="d000.s2350" source="wordnet-dutch">
         <wf lemma="hij" pos="X">hij</wf>
         <wf lemma="trok" pos="X">trok</wf>
         <wf lemma="naar" pos="X">naar</wf>
         <wf lemma="zee" pos="X">zee</wf>
         <wf lemma="om" pos="X">om</wf>
         <wf lemma="de" pos="X">de</wf>
         <instance id="d000.s2350.t000" lemma="eenzaamheid" pos="NOUN">eenzaamheid</instance>
         <wf lemma="te" pos="X">te</wf>
         <wf lemma="zoeken" pos="X">zoeken</wf>
         <wf lemma="." pos="X">.</wf>
      </sentence>
      <sentence id="d000.s2351" source="wordnet-dutch">
         <wf lemma="jouw" pos="X">jouw</wf>
         <wf lemma="gedrag" pos="X">gedrag</wf>
         <wf lemma="vervult" pos="X">vervult</wf>
         <wf lemma="mij" pos="X">mij</wf>
         <wf lemma="met" pos="X">met</wf>
         <instance id="d000.s2351.t000" lemma="walging" pos="NOUN">walging</instance>
         <wf lemma="." pos="X">.</wf>
      </sentence>
      <sentence id="d000.s2352" source="wordnet-dutch">
         <wf lemma="zijn" pos="X">zijn</wf>
         <instance id="d000.s2352.t000" lemma="bede" pos="NOUN">bede</instance>
         <wf lemma="werd" pos="X">werd</wf>
         <wf lemma="niet" pos="X">niet</wf>
         <wf lemma="verhoord" pos="X">verhoord</wf>
         <wf lemma="." pos="X">.</wf>
      </sentence>
      <sentence id="d000.s2353" source="wordnet-dutch">
         <wf lemma="mensen" pos="X">mensen</wf>
         <wf lemma="vluchten" pos="X">vluchten</wf>
         <wf lemma="in" pos="X">in</wf>
         <instance id="d000.s2353.t000" lemma="paniek" pos="NOUN">paniek</instance>
         <wf lemma="weg" pos="X">weg</wf>
         <wf lemma="." pos="X">.</wf>
      </sentence>
      <sentence id="d000.s2354" source="wordnet-dutch">
         <wf lemma="de" pos="X">de</wf>
         <wf lemma="trouwpartij" pos="X">trouwpartij</wf>
         <wf lemma="is" pos="X">is</wf>
         <wf lemma="volgende" pos="X">volgende</wf>
         <wf lemma="week" pos="X">week</wf>
         <wf lemma="op" pos="X">op</wf>
         <wf lemma="het" pos="X">het</wf>
         <instance id="d000.s2354.t000" lemma="provinciehuis" pos="NOUN">provinciehuis</instance>
         <wf lemma="." pos="X">.</wf>
      </sentence>
      <sentence id="d000.s2355" source="wordnet-dutch">
         <wf lemma="ze" pos="X">ze</wf>
         <wf lemma="hebben" pos="X">hebben</wf>
         <wf lemma="de" pos="X">de</wf>
         <wf lemma="enclave" pos="X">enclave</wf>
         <wf lemma="moeten" pos="X">moeten</wf>
         <instance id="d000.s2355.t000" lemma="prijsgeven" pos="VERB">prijsgeven</instance>
         <wf lemma="aan" pos="X">aan</wf>
         <wf lemma="de" pos="X">de</wf>
         <wf lemma="vijandelijke" pos="X">vijandelijke</wf>
         <wf lemma="troepen" pos="X">troepen</wf>
         <wf lemma="." pos="X">.</wf>
      </sentence>
      <sentence id="d000.s2356" source="wordnet-dutch">
         <wf lemma="op" pos="X">op</wf>
         <wf lemma="de" pos="X">de</wf>
         <instance id="d000.s2356.t000" lemma="autosnelweg" pos="NOUN">autosnelweg</instance>
         <wf lemma="mag" pos="X">mag</wf>
         <wf lemma="je" pos="X">je</wf>
         <wf lemma="in" pos="X">in</wf>
         <wf lemma="Nederland" pos="X">Nederland</wf>
         <wf lemma="120" pos="X">120</wf>
         <wf lemma="km" pos="X">km</wf>
         <wf lemma="rijden" pos="X">rijden</wf>
         <wf lemma="," pos="X">,</wf>
         <wf lemma="soms" pos="X">soms</wf>
         <wf lemma="maar" pos="X">maar</wf>
         <wf lemma="100" pos="X">100</wf>
         <wf lemma="km." pos="X">km.</wf>
      </sentence>
      <sentence id="d000.s2357" source="wordnet-dutch">
         <wf lemma="het" pos="X">het</wf>
         <wf lemma="is" pos="X">is</wf>
         <wf lemma="een" pos="X">een</wf>
         <instance id="d000.s2357.t000" lemma="verademing" pos="NOUN">verademing</instance>
         <wf lemma="om" pos="X">om</wf>
         <wf lemma="te" pos="X">te</wf>
         <wf lemma="zien" pos="X">zien</wf>
         <wf lemma="hoe" pos="X">hoe</wf>
         <wf lemma="de" pos="X">de</wf>
         <wf lemma="bestuurders" pos="X">bestuurders</wf>
         <wf lemma="hier" pos="X">hier</wf>
         <wf lemma="met" pos="X">met</wf>
         <wf lemma="elkaar" pos="X">elkaar</wf>
         <wf lemma="overweg" pos="X">overweg</wf>
         <wf lemma="kunnen" pos="X">kunnen</wf>
         <wf lemma="." pos="X">.</wf>
      </sentence>
      <sentence id="d000.s2358" source="wordnet-dutch">
         <wf lemma="het" pos="X">het</wf>
         <wf lemma="raam" pos="X">raam</wf>
         <wf lemma="bood" pos="X">bood</wf>
         <instance id="d000.s2358.t000" lemma="uitzicht" pos="NOUN">uitzicht</instance>
         <wf lemma="op" pos="X">op</wf>
         <wf lemma="het" pos="X">het</wf>
         <wf lemma="westen" pos="X">westen</wf>
         <wf lemma="." pos="X">.</wf>
      </sentence>
      <sentence id="d000.s2359" source="wordnet-dutch">
         <wf lemma="dat" pos="X">dat</wf>
         <wf lemma="boek" pos="X">boek</wf>
         <instance id="d000.s2359.t000" lemma="zijn" pos="VERB">is</instance>
         <wf lemma="van" pos="X">van</wf>
         <wf lemma="mij" pos="X">mij</wf>
         <wf lemma="." pos="X">.</wf>
      </sentence>
      <sentence id="d000.s2360" source="wordnet-dutch">
         <wf lemma="vol" pos="X">vol</wf>
         <instance id="d000.s2360.t000" lemma="schaamte" pos="NOUN">schaamte</instance>
         <wf lemma="liet" pos="X">liet</wf>
         <wf lemma="hij" pos="X">hij</wf>
         <wf lemma="zijn" pos="X">zijn</wf>
         <wf lemma="hoofd" pos="X">hoofd</wf>
         <wf lemma="hangen" pos="X">hangen</wf>
         <wf lemma="." pos="X">.</wf>
      </sentence>
      <sentence id="d000.s2361" source="wordnet-dutch">
         <wf lemma="je" pos="X">je</wf>
         <wf lemma="moet" pos="X">moet</wf>
         <wf lemma="je" pos="X">je</wf>
         <wf lemma="natuurlijk" pos="X">natuurlijk</wf>
         <wf lemma="wel" pos="X">wel</wf>
         <wf lemma="aan" pos="X">aan</wf>
         <wf lemma="je" pos="X">je</wf>
         <wf lemma="afspraak" pos="X">afspraak</wf>
         <instance id="d000.s2361.t000" lemma="houden" pos="VERB">houden</instance>
         <wf lemma="." pos="X">.</wf>
      </sentence>
      <sentence id="d000.s2362" source="wordnet-dutch">
         <wf lemma="ik" pos="X">ik</wf>
         <wf lemma="kreeg" pos="X">kreeg</wf>
         <wf lemma="een" pos="X">een</wf>
         <wf lemma="weekendje" pos="X">weekendje</wf>
         <wf lemma="Parijs" pos="X">Parijs</wf>
         <wf lemma="als" pos="X">als</wf>
         <instance id="d000.s2362.t000" lemma="verjaardagscadeau" pos="NOUN">verjaardagscadeau</instance>
         <wf lemma="." pos="X">.</wf>
      </sentence>
      <sentence id="d000.s2363" source="wordnet-dutch">
         <wf lemma="zij" pos="X">zij</wf>
         <wf lemma="hebben" pos="X">hebben</wf>
         <instance id="d000.s2363.t000" lemma="foltering" pos="NOUN">foltering</instance>
         <wf lemma="moeten" pos="X">moeten</wf>
         <wf lemma="ondergaan" pos="X">ondergaan</wf>
         <wf lemma="." pos="X">.</wf>
      </sentence>
      <sentence id="d000.s2364" source="wordnet-dutch">
         <wf lemma="met" pos="X">met</wf>
         <wf lemma="de" pos="X">de</wf>
         <instance id="d000.s2364.t000" lemma="ferryboot" pos="NOUN">ferryboot</instance>
         <wf lemma="naar" pos="X">naar</wf>
         <wf lemma="Harwich" pos="X">Harwich</wf>
         <wf lemma="." pos="X">.</wf>
      </sentence>
      <sentence id="d000.s2365" source="wordnet-dutch">
         <wf lemma="de" pos="X">de</wf>
         <instance id="d000.s2365.t000" lemma="haan" pos="NOUN">haan</instance>
         <wf lemma="kraaide" pos="X">kraaide</wf>
         <wf lemma="bij" pos="X">bij</wf>
         <wf lemma="het" pos="X">het</wf>
         <wf lemma="krieken" pos="X">krieken</wf>
         <wf lemma="van" pos="X">van</wf>
         <wf lemma="de" pos="X">de</wf>
         <wf lemma="dag" pos="X">dag</wf>
         <wf lemma="." pos="X">.</wf>
      </sentence>
      <sentence id="d000.s2366" source="wordnet-dutch">
         <wf lemma="de" pos="X">de</wf>
         <wf lemma="auteur" pos="X">auteur</wf>
         <wf lemma="is" pos="X">is</wf>
         <wf lemma="op" pos="X">op</wf>
         <wf lemma="het" pos="X">het</wf>
         <instance id="d000.s2366.t000" lemma="titelblad" pos="NOUN">titelblad</instance>
         <wf lemma="vermeld" pos="X">vermeld</wf>
         <wf lemma="." pos="X">.</wf>
      </sentence>
      <sentence id="d000.s2367" source="wordnet-dutch">
         <wf lemma="Het" pos="X">Het</wf>
         <instance id="d000.s2367.t000" lemma="snoer" pos="NOUN">snoer</instance>
         <wf lemma="met" pos="X">met</wf>
         <wf lemma="de" pos="X">de</wf>
         <wf lemma="vishaak" pos="X">vishaak</wf>
         <wf lemma="stond" pos="X">stond</wf>
         <wf lemma="strak" pos="X">strak</wf>
         <wf lemma="gespannen" pos="X">gespannen</wf>
         <wf lemma="." pos="X">.</wf>
      </sentence>
      <sentence id="d000.s2368" source="wordnet-dutch">
         <wf lemma="je" pos="X">je</wf>
         <wf lemma="moet" pos="X">moet</wf>
         <wf lemma="maar" pos="X">maar</wf>
         <wf lemma="eens" pos="X">eens</wf>
         <wf lemma="goed" pos="X">goed</wf>
         <instance id="d000.s2368.t000" lemma="opletten" pos="VERB">opletten</instance>
         <wf lemma="wat" pos="X">wat</wf>
         <wf lemma="er" pos="X">er</wf>
         <wf lemma="gebeurt" pos="X">gebeurt</wf>
         <wf lemma="als" pos="X">als</wf>
         <wf lemma="je" pos="X">je</wf>
         <wf lemma="die" pos="X">die</wf>
         <wf lemma="twee" pos="X">twee</wf>
         <wf lemma="stoffen" pos="X">stoffen</wf>
         <wf lemma="mengt" pos="X">mengt</wf>
         <wf lemma="." pos="X">.</wf>
      </sentence>
      <sentence id="d000.s2369" source="wordnet-dutch">
         <wf lemma="het" pos="X">het</wf>
         <wf lemma="oliepeil" pos="X">oliepeil</wf>
         <wf lemma="in" pos="X">in</wf>
         <wf lemma="de" pos="X">de</wf>
         <wf lemma="motor" pos="X">motor</wf>
         <wf lemma="kun" pos="X">kun</wf>
         <wf lemma="je" pos="X">je</wf>
         <wf lemma="met" pos="X">met</wf>
         <wf lemma="een" pos="X">een</wf>
         <instance id="d000.s2369.t000" lemma="peilstok" pos="NOUN">peilstok</instance>
         <wf lemma="meten" pos="X">meten</wf>
         <wf lemma="." pos="X">.</wf>
      </sentence>
      <sentence id="d000.s2370" source="wordnet-dutch">
         <wf lemma="de" pos="X">de</wf>
         <wf lemma="sportjournalistiek" pos="X">sportjournalistiek</wf>
         <wf lemma="gaat" pos="X">gaat</wf>
         <wf lemma="tegen" pos="X">tegen</wf>
         <wf lemma="de" pos="X">de</wf>
         <wf lemma="voetbalbond" pos="X">voetbalbond</wf>
         <wf lemma="in" pos="X">in</wf>
         <wf lemma="het" pos="X">het</wf>
         <instance id="d000.s2370.t000" lemma="tegenoffensief" pos="NOUN">tegenoffensief</instance>
         <wf lemma="." pos="X">.</wf>
      </sentence>
      <sentence id="d000.s2371" source="wordnet-dutch">
         <wf lemma="de" pos="X">de</wf>
         <wf lemma="auto" pos="X">auto</wf>
         <wf lemma="voor" pos="X">voor</wf>
         <wf lemma="mij" pos="X">mij</wf>
         <instance id="d000.s2371.t000" lemma="remmen" pos="VERB">remde</instance>
         <wf lemma="bruusk" pos="X">bruusk</wf>
         <wf lemma="," pos="X">,</wf>
         <wf lemma="waardoor" pos="X">waardoor</wf>
         <wf lemma="ik" pos="X">ik</wf>
         <wf lemma="plotseling" pos="X">plotseling</wf>
         <wf lemma="voor" pos="X">voor</wf>
         <wf lemma="hem" pos="X">hem</wf>
         <wf lemma="moest" pos="X">moest</wf>
         <wf lemma="uitwijken" pos="X">uitwijken</wf>
         <wf lemma="." pos="X">.</wf>
      </sentence>
      <sentence id="d000.s2372" source="wordnet-dutch">
         <wf lemma="na" pos="X">na</wf>
         <wf lemma="een" pos="X">een</wf>
         <wf lemma="wekenlange" pos="X">wekenlange</wf>
         <wf lemma="strijd" pos="X">strijd</wf>
         <wf lemma="moest" pos="X">moest</wf>
         <wf lemma="België" pos="X">België</wf>
         <wf lemma="toch" pos="X">toch</wf>
         <instance id="d000.s2372.t000" lemma="capituleren" pos="VERB">capituleren</instance>
         <wf lemma="." pos="X">.</wf>
      </sentence>
      <sentence id="d000.s2373" source="wordnet-dutch">
         <wf lemma="let" pos="X">let</wf>
         <wf lemma="niet" pos="X">niet</wf>
         <wf lemma="op" pos="X">op</wf>
         <wf lemma="mij" pos="X">mij</wf>
         <wf lemma="," pos="X">,</wf>
         <wf lemma="ik" pos="X">ik</wf>
         <instance id="d000.s2373.t000" lemma="lummelen" pos="VERB">lummel</instance>
         <wf lemma="hier" pos="X">hier</wf>
         <wf lemma="maar" pos="X">maar</wf>
         <wf lemma="wat" pos="X">wat</wf>
         <wf lemma="rond" pos="X">rond</wf>
         <wf lemma="." pos="X">.</wf>
      </sentence>
      <sentence id="d000.s2374" source="wordnet-dutch">
         <wf lemma="zij" pos="X">zij</wf>
         <wf lemma="is" pos="X">is</wf>
         <wf lemma="met" pos="X">met</wf>
         <wf lemma="haar" pos="X">haar</wf>
         <wf lemma="hoofd" pos="X">hoofd</wf>
         <wf lemma="tegen" pos="X">tegen</wf>
         <wf lemma="de" pos="X">de</wf>
         <wf lemma="deurpost" pos="X">deurpost</wf>
         <instance id="d000.s2374.t000" lemma="aankomen" pos="VERB">aangekomen</instance>
         <wf lemma="." pos="X">.</wf>
      </sentence>
      <sentence id="d000.s2375" source="wordnet-dutch">
         <wf lemma="iedereen" pos="X">iedereen</wf>
         <wf lemma="verscheen" pos="X">verscheen</wf>
         <wf lemma="in" pos="X">in</wf>
         <instance id="d000.s2375.t000" lemma="avondkleding" pos="NOUN">avondkleding</instance>
         <wf lemma="op" pos="X">op</wf>
         <wf lemma="de" pos="X">de</wf>
         <wf lemma="party" pos="X">party</wf>
         <wf lemma="." pos="X">.</wf>
      </sentence>
      <sentence id="d000.s2376" source="wordnet-dutch">
         <wf lemma="dat" pos="X">dat</wf>
         <instance id="d000.s2376.t000" lemma="komen" pos="VERB">komt</instance>
         <wf lemma="al" pos="X">al</wf>
         <wf lemma="gauw" pos="X">gauw</wf>
         <wf lemma="op" pos="X">op</wf>
         <wf lemma="vijftien" pos="X">vijftien</wf>
         <wf lemma="euro" pos="X">euro</wf>
         <wf lemma="per" pos="X">per</wf>
         <wf lemma="wiel" pos="X">wiel</wf>
         <wf lemma="." pos="X">.</wf>
      </sentence>
      <sentence id="d000.s2377" source="wordnet-dutch">
         <wf lemma="De" pos="X">De</wf>
         <instance id="d000.s2377.t000" lemma="ladder" pos="NOUN">ladder</instance>
         <wf lemma="bestaat" pos="X">bestaat</wf>
         <wf lemma="uit" pos="X">uit</wf>
         <wf lemma="8" pos="X">8</wf>
         <wf lemma="tonen" pos="X">tonen</wf>
         <wf lemma="." pos="X">.</wf>
      </sentence>
      <sentence id="d000.s2378" source="wordnet-dutch">
         <wf lemma="in" pos="X">in</wf>
         <wf lemma="de" pos="X">de</wf>
         <wf lemma="jaren" pos="X">jaren</wf>
         <wf lemma="dertig" pos="X">dertig</wf>
         <instance id="d000.s2378.t000" lemma="fulmineren" pos="VERB">fulmineerde</instance>
         <wf lemma="de" pos="X">de</wf>
         <wf lemma="pastoor" pos="X">pastoor</wf>
         <wf lemma="tegen" pos="X">tegen</wf>
         <wf lemma="naaktzwemmen" pos="X">naaktzwemmen</wf>
         <wf lemma="." pos="X">.</wf>
      </sentence>
      <sentence id="d000.s2379" source="wordnet-dutch">
         <wf lemma="De" pos="X">De</wf>
         <wf lemma="oude" pos="X">oude</wf>
         <instance id="d000.s2379.t000" lemma="kern" pos="NOUN">kern</instance>
         <wf lemma="van" pos="X">van</wf>
         <wf lemma="IJsselstein" pos="X">IJsselstein</wf>
         <wf lemma="ligt" pos="X">ligt</wf>
         <wf lemma="op" pos="X">op</wf>
         <wf lemma="de" pos="X">de</wf>
         <wf lemma="westoever" pos="X">westoever</wf>
         <wf lemma="." pos="X">.</wf>
      </sentence>
      <sentence id="d000.s2380" source="wordnet-dutch">
         <wf lemma="Het" pos="X">Het</wf>
         <wf lemma="gaat" pos="X">gaat</wf>
         <wf lemma="fout" pos="X">fout</wf>
         <wf lemma="in" pos="X">in</wf>
         <wf lemma="een" pos="X">een</wf>
         <instance id="d000.s2380.t000" lemma="modulus" pos="NOUN">modulus</instance>
         <wf lemma="die" pos="X">die</wf>
         <wf lemma="wordt" pos="X">wordt</wf>
         <wf lemma="aangeroepen" pos="X">aangeroepen</wf>
         <wf lemma="vanuit" pos="X">vanuit</wf>
         <wf lemma="het" pos="X">het</wf>
         <wf lemma="computerprogramma" pos="X">computerprogramma</wf>
         <wf lemma="." pos="X">.</wf>
      </sentence>
      <sentence id="d000.s2381" source="wordnet-dutch">
         <wf lemma="filosofische" pos="X">filosofische</wf>
         <instance id="d000.s2381.t000" lemma="beschouwing" pos="NOUN">beschouwingen</instance>
         <wf lemma="over" pos="X">over</wf>
         <wf lemma="de" pos="X">de</wf>
         <wf lemma="zin" pos="X">zin</wf>
         <wf lemma="van" pos="X">van</wf>
         <wf lemma="het" pos="X">het</wf>
         <wf lemma="bestaan" pos="X">bestaan</wf>
         <wf lemma="." pos="X">.</wf>
      </sentence>
      <sentence id="d000.s2382" source="wordnet-dutch">
         <wf lemma="de" pos="X">de</wf>
         <wf lemma="film" pos="X">film</wf>
         <instance id="d000.s2382.t000" lemma="eindigen" pos="VERB">eindigde</instance>
         <wf lemma="prachtig" pos="X">prachtig</wf>
         <wf lemma="." pos="X">.</wf>
      </sentence>
      <sentence id="d000.s2383" source="wordnet-dutch">
         <wf lemma="de" pos="X">de</wf>
         <wf lemma="ouders" pos="X">ouders</wf>
         <wf lemma="konden" pos="X">konden</wf>
         <wf lemma="geen" pos="X">geen</wf>
         <wf lemma="begrip" pos="X">begrip</wf>
         <wf lemma="opbrengen" pos="X">opbrengen</wf>
         <wf lemma="voor" pos="X">voor</wf>
         <wf lemma="hun" pos="X">hun</wf>
         <wf lemma="zoon" pos="X">zoon</wf>
         <wf lemma="en" pos="X">en</wf>
         <wf lemma="ze" pos="X">ze</wf>
         <instance id="d000.s2383.t000" lemma="onterven" pos="VERB">onterfden</instance>
         <wf lemma="hem" pos="X">hem</wf>
         <wf lemma="derhalve" pos="X">derhalve</wf>
         <wf lemma="." pos="X">.</wf>
      </sentence>
      <sentence id="d000.s2384" source="wordnet-dutch">
         <wf lemma="ik" pos="X">ik</wf>
         <instance id="d000.s2384.t000" lemma="verdragen" pos="VERB">verdraag</instance>
         <wf lemma="zo" pos="X">zo</wf>
         <wf lemma="veel" pos="X">veel</wf>
         <wf lemma="lawaai" pos="X">lawaai</wf>
         <wf lemma="niet" pos="X">niet</wf>
         <wf lemma="meer" pos="X">meer</wf>
         <wf lemma="." pos="X">.</wf>
      </sentence>
      <sentence id="d000.s2385" source="wordnet-dutch">
         <wf lemma="Wegens" pos="X">Wegens</wf>
         <instance id="d000.s2385.t000" lemma="annulering" pos="NOUN">annulering</instance>
         <wf lemma="is" pos="X">is</wf>
         <wf lemma="er" pos="X">er</wf>
         <wf lemma="in" pos="X">in</wf>
         <wf lemma="de" pos="X">de</wf>
         <wf lemma="kerstperiode" pos="X">kerstperiode</wf>
         <wf lemma="nog" pos="X">nog</wf>
         <wf lemma="één" pos="X">één</wf>
         <wf lemma="vakantiehuisje" pos="X">vakantiehuisje</wf>
         <wf lemma="te" pos="X">te</wf>
         <wf lemma="boeken" pos="X">boeken</wf>
         <wf lemma="." pos="X">.</wf>
      </sentence>
      <sentence id="d000.s2386" source="wordnet-dutch">
         <wf lemma="ik" pos="X">ik</wf>
         <wf lemma="zal" pos="X">zal</wf>
         <wf lemma="de" pos="X">de</wf>
         <wf lemma="paarden" pos="X">paarden</wf>
         <wf lemma="alvast" pos="X">alvast</wf>
         <instance id="d000.s2386.t000" lemma="inspannen" pos="VERB">inspannen</instance>
         <wf lemma="." pos="X">.</wf>
      </sentence>
      <sentence id="d000.s2387" source="wordnet-dutch">
         <wf lemma="Willem" pos="X">Willem</wf>
         <wf lemma="Lodewijk" pos="X">Lodewijk</wf>
         <wf lemma="was" pos="X">was</wf>
         <instance id="d000.s2387.t000" lemma="stadhouder" pos="NOUN">stadhouder</instance>
         <wf lemma="van" pos="X">van</wf>
         <wf lemma="de" pos="X">de</wf>
         <wf lemma="drie" pos="X">drie</wf>
         <wf lemma="noordelijke" pos="X">noordelijke</wf>
         <wf lemma="provincies" pos="X">provincies</wf>
         <wf lemma="." pos="X">.</wf>
      </sentence>
      <sentence id="d000.s2388" source="wordnet-dutch">
         <wf lemma="we" pos="X">we</wf>
         <wf lemma="hebben" pos="X">hebben</wf>
         <wf lemma="de" pos="X">de</wf>
         <wf lemma="wedstrijd" pos="X">wedstrijd</wf>
         <wf lemma="vooral" pos="X">vooral</wf>
         <wf lemma="door" pos="X">door</wf>
         <wf lemma="fouten" pos="X">fouten</wf>
         <wf lemma="in" pos="X">in</wf>
         <wf lemma="de" pos="X">de</wf>
         <instance id="d000.s2388.t000" lemma="achterhoede" pos="NOUN">achterhoede</instance>
         <wf lemma="verloren" pos="X">verloren</wf>
         <wf lemma="." pos="X">.</wf>
      </sentence>
      <sentence id="d000.s2389" source="wordnet-dutch">
         <wf lemma="palmzondag" pos="X">palmzondag</wf>
         <wf lemma="is" pos="X">is</wf>
         <wf lemma="de" pos="X">de</wf>
         <wf lemma="dag" pos="X">dag</wf>
         <wf lemma="waarop" pos="X">waarop</wf>
         <wf lemma="Christus" pos="X">Christus</wf>
         <wf lemma="volgens" pos="X">volgens</wf>
         <wf lemma="de" pos="X">de</wf>
         <wf lemma="bijbel" pos="X">bijbel</wf>
         <wf lemma="zijn" pos="X">zijn</wf>
         <instance id="d000.s2389.t000" lemma="intocht" pos="NOUN">intocht</instance>
         <wf lemma="hield" pos="X">hield</wf>
         <wf lemma="in" pos="X">in</wf>
         <wf lemma="Jeruzalem" pos="X">Jeruzalem</wf>
         <wf lemma="." pos="X">.</wf>
      </sentence>
      <sentence id="d000.s2390" source="wordnet-dutch">
         <wf lemma="bij" pos="X">bij</wf>
         <wf lemma="gelijke" pos="X">gelijke</wf>
         <instance id="d000.s2390.t000" lemma="geschiktheid" pos="NOUN">geschiktheid</instance>
         <wf lemma="wordt" pos="X">wordt</wf>
         <wf lemma="voorrang" pos="X">voorrang</wf>
         <wf lemma="gegeven" pos="X">gegeven</wf>
         <wf lemma="aan" pos="X">aan</wf>
         <wf lemma="een" pos="X">een</wf>
         <wf lemma="vrouw" pos="X">vrouw</wf>
         <wf lemma="." pos="X">.</wf>
      </sentence>
      <sentence id="d000.s2391" source="wordnet-dutch">
         <wf lemma="volgens" pos="X">volgens</wf>
         <wf lemma="het" pos="X">het</wf>
         <instance id="d000.s2391.t000" lemma="huurcontract" pos="NOUN">huurcontract</instance>
         <wf lemma="betalen" pos="X">betalen</wf>
         <wf lemma="we" pos="X">we</wf>
         <wf lemma="ook" pos="X">ook</wf>
         <wf lemma="voor" pos="X">voor</wf>
         <wf lemma="het" pos="X">het</wf>
         <wf lemma="onderhoud" pos="X">onderhoud</wf>
         <wf lemma="van" pos="X">van</wf>
         <wf lemma="de" pos="X">de</wf>
         <wf lemma="trap" pos="X">trap</wf>
         <wf lemma="en" pos="X">en</wf>
         <wf lemma="galerij" pos="X">galerij</wf>
         <wf lemma="." pos="X">.</wf>
      </sentence>
      <sentence id="d000.s2392" source="wordnet-dutch">
         <wf lemma="het" pos="X">het</wf>
         <wf lemma="boek" pos="X">boek</wf>
         <wf lemma="draagt" pos="X">draagt</wf>
         <wf lemma="de" pos="X">de</wf>
         <instance id="d000.s2392.t000" lemma="titel" pos="NOUN">titel</instance>
         <wf lemma="'" pos="X">'</wf>
         <wf lemma="Op" pos="X">Op</wf>
         <wf lemma="weg" pos="X">weg</wf>
         <wf lemma="naar" pos="X">naar</wf>
         <wf lemma="het" pos="X">het</wf>
         <wf lemma="einde" pos="X">einde</wf>
         <wf lemma="'" pos="X">'</wf>
         <wf lemma="." pos="X">.</wf>
      </sentence>
      <sentence id="d000.s2393" source="wordnet-dutch">
         <wf lemma="de" pos="X">de</wf>
         <wf lemma="president" pos="X">president</wf>
         <wf lemma="werd" pos="X">werd</wf>
         <wf lemma="warm" pos="X">warm</wf>
         <instance id="d000.s2393.t000" lemma="onthalen" pos="VERB">onthaald</instance>
         <wf lemma="in" pos="X">in</wf>
         <wf lemma="Nederland" pos="X">Nederland</wf>
         <wf lemma="." pos="X">.</wf>
      </sentence>
      <sentence id="d000.s2394" source="wordnet-dutch">
         <wf lemma="een" pos="X">een</wf>
         <instance id="d000.s2394.t000" lemma="klodder" pos="NOUN">klodder</instance>
         <wf lemma="verf" pos="X">verf</wf>
         <wf lemma="valt" pos="X">valt</wf>
         <wf lemma="van" pos="X">van</wf>
         <wf lemma="de" pos="X">de</wf>
         <wf lemma="kwast" pos="X">kwast</wf>
         <wf lemma="." pos="X">.</wf>
      </sentence>
      <sentence id="d000.s2395" source="wordnet-dutch">
         <wf lemma="bij" pos="X">bij</wf>
         <wf lemma="het" pos="X">het</wf>
         <wf lemma="ongeluk" pos="X">ongeluk</wf>
         <wf lemma="sloegen" pos="X">sloegen</wf>
         <wf lemma="twee" pos="X">twee</wf>
         <wf lemma="wagens" pos="X">wagens</wf>
         <wf lemma="over" pos="X">over</wf>
         <wf lemma="de" pos="X">de</wf>
         <instance id="d000.s2395.t000" lemma="kop" pos="NOUN">kop</instance>
         <wf lemma="." pos="X">.</wf>
      </sentence>
      <sentence id="d000.s2396" source="wordnet-dutch">
         <wf lemma="niemand" pos="X">niemand</wf>
         <wf lemma="denkt" pos="X">denkt</wf>
         <wf lemma="dat" pos="X">dat</wf>
         <wf lemma="de" pos="X">de</wf>
         <wf lemma="koersen" pos="X">koersen</wf>
         <wf lemma="het" pos="X">het</wf>
         <wf lemma="komende" pos="X">komende</wf>
         <instance id="d000.s2396.t000" lemma="halfjaar" pos="NOUN">halfjaar</instance>
         <wf lemma="zullen" pos="X">zullen</wf>
         <wf lemma="dalen" pos="X">dalen</wf>
         <wf lemma="." pos="X">.</wf>
      </sentence>
      <sentence id="d000.s2397" source="wordnet-dutch">
         <wf lemma="een" pos="X">een</wf>
         <wf lemma="woord" pos="X">woord</wf>
         <wf lemma="in" pos="X">in</wf>
         <wf lemma="eigenlijke/figuurlijke" pos="X">eigenlijke/figuurlijke</wf>
         <instance id="d000.s2397.t000" lemma="zin" pos="NOUN">zin</instance>
         <wf lemma="opvatten" pos="X">opvatten</wf>
         <wf lemma="." pos="X">.</wf>
      </sentence>
      <sentence id="d000.s2398" source="wordnet-dutch">
         <wf lemma="onder" pos="X">onder</wf>
         <wf lemma="zijn" pos="X">zijn</wf>
         <wf lemma="bekwame" pos="X">bekwame</wf>
         <instance id="d000.s2398.t000" lemma="leiding" pos="NOUN">leiding</instance>
         <wf lemma="." pos="X">.</wf>
      </sentence>
      <sentence id="d000.s2399" source="wordnet-dutch">
         <wf lemma="op" pos="X">op</wf>
         <wf lemma="een" pos="X">een</wf>
         <wf lemma="school" pos="X">school</wf>
         <wf lemma="in" pos="X">in</wf>
         <wf lemma="Zeeland" pos="X">Zeeland</wf>
         <wf lemma="is" pos="X">is</wf>
         <instance id="d000.s2399.t000" lemma="tb" pos="NOUN">tb</instance>
         <wf lemma="geconstateerd" pos="X">geconstateerd</wf>
         <wf lemma="." pos="X">.</wf>
      </sentence>
      <sentence id="d000.s2400" source="wordnet-dutch">
         <instance id="d000.s2400.t000" lemma="kunnen" pos="VERB">kan</instance>
         <wf lemma="jij" pos="X">jij</wf>
         <wf lemma="al" pos="X">al</wf>
         <wf lemma="lezen" pos="X">lezen</wf>
         <wf lemma="?" pos="X">?</wf>
      </sentence>
      <sentence id="d000.s2401" source="wordnet-dutch">
         <wf lemma="deze" pos="X">deze</wf>
         <wf lemma="maatregel" pos="X">maatregel</wf>
         <wf lemma="heeft" pos="X">heeft</wf>
         <wf lemma="niet" pos="X">niet</wf>
         <wf lemma="de" pos="X">de</wf>
         <wf lemma="ommekeer" pos="X">ommekeer</wf>
         <instance id="d000.s2401.t000" lemma="teweegbrengen" pos="VERB">teweeggebracht</instance>
         <wf lemma="waarop" pos="X">waarop</wf>
         <wf lemma="we" pos="X">we</wf>
         <wf lemma="gehoopt" pos="X">gehoopt</wf>
         <wf lemma="hadden" pos="X">hadden</wf>
         <wf lemma="." pos="X">.</wf>
      </sentence>
      <sentence id="d000.s2402" source="wordnet-dutch">
         <wf lemma="in" pos="X">in</wf>
         <wf lemma="zijn" pos="X">zijn</wf>
         <wf lemma="val" pos="X">val</wf>
         <wf lemma="sleepte" pos="X">sleepte</wf>
         <wf lemma="hij" pos="X">hij</wf>
         <wf lemma="een" pos="X">een</wf>
         <wf lemma="vrouw" pos="X">vrouw</wf>
         <wf lemma="mee" pos="X">mee</wf>
         <wf lemma="uit" pos="X">uit</wf>
         <wf lemma="een" pos="X">een</wf>
         <wf lemma="raam" pos="X">raam</wf>
         <wf lemma="," pos="X">,</wf>
         <wf lemma="een" pos="X">een</wf>
         <instance id="d000.s2402.t000" lemma="verdieping" pos="NOUN">verdieping</instance>
         <wf lemma="lager" pos="X">lager</wf>
         <wf lemma="." pos="X">.</wf>
      </sentence>
      <sentence id="d000.s2403" source="wordnet-dutch">
         <wf lemma="de" pos="X">de</wf>
         <wf lemma="stakingen" pos="X">stakingen</wf>
         <wf lemma="lopen" pos="X">lopen</wf>
         <wf lemma="volgens" pos="X">volgens</wf>
         <wf lemma="hetzelfde" pos="X">hetzelfde</wf>
         <instance id="d000.s2403.t000" lemma="patroon" pos="NOUN">patroon</instance>
         <wf lemma="als" pos="X">als</wf>
         <wf lemma="de" pos="X">de</wf>
         <wf lemma="vorige" pos="X">vorige</wf>
         <wf lemma="keer" pos="X">keer</wf>
         <wf lemma="." pos="X">.</wf>
      </sentence>
      <sentence id="d000.s2404" source="wordnet-dutch">
         <wf lemma="aan" pos="X">aan</wf>
         <wf lemma="elke" pos="X">elke</wf>
         <wf lemma="tak" pos="X">tak</wf>
         <wf lemma="leek" pos="X">leek</wf>
         <wf lemma="een" pos="X">een</wf>
         <wf lemma="aap" pos="X">aap</wf>
         <wf lemma="te" pos="X">te</wf>
         <instance id="d000.s2404.t000" lemma="slingeren" pos="VERB">slingeren</instance>
         <wf lemma="." pos="X">.</wf>
      </sentence>
      <sentence id="d000.s2405" source="wordnet-dutch">
         <wf lemma="de" pos="X">de</wf>
         <wf lemma="versnelde" pos="X">versnelde</wf>
         <wf lemma="dijkverhoging" pos="X">dijkverhoging</wf>
         <wf lemma="drukt" pos="X">drukt</wf>
         <wf lemma="als" pos="X">als</wf>
         <wf lemma="een" pos="X">een</wf>
         <instance id="d000.s2405.t000" lemma="schadepost" pos="NOUN">schadepost</instance>
         <wf lemma="op" pos="X">op</wf>
         <wf lemma="de" pos="X">de</wf>
         <wf lemma="begroting" pos="X">begroting</wf>
         <wf lemma="." pos="X">.</wf>
      </sentence>
      <sentence id="d000.s2406" source="wordnet-dutch">
         <wf lemma="wat" pos="X">wat</wf>
         <wf lemma="is" pos="X">is</wf>
         <wf lemma="er" pos="X">er</wf>
         <wf lemma="met" pos="X">met</wf>
         <wf lemma="jou" pos="X">jou</wf>
         <instance id="d000.s2406.t000" lemma="gebeuren" pos="VERB">gebeurd</instance>
         <wf lemma="?" pos="X">?</wf>
      </sentence>
      <sentence id="d000.s2407" source="wordnet-dutch">
         <wf lemma="in" pos="X">in</wf>
         <wf lemma="zijn" pos="X">zijn</wf>
         <wf lemma="diensttijd" pos="X">diensttijd</wf>
         <wf lemma="raakt" pos="X">raakt</wf>
         <wf lemma="hij" pos="X">hij</wf>
         <wf lemma="behoorlijk" pos="X">behoorlijk</wf>
         <instance id="d000.s2407.t000" lemma="afstompen" pos="VERB">afgestompt</instance>
         <wf lemma="." pos="X">.</wf>
      </sentence>
      <sentence id="d000.s2408" source="wordnet-dutch">
         <wf lemma="op" pos="X">op</wf>
         <wf lemma="die" pos="X">die</wf>
         <wf lemma="leeftijd" pos="X">leeftijd</wf>
         <instance id="d000.s2408.t000" lemma="koesteren" pos="VERB">koesterde</instance>
         <wf lemma="ik" pos="X">ik</wf>
         <wf lemma="nog" pos="X">nog</wf>
         <wf lemma="hoge" pos="X">hoge</wf>
         <wf lemma="verwachtingen" pos="X">verwachtingen</wf>
         <wf lemma="voor" pos="X">voor</wf>
         <wf lemma="de" pos="X">de</wf>
         <wf lemma="toekomst" pos="X">toekomst</wf>
         <wf lemma="." pos="X">.</wf>
      </sentence>
      <sentence id="d000.s2409" source="wordnet-dutch">
         <wf lemma="ze" pos="X">ze</wf>
         <wf lemma="hebben" pos="X">hebben</wf>
         <wf lemma="haar" pos="X">haar</wf>
         <wf lemma="diep" pos="X">diep</wf>
         <instance id="d000.s2409.t000" lemma="grieven" pos="VERB">gegriefd</instance>
         <wf lemma="door" pos="X">door</wf>
         <wf lemma="haar" pos="X">haar</wf>
         <wf lemma="van" pos="X">van</wf>
         <wf lemma="die" pos="X">die</wf>
         <wf lemma="daad" pos="X">daad</wf>
         <wf lemma="te" pos="X">te</wf>
         <wf lemma="verdenken" pos="X">verdenken</wf>
         <wf lemma="." pos="X">.</wf>
      </sentence>
      <sentence id="d000.s2410" source="wordnet-dutch">
         <wf lemma="marktkooplui" pos="X">marktkooplui</wf>
         <wf lemma="staan" pos="X">staan</wf>
         <wf lemma="al" pos="X">al</wf>
         <wf lemma="vanaf" pos="X">vanaf</wf>
         <wf lemma="zeven" pos="X">zeven</wf>
         <wf lemma="uur" pos="X">uur</wf>
         <wf lemma="'s" pos="X">'s</wf>
         <wf lemma="morgens" pos="X">morgens</wf>
         <wf lemma="te" pos="X">te</wf>
         <instance id="d000.s2410.t000" lemma="blauwbekken" pos="VERB">blauwbekken</instance>
         <wf lemma="achter" pos="X">achter</wf>
         <wf lemma="hun" pos="X">hun</wf>
         <wf lemma="kraam" pos="X">kraam</wf>
         <wf lemma="." pos="X">.</wf>
      </sentence>
      <sentence id="d000.s2411" source="wordnet-dutch">
         <wf lemma="twee" pos="X">twee</wf>
         <wf lemma="jaar" pos="X">jaar</wf>
         <wf lemma="geleden" pos="X">geleden</wf>
         <wf lemma="heeft" pos="X">heeft</wf>
         <wf lemma="ze" pos="X">ze</wf>
         <wf lemma="een" pos="X">een</wf>
         <instance id="d000.s2411.t000" lemma="hartaanval" pos="NOUN">hartaanval</instance>
         <wf lemma="gehad" pos="X">gehad</wf>
         <wf lemma="." pos="X">.</wf>
      </sentence>
      <sentence id="d000.s2412" source="wordnet-dutch">
         <wf lemma="Vitesse" pos="X">Vitesse</wf>
         <wf lemma="is" pos="X">is</wf>
         <wf lemma="voortdurend" pos="X">voortdurend</wf>
         <wf lemma="in" pos="X">in</wf>
         <wf lemma="de" pos="X">de</wf>
         <instance id="d000.s2412.t000" lemma="aanval" pos="NOUN">aanval</instance>
         <wf lemma="." pos="X">.</wf>
      </sentence>
      <sentence id="d000.s2413" source="wordnet-dutch">
         <wf lemma="zij" pos="X">zij</wf>
         <wf lemma="doet" pos="X">doet</wf>
         <wf lemma="alles" pos="X">alles</wf>
         <wf lemma="met" pos="X">met</wf>
         <instance id="d000.s2413.t000" lemma="zwier" pos="NOUN">zwier</instance>
         <wf lemma="." pos="X">.</wf>
      </sentence>
      <sentence id="d000.s2414" source="wordnet-dutch">
         <wf lemma="de" pos="X">de</wf>
         <instance id="d000.s2414.t000" lemma="betoging" pos="NOUN">betoging</instance>
         <wf lemma="tegen" pos="X">tegen</wf>
         <wf lemma="de" pos="X">de</wf>
         <wf lemma="bezuinigingen" pos="X">bezuinigingen</wf>
         <wf lemma="op" pos="X">op</wf>
         <wf lemma="onderwijs" pos="X">onderwijs</wf>
         <wf lemma="." pos="X">.</wf>
      </sentence>
      <sentence id="d000.s2415" source="wordnet-dutch">
         <wf lemma="nu" pos="X">nu</wf>
         <wf lemma="ik" pos="X">ik</wf>
         <wf lemma="zo" pos="X">zo</wf>
         <instance id="d000.s2415.t000" lemma="terugkijken" pos="VERB">terugkijk</instance>
         <wf lemma="op" pos="X">op</wf>
         <wf lemma="die" pos="X">die</wf>
         <wf lemma="gebeurtenis" pos="X">gebeurtenis</wf>
         <wf lemma="schaam" pos="X">schaam</wf>
         <wf lemma="ik" pos="X">ik</wf>
         <wf lemma="me" pos="X">me</wf>
         <wf lemma="dood" pos="X">dood</wf>
         <wf lemma="." pos="X">.</wf>
      </sentence>
      <sentence id="d000.s2416" source="wordnet-dutch">
         <wf lemma="sterke" pos="X">sterke</wf>
         <wf lemma="prijsdalingen" pos="X">prijsdalingen</wf>
         <wf lemma="hebben" pos="X">hebben</wf>
         <wf lemma="de" pos="X">de</wf>
         <wf lemma="markt" pos="X">markt</wf>
         <wf lemma="negatief" pos="X">negatief</wf>
         <instance id="d000.s2416.t000" lemma="beïnvloeden" pos="VERB">beïnvloed</instance>
         <wf lemma="." pos="X">.</wf>
      </sentence>
      <sentence id="d000.s2417" source="wordnet-dutch">
         <wf lemma="dieren" pos="X">dieren</wf>
         <wf lemma="die" pos="X">die</wf>
         <wf lemma="in" pos="X">in</wf>
         <wf lemma="het" pos="X">het</wf>
         <wf lemma="water" pos="X">water</wf>
         <wf lemma="en" pos="X">en</wf>
         <wf lemma="op" pos="X">op</wf>
         <wf lemma="het" pos="X">het</wf>
         <instance id="d000.s2417.t000" lemma="land" pos="NOUN">land</instance>
         <wf lemma="leven" pos="X">leven</wf>
         <wf lemma="." pos="X">.</wf>
      </sentence>
      <sentence id="d000.s2418" source="wordnet-dutch">
         <wf lemma="de" pos="X">de</wf>
         <wf lemma="wekker" pos="X">wekker</wf>
         <wf lemma="loopt" pos="X">loopt</wf>
         <wf lemma="op" pos="X">op</wf>
         <instance id="d000.s2418.t000" lemma="batterij" pos="NOUN">batterijen</instance>
         <wf lemma="." pos="X">.</wf>
      </sentence>
      <sentence id="d000.s2419" source="wordnet-dutch">
         <wf lemma="een" pos="X">een</wf>
         <wf lemma="arts" pos="X">arts</wf>
         <wf lemma="die" pos="X">die</wf>
         <instance id="d000.s2419.t000" lemma="euthanasie" pos="NOUN">euthanasie</instance>
         <wf lemma="pleegt" pos="X">pleegt</wf>
         <wf lemma="is" pos="X">is</wf>
         <wf lemma="strafbaar" pos="X">strafbaar</wf>
         <wf lemma="." pos="X">.</wf>
      </sentence>
      <sentence id="d000.s2420" source="wordnet-dutch">
         <wf lemma="die" pos="X">die</wf>
         <wf lemma="informatie" pos="X">informatie</wf>
         <wf lemma="kunnen" pos="X">kunnen</wf>
         <wf lemma="we" pos="X">we</wf>
         <wf lemma="tamelijk" pos="X">tamelijk</wf>
         <wf lemma="gemakkelijk" pos="X">gemakkelijk</wf>
         <wf lemma="en" pos="X">en</wf>
         <wf lemma="snel" pos="X">snel</wf>
         <instance id="d000.s2420.t000" lemma="natrekken" pos="VERB">natrekken</instance>
         <wf lemma="." pos="X">.</wf>
      </sentence>
      <sentence id="d000.s2421" source="wordnet-dutch">
         <wf lemma="de" pos="X">de</wf>
         <wf lemma="bariton" pos="X">bariton</wf>
         <wf lemma="zong" pos="X">zong</wf>
         <wf lemma="zijn" pos="X">zijn</wf>
         <instance id="d000.s2421.t000" lemma="partij" pos="NOUN">partij</instance>
         <wf lemma="vol" pos="X">vol</wf>
         <wf lemma="overgave" pos="X">overgave</wf>
         <wf lemma="." pos="X">.</wf>
      </sentence>
      <sentence id="d000.s2422" source="wordnet-dutch">
         <wf lemma="moeder" pos="X">moeder</wf>
         <wf lemma="is" pos="X">is</wf>
         <wf lemma="de" pos="X">de</wf>
         <wf lemma="centrale" pos="X">centrale</wf>
         <instance id="d000.s2422.t000" lemma="figuur" pos="NOUN">figuur</instance>
         <wf lemma="in" pos="X">in</wf>
         <wf lemma="huis" pos="X">huis</wf>
         <wf lemma="." pos="X">.</wf>
      </sentence>
      <sentence id="d000.s2423" source="wordnet-dutch">
         <wf lemma="met" pos="X">met</wf>
         <wf lemma="een" pos="X">een</wf>
         <wf lemma="hard" pos="X">hard</wf>
         <wf lemma="schot" pos="X">schot</wf>
         <wf lemma="passeert" pos="X">passeert</wf>
         <wf lemma="hij" pos="X">hij</wf>
         <wf lemma="de" pos="X">de</wf>
         <instance id="d000.s2423.t000" lemma="doelman" pos="NOUN">doelman</instance>
         <wf lemma="." pos="X">.</wf>
      </sentence>
      <sentence id="d000.s2424" source="wordnet-dutch">
         <wf lemma="je" pos="X">je</wf>
         <wf lemma="mag" pos="X">mag</wf>
         <wf lemma="niet" pos="X">niet</wf>
         <wf lemma="al" pos="X">al</wf>
         <wf lemma="te" pos="X">te</wf>
         <wf lemma="letterlijk" pos="X">letterlijk</wf>
         <instance id="d000.s2424.t000" lemma="opvatten" pos="VERB">opvatten</instance>
         <wf lemma="wat" pos="X">wat</wf>
         <wf lemma="hij" pos="X">hij</wf>
         <wf lemma="daar" pos="X">daar</wf>
         <wf lemma="geschreven" pos="X">geschreven</wf>
         <wf lemma="heeft" pos="X">heeft</wf>
         <wf lemma="." pos="X">.</wf>
      </sentence>
      <sentence id="d000.s2425" source="wordnet-dutch">
         <wf lemma="bij" pos="X">bij</wf>
         <wf lemma="het" pos="X">het</wf>
         <wf lemma="leger" pos="X">leger</wf>
         <wf lemma="zullen" pos="X">zullen</wf>
         <wf lemma="ze" pos="X">ze</wf>
         <wf lemma="hem" pos="X">hem</wf>
         <wf lemma="wel" pos="X">wel</wf>
         <instance id="d000.s2425.t000" lemma="kleinkrijgen" pos="VERB">kleinkrijgen</instance>
         <wf lemma="." pos="X">.</wf>
      </sentence>
      <sentence id="d000.s2426" source="wordnet-dutch">
         <wf lemma="de" pos="X">de</wf>
         <wf lemma="vogel" pos="X">vogel</wf>
         <instance id="d000.s2426.t000" lemma="pikken" pos="VERB">pikte</instance>
         <wf lemma="in" pos="X">in</wf>
         <wf lemma="de" pos="X">de</wf>
         <wf lemma="appel" pos="X">appel</wf>
         <wf lemma="." pos="X">.</wf>
      </sentence>
      <sentence id="d000.s2427" source="wordnet-dutch">
         <wf lemma="Die" pos="X">Die</wf>
         <wf lemma="schoenen" pos="X">schoenen</wf>
         <instance id="d000.s2427.t000" lemma="wringen" pos="VERB">wringen</instance>
         <wf lemma="." pos="X">.</wf>
      </sentence>
      <sentence id="d000.s2428" source="wordnet-dutch">
         <wf lemma="de" pos="X">de</wf>
         <wf lemma="kroonprins" pos="X">kroonprins</wf>
         <wf lemma="nam" pos="X">nam</wf>
         <wf lemma="de" pos="X">de</wf>
         <instance id="d000.s2428.t000" lemma="parade" pos="NOUN">parade</instance>
         <wf lemma="af" pos="X">af</wf>
         <wf lemma="." pos="X">.</wf>
      </sentence>
      <sentence id="d000.s2429" source="wordnet-dutch">
         <wf lemma="voor" pos="X">voor</wf>
         <wf lemma="deze" pos="X">deze</wf>
         <wf lemma="daad" pos="X">daad</wf>
         <instance id="d000.s2429.t000" lemma="riskeren" pos="VERB">riskeren</instance>
         <wf lemma="ze" pos="X">ze</wf>
         <wf lemma="een" pos="X">een</wf>
         <wf lemma="gevangenisstraf" pos="X">gevangenisstraf</wf>
         <wf lemma="." pos="X">.</wf>
      </sentence>
      <sentence id="d000.s2430" source="wordnet-dutch">
         <wf lemma="het" pos="X">het</wf>
         <wf lemma="verlenen" pos="X">verlenen</wf>
         <wf lemma="van" pos="X">van</wf>
         <wf lemma="een" pos="X">een</wf>
         <wf lemma="boorvergunning" pos="X">boorvergunning</wf>
         <instance id="d000.s2430.t000" lemma="betekenen" pos="VERB">betekent</instance>
         <wf lemma="werk" pos="X">werk</wf>
         <wf lemma="voor" pos="X">voor</wf>
         <wf lemma="twaalfhonderd" pos="X">twaalfhonderd</wf>
         <wf lemma="mensen" pos="X">mensen</wf>
         <wf lemma="." pos="X">.</wf>
      </sentence>
      <sentence id="d000.s2431" source="wordnet-dutch">
         <wf lemma="het" pos="X">het</wf>
         <wf lemma="nieuwe" pos="X">nieuwe</wf>
         <wf lemma="pretpark" pos="X">pretpark</wf>
         <wf lemma="biedt" pos="X">biedt</wf>
         <wf lemma="veel" pos="X">veel</wf>
         <instance id="d000.s2431.t000" lemma="vertier" pos="NOUN">vertier</instance>
         <wf lemma="voor" pos="X">voor</wf>
         <wf lemma="jong" pos="X">jong</wf>
         <wf lemma="en" pos="X">en</wf>
         <wf lemma="oud" pos="X">oud</wf>
         <wf lemma="." pos="X">.</wf>
      </sentence>
      <sentence id="d000.s2432" source="wordnet-dutch">
         <wf lemma="het" pos="X">het</wf>
         <wf lemma="beeld" pos="X">beeld</wf>
         <wf lemma="dat" pos="X">dat</wf>
         <wf lemma="nu" pos="X">nu</wf>
         <wf lemma="voor" pos="X">voor</wf>
         <wf lemma="hem" pos="X">hem</wf>
         <instance id="d000.s2432.t000" lemma="opdoemen" pos="VERB">opdoemt</instance>
         <wf lemma="is" pos="X">is</wf>
         <wf lemma="dat" pos="X">dat</wf>
         <wf lemma="hij" pos="X">hij</wf>
         <wf lemma="in" pos="X">in</wf>
         <wf lemma="de" pos="X">de</wf>
         <wf lemma="komende" pos="X">komende</wf>
         <wf lemma="jaren" pos="X">jaren</wf>
         <wf lemma="de" pos="X">de</wf>
         <wf lemma="strijd" pos="X">strijd</wf>
         <wf lemma="helemaal" pos="X">helemaal</wf>
         <wf lemma="alleen" pos="X">alleen</wf>
         <wf lemma="zal" pos="X">zal</wf>
         <wf lemma="moeten" pos="X">moeten</wf>
         <wf lemma="voeren" pos="X">voeren</wf>
         <wf lemma="." pos="X">.</wf>
      </sentence>
      <sentence id="d000.s2433" source="wordnet-dutch">
         <wf lemma="uit" pos="X">uit</wf>
         <wf lemma="afval" pos="X">afval</wf>
         <wf lemma="van" pos="X">van</wf>
         <wf lemma="fotochemicaliën" pos="X">fotochemicaliën</wf>
         <wf lemma="kan" pos="X">kan</wf>
         <wf lemma="zuiver" pos="X">zuiver</wf>
         <wf lemma="zilver" pos="X">zilver</wf>
         <wf lemma="worden" pos="X">worden</wf>
         <instance id="d000.s2433.t000" lemma="terugwinnen" pos="VERB">teruggewonnen</instance>
         <wf lemma="." pos="X">.</wf>
      </sentence>
      <sentence id="d000.s2434" source="wordnet-dutch">
         <wf lemma="het" pos="X">het</wf>
         <wf lemma="ongeluk" pos="X">ongeluk</wf>
         <wf lemma="in" pos="X">in</wf>
         <wf lemma="Brussel" pos="X">Brussel</wf>
         <wf lemma="heeft" pos="X">heeft</wf>
         <wf lemma="het" pos="X">het</wf>
         <wf lemma="treinverkeer" pos="X">treinverkeer</wf>
         <wf lemma="helemaal" pos="X">helemaal</wf>
         <instance id="d000.s2434.t000" lemma="ontwrichten" pos="VERB">ontwricht</instance>
         <wf lemma="." pos="X">.</wf>
      </sentence>
      <sentence id="d000.s2435" source="wordnet-dutch">
         <wf lemma="de" pos="X">de</wf>
         <wf lemma="borden" pos="X">borden</wf>
         <wf lemma="en" pos="X">en</wf>
         <wf lemma="kopjes" pos="X">kopjes</wf>
         <instance id="d000.s2435.t000" lemma="zweven" pos="VERB">zweefden</instance>
         <wf lemma="door" pos="X">door</wf>
         <wf lemma="de" pos="X">de</wf>
         <wf lemma="kamer" pos="X">kamer</wf>
         <wf lemma="." pos="X">.</wf>
      </sentence>
      <sentence id="d000.s2436" source="wordnet-dutch">
         <wf lemma="men" pos="X">men</wf>
         <instance id="d000.s2436.t000" lemma="behoren" pos="VERB">behoort</instance>
         <wf lemma="niet" pos="X">niet</wf>
         <wf lemma="in" pos="X">in</wf>
         <wf lemma="de" pos="X">de</wf>
         <wf lemma="neus" pos="X">neus</wf>
         <wf lemma="te" pos="X">te</wf>
         <wf lemma="peuteren" pos="X">peuteren</wf>
         <wf lemma="." pos="X">.</wf>
      </sentence>
      <sentence id="d000.s2437" source="wordnet-dutch">
         <wf lemma="een" pos="X">een</wf>
         <wf lemma="grote" pos="X">grote</wf>
         <wf lemma="karper" pos="X">karper</wf>
         <wf lemma="sloeg" pos="X">sloeg</wf>
         <wf lemma="een" pos="X">een</wf>
         <instance id="d000.s2437.t000" lemma="kolk" pos="NOUN">kolk</instance>
         <wf lemma="en" pos="X">en</wf>
         <wf lemma="weg" pos="X">weg</wf>
         <wf lemma="was" pos="X">was</wf>
         <wf lemma="de" pos="X">de</wf>
         <wf lemma="broodkorst" pos="X">broodkorst</wf>
         <wf lemma="." pos="X">.</wf>
      </sentence>
      <sentence id="d000.s2438" source="wordnet-dutch">
         <wf lemma="het" pos="X">het</wf>
         <wf lemma="ensemble" pos="X">ensemble</wf>
         <instance id="d000.s2438.t000" lemma="vertolken" pos="VERB">vertolkte</instance>
         <wf lemma="twee" pos="X">twee</wf>
         <wf lemma="cantates" pos="X">cantates</wf>
         <wf lemma="van" pos="X">van</wf>
         <wf lemma="J.S." pos="X">J.S.</wf>
         <wf lemma="Bach" pos="X">Bach</wf>
         <wf lemma="." pos="X">.</wf>
      </sentence>
      <sentence id="d000.s2439" source="wordnet-dutch">
         <wf lemma="Afvalstoffen" pos="X">Afvalstoffen</wf>
         <instance id="d000.s2439.t000" lemma="drijven" pos="VERB">drijven</instance>
         <wf lemma="naar" pos="X">naar</wf>
         <wf lemma="zee" pos="X">zee</wf>
         <wf lemma="." pos="X">.</wf>
      </sentence>
      <sentence id="d000.s2440" source="wordnet-dutch">
         <wf lemma="de" pos="X">de</wf>
         <wf lemma="toeristen" pos="X">toeristen</wf>
         <instance id="d000.s2440.t000" lemma="groeperen" pos="VERB">groepeerden</instance>
         <wf lemma="zich" pos="X">zich</wf>
         <wf lemma="rond" pos="X">rond</wf>
         <wf lemma="de" pos="X">de</wf>
         <wf lemma="gids" pos="X">gids</wf>
         <wf lemma="." pos="X">.</wf>
      </sentence>
      <sentence id="d000.s2441" source="wordnet-dutch">
         <wf lemma="hij" pos="X">hij</wf>
         <instance id="d000.s2441.t000" lemma="doorzien" pos="VERB">doorzag</instance>
         <wf lemma="mijn" pos="X">mijn</wf>
         <wf lemma="bedoelingen" pos="X">bedoelingen</wf>
         <wf lemma="onmiddellijk" pos="X">onmiddellijk</wf>
         <wf lemma="." pos="X">.</wf>
      </sentence>
      <sentence id="d000.s2442" source="wordnet-dutch">
         <wf lemma="als" pos="X">als</wf>
         <wf lemma="je" pos="X">je</wf>
         <wf lemma="eenmaal" pos="X">eenmaal</wf>
         <wf lemma="een" pos="X">een</wf>
         <wf lemma="staafmixer" pos="X">staafmixer</wf>
         <wf lemma="gewend" pos="X">gewend</wf>
         <wf lemma="bent" pos="X">bent</wf>
         <wf lemma="," pos="X">,</wf>
         <instance id="d000.s2442.t000" lemma="kunnen" pos="VERB">kun</instance>
         <wf lemma="je" pos="X">je</wf>
         <wf lemma="er" pos="X">er</wf>
         <wf lemma="niet" pos="X">niet</wf>
         <wf lemma="meer" pos="X">meer</wf>
         <wf lemma="buiten" pos="X">buiten</wf>
         <wf lemma="." pos="X">.</wf>
      </sentence>
      <sentence id="d000.s2443" source="wordnet-dutch">
         <wf lemma="Antigone" pos="X">Antigone</wf>
         <wf lemma="is" pos="X">is</wf>
         <wf lemma="een" pos="X">een</wf>
         <wf lemma="klassiek" pos="X">klassiek</wf>
         <instance id="d000.s2443.t000" lemma="drama" pos="NOUN">drama</instance>
         <wf lemma="," pos="X">,</wf>
         <wf lemma="geschreven" pos="X">geschreven</wf>
         <wf lemma="door" pos="X">door</wf>
         <wf lemma="Sophocles" pos="X">Sophocles</wf>
         <wf lemma="." pos="X">.</wf>
      </sentence>
      <sentence id="d000.s2444" source="wordnet-dutch">
         <wf lemma="de" pos="X">de</wf>
         <wf lemma="slachtoffers" pos="X">slachtoffers</wf>
         <wf lemma="vielen" pos="X">vielen</wf>
         <wf lemma="toen" pos="X">toen</wf>
         <wf lemma="er" pos="X">er</wf>
         <wf lemma="paniek" pos="X">paniek</wf>
         <instance id="d000.s2444.t000" lemma="uitbreken" pos="VERB">uitbrak</instance>
         <wf lemma="bij" pos="X">bij</wf>
         <wf lemma="de" pos="X">de</wf>
         <wf lemma="ingang" pos="X">ingang</wf>
         <wf lemma="." pos="X">.</wf>
      </sentence>
      <sentence id="d000.s2445" source="wordnet-dutch">
         <wf lemma="men" pos="X">men</wf>
         <wf lemma="heeft" pos="X">heeft</wf>
         <wf lemma="deze" pos="X">deze</wf>
         <wf lemma="vereniging" pos="X">vereniging</wf>
         <wf lemma="aan" pos="X">aan</wf>
         <wf lemma="de" pos="X">de</wf>
         <wf lemma="overheid" pos="X">overheid</wf>
         <instance id="d000.s2445.t000" lemma="liëren" pos="VERB">gelieerd</instance>
         <wf lemma="." pos="X">.</wf>
      </sentence>
      <sentence id="d000.s2446" source="wordnet-dutch">
         <wf lemma="in" pos="X">in</wf>
         <wf lemma="dit" pos="X">dit</wf>
         <wf lemma="nieuwbouwproject" pos="X">nieuwbouwproject</wf>
         <wf lemma="willen" pos="X">willen</wf>
         <wf lemma="we" pos="X">we</wf>
         <wf lemma="veel" pos="X">veel</wf>
         <wf lemma="speelmogelijkheden" pos="X">speelmogelijkheden</wf>
         <wf lemma="voor" pos="X">voor</wf>
         <wf lemma="kinderen" pos="X">kinderen</wf>
         <instance id="d000.s2446.t000" lemma="creëren" pos="VERB">creëren</instance>
         <wf lemma="." pos="X">.</wf>
      </sentence>
      <sentence id="d000.s2447" source="wordnet-dutch">
         <wf lemma="we" pos="X">we</wf>
         <wf lemma="serveren" pos="X">serveren</wf>
         <wf lemma="zowel" pos="X">zowel</wf>
         <wf lemma="Indische" pos="X">Indische</wf>
         <wf lemma="als" pos="X">als</wf>
         <wf lemma="Chinese" pos="X">Chinese</wf>
         <instance id="d000.s2447.t000" lemma="schotel" pos="NOUN">schotels</instance>
         <wf lemma="." pos="X">.</wf>
      </sentence>
      <sentence id="d000.s2448" source="wordnet-dutch">
         <wf lemma="voor" pos="X">voor</wf>
         <wf lemma="het" pos="X">het</wf>
         <instance id="d000.s2448.t000" lemma="leven" pos="NOUN">leven</instance>
         <wf lemma="benoemd" pos="X">benoemd</wf>
         <wf lemma="." pos="X">.</wf>
      </sentence>
      <sentence id="d000.s2449" source="wordnet-dutch">
         <wf lemma="de" pos="X">de</wf>
         <wf lemma="meeste" pos="X">meeste</wf>
         <wf lemma="van" pos="X">van</wf>
         <wf lemma="deze" pos="X">deze</wf>
         <wf lemma="besmettelijke" pos="X">besmettelijke</wf>
         <wf lemma="ziektes" pos="X">ziektes</wf>
         <wf lemma="komen" pos="X">komen</wf>
         <wf lemma="voor" pos="X">voor</wf>
         <wf lemma="in" pos="X">in</wf>
         <wf lemma="de" pos="X">de</wf>
         <instance id="d000.s2449.t000" lemma="troop" pos="NOUN">tropen</instance>
         <wf lemma="." pos="X">.</wf>
      </sentence>
      <sentence id="d000.s2450" source="wordnet-dutch">
         <wf lemma="de" pos="X">de</wf>
         <wf lemma="ontevreden" pos="X">ontevreden</wf>
         <wf lemma="arbeiders" pos="X">arbeiders</wf>
         <wf lemma="hebben" pos="X">hebben</wf>
         <wf lemma="inmiddels" pos="X">inmiddels</wf>
         <wf lemma="de" pos="X">de</wf>
         <wf lemma="fabriek" pos="X">fabriek</wf>
         <instance id="d000.s2450.t000" lemma="bezetten" pos="VERB">bezet</instance>
         <wf lemma="." pos="X">.</wf>
      </sentence>
      <sentence id="d000.s2451" source="wordnet-dutch">
         <wf lemma="Amerika" pos="X">Amerika</wf>
         <wf lemma="is" pos="X">is</wf>
         <wf lemma="een" pos="X">een</wf>
         <wf lemma="van" pos="X">van</wf>
         <wf lemma="de" pos="X">de</wf>
         <wf lemma="grote" pos="X">grote</wf>
         <instance id="d000.s2451.t000" lemma="mogendheid" pos="NOUN">mogendheden</instance>
         <wf lemma="." pos="X">.</wf>
      </sentence>
      <sentence id="d000.s2452" source="wordnet-dutch">
         <wf lemma="de" pos="X">de</wf>
         <wf lemma="vijandelijke" pos="X">vijandelijke</wf>
         <wf lemma="troepen" pos="X">troepen</wf>
         <wf lemma="werden" pos="X">werden</wf>
         <wf lemma="vandaag" pos="X">vandaag</wf>
         <wf lemma="nog" pos="X">nog</wf>
         <wf lemma="verder" pos="X">verder</wf>
         <instance id="d000.s2452.t000" lemma="terugdrijven" pos="VERB">teruggedreven</instance>
         <wf lemma="." pos="X">.</wf>
      </sentence>
      <sentence id="d000.s2453" source="wordnet-dutch">
         <wf lemma="de" pos="X">de</wf>
         <wf lemma="juf" pos="X">juf</wf>
         <wf lemma="was" pos="X">was</wf>
         <wf lemma="vandaag" pos="X">vandaag</wf>
         <wf lemma="in" pos="X">in</wf>
         <wf lemma="een" pos="X">een</wf>
         <wf lemma="goede" pos="X">goede</wf>
         <instance id="d000.s2453.t000" lemma="bui" pos="NOUN">bui</instance>
         <wf lemma="." pos="X">.</wf>
      </sentence>
      <sentence id="d000.s2454" source="wordnet-dutch">
         <wf lemma="een" pos="X">een</wf>
         <wf lemma="lamp" pos="X">lamp</wf>
         <wf lemma="met" pos="X">met</wf>
         <wf lemma="een" pos="X">een</wf>
         <wf lemma="laag" pos="X">laag</wf>
         <instance id="d000.s2454.t000" lemma="wattage" pos="NOUN">wattage</instance>
         <wf lemma="." pos="X">.</wf>
      </sentence>
      <sentence id="d000.s2455" source="wordnet-dutch">
         <wf lemma="ik" pos="X">ik</wf>
         <wf lemma="ontving" pos="X">ontving</wf>
         <wf lemma="nog" pos="X">nog</wf>
         <wf lemma="een" pos="X">een</wf>
         <wf lemma="lang" pos="X">lang</wf>
         <instance id="d000.s2455.t000" lemma="epistel" pos="NOUN">epistel</instance>
         <wf lemma="van" pos="X">van</wf>
         <wf lemma="onze" pos="X">onze</wf>
         <wf lemma="goede" pos="X">goede</wf>
         <wf lemma="vriend" pos="X">vriend</wf>
         <wf lemma="F." pos="X">F.</wf>
      </sentence>
      <sentence id="d000.s2456" source="wordnet-dutch">
         <wf lemma="Een" pos="X">Een</wf>
         <wf lemma="wet" pos="X">wet</wf>
         <instance id="d000.s2456.t000" lemma="passeren" pos="VERB">passeren</instance>
         <wf lemma="kan" pos="X">kan</wf>
         <wf lemma="jaren" pos="X">jaren</wf>
         <wf lemma="duren" pos="X">duren</wf>
         <wf lemma="." pos="X">.</wf>
      </sentence>
      <sentence id="d000.s2457" source="wordnet-dutch">
         <wf lemma="hij" pos="X">hij</wf>
         <wf lemma="verwacht" pos="X">verwacht</wf>
         <wf lemma="dat" pos="X">dat</wf>
         <wf lemma="de" pos="X">de</wf>
         <wf lemma="markt/handel" pos="X">markt/handel</wf>
         <wf lemma="vanaf" pos="X">vanaf</wf>
         <wf lemma="1995" pos="X">1995</wf>
         <wf lemma="weer" pos="X">weer</wf>
         <wf lemma="zal" pos="X">zal</wf>
         <instance id="d000.s2457.t000" lemma="opleven" pos="VERB">opleven</instance>
         <wf lemma="." pos="X">.</wf>
      </sentence>
      <sentence id="d000.s2458" source="wordnet-dutch">
         <wf lemma="ik" pos="X">ik</wf>
         <instance id="d000.s2458.t000" lemma="overdrijven" pos="VERB">overdrijf</instance>
         <wf lemma="niet" pos="X">niet</wf>
         <wf lemma="als" pos="X">als</wf>
         <wf lemma="ik" pos="X">ik</wf>
         <wf lemma="zeg" pos="X">zeg</wf>
         <wf lemma="dat" pos="X">dat</wf>
         <wf lemma="er" pos="X">er</wf>
         <wf lemma="wel" pos="X">wel</wf>
         <wf lemma="duizend" pos="X">duizend</wf>
         <wf lemma="man" pos="X">man</wf>
         <wf lemma="aanwezig" pos="X">aanwezig</wf>
         <wf lemma="waren" pos="X">waren</wf>
         <wf lemma="." pos="X">.</wf>
      </sentence>
      <sentence id="d000.s2459" source="wordnet-dutch">
         <wf lemma="vertaalfouten" pos="X">vertaalfouten</wf>
         <wf lemma="kunnen" pos="X">kunnen</wf>
         <wf lemma="funeste" pos="X">funeste</wf>
         <instance id="d000.s2459.t000" lemma="gevolg" pos="NOUN">gevolgen</instance>
         <wf lemma="hebben" pos="X">hebben</wf>
         <wf lemma="." pos="X">.</wf>
      </sentence>
      <sentence id="d000.s2460" source="wordnet-dutch">
         <wf lemma="een" pos="X">een</wf>
         <wf lemma="dergelijke" pos="X">dergelijke</wf>
         <wf lemma="uitgave" pos="X">uitgave</wf>
         <wf lemma="legt" pos="X">legt</wf>
         <wf lemma="een" pos="X">een</wf>
         <wf lemma="zware" pos="X">zware</wf>
         <instance id="d000.s2460.t000" lemma="claim" pos="NOUN">claim</instance>
         <wf lemma="op" pos="X">op</wf>
         <wf lemma="het" pos="X">het</wf>
         <wf lemma="ministerie" pos="X">ministerie</wf>
         <wf lemma="." pos="X">.</wf>
      </sentence>
      <sentence id="d000.s2461" source="wordnet-dutch">
         <wf lemma="het" pos="X">het</wf>
         <wf lemma="verkopen" pos="X">verkopen</wf>
         <wf lemma="van" pos="X">van</wf>
         <wf lemma="posters" pos="X">posters</wf>
         <wf lemma="is" pos="X">is</wf>
         <wf lemma="een" pos="X">een</wf>
         <wf lemma="ware" pos="X">ware</wf>
         <instance id="d000.s2461.t000" lemma="goudmijn" pos="NOUN">goudmijn</instance>
         <wf lemma="geworden" pos="X">geworden</wf>
         <wf lemma="." pos="X">.</wf>
      </sentence>
      <sentence id="d000.s2462" source="wordnet-dutch">
         <wf lemma="het" pos="X">het</wf>
         <wf lemma="terrein" pos="X">terrein</wf>
         <instance id="d000.s2462.t000" lemma="beslaan" pos="VERB">besloeg</instance>
         <wf lemma="ongeveer" pos="X">ongeveer</wf>
         <wf lemma="200" pos="X">200</wf>
         <wf lemma="hectaren" pos="X">hectaren</wf>
         <wf lemma="." pos="X">.</wf>
      </sentence>
      <sentence id="d000.s2463" source="wordnet-dutch">
         <wf lemma="die" pos="X">die</wf>
         <wf lemma="gebeurtenis" pos="X">gebeurtenis</wf>
         <wf lemma="vormt" pos="X">vormt</wf>
         <wf lemma="de" pos="X">de</wf>
         <instance id="d000.s2463.t000" lemma="afronding" pos="NOUN">afronding</instance>
         <wf lemma="van" pos="X">van</wf>
         <wf lemma="de" pos="X">de</wf>
         <wf lemma="tweede" pos="X">tweede</wf>
         <wf lemma="fase" pos="X">fase</wf>
         <wf lemma="van" pos="X">van</wf>
         <wf lemma="het" pos="X">het</wf>
         <wf lemma="project" pos="X">project</wf>
         <wf lemma="." pos="X">.</wf>
      </sentence>
      <sentence id="d000.s2464" source="wordnet-dutch">
         <wf lemma="het" pos="X">het</wf>
         <wf lemma="nieuws" pos="X">nieuws</wf>
         <wf lemma="kwam" pos="X">kwam</wf>
         <wf lemma="als" pos="X">als</wf>
         <wf lemma="een" pos="X">een</wf>
         <wf lemma="enorme" pos="X">enorme</wf>
         <instance id="d000.s2464.t000" lemma="schok" pos="NOUN">schok</instance>
         <wf lemma="." pos="X">.</wf>
      </sentence>
      <sentence id="d000.s2465" source="wordnet-dutch">
         <wf lemma="zij" pos="X">zij</wf>
         <wf lemma="bezoeken" pos="X">bezoeken</wf>
         <wf lemma="een" pos="X">een</wf>
         <wf lemma="therapeut" pos="X">therapeut</wf>
         <wf lemma="omdat" pos="X">omdat</wf>
         <wf lemma="ze" pos="X">ze</wf>
         <wf lemma="nooit" pos="X">nooit</wf>
         <wf lemma="een" pos="X">een</wf>
         <wf lemma="seksueel" pos="X">seksueel</wf>
         <instance id="d000.s2465.t000" lemma="hoogtepunt" pos="NOUN">hoogtepunt</instance>
         <wf lemma="kunnen" pos="X">kunnen</wf>
         <wf lemma="bereiken" pos="X">bereiken</wf>
         <wf lemma="." pos="X">.</wf>
      </sentence>
      <sentence id="d000.s2466" source="wordnet-dutch">
         <wf lemma="De" pos="X">De</wf>
         <instance id="d000.s2466.t000" lemma="stem" pos="NOUN">stem</instance>
         <wf lemma="is" pos="X">is</wf>
         <wf lemma="een" pos="X">een</wf>
         <wf lemma="belangrijk" pos="X">belangrijk</wf>
         <wf lemma="evolutie" pos="X">evolutie</wf>
         <wf lemma="moment" pos="X">moment</wf>
         <wf lemma="voor" pos="X">voor</wf>
         <wf lemma="de" pos="X">de</wf>
         <wf lemma="mens" pos="X">mens</wf>
         <wf lemma="." pos="X">.</wf>
      </sentence>
      <sentence id="d000.s2467" source="wordnet-dutch">
         <wf lemma="zij" pos="X">zij</wf>
         <wf lemma="kunnen" pos="X">kunnen</wf>
         <wf lemma="met" pos="X">met</wf>
         <wf lemma="moeite" pos="X">moeite</wf>
         <wf lemma="financieel" pos="X">financieel</wf>
         <instance id="d000.s2467.t000" lemma="rondkomen" pos="VERB">rondkomen</instance>
         <wf lemma="." pos="X">.</wf>
      </sentence>
      <sentence id="d000.s2468" source="wordnet-dutch">
         <wf lemma="er" pos="X">er</wf>
         <wf lemma="wordt" pos="X">wordt</wf>
         <wf lemma="teveel" pos="X">teveel</wf>
         <instance id="d000.s2468.t000" lemma="cfk" pos="NOUN">cfk</instance>
         <wf lemma="uitgestoten" pos="X">uitgestoten</wf>
         <wf lemma="." pos="X">.</wf>
      </sentence>
      <sentence id="d000.s2469" source="wordnet-dutch">
         <wf lemma="hij" pos="X">hij</wf>
         <wf lemma="kon" pos="X">kon</wf>
         <wf lemma="zich" pos="X">zich</wf>
         <instance id="d000.s2469.t000" lemma="verblijden" pos="VERB">verblijden</instance>
         <wf lemma="over" pos="X">over</wf>
         <wf lemma="zijn" pos="X">zijn</wf>
         <wf lemma="derde" pos="X">derde</wf>
         <wf lemma="overwinning" pos="X">overwinning</wf>
         <wf lemma="op" pos="X">op</wf>
         <wf lemma="rij" pos="X">rij</wf>
         <wf lemma="." pos="X">.</wf>
      </sentence>
      <sentence id="d000.s2470" source="wordnet-dutch">
         <wf lemma="het" pos="X">het</wf>
         <wf lemma="leegstaande" pos="X">leegstaande</wf>
         <wf lemma="pand" pos="X">pand</wf>
         <wf lemma="is" pos="X">is</wf>
         <wf lemma="gisteren" pos="X">gisteren</wf>
         <wf lemma="eindelijk" pos="X">eindelijk</wf>
         <instance id="d000.s2470.t000" lemma="kraken" pos="VERB">gekraakt</instance>
         <wf lemma="." pos="X">.</wf>
      </sentence>
      <sentence id="d000.s2471" source="wordnet-dutch">
         <wf lemma="terwijl" pos="X">terwijl</wf>
         <wf lemma="wij" pos="X">wij</wf>
         <wf lemma="aan" pos="X">aan</wf>
         <wf lemma="het" pos="X">het</wf>
         <wf lemma="zwoegen" pos="X">zwoegen</wf>
         <wf lemma="waren" pos="X">waren</wf>
         <wf lemma="lag" pos="X">lag</wf>
         <wf lemma="hij" pos="X">hij</wf>
         <wf lemma="rustig" pos="X">rustig</wf>
         <wf lemma="te" pos="X">te</wf>
         <instance id="d000.s2471.t000" lemma="maffen" pos="VERB">maffen</instance>
         <wf lemma="." pos="X">.</wf>
      </sentence>
      <sentence id="d000.s2472" source="wordnet-dutch">
         <wf lemma="hij" pos="X">hij</wf>
         <wf lemma="gebruikte" pos="X">gebruikte</wf>
         <wf lemma="houten" pos="X">houten</wf>
         <wf lemma="planken" pos="X">planken</wf>
         <wf lemma="ter" pos="X">ter</wf>
         <instance id="d000.s2472.t000" lemma="versteviging" pos="NOUN">versteviging</instance>
         <wf lemma="van" pos="X">van</wf>
         <wf lemma="de" pos="X">de</wf>
         <wf lemma="kast" pos="X">kast</wf>
         <wf lemma="." pos="X">.</wf>
      </sentence>
      <sentence id="d000.s2473" source="wordnet-dutch">
         <wf lemma="sommige" pos="X">sommige</wf>
         <wf lemma="virussen" pos="X">virussen</wf>
         <wf lemma="hebben" pos="X">hebben</wf>
         <wf lemma="een" pos="X">een</wf>
         <wf lemma="lange" pos="X">lange</wf>
         <instance id="d000.s2473.t000" lemma="incubatietijd" pos="NOUN">incubatietijd</instance>
         <wf lemma="." pos="X">.</wf>
      </sentence>
      <sentence id="d000.s2474" source="wordnet-dutch">
         <wf lemma="in" pos="X">in</wf>
         <wf lemma="de" pos="X">de</wf>
         <wf lemma="zesde" pos="X">zesde</wf>
         <instance id="d000.s2474.t000" lemma="klas" pos="NOUN">klas</instance>
         <wf lemma="krijgen" pos="X">krijgen</wf>
         <wf lemma="we" pos="X">we</wf>
         <wf lemma="scheikunde" pos="X">scheikunde</wf>
         <wf lemma="van" pos="X">van</wf>
         <wf lemma="Jansen" pos="X">Jansen</wf>
         <wf lemma="." pos="X">.</wf>
      </sentence>
      <sentence id="d000.s2475" source="wordnet-dutch">
         <wf lemma="uit" pos="X">uit</wf>
         <instance id="d000.s2475.t000" lemma="schaamte" pos="NOUN">schaamte</instance>
         <wf lemma="kloppen" pos="X">kloppen</wf>
         <wf lemma="de" pos="X">de</wf>
         <wf lemma="mensen" pos="X">mensen</wf>
         <wf lemma="vaak" pos="X">vaak</wf>
         <wf lemma="niet" pos="X">niet</wf>
         <wf lemma="voor" pos="X">voor</wf>
         <wf lemma="hulp" pos="X">hulp</wf>
         <wf lemma="aan" pos="X">aan</wf>
         <wf lemma="." pos="X">.</wf>
      </sentence>
      <sentence id="d000.s2476" source="wordnet-dutch">
         <wf lemma="Op" pos="X">Op</wf>
         <wf lemma="hoeveel" pos="X">hoeveel</wf>
         <wf lemma="verschillende" pos="X">verschillende</wf>
         <wf lemma="manieren" pos="X">manieren</wf>
         <wf lemma="kun" pos="X">kun</wf>
         <wf lemma="je" pos="X">je</wf>
         <wf lemma="een" pos="X">een</wf>
         <instance id="d000.s2476.t000" lemma="vlak" pos="NOUN">vlak</instance>
         <wf lemma="betegelen" pos="X">betegelen</wf>
         <wf lemma="?" pos="X">?</wf>
      </sentence>
      <sentence id="d000.s2477" source="wordnet-dutch">
         <wf lemma="ze" pos="X">ze</wf>
         <wf lemma="stond" pos="X">stond</wf>
         <wf lemma="nu" pos="X">nu</wf>
         <wf lemma="al" pos="X">al</wf>
         <wf lemma="een" pos="X">een</wf>
         <wf lemma="half" pos="X">half</wf>
         <wf lemma="uur" pos="X">uur</wf>
         <wf lemma="met" pos="X">met</wf>
         <wf lemma="het" pos="X">het</wf>
         <wf lemma="reservewiel" pos="X">reservewiel</wf>
         <wf lemma="te" pos="X">te</wf>
         <instance id="d000.s2477.t000" lemma="schutteren" pos="VERB">schutteren</instance>
         <wf lemma="." pos="X">.</wf>
      </sentence>
      <sentence id="d000.s2478" source="wordnet-dutch">
         <wf lemma="RTL-4" pos="X">RTL-4</wf>
         <wf lemma="ontvangen" pos="X">ontvangen</wf>
         <wf lemma="wij" pos="X">wij</wf>
         <wf lemma="op" pos="X">op</wf>
         <wf lemma="de" pos="X">de</wf>
         <instance id="d000.s2478.t000" lemma="schotel" pos="NOUN">schotel</instance>
         <wf lemma="." pos="X">.</wf>
      </sentence>
      <sentence id="d000.s2479" source="wordnet-dutch">
         <wf lemma="ook" pos="X">ook</wf>
         <wf lemma="enkele" pos="X">enkele</wf>
         <wf lemma="bekende" pos="X">bekende</wf>
         <wf lemma="wetenschappers" pos="X">wetenschappers</wf>
         <instance id="d000.s2479.t000" lemma="verlenen" pos="VERB">verleenden</instance>
         <wf lemma="hun" pos="X">hun</wf>
         <wf lemma="medewerking" pos="X">medewerking</wf>
         <wf lemma="aan" pos="X">aan</wf>
         <wf lemma="dat" pos="X">dat</wf>
         <wf lemma="project" pos="X">project</wf>
         <wf lemma="." pos="X">.</wf>
      </sentence>
      <sentence id="d000.s2480" source="wordnet-dutch">
         <wf lemma="men" pos="X">men</wf>
         <wf lemma="dient" pos="X">dient</wf>
         <wf lemma="zich" pos="X">zich</wf>
         <wf lemma="in" pos="X">in</wf>
         <wf lemma="Nederland" pos="X">Nederland</wf>
         <wf lemma="aan" pos="X">aan</wf>
         <wf lemma="de" pos="X">de</wf>
         <wf lemma="wet" pos="X">wet</wf>
         <wf lemma="te" pos="X">te</wf>
         <instance id="d000.s2480.t000" lemma="conformeren" pos="VERB">conformeren</instance>
         <wf lemma="." pos="X">.</wf>
      </sentence>
      <sentence id="d000.s2481" source="wordnet-dutch">
         <wf lemma="tot" pos="X">tot</wf>
         <instance id="d000.s2481.t000" lemma="slot" pos="NOUN">slot</instance>
         <wf lemma="wil" pos="X">wil</wf>
         <wf lemma="ik" pos="X">ik</wf>
         <wf lemma="nog" pos="X">nog</wf>
         <wf lemma="het" pos="X">het</wf>
         <wf lemma="volgende" pos="X">volgende</wf>
         <wf lemma="opmerken" pos="X">opmerken</wf>
         <wf lemma="." pos="X">.</wf>
      </sentence>
      <sentence id="d000.s2482" source="wordnet-dutch">
         <wf lemma="je" pos="X">je</wf>
         <wf lemma="moet" pos="X">moet</wf>
         <wf lemma="wat" pos="X">wat</wf>
         <wf lemma="meer" pos="X">meer</wf>
         <instance id="d000.s2482.t000" lemma="variatie" pos="NOUN">variatie</instance>
         <wf lemma="in" pos="X">in</wf>
         <wf lemma="je" pos="X">je</wf>
         <wf lemma="eetpatroon" pos="X">eetpatroon</wf>
         <wf lemma="brengen" pos="X">brengen</wf>
         <wf lemma="." pos="X">.</wf>
      </sentence>
      <sentence id="d000.s2483" source="wordnet-dutch">
         <wf lemma="Voor" pos="X">Voor</wf>
         <wf lemma="klachten" pos="X">klachten</wf>
         <wf lemma="moet" pos="X">moet</wf>
         <wf lemma="u" pos="X">u</wf>
         <wf lemma="bij" pos="X">bij</wf>
         <wf lemma="een" pos="X">een</wf>
         <wf lemma="andere" pos="X">andere</wf>
         <instance id="d000.s2483.t000" lemma="divisie" pos="NOUN">divisie</instance>
         <wf lemma="zijn" pos="X">zijn</wf>
         <wf lemma="van" pos="X">van</wf>
         <wf lemma="het" pos="X">het</wf>
         <wf lemma="bedrijf" pos="X">bedrijf</wf>
         <wf lemma="." pos="X">.</wf>
      </sentence>
      <sentence id="d000.s2484" source="wordnet-dutch">
         <wf lemma="De" pos="X">De</wf>
         <instance id="d000.s2484.t000" lemma="slager" pos="NOUN">slager</instance>
         <wf lemma="slacht" pos="X">slacht</wf>
         <wf lemma="het" pos="X">het</wf>
         <wf lemma="dier" pos="X">dier</wf>
         <wf lemma="snel" pos="X">snel</wf>
         <wf lemma="." pos="X">.</wf>
      </sentence>
      <sentence id="d000.s2485" source="wordnet-dutch">
         <wf lemma="De" pos="X">De</wf>
         <instance id="d000.s2485.t000" lemma="zekerheid" pos="NOUN">zekerheid</instance>
         <wf lemma="in" pos="X">in</wf>
         <wf lemma="zijn" pos="X">zijn</wf>
         <wf lemma="optreden" pos="X">optreden</wf>
         <wf lemma="verraad" pos="X">verraad</wf>
         <wf lemma="een" pos="X">een</wf>
         <wf lemma="groot" pos="X">groot</wf>
         <wf lemma="zelfvertrouwen" pos="X">zelfvertrouwen</wf>
         <wf lemma="." pos="X">.</wf>
      </sentence>
      <sentence id="d000.s2486" source="wordnet-dutch">
         <wf lemma="zij" pos="X">zij</wf>
         <wf lemma="liepen" pos="X">liepen</wf>
         <instance id="d000.s2486.t000" lemma="arm" pos="NOUN">arm</instance>
         <wf lemma="in" pos="X">in</wf>
         <wf lemma="arm." pos="X">arm.</wf>
      </sentence>
      <sentence id="d000.s2487" source="wordnet-dutch">
         <wf lemma="naar" pos="X">naar</wf>
         <wf lemma="verluidt" pos="X">verluidt</wf>
         <wf lemma="is" pos="X">is</wf>
         <wf lemma="ook" pos="X">ook</wf>
         <wf lemma="onze" pos="X">onze</wf>
         <wf lemma="kroonprins" pos="X">kroonprins</wf>
         <wf lemma="bij" pos="X">bij</wf>
         <wf lemma="dit" pos="X">dit</wf>
         <instance id="d000.s2487.t000" lemma="schandaal" pos="NOUN">schandaal</instance>
         <wf lemma="betrokken" pos="X">betrokken</wf>
         <wf lemma="." pos="X">.</wf>
      </sentence>
      <sentence id="d000.s2488" source="wordnet-dutch">
         <wf lemma="het" pos="X">het</wf>
         <instance id="d000.s2488.t000" lemma="eind" pos="NOUN">eind</instance>
         <wf lemma="van" pos="X">van</wf>
         <wf lemma="de" pos="X">de</wf>
         <wf lemma="tunnel" pos="X">tunnel</wf>
         <wf lemma="." pos="X">.</wf>
      </sentence>
      <sentence id="d000.s2489" source="wordnet-dutch">
         <wf lemma="Philips" pos="X">Philips</wf>
         <wf lemma="heeft" pos="X">heeft</wf>
         <wf lemma="hem" pos="X">hem</wf>
         <wf lemma="een" pos="X">een</wf>
         <instance id="d000.s2489.t000" lemma="arbeidscontract" pos="NOUN">arbeidscontract</instance>
         <wf lemma="aangeboden" pos="X">aangeboden</wf>
         <wf lemma="." pos="X">.</wf>
      </sentence>
      <sentence id="d000.s2490" source="wordnet-dutch">
         <wf lemma="als" pos="X">als</wf>
         <instance id="d000.s2490.t000" lemma="persoon" pos="NOUN">persoon</instance>
         <wf lemma="sla" pos="X">sla</wf>
         <wf lemma="ik" pos="X">ik</wf>
         <wf lemma="hem" pos="X">hem</wf>
         <wf lemma="niet" pos="X">niet</wf>
         <wf lemma="hoog" pos="X">hoog</wf>
         <wf lemma="aan" pos="X">aan</wf>
         <wf lemma="." pos="X">.</wf>
      </sentence>
      <sentence id="d000.s2491" source="wordnet-dutch">
         <wf lemma="dat" pos="X">dat</wf>
         <wf lemma="ligt" pos="X">ligt</wf>
         <wf lemma="op" pos="X">op</wf>
         <wf lemma="het" pos="X">het</wf>
         <instance id="d000.s2491.t000" lemma="terrein" pos="NOUN">terrein</instance>
         <wf lemma="van" pos="X">van</wf>
         <wf lemma="de" pos="X">de</wf>
         <wf lemma="huisarts" pos="X">huisarts</wf>
         <wf lemma="." pos="X">.</wf>
      </sentence>
      <sentence id="d000.s2492" source="wordnet-dutch">
         <wf lemma="raketten" pos="X">raketten</wf>
         <wf lemma="die" pos="X">die</wf>
         <wf lemma="gekleurde" pos="X">gekleurde</wf>
         <instance id="d000.s2492.t000" lemma="gaswolk" pos="NOUN">gaswolken</instance>
         <wf lemma="uitstoten" pos="X">uitstoten</wf>
         <wf lemma="." pos="X">.</wf>
      </sentence>
      <sentence id="d000.s2493" source="wordnet-dutch">
         <wf lemma="schaatsen" pos="X">schaatsen</wf>
         <wf lemma="op" pos="X">op</wf>
         <wf lemma="dun" pos="X">dun</wf>
         <instance id="d000.s2493.t000" lemma="ijs" pos="NOUN">ijs</instance>
         <wf lemma="is" pos="X">is</wf>
         <wf lemma="gevaarlijk" pos="X">gevaarlijk</wf>
         <wf lemma="." pos="X">.</wf>
      </sentence>
      <sentence id="d000.s2494" source="wordnet-dutch">
         <wf lemma="op" pos="X">op</wf>
         <wf lemma="de" pos="X">de</wf>
         <instance id="d000.s2494.t000" lemma="kaft" pos="NOUN">kaft</instance>
         <wf lemma="staat" pos="X">staat</wf>
         <wf lemma="de" pos="X">de</wf>
         <wf lemma="titel" pos="X">titel</wf>
         <wf lemma="vermeld" pos="X">vermeld</wf>
         <wf lemma="." pos="X">.</wf>
      </sentence>
      <sentence id="d000.s2495" source="wordnet-dutch">
         <wf lemma="breng" pos="X">breng</wf>
         <wf lemma="de" pos="X">de</wf>
         <wf lemma="lege" pos="X">lege</wf>
         <instance id="d000.s2495.t000" lemma="wijnfles" pos="NOUN">wijnflessen</instance>
         <wf lemma="maar" pos="X">maar</wf>
         <wf lemma="naar" pos="X">naar</wf>
         <wf lemma="de" pos="X">de</wf>
         <wf lemma="glasbak" pos="X">glasbak</wf>
         <wf lemma="." pos="X">.</wf>
      </sentence>
      <sentence id="d000.s2496" source="wordnet-dutch">
         <wf lemma="de" pos="X">de</wf>
         <wf lemma="club" pos="X">club</wf>
         <wf lemma="heeft" pos="X">heeft</wf>
         <wf lemma="drie" pos="X">drie</wf>
         <wf lemma="miljoen" pos="X">miljoen</wf>
         <instance id="d000.s2496.t000" lemma="uitgeven" pos="VERB">uitgegeven</instance>
         <wf lemma="voor" pos="X">voor</wf>
         <wf lemma="de" pos="X">de</wf>
         <wf lemma="nieuwe" pos="X">nieuwe</wf>
         <wf lemma="spits" pos="X">spits</wf>
         <wf lemma="." pos="X">.</wf>
      </sentence>
      <sentence id="d000.s2497" source="wordnet-dutch">
         <wf lemma="ik" pos="X">ik</wf>
         <wf lemma="heb" pos="X">heb</wf>
         <wf lemma="er" pos="X">er</wf>
         <wf lemma="twee" pos="X">twee</wf>
         <instance id="d000.s2497.t000" lemma="paar" pos="NOUN">paar</instance>
         <wf lemma="van" pos="X">van</wf>
         <wf lemma="." pos="X">.</wf>
      </sentence>
      <sentence id="d000.s2498" source="wordnet-dutch">
         <wf lemma="uren" pos="X">uren</wf>
         <wf lemma="heeft" pos="X">heeft</wf>
         <wf lemma="hij" pos="X">hij</wf>
         <wf lemma="tegen" pos="X">tegen</wf>
         <wf lemma="mij" pos="X">mij</wf>
         <wf lemma="staan" pos="X">staan</wf>
         <instance id="d000.s2498.t000" lemma="razen" pos="VERB">razen</instance>
         <wf lemma="." pos="X">.</wf>
      </sentence>
      <sentence id="d000.s2499" source="wordnet-dutch">
         <wf lemma="gisteren" pos="X">gisteren</wf>
         <wf lemma="om" pos="X">om</wf>
         <wf lemma="deze" pos="X">deze</wf>
         <instance id="d000.s2499.t000" lemma="tijd" pos="NOUN">tijd</instance>
         <wf lemma="lag" pos="X">lag</wf>
         <wf lemma="ik" pos="X">ik</wf>
         <wf lemma="nog" pos="X">nog</wf>
         <wf lemma="in" pos="X">in</wf>
         <wf lemma="bed" pos="X">bed</wf>
         <wf lemma="." pos="X">.</wf>
      </sentence>
      <sentence id="d000.s2500" source="wordnet-dutch">
         <wf lemma="hij" pos="X">hij</wf>
         <instance id="d000.s2500.t000" lemma="weten" pos="VERB">weet</instance>
         <wf lemma="veel" pos="X">veel</wf>
         <wf lemma="over" pos="X">over</wf>
         <wf lemma="de" pos="X">de</wf>
         <wf lemma="politieke" pos="X">politieke</wf>
         <wf lemma="situatie" pos="X">situatie</wf>
         <wf lemma="in" pos="X">in</wf>
         <wf lemma="de" pos="X">de</wf>
         <wf lemma="VS." pos="X">VS.</wf>
      </sentence>
      <sentence id="d000.s2501" source="wordnet-dutch">
         <wf lemma="er" pos="X">er</wf>
         <wf lemma="worden" pos="X">worden</wf>
         <wf lemma="binnenkort" pos="X">binnenkort</wf>
         <instance id="d000.s2501.t000" lemma="auditie" pos="NOUN">audities</instance>
         <wf lemma="gehouden" pos="X">gehouden</wf>
         <wf lemma="voor" pos="X">voor</wf>
         <wf lemma="een" pos="X">een</wf>
         <wf lemma="musicalproductie" pos="X">musicalproductie</wf>
         <wf lemma="." pos="X">.</wf>
      </sentence>
      <sentence id="d000.s2502" source="wordnet-dutch">
         <wf lemma="in" pos="X">in</wf>
         <wf lemma="een" pos="X">een</wf>
         <wf lemma="kwartier" pos="X">kwartier</wf>
         <wf lemma="tijd" pos="X">tijd</wf>
         <wf lemma="weet" pos="X">weet</wf>
         <wf lemma="hij" pos="X">hij</wf>
         <wf lemma="een" pos="X">een</wf>
         <wf lemma="enorme" pos="X">enorme</wf>
         <instance id="d000.s2502.t000" lemma="chaos" pos="NOUN">chaos</instance>
         <wf lemma="te" pos="X">te</wf>
         <wf lemma="scheppen" pos="X">scheppen</wf>
         <wf lemma="." pos="X">.</wf>
      </sentence>
      <sentence id="d000.s2503" source="wordnet-dutch">
         <wf lemma="Bij" pos="X">Bij</wf>
         <wf lemma="het" pos="X">het</wf>
         <wf lemma="derde" pos="X">derde</wf>
         <instance id="d000.s2503.t000" lemma="engagement" pos="NOUN">engagement</instance>
         <wf lemma="raakte" pos="X">raakte</wf>
         <wf lemma="de" pos="X">de</wf>
         <wf lemma="schermer" pos="X">schermer</wf>
         <wf lemma="geblesseerd" pos="X">geblesseerd</wf>
         <wf lemma="door" pos="X">door</wf>
         <wf lemma="de" pos="X">de</wf>
         <wf lemma="degen" pos="X">degen</wf>
         <wf lemma="." pos="X">.</wf>
      </sentence>
      <sentence id="d000.s2504" source="wordnet-dutch">
         <wf lemma="hij" pos="X">hij</wf>
         <wf lemma="had" pos="X">had</wf>
         <wf lemma="de" pos="X">de</wf>
         <instance id="d000.s2504.t000" lemma="guts" pos="NOUN">guts</instance>
         <wf lemma="niet" pos="X">niet</wf>
         <wf lemma="om" pos="X">om</wf>
         <wf lemma="het" pos="X">het</wf>
         <wf lemma="nog" pos="X">nog</wf>
         <wf lemma="een" pos="X">een</wf>
         <wf lemma="keer" pos="X">keer</wf>
         <wf lemma="te" pos="X">te</wf>
         <wf lemma="proberen" pos="X">proberen</wf>
         <wf lemma="." pos="X">.</wf>
      </sentence>
      <sentence id="d000.s2505" source="wordnet-dutch">
         <wf lemma="de" pos="X">de</wf>
         <wf lemma="processierupsen" pos="X">processierupsen</wf>
         <wf lemma="zijn" pos="X">zijn</wf>
         <wf lemma="dit" pos="X">dit</wf>
         <wf lemma="jaar" pos="X">jaar</wf>
         <wf lemma="een" pos="X">een</wf>
         <wf lemma="ware" pos="X">ware</wf>
         <instance id="d000.s2505.t000" lemma="plaag" pos="NOUN">plaag</instance>
         <wf lemma="voor" pos="X">voor</wf>
         <wf lemma="de" pos="X">de</wf>
         <wf lemma="bevolking" pos="X">bevolking</wf>
         <wf lemma="." pos="X">.</wf>
      </sentence>
      <sentence id="d000.s2506" source="wordnet-dutch">
         <wf lemma="de" pos="X">de</wf>
         <wf lemma="software" pos="X">software</wf>
         <wf lemma="voor" pos="X">voor</wf>
         <wf lemma="het" pos="X">het</wf>
         <wf lemma="nieuwe" pos="X">nieuwe</wf>
         <wf lemma="project" pos="X">project</wf>
         <wf lemma="is" pos="X">is</wf>
         <wf lemma="nog" pos="X">nog</wf>
         <wf lemma="volop" pos="X">volop</wf>
         <wf lemma="in" pos="X">in</wf>
         <instance id="d000.s2506.t000" lemma="ontwikkeling" pos="NOUN">ontwikkeling</instance>
         <wf lemma="." pos="X">.</wf>
      </sentence>
      <sentence id="d000.s2507" source="wordnet-dutch">
         <wf lemma="zij" pos="X">zij</wf>
         <wf lemma="zong" pos="X">zong</wf>
         <wf lemma="een" pos="X">een</wf>
         <instance id="d000.s2507.t000" lemma="aria" pos="NOUN">aria</instance>
         <wf lemma="uit" pos="X">uit</wf>
         <wf lemma="Tosca" pos="X">Tosca</wf>
         <wf lemma="." pos="X">.</wf>
      </sentence>
      <sentence id="d000.s2508" source="wordnet-dutch">
         <wf lemma="met" pos="X">met</wf>
         <wf lemma="een" pos="X">een</wf>
         <wf lemma="rugzak" pos="X">rugzak</wf>
         <wf lemma="en" pos="X">en</wf>
         <wf lemma="een" pos="X">een</wf>
         <wf lemma="wandelstok" pos="X">wandelstok</wf>
         <wf lemma="gingen" pos="X">gingen</wf>
         <wf lemma="ze" pos="X">ze</wf>
         <wf lemma="op" pos="X">op</wf>
         <instance id="d000.s2508.t000" lemma="avontuur" pos="NOUN">avontuur</instance>
         <wf lemma="." pos="X">.</wf>
      </sentence>
      <sentence id="d000.s2509" source="wordnet-dutch">
         <wf lemma="deze" pos="X">deze</wf>
         <wf lemma="commissie" pos="X">commissie</wf>
         <wf lemma="zal" pos="X">zal</wf>
         <wf lemma="de" pos="X">de</wf>
         <wf lemma="minister" pos="X">minister</wf>
         <instance id="d000.s2509.t000" lemma="rapporteren" pos="VERB">rapporteren</instance>
         <wf lemma="over" pos="X">over</wf>
         <wf lemma="de" pos="X">de</wf>
         <wf lemma="toestand" pos="X">toestand</wf>
         <wf lemma="van" pos="X">van</wf>
         <wf lemma="de" pos="X">de</wf>
         <wf lemma="mensenrechten" pos="X">mensenrechten</wf>
         <wf lemma="in" pos="X">in</wf>
         <wf lemma="Iran" pos="X">Iran</wf>
         <wf lemma="." pos="X">.</wf>
      </sentence>
      <sentence id="d000.s2510" source="wordnet-dutch">
         <wf lemma="hij" pos="X">hij</wf>
         <instance id="d000.s2510.t000" lemma="tonen" pos="VERB">toont</instance>
         <wf lemma="in" pos="X">in</wf>
         <wf lemma="dat" pos="X">dat</wf>
         <wf lemma="pak" pos="X">pak</wf>
         <wf lemma="dikker" pos="X">dikker</wf>
         <wf lemma="dan" pos="X">dan</wf>
         <wf lemma="hij" pos="X">hij</wf>
         <wf lemma="is" pos="X">is</wf>
         <wf lemma="." pos="X">.</wf>
      </sentence>
      <sentence id="d000.s2511" source="wordnet-dutch">
         <wf lemma="'ik" pos="X">'ik</wf>
         <wf lemma="weet" pos="X">weet</wf>
         <wf lemma="het" pos="X">het</wf>
         <wf lemma="antwoord" pos="X">antwoord</wf>
         <wf lemma="op" pos="X">op</wf>
         <wf lemma="vraag" pos="X">vraag</wf>
         <wf lemma="5" pos="X">5</wf>
         <wf lemma="'" pos="X">'</wf>
         <instance id="d000.s2511.t000" lemma="fluisteren" pos="VERB">fluisterde</instance>
         <wf lemma="hij" pos="X">hij</wf>
         <wf lemma="tegen" pos="X">tegen</wf>
         <wf lemma="zijn" pos="X">zijn</wf>
         <wf lemma="buurman" pos="X">buurman</wf>
         <wf lemma="." pos="X">.</wf>
      </sentence>
      <sentence id="d000.s2512" source="wordnet-dutch">
         <wf lemma="de" pos="X">de</wf>
         <wf lemma="feestdagen" pos="X">feestdagen</wf>
         <wf lemma="zijn" pos="X">zijn</wf>
         <wf lemma="een" pos="X">een</wf>
         <instance id="d000.s2512.t000" lemma="kwelling" pos="NOUN">kwelling</instance>
         <wf lemma="voor" pos="X">voor</wf>
         <wf lemma="mij" pos="X">mij</wf>
         <wf lemma="." pos="X">.</wf>
      </sentence>
      <sentence id="d000.s2513" source="wordnet-dutch">
         <wf lemma="hij" pos="X">hij</wf>
         <wf lemma="is" pos="X">is</wf>
         <wf lemma="de" pos="X">de</wf>
         <wf lemma="hele" pos="X">hele</wf>
         <wf lemma="zaak" pos="X">zaak</wf>
         <wf lemma="weer" pos="X">weer</wf>
         <wf lemma="nodeloos" pos="X">nodeloos</wf>
         <wf lemma="aan" pos="X">aan</wf>
         <wf lemma="het" pos="X">het</wf>
         <instance id="d000.s2513.t000" lemma="opblazen" pos="VERB">opblazen</instance>
         <wf lemma="." pos="X">.</wf>
      </sentence>
      <sentence id="d000.s2514" source="wordnet-dutch">
         <wf lemma="de" pos="X">de</wf>
         <instance id="d000.s2514.t000" lemma="pasta" pos="NOUN">pasta</instance>
         <wf lemma="dik" pos="X">dik</wf>
         <wf lemma="op" pos="X">op</wf>
         <wf lemma="de" pos="X">de</wf>
         <wf lemma="huid" pos="X">huid</wf>
         <wf lemma="smeren" pos="X">smeren</wf>
         <wf lemma="." pos="X">.</wf>
      </sentence>
      <sentence id="d000.s2515" source="wordnet-dutch">
         <wf lemma="alle" pos="X">alle</wf>
         <wf lemma="deelnemers" pos="X">deelnemers</wf>
         <wf lemma="ontvangen" pos="X">ontvangen</wf>
         <wf lemma="een" pos="X">een</wf>
         <instance id="d000.s2515.t000" lemma="certificaat" pos="NOUN">certificaat</instance>
         <wf lemma="." pos="X">.</wf>
      </sentence>
      <sentence id="d000.s2516" source="wordnet-dutch">
         <instance id="d000.s2516.t000" lemma="verdichting" pos="NOUN">verdichting</instance>
         <wf lemma="in" pos="X">in</wf>
         <wf lemma="de" pos="X">de</wf>
         <wf lemma="stad" pos="X">stad</wf>
         <wf lemma="." pos="X">.</wf>
      </sentence>
      <sentence id="d000.s2517" source="wordnet-dutch">
         <wf lemma="er" pos="X">er</wf>
         <wf lemma="staat" pos="X">staat</wf>
         <instance id="d000.s2517.t000" lemma="stroom" pos="NOUN">stroom</instance>
         <wf lemma="op" pos="X">op</wf>
         <wf lemma="die" pos="X">die</wf>
         <wf lemma="draad" pos="X">draad</wf>
         <wf lemma="." pos="X">.</wf>
      </sentence>
      <sentence id="d000.s2518" source="wordnet-dutch">
         <wf lemma="in" pos="X">in</wf>
         <wf lemma="de" pos="X">de</wf>
         <wf lemma="voorstelling" pos="X">voorstelling</wf>
         <instance id="d000.s2518.t000" lemma="spotten" pos="VERB">spotten</instance>
         <wf lemma="de" pos="X">de</wf>
         <wf lemma="acteurs" pos="X">acteurs</wf>
         <wf lemma="met" pos="X">met</wf>
         <wf lemma="onze" pos="X">onze</wf>
         <wf lemma="dagelijkse" pos="X">dagelijkse</wf>
         <wf lemma="vooroordelen" pos="X">vooroordelen</wf>
         <wf lemma="." pos="X">.</wf>
      </sentence>
      <sentence id="d000.s2519" source="wordnet-dutch">
         <wf lemma="groot" pos="X">groot</wf>
         <wf lemma="was" pos="X">was</wf>
         <wf lemma="haar" pos="X">haar</wf>
         <instance id="d000.s2519.t000" lemma="ontsteltenis" pos="NOUN">ontsteltenis</instance>
         <wf lemma="toen" pos="X">toen</wf>
         <wf lemma="gister" pos="X">gister</wf>
         <wf lemma="bleek" pos="X">bleek</wf>
         <wf lemma="dat" pos="X">dat</wf>
         <wf lemma="het" pos="X">het</wf>
         <wf lemma="huis" pos="X">huis</wf>
         <wf lemma="al" pos="X">al</wf>
         <wf lemma="verkocht" pos="X">verkocht</wf>
         <wf lemma="was" pos="X">was</wf>
         <wf lemma="." pos="X">.</wf>
      </sentence>
      <sentence id="d000.s2520" source="wordnet-dutch">
         <wf lemma="als" pos="X">als</wf>
         <wf lemma="je" pos="X">je</wf>
         <wf lemma="bij" pos="X">bij</wf>
         <wf lemma="de" pos="X">de</wf>
         <wf lemma="politie" pos="X">politie</wf>
         <wf lemma="solliciteert" pos="X">solliciteert</wf>
         <wf lemma="," pos="X">,</wf>
         <wf lemma="worden" pos="X">worden</wf>
         <wf lemma="je" pos="X">je</wf>
         <instance id="d000.s2520.t000" lemma="antecedent" pos="NOUN">antecedenten</instance>
         <wf lemma="onderzocht" pos="X">onderzocht</wf>
         <wf lemma="." pos="X">.</wf>
      </sentence>
      <sentence id="d000.s2521" source="wordnet-dutch">
         <wf lemma="de" pos="X">de</wf>
         <wf lemma="provincie" pos="X">provincie</wf>
         <wf lemma="zal" pos="X">zal</wf>
         <wf lemma="een" pos="X">een</wf>
         <wf lemma="deel" pos="X">deel</wf>
         <wf lemma="van" pos="X">van</wf>
         <wf lemma="het" pos="X">het</wf>
         <wf lemma="project" pos="X">project</wf>
         <instance id="d000.s2521.t000" lemma="financieren" pos="VERB">financieren</instance>
         <wf lemma="," pos="X">,</wf>
         <wf lemma="en" pos="X">en</wf>
         <wf lemma="het" pos="X">het</wf>
         <wf lemma="overige" pos="X">overige</wf>
         <wf lemma="geld" pos="X">geld</wf>
         <wf lemma="moet" pos="X">moet</wf>
         <wf lemma="vooral" pos="X">vooral</wf>
         <wf lemma="uit" pos="X">uit</wf>
         <wf lemma="de" pos="X">de</wf>
         <wf lemma="privé-sector" pos="X">privé-sector</wf>
         <wf lemma="komen" pos="X">komen</wf>
         <wf lemma="." pos="X">.</wf>
      </sentence>
      <sentence id="d000.s2522" source="wordnet-dutch">
         <wf lemma="een" pos="X">een</wf>
         <wf lemma="onontwarbaar" pos="X">onontwarbaar</wf>
         <instance id="d000.s2522.t000" lemma="kluwen" pos="NOUN">kluwen</instance>
         <wf lemma="van" pos="X">van</wf>
         <wf lemma="feiten" pos="X">feiten</wf>
         <wf lemma="en" pos="X">en</wf>
         <wf lemma="tegenstrijdige" pos="X">tegenstrijdige</wf>
         <wf lemma="aanwijzingen" pos="X">aanwijzingen</wf>
         <wf lemma="." pos="X">.</wf>
      </sentence>
      <sentence id="d000.s2523" source="wordnet-dutch">
         <wf lemma="De" pos="X">De</wf>
         <wf lemma="formele" pos="X">formele</wf>
         <instance id="d000.s2523.t000" lemma="bevestiging" pos="NOUN">bevestiging</instance>
         <wf lemma="is" pos="X">is</wf>
         <wf lemma="nog" pos="X">nog</wf>
         <wf lemma="niet" pos="X">niet</wf>
         <wf lemma="binnen" pos="X">binnen</wf>
         <wf lemma="." pos="X">.</wf>
      </sentence>
      <sentence id="d000.s2524" source="wordnet-dutch">
         <wf lemma="ik" pos="X">ik</wf>
         <wf lemma="kan" pos="X">kan</wf>
         <wf lemma="zijn" pos="X">zijn</wf>
         <wf lemma="handelswijze" pos="X">handelswijze</wf>
         <wf lemma="niet" pos="X">niet</wf>
         <instance id="d000.s2524.t000" lemma="goedkeuren" pos="VERB">goedkeuren</instance>
         <wf lemma="." pos="X">.</wf>
      </sentence>
      <sentence id="d000.s2525" source="wordnet-dutch">
         <wf lemma="met/op" pos="X">met/op</wf>
         <wf lemma="de" pos="X">de</wf>
         <instance id="d000.s2525.t000" lemma="fiets" pos="NOUN">fiets</instance>
         <wf lemma="naar" pos="X">naar</wf>
         <wf lemma="je" pos="X">je</wf>
         <wf lemma="werk" pos="X">werk</wf>
         <wf lemma="gaan" pos="X">gaan</wf>
         <wf lemma="." pos="X">.</wf>
      </sentence>
      <sentence id="d000.s2526" source="wordnet-dutch">
         <wf lemma="mijn" pos="X">mijn</wf>
         <wf lemma="verjaardag" pos="X">verjaardag</wf>
         <instance id="d000.s2526.t000" lemma="vallen" pos="VERB">valt</instance>
         <wf lemma="op" pos="X">op</wf>
         <wf lemma="een" pos="X">een</wf>
         <wf lemma="dinsdag" pos="X">dinsdag</wf>
         <wf lemma="dit" pos="X">dit</wf>
         <wf lemma="jaar" pos="X">jaar</wf>
         <wf lemma="." pos="X">.</wf>
      </sentence>
      <sentence id="d000.s2527" source="wordnet-dutch">
         <wf lemma="Zwitserland" pos="X">Zwitserland</wf>
         <wf lemma="heeft" pos="X">heeft</wf>
         <wf lemma="de" pos="X">de</wf>
         <instance id="d000.s2527.t000" lemma="eindronde" pos="NOUN">eindronde</instance>
         <wf lemma="niet" pos="X">niet</wf>
         <wf lemma="weten" pos="X">weten</wf>
         <wf lemma="te" pos="X">te</wf>
         <wf lemma="halen" pos="X">halen</wf>
         <wf lemma="." pos="X">.</wf>
      </sentence>
      <sentence id="d000.s2528" source="wordnet-dutch">
         <wf lemma="dat" pos="X">dat</wf>
         <wf lemma="jasje" pos="X">jasje</wf>
         <wf lemma="is" pos="X">is</wf>
         <wf lemma="te" pos="X">te</wf>
         <wf lemma="breed" pos="X">breed</wf>
         <wf lemma="in" pos="X">in</wf>
         <wf lemma="de" pos="X">de</wf>
         <instance id="d000.s2528.t000" lemma="schouder" pos="NOUN">schouders</instance>
         <wf lemma="." pos="X">.</wf>
      </sentence>
      <sentence id="d000.s2529" source="wordnet-dutch">
         <wf lemma="de" pos="X">de</wf>
         <wf lemma="stuntmannen" pos="X">stuntmannen</wf>
         <instance id="d000.s2529.t000" lemma="spotten" pos="VERB">spotten</instance>
         <wf lemma="dagelijks" pos="X">dagelijks</wf>
         <wf lemma="met" pos="X">met</wf>
         <wf lemma="de" pos="X">de</wf>
         <wf lemma="dood" pos="X">dood</wf>
         <wf lemma="." pos="X">.</wf>
      </sentence>
      <sentence id="d000.s2530" source="wordnet-dutch">
         <wf lemma="er" pos="X">er</wf>
         <wf lemma="wordt" pos="X">wordt</wf>
         <wf lemma="op" pos="X">op</wf>
         <wf lemma="grote" pos="X">grote</wf>
         <instance id="d000.s2530.t000" lemma="schaal" pos="NOUN">schaal</instance>
         <wf lemma="misbruik" pos="X">misbruik</wf>
         <wf lemma="van" pos="X">van</wf>
         <wf lemma="hem" pos="X">hem</wf>
         <wf lemma="gemaakt" pos="X">gemaakt</wf>
         <wf lemma="." pos="X">.</wf>
      </sentence>
      <sentence id="d000.s2531" source="wordnet-dutch">
         <wf lemma="het" pos="X">het</wf>
         <wf lemma="onkruid" pos="X">onkruid</wf>
         <wf lemma="tussen" pos="X">tussen</wf>
         <wf lemma="de" pos="X">de</wf>
         <instance id="d000.s2531.t000" lemma="tegel" pos="NOUN">tegels</instance>
         <wf lemma="weghalen" pos="X">weghalen</wf>
         <wf lemma="." pos="X">.</wf>
      </sentence>
      <sentence id="d000.s2532" source="wordnet-dutch">
         <wf lemma="een" pos="X">een</wf>
         <wf lemma="belangrijke" pos="X">belangrijke</wf>
         <instance id="d000.s2532.t000" lemma="stap" pos="NOUN">stap</instance>
         <wf lemma="in" pos="X">in</wf>
         <wf lemma="het" pos="X">het</wf>
         <wf lemma="democratiseringsproces" pos="X">democratiseringsproces</wf>
         <wf lemma="." pos="X">.</wf>
      </sentence>
      <sentence id="d000.s2533" source="wordnet-dutch">
         <wf lemma="op" pos="X">op</wf>
         <wf lemma="de" pos="X">de</wf>
         <wf lemma="markt" pos="X">markt</wf>
         <wf lemma="heb" pos="X">heb</wf>
         <wf lemma="ik" pos="X">ik</wf>
         <wf lemma="vandaag" pos="X">vandaag</wf>
         <wf lemma="goede" pos="X">goede</wf>
         <wf lemma="zaken" pos="X">zaken</wf>
         <instance id="d000.s2533.t000" lemma="doen" pos="VERB">gedaan</instance>
         <wf lemma="." pos="X">.</wf>
      </sentence>
      <sentence id="d000.s2534" source="wordnet-dutch">
         <wf lemma="hij" pos="X">hij</wf>
         <wf lemma="heeft" pos="X">heeft</wf>
         <wf lemma="in" pos="X">in</wf>
         <wf lemma="de" pos="X">de</wf>
         <wf lemma="loop" pos="X">loop</wf>
         <wf lemma="van" pos="X">van</wf>
         <wf lemma="de" pos="X">de</wf>
         <wf lemma="jaren" pos="X">jaren</wf>
         <wf lemma="een" pos="X">een</wf>
         <wf lemma="uitstekende" pos="X">uitstekende</wf>
         <wf lemma="reputatie" pos="X">reputatie</wf>
         <instance id="d000.s2534.t000" lemma="opbouwen" pos="VERB">opgebouwd</instance>
         <wf lemma="." pos="X">.</wf>
      </sentence>
      <sentence id="d000.s2535" source="wordnet-dutch">
         <wf lemma="volgende" pos="X">volgende</wf>
         <wf lemma="week" pos="X">week</wf>
         <instance id="d000.s2535.t000" lemma="komen" pos="VERB">komt</instance>
         <wf lemma="er" pos="X">er</wf>
         <wf lemma="een" pos="X">een</wf>
         <wf lemma="einde" pos="X">einde</wf>
         <wf lemma="aan" pos="X">aan</wf>
         <wf lemma="deze" pos="X">deze</wf>
         <wf lemma="drukke" pos="X">drukke</wf>
         <wf lemma="periode" pos="X">periode</wf>
         <wf lemma="." pos="X">.</wf>
      </sentence>
      <sentence id="d000.s2536" source="wordnet-dutch">
         <wf lemma="In" pos="X">In</wf>
         <wf lemma="welke" pos="X">welke</wf>
         <instance id="d000.s2536.t000" lemma="kunst" pos="NOUN">kunst</instance>
         <wf lemma="ben" pos="X">ben</wf>
         <wf lemma="jij" pos="X">jij</wf>
         <wf lemma="gespecialiseerd" pos="X">gespecialiseerd</wf>
         <wf lemma="?" pos="X">?</wf>
      </sentence>
      <sentence id="d000.s2537" source="wordnet-dutch">
         <wf lemma="de" pos="X">de</wf>
         <wf lemma="auto" pos="X">auto</wf>
         <wf lemma="wou" pos="X">wou</wf>
         <wf lemma="net" pos="X">net</wf>
         <wf lemma="een" pos="X">een</wf>
         <wf lemma="tractor/fietser" pos="X">tractor/fietser</wf>
         <instance id="d000.s2537.t000" lemma="passeren" pos="VERB">passeren</instance>
         <wf lemma="toen" pos="X">toen</wf>
         <wf lemma="van" pos="X">van</wf>
         <wf lemma="de" pos="X">de</wf>
         <wf lemma="tegenovergestelde" pos="X">tegenovergestelde</wf>
         <wf lemma="richting" pos="X">richting</wf>
         <wf lemma="een" pos="X">een</wf>
         <wf lemma="vrachtwagen" pos="X">vrachtwagen</wf>
         <wf lemma="naderde" pos="X">naderde</wf>
         <wf lemma="." pos="X">.</wf>
      </sentence>
      <sentence id="d000.s2538" source="wordnet-dutch">
         <wf lemma="Wat" pos="X">Wat</wf>
         <wf lemma="ben" pos="X">ben</wf>
         <wf lemma="jij" pos="X">jij</wf>
         <wf lemma="een" pos="X">een</wf>
         <wf lemma="ongelofelijke" pos="X">ongelofelijke</wf>
         <instance id="d000.s2538.t000" lemma="duiker" pos="NOUN">duiker</instance>
         <wf lemma="!" pos="X">!</wf>
      </sentence>
      <sentence id="d000.s2539" source="wordnet-dutch">
         <wf lemma="De" pos="X">De</wf>
         <instance id="d000.s2539.t000" lemma="afzetting" pos="NOUN">afzetting</instance>
         <wf lemma="wordt" pos="X">wordt</wf>
         <wf lemma="versneld" pos="X">versneld</wf>
         <wf lemma="door" pos="X">door</wf>
         <wf lemma="de" pos="X">de</wf>
         <wf lemma="lage" pos="X">lage</wf>
         <wf lemma="stroomsnelheid" pos="X">stroomsnelheid</wf>
         <wf lemma="van" pos="X">van</wf>
         <wf lemma="het" pos="X">het</wf>
         <wf lemma="water" pos="X">water</wf>
         <wf lemma="." pos="X">.</wf>
      </sentence>
      <sentence id="d000.s2540" source="wordnet-dutch">
         <wf lemma="hij" pos="X">hij</wf>
         <wf lemma="is" pos="X">is</wf>
         <wf lemma="heel" pos="X">heel</wf>
         <wf lemma="breed" pos="X">breed</wf>
         <wf lemma="van" pos="X">van</wf>
         <instance id="d000.s2540.t000" lemma="bouw" pos="NOUN">bouw</instance>
         <wf lemma="." pos="X">.</wf>
      </sentence>
      <sentence id="d000.s2541" source="wordnet-dutch">
         <wf lemma="Als" pos="X">Als</wf>
         <wf lemma="je" pos="X">je</wf>
         <wf lemma="een" pos="X">een</wf>
         <wf lemma="verkeerde" pos="X">verkeerde</wf>
         <instance id="d000.s2541.t000" lemma="greep" pos="NOUN">greep</instance>
         <wf lemma="aanleert" pos="X">aanleert</wf>
         <wf lemma="dan" pos="X">dan</wf>
         <wf lemma="leer" pos="X">leer</wf>
         <wf lemma="je" pos="X">je</wf>
         <wf lemma="nooit" pos="X">nooit</wf>
         <wf lemma="goed" pos="X">goed</wf>
         <wf lemma="gitaarspelen" pos="X">gitaarspelen</wf>
         <wf lemma="." pos="X">.</wf>
      </sentence>
      <sentence id="d000.s2542" source="wordnet-dutch">
         <wf lemma="de" pos="X">de</wf>
         <instance id="d000.s2542.t000" lemma="as" pos="NOUN">as</instance>
         <wf lemma="van" pos="X">van</wf>
         <wf lemma="de" pos="X">de</wf>
         <wf lemma="overledene" pos="X">overledene</wf>
         <wf lemma="werd" pos="X">werd</wf>
         <wf lemma="boven" pos="X">boven</wf>
         <wf lemma="zee" pos="X">zee</wf>
         <wf lemma="uitgestrooid" pos="X">uitgestrooid</wf>
         <wf lemma="." pos="X">.</wf>
      </sentence>
      <sentence id="d000.s2543" source="wordnet-dutch">
         <wf lemma="ik" pos="X">ik</wf>
         <wf lemma="heb" pos="X">heb</wf>
         <wf lemma="van" pos="X">van</wf>
         <wf lemma="haar" pos="X">haar</wf>
         <wf lemma="de" pos="X">de</wf>
         <wf lemma="kunst" pos="X">kunst</wf>
         <wf lemma="van" pos="X">van</wf>
         <wf lemma="het" pos="X">het</wf>
         <wf lemma="deegrollen" pos="X">deegrollen</wf>
         <instance id="d000.s2543.t000" lemma="afkijken" pos="VERB">afgekeken</instance>
         <wf lemma="." pos="X">.</wf>
      </sentence>
      <sentence id="d000.s2544" source="wordnet-dutch">
         <wf lemma="een" pos="X">een</wf>
         <wf lemma="derdewereldland" pos="X">derdewereldland</wf>
         <wf lemma="met" pos="X">met</wf>
         <wf lemma="een" pos="X">een</wf>
         <wf lemma="noodlijdende" pos="X">noodlijdende</wf>
         <instance id="d000.s2544.t000" lemma="economie" pos="NOUN">economie</instance>
         <wf lemma="." pos="X">.</wf>
      </sentence>
      <sentence id="d000.s2545" source="wordnet-dutch">
         <wf lemma="voetgangers" pos="X">voetgangers</wf>
         <wf lemma="zijn" pos="X">zijn</wf>
         <wf lemma="verplicht" pos="X">verplicht</wf>
         <wf lemma="op" pos="X">op</wf>
         <wf lemma="het" pos="X">het</wf>
         <instance id="d000.s2545.t000" lemma="trottoir" pos="NOUN">trottoir</instance>
         <wf lemma="te" pos="X">te</wf>
         <wf lemma="gaan" pos="X">gaan</wf>
         <wf lemma="." pos="X">.</wf>
      </sentence>
      <sentence id="d000.s2546" source="wordnet-dutch">
         <wf lemma="daarop" pos="X">daarop</wf>
         <wf lemma="richtte" pos="X">richtte</wf>
         <wf lemma="de" pos="X">de</wf>
         <instance id="d000.s2546.t000" lemma="agressie" pos="NOUN">agressie</instance>
         <wf lemma="van" pos="X">van</wf>
         <wf lemma="de" pos="X">de</wf>
         <wf lemma="vechtenden" pos="X">vechtenden</wf>
         <wf lemma="zich" pos="X">zich</wf>
         <wf lemma="tegen" pos="X">tegen</wf>
         <wf lemma="de" pos="X">de</wf>
         <wf lemma="politie" pos="X">politie</wf>
         <wf lemma="." pos="X">.</wf>
      </sentence>
      <sentence id="d000.s2547" source="wordnet-dutch">
         <wf lemma="met" pos="X">met</wf>
         <wf lemma="die" pos="X">die</wf>
         <wf lemma="radar" pos="X">radar</wf>
         <wf lemma="zijn" pos="X">zijn</wf>
         <wf lemma="ze" pos="X">ze</wf>
         <wf lemma="in" pos="X">in</wf>
         <wf lemma="staat" pos="X">staat</wf>
         <wf lemma="om" pos="X">om</wf>
         <wf lemma="iedere" pos="X">iedere</wf>
         <wf lemma="mortierinstallatie" pos="X">mortierinstallatie</wf>
         <wf lemma="te" pos="X">te</wf>
         <instance id="d000.s2547.t000" lemma="lokaliseren" pos="VERB">lokaliseren</instance>
         <wf lemma="." pos="X">.</wf>
      </sentence>
      <sentence id="d000.s2548" source="wordnet-dutch">
         <instance id="d000.s2548.t000" lemma="flard" pos="NOUN">flarden</instance>
         <wf lemma="van" pos="X">van</wf>
         <wf lemma="teksten" pos="X">teksten</wf>
         <wf lemma="schoten" pos="X">schoten</wf>
         <wf lemma="de" pos="X">de</wf>
         <wf lemma="redenaar" pos="X">redenaar</wf>
         <wf lemma="door" pos="X">door</wf>
         <wf lemma="het" pos="X">het</wf>
         <wf lemma="hoofd" pos="X">hoofd</wf>
         <wf lemma="." pos="X">.</wf>
      </sentence>
      <sentence id="d000.s2549" source="wordnet-dutch">
         <wf lemma="zijn" pos="X">zijn</wf>
         <wf lemma="stem" pos="X">stem</wf>
         <instance id="d000.s2549.t000" lemma="dragen" pos="VERB">draagt</instance>
         <wf lemma="ver." pos="X">ver.</wf>
      </sentence>
      <sentence id="d000.s2550" source="wordnet-dutch">
         <wf lemma="vanavond" pos="X">vanavond</wf>
         <wf lemma="houden" pos="X">houden</wf>
         <wf lemma="wij" pos="X">wij</wf>
         <wf lemma="een" pos="X">een</wf>
         <wf lemma="gezellige" pos="X">gezellige</wf>
         <instance id="d000.s2550.t000" lemma="instuif" pos="NOUN">instuif</instance>
         <wf lemma="in" pos="X">in</wf>
         <wf lemma="de" pos="X">de</wf>
         <wf lemma="kantine" pos="X">kantine</wf>
         <wf lemma="bij" pos="X">bij</wf>
         <wf lemma="het" pos="X">het</wf>
         <wf lemma="sportveld" pos="X">sportveld</wf>
         <wf lemma="." pos="X">.</wf>
      </sentence>
      <sentence id="d000.s2551" source="wordnet-dutch">
         <wf lemma="hij" pos="X">hij</wf>
         <instance id="d000.s2551.t000" lemma="fluisteren" pos="VERB">fluisterde</instance>
         <wf lemma="me" pos="X">me</wf>
         <wf lemma="toe" pos="X">toe</wf>
         <wf lemma="dat" pos="X">dat</wf>
         <wf lemma="hij" pos="X">hij</wf>
         <wf lemma="me" pos="X">me</wf>
         <wf lemma="graag" pos="X">graag</wf>
         <wf lemma="zag" pos="X">zag</wf>
         <wf lemma="." pos="X">.</wf>
      </sentence>
      <sentence id="d000.s2552" source="wordnet-dutch">
         <wf lemma="ik" pos="X">ik</wf>
         <wf lemma="hecht" pos="X">hecht</wf>
         <wf lemma="grote" pos="X">grote</wf>
         <instance id="d000.s2552.t000" lemma="waarde" pos="NOUN">waarde</instance>
         <wf lemma="aan" pos="X">aan</wf>
         <wf lemma="beleefdheidsregels" pos="X">beleefdheidsregels</wf>
         <wf lemma="." pos="X">.</wf>
      </sentence>
      <sentence id="d000.s2553" source="wordnet-dutch">
         <wf lemma="ik" pos="X">ik</wf>
         <wf lemma="kan" pos="X">kan</wf>
         <wf lemma="hem" pos="X">hem</wf>
         <wf lemma="maar" pos="X">maar</wf>
         <wf lemma="niet" pos="X">niet</wf>
         <wf lemma="aan" pos="X">aan</wf>
         <wf lemma="zijn" pos="X">zijn</wf>
         <wf lemma="verstand" pos="X">verstand</wf>
         <instance id="d000.s2553.t000" lemma="brengen" pos="VERB">brengen</instance>
         <wf lemma="dat" pos="X">dat</wf>
         <wf lemma="er" pos="X">er</wf>
         <wf lemma="gewoon" pos="X">gewoon</wf>
         <wf lemma="geen" pos="X">geen</wf>
         <wf lemma="geld" pos="X">geld</wf>
         <wf lemma="voor" pos="X">voor</wf>
         <wf lemma="is" pos="X">is</wf>
         <wf lemma="." pos="X">.</wf>
      </sentence>
      <sentence id="d000.s2554" source="wordnet-dutch">
         <wf lemma="het" pos="X">het</wf>
         <wf lemma="eerste" pos="X">eerste</wf>
         <wf lemma="uur" pos="X">uur</wf>
         <wf lemma="van" pos="X">van</wf>
         <wf lemma="die" pos="X">die</wf>
         <wf lemma="lezing" pos="X">lezing</wf>
         <wf lemma="is" pos="X">is</wf>
         <wf lemma="snel" pos="X">snel</wf>
         <instance id="d000.s2554.t000" lemma="omgaan" pos="VERB">omgegaan</instance>
         <wf lemma="." pos="X">.</wf>
      </sentence>
      <sentence id="d000.s2555" source="wordnet-dutch">
         <wf lemma="ik" pos="X">ik</wf>
         <wf lemma="heb" pos="X">heb</wf>
         <wf lemma="mijn" pos="X">mijn</wf>
         <wf lemma="echtgenote" pos="X">echtgenote</wf>
         <wf lemma="voor" pos="X">voor</wf>
         <wf lemma="het" pos="X">het</wf>
         <wf lemma="eerst" pos="X">eerst</wf>
         <instance id="d000.s2555.t000" lemma="ontmoeten" pos="VERB">ontmoet</instance>
         <wf lemma="in" pos="X">in</wf>
         <wf lemma="Leuven" pos="X">Leuven</wf>
         <wf lemma="." pos="X">.</wf>
      </sentence>
      <sentence id="d000.s2556" source="wordnet-dutch">
         <wf lemma="vanaf" pos="X">vanaf</wf>
         <wf lemma="de" pos="X">de</wf>
         <instance id="d000.s2556.t000" lemma="tribune" pos="NOUN">tribune</instance>
         <wf lemma="werden" pos="X">werden</wf>
         <wf lemma="lege" pos="X">lege</wf>
         <wf lemma="blikjes" pos="X">blikjes</wf>
         <wf lemma="het" pos="X">het</wf>
         <wf lemma="veld" pos="X">veld</wf>
         <wf lemma="opgegooid" pos="X">opgegooid</wf>
         <wf lemma="." pos="X">.</wf>
      </sentence>
      <sentence id="d000.s2557" source="wordnet-dutch">
         <wf lemma="dan" pos="X">dan</wf>
         <wf lemma="moet" pos="X">moet</wf>
         <wf lemma="ik" pos="X">ik</wf>
         <wf lemma="even" pos="X">even</wf>
         <wf lemma="in" pos="X">in</wf>
         <wf lemma="mijn" pos="X">mijn</wf>
         <instance id="d000.s2557.t000" lemma="agenda" pos="NOUN">agenda</instance>
         <wf lemma="kijken" pos="X">kijken</wf>
         <wf lemma="." pos="X">.</wf>
      </sentence>
      <sentence id="d000.s2558" source="wordnet-dutch">
         <wf lemma="ze" pos="X">ze</wf>
         <instance id="d000.s2558.t000" lemma="proosten" pos="VERB">proostten</instance>
         <wf lemma="op" pos="X">op</wf>
         <wf lemma="het" pos="X">het</wf>
         <wf lemma="nieuwe" pos="X">nieuwe</wf>
         <wf lemma="jaar" pos="X">jaar</wf>
         <wf lemma="." pos="X">.</wf>
      </sentence>
      <sentence id="d000.s2559" source="wordnet-dutch">
         <wf lemma="het" pos="X">het</wf>
         <wf lemma="evenement" pos="X">evenement</wf>
         <wf lemma="werd" pos="X">werd</wf>
         <wf lemma="echter" pos="X">echter</wf>
         <wf lemma="helemaal" pos="X">helemaal</wf>
         <instance id="d000.s2559.t000" lemma="overschaduwen" pos="VERB">overschaduwd</instance>
         <wf lemma="door" pos="X">door</wf>
         <wf lemma="het" pos="X">het</wf>
         <wf lemma="incident" pos="X">incident</wf>
         <wf lemma="van" pos="X">van</wf>
         <wf lemma="gisteren" pos="X">gisteren</wf>
         <wf lemma="." pos="X">.</wf>
      </sentence>
      <sentence id="d000.s2560" source="wordnet-dutch">
         <wf lemma="de" pos="X">de</wf>
         <wf lemma="orkaan" pos="X">orkaan</wf>
         <wf lemma="had" pos="X">had</wf>
         <wf lemma="het" pos="X">het</wf>
         <wf lemma="schamele" pos="X">schamele</wf>
         <wf lemma="dorp" pos="X">dorp</wf>
         <wf lemma="geheel" pos="X">geheel</wf>
         <instance id="d000.s2560.t000" lemma="wegvagen" pos="VERB">weggevaagd</instance>
         <wf lemma="." pos="X">.</wf>
      </sentence>
      <sentence id="d000.s2561" source="wordnet-dutch">
         <wf lemma="zijn" pos="X">zijn</wf>
         <wf lemma="gezicht" pos="X">gezicht</wf>
         <wf lemma="drukte" pos="X">drukte</wf>
         <instance id="d000.s2561.t000" lemma="walging" pos="NOUN">walging</instance>
         <wf lemma="uit" pos="X">uit</wf>
         <wf lemma="." pos="X">.</wf>
      </sentence>
      <sentence id="d000.s2562" source="wordnet-dutch">
         <wf lemma="dissidente" pos="X">dissidente</wf>
         <wf lemma="kamerleden" pos="X">kamerleden</wf>
         <wf lemma="worden" pos="X">worden</wf>
         <wf lemma="uit" pos="X">uit</wf>
         <wf lemma="de" pos="X">de</wf>
         <instance id="d000.s2562.t000" lemma="partij" pos="NOUN">partij</instance>
         <wf lemma="gezet" pos="X">gezet</wf>
         <wf lemma="." pos="X">.</wf>
      </sentence>
      <sentence id="d000.s2563" source="wordnet-dutch">
         <wf lemma="Het" pos="X">Het</wf>
         <wf lemma="derde" pos="X">derde</wf>
         <instance id="d000.s2563.t000" lemma="deel" pos="NOUN">deel</instance>
         <wf lemma="van" pos="X">van</wf>
         <wf lemma="de" pos="X">de</wf>
         <wf lemma="roman" pos="X">roman</wf>
         <wf lemma="is" pos="X">is</wf>
         <wf lemma="het" pos="X">het</wf>
         <wf lemma="spannends." pos="X">spannends.</wf>
      </sentence>
      <sentence id="d000.s2564" source="wordnet-dutch">
         <wf lemma="hij" pos="X">hij</wf>
         <wf lemma="leidt" pos="X">leidt</wf>
         <wf lemma="een" pos="X">een</wf>
         <wf lemma="geregeld" pos="X">geregeld</wf>
         <instance id="d000.s2564.t000" lemma="leven" pos="NOUN">leven</instance>
         <wf lemma="." pos="X">.</wf>
      </sentence>
      <sentence id="d000.s2565" source="wordnet-dutch">
         <wf lemma="Het" pos="X">Het</wf>
         <instance id="d000.s2565.t000" lemma="aas" pos="NOUN">aas</instance>
         <wf lemma="moet" pos="X">moet</wf>
         <wf lemma="snel" pos="X">snel</wf>
         <wf lemma="geborgen" pos="X">geborgen</wf>
         <wf lemma="worden" pos="X">worden</wf>
         <wf lemma="voor" pos="X">voor</wf>
         <wf lemma="het" pos="X">het</wf>
         <wf lemma="gaat" pos="X">gaat</wf>
         <wf lemma="rotten" pos="X">rotten</wf>
         <wf lemma="." pos="X">.</wf>
      </sentence>
      <sentence id="d000.s2566" source="wordnet-dutch">
         <wf lemma="corruptie" pos="X">corruptie</wf>
         <wf lemma="heeft" pos="X">heeft</wf>
         <wf lemma="het" pos="X">het</wf>
         <wf lemma="politieke" pos="X">politieke</wf>
         <wf lemma="klimaat" pos="X">klimaat</wf>
         <wf lemma="in" pos="X">in</wf>
         <wf lemma="Italië" pos="X">Italië</wf>
         <wf lemma="danig" pos="X">danig</wf>
         <instance id="d000.s2566.t000" lemma="verzieken" pos="VERB">verziekt</instance>
         <wf lemma="." pos="X">.</wf>
      </sentence>
      <sentence id="d000.s2567" source="wordnet-dutch">
         <wf lemma="De" pos="X">De</wf>
         <wf lemma="moeilijkste" pos="X">moeilijkste</wf>
         <wf lemma="vragen" pos="X">vragen</wf>
         <wf lemma="in" pos="X">in</wf>
         <wf lemma="het" pos="X">het</wf>
         <wf lemma="vwo-examen" pos="X">vwo-examen</wf>
         <wf lemma="wiskunde" pos="X">wiskunde</wf>
         <wf lemma="waren" pos="X">waren</wf>
         <wf lemma="volgens" pos="X">volgens</wf>
         <wf lemma="mijn" pos="X">mijn</wf>
         <wf lemma="docent" pos="X">docent</wf>
         <instance id="d000.s2567.t000" lemma="opgave" pos="NOUN">opgaven</instance>
         <wf lemma="10" pos="X">10</wf>
         <wf lemma="en" pos="X">en</wf>
         <wf lemma="14." pos="X">14.</wf>
      </sentence>
      <sentence id="d000.s2568" source="wordnet-dutch">
         <wf lemma="van" pos="X">van</wf>
         <wf lemma="onschatbare" pos="X">onschatbare</wf>
         <instance id="d000.s2568.t000" lemma="waarde" pos="NOUN">waarde</instance>
         <wf lemma="zijn" pos="X">zijn</wf>
         <wf lemma="voor" pos="X">voor</wf>
         <wf lemma="iets/iemand" pos="X">iets/iemand</wf>
         <wf lemma="." pos="X">.</wf>
      </sentence>
      <sentence id="d000.s2569" source="wordnet-dutch">
         <wf lemma="zijn" pos="X">zijn</wf>
         <instance id="d000.s2569.t000" lemma="protest" pos="NOUN">protest</instance>
         <wf lemma="tegen" pos="X">tegen</wf>
         <wf lemma="het" pos="X">het</wf>
         <wf lemma="kabinetsbeleid" pos="X">kabinetsbeleid</wf>
         <wf lemma="werd" pos="X">werd</wf>
         <wf lemma="niet" pos="X">niet</wf>
         <wf lemma="opgemerkt" pos="X">opgemerkt</wf>
         <wf lemma="." pos="X">.</wf>
      </sentence>
      <sentence id="d000.s2570" source="wordnet-dutch">
         <wf lemma="de" pos="X">de</wf>
         <wf lemma="munten" pos="X">munten</wf>
         <wf lemma="zijn" pos="X">zijn</wf>
         <wf lemma="hier" pos="X">hier</wf>
         <wf lemma="op" pos="X">op</wf>
         <wf lemma="papier" pos="X">papier</wf>
         <instance id="d000.s2570.t000" lemma="afbeelden" pos="VERB">afgebeeld</instance>
         <wf lemma="." pos="X">.</wf>
      </sentence>
      <sentence id="d000.s2571" source="wordnet-dutch">
         <wf lemma="om" pos="X">om</wf>
         <wf lemma="twaalf" pos="X">twaalf</wf>
         <wf lemma="uur" pos="X">uur</wf>
         <wf lemma="werd" pos="X">werd</wf>
         <wf lemma="een" pos="X">een</wf>
         <wf lemma="warme" pos="X">warme</wf>
         <wf lemma="maaltijd" pos="X">maaltijd</wf>
         <instance id="d000.s2571.t000" lemma="opdienen" pos="VERB">opgediend</instance>
         <wf lemma="." pos="X">.</wf>
      </sentence>
      <sentence id="d000.s2572" source="wordnet-dutch">
         <wf lemma="hij" pos="X">hij</wf>
         <instance id="d000.s2572.t000" lemma="herstellen" pos="VERB">herstelt</instance>
         <wf lemma="van" pos="X">van</wf>
         <wf lemma="een" pos="X">een</wf>
         <wf lemma="griep" pos="X">griep</wf>
         <wf lemma="." pos="X">.</wf>
      </sentence>
      <sentence id="d000.s2573" source="wordnet-dutch">
         <wf lemma="die" pos="X">die</wf>
         <wf lemma="eigenwijsheid" pos="X">eigenwijsheid</wf>
         <wf lemma="gaat" pos="X">gaat</wf>
         <wf lemma="van" pos="X">van</wf>
         <wf lemma="vader" pos="X">vader</wf>
         <wf lemma="op" pos="X">op</wf>
         <instance id="d000.s2573.t000" lemma="kind" pos="NOUN">kind</instance>
         <wf lemma="." pos="X">.</wf>
      </sentence>
      <sentence id="d000.s2574" source="wordnet-dutch">
         <wf lemma="na" pos="X">na</wf>
         <wf lemma="afloop" pos="X">afloop</wf>
         <instance id="d000.s2574.t000" lemma="blijven" pos="VERB">bleven</instance>
         <wf lemma="we" pos="X">we</wf>
         <wf lemma="nog" pos="X">nog</wf>
         <wf lemma="even" pos="X">even</wf>
         <wf lemma="praten" pos="X">praten</wf>
         <wf lemma="." pos="X">.</wf>
      </sentence>
      <sentence id="d000.s2575" source="wordnet-dutch">
         <wf lemma="dit" pos="X">dit</wf>
         <wf lemma="werpt" pos="X">werpt</wf>
         <wf lemma="een" pos="X">een</wf>
         <instance id="d000.s2575.t000" lemma="smet" pos="NOUN">smet</instance>
         <wf lemma="op" pos="X">op</wf>
         <wf lemma="zijn" pos="X">zijn</wf>
         <wf lemma="naam" pos="X">naam</wf>
         <wf lemma="." pos="X">.</wf>
      </sentence>
      <sentence id="d000.s2576" source="wordnet-dutch">
         <wf lemma="er" pos="X">er</wf>
         <wf lemma="gingen" pos="X">gingen</wf>
         <instance id="d000.s2576.t000" lemma="stem" pos="NOUN">stemmen</instance>
         <wf lemma="op" pos="X">op</wf>
         <wf lemma="om" pos="X">om</wf>
         <wf lemma="gezamenlijk" pos="X">gezamenlijk</wf>
         <wf lemma="ergens" pos="X">ergens</wf>
         <wf lemma="te" pos="X">te</wf>
         <wf lemma="eten" pos="X">eten</wf>
         <wf lemma="." pos="X">.</wf>
      </sentence>
      <sentence id="d000.s2577" source="wordnet-dutch">
         <wf lemma="de" pos="X">de</wf>
         <wf lemma="automobilist" pos="X">automobilist</wf>
         <wf lemma="wist" pos="X">wist</wf>
         <wf lemma="de" pos="X">de</wf>
         <wf lemma="versperringen" pos="X">versperringen</wf>
         <wf lemma="van" pos="X">van</wf>
         <wf lemma="de" pos="X">de</wf>
         <wf lemma="politie" pos="X">politie</wf>
         <wf lemma="te" pos="X">te</wf>
         <instance id="d000.s2577.t000" lemma="omzeilen" pos="VERB">omzeilen</instance>
         <wf lemma="." pos="X">.</wf>
      </sentence>
      <sentence id="d000.s2578" source="wordnet-dutch">
         <wf lemma="de" pos="X">de</wf>
         <wf lemma="kinderen" pos="X">kinderen</wf>
         <wf lemma="werden" pos="X">werden</wf>
         <instance id="d000.s2578.t000" lemma="onthalen" pos="VERB">onthaald</instance>
         <wf lemma="op" pos="X">op</wf>
         <wf lemma="een" pos="X">een</wf>
         <wf lemma="ijsje" pos="X">ijsje</wf>
         <wf lemma="." pos="X">.</wf>
      </sentence>
      <sentence id="d000.s2579" source="wordnet-dutch">
         <wf lemma="als" pos="X">als</wf>
         <wf lemma="je" pos="X">je</wf>
         <wf lemma="me" pos="X">me</wf>
         <wf lemma="nog" pos="X">nog</wf>
         <wf lemma="één" pos="X">één</wf>
         <wf lemma="keer" pos="X">keer</wf>
         <wf lemma="zo" pos="X">zo</wf>
         <wf lemma="beledigt" pos="X">beledigt</wf>
         <wf lemma="," pos="X">,</wf>
         <instance id="d000.s2579.t000" lemma="timmeren" pos="VERB">timmer</instance>
         <wf lemma="ik" pos="X">ik</wf>
         <wf lemma="je" pos="X">je</wf>
         <wf lemma="in" pos="X">in</wf>
         <wf lemma="elkaar" pos="X">elkaar</wf>
         <wf lemma="." pos="X">.</wf>
      </sentence>
      <sentence id="d000.s2580" source="wordnet-dutch">
         <wf lemma="met" pos="X">met</wf>
         <wf lemma="die" pos="X">die</wf>
         <wf lemma="som" pos="X">som</wf>
         <wf lemma="geld" pos="X">geld</wf>
         <wf lemma="moeten" pos="X">moeten</wf>
         <wf lemma="we" pos="X">we</wf>
         <wf lemma="proberen" pos="X">proberen</wf>
         <wf lemma="een" pos="X">een</wf>
         <wf lemma="periode" pos="X">periode</wf>
         <wf lemma="van" pos="X">van</wf>
         <wf lemma="drie" pos="X">drie</wf>
         <wf lemma="jaar" pos="X">jaar</wf>
         <wf lemma="te" pos="X">te</wf>
         <instance id="d000.s2580.t000" lemma="overbruggen" pos="VERB">overbruggen</instance>
         <wf lemma="." pos="X">.</wf>
      </sentence>
      <sentence id="d000.s2581" source="wordnet-dutch">
         <wf lemma="een" pos="X">een</wf>
         <instance id="d000.s2581.t000" lemma="gooi" pos="NOUN">gooi</instance>
         <wf lemma="doen" pos="X">doen</wf>
         <wf lemma="naar" pos="X">naar</wf>
         <wf lemma="het" pos="X">het</wf>
         <wf lemma="presidentschap" pos="X">presidentschap</wf>
         <wf lemma="." pos="X">.</wf>
      </sentence>
      <sentence id="d000.s2582" source="wordnet-dutch">
         <wf lemma="de" pos="X">de</wf>
         <wf lemma="voorzitter" pos="X">voorzitter</wf>
         <wf lemma="probeerde" pos="X">probeerde</wf>
         <wf lemma="niet" pos="X">niet</wf>
         <wf lemma="te" pos="X">te</wf>
         <instance id="d000.s2582.t000" lemma="verhelen" pos="VERB">verhelen</instance>
         <wf lemma="dat" pos="X">dat</wf>
         <wf lemma="er" pos="X">er</wf>
         <wf lemma="nog" pos="X">nog</wf>
         <wf lemma="veel" pos="X">veel</wf>
         <wf lemma="problemen" pos="X">problemen</wf>
         <wf lemma="zijn" pos="X">zijn</wf>
         <wf lemma="." pos="X">.</wf>
      </sentence>
      <sentence id="d000.s2583" source="wordnet-dutch">
         <wf lemma="het" pos="X">het</wf>
         <instance id="d000.s2583.t000" lemma="primaat" pos="NOUN">primaat</instance>
         <wf lemma="voor" pos="X">voor</wf>
         <wf lemma="het" pos="X">het</wf>
         <wf lemma="beleid" pos="X">beleid</wf>
         <wf lemma="ligt" pos="X">ligt</wf>
         <wf lemma="bij" pos="X">bij</wf>
         <wf lemma="de" pos="X">de</wf>
         <wf lemma="Tweede-Kamerfractie" pos="X">Tweede-Kamerfractie</wf>
         <wf lemma="." pos="X">.</wf>
      </sentence>
      <sentence id="d000.s2584" source="wordnet-dutch">
         <wf lemma="ergens" pos="X">ergens</wf>
         <wf lemma="met" pos="X">met</wf>
         <wf lemma="veel" pos="X">veel</wf>
         <instance id="d000.s2584.t000" lemma="passie" pos="NOUN">passie</instance>
         <wf lemma="over" pos="X">over</wf>
         <wf lemma="praten/vertellen" pos="X">praten/vertellen</wf>
         <wf lemma="." pos="X">.</wf>
      </sentence>
      <sentence id="d000.s2585" source="wordnet-dutch">
         <wf lemma="daar" pos="X">daar</wf>
         <wf lemma="moet" pos="X">moet</wf>
         <wf lemma="je" pos="X">je</wf>
         <wf lemma="mij" pos="X">mij</wf>
         <wf lemma="niet" pos="X">niet</wf>
         <wf lemma="op" pos="X">op</wf>
         <instance id="d000.s2585.t000" lemma="aankijken" pos="VERB">aankijken</instance>
         <wf lemma="." pos="X">.</wf>
      </sentence>
      <sentence id="d000.s2586" source="wordnet-dutch">
         <wf lemma="zij" pos="X">zij</wf>
         <wf lemma="heeft" pos="X">heeft</wf>
         <wf lemma="nooit" pos="X">nooit</wf>
         <wf lemma="eens" pos="X">eens</wf>
         <wf lemma="wat" pos="X">wat</wf>
         <instance id="d000.s2586.t000" lemma="afleiding" pos="NOUN">afleiding</instance>
         <wf lemma="." pos="X">.</wf>
      </sentence>
      <sentence id="d000.s2587" source="wordnet-dutch">
         <wf lemma="De" pos="X">De</wf>
         <instance id="d000.s2587.t000" lemma="standaard" pos="NOUN">standaarden</instance>
         <wf lemma="spelen" pos="X">spelen</wf>
         <wf lemma="een" pos="X">een</wf>
         <wf lemma="belangrijke" pos="X">belangrijke</wf>
         <wf lemma="rol" pos="X">rol</wf>
         <wf lemma="in" pos="X">in</wf>
         <wf lemma="samenwerking" pos="X">samenwerking</wf>
         <wf lemma="." pos="X">.</wf>
      </sentence>
      <sentence id="d000.s2588" source="wordnet-dutch">
         <wf lemma="ze" pos="X">ze</wf>
         <wf lemma="hebben" pos="X">hebben</wf>
         <wf lemma="die" pos="X">die</wf>
         <wf lemma="mensen" pos="X">mensen</wf>
         <wf lemma="een" pos="X">een</wf>
         <wf lemma="veel" pos="X">veel</wf>
         <wf lemma="te" pos="X">te</wf>
         <wf lemma="zware" pos="X">zware</wf>
         <wf lemma="taak" pos="X">taak</wf>
         <instance id="d000.s2588.t000" lemma="toebedelen" pos="VERB">toebedeeld</instance>
         <wf lemma="." pos="X">.</wf>
      </sentence>
      <sentence id="d000.s2589" source="wordnet-dutch">
         <wf lemma="Je" pos="X">Je</wf>
         <wf lemma="moet" pos="X">moet</wf>
         <wf lemma="goede" pos="X">goede</wf>
         <instance id="d000.s2589.t000" lemma="materiaal" pos="NOUN">materialen</instance>
         <wf lemma="verwerken" pos="X">verwerken</wf>
         <wf lemma="in" pos="X">in</wf>
         <wf lemma="je" pos="X">je</wf>
         <wf lemma="produkt" pos="X">produkt</wf>
         <wf lemma="." pos="X">.</wf>
      </sentence>
      <sentence id="d000.s2590" source="wordnet-dutch">
         <wf lemma="dit" pos="X">dit</wf>
         <wf lemma="chemisch" pos="X">chemisch</wf>
         <wf lemma="bedrijf" pos="X">bedrijf</wf>
         <wf lemma="is" pos="X">is</wf>
         <wf lemma="de" pos="X">de</wf>
         <wf lemma="grote" pos="X">grote</wf>
         <instance id="d000.s2590.t000" lemma="vervuiler" pos="NOUN">vervuiler</instance>
         <wf lemma="van" pos="X">van</wf>
         <wf lemma="de" pos="X">de</wf>
         <wf lemma="Schelde" pos="X">Schelde</wf>
         <wf lemma="." pos="X">.</wf>
      </sentence>
      <sentence id="d000.s2591" source="wordnet-dutch">
         <wf lemma="mag" pos="X">mag</wf>
         <wf lemma="ik" pos="X">ik</wf>
         <wf lemma="even" pos="X">even</wf>
         <instance id="d000.s2591.t000" lemma="passeren" pos="VERB">passeren</instance>
         <wf lemma="?" pos="X">?</wf>
      </sentence>
      <sentence id="d000.s2592" source="wordnet-dutch">
         <wf lemma="een" pos="X">een</wf>
         <wf lemma="geslaagde" pos="X">geslaagde</wf>
         <instance id="d000.s2592.t000" lemma="pastiche" pos="NOUN">pastiche</instance>
         <wf lemma="op" pos="X">op</wf>
         <wf lemma="de" pos="X">de</wf>
         <wf lemma="Amerikaanse" pos="X">Amerikaanse</wf>
         <wf lemma="misdaadroman" pos="X">misdaadroman</wf>
         <wf lemma="." pos="X">.</wf>
      </sentence>
      <sentence id="d000.s2593" source="wordnet-dutch">
         <wf lemma="de" pos="X">de</wf>
         <wf lemma="Nederlandse" pos="X">Nederlandse</wf>
         <wf lemma="samenleving" pos="X">samenleving</wf>
         <instance id="d000.s2593.t000" lemma="vergrijzen" pos="VERB">vergrijst</instance>
         <wf lemma="." pos="X">.</wf>
      </sentence>
      <sentence id="d000.s2594" source="wordnet-dutch">
         <wf lemma="in" pos="X">in</wf>
         <wf lemma="de" pos="X">de</wf>
         <wf lemma="(" pos="X">(</wf>
         <wf lemma="eerste/tweede/.../laatste" pos="X">eerste/tweede/.../laatste</wf>
         <wf lemma=")" pos="X">)</wf>
         <instance id="d000.s2594.t000" lemma="alinea" pos="NOUN">alinea</instance>
         <wf lemma="gaat" pos="X">gaat</wf>
         <wf lemma="de" pos="X">de</wf>
         <wf lemma="schrijver" pos="X">schrijver</wf>
         <wf lemma="in" pos="X">in</wf>
         <wf lemma="op" pos="X">op</wf>
         <wf lemma="de" pos="X">de</wf>
         <wf lemma="gevolgen" pos="X">gevolgen</wf>
         <wf lemma="van" pos="X">van</wf>
         <wf lemma="het" pos="X">het</wf>
         <wf lemma="roken" pos="X">roken</wf>
         <wf lemma="." pos="X">.</wf>
      </sentence>
      <sentence id="d000.s2595" source="wordnet-dutch">
         <wf lemma="er" pos="X">er</wf>
         <wf lemma="werd" pos="X">werd</wf>
         <wf lemma="bloed" pos="X">bloed</wf>
         <wf lemma="in" pos="X">in</wf>
         <wf lemma="de" pos="X">de</wf>
         <instance id="d000.s2595.t000" lemma="ontlasting" pos="NOUN">ontlasting</instance>
         <wf lemma="gevonden" pos="X">gevonden</wf>
         <wf lemma="." pos="X">.</wf>
      </sentence>
      <sentence id="d000.s2596" source="wordnet-dutch">
         <wf lemma="hij" pos="X">hij</wf>
         <wf lemma="reed" pos="X">reed</wf>
         <wf lemma="in" pos="X">in</wf>
         <wf lemma="een" pos="X">een</wf>
         <instance id="d000.s2596.t000" lemma="boog" pos="NOUN">boog</instance>
         <wf lemma="om" pos="X">om</wf>
         <wf lemma="de" pos="X">de</wf>
         <wf lemma="fietsers" pos="X">fietsers</wf>
         <wf lemma="heen" pos="X">heen</wf>
         <wf lemma="." pos="X">.</wf>
      </sentence>
      <sentence id="d000.s2597" source="wordnet-dutch">
         <wf lemma="bij" pos="X">bij</wf>
         <wf lemma="de" pos="X">de</wf>
         <wf lemma="crash" pos="X">crash</wf>
         <wf lemma="vlogen" pos="X">vlogen</wf>
         <wf lemma="de" pos="X">de</wf>
         <instance id="d000.s2597.t000" lemma="brokstuk" pos="NOUN">brokstukken</instance>
         <wf lemma="van" pos="X">van</wf>
         <wf lemma="het" pos="X">het</wf>
         <wf lemma="vliegtuigje" pos="X">vliegtuigje</wf>
         <wf lemma="in" pos="X">in</wf>
         <wf lemma="het" pos="X">het</wf>
         <wf lemma="rond" pos="X">rond</wf>
         <wf lemma="." pos="X">.</wf>
      </sentence>
      <sentence id="d000.s2598" source="wordnet-dutch">
         <instance id="d000.s2598.t000" lemma="kiezel" pos="NOUN">Kiezel</instance>
         <wf lemma="wordt" pos="X">wordt</wf>
         <wf lemma="gebruikt" pos="X">gebruikt</wf>
         <wf lemma="als" pos="X">als</wf>
         <wf lemma="basiselement" pos="X">basiselement</wf>
         <wf lemma="voor" pos="X">voor</wf>
         <wf lemma="het" pos="X">het</wf>
         <wf lemma="maken" pos="X">maken</wf>
         <wf lemma="van" pos="X">van</wf>
         <wf lemma="computerchips" pos="X">computerchips</wf>
         <wf lemma="." pos="X">.</wf>
      </sentence>
      <sentence id="d000.s2599" source="wordnet-dutch">
         <wf lemma="er" pos="X">er</wf>
         <wf lemma="is" pos="X">is</wf>
         <wf lemma="een" pos="X">een</wf>
         <wf lemma="hele" pos="X">hele</wf>
         <instance id="d000.s2599.t000" lemma="hap" pos="NOUN">hap</instance>
         <wf lemma="uit" pos="X">uit</wf>
         <wf lemma="die" pos="X">die</wf>
         <wf lemma="bladzij" pos="X">bladzij</wf>
         <wf lemma="." pos="X">.</wf>
      </sentence>
      <sentence id="d000.s2600" source="wordnet-dutch">
         <wf lemma="een" pos="X">een</wf>
         <wf lemma="conferentie" pos="X">conferentie</wf>
         <wf lemma="met" pos="X">met</wf>
         <wf lemma="alle" pos="X">alle</wf>
         <wf lemma="betrokken" pos="X">betrokken</wf>
         <instance id="d000.s2600.t000" lemma="participant" pos="NOUN">participanten</instance>
         <wf lemma="in" pos="X">in</wf>
         <wf lemma="het" pos="X">het</wf>
         <wf lemma="project" pos="X">project</wf>
         <wf lemma="." pos="X">.</wf>
      </sentence>
      <sentence id="d000.s2601" source="wordnet-dutch">
         <wf lemma="in" pos="X">in</wf>
         <wf lemma="haar" pos="X">haar</wf>
         <instance id="d000.s2601.t000" lemma="tijd" pos="NOUN">tijd</instance>
         <wf lemma="kon" pos="X">kon</wf>
         <wf lemma="zij" pos="X">zij</wf>
         <wf lemma="aardig" pos="X">aardig</wf>
         <wf lemma="voetballen" pos="X">voetballen</wf>
         <wf lemma="." pos="X">.</wf>
      </sentence>
      <sentence id="d000.s2602" source="wordnet-dutch">
         <wf lemma="de" pos="X">de</wf>
         <wf lemma="landbouw" pos="X">landbouw</wf>
         <wf lemma="wordt" pos="X">wordt</wf>
         <wf lemma="steeds" pos="X">steeds</wf>
         <wf lemma="meer" pos="X">meer</wf>
         <instance id="d000.s2602.t000" lemma="mechaniseren" pos="VERB">gemechaniseerd</instance>
         <wf lemma="." pos="X">.</wf>
      </sentence>
      <sentence id="d000.s2603" source="wordnet-dutch">
         <wf lemma="twee" pos="X">twee</wf>
         <wf lemma="kinderen" pos="X">kinderen</wf>
         <wf lemma="speelden" pos="X">speelden</wf>
         <instance id="d000.s2603.t000" lemma="frisbee" pos="NOUN">frisbee</instance>
         <wf lemma="in" pos="X">in</wf>
         <wf lemma="het" pos="X">het</wf>
         <wf lemma="park" pos="X">park</wf>
         <wf lemma="." pos="X">.</wf>
      </sentence>
      <sentence id="d000.s2604" source="wordnet-dutch">
         <wf lemma="Een" pos="X">Een</wf>
         <instance id="d000.s2604.t000" lemma="certificaat" pos="NOUN">certificaat</instance>
         <wf lemma="is" pos="X">is</wf>
         <wf lemma="verbonden" pos="X">verbonden</wf>
         <wf lemma="met" pos="X">met</wf>
         <wf lemma="een" pos="X">een</wf>
         <wf lemma="aandeel" pos="X">aandeel</wf>
         <wf lemma="," pos="X">,</wf>
         <wf lemma="volgt" pos="X">volgt</wf>
         <wf lemma="zijn" pos="X">zijn</wf>
         <wf lemma="koers" pos="X">koers</wf>
         <wf lemma="en" pos="X">en</wf>
         <wf lemma="levert" pos="X">levert</wf>
         <wf lemma="een" pos="X">een</wf>
         <wf lemma="gelijke" pos="X">gelijke</wf>
         <wf lemma="opbrengst" pos="X">opbrengst</wf>
         <wf lemma="als" pos="X">als</wf>
         <wf lemma="het" pos="X">het</wf>
         <wf lemma="onderliggende" pos="X">onderliggende</wf>
         <wf lemma="dividend" pos="X">dividend</wf>
         <wf lemma="." pos="X">.</wf>
      </sentence>
      <sentence id="d000.s2605" source="wordnet-dutch">
         <wf lemma="tijdens" pos="X">tijdens</wf>
         <wf lemma="zijn" pos="X">zijn</wf>
         <instance id="d000.s2605.t000" lemma="rectoraat" pos="NOUN">rectoraat</instance>
         <wf lemma="zijn" pos="X">zijn</wf>
         <wf lemma="er" pos="X">er</wf>
         <wf lemma="wel" pos="X">wel</wf>
         <wf lemma="een" pos="X">een</wf>
         <wf lemma="aantal" pos="X">aantal</wf>
         <wf lemma="dingen" pos="X">dingen</wf>
         <wf lemma="fout" pos="X">fout</wf>
         <wf lemma="gegaan" pos="X">gegaan</wf>
         <wf lemma="." pos="X">.</wf>
      </sentence>
      <sentence id="d000.s2606" source="wordnet-dutch">
         <wf lemma="hij" pos="X">hij</wf>
         <wf lemma="heeft" pos="X">heeft</wf>
         <wf lemma="een" pos="X">een</wf>
         <wf lemma="goede" pos="X">goede</wf>
         <instance id="d000.s2606.t000" lemma="spreekvaardigheid" pos="NOUN">spreekvaardigheid</instance>
         <wf lemma="in" pos="X">in</wf>
         <wf lemma="het" pos="X">het</wf>
         <wf lemma="Russisch" pos="X">Russisch</wf>
         <wf lemma="." pos="X">.</wf>
      </sentence>
      <sentence id="d000.s2607" source="wordnet-dutch">
         <wf lemma="dat" pos="X">dat</wf>
         <wf lemma="is" pos="X">is</wf>
         <wf lemma="altijd" pos="X">altijd</wf>
         <wf lemma="een" pos="X">een</wf>
         <wf lemma="heel" pos="X">heel</wf>
         <instance id="d000.s2607.t000" lemma="ritueel" pos="NOUN">ritueel</instance>
         <wf lemma="." pos="X">.</wf>
      </sentence>
      <sentence id="d000.s2608" source="wordnet-dutch">
         <wf lemma="over" pos="X">over</wf>
         <wf lemma="zulke" pos="X">zulke</wf>
         <wf lemma="stomme" pos="X">stomme</wf>
         <wf lemma="uitspraken" pos="X">uitspraken</wf>
         <wf lemma="kan" pos="X">kan</wf>
         <wf lemma="ik" pos="X">ik</wf>
         <wf lemma="me" pos="X">me</wf>
         <wf lemma="verschrikkelijk" pos="X">verschrikkelijk</wf>
         <instance id="d000.s2608.t000" lemma="opwinden" pos="VERB">opwinden</instance>
         <wf lemma="." pos="X">.</wf>
      </sentence>
      <sentence id="d000.s2609" source="wordnet-dutch">
         <instance id="d000.s2609.t000" lemma="roest" pos="NOUN">Roest</instance>
         <wf lemma="is" pos="X">is</wf>
         <wf lemma="een" pos="X">een</wf>
         <wf lemma="heel" pos="X">heel</wf>
         <wf lemma="vervelende" pos="X">vervelende</wf>
         <wf lemma="schimmelziekte" pos="X">schimmelziekte</wf>
         <wf lemma="," pos="X">,</wf>
         <wf lemma="niet" pos="X">niet</wf>
         <wf lemma="alleen" pos="X">alleen</wf>
         <wf lemma="bij" pos="X">bij</wf>
         <wf lemma="fuchsia's" pos="X">fuchsia's</wf>
         <wf lemma="maar" pos="X">maar</wf>
         <wf lemma="ook" pos="X">ook</wf>
         <wf lemma="bij" pos="X">bij</wf>
         <wf lemma="vele" pos="X">vele</wf>
         <wf lemma="andere" pos="X">andere</wf>
         <wf lemma="planten" pos="X">planten</wf>
         <wf lemma="," pos="X">,</wf>
         <wf lemma="zoals" pos="X">zoals</wf>
         <wf lemma="geraniums" pos="X">geraniums</wf>
         <wf lemma="." pos="X">.</wf>
      </sentence>
      <sentence id="d000.s2610" source="wordnet-dutch">
         <wf lemma="de" pos="X">de</wf>
         <wf lemma="slachtoffers" pos="X">slachtoffers</wf>
         <wf lemma="van" pos="X">van</wf>
         <wf lemma="de" pos="X">de</wf>
         <wf lemma="hongersnood" pos="X">hongersnood</wf>
         <wf lemma="liggen" pos="X">liggen</wf>
         <wf lemma="in" pos="X">in</wf>
         <wf lemma="tenten" pos="X">tenten</wf>
         <wf lemma="te" pos="X">te</wf>
         <instance id="d000.s2610.t000" lemma="zieltogen" pos="VERB">zieltogen</instance>
         <wf lemma="." pos="X">.</wf>
      </sentence>
      <sentence id="d000.s2611" source="wordnet-dutch">
         <wf lemma="dat" pos="X">dat</wf>
         <wf lemma="is" pos="X">is</wf>
         <wf lemma="geen" pos="X">geen</wf>
         <instance id="d000.s2611.t000" lemma="beletsel" pos="NOUN">beletsel</instance>
         <wf lemma="voor" pos="X">voor</wf>
         <wf lemma="de" pos="X">de</wf>
         <wf lemma="ware" pos="X">ware</wf>
         <wf lemma="liefhebber" pos="X">liefhebber</wf>
         <wf lemma="." pos="X">.</wf>
      </sentence>
      <sentence id="d000.s2612" source="wordnet-dutch">
         <wf lemma="de" pos="X">de</wf>
         <wf lemma="harde" pos="X">harde</wf>
         <wf lemma="praktijk" pos="X">praktijk</wf>
         <wf lemma="heeft" pos="X">heeft</wf>
         <wf lemma="ook" pos="X">ook</wf>
         <wf lemma="deze" pos="X">deze</wf>
         <wf lemma="gewezen" pos="X">gewezen</wf>
         <wf lemma="idealist" pos="X">idealist</wf>
         <wf lemma="inmiddels" pos="X">inmiddels</wf>
         <instance id="d000.s2612.t000" lemma="ontnuchteren" pos="VERB">ontnuchterd</instance>
         <wf lemma="." pos="X">.</wf>
      </sentence>
      <sentence id="d000.s2613" source="wordnet-dutch">
         <wf lemma="hij" pos="X">hij</wf>
         <wf lemma="heeft" pos="X">heeft</wf>
         <wf lemma="zijn" pos="X">zijn</wf>
         <instance id="d000.s2613.t000" lemma="artikel" pos="NOUN">artikel</instance>
         <wf lemma="aangeboden" pos="X">aangeboden</wf>
         <wf lemma="bij" pos="X">bij</wf>
         <wf lemma="Nature" pos="X">Nature</wf>
         <wf lemma="." pos="X">.</wf>
      </sentence>
      <sentence id="d000.s2614" source="wordnet-dutch">
         <wf lemma="een" pos="X">een</wf>
         <wf lemma="dressing" pos="X">dressing</wf>
         <wf lemma="van" pos="X">van</wf>
         <wf lemma="olie" pos="X">olie</wf>
         <wf lemma="en" pos="X">en</wf>
         <instance id="d000.s2614.t000" lemma="azijn" pos="NOUN">azijn</instance>
         <wf lemma="met" pos="X">met</wf>
         <wf lemma="wat" pos="X">wat</wf>
         <wf lemma="zout" pos="X">zout</wf>
         <wf lemma="en" pos="X">en</wf>
         <wf lemma="peper" pos="X">peper</wf>
         <wf lemma="." pos="X">.</wf>
      </sentence>
      <sentence id="d000.s2615" source="wordnet-dutch">
         <wf lemma="ze" pos="X">ze</wf>
         <wf lemma="namen" pos="X">namen</wf>
         <wf lemma="maatregelen" pos="X">maatregelen</wf>
         <wf lemma="om" pos="X">om</wf>
         <wf lemma="het" pos="X">het</wf>
         <wf lemma="geweld" pos="X">geweld</wf>
         <wf lemma="te" pos="X">te</wf>
         <instance id="d000.s2615.t000" lemma="beteugelen" pos="VERB">beteugelen</instance>
         <wf lemma="." pos="X">.</wf>
      </sentence>
      <sentence id="d000.s2616" source="wordnet-dutch">
         <wf lemma="hij" pos="X">hij</wf>
         <instance id="d000.s2616.t000" lemma="prikken" pos="VERB">prikte</instance>
         <wf lemma="eens" pos="X">eens</wf>
         <wf lemma="met" pos="X">met</wf>
         <wf lemma="een" pos="X">een</wf>
         <wf lemma="vork" pos="X">vork</wf>
         <wf lemma="in" pos="X">in</wf>
         <wf lemma="de" pos="X">de</wf>
         <wf lemma="aardappelen" pos="X">aardappelen</wf>
         <wf lemma="om" pos="X">om</wf>
         <wf lemma="te" pos="X">te</wf>
         <wf lemma="voelen" pos="X">voelen</wf>
         <wf lemma="of" pos="X">of</wf>
         <wf lemma="ze" pos="X">ze</wf>
         <wf lemma="al" pos="X">al</wf>
         <wf lemma="gaar" pos="X">gaar</wf>
         <wf lemma="waren" pos="X">waren</wf>
         <wf lemma="." pos="X">.</wf>
      </sentence>
      <sentence id="d000.s2617" source="wordnet-dutch">
         <wf lemma="bouwvakkers" pos="X">bouwvakkers</wf>
         <wf lemma="fluiten" pos="X">fluiten</wf>
         <wf lemma="vaak" pos="X">vaak</wf>
         <wf lemma="op" pos="X">op</wf>
         <wf lemma="hun" pos="X">hun</wf>
         <instance id="d000.s2617.t000" lemma="vinger" pos="NOUN">vingers</instance>
         <wf lemma="als" pos="X">als</wf>
         <wf lemma="ze" pos="X">ze</wf>
         <wf lemma="een" pos="X">een</wf>
         <wf lemma="mooie" pos="X">mooie</wf>
         <wf lemma="vrouw" pos="X">vrouw</wf>
         <wf lemma="zien" pos="X">zien</wf>
         <wf lemma="." pos="X">.</wf>
      </sentence>
      <sentence id="d000.s2618" source="wordnet-dutch">
         <wf lemma="hier" pos="X">hier</wf>
         <wf lemma="is" pos="X">is</wf>
         <wf lemma="duidelijk" pos="X">duidelijk</wf>
         <wf lemma="de" pos="X">de</wf>
         <wf lemma="verkeerde" pos="X">verkeerde</wf>
         <instance id="d000.s2618.t000" lemma="aanpak" pos="NOUN">aanpak</instance>
         <wf lemma="gevolgd" pos="X">gevolgd</wf>
         <wf lemma="." pos="X">.</wf>
      </sentence>
      <sentence id="d000.s2619" source="wordnet-dutch">
         <wf lemma="u" pos="X">u</wf>
         <wf lemma="gelieve" pos="X">gelieve</wf>
         <wf lemma="ons" pos="X">ons</wf>
         <wf lemma="dit" pos="X">dit</wf>
         <wf lemma="ter" pos="X">ter</wf>
         <instance id="d000.s2619.t000" lemma="completering" pos="NOUN">completering</instance>
         <wf lemma="van" pos="X">van</wf>
         <wf lemma="onze" pos="X">onze</wf>
         <wf lemma="gegevens" pos="X">gegevens</wf>
         <wf lemma="toe" pos="X">toe</wf>
         <wf lemma="te" pos="X">te</wf>
         <wf lemma="zenden" pos="X">zenden</wf>
         <wf lemma="." pos="X">.</wf>
      </sentence>
      <sentence id="d000.s2620" source="wordnet-dutch">
         <wf lemma="als" pos="X">als</wf>
         <wf lemma="we" pos="X">we</wf>
         <wf lemma="de" pos="X">de</wf>
         <wf lemma="stoelen" pos="X">stoelen</wf>
         <wf lemma="nog" pos="X">nog</wf>
         <wf lemma="wat" pos="X">wat</wf>
         <instance id="d000.s2620.t000" lemma="inschuiven" pos="VERB">inschuiven</instance>
         <wf lemma="," pos="X">,</wf>
         <wf lemma="dan" pos="X">dan</wf>
         <wf lemma="kan" pos="X">kan</wf>
         <wf lemma="er" pos="X">er</wf>
         <wf lemma="nog" pos="X">nog</wf>
         <wf lemma="één" pos="X">één</wf>
         <wf lemma="bij" pos="X">bij</wf>
         <wf lemma="." pos="X">.</wf>
      </sentence>
      <sentence id="d000.s2621" source="wordnet-dutch">
         <wf lemma="het" pos="X">het</wf>
         <wf lemma="glas" pos="X">glas</wf>
         <wf lemma="viel" pos="X">viel</wf>
         <wf lemma="in" pos="X">in</wf>
         <wf lemma="duizend" pos="X">duizend</wf>
         <instance id="d000.s2621.t000" lemma="scherf" pos="NOUN">scherven</instance>
         <wf lemma="op" pos="X">op</wf>
         <wf lemma="de" pos="X">de</wf>
         <wf lemma="grond" pos="X">grond</wf>
         <wf lemma="." pos="X">.</wf>
      </sentence>
      <sentence id="d000.s2622" source="wordnet-dutch">
         <wf lemma="dat" pos="X">dat</wf>
         <wf lemma="bedrijf" pos="X">bedrijf</wf>
         <instance id="d000.s2622.t000" lemma="sponsoren" pos="VERB">sponsort</instance>
         <wf lemma="het" pos="X">het</wf>
         <wf lemma="evenement" pos="X">evenement</wf>
         <wf lemma="jaarlijks" pos="X">jaarlijks</wf>
         <wf lemma="voor" pos="X">voor</wf>
         <wf lemma="tussen" pos="X">tussen</wf>
         <wf lemma="de" pos="X">de</wf>
         <wf lemma="10000" pos="X">10000</wf>
         <wf lemma="en" pos="X">en</wf>
         <wf lemma="20000" pos="X">20000</wf>
         <wf lemma="gulden" pos="X">gulden</wf>
         <wf lemma="." pos="X">.</wf>
      </sentence>
      <sentence id="d000.s2623" source="wordnet-dutch">
         <wf lemma="ze" pos="X">ze</wf>
         <wf lemma="moet" pos="X">moet</wf>
         <wf lemma="haar" pos="X">haar</wf>
         <wf lemma="examen" pos="X">examen</wf>
         <instance id="d000.s2623.t000" lemma="overdoen" pos="VERB">overdoen</instance>
         <wf lemma="." pos="X">.</wf>
      </sentence>
      <sentence id="d000.s2624" source="wordnet-dutch">
         <wf lemma="de" pos="X">de</wf>
         <wf lemma="vorige" pos="X">vorige</wf>
         <wf lemma="eigenaar" pos="X">eigenaar</wf>
         <wf lemma="heeft" pos="X">heeft</wf>
         <wf lemma="dit" pos="X">dit</wf>
         <wf lemma="historische" pos="X">historische</wf>
         <wf lemma="gebouw" pos="X">gebouw</wf>
         <wf lemma="laten" pos="X">laten</wf>
         <instance id="d000.s2624.t000" lemma="verkommeren" pos="VERB">verkommeren</instance>
         <wf lemma="." pos="X">.</wf>
      </sentence>
      <sentence id="d000.s2625" source="wordnet-dutch">
         <wf lemma="de" pos="X">de</wf>
         <wf lemma="politie" pos="X">politie</wf>
         <wf lemma="heeft" pos="X">heeft</wf>
         <wf lemma="twee" pos="X">twee</wf>
         <wf lemma="mannen" pos="X">mannen</wf>
         <wf lemma="opgepakt" pos="X">opgepakt</wf>
         <wf lemma="die" pos="X">die</wf>
         <wf lemma="zich" pos="X">zich</wf>
         <wf lemma="verdacht" pos="X">verdacht</wf>
         <instance id="d000.s2625.t000" lemma="gedragen" pos="VERB">gedroegen</instance>
         <wf lemma="." pos="X">.</wf>
      </sentence>
      <sentence id="d000.s2626" source="wordnet-dutch">
         <wf lemma="in" pos="X">in</wf>
         <wf lemma="de" pos="X">de</wf>
         <instance id="d000.s2626.t000" lemma="pers" pos="NOUN">pers</instance>
         <wf lemma="verschenen" pos="X">verschenen</wf>
         <wf lemma="berichten" pos="X">berichten</wf>
         <wf lemma="over" pos="X">over</wf>
         <wf lemma="problemen" pos="X">problemen</wf>
         <wf lemma="in" pos="X">in</wf>
         <wf lemma="het" pos="X">het</wf>
         <wf lemma="koningshuis" pos="X">koningshuis</wf>
         <wf lemma="." pos="X">.</wf>
      </sentence>
      <sentence id="d000.s2627" source="wordnet-dutch">
         <wf lemma="de" pos="X">de</wf>
         <wf lemma="firma" pos="X">firma</wf>
         <wf lemma="moet" pos="X">moet</wf>
         <wf lemma="zijn" pos="X">zijn</wf>
         <wf lemma="consumenten" pos="X">consumenten</wf>
         <wf lemma="voortaan" pos="X">voortaan</wf>
         <wf lemma="beter" pos="X">beter</wf>
         <instance id="d000.s2627.t000" lemma="inlichten" pos="VERB">inlichten</instance>
         <wf lemma="over" pos="X">over</wf>
         <wf lemma="de" pos="X">de</wf>
         <wf lemma="gevaren" pos="X">gevaren</wf>
         <wf lemma="van" pos="X">van</wf>
         <wf lemma="hun" pos="X">hun</wf>
         <wf lemma="product" pos="X">product</wf>
         <wf lemma="." pos="X">.</wf>
      </sentence>
      <sentence id="d000.s2628" source="wordnet-dutch">
         <wf lemma="de" pos="X">de</wf>
         <wf lemma="gemeente" pos="X">gemeente</wf>
         <wf lemma="gaat" pos="X">gaat</wf>
         <wf lemma="deze" pos="X">deze</wf>
         <wf lemma="gronden" pos="X">gronden</wf>
         <instance id="d000.s2628.t000" lemma="onteigenen" pos="VERB">onteigenen</instance>
         <wf lemma="om" pos="X">om</wf>
         <wf lemma="er" pos="X">er</wf>
         <wf lemma="sociale" pos="X">sociale</wf>
         <wf lemma="woningen" pos="X">woningen</wf>
         <wf lemma="te" pos="X">te</wf>
         <wf lemma="bouwen" pos="X">bouwen</wf>
         <wf lemma="." pos="X">.</wf>
      </sentence>
      <sentence id="d000.s2629" source="wordnet-dutch">
         <wf lemma="de" pos="X">de</wf>
         <wf lemma="boeken" pos="X">boeken</wf>
         <wf lemma="getuigen" pos="X">getuigen</wf>
         <wf lemma="van" pos="X">van</wf>
         <wf lemma="een" pos="X">een</wf>
         <wf lemma="ver" pos="X">ver</wf>
         <instance id="d000.s2629.t000" lemma="verleden" pos="NOUN">verleden</instance>
         <wf lemma="." pos="X">.</wf>
      </sentence>
      <sentence id="d000.s2630" source="wordnet-dutch">
         <wf lemma="ik" pos="X">ik</wf>
         <wf lemma="stond" pos="X">stond</wf>
         <wf lemma="in" pos="X">in</wf>
         <instance id="d000.s2630.t000" lemma="verrukking" pos="NOUN">verrukking</instance>
         <wf lemma="voor" pos="X">voor</wf>
         <wf lemma="de" pos="X">de</wf>
         <wf lemma="zangeres" pos="X">zangeres</wf>
         <wf lemma="." pos="X">.</wf>
      </sentence>
      <sentence id="d000.s2631" source="wordnet-dutch">
         <wf lemma="Hij" pos="X">Hij</wf>
         <wf lemma="heeft" pos="X">heeft</wf>
         <wf lemma="vele" pos="X">vele</wf>
         <wf lemma="goede" pos="X">goede</wf>
         <instance id="d000.s2631.t000" lemma="hoedanigheid" pos="NOUN">hoedanigheden</instance>
         <wf lemma="." pos="X">.</wf>
      </sentence>
      <sentence id="d000.s2632" source="wordnet-dutch">
         <wf lemma="hij" pos="X">hij</wf>
         <wf lemma="wil" pos="X">wil</wf>
         <wf lemma="dokter" pos="X">dokter</wf>
         <wf lemma="orden" pos="X">orden</wf>
         <wf lemma="of" pos="X">of</wf>
         <wf lemma="iets" pos="X">iets</wf>
         <wf lemma="in" pos="X">in</wf>
         <wf lemma="die" pos="X">die</wf>
         <instance id="d000.s2632.t000" lemma="richting" pos="NOUN">richting</instance>
         <wf lemma="." pos="X">.</wf>
      </sentence>
      <sentence id="d000.s2633" source="wordnet-dutch">
         <wf lemma="de" pos="X">de</wf>
         <wf lemma="een" pos="X">een</wf>
         <wf lemma="of" pos="X">of</wf>
         <wf lemma="andere" pos="X">andere</wf>
         <wf lemma="hoge" pos="X">hoge</wf>
         <instance id="d000.s2633.t000" lemma="pief" pos="NOUN">pief</instance>
         <wf lemma="in" pos="X">in</wf>
         <wf lemma="een" pos="X">een</wf>
         <wf lemma="lelijk" pos="X">lelijk</wf>
         <wf lemma="pak" pos="X">pak</wf>
         <wf lemma="met" pos="X">met</wf>
         <wf lemma="een" pos="X">een</wf>
         <wf lemma="te" pos="X">te</wf>
         <wf lemma="dure" pos="X">dure</wf>
         <wf lemma="auto" pos="X">auto</wf>
         <wf lemma="." pos="X">.</wf>
      </sentence>
      <sentence id="d000.s2634" source="wordnet-dutch">
         <wf lemma="Rusland" pos="X">Rusland</wf>
         <wf lemma="en" pos="X">en</wf>
         <wf lemma="de" pos="X">de</wf>
         <wf lemma="VS" pos="X">VS</wf>
         <wf lemma="zijn" pos="X">zijn</wf>
         <wf lemma="nog" pos="X">nog</wf>
         <wf lemma="steeds" pos="X">steeds</wf>
         <wf lemma="de" pos="X">de</wf>
         <wf lemma="twee" pos="X">twee</wf>
         <instance id="d000.s2634.t000" lemma="supermacht" pos="NOUN">supermachten</instance>
         <wf lemma="van" pos="X">van</wf>
         <wf lemma="deze" pos="X">deze</wf>
         <wf lemma="wereld" pos="X">wereld</wf>
         <wf lemma="." pos="X">.</wf>
      </sentence>
      <sentence id="d000.s2635" source="wordnet-dutch">
         <wf lemma="zolang" pos="X">zolang</wf>
         <wf lemma="die" pos="X">die</wf>
         <wf lemma="functie" pos="X">functie</wf>
         <wf lemma="niet" pos="X">niet</wf>
         <wf lemma="goed" pos="X">goed</wf>
         <wf lemma="is" pos="X">is</wf>
         <instance id="d000.s2635.t000" lemma="afperken" pos="VERB">afgeperkt</instance>
         <wf lemma="houd" pos="X">houd</wf>
         <wf lemma="je" pos="X">je</wf>
         <wf lemma="problemen" pos="X">problemen</wf>
         <wf lemma="met" pos="X">met</wf>
         <wf lemma="je" pos="X">je</wf>
         <wf lemma="collega's" pos="X">collega's</wf>
         <wf lemma="." pos="X">.</wf>
      </sentence>
      <sentence id="d000.s2636" source="wordnet-dutch">
         <wf lemma="Hoeveel" pos="X">Hoeveel</wf>
         <instance id="d000.s2636.t000" lemma="prent" pos="NOUN">prenten</instance>
         <wf lemma="heb" pos="X">heb</wf>
         <wf lemma="je" pos="X">je</wf>
         <wf lemma="in" pos="X">in</wf>
         <wf lemma="je" pos="X">je</wf>
         <wf lemma="beurs" pos="X">beurs</wf>
         <wf lemma="?" pos="X">?</wf>
      </sentence>
      <sentence id="d000.s2637" source="wordnet-dutch">
         <wf lemma="er" pos="X">er</wf>
         <wf lemma="kwam" pos="X">kwam</wf>
         <wf lemma="maar" pos="X">maar</wf>
         <wf lemma="een" pos="X">een</wf>
         <instance id="d000.s2637.t000" lemma="handjevol" pos="NOUN">handjevol</instance>
         <wf lemma="mensen" pos="X">mensen</wf>
         <wf lemma="kijken" pos="X">kijken</wf>
         <wf lemma="." pos="X">.</wf>
      </sentence>
      <sentence id="d000.s2638" source="wordnet-dutch">
         <wf lemma="dat" pos="X">dat</wf>
         <wf lemma="rotweer" pos="X">rotweer</wf>
         <wf lemma="verpestte/bedierf" pos="X">verpestte/bedierf</wf>
         <wf lemma="totaal" pos="X">totaal</wf>
         <wf lemma="haar" pos="X">haar</wf>
         <instance id="d000.s2638.t000" lemma="humeur" pos="NOUN">humeur</instance>
         <wf lemma="." pos="X">.</wf>
      </sentence>
      <sentence id="d000.s2639" source="wordnet-dutch">
         <wf lemma="Zal" pos="X">Zal</wf>
         <wf lemma="ik" pos="X">ik</wf>
         <wf lemma="je" pos="X">je</wf>
         <wf lemma="de" pos="X">de</wf>
         <instance id="d000.s2639.t000" lemma="waarheid" pos="NOUN">waarheid</instance>
         <wf lemma="vertellen" pos="X">vertellen</wf>
         <wf lemma="?" pos="X">?</wf>
      </sentence>
      <sentence id="d000.s2640" source="wordnet-dutch">
         <wf lemma="de" pos="X">de</wf>
         <wf lemma="president" pos="X">president</wf>
         <instance id="d000.s2640.t000" lemma="ontslaan" pos="VERB">ontsloeg</instance>
         <wf lemma="vandaag" pos="X">vandaag</wf>
         <wf lemma="de" pos="X">de</wf>
         <wf lemma="minister" pos="X">minister</wf>
         <wf lemma="van" pos="X">van</wf>
         <wf lemma="buitenlandse" pos="X">buitenlandse</wf>
         <wf lemma="zaken" pos="X">zaken</wf>
         <wf lemma="." pos="X">.</wf>
      </sentence>
      <sentence id="d000.s2641" source="wordnet-dutch">
         <wf lemma="de" pos="X">de</wf>
         <wf lemma="tarwe" pos="X">tarwe</wf>
         <wf lemma="ontwikkelt" pos="X">ontwikkelt</wf>
         <wf lemma="binnen" pos="X">binnen</wf>
         <wf lemma="vier" pos="X">vier</wf>
         <wf lemma="weken" pos="X">weken</wf>
         <wf lemma="een" pos="X">een</wf>
         <wf lemma="nieuwe" pos="X">nieuwe</wf>
         <instance id="d000.s2641.t000" lemma="scheut" pos="NOUN">scheut</instance>
         <wf lemma="." pos="X">.</wf>
      </sentence>
      <sentence id="d000.s2642" source="wordnet-dutch">
         <wf lemma="je" pos="X">je</wf>
         <wf lemma="moet" pos="X">moet</wf>
         <wf lemma="je" pos="X">je</wf>
         <wf lemma="tekst" pos="X">tekst</wf>
         <wf lemma="goed" pos="X">goed</wf>
         <wf lemma="op" pos="X">op</wf>
         <wf lemma="je" pos="X">je</wf>
         <wf lemma="publiek" pos="X">publiek</wf>
         <instance id="d000.s2642.t000" lemma="afstemmen" pos="VERB">afstemmen</instance>
         <wf lemma="." pos="X">.</wf>
      </sentence>
      <sentence id="d000.s2643" source="wordnet-dutch">
         <wf lemma="hij" pos="X">hij</wf>
         <wf lemma="bracht" pos="X">bracht</wf>
         <wf lemma="het" pos="X">het</wf>
         <wf lemma="hele" pos="X">hele</wf>
         <wf lemma="publiek" pos="X">publiek</wf>
         <wf lemma="in" pos="X">in</wf>
         <wf lemma="opperste" pos="X">opperste</wf>
         <instance id="d000.s2643.t000" lemma="vervoering" pos="NOUN">vervoering</instance>
         <wf lemma="." pos="X">.</wf>
      </sentence>
      <sentence id="d000.s2644" source="wordnet-dutch">
         <wf lemma="Het" pos="X">Het</wf>
         <wf lemma="paard" pos="X">paard</wf>
         <wf lemma="kreeg" pos="X">kreeg</wf>
         <wf lemma="dressuurtraining" pos="X">dressuurtraining</wf>
         <wf lemma="aan" pos="X">aan</wf>
         <wf lemma="een" pos="X">een</wf>
         <instance id="d000.s2644.t000" lemma="lei" pos="NOUN">lei</instance>
         <wf lemma="." pos="X">.</wf>
      </sentence>
      <sentence id="d000.s2645" source="wordnet-dutch">
         <wf lemma="mochten" pos="X">mochten</wf>
         <wf lemma="er" pos="X">er</wf>
         <wf lemma="zich" pos="X">zich</wf>
         <wf lemma="nog" pos="X">nog</wf>
         <instance id="d000.s2645.t000" lemma="ontwikkeling" pos="NOUN">ontwikkelingen</instance>
         <wf lemma="voordoen" pos="X">voordoen</wf>
         <wf lemma="," pos="X">,</wf>
         <wf lemma="dan" pos="X">dan</wf>
         <wf lemma="hoort" pos="X">hoort</wf>
         <wf lemma="u" pos="X">u</wf>
         <wf lemma="dat" pos="X">dat</wf>
         <wf lemma="." pos="X">.</wf>
      </sentence>
      <sentence id="d000.s2646" source="wordnet-dutch">
         <wf lemma="de" pos="X">de</wf>
         <wf lemma="voorbereiding" pos="X">voorbereiding</wf>
         <wf lemma="van" pos="X">van</wf>
         <wf lemma="deze" pos="X">deze</wf>
         <wf lemma="actie" pos="X">actie</wf>
         <wf lemma="was" pos="X">was</wf>
         <wf lemma="met" pos="X">met</wf>
         <wf lemma="de" pos="X">de</wf>
         <wf lemma="nodige" pos="X">nodige</wf>
         <instance id="d000.s2646.t000" lemma="geheimzinnigheid" pos="NOUN">geheimzinnigheid</instance>
         <wf lemma="omgeven" pos="X">omgeven</wf>
         <wf lemma="." pos="X">.</wf>
      </sentence>
      <sentence id="d000.s2647" source="wordnet-dutch">
         <wf lemma="hij" pos="X">hij</wf>
         <wf lemma="is" pos="X">is</wf>
         <instance id="d000.s2647.t000" lemma="weggaan" pos="VERB">weggegaan</instance>
         <wf lemma="bij" pos="X">bij</wf>
         <wf lemma="de" pos="X">de</wf>
         <wf lemma="firma" pos="X">firma</wf>
         <wf lemma="Jansen" pos="X">Jansen</wf>
         <wf lemma="." pos="X">.</wf>
      </sentence>
      <sentence id="d000.s2648" source="wordnet-dutch">
         <wf lemma="op" pos="X">op</wf>
         <wf lemma="een" pos="X">een</wf>
         <wf lemma="rommelmarkt" pos="X">rommelmarkt</wf>
         <wf lemma="kan" pos="X">kan</wf>
         <wf lemma="je" pos="X">je</wf>
         <wf lemma="altijd" pos="X">altijd</wf>
         <wf lemma="wel" pos="X">wel</wf>
         <instance id="d000.s2648.t000" lemma="afdingen" pos="VERB">afdingen</instance>
         <wf lemma="op" pos="X">op</wf>
         <wf lemma="dure" pos="X">dure</wf>
         <wf lemma="stukken" pos="X">stukken</wf>
         <wf lemma="." pos="X">.</wf>
      </sentence>
      <sentence id="d000.s2649" source="wordnet-dutch">
         <wf lemma="het" pos="X">het</wf>
         <wf lemma="lag" pos="X">lag</wf>
         <wf lemma="in" pos="X">in</wf>
         <wf lemma="haar" pos="X">haar</wf>
         <instance id="d000.s2649.t000" lemma="voornemen" pos="NOUN">voornemen</instance>
         <wf lemma="om" pos="X">om</wf>
         <wf lemma="zo" pos="X">zo</wf>
         <wf lemma="snel" pos="X">snel</wf>
         <wf lemma="mogelijk" pos="X">mogelijk</wf>
         <wf lemma="te" pos="X">te</wf>
         <wf lemma="komen" pos="X">komen</wf>
         <wf lemma="." pos="X">.</wf>
      </sentence>
      <sentence id="d000.s2650" source="wordnet-dutch">
         <wf lemma="Het" pos="X">Het</wf>
         <instance id="d000.s2650.t000" lemma="accent" pos="NOUN">accent</instance>
         <wf lemma="van" pos="X">van</wf>
         <wf lemma="deze" pos="X">deze</wf>
         <wf lemma="schilder" pos="X">schilder</wf>
         <wf lemma="is" pos="X">is</wf>
         <wf lemma="landelijk" pos="X">landelijk</wf>
         <wf lemma="." pos="X">.</wf>
      </sentence>
      <sentence id="d000.s2651" source="wordnet-dutch">
         <wf lemma="de" pos="X">de</wf>
         <wf lemma="vereniging" pos="X">vereniging</wf>
         <wf lemma="organiseert" pos="X">organiseert</wf>
         <wf lemma="in" pos="X">in</wf>
         <instance id="d000.s2651.t000" lemma="samenwerking" pos="NOUN">samenwerking</instance>
         <wf lemma="met" pos="X">met</wf>
         <wf lemma="de" pos="X">de</wf>
         <wf lemma="Waddenvereniging" pos="X">Waddenvereniging</wf>
         <wf lemma="natuurweken" pos="X">natuurweken</wf>
         <wf lemma="." pos="X">.</wf>
      </sentence>
      <sentence id="d000.s2652" source="wordnet-dutch">
         <wf lemma="de" pos="X">de</wf>
         <wf lemma="politie" pos="X">politie</wf>
         <wf lemma="heeft" pos="X">heeft</wf>
         <wf lemma="alle" pos="X">alle</wf>
         <wf lemma="steekwapens" pos="X">steekwapens</wf>
         <instance id="d000.s2652.t000" lemma="afnemen" pos="VERB">afgenomen</instance>
         <wf lemma="." pos="X">.</wf>
      </sentence>
      <sentence id="d000.s2653" source="wordnet-dutch">
         <wf lemma="één" pos="X">één</wf>
         <wf lemma="van" pos="X">van</wf>
         <wf lemma="de" pos="X">de</wf>
         <wf lemma="schipbreukelingen" pos="X">schipbreukelingen</wf>
         <instance id="d000.s2653.t000" lemma="ontwaren" pos="VERB">ontwaarde</instance>
         <wf lemma="in" pos="X">in</wf>
         <wf lemma="de" pos="X">de</wf>
         <wf lemma="verte" pos="X">verte</wf>
         <wf lemma="een" pos="X">een</wf>
         <wf lemma="schip" pos="X">schip</wf>
         <wf lemma="." pos="X">.</wf>
      </sentence>
      <sentence id="d000.s2654" source="wordnet-dutch">
         <wf lemma="'s" pos="X">'s</wf>
         <wf lemma="avonds" pos="X">avonds</wf>
         <wf lemma="is" pos="X">is</wf>
         <wf lemma="hij" pos="X">hij</wf>
         <wf lemma="een" pos="X">een</wf>
         <wf lemma="hele" pos="X">hele</wf>
         <instance id="d000.s2654.t000" lemma="piet" pos="NOUN">piet</instance>
         <wf lemma="," pos="X">,</wf>
         <wf lemma="maar" pos="X">maar</wf>
         <wf lemma="moet" pos="X">moet</wf>
         <wf lemma="je" pos="X">je</wf>
         <wf lemma="s'" pos="X">s'</wf>
         <wf lemma="morgens" pos="X">morgens</wf>
         <wf lemma="eens" pos="X">eens</wf>
         <wf lemma="kijken" pos="X">kijken</wf>
         <wf lemma="." pos="X">.</wf>
      </sentence>
      <sentence id="d000.s2655" source="wordnet-dutch">
         <wf lemma="op" pos="X">op</wf>
         <wf lemma="de" pos="X">de</wf>
         <instance id="d000.s2655.t000" lemma="meet" pos="NOUN">meet</instance>
         <wf lemma="had" pos="X">had</wf>
         <wf lemma="Indurain" pos="X">Indurain</wf>
         <wf lemma="een" pos="X">een</wf>
         <wf lemma="banddikte" pos="X">banddikte</wf>
         <wf lemma="voorsprong" pos="X">voorsprong</wf>
         <wf lemma="." pos="X">.</wf>
      </sentence>
      <sentence id="d000.s2656" source="wordnet-dutch">
         <wf lemma="ik" pos="X">ik</wf>
         <wf lemma="kan" pos="X">kan</wf>
         <wf lemma="Jan" pos="X">Jan</wf>
         <wf lemma="maar" pos="X">maar</wf>
         <wf lemma="niet" pos="X">niet</wf>
         <wf lemma="aan" pos="X">aan</wf>
         <wf lemma="de" pos="X">de</wf>
         <instance id="d000.s2656.t000" lemma="telefoon" pos="NOUN">telefoon</instance>
         <wf lemma="krijgen" pos="X">krijgen</wf>
         <wf lemma="." pos="X">.</wf>
      </sentence>
      <sentence id="d000.s2657" source="wordnet-dutch">
         <wf lemma="het" pos="X">het</wf>
         <wf lemma="was" pos="X">was</wf>
         <wf lemma="al" pos="X">al</wf>
         <wf lemma="ver" pos="X">ver</wf>
         <wf lemma="na" pos="X">na</wf>
         <instance id="d000.s2657.t000" lemma="sluitingstijd" pos="NOUN">sluitingstijd</instance>
         <wf lemma="toen" pos="X">toen</wf>
         <wf lemma="de" pos="X">de</wf>
         <wf lemma="laatste" pos="X">laatste</wf>
         <wf lemma="klant" pos="X">klant</wf>
         <wf lemma="wegging" pos="X">wegging</wf>
         <wf lemma="." pos="X">.</wf>
      </sentence>
      <sentence id="d000.s2658" source="wordnet-dutch">
         <wf lemma="hij" pos="X">hij</wf>
         <wf lemma="heeft" pos="X">heeft</wf>
         <wf lemma="zijn" pos="X">zijn</wf>
         <wf lemma="hele" pos="X">hele</wf>
         <wf lemma="familie" pos="X">familie</wf>
         <instance id="d000.s2658.t000" lemma="mobiliseren" pos="VERB">gemobiliseerd</instance>
         <wf lemma="om" pos="X">om</wf>
         <wf lemma="haar" pos="X">haar</wf>
         <wf lemma="uit" pos="X">uit</wf>
         <wf lemma="te" pos="X">te</wf>
         <wf lemma="zwaaien" pos="X">zwaaien</wf>
         <wf lemma="." pos="X">.</wf>
      </sentence>
      <sentence id="d000.s2659" source="wordnet-dutch">
         <wf lemma="het" pos="X">het</wf>
         <wf lemma="ongewoon" pos="X">ongewoon</wf>
         <wf lemma="gewelddadige" pos="X">gewelddadige</wf>
         <wf lemma="politieoptreden" pos="X">politieoptreden</wf>
         <wf lemma="zou" pos="X">zou</wf>
         <wf lemma="het" pos="X">het</wf>
         <wf lemma="verloop" pos="X">verloop</wf>
         <wf lemma="van" pos="X">van</wf>
         <wf lemma="de" pos="X">de</wf>
         <wf lemma="gebeurtenissen" pos="X">gebeurtenissen</wf>
         <instance id="d000.s2659.t000" lemma="beslissen" pos="VERB">beslissen</instance>
         <wf lemma="." pos="X">.</wf>
      </sentence>
      <sentence id="d000.s2660" source="wordnet-dutch">
         <wf lemma="twee" pos="X">twee</wf>
         <wf lemma="mensen" pos="X">mensen</wf>
         <wf lemma="zijn" pos="X">zijn</wf>
         <wf lemma="levend" pos="X">levend</wf>
         <instance id="d000.s2660.t000" lemma="verbranden" pos="VERB">verbrand</instance>
         <wf lemma="bij" pos="X">bij</wf>
         <wf lemma="een" pos="X">een</wf>
         <wf lemma="zwaar" pos="X">zwaar</wf>
         <wf lemma="verkeersongeluk" pos="X">verkeersongeluk</wf>
         <wf lemma="in" pos="X">in</wf>
         <wf lemma="Brussel" pos="X">Brussel</wf>
         <wf lemma="." pos="X">.</wf>
      </sentence>
      <sentence id="d000.s2661" source="wordnet-dutch">
         <wf lemma="de" pos="X">de</wf>
         <wf lemma="politie" pos="X">politie</wf>
         <wf lemma="neemt" pos="X">neemt</wf>
         <wf lemma="de" pos="X">de</wf>
         <wf lemma="gestolen" pos="X">gestolen</wf>
         <wf lemma="auto" pos="X">auto</wf>
         <wf lemma="in" pos="X">in</wf>
         <instance id="d000.s2661.t000" lemma="beslag" pos="NOUN">beslag</instance>
         <wf lemma="." pos="X">.</wf>
      </sentence>
      <sentence id="d000.s2662" source="wordnet-dutch">
         <wf lemma="door" pos="X">door</wf>
         <wf lemma="al" pos="X">al</wf>
         <wf lemma="dat" pos="X">dat</wf>
         <wf lemma="vette" pos="X">vette</wf>
         <wf lemma="eten" pos="X">eten</wf>
         <wf lemma="kun" pos="X">kun</wf>
         <wf lemma="je" pos="X">je</wf>
         <wf lemma="last" pos="X">last</wf>
         <wf lemma="van" pos="X">van</wf>
         <wf lemma="je" pos="X">je</wf>
         <instance id="d000.s2662.t000" lemma="hart" pos="NOUN">hart</instance>
         <wf lemma="krijgen" pos="X">krijgen</wf>
         <wf lemma="." pos="X">.</wf>
      </sentence>
      <sentence id="d000.s2663" source="wordnet-dutch">
         <wf lemma="de" pos="X">de</wf>
         <wf lemma="partijen" pos="X">partijen</wf>
         <wf lemma="hebben" pos="X">hebben</wf>
         <wf lemma="een" pos="X">een</wf>
         <wf lemma="akkoord" pos="X">akkoord</wf>
         <wf lemma="op" pos="X">op</wf>
         <instance id="d000.s2663.t000" lemma="hoofdlijn" pos="NOUN">hoofdlijnen</instance>
         <wf lemma="bereikt" pos="X">bereikt</wf>
         <wf lemma="." pos="X">.</wf>
      </sentence>
      <sentence id="d000.s2664" source="wordnet-dutch">
         <wf lemma="iets" pos="X">iets</wf>
         <wf lemma="uit" pos="X">uit</wf>
         <instance id="d000.s2664.t000" lemma="liefde" pos="NOUN">liefde</instance>
         <wf lemma="doen" pos="X">doen</wf>
         <wf lemma="." pos="X">.</wf>
      </sentence>
      <sentence id="d000.s2665" source="wordnet-dutch">
         <wf lemma="als" pos="X">als</wf>
         <wf lemma="het" pos="X">het</wf>
         <instance id="d000.s2665.t000" lemma="vloed" pos="NOUN">vloed</instance>
         <wf lemma="wordt" pos="X">wordt</wf>
         <wf lemma="," pos="X">,</wf>
         <wf lemma="moet" pos="X">moet</wf>
         <wf lemma="je" pos="X">je</wf>
         <wf lemma="het" pos="X">het</wf>
         <wf lemma="water" pos="X">water</wf>
         <wf lemma="uit" pos="X">uit</wf>
         <wf lemma="." pos="X">.</wf>
      </sentence>
      <sentence id="d000.s2666" source="wordnet-dutch">
         <instance id="d000.s2666.t000" lemma="cannabis" pos="NOUN">cannabis</instance>
         <wf lemma="kweken" pos="X">kweken</wf>
         <wf lemma="is" pos="X">is</wf>
         <wf lemma="verslavender" pos="X">verslavender</wf>
         <wf lemma="dan" pos="X">dan</wf>
         <wf lemma="marihuana" pos="X">marihuana</wf>
         <wf lemma="roken" pos="X">roken</wf>
         <wf lemma="." pos="X">.</wf>
      </sentence>
      <sentence id="d000.s2667" source="wordnet-dutch">
         <wf lemma="die" pos="X">die</wf>
         <wf lemma="bril" pos="X">bril</wf>
         <instance id="d000.s2667.t000" lemma="passen" pos="VERB">past</instance>
         <wf lemma="niet" pos="X">niet</wf>
         <wf lemma="bij" pos="X">bij</wf>
         <wf lemma="m'n" pos="X">m'n</wf>
         <wf lemma="kleding" pos="X">kleding</wf>
         <wf lemma="." pos="X">.</wf>
      </sentence>
      <sentence id="d000.s2668" source="wordnet-dutch">
         <wf lemma="het" pos="X">het</wf>
         <wf lemma="is" pos="X">is</wf>
         <wf lemma="voor" pos="X">voor</wf>
         <wf lemma="het" pos="X">het</wf>
         <wf lemma="eerst" pos="X">eerst</wf>
         <wf lemma="in" pos="X">in</wf>
         <wf lemma="Europa" pos="X">Europa</wf>
         <wf lemma="dat" pos="X">dat</wf>
         <wf lemma="een" pos="X">een</wf>
         <wf lemma="walrus" pos="X">walrus</wf>
         <wf lemma="in" pos="X">in</wf>
         <wf lemma="gevangenschap" pos="X">gevangenschap</wf>
         <wf lemma="heeft" pos="X">heeft</wf>
         <instance id="d000.s2668.t000" lemma="jongen" pos="VERB">gejongd</instance>
         <wf lemma="." pos="X">.</wf>
      </sentence>
      <sentence id="d000.s2669" source="wordnet-dutch">
         <wf lemma="tussen" pos="X">tussen</wf>
         <wf lemma="acht" pos="X">acht</wf>
         <wf lemma="en" pos="X">en</wf>
         <wf lemma="tien" pos="X">tien</wf>
         <instance id="d000.s2669.t000" lemma="houden" pos="VERB">houdt</instance>
         <wf lemma="de" pos="X">de</wf>
         <wf lemma="dokter" pos="X">dokter</wf>
         <wf lemma="spreekuur" pos="X">spreekuur</wf>
         <wf lemma="." pos="X">.</wf>
      </sentence>
      <sentence id="d000.s2670" source="wordnet-dutch">
         <wf lemma="dat" pos="X">dat</wf>
         <wf lemma="horloge" pos="X">horloge</wf>
         <wf lemma="gaat" pos="X">gaat</wf>
         <wf lemma="mijn" pos="X">mijn</wf>
         <instance id="d000.s2670.t000" lemma="budget" pos="NOUN">budget</instance>
         <wf lemma="te" pos="X">te</wf>
         <wf lemma="boven" pos="X">boven</wf>
         <wf lemma="." pos="X">.</wf>
      </sentence>
      <sentence id="d000.s2671" source="wordnet-dutch">
         <wf lemma="er" pos="X">er</wf>
         <wf lemma="klonk" pos="X">klonk</wf>
         <wf lemma="een" pos="X">een</wf>
         <wf lemma="harde" pos="X">harde</wf>
         <instance id="d000.s2671.t000" lemma="klap" pos="NOUN">klap</instance>
         <wf lemma="." pos="X">.</wf>
      </sentence>
      <sentence id="d000.s2672" source="wordnet-dutch">
         <wf lemma="Deze" pos="X">Deze</wf>
         <instance id="d000.s2672.t000" lemma="opgave" pos="NOUN">opgave</instance>
         <wf lemma="bevat" pos="X">bevat</wf>
         <wf lemma="belangrijke" pos="X">belangrijke</wf>
         <wf lemma="gegevens" pos="X">gegevens</wf>
         <wf lemma="." pos="X">.</wf>
      </sentence>
      <sentence id="d000.s2673" source="wordnet-dutch">
         <wf lemma="Je" pos="X">Je</wf>
         <wf lemma="kunt" pos="X">kunt</wf>
         <wf lemma="mijn" pos="X">mijn</wf>
         <instance id="d000.s2673.t000" lemma="bot" pos="NOUN">botten</instance>
         <wf lemma="kussen" pos="X">kussen</wf>
         <wf lemma="!" pos="X">!</wf>
      </sentence>
      <sentence id="d000.s2674" source="wordnet-dutch">
         <wf lemma="ik" pos="X">ik</wf>
         <wf lemma="heb" pos="X">heb</wf>
         <wf lemma="eerlijk" pos="X">eerlijk</wf>
         <wf lemma="gezegd" pos="X">gezegd</wf>
         <wf lemma="niet" pos="X">niet</wf>
         <instance id="d000.s2674.t000" lemma="doorzien" pos="VERB">doorzien</instance>
         <wf lemma="dat" pos="X">dat</wf>
         <wf lemma="het" pos="X">het</wf>
         <wf lemma="haar" pos="X">haar</wf>
         <wf lemma="slechts" pos="X">slechts</wf>
         <wf lemma="om" pos="X">om</wf>
         <wf lemma="het" pos="X">het</wf>
         <wf lemma="bioscoopkaartje" pos="X">bioscoopkaartje</wf>
         <wf lemma="ging" pos="X">ging</wf>
         <wf lemma="." pos="X">.</wf>
      </sentence>
      <sentence id="d000.s2675" source="wordnet-dutch">
         <wf lemma="lezen" pos="X">lezen</wf>
         <wf lemma="behoort" pos="X">behoort</wf>
         <wf lemma="tot" pos="X">tot</wf>
         <wf lemma="mijn" pos="X">mijn</wf>
         <wf lemma="dagelijkse" pos="X">dagelijkse</wf>
         <instance id="d000.s2675.t000" lemma="bezigheid" pos="NOUN">bezigheden</instance>
         <wf lemma="." pos="X">.</wf>
      </sentence>
      <sentence id="d000.s2676" source="wordnet-dutch">
         <wf lemma="hij" pos="X">hij</wf>
         <wf lemma="heeft" pos="X">heeft</wf>
         <wf lemma="zijn" pos="X">zijn</wf>
         <wf lemma="redder" pos="X">redder</wf>
         <wf lemma="rijkelijk" pos="X">rijkelijk</wf>
         <instance id="d000.s2676.t000" lemma="belonen" pos="VERB">beloond</instance>
         <wf lemma="." pos="X">.</wf>
      </sentence>
      <sentence id="d000.s2677" source="wordnet-dutch">
         <instance id="d000.s2677.t000" lemma="contact" pos="NOUN">contact</instance>
         <wf lemma="met" pos="X">met</wf>
         <wf lemma="de" pos="X">de</wf>
         <wf lemma="huid" pos="X">huid</wf>
         <wf lemma="vermijden" pos="X">vermijden</wf>
         <wf lemma="." pos="X">.</wf>
      </sentence>
      <sentence id="d000.s2678" source="wordnet-dutch">
         <wf lemma="hij" pos="X">hij</wf>
         <wf lemma="heeft" pos="X">heeft</wf>
         <wf lemma="een" pos="X">een</wf>
         <wf lemma="goede" pos="X">goede</wf>
         <wf lemma="opvoeding" pos="X">opvoeding</wf>
         <instance id="d000.s2678.t000" lemma="genieten" pos="VERB">genoten</instance>
         <wf lemma="." pos="X">.</wf>
      </sentence>
      <sentence id="d000.s2679" source="wordnet-dutch">
         <wf lemma="Het" pos="X">Het</wf>
         <wf lemma="zieke" pos="X">zieke</wf>
         <wf lemma="kind" pos="X">kind</wf>
         <wf lemma="begon" pos="X">begon</wf>
         <wf lemma="weer" pos="X">weer</wf>
         <wf lemma="een" pos="X">een</wf>
         <wf lemma="gezond" pos="X">gezond</wf>
         <instance id="d000.s2679.t000" lemma="kleurtje" pos="NOUN">kleurtje</instance>
         <wf lemma="te" pos="X">te</wf>
         <wf lemma="krijgen" pos="X">krijgen</wf>
         <wf lemma="." pos="X">.</wf>
      </sentence>
      <sentence id="d000.s2680" source="wordnet-dutch">
         <wf lemma="dat" pos="X">dat</wf>
         <instance id="d000.s2680.t000" lemma="kloppen" pos="VERB">klopt</instance>
         <wf lemma="precies" pos="X">precies</wf>
         <wf lemma="." pos="X">.</wf>
      </sentence>
      <sentence id="d000.s2681" source="wordnet-dutch">
         <wf lemma="deze" pos="X">deze</wf>
         <wf lemma="jongere" pos="X">jongere</wf>
         <wf lemma="generatie" pos="X">generatie</wf>
         <wf lemma="kunstenaars" pos="X">kunstenaars</wf>
         <instance id="d000.s2681.t000" lemma="overvleugelen" pos="VERB">overvleugelde</instance>
         <wf lemma="al" pos="X">al</wf>
         <wf lemma="snel" pos="X">snel</wf>
         <wf lemma="de" pos="X">de</wf>
         <wf lemma="oudere" pos="X">oudere</wf>
         <wf lemma="generatie" pos="X">generatie</wf>
         <wf lemma="." pos="X">.</wf>
      </sentence>
      <sentence id="d000.s2682" source="wordnet-dutch">
         <wf lemma="er" pos="X">er</wf>
         <wf lemma="werd" pos="X">werd</wf>
         <wf lemma="wat" pos="X">wat</wf>
         <instance id="d000.s2682.t000" lemma="weefsel" pos="NOUN">weefsel</instance>
         <wf lemma="weggenomen" pos="X">weggenomen</wf>
         <wf lemma="voor" pos="X">voor</wf>
         <wf lemma="nader" pos="X">nader</wf>
         <wf lemma="onderzoek" pos="X">onderzoek</wf>
         <wf lemma="." pos="X">.</wf>
      </sentence>
      <sentence id="d000.s2683" source="wordnet-dutch">
         <wf lemma="deze" pos="X">deze</wf>
         <wf lemma="jurk" pos="X">jurk</wf>
         <instance id="d000.s2683.t000" lemma="rafelen" pos="VERB">rafelt</instance>
         <wf lemma="." pos="X">.</wf>
      </sentence>
      <sentence id="d000.s2684" source="wordnet-dutch">
         <wf lemma="vooral" pos="X">vooral</wf>
         <wf lemma="de" pos="X">de</wf>
         <wf lemma="mineralen" pos="X">mineralen</wf>
         <wf lemma="in" pos="X">in</wf>
         <wf lemma="mest" pos="X">mest</wf>
         <instance id="d000.s2684.t000" lemma="belasten" pos="VERB">belasten</instance>
         <wf lemma="de" pos="X">de</wf>
         <wf lemma="natuur" pos="X">natuur</wf>
         <wf lemma="." pos="X">.</wf>
      </sentence>
      <sentence id="d000.s2685" source="wordnet-dutch">
         <wf lemma="hij" pos="X">hij</wf>
         <wf lemma="zal" pos="X">zal</wf>
         <wf lemma="moeten" pos="X">moeten</wf>
         <instance id="d000.s2685.t000" lemma="boeten" pos="VERB">boeten</instance>
         <wf lemma="voor" pos="X">voor</wf>
         <wf lemma="'" pos="X">'</wf>
         <wf lemma="dat" pos="X">dat</wf>
         <wf lemma="misdrijf'/'zijn" pos="X">misdrijf'/'zijn</wf>
         <wf lemma="zonden" pos="X">zonden</wf>
         <wf lemma="'" pos="X">'</wf>
         <wf lemma="." pos="X">.</wf>
      </sentence>
      <sentence id="d000.s2686" source="wordnet-dutch">
         <wf lemma="In" pos="X">In</wf>
         <wf lemma="de" pos="X">de</wf>
         <wf lemma="Peel" pos="X">Peel</wf>
         <wf lemma="liggen" pos="X">liggen</wf>
         <wf lemma="drie" pos="X">drie</wf>
         <instance id="d000.s2686.t000" lemma="kern" pos="NOUN">kernen</instance>
         <wf lemma="." pos="X">.</wf>
      </sentence>
      <sentence id="d000.s2687" source="wordnet-dutch">
         <wf lemma="op" pos="X">op</wf>
         <wf lemma="haar" pos="X">haar</wf>
         <instance id="d000.s2687.t000" lemma="advies" pos="NOUN">advies</instance>
         <wf lemma="heb" pos="X">heb</wf>
         <wf lemma="ik" pos="X">ik</wf>
         <wf lemma="het" pos="X">het</wf>
         <wf lemma="niet" pos="X">niet</wf>
         <wf lemma="gedaan" pos="X">gedaan</wf>
         <wf lemma="." pos="X">.</wf>
      </sentence>
      <sentence id="d000.s2688" source="wordnet-dutch">
         <wf lemma="wil" pos="X">wil</wf>
         <wf lemma="de" pos="X">de</wf>
         <wf lemma="wet" pos="X">wet</wf>
         <wf lemma="echt" pos="X">echt</wf>
         <wf lemma="ten" pos="X">ten</wf>
         <wf lemma="volle" pos="X">volle</wf>
         <wf lemma="tot" pos="X">tot</wf>
         <instance id="d000.s2688.t000" lemma="gelding" pos="NOUN">gelding</instance>
         <wf lemma="komen" pos="X">komen</wf>
         <wf lemma="," pos="X">,</wf>
         <wf lemma="dan" pos="X">dan</wf>
         <wf lemma="zal" pos="X">zal</wf>
         <wf lemma="meer" pos="X">meer</wf>
         <wf lemma="geld" pos="X">geld</wf>
         <wf lemma="beschikbaar" pos="X">beschikbaar</wf>
         <wf lemma="moeten" pos="X">moeten</wf>
         <wf lemma="komen" pos="X">komen</wf>
         <wf lemma="." pos="X">.</wf>
      </sentence>
      <sentence id="d000.s2689" source="wordnet-dutch">
         <wf lemma="opnieuw" pos="X">opnieuw</wf>
         <wf lemma="blijken" pos="X">blijken</wf>
         <wf lemma="grote" pos="X">grote</wf>
         <wf lemma="bedragen" pos="X">bedragen</wf>
         <wf lemma="ten" pos="X">ten</wf>
         <wf lemma="onrechte" pos="X">onrechte</wf>
         <instance id="d000.s2689.t000" lemma="declareren" pos="VERB">gedeclareerd</instance>
         <wf lemma="te" pos="X">te</wf>
         <wf lemma="zijn" pos="X">zijn</wf>
         <wf lemma="." pos="X">.</wf>
      </sentence>
      <sentence id="d000.s2690" source="wordnet-dutch">
         <wf lemma="camping" pos="X">camping</wf>
         <wf lemma="'t" pos="X">'t</wf>
         <wf lemma="Plathuis" pos="X">Plathuis</wf>
         <wf lemma="biedt" pos="X">biedt</wf>
         <wf lemma="beperkte" pos="X">beperkte</wf>
         <instance id="d000.s2690.t000" lemma="faciliteit" pos="NOUN">faciliteiten</instance>
         <wf lemma="." pos="X">.</wf>
      </sentence>
      <sentence id="d000.s2691" source="wordnet-dutch">
         <wf lemma="Hij" pos="X">Hij</wf>
         <wf lemma="was" pos="X">was</wf>
         <instance id="d000.s2691.t000" lemma="medewerker" pos="NOUN">medewerker</instance>
         <wf lemma="aan" pos="X">aan</wf>
         <wf lemma="en" pos="X">en</wf>
         <wf lemma="redacteur" pos="X">redacteur</wf>
         <wf lemma="van" pos="X">van</wf>
         <wf lemma="diverse" pos="X">diverse</wf>
         <wf lemma="publicaties" pos="X">publicaties</wf>
         <wf lemma="." pos="X">.</wf>
      </sentence>
      <sentence id="d000.s2692" source="wordnet-dutch">
         <wf lemma="Het" pos="X">Het</wf>
         <instance id="d000.s2692.t000" lemma="depot" pos="NOUN">depot</instance>
         <wf lemma="gebeurt" pos="X">gebeurt</wf>
         <wf lemma="zonder" pos="X">zonder</wf>
         <wf lemma="vooronderzoek" pos="X">vooronderzoek</wf>
         <wf lemma="naar" pos="X">naar</wf>
         <wf lemma="de" pos="X">de</wf>
         <wf lemma="inhoud" pos="X">inhoud</wf>
         <wf lemma="van" pos="X">van</wf>
         <wf lemma="het" pos="X">het</wf>
         <wf lemma="depot" pos="X">depot</wf>
         <wf lemma="." pos="X">.</wf>
      </sentence>
      <sentence id="d000.s2693" source="wordnet-dutch">
         <wf lemma="hij" pos="X">hij</wf>
         <wf lemma="gaat" pos="X">gaat</wf>
         <wf lemma="in" pos="X">in</wf>
         <instance id="d000.s2693.t000" lemma="weer" pos="NOUN">weer</instance>
         <wf lemma="en" pos="X">en</wf>
         <wf lemma="wind" pos="X">wind</wf>
         <wf lemma="op" pos="X">op</wf>
         <wf lemma="de" pos="X">de</wf>
         <wf lemma="fiets" pos="X">fiets</wf>
         <wf lemma="naar" pos="X">naar</wf>
         <wf lemma="school" pos="X">school</wf>
         <wf lemma="." pos="X">.</wf>
      </sentence>
      <sentence id="d000.s2694" source="wordnet-dutch">
         <wf lemma="zij" pos="X">zij</wf>
         <wf lemma="koestert" pos="X">koestert</wf>
         <wf lemma="geen" pos="X">geen</wf>
         <instance id="d000.s2694.t000" lemma="aspiratie" pos="NOUN">aspiraties</instance>
         <wf lemma="in" pos="X">in</wf>
         <wf lemma="die" pos="X">die</wf>
         <wf lemma="richting" pos="X">richting</wf>
         <wf lemma="." pos="X">.</wf>
      </sentence>
      <sentence id="d000.s2695" source="wordnet-dutch">
         <wf lemma="mijn" pos="X">mijn</wf>
         <wf lemma="kinderen" pos="X">kinderen</wf>
         <wf lemma="gaan" pos="X">gaan</wf>
         <wf lemma="naar" pos="X">naar</wf>
         <wf lemma="een" pos="X">een</wf>
         <instance id="d000.s2695.t000" lemma="pensionaat" pos="NOUN">pensionaat</instance>
         <wf lemma="." pos="X">.</wf>
      </sentence>
      <sentence id="d000.s2696" source="wordnet-dutch">
         <wf lemma="zij" pos="X">zij</wf>
         <instance id="d000.s2696.t000" lemma="weifelen" pos="VERB">weifelde</instance>
         <wf lemma="kort" pos="X">kort</wf>
         <wf lemma="maar" pos="X">maar</wf>
         <wf lemma="trapte" pos="X">trapte</wf>
         <wf lemma="vervolgens" pos="X">vervolgens</wf>
         <wf lemma="ferm" pos="X">ferm</wf>
         <wf lemma="de" pos="X">de</wf>
         <wf lemma="deur" pos="X">deur</wf>
         <wf lemma="in" pos="X">in</wf>
         <wf lemma="." pos="X">.</wf>
      </sentence>
      <sentence id="d000.s2697" source="wordnet-dutch">
         <wf lemma="als" pos="X">als</wf>
         <instance id="d000.s2697.t000" lemma="ijveraar" pos="NOUN">ijveraar</instance>
         <wf lemma="voor" pos="X">voor</wf>
         <wf lemma="de" pos="X">de</wf>
         <wf lemma="mensenrechten" pos="X">mensenrechten</wf>
         <wf lemma="is" pos="X">is</wf>
         <wf lemma="hij" pos="X">hij</wf>
         <wf lemma="lid" pos="X">lid</wf>
         <wf lemma="geworden" pos="X">geworden</wf>
         <wf lemma="van" pos="X">van</wf>
         <wf lemma="Amnesty" pos="X">Amnesty</wf>
         <wf lemma="International" pos="X">International</wf>
         <wf lemma="." pos="X">.</wf>
      </sentence>
      <sentence id="d000.s2698" source="wordnet-dutch">
         <wf lemma="een" pos="X">een</wf>
         <wf lemma="spaarlamp" pos="X">spaarlamp</wf>
         <wf lemma="kost" pos="X">kost</wf>
         <wf lemma="weinig" pos="X">weinig</wf>
         <instance id="d000.s2698.t000" lemma="energie" pos="NOUN">energie</instance>
         <wf lemma="." pos="X">.</wf>
      </sentence>
      <sentence id="d000.s2699" source="wordnet-dutch">
         <wf lemma="die" pos="X">die</wf>
         <wf lemma="naam" pos="X">naam</wf>
         <instance id="d000.s2699.t000" lemma="zeggen" pos="VERB">zegt</instance>
         <wf lemma="me" pos="X">me</wf>
         <wf lemma="helemaal" pos="X">helemaal</wf>
         <wf lemma="niets" pos="X">niets</wf>
         <wf lemma="," pos="X">,</wf>
         <wf lemma="ik" pos="X">ik</wf>
         <wf lemma="ken" pos="X">ken</wf>
         <wf lemma="hem" pos="X">hem</wf>
         <wf lemma="niet" pos="X">niet</wf>
         <wf lemma="." pos="X">.</wf>
      </sentence>
      <sentence id="d000.s2700" source="wordnet-dutch">
         <wf lemma="voor" pos="X">voor</wf>
         <wf lemma="de" pos="X">de</wf>
         <wf lemma="gelegenheid" pos="X">gelegenheid</wf>
         <wf lemma="haalde" pos="X">haalde</wf>
         <wf lemma="hij" pos="X">hij</wf>
         <wf lemma="zijn" pos="X">zijn</wf>
         <wf lemma="beste" pos="X">beste</wf>
         <instance id="d000.s2700.t000" lemma="pak" pos="NOUN">pak</instance>
         <wf lemma="uit" pos="X">uit</wf>
         <wf lemma="de" pos="X">de</wf>
         <wf lemma="kast" pos="X">kast</wf>
         <wf lemma="." pos="X">.</wf>
      </sentence>
      <sentence id="d000.s2701" source="wordnet-dutch">
         <wf lemma="op" pos="X">op</wf>
         <wf lemma="die" pos="X">die</wf>
         <wf lemma="stukken" pos="X">stukken</wf>
         <wf lemma="rust" pos="X">rust</wf>
         <wf lemma="een" pos="X">een</wf>
         <instance id="d000.s2701.t000" lemma="embargo" pos="NOUN">embargo</instance>
         <wf lemma="tot" pos="X">tot</wf>
         <wf lemma="18" pos="X">18</wf>
         <wf lemma="maart" pos="X">maart</wf>
         <wf lemma="." pos="X">.</wf>
      </sentence>
      <sentence id="d000.s2702" source="wordnet-dutch">
         <wf lemma="onder" pos="X">onder</wf>
         <wf lemma="het" pos="X">het</wf>
         <instance id="d000.s2702.t000" lemma="werk" pos="NOUN">werk</instance>
         <wf lemma="mag" pos="X">mag</wf>
         <wf lemma="er" pos="X">er</wf>
         <wf lemma="niet" pos="X">niet</wf>
         <wf lemma="gerookt" pos="X">gerookt</wf>
         <wf lemma="worden" pos="X">worden</wf>
         <wf lemma="." pos="X">.</wf>
      </sentence>
      <sentence id="d000.s2703" source="wordnet-dutch">
         <wf lemma="ik" pos="X">ik</wf>
         <wf lemma="ga" pos="X">ga</wf>
         <wf lemma="een" pos="X">een</wf>
         <instance id="d000.s2703.t000" lemma="patat" pos="NOUN">patatje</instance>
         <wf lemma="halen" pos="X">halen</wf>
         <wf lemma=";" pos="X">;</wf>
         <wf lemma="moet" pos="X">moet</wf>
         <wf lemma="jij" pos="X">jij</wf>
         <wf lemma="ook" pos="X">ook</wf>
         <wf lemma="wat" pos="X">wat</wf>
         <wf lemma="hebben" pos="X">hebben</wf>
         <wf lemma="?" pos="X">?</wf>
      </sentence>
      <sentence id="d000.s2704" source="wordnet-dutch">
         <wf lemma="ik" pos="X">ik</wf>
         <wf lemma="wens" pos="X">wens</wf>
         <wf lemma="je" pos="X">je</wf>
         <wf lemma="veel" pos="X">veel</wf>
         <instance id="d000.s2704.t000" lemma="heil" pos="NOUN">heil</instance>
         <wf lemma="en" pos="X">en</wf>
         <wf lemma="zegen" pos="X">zegen</wf>
         <wf lemma="voor" pos="X">voor</wf>
         <wf lemma="het" pos="X">het</wf>
         <wf lemma="nieuwe" pos="X">nieuwe</wf>
         <wf lemma="jaar" pos="X">jaar</wf>
         <wf lemma="." pos="X">.</wf>
      </sentence>
      <sentence id="d000.s2705" source="wordnet-dutch">
         <wf lemma="deze" pos="X">deze</wf>
         <wf lemma="zuster" pos="X">zuster</wf>
         <wf lemma="zit" pos="X">zit</wf>
         <wf lemma="vannacht" pos="X">vannacht</wf>
         <wf lemma="in" pos="X">in</wf>
         <wf lemma="de" pos="X">de</wf>
         <instance id="d000.s2705.t000" lemma="wacht" pos="NOUN">wacht</instance>
         <wf lemma="." pos="X">.</wf>
      </sentence>
      <sentence id="d000.s2706" source="wordnet-dutch">
         <wf lemma="de" pos="X">de</wf>
         <wf lemma="renners" pos="X">renners</wf>
         <wf lemma="smeden" pos="X">smeden</wf>
         <wf lemma="een" pos="X">een</wf>
         <instance id="d000.s2706.t000" lemma="combine" pos="NOUN">combine</instance>
         <wf lemma="om" pos="X">om</wf>
         <wf lemma="de" pos="X">de</wf>
         <wf lemma="Russen" pos="X">Russen</wf>
         <wf lemma="uit" pos="X">uit</wf>
         <wf lemma="de" pos="X">de</wf>
         <wf lemma="strijd" pos="X">strijd</wf>
         <wf lemma="te" pos="X">te</wf>
         <wf lemma="halen" pos="X">halen</wf>
         <wf lemma="." pos="X">.</wf>
      </sentence>
      <sentence id="d000.s2707" source="wordnet-dutch">
         <wf lemma="dit" pos="X">dit</wf>
         <wf lemma="voedsel" pos="X">voedsel</wf>
         <wf lemma="is" pos="X">is</wf>
         <wf lemma="rijk" pos="X">rijk</wf>
         <wf lemma="aan" pos="X">aan</wf>
         <instance id="d000.s2707.t000" lemma="vezel" pos="NOUN">vezels</instance>
         <wf lemma="." pos="X">.</wf>
      </sentence>
      <sentence id="d000.s2708" source="wordnet-dutch">
         <wf lemma="in" pos="X">in</wf>
         <instance id="d000.s2708.t000" lemma="juli" pos="NOUN">juli</instance>
         <wf lemma="hebben" pos="X">hebben</wf>
         <wf lemma="de" pos="X">de</wf>
         <wf lemma="meeste" pos="X">meeste</wf>
         <wf lemma="mensen" pos="X">mensen</wf>
         <wf lemma="vakantie" pos="X">vakantie</wf>
         <wf lemma="." pos="X">.</wf>
      </sentence>
      <sentence id="d000.s2709" source="wordnet-dutch">
         <wf lemma="zijn" pos="X">zijn</wf>
         <wf lemma="reactie" pos="X">reactie</wf>
         <wf lemma="heeft" pos="X">heeft</wf>
         <wf lemma="me" pos="X">me</wf>
         <wf lemma="diep/erg" pos="X">diep/erg</wf>
         <instance id="d000.s2709.t000" lemma="teleurstellen" pos="VERB">teleurgesteld</instance>
         <wf lemma="." pos="X">.</wf>
      </sentence>
      <sentence id="d000.s2710" source="wordnet-dutch">
         <wf lemma="zij" pos="X">zij</wf>
         <wf lemma="bood" pos="X">bood</wf>
         <wf lemma="hem" pos="X">hem</wf>
         <wf lemma="haar" pos="X">haar</wf>
         <instance id="d000.s2710.t000" lemma="wang" pos="NOUN">wang</instance>
         <wf lemma="aan" pos="X">aan</wf>
         <wf lemma="voor" pos="X">voor</wf>
         <wf lemma="een" pos="X">een</wf>
         <wf lemma="kus" pos="X">kus</wf>
         <wf lemma="." pos="X">.</wf>
      </sentence>
      <sentence id="d000.s2711" source="wordnet-dutch">
         <wf lemma="er" pos="X">er</wf>
         <wf lemma="is" pos="X">is</wf>
         <wf lemma="hier" pos="X">hier</wf>
         <wf lemma="geen" pos="X">geen</wf>
         <wf lemma="levende" pos="X">levende</wf>
         <instance id="d000.s2711.t000" lemma="ziel" pos="NOUN">ziel</instance>
         <wf lemma="te" pos="X">te</wf>
         <wf lemma="bespeuren" pos="X">bespeuren</wf>
         <wf lemma="." pos="X">.</wf>
      </sentence>
      <sentence id="d000.s2712" source="wordnet-dutch">
         <instance id="d000.s2712.t000" lemma="straf" pos="NOUN">straf</instance>
         <wf lemma="van" pos="X">van</wf>
         <wf lemma="God." pos="X">God.</wf>
      </sentence>
      <sentence id="d000.s2713" source="wordnet-dutch">
         <wf lemma="Hoe" pos="X">Hoe</wf>
         <wf lemma="kun" pos="X">kun</wf>
         <wf lemma="je" pos="X">je</wf>
         <wf lemma="nou" pos="X">nou</wf>
         <instance id="d000.s2713.t000" lemma="oordelen" pos="VERB">oordelen</instance>
         <wf lemma="over" pos="X">over</wf>
         <wf lemma="een" pos="X">een</wf>
         <wf lemma="film" pos="X">film</wf>
         <wf lemma="die" pos="X">die</wf>
         <wf lemma="je" pos="X">je</wf>
         <wf lemma="niet" pos="X">niet</wf>
         <wf lemma="gezien" pos="X">gezien</wf>
         <wf lemma="hebt" pos="X">hebt</wf>
         <wf lemma="?" pos="X">?</wf>
      </sentence>
      <sentence id="d000.s2714" source="wordnet-dutch">
         <wf lemma="beide" pos="X">beide</wf>
         <wf lemma="auto's" pos="X">auto's</wf>
         <wf lemma="kunnen" pos="X">kunnen</wf>
         <instance id="d000.s2714.t000" lemma="wedijveren" pos="VERB">wedijveren</instance>
         <wf lemma="in" pos="X">in</wf>
         <wf lemma="kracht" pos="X">kracht</wf>
         <wf lemma="en" pos="X">en</wf>
         <wf lemma="prestatie" pos="X">prestatie</wf>
         <wf lemma="." pos="X">.</wf>
      </sentence>
      <sentence id="d000.s2715" source="wordnet-dutch">
         <wf lemma="alleen" pos="X">alleen</wf>
         <wf lemma="het" pos="X">het</wf>
         <instance id="d000.s2715.t000" lemma="onderstuk" pos="NOUN">onderstuk</instance>
         <wf lemma="van" pos="X">van</wf>
         <wf lemma="de" pos="X">de</wf>
         <wf lemma="molen" pos="X">molen</wf>
         <wf lemma="staat" pos="X">staat</wf>
         <wf lemma="er" pos="X">er</wf>
         <wf lemma="nog" pos="X">nog</wf>
         <wf lemma="," pos="X">,</wf>
         <wf lemma="de" pos="X">de</wf>
         <wf lemma="rest" pos="X">rest</wf>
         <wf lemma="wordt" pos="X">wordt</wf>
         <wf lemma="herbouwd" pos="X">herbouwd</wf>
         <wf lemma="." pos="X">.</wf>
      </sentence>
      <sentence id="d000.s2716" source="wordnet-dutch">
         <wf lemma="ik" pos="X">ik</wf>
         <instance id="d000.s2716.t000" lemma="spelen" pos="VERB">speel</instance>
         <wf lemma="met" pos="X">met</wf>
         <wf lemma="de" pos="X">de</wf>
         <wf lemma="gedachte" pos="X">gedachte</wf>
         <wf lemma="om" pos="X">om</wf>
         <wf lemma="een" pos="X">een</wf>
         <wf lemma="weekje" pos="X">weekje</wf>
         <wf lemma="vakantie" pos="X">vakantie</wf>
         <wf lemma="op" pos="X">op</wf>
         <wf lemma="te" pos="X">te</wf>
         <wf lemma="nemen" pos="X">nemen</wf>
         <wf lemma="." pos="X">.</wf>
      </sentence>
      <sentence id="d000.s2717" source="wordnet-dutch">
         <wf lemma="een" pos="X">een</wf>
         <wf lemma="vurige" pos="X">vurige</wf>
         <wf lemma="verlangen" pos="X">verlangen</wf>
         <instance id="d000.s2717.t000" lemma="schroeien" pos="VERB">schroeide</instance>
         <wf lemma="haar" pos="X">haar</wf>
         <wf lemma="innerlijk" pos="X">innerlijk</wf>
         <wf lemma="." pos="X">.</wf>
      </sentence>
      <sentence id="d000.s2718" source="wordnet-dutch">
         <wf lemma="in" pos="X">in</wf>
         <wf lemma="de" pos="X">de</wf>
         <wf lemma="jaren" pos="X">jaren</wf>
         <wf lemma="70" pos="X">70</wf>
         <instance id="d000.s2718.t000" lemma="seculariseren" pos="VERB">seculariseert</instance>
         <wf lemma="Nederland" pos="X">Nederland</wf>
         <wf lemma="in" pos="X">in</wf>
         <wf lemma="hoog" pos="X">hoog</wf>
         <wf lemma="tempo." pos="X">tempo.</wf>
      </sentence>
      <sentence id="d000.s2719" source="wordnet-dutch">
         <wf lemma="door" pos="X">door</wf>
         <wf lemma="voedselgebrek" pos="X">voedselgebrek</wf>
         <instance id="d000.s2719.t000" lemma="creperen" pos="VERB">creperen</instance>
         <wf lemma="de" pos="X">de</wf>
         <wf lemma="vogels" pos="X">vogels</wf>
         <wf lemma="in" pos="X">in</wf>
         <wf lemma="hun" pos="X">hun</wf>
         <wf lemma="kooi" pos="X">kooi</wf>
         <wf lemma="." pos="X">.</wf>
      </sentence>
      <sentence id="d000.s2720" source="wordnet-dutch">
         <wf lemma="De" pos="X">De</wf>
         <wf lemma="stippelijn" pos="X">stippelijn</wf>
         <wf lemma="geeft" pos="X">geeft</wf>
         <wf lemma="het" pos="X">het</wf>
         <wf lemma="normale" pos="X">normale</wf>
         <wf lemma="waterniveau" pos="X">waterniveau</wf>
         <wf lemma="aan" pos="X">aan</wf>
         <wf lemma="als" pos="X">als</wf>
         <wf lemma="er" pos="X">er</wf>
         <wf lemma="geen" pos="X">geen</wf>
         <instance id="d000.s2720.t000" lemma="drempel" pos="NOUN">drempel</instance>
         <wf lemma="in" pos="X">in</wf>
         <wf lemma="de" pos="X">de</wf>
         <wf lemma="rivier" pos="X">rivier</wf>
         <wf lemma="zou" pos="X">zou</wf>
         <wf lemma="liggen" pos="X">liggen</wf>
         <wf lemma="." pos="X">.</wf>
      </sentence>
      <sentence id="d000.s2721" source="wordnet-dutch">
         <wf lemma="de" pos="X">de</wf>
         <wf lemma="brand" pos="X">brand</wf>
         <instance id="d000.s2721.t000" lemma="blakeren" pos="VERB">blakerde</instance>
         <wf lemma="de" pos="X">de</wf>
         <wf lemma="gevel" pos="X">gevel</wf>
         <wf lemma="van" pos="X">van</wf>
         <wf lemma="het" pos="X">het</wf>
         <wf lemma="stadhuis" pos="X">stadhuis</wf>
         <wf lemma="." pos="X">.</wf>
      </sentence>
      <sentence id="d000.s2722" source="wordnet-dutch">
         <wf lemma="plotseling" pos="X">plotseling</wf>
         <wf lemma="barstte" pos="X">barstte</wf>
         <wf lemma="het" pos="X">het</wf>
         <wf lemma="onweer" pos="X">onweer</wf>
         <wf lemma="in" pos="X">in</wf>
         <wf lemma="alle" pos="X">alle</wf>
         <instance id="d000.s2722.t000" lemma="hevigheid" pos="NOUN">hevigheid</instance>
         <wf lemma="los" pos="X">los</wf>
         <wf lemma="." pos="X">.</wf>
      </sentence>
      <sentence id="d000.s2723" source="wordnet-dutch">
         <wf lemma="tegen" pos="X">tegen</wf>
         <wf lemma="alle" pos="X">alle</wf>
         <instance id="d000.s2723.t000" lemma="verwachting" pos="NOUN">verwachtingen</instance>
         <wf lemma="in" pos="X">in</wf>
         <wf lemma="heeft" pos="X">heeft</wf>
         <wf lemma="ze" pos="X">ze</wf>
         <wf lemma="nu" pos="X">nu</wf>
         <wf lemma="al" pos="X">al</wf>
         <wf lemma="ontslag" pos="X">ontslag</wf>
         <wf lemma="genomen" pos="X">genomen</wf>
         <wf lemma="." pos="X">.</wf>
      </sentence>
      <sentence id="d000.s2724" source="wordnet-dutch">
         <wf lemma="door" pos="X">door</wf>
         <wf lemma="haar" pos="X">haar</wf>
         <wf lemma="blessure" pos="X">blessure</wf>
         <wf lemma="zal" pos="X">zal</wf>
         <wf lemma="zij" pos="X">zij</wf>
         <wf lemma="lange" pos="X">lange</wf>
         <wf lemma="tijd" pos="X">tijd</wf>
         <wf lemma="uit" pos="X">uit</wf>
         <wf lemma="de" pos="X">de</wf>
         <instance id="d000.s2724.t000" lemma="roulatie" pos="NOUN">roulatie</instance>
         <wf lemma="zijn" pos="X">zijn</wf>
         <wf lemma="." pos="X">.</wf>
      </sentence>
      <sentence id="d000.s2725" source="wordnet-dutch">
         <wf lemma="behalve" pos="X">behalve</wf>
         <wf lemma="een" pos="X">een</wf>
         <wf lemma="fractuur" pos="X">fractuur</wf>
         <wf lemma="had" pos="X">had</wf>
         <wf lemma="ze" pos="X">ze</wf>
         <wf lemma="ook" pos="X">ook</wf>
         <wf lemma="nog" pos="X">nog</wf>
         <wf lemma="diverse" pos="X">diverse</wf>
         <instance id="d000.s2725.t000" lemma="kneuzing" pos="NOUN">kneuzingen</instance>
         <wf lemma="." pos="X">.</wf>
      </sentence>
      <sentence id="d000.s2726" source="wordnet-dutch">
         <wf lemma="de" pos="X">de</wf>
         <wf lemma="revolutie" pos="X">revolutie</wf>
         <wf lemma="betekende" pos="X">betekende</wf>
         <wf lemma="een" pos="X">een</wf>
         <instance id="d000.s2726.t000" lemma="bevrijding" pos="NOUN">bevrijding</instance>
         <wf lemma="uit/van" pos="X">uit/van</wf>
         <wf lemma="de" pos="X">de</wf>
         <wf lemma="uitbuiting" pos="X">uitbuiting</wf>
         <wf lemma="." pos="X">.</wf>
      </sentence>
      <sentence id="d000.s2727" source="wordnet-dutch">
         <wf lemma="hun" pos="X">hun</wf>
         <wf lemma="protesten" pos="X">protesten</wf>
         <wf lemma="hebben" pos="X">hebben</wf>
         <wf lemma="weinig" pos="X">weinig</wf>
         <instance id="d000.s2727.t000" lemma="uithalen" pos="VERB">uitgehaald</instance>
         <wf lemma="." pos="X">.</wf>
      </sentence>
      <sentence id="d000.s2728" source="wordnet-dutch">
         <wf lemma="het" pos="X">het</wf>
         <wf lemma="is" pos="X">is</wf>
         <wf lemma="belangrijk" pos="X">belangrijk</wf>
         <wf lemma="hoe" pos="X">hoe</wf>
         <wf lemma="je" pos="X">je</wf>
         <wf lemma="je" pos="X">je</wf>
         <instance id="d000.s2728.t000" lemma="act" pos="NOUN">act</instance>
         <wf lemma="brengt" pos="X">brengt</wf>
         <wf lemma="." pos="X">.</wf>
      </sentence>
      <sentence id="d000.s2729" source="wordnet-dutch">
         <wf lemma="In" pos="X">In</wf>
         <wf lemma="een" pos="X">een</wf>
         <wf lemma="cirkeldiagram" pos="X">cirkeldiagram</wf>
         <wf lemma="geeft" pos="X">geeft</wf>
         <wf lemma="de" pos="X">de</wf>
         <wf lemma="grootte" pos="X">grootte</wf>
         <wf lemma="van" pos="X">van</wf>
         <wf lemma="een" pos="X">een</wf>
         <instance id="d000.s2729.t000" lemma="sector" pos="NOUN">sector</instance>
         <wf lemma="aan" pos="X">aan</wf>
         <wf lemma="hoeveelste" pos="X">hoeveelste</wf>
         <wf lemma="deel" pos="X">deel</wf>
         <wf lemma="van" pos="X">van</wf>
         <wf lemma="de" pos="X">de</wf>
         <wf lemma="totale" pos="X">totale</wf>
         <wf lemma="gegevens" pos="X">gegevens</wf>
         <wf lemma="bij" pos="X">bij</wf>
         <wf lemma="deze" pos="X">deze</wf>
         <wf lemma="klasse" pos="X">klasse</wf>
         <wf lemma="hoort" pos="X">hoort</wf>
         <wf lemma="." pos="X">.</wf>
      </sentence>
      <sentence id="d000.s2730" source="wordnet-dutch">
         <wf lemma="die" pos="X">die</wf>
         <wf lemma="meteoriet" pos="X">meteoriet</wf>
         <wf lemma="sloeg" pos="X">sloeg</wf>
         <wf lemma="een" pos="X">een</wf>
         <instance id="d000.s2730.t000" lemma="krater" pos="NOUN">krater</instance>
         <wf lemma="van" pos="X">van</wf>
         <wf lemma="zo'n" pos="X">zo'n</wf>
         <wf lemma="100" pos="X">100</wf>
         <wf lemma="meter" pos="X">meter</wf>
         <wf lemma="doorsnee" pos="X">doorsnee</wf>
         <wf lemma="." pos="X">.</wf>
      </sentence>
      <sentence id="d000.s2731" source="wordnet-dutch">
         <wf lemma="de" pos="X">de</wf>
         <wf lemma="onderstaande" pos="X">onderstaande</wf>
         <instance id="d000.s2731.t000" lemma="figuur" pos="NOUN">figuur</instance>
         <wf lemma="maakt" pos="X">maakt</wf>
         <wf lemma="een" pos="X">een</wf>
         <wf lemma="en" pos="X">en</wf>
         <wf lemma="ander" pos="X">ander</wf>
         <wf lemma="aanschouwelijk" pos="X">aanschouwelijk</wf>
         <wf lemma="." pos="X">.</wf>
      </sentence>
      <sentence id="d000.s2732" source="wordnet-dutch">
         <wf lemma="het" pos="X">het</wf>
         <wf lemma="opleidingsinstituut" pos="X">opleidingsinstituut</wf>
         <wf lemma="geeft" pos="X">geeft</wf>
         <wf lemma="een" pos="X">een</wf>
         <wf lemma="eigen" pos="X">eigen</wf>
         <instance id="d000.s2732.t000" lemma="certificaat" pos="NOUN">certificaat</instance>
         <wf lemma="af" pos="X">af</wf>
         <wf lemma="." pos="X">.</wf>
      </sentence>
      <sentence id="d000.s2733" source="wordnet-dutch">
         <wf lemma="deze" pos="X">deze</wf>
         <wf lemma="verkiezingen" pos="X">verkiezingen</wf>
         <wf lemma="vormen" pos="X">vormen</wf>
         <wf lemma="de" pos="X">de</wf>
         <wf lemma="eerste" pos="X">eerste</wf>
         <instance id="d000.s2733.t000" lemma="stap" pos="NOUN">stap</instance>
         <wf lemma="op" pos="X">op</wf>
         <wf lemma="weg" pos="X">weg</wf>
         <wf lemma="naar" pos="X">naar</wf>
         <wf lemma="de" pos="X">de</wf>
         <wf lemma="democratie" pos="X">democratie</wf>
         <wf lemma="." pos="X">.</wf>
      </sentence>
      <sentence id="d000.s2734" source="wordnet-dutch">
         <wf lemma="de" pos="X">de</wf>
         <wf lemma="trein" pos="X">trein</wf>
         <wf lemma="zette" pos="X">zette</wf>
         <wf lemma="zich" pos="X">zich</wf>
         <wf lemma="in" pos="X">in</wf>
         <instance id="d000.s2734.t000" lemma="beweging" pos="NOUN">beweging</instance>
         <wf lemma="." pos="X">.</wf>
      </sentence>
      <sentence id="d000.s2735" source="wordnet-dutch">
         <wf lemma="wat" pos="X">wat</wf>
         <wf lemma="hij" pos="X">hij</wf>
         <wf lemma="ook" pos="X">ook</wf>
         <wf lemma="verbergt" pos="X">verbergt</wf>
         <wf lemma="," pos="X">,</wf>
         <wf lemma="ik" pos="X">ik</wf>
         <wf lemma="kom" pos="X">kom</wf>
         <wf lemma="het" pos="X">het</wf>
         <wf lemma="wel" pos="X">wel</wf>
         <wf lemma="te" pos="X">te</wf>
         <instance id="d000.s2735.t000" lemma="weten" pos="VERB">weten</instance>
         <wf lemma="." pos="X">.</wf>
      </sentence>
      <sentence id="d000.s2736" source="wordnet-dutch">
         <wf lemma="dat" pos="X">dat</wf>
         <wf lemma="apparaat" pos="X">apparaat</wf>
         <instance id="d000.s2736.t000" lemma="verslinden" pos="VERB">verslindt</instance>
         <wf lemma="veel" pos="X">veel</wf>
         <wf lemma="energie" pos="X">energie</wf>
         <wf lemma="." pos="X">.</wf>
      </sentence>
      <sentence id="d000.s2737" source="wordnet-dutch">
         <wf lemma="je" pos="X">je</wf>
         <wf lemma="kan" pos="X">kan</wf>
         <wf lemma="goed" pos="X">goed</wf>
         <instance id="d000.s2737.t000" lemma="proeven" pos="VERB">proeven</instance>
         <wf lemma="dat" pos="X">dat</wf>
         <wf lemma="er" pos="X">er</wf>
         <wf lemma="look" pos="X">look</wf>
         <wf lemma="in" pos="X">in</wf>
         <wf lemma="deze" pos="X">deze</wf>
         <wf lemma="saus" pos="X">saus</wf>
         <wf lemma="zit" pos="X">zit</wf>
         <wf lemma="." pos="X">.</wf>
      </sentence>
      <sentence id="d000.s2738" source="wordnet-dutch">
         <wf lemma="Sommige" pos="X">Sommige</wf>
         <wf lemma="mensen" pos="X">mensen</wf>
         <wf lemma="scheren" pos="X">scheren</wf>
         <wf lemma="hun" pos="X">hun</wf>
         <instance id="d000.s2738.t000" lemma="pluim" pos="NOUN">pluim</instance>
         <wf lemma="." pos="X">.</wf>
      </sentence>
      <sentence id="d000.s2739" source="wordnet-dutch">
         <wf lemma="dat" pos="X">dat</wf>
         <instance id="d000.s2739.t000" lemma="openen" pos="VERB">opent</instance>
         <wf lemma="zeker" pos="X">zeker</wf>
         <wf lemma="mogelijkheden" pos="X">mogelijkheden</wf>
         <wf lemma="voor" pos="X">voor</wf>
         <wf lemma="een" pos="X">een</wf>
         <wf lemma="nadere" pos="X">nadere</wf>
         <wf lemma="samenwerking" pos="X">samenwerking</wf>
         <wf lemma="." pos="X">.</wf>
      </sentence>
      <sentence id="d000.s2740" source="wordnet-dutch">
         <wf lemma="zij" pos="X">zij</wf>
         <wf lemma="woont" pos="X">woont</wf>
         <wf lemma="op" pos="X">op</wf>
         <wf lemma="een" pos="X">een</wf>
         <instance id="d000.s2740.t000" lemma="trap" pos="NOUN">trap</instance>
         <wf lemma="met" pos="X">met</wf>
         <wf lemma="allemaal" pos="X">allemaal</wf>
         <wf lemma="vrijgezelle" pos="X">vrijgezelle</wf>
         <wf lemma="vrouwen" pos="X">vrouwen</wf>
         <wf lemma="." pos="X">.</wf>
      </sentence>
      <sentence id="d000.s2741" source="wordnet-dutch">
         <wf lemma="door" pos="X">door</wf>
         <wf lemma="wat" pos="X">wat</wf>
         <instance id="d000.s2741.t000" lemma="wasverzachter" pos="NOUN">wasverzachter</instance>
         <wf lemma="toe" pos="X">toe</wf>
         <wf lemma="te" pos="X">te</wf>
         <wf lemma="voegen" pos="X">voegen</wf>
         <wf lemma="wordt" pos="X">wordt</wf>
         <wf lemma="de" pos="X">de</wf>
         <wf lemma="was" pos="X">was</wf>
         <wf lemma="heerlijk" pos="X">heerlijk</wf>
         <wf lemma="zacht" pos="X">zacht</wf>
         <wf lemma="." pos="X">.</wf>
      </sentence>
      <sentence id="d000.s2742" source="wordnet-dutch">
         <wf lemma="De" pos="X">De</wf>
         <wf lemma="politiekorpsen" pos="X">politiekorpsen</wf>
         <wf lemma="kunnen" pos="X">kunnen</wf>
         <wf lemma="elkaar" pos="X">elkaar</wf>
         <wf lemma="op" pos="X">op</wf>
         <wf lemma="verzoek" pos="X">verzoek</wf>
         <instance id="d000.s2742.t000" lemma="bijstand" pos="NOUN">bijstand</instance>
         <wf lemma="verlenen" pos="X">verlenen</wf>
         <wf lemma="." pos="X">.</wf>
      </sentence>
      <sentence id="d000.s2743" source="wordnet-dutch">
         <wf lemma="de" pos="X">de</wf>
         <wf lemma="nieuwe" pos="X">nieuwe</wf>
         <wf lemma="bewijzen" pos="X">bewijzen</wf>
         <wf lemma="zorgden" pos="X">zorgden</wf>
         <wf lemma="voor" pos="X">voor</wf>
         <wf lemma="een" pos="X">een</wf>
         <instance id="d000.s2743.t000" lemma="verzwaring" pos="NOUN">verzwaring</instance>
         <wf lemma="van" pos="X">van</wf>
         <wf lemma="de" pos="X">de</wf>
         <wf lemma="straf" pos="X">straf</wf>
         <wf lemma="." pos="X">.</wf>
      </sentence>
      <sentence id="d000.s2744" source="wordnet-dutch">
         <wf lemma="de" pos="X">de</wf>
         <wf lemma="vreugde" pos="X">vreugde</wf>
         <wf lemma="bij" pos="X">bij</wf>
         <wf lemma="de" pos="X">de</wf>
         <wf lemma="kinderen" pos="X">kinderen</wf>
         <wf lemma="steeg" pos="X">steeg</wf>
         <wf lemma="ten" pos="X">ten</wf>
         <instance id="d000.s2744.t000" lemma="top" pos="NOUN">top</instance>
         <wf lemma="toen" pos="X">toen</wf>
         <wf lemma="de" pos="X">de</wf>
         <wf lemma="clown" pos="X">clown</wf>
         <wf lemma="binnenkwam" pos="X">binnenkwam</wf>
         <wf lemma="." pos="X">.</wf>
      </sentence>
      <sentence id="d000.s2745" source="wordnet-dutch">
         <wf lemma="hij" pos="X">hij</wf>
         <wf lemma="stond" pos="X">stond</wf>
         <wf lemma="daar" pos="X">daar</wf>
         <wf lemma="als" pos="X">als</wf>
         <wf lemma="een" pos="X">een</wf>
         <wf lemma="echte" pos="X">echte</wf>
         <instance id="d000.s2745.t000" lemma="wachter" pos="NOUN">wachter</instance>
         <wf lemma="over" pos="X">over</wf>
         <wf lemma="zijn" pos="X">zijn</wf>
         <wf lemma="kinderen" pos="X">kinderen</wf>
         <wf lemma="." pos="X">.</wf>
      </sentence>
      <sentence id="d000.s2746" source="wordnet-dutch">
         <wf lemma="je" pos="X">je</wf>
         <wf lemma="kan" pos="X">kan</wf>
         <wf lemma="die" pos="X">die</wf>
         <wf lemma="mensen" pos="X">mensen</wf>
         <wf lemma="dat" pos="X">dat</wf>
         <wf lemma="recht" pos="X">recht</wf>
         <wf lemma="niet" pos="X">niet</wf>
         <wf lemma="zo" pos="X">zo</wf>
         <wf lemma="maar" pos="X">maar</wf>
         <instance id="d000.s2746.t000" lemma="ontnemen" pos="VERB">ontnemen</instance>
         <wf lemma="." pos="X">.</wf>
      </sentence>
      <sentence id="d000.s2747" source="wordnet-dutch">
         <wf lemma="zij" pos="X">zij</wf>
         <wf lemma="had" pos="X">had</wf>
         <wf lemma="haar" pos="X">haar</wf>
         <wf lemma="postcode" pos="X">postcode</wf>
         <wf lemma="met" pos="X">met</wf>
         <wf lemma="onzichtbare" pos="X">onzichtbare</wf>
         <instance id="d000.s2747.t000" lemma="inkt" pos="NOUN">inkt</instance>
         <wf lemma="op" pos="X">op</wf>
         <wf lemma="haar" pos="X">haar</wf>
         <wf lemma="bezittingen" pos="X">bezittingen</wf>
         <wf lemma="geschreven" pos="X">geschreven</wf>
         <wf lemma="." pos="X">.</wf>
      </sentence>
      <sentence id="d000.s2748" source="wordnet-dutch">
         <wf lemma="ondanks" pos="X">ondanks</wf>
         <wf lemma="bidden" pos="X">bidden</wf>
         <wf lemma="en" pos="X">en</wf>
         <instance id="d000.s2748.t000" lemma="smeken" pos="VERB">smeken</instance>
         <wf lemma="zag" pos="X">zag</wf>
         <wf lemma="men" pos="X">men</wf>
         <wf lemma="niet" pos="X">niet</wf>
         <wf lemma="van" pos="X">van</wf>
         <wf lemma="de" pos="X">de</wf>
         <wf lemma="maatregel" pos="X">maatregel</wf>
         <wf lemma="af" pos="X">af</wf>
         <wf lemma="." pos="X">.</wf>
      </sentence>
      <sentence id="d000.s2749" source="wordnet-dutch">
         <wf lemma="met" pos="X">met</wf>
         <wf lemma="die" pos="X">die</wf>
         <wf lemma="opmerking" pos="X">opmerking</wf>
         <wf lemma="had" pos="X">had</wf>
         <wf lemma="hij" pos="X">hij</wf>
         <wf lemma="de" pos="X">de</wf>
         <wf lemma="onderhandelingen" pos="X">onderhandelingen</wf>
         <wf lemma="weer" pos="X">weer</wf>
         <wf lemma="helemaal" pos="X">helemaal</wf>
         <instance id="d000.s2749.t000" lemma="verknallen" pos="VERB">verknald</instance>
         <wf lemma="." pos="X">.</wf>
      </sentence>
      <sentence id="d000.s2750" source="wordnet-dutch">
         <wf lemma="hij" pos="X">hij</wf>
         <wf lemma="pijnigde" pos="X">pijnigde</wf>
         <wf lemma="zijn" pos="X">zijn</wf>
         <instance id="d000.s2750.t000" lemma="geheugen" pos="NOUN">geheugen</instance>
         <wf lemma="om" pos="X">om</wf>
         <wf lemma="haar" pos="X">haar</wf>
         <wf lemma="naam" pos="X">naam</wf>
         <wf lemma="weer" pos="X">weer</wf>
         <wf lemma="op" pos="X">op</wf>
         <wf lemma="te" pos="X">te</wf>
         <wf lemma="diepen" pos="X">diepen</wf>
         <wf lemma="." pos="X">.</wf>
      </sentence>
      <sentence id="d000.s2751" source="wordnet-dutch">
         <wf lemma="Als" pos="X">Als</wf>
         <wf lemma="de" pos="X">de</wf>
         <instance id="d000.s2751.t000" lemma="kern" pos="NOUN">kern</instance>
         <wf lemma="van" pos="X">van</wf>
         <wf lemma="de" pos="X">de</wf>
         <wf lemma="cel" pos="X">cel</wf>
         <wf lemma="is" pos="X">is</wf>
         <wf lemma="geinfecteerd" pos="X">geinfecteerd</wf>
         <wf lemma="verloopt" pos="X">verloopt</wf>
         <wf lemma="de" pos="X">de</wf>
         <wf lemma="ziekte" pos="X">ziekte</wf>
         <wf lemma="snel" pos="X">snel</wf>
         <wf lemma="." pos="X">.</wf>
      </sentence>
      <sentence id="d000.s2752" source="wordnet-dutch">
         <wf lemma="ik" pos="X">ik</wf>
         <wf lemma="heb" pos="X">heb</wf>
         <wf lemma="de" pos="X">de</wf>
         <wf lemma="indruk" pos="X">indruk</wf>
         <wf lemma="dat" pos="X">dat</wf>
         <wf lemma="hij" pos="X">hij</wf>
         <wf lemma="deze" pos="X">deze</wf>
         <wf lemma="problemen" pos="X">problemen</wf>
         <wf lemma="allemaal" pos="X">allemaal</wf>
         <wf lemma="enorm" pos="X">enorm</wf>
         <instance id="d000.s2752.t000" lemma="opkloppen" pos="VERB">opklopt</instance>
         <wf lemma="." pos="X">.</wf>
      </sentence>
      <sentence id="d000.s2753" source="wordnet-dutch">
         <wf lemma="haar" pos="X">haar</wf>
         <wf lemma="tweejarige" pos="X">tweejarige</wf>
         <wf lemma="verblijf" pos="X">verblijf</wf>
         <wf lemma="bij" pos="X">bij</wf>
         <wf lemma="de" pos="X">de</wf>
         <wf lemma="Indianen" pos="X">Indianen</wf>
         <wf lemma="heeft" pos="X">heeft</wf>
         <wf lemma="diepe" pos="X">diepe</wf>
         <wf lemma="sporen" pos="X">sporen</wf>
         <instance id="d000.s2753.t000" lemma="nalaten" pos="VERB">nagelaten</instance>
         <wf lemma="." pos="X">.</wf>
      </sentence>
      <sentence id="d000.s2754" source="wordnet-dutch">
         <wf lemma="daar" pos="X">daar</wf>
         <wf lemma="hecht" pos="X">hecht</wf>
         <wf lemma="ik" pos="X">ik</wf>
         <wf lemma="weinig" pos="X">weinig</wf>
         <instance id="d000.s2754.t000" lemma="belang" pos="NOUN">belang</instance>
         <wf lemma="aan" pos="X">aan</wf>
         <wf lemma="." pos="X">.</wf>
      </sentence>
      <sentence id="d000.s2755" source="wordnet-dutch">
         <instance id="d000.s2755.t000" lemma="corpus" pos="NOUN">corpus</instance>
         <wf lemma="delicti." pos="X">delicti.</wf>
      </sentence>
      <sentence id="d000.s2756" source="wordnet-dutch">
         <wf lemma="de" pos="X">de</wf>
         <wf lemma="stemming" pos="X">stemming</wf>
         <wf lemma="is" pos="X">is</wf>
         <wf lemma="op" pos="X">op</wf>
         <instance id="d000.s2756.t000" lemma="peil" pos="NOUN">peil</instance>
         <wf lemma="." pos="X">.</wf>
      </sentence>
      <sentence id="d000.s2757" source="wordnet-dutch">
         <wf lemma="De" pos="X">De</wf>
         <wf lemma="verdachte" pos="X">verdachte</wf>
         <wf lemma="is" pos="X">is</wf>
         <wf lemma="bevoegd" pos="X">bevoegd</wf>
         <wf lemma="zich" pos="X">zich</wf>
         <wf lemma="bij" pos="X">bij</wf>
         <wf lemma="alle" pos="X">alle</wf>
         <wf lemma="verhoren" pos="X">verhoren</wf>
         <wf lemma="door" pos="X">door</wf>
         <wf lemma="zijn" pos="X">zijn</wf>
         <instance id="d000.s2757.t000" lemma="raadsman" pos="NOUN">raadsman</instance>
         <wf lemma="te" pos="X">te</wf>
         <wf lemma="laten" pos="X">laten</wf>
         <wf lemma="bijstaan" pos="X">bijstaan</wf>
         <wf lemma="." pos="X">.</wf>
      </sentence>
      <sentence id="d000.s2758" source="wordnet-dutch">
         <wf lemma="de" pos="X">de</wf>
         <wf lemma="muur" pos="X">muur</wf>
         <instance id="d000.s2758.t000" lemma="steunen" pos="VERB">steunt</instance>
         <wf lemma="het" pos="X">het</wf>
         <wf lemma="plafond" pos="X">plafond</wf>
         <wf lemma="helemaal" pos="X">helemaal</wf>
         <wf lemma="niet" pos="X">niet</wf>
         <wf lemma="." pos="X">.</wf>
      </sentence>
      <sentence id="d000.s2759" source="wordnet-dutch">
         <wf lemma="Kun" pos="X">Kun</wf>
         <wf lemma="jij" pos="X">jij</wf>
         <wf lemma="de" pos="X">de</wf>
         <instance id="d000.s2759.t000" lemma="installatie" pos="NOUN">installatie</instance>
         <wf lemma="wat" pos="X">wat</wf>
         <wf lemma="zachter" pos="X">zachter</wf>
         <wf lemma="zetten" pos="X">zetten</wf>
         <wf lemma="?" pos="X">?</wf>
      </sentence>
      <sentence id="d000.s2760" source="wordnet-dutch">
         <wf lemma="die" pos="X">die</wf>
         <wf lemma="muziek" pos="X">muziek</wf>
         <instance id="d000.s2760.t000" lemma="bevallen" pos="VERB">bevalt</instance>
         <wf lemma="me" pos="X">me</wf>
         <wf lemma="helemaal" pos="X">helemaal</wf>
         <wf lemma="niet" pos="X">niet</wf>
         <wf lemma="." pos="X">.</wf>
      </sentence>
      <sentence id="d000.s2761" source="wordnet-dutch">
         <wf lemma="dit" pos="X">dit</wf>
         <wf lemma="romanpersonage" pos="X">romanpersonage</wf>
         <wf lemma="is" pos="X">is</wf>
         <wf lemma="een" pos="X">een</wf>
         <wf lemma="historische" pos="X">historische</wf>
         <instance id="d000.s2761.t000" lemma="figuur" pos="NOUN">figuur</instance>
         <wf lemma="." pos="X">.</wf>
      </sentence>
      <sentence id="d000.s2762" source="wordnet-dutch">
         <instance id="d000.s2762.t000" lemma="piet" pos="NOUN">Pieten</instance>
         <wf lemma="vormen" pos="X">vormen</wf>
         <wf lemma="een" pos="X">een</wf>
         <wf lemma="ware" pos="X">ware</wf>
         <wf lemma="plaag" pos="X">plaag</wf>
         <wf lemma="voor" pos="X">voor</wf>
         <wf lemma="de" pos="X">de</wf>
         <wf lemma="boerderijdieren" pos="X">boerderijdieren</wf>
         <wf lemma="." pos="X">.</wf>
      </sentence>
      <sentence id="d000.s2763" source="wordnet-dutch">
         <wf lemma="de" pos="X">de</wf>
         <wf lemma="huidige" pos="X">huidige</wf>
         <wf lemma="situatie" pos="X">situatie</wf>
         <instance id="d000.s2763.t000" lemma="beletten" pos="VERB">belet</instance>
         <wf lemma="een" pos="X">een</wf>
         <wf lemma="verdere" pos="X">verdere</wf>
         <wf lemma="economische" pos="X">economische</wf>
         <wf lemma="groei" pos="X">groei</wf>
         <wf lemma="." pos="X">.</wf>
      </sentence>
      <sentence id="d000.s2764" source="wordnet-dutch">
         <wf lemma="het" pos="X">het</wf>
         <wf lemma="opkomende" pos="X">opkomende</wf>
         <wf lemma="water" pos="X">water</wf>
         <wf lemma="sloeg" pos="X">sloeg</wf>
         <wf lemma="een" pos="X">een</wf>
         <instance id="d000.s2764.t000" lemma="gat" pos="NOUN">gat</instance>
         <wf lemma="in" pos="X">in</wf>
         <wf lemma="de" pos="X">de</wf>
         <wf lemma="dijk" pos="X">dijk</wf>
         <wf lemma="." pos="X">.</wf>
      </sentence>
      <sentence id="d000.s2765" source="wordnet-dutch">
         <wf lemma="hij" pos="X">hij</wf>
         <wf lemma="is" pos="X">is</wf>
         <instance id="d000.s2765.t000" lemma="genezen" pos="VERB">genezen</instance>
         <wf lemma="van" pos="X">van</wf>
         <wf lemma="de" pos="X">de</wf>
         <wf lemma="geelzucht" pos="X">geelzucht</wf>
         <wf lemma="." pos="X">.</wf>
      </sentence>
      <sentence id="d000.s2766" source="wordnet-dutch">
         <wf lemma="uit" pos="X">uit</wf>
         <wf lemma="mijn" pos="X">mijn</wf>
         <wf lemma="hoofd" pos="X">hoofd</wf>
         <instance id="d000.s2766.t000" lemma="rekenen" pos="VERB">reken</instance>
         <wf lemma="ik" pos="X">ik</wf>
         <wf lemma="zeven" pos="X">zeven</wf>
         <wf lemma="kubieke" pos="X">kubieke</wf>
         <wf lemma="meter" pos="X">meter</wf>
         <wf lemma="zand" pos="X">zand</wf>
         <wf lemma="." pos="X">.</wf>
      </sentence>
      <sentence id="d000.s2767" source="wordnet-dutch">
         <wf lemma="de" pos="X">de</wf>
         <wf lemma="auto-industrie" pos="X">auto-industrie</wf>
         <wf lemma="is" pos="X">is</wf>
         <wf lemma="een" pos="X">een</wf>
         <wf lemma="bloeiende" pos="X">bloeiende</wf>
         <instance id="d000.s2767.t000" lemma="industrietak" pos="NOUN">industrietak</instance>
         <wf lemma="." pos="X">.</wf>
      </sentence>
      <sentence id="d000.s2768" source="wordnet-dutch">
         <wf lemma="de" pos="X">de</wf>
         <wf lemma="bal" pos="X">bal</wf>
         <wf lemma="had" pos="X">had</wf>
         <wf lemma="niet" pos="X">niet</wf>
         <wf lemma="genoeg" pos="X">genoeg</wf>
         <instance id="d000.s2768.t000" lemma="vaart" pos="NOUN">vaart</instance>
         <wf lemma="." pos="X">.</wf>
      </sentence>
      <sentence id="d000.s2769" source="wordnet-dutch">
         <wf lemma="hij" pos="X">hij</wf>
         <wf lemma="stond" pos="X">stond</wf>
         <wf lemma="met" pos="X">met</wf>
         <wf lemma="de" pos="X">de</wf>
         <wf lemma="buurman" pos="X">buurman</wf>
         <wf lemma="te" pos="X">te</wf>
         <instance id="d000.s2769.t000" lemma="praten" pos="VERB">praten</instance>
         <wf lemma="(" pos="X">(</wf>
         <wf lemma="over" pos="X">over</wf>
         <wf lemma="het" pos="X">het</wf>
         <wf lemma="weer" pos="X">weer</wf>
         <wf lemma=")" pos="X">)</wf>
         <wf lemma="." pos="X">.</wf>
      </sentence>
      <sentence id="d000.s2770" source="wordnet-dutch">
         <wf lemma="de" pos="X">de</wf>
         <wf lemma="kwajongens" pos="X">kwajongens</wf>
         <wf lemma="haalden" pos="X">haalden</wf>
         <wf lemma="weer" pos="X">weer</wf>
         <instance id="d000.s2770.t000" lemma="rottigheid" pos="NOUN">rottigheid</instance>
         <wf lemma="uit" pos="X">uit</wf>
         <wf lemma="op" pos="X">op</wf>
         <wf lemma="straat" pos="X">straat</wf>
         <wf lemma="." pos="X">.</wf>
      </sentence>
      <sentence id="d000.s2771" source="wordnet-dutch">
         <wf lemma="op" pos="X">op</wf>
         <wf lemma="de" pos="X">de</wf>
         <wf lemma="radar" pos="X">radar</wf>
         <wf lemma="was" pos="X">was</wf>
         <wf lemma="een" pos="X">een</wf>
         <wf lemma="heldere" pos="X">heldere</wf>
         <instance id="d000.s2771.t000" lemma="echo" pos="NOUN">echo</instance>
         <wf lemma="zichtbaar" pos="X">zichtbaar</wf>
         <wf lemma="." pos="X">.</wf>
      </sentence>
      <sentence id="d000.s2772" source="wordnet-dutch">
         <wf lemma="na" pos="X">na</wf>
         <wf lemma="mijn" pos="X">mijn</wf>
         <wf lemma="vijftigste" pos="X">vijftigste</wf>
         <wf lemma="ga" pos="X">ga</wf>
         <wf lemma="ik" pos="X">ik</wf>
         <wf lemma="mijn" pos="X">mijn</wf>
         <wf lemma="carrière" pos="X">carrière</wf>
         <instance id="d000.s2772.t000" lemma="afbouwen" pos="VERB">afbouwen</instance>
         <wf lemma="." pos="X">.</wf>
      </sentence>
      <sentence id="d000.s2773" source="wordnet-dutch">
         <wf lemma="de" pos="X">de</wf>
         <wf lemma="zon" pos="X">zon</wf>
         <wf lemma="geeft" pos="X">geeft</wf>
         <wf lemma="veel" pos="X">veel</wf>
         <instance id="d000.s2773.t000" lemma="warmte" pos="NOUN">warmte</instance>
         <wf lemma="vandaag" pos="X">vandaag</wf>
         <wf lemma="." pos="X">.</wf>
      </sentence>
      <sentence id="d000.s2774" source="wordnet-dutch">
         <wf lemma="je" pos="X">je</wf>
         <instance id="d000.s2774.t000" lemma="zien" pos="VERB">ziet</instance>
         <wf lemma="wat" pos="X">wat</wf>
         <wf lemma="bleek" pos="X">bleek</wf>
         <wf lemma="," pos="X">,</wf>
         <wf lemma="is" pos="X">is</wf>
         <wf lemma="er" pos="X">er</wf>
         <wf lemma="wat" pos="X">wat</wf>
         <wf lemma="?" pos="X">?</wf>
      </sentence>
      <sentence id="d000.s2775" source="wordnet-dutch">
         <wf lemma="dat" pos="X">dat</wf>
         <wf lemma="cijfer" pos="X">cijfer</wf>
         <wf lemma="berust" pos="X">berust</wf>
         <wf lemma="slechts" pos="X">slechts</wf>
         <wf lemma="op" pos="X">op</wf>
         <instance id="d000.s2775.t000" lemma="gissing" pos="NOUN">gissingen</instance>
         <wf lemma="." pos="X">.</wf>
      </sentence>
      <sentence id="d000.s2776" source="wordnet-dutch">
         <wf lemma="wat" pos="X">wat</wf>
         <wf lemma="zit" pos="X">zit</wf>
         <wf lemma="je" pos="X">je</wf>
         <wf lemma="nou" pos="X">nou</wf>
         <wf lemma="op" pos="X">op</wf>
         <wf lemma="je" pos="X">je</wf>
         <wf lemma="stoel" pos="X">stoel</wf>
         <wf lemma="te" pos="X">te</wf>
         <instance id="d000.s2776.t000" lemma="schuiven" pos="VERB">schuiven</instance>
         <wf lemma="?" pos="X">?</wf>
      </sentence>
      <sentence id="d000.s2777" source="wordnet-dutch">
         <wf lemma="dat" pos="X">dat</wf>
         <wf lemma="was" pos="X">was</wf>
         <wf lemma="een" pos="X">een</wf>
         <wf lemma="gevoelige" pos="X">gevoelige</wf>
         <instance id="d000.s2777.t000" lemma="slag" pos="NOUN">slag</instance>
         <wf lemma="voor" pos="X">voor</wf>
         <wf lemma="hem" pos="X">hem</wf>
         <wf lemma="." pos="X">.</wf>
      </sentence>
      <sentence id="d000.s2778" source="wordnet-dutch">
         <wf lemma="hou" pos="X">hou</wf>
         <wf lemma="toch" pos="X">toch</wf>
         <wf lemma="je" pos="X">je</wf>
         <instance id="d000.s2778.t000" lemma="waffel" pos="NOUN">waffel</instance>
         <wf lemma="." pos="X">.</wf>
      </sentence>
      <sentence id="d000.s2779" source="wordnet-dutch">
         <wf lemma="gaan" pos="X">gaan</wf>
         <wf lemma="jullie" pos="X">jullie</wf>
         <instance id="d000.s2779.t000" lemma="kamperen" pos="VERB">kamperen</instance>
         <wf lemma="of" pos="X">of</wf>
         <wf lemma="in" pos="X">in</wf>
         <wf lemma="een" pos="X">een</wf>
         <wf lemma="hotel" pos="X">hotel</wf>
         <wf lemma="?" pos="X">?</wf>
      </sentence>
      <sentence id="d000.s2780" source="wordnet-dutch">
         <wf lemma="ik" pos="X">ik</wf>
         <wf lemma="zal" pos="X">zal</wf>
         <wf lemma="hem" pos="X">hem</wf>
         <wf lemma="wel" pos="X">wel</wf>
         <wf lemma="van" pos="X">van</wf>
         <wf lemma="dat" pos="X">dat</wf>
         <wf lemma="plan" pos="X">plan</wf>
         <instance id="d000.s2780.t000" lemma="afpraten" pos="VERB">afpraten</instance>
         <wf lemma="." pos="X">.</wf>
      </sentence>
      <sentence id="d000.s2781" source="wordnet-dutch">
         <wf lemma="ik" pos="X">ik</wf>
         <instance id="d000.s2781.t000" lemma="citeren" pos="VERB">citeer</instance>
         <wf lemma="nu" pos="X">nu</wf>
         <wf lemma="een" pos="X">een</wf>
         <wf lemma="stuk" pos="X">stuk</wf>
         <wf lemma="uit" pos="X">uit</wf>
         <wf lemma="het" pos="X">het</wf>
         <wf lemma="werk" pos="X">werk</wf>
         <wf lemma="van" pos="X">van</wf>
         <wf lemma="Multatuli" pos="X">Multatuli</wf>
         <wf lemma="." pos="X">.</wf>
      </sentence>
      <sentence id="d000.s2782" source="wordnet-dutch">
         <wf lemma="een" pos="X">een</wf>
         <wf lemma="atletisch" pos="X">atletisch</wf>
         <instance id="d000.s2782.t000" lemma="corpus" pos="NOUN">corpus</instance>
         <wf lemma="." pos="X">.</wf>
      </sentence>
      <sentence id="d000.s2783" source="wordnet-dutch">
         <wf lemma="de" pos="X">de</wf>
         <wf lemma="maatregel" pos="X">maatregel</wf>
         <instance id="d000.s2783.t000" lemma="gelden" pos="VERB">geldt</instance>
         <wf lemma="niet" pos="X">niet</wf>
         <wf lemma="voor" pos="X">voor</wf>
         <wf lemma="alleenstaande" pos="X">alleenstaande</wf>
         <wf lemma="ouders" pos="X">ouders</wf>
         <wf lemma="." pos="X">.</wf>
      </sentence>
      <sentence id="d000.s2784" source="wordnet-dutch">
         <wf lemma="De" pos="X">De</wf>
         <wf lemma="priester" pos="X">priester</wf>
         <wf lemma="moet" pos="X">moet</wf>
         <instance id="d000.s2784.t000" lemma="boete" pos="NOUN">boete</instance>
         <wf lemma="doen" pos="X">doen</wf>
         <wf lemma="voor" pos="X">voor</wf>
         <wf lemma="zijn" pos="X">zijn</wf>
         <wf lemma="zonden" pos="X">zonden</wf>
         <wf lemma="tegen" pos="X">tegen</wf>
         <wf lemma="de" pos="X">de</wf>
         <wf lemma="Heilige" pos="X">Heilige</wf>
         <wf lemma="Maagd" pos="X">Maagd</wf>
         <wf lemma="Maria" pos="X">Maria</wf>
         <wf lemma="." pos="X">.</wf>
      </sentence>
      <sentence id="d000.s2785" source="wordnet-dutch">
         <wf lemma="het" pos="X">het</wf>
         <wf lemma="is" pos="X">is</wf>
         <wf lemma="te" pos="X">te</wf>
         <wf lemma="hopen" pos="X">hopen</wf>
         <wf lemma="dat" pos="X">dat</wf>
         <wf lemma="hij" pos="X">hij</wf>
         <wf lemma="zijn" pos="X">zijn</wf>
         <wf lemma="woedeaanvallen" pos="X">woedeaanvallen</wf>
         <wf lemma="wat" pos="X">wat</wf>
         <wf lemma="kan" pos="X">kan</wf>
         <instance id="d000.s2785.t000" lemma="indammen" pos="VERB">indammen</instance>
         <wf lemma="." pos="X">.</wf>
      </sentence>
      <sentence id="d000.s2786" source="wordnet-dutch">
         <wf lemma="hij" pos="X">hij</wf>
         <wf lemma="zat" pos="X">zat</wf>
         <wf lemma="te" pos="X">te</wf>
         <instance id="d000.s2786.t000" lemma="morrelen" pos="VERB">morrelen</instance>
         <wf lemma="aan" pos="X">aan</wf>
         <wf lemma="'" pos="X">'</wf>
         <wf lemma="het" pos="X">het</wf>
         <wf lemma="slot'/'de" pos="X">slot'/'de</wf>
         <wf lemma="motorfiets" pos="X">motorfiets</wf>
         <wf lemma="'" pos="X">'</wf>
         <wf lemma="." pos="X">.</wf>
      </sentence>
      <sentence id="d000.s2787" source="wordnet-dutch">
         <wf lemma="met" pos="X">met</wf>
         <wf lemma="een" pos="X">een</wf>
         <wf lemma="fraai" pos="X">fraai</wf>
         <wf lemma="cijfer" pos="X">cijfer</wf>
         <wf lemma="heeft" pos="X">heeft</wf>
         <wf lemma="ze" pos="X">ze</wf>
         <wf lemma="haar" pos="X">haar</wf>
         <wf lemma="scriptie" pos="X">scriptie</wf>
         <instance id="d000.s2787.t000" lemma="bekronen" pos="VERB">bekroond</instance>
         <wf lemma="." pos="X">.</wf>
      </sentence>
      <sentence id="d000.s2788" source="wordnet-dutch">
         <wf lemma="de" pos="X">de</wf>
         <wf lemma="weg" pos="X">weg</wf>
         <instance id="d000.s2788.t000" lemma="verbreden" pos="VERB">verbreedt</instance>
         <wf lemma="zich" pos="X">zich</wf>
         <wf lemma="hier" pos="X">hier</wf>
         <wf lemma="." pos="X">.</wf>
      </sentence>
      <sentence id="d000.s2789" source="wordnet-dutch">
         <wf lemma="dat" pos="X">dat</wf>
         <wf lemma="stenen" pos="X">stenen</wf>
         <wf lemma="bankje" pos="X">bankje</wf>
         <wf lemma="in" pos="X">in</wf>
         <wf lemma="het" pos="X">het</wf>
         <wf lemma="park" pos="X">park</wf>
         <wf lemma="is" pos="X">is</wf>
         <wf lemma="al" pos="X">al</wf>
         <wf lemma="helemaal" pos="X">helemaal</wf>
         <instance id="d000.s2789.t000" lemma="uitslijten" pos="VERB">uitgesleten</instance>
         <wf lemma="." pos="X">.</wf>
      </sentence>
      <sentence id="d000.s2790" source="wordnet-dutch">
         <wf lemma="dat" pos="X">dat</wf>
         <wf lemma="donkere" pos="X">donkere</wf>
         <wf lemma="weer" pos="X">weer</wf>
         <instance id="d000.s2790.t000" lemma="deprimeren" pos="VERB">deprimeert</instance>
         <wf lemma="me" pos="X">me</wf>
         <wf lemma="." pos="X">.</wf>
      </sentence>
      <sentence id="d000.s2791" source="wordnet-dutch">
         <wf lemma="mag" pos="X">mag</wf>
         <wf lemma="ik" pos="X">ik</wf>
         <wf lemma="op" pos="X">op</wf>
         <wf lemma="de" pos="X">de</wf>
         <instance id="d000.s2791.t000" lemma="paardenmolen" pos="NOUN">paardenmolen</instance>
         <wf lemma="?" pos="X">?</wf>
      </sentence>
      <sentence id="d000.s2792" source="wordnet-dutch">
         <wf lemma="de" pos="X">de</wf>
         <wf lemma="heer" pos="X">heer</wf>
         <wf lemma="De" pos="X">De</wf>
         <wf lemma="Bruijn" pos="X">Bruijn</wf>
         <wf lemma="is" pos="X">is</wf>
         <wf lemma="stuurman" pos="X">stuurman</wf>
         <wf lemma="ter" pos="X">ter</wf>
         <instance id="d000.s2792.t000" lemma="koopvaardij" pos="NOUN">koopvaardij</instance>
         <wf lemma="." pos="X">.</wf>
      </sentence>
      <sentence id="d000.s2793" source="wordnet-dutch">
         <wf lemma="De" pos="X">De</wf>
         <wf lemma="kerken" pos="X">kerken</wf>
         <wf lemma="geven" pos="X">geven</wf>
         <wf lemma="een" pos="X">een</wf>
         <wf lemma="officieel" pos="X">officieel</wf>
         <instance id="d000.s2793.t000" lemma="orgaan" pos="NOUN">orgaan</instance>
         <wf lemma="uit" pos="X">uit</wf>
         <wf lemma="." pos="X">.</wf>
      </sentence>
      <sentence id="d000.s2794" source="wordnet-dutch">
         <wf lemma="die" pos="X">die</wf>
         <wf lemma="muren" pos="X">muren</wf>
         <instance id="d000.s2794.t000" lemma="dempen" pos="VERB">dempen</instance>
         <wf lemma="het" pos="X">het</wf>
         <wf lemma="geluid" pos="X">geluid</wf>
         <wf lemma="van" pos="X">van</wf>
         <wf lemma="de" pos="X">de</wf>
         <wf lemma="buren" pos="X">buren</wf>
         <wf lemma="nog" pos="X">nog</wf>
         <wf lemma="enigszins" pos="X">enigszins</wf>
         <wf lemma="." pos="X">.</wf>
      </sentence>
      <sentence id="d000.s2795" source="wordnet-dutch">
         <wf lemma="de" pos="X">de</wf>
         <wf lemma="maatschappij" pos="X">maatschappij</wf>
         <wf lemma="in" pos="X">in</wf>
         <wf lemma="haar" pos="X">haar</wf>
         <instance id="d000.s2795.t000" lemma="totaliteit" pos="NOUN">totaliteit</instance>
         <wf lemma="." pos="X">.</wf>
      </sentence>
      <sentence id="d000.s2796" source="wordnet-dutch">
         <wf lemma="In" pos="X">In</wf>
         <wf lemma="welke" pos="X">welke</wf>
         <instance id="d000.s2796.t000" lemma="module" pos="NOUN">module</instance>
         <wf lemma="van" pos="X">van</wf>
         <wf lemma="het" pos="X">het</wf>
         <wf lemma="programma" pos="X">programma</wf>
         <wf lemma="zit" pos="X">zit</wf>
         <wf lemma="de" pos="X">de</wf>
         <wf lemma="bug" pos="X">bug</wf>
         <wf lemma="denk" pos="X">denk</wf>
         <wf lemma="je" pos="X">je</wf>
         <wf lemma="?" pos="X">?</wf>
      </sentence>
      <sentence id="d000.s2797" source="wordnet-dutch">
         <wf lemma="we" pos="X">we</wf>
         <wf lemma="mogen" pos="X">mogen</wf>
         <wf lemma="niemand" pos="X">niemand</wf>
         <instance id="d000.s2797.t000" lemma="toelaten" pos="VERB">toelaten</instance>
         <wf lemma="bij" pos="X">bij</wf>
         <wf lemma="de" pos="X">de</wf>
         <wf lemma="zieke" pos="X">zieke</wf>
         <wf lemma="." pos="X">.</wf>
      </sentence>
      <sentence id="d000.s2798" source="wordnet-dutch">
         <wf lemma="de" pos="X">de</wf>
         <wf lemma="verwachting" pos="X">verwachting</wf>
         <wf lemma="is" pos="X">is</wf>
         <wf lemma="dat" pos="X">dat</wf>
         <wf lemma="de" pos="X">de</wf>
         <wf lemma="afvalstoffenheffing" pos="X">afvalstoffenheffing</wf>
         <wf lemma="over" pos="X">over</wf>
         <wf lemma="drie" pos="X">drie</wf>
         <wf lemma="jaar" pos="X">jaar</wf>
         <wf lemma="honderd" pos="X">honderd</wf>
         <wf lemma="gulden" pos="X">gulden</wf>
         <wf lemma="per" pos="X">per</wf>
         <instance id="d000.s2798.t000" lemma="huishouden" pos="NOUN">huishouden</instance>
         <wf lemma="duurder" pos="X">duurder</wf>
         <wf lemma="wordt" pos="X">wordt</wf>
         <wf lemma="." pos="X">.</wf>
      </sentence>
      <sentence id="d000.s2799" source="wordnet-dutch">
         <wf lemma="alle" pos="X">alle</wf>
         <wf lemma="bezit" pos="X">bezit</wf>
         <wf lemma="van" pos="X">van</wf>
         <wf lemma="grootvader" pos="X">grootvader</wf>
         <instance id="d000.s2799.t000" lemma="vervallen" pos="VERB">vervalt</instance>
         <wf lemma="aan" pos="X">aan</wf>
         <wf lemma="grootmoeder" pos="X">grootmoeder</wf>
         <wf lemma="." pos="X">.</wf>
      </sentence>
      <sentence id="d000.s2800" source="wordnet-dutch">
         <wf lemma="dat" pos="X">dat</wf>
         <wf lemma="vormt" pos="X">vormt</wf>
         <wf lemma="een" pos="X">een</wf>
         <wf lemma="beetje" pos="X">beetje</wf>
         <instance id="d000.s2800.t000" lemma="afleiding" pos="NOUN">afleiding</instance>
         <wf lemma="." pos="X">.</wf>
      </sentence>
      <sentence id="d000.s2801" source="wordnet-dutch">
         <wf lemma="ze" pos="X">ze</wf>
         <instance id="d000.s2801.t000" lemma="blozen" pos="VERB">bloosde</instance>
         <wf lemma="van" pos="X">van</wf>
         <wf lemma="verlegenheid" pos="X">verlegenheid</wf>
         <wf lemma="toen" pos="X">toen</wf>
         <wf lemma="ze" pos="X">ze</wf>
         <wf lemma="op" pos="X">op</wf>
         <wf lemma="die" pos="X">die</wf>
         <wf lemma="vraag" pos="X">vraag</wf>
         <wf lemma="moest" pos="X">moest</wf>
         <wf lemma="antwoorden" pos="X">antwoorden</wf>
         <wf lemma="." pos="X">.</wf>
      </sentence>
      <sentence id="d000.s2802" source="wordnet-dutch">
         <wf lemma="Hoeveel" pos="X">Hoeveel</wf>
         <instance id="d000.s2802.t000" lemma="roede" pos="NOUN">roedes</instance>
         <wf lemma="is" pos="X">is</wf>
         <wf lemma="dit" pos="X">dit</wf>
         <wf lemma="lang" pos="X">lang</wf>
         <wf lemma="?" pos="X">?</wf>
      </sentence>
      <sentence id="d000.s2803" source="wordnet-dutch">
         <wf lemma="een" pos="X">een</wf>
         <wf lemma="deel" pos="X">deel</wf>
         <wf lemma="van" pos="X">van</wf>
         <wf lemma="de" pos="X">de</wf>
         <wf lemma="lading" pos="X">lading</wf>
         <wf lemma="die" pos="X">die</wf>
         <wf lemma="het" pos="X">het</wf>
         <wf lemma="schip" pos="X">schip</wf>
         <wf lemma="had" pos="X">had</wf>
         <wf lemma="verloren" pos="X">verloren</wf>
         <wf lemma="is" pos="X">is</wf>
         <wf lemma="weer" pos="X">weer</wf>
         <instance id="d000.s2803.t000" lemma="bovenkomen" pos="VERB">bovengekomen</instance>
         <wf lemma="door" pos="X">door</wf>
         <wf lemma="de" pos="X">de</wf>
         <wf lemma="storm" pos="X">storm</wf>
         <wf lemma="." pos="X">.</wf>
      </sentence>
      <sentence id="d000.s2804" source="wordnet-dutch">
         <wf lemma="hij" pos="X">hij</wf>
         <instance id="d000.s2804.t000" lemma="verklappen" pos="VERB">verklapte</instance>
         <wf lemma="(" pos="X">(</wf>
         <wf lemma="ons" pos="X">ons</wf>
         <wf lemma=")" pos="X">)</wf>
         <wf lemma="wie" pos="X">wie</wf>
         <wf lemma="er" pos="X">er</wf>
         <wf lemma="vanavond" pos="X">vanavond</wf>
         <wf lemma="zo" pos="X">zo</wf>
         <wf lemma="al" pos="X">al</wf>
         <wf lemma="gaat" pos="X">gaat</wf>
         <wf lemma="komen" pos="X">komen</wf>
         <wf lemma="naar" pos="X">naar</wf>
         <wf lemma="het" pos="X">het</wf>
         <wf lemma="feestje" pos="X">feestje</wf>
         <wf lemma="." pos="X">.</wf>
      </sentence>
      <sentence id="d000.s2805" source="wordnet-dutch">
         <wf lemma="door" pos="X">door</wf>
         <wf lemma="de" pos="X">de</wf>
         <wf lemma="overstroming" pos="X">overstroming</wf>
         <wf lemma="kwam" pos="X">kwam</wf>
         <wf lemma="zijn" pos="X">zijn</wf>
         <wf lemma="huis" pos="X">huis</wf>
         <wf lemma="onder" pos="X">onder</wf>
         <instance id="d000.s2805.t000" lemma="water" pos="NOUN">water</instance>
         <wf lemma="te" pos="X">te</wf>
         <wf lemma="staan" pos="X">staan</wf>
         <wf lemma="." pos="X">.</wf>
      </sentence>
      <sentence id="d000.s2806" source="wordnet-dutch">
         <wf lemma="we" pos="X">we</wf>
         <wf lemma="nemen" pos="X">nemen</wf>
         <wf lemma="de" pos="X">de</wf>
         <wf lemma="zaak" pos="X">zaak</wf>
         <wf lemma="nog" pos="X">nog</wf>
         <wf lemma="eens" pos="X">eens</wf>
         <instance id="d000.s2806.t000" lemma="punt" pos="NOUN">punt</instance>
         <wf lemma="voor" pos="X">voor</wf>
         <wf lemma="punt" pos="X">punt</wf>
         <wf lemma="door" pos="X">door</wf>
         <wf lemma="." pos="X">.</wf>
      </sentence>
      <sentence id="d000.s2807" source="wordnet-dutch">
         <wf lemma="het" pos="X">het</wf>
         <wf lemma="jongetje" pos="X">jongetje</wf>
         <wf lemma="schoot" pos="X">schoot</wf>
         <wf lemma="met" pos="X">met</wf>
         <wf lemma="z'n" pos="X">z'n</wf>
         <wf lemma="fiets" pos="X">fiets</wf>
         <wf lemma="onder" pos="X">onder</wf>
         <wf lemma="de" pos="X">de</wf>
         <instance id="d000.s2807.t000" lemma="brugleuning" pos="NOUN">brugleuning</instance>
         <wf lemma="door" pos="X">door</wf>
         <wf lemma="het" pos="X">het</wf>
         <wf lemma="water" pos="X">water</wf>
         <wf lemma="in" pos="X">in</wf>
         <wf lemma="." pos="X">.</wf>
      </sentence>
      <sentence id="d000.s2808" source="wordnet-dutch">
         <wf lemma="wat" pos="X">wat</wf>
         <wf lemma="ben" pos="X">ben</wf>
         <wf lemma="je" pos="X">je</wf>
         <wf lemma="vroeg" pos="X">vroeg</wf>
         <wf lemma="op" pos="X">op</wf>
         <instance id="d000.s2808.t000" lemma="pad" pos="NOUN">pad</instance>
         <wf lemma="." pos="X">.</wf>
      </sentence>
      <sentence id="d000.s2809" source="wordnet-dutch">
         <wf lemma="hun" pos="X">hun</wf>
         <wf lemma="kind" pos="X">kind</wf>
         <wf lemma="kon" pos="X">kon</wf>
         <wf lemma="moeilijk" pos="X">moeilijk</wf>
         <instance id="d000.s2809.t000" lemma="meekomen" pos="VERB">meekomen</instance>
         <wf lemma="in" pos="X">in</wf>
         <wf lemma="de" pos="X">de</wf>
         <wf lemma="klas" pos="X">klas</wf>
         <wf lemma="." pos="X">.</wf>
      </sentence>
      <sentence id="d000.s2810" source="wordnet-dutch">
         <wf lemma="dat" pos="X">dat</wf>
         <wf lemma="is" pos="X">is</wf>
         <wf lemma="met" pos="X">met</wf>
         <instance id="d000.s2810.t000" lemma="zorg" pos="NOUN">zorg</instance>
         <wf lemma="gemaakt" pos="X">gemaakt</wf>
         <wf lemma="." pos="X">.</wf>
      </sentence>
      <sentence id="d000.s2811" source="wordnet-dutch">
         <wf lemma="de" pos="X">de</wf>
         <wf lemma="roofvogels" pos="X">roofvogels</wf>
         <instance id="d000.s2811.t000" lemma="zweven" pos="VERB">zweven</instance>
         <wf lemma="op" pos="X">op</wf>
         <wf lemma="hun" pos="X">hun</wf>
         <wf lemma="vleugels" pos="X">vleugels</wf>
         <wf lemma="door" pos="X">door</wf>
         <wf lemma="de" pos="X">de</wf>
         <wf lemma="lucht" pos="X">lucht</wf>
         <wf lemma="." pos="X">.</wf>
      </sentence>
      <sentence id="d000.s2812" source="wordnet-dutch">
         <wf lemma="In" pos="X">In</wf>
         <wf lemma="swing" pos="X">swing</wf>
         <wf lemma="komen" pos="X">komen</wf>
         <wf lemma="de" pos="X">de</wf>
         <instance id="d000.s2812.t000" lemma="accent" pos="NOUN">accenten</instance>
         <wf lemma="niet" pos="X">niet</wf>
         <wf lemma="op" pos="X">op</wf>
         <wf lemma="de" pos="X">de</wf>
         <wf lemma="tel" pos="X">tel</wf>
         <wf lemma="." pos="X">.</wf>
      </sentence>
      <sentence id="d000.s2813" source="wordnet-dutch">
         <wf lemma="zijn" pos="X">zijn</wf>
         <wf lemma="man" pos="X">man</wf>
         <wf lemma="kan" pos="X">kan</wf>
         <wf lemma="zeer" pos="X">zeer</wf>
         <wf lemma="goed" pos="X">goed</wf>
         <instance id="d000.s2813.t000" lemma="koken" pos="VERB">koken</instance>
         <wf lemma="." pos="X">.</wf>
      </sentence>
      <sentence id="d000.s2814" source="wordnet-dutch">
         <wf lemma="zoek" pos="X">zoek</wf>
         <wf lemma="jij" pos="X">jij</wf>
         <wf lemma="'es" pos="X">'es</wf>
         <wf lemma="even" pos="X">even</wf>
         <wf lemma="voor" pos="X">voor</wf>
         <wf lemma="me" pos="X">me</wf>
         <wf lemma="op" pos="X">op</wf>
         <wf lemma="in" pos="X">in</wf>
         <wf lemma="de" pos="X">de</wf>
         <instance id="d000.s2814.t000" lemma="atlas" pos="NOUN">atlas</instance>
         <wf lemma="van" pos="X">van</wf>
         <wf lemma="waar" pos="X">waar</wf>
         <wf lemma="naar" pos="X">naar</wf>
         <wf lemma="waar" pos="X">waar</wf>
         <wf lemma="de" pos="X">de</wf>
         <wf lemma="Zambezi" pos="X">Zambezi</wf>
         <wf lemma="stroomt" pos="X">stroomt</wf>
         <wf lemma="." pos="X">.</wf>
      </sentence>
      <sentence id="d000.s2815" source="wordnet-dutch">
         <wf lemma="de" pos="X">de</wf>
         <wf lemma="aardbeien" pos="X">aardbeien</wf>
         <wf lemma="kosten" pos="X">kosten</wf>
         <wf lemma="daar" pos="X">daar</wf>
         <wf lemma="vier" pos="X">vier</wf>
         <wf lemma="gulden" pos="X">gulden</wf>
         <wf lemma="per" pos="X">per</wf>
         <instance id="d000.s2815.t000" lemma="pond" pos="NOUN">pond</instance>
         <wf lemma="." pos="X">.</wf>
      </sentence>
      <sentence id="d000.s2816" source="wordnet-dutch">
         <wf lemma="ik" pos="X">ik</wf>
         <wf lemma="wil" pos="X">wil</wf>
         <wf lemma="geen" pos="X">geen</wf>
         <wf lemma="kinderen" pos="X">kinderen</wf>
         <wf lemma="want" pos="X">want</wf>
         <wf lemma="ik" pos="X">ik</wf>
         <wf lemma="wil" pos="X">wil</wf>
         <wf lemma="me" pos="X">me</wf>
         <wf lemma="niet" pos="X">niet</wf>
         <instance id="d000.s2816.t000" lemma="binden" pos="VERB">binden</instance>
         <wf lemma="." pos="X">.</wf>
      </sentence>
      <sentence id="d000.s2817" source="wordnet-dutch">
         <wf lemma="de" pos="X">de</wf>
         <wf lemma="automobilist" pos="X">automobilist</wf>
         <instance id="d000.s2817.t000" lemma="reageren" pos="VERB">reageerde</instance>
         <wf lemma="te" pos="X">te</wf>
         <wf lemma="traag" pos="X">traag</wf>
         <wf lemma="en" pos="X">en</wf>
         <wf lemma="reed" pos="X">reed</wf>
         <wf lemma="op" pos="X">op</wf>
         <wf lemma="de" pos="X">de</wf>
         <wf lemma="fietsers" pos="X">fietsers</wf>
         <wf lemma="in" pos="X">in</wf>
         <wf lemma="." pos="X">.</wf>
      </sentence>
      <sentence id="d000.s2818" source="wordnet-dutch">
         <wf lemma="Een" pos="X">Een</wf>
         <wf lemma="plat" pos="X">plat</wf>
         <instance id="d000.s2818.t000" lemma="vlak" pos="NOUN">vlak</instance>
         <wf lemma="kun" pos="X">kun</wf>
         <wf lemma="je" pos="X">je</wf>
         <wf lemma="op" pos="X">op</wf>
         <wf lemma="verschillende" pos="X">verschillende</wf>
         <wf lemma="manieren" pos="X">manieren</wf>
         <wf lemma="vullen" pos="X">vullen</wf>
         <wf lemma="," pos="X">,</wf>
         <wf lemma="met" pos="X">met</wf>
         <wf lemma="allerlei" pos="X">allerlei</wf>
         <wf lemma="figuren" pos="X">figuren</wf>
         <wf lemma="." pos="X">.</wf>
      </sentence>
      <sentence id="d000.s2819" source="wordnet-dutch">
         <wf lemma="we" pos="X">we</wf>
         <wf lemma="draaien" pos="X">draaien</wf>
         <wf lemma="wel" pos="X">wel</wf>
         <wf lemma="een" pos="X">een</wf>
         <wf lemma="paar" pos="X">paar</wf>
         <instance id="d000.s2819.t000" lemma="schroef" pos="NOUN">schroeven</instance>
         <wf lemma="in" pos="X">in</wf>
         <wf lemma="die" pos="X">die</wf>
         <wf lemma="plaat" pos="X">plaat</wf>
         <wf lemma="." pos="X">.</wf>
      </sentence>
      <sentence id="d000.s2820" source="wordnet-dutch">
         <wf lemma="ze" pos="X">ze</wf>
         <instance id="d000.s2820.t000" lemma="getuigen" pos="VERB">getuigde</instance>
         <wf lemma="dat" pos="X">dat</wf>
         <wf lemma="ze" pos="X">ze</wf>
         <wf lemma="een" pos="X">een</wf>
         <wf lemma="inbreker" pos="X">inbreker</wf>
         <wf lemma="had" pos="X">had</wf>
         <wf lemma="gezien" pos="X">gezien</wf>
         <wf lemma="." pos="X">.</wf>
      </sentence>
      <sentence id="d000.s2821" source="wordnet-dutch">
         <wf lemma="ze" pos="X">ze</wf>
         <instance id="d000.s2821.t000" lemma="vertrouwen" pos="VERB">vertrouwt</instance>
         <wf lemma="altijd" pos="X">altijd</wf>
         <wf lemma="op" pos="X">op</wf>
         <wf lemma="haar" pos="X">haar</wf>
         <wf lemma="gevoel/geluk" pos="X">gevoel/geluk</wf>
         <wf lemma="." pos="X">.</wf>
      </sentence>
      <sentence id="d000.s2822" source="wordnet-dutch">
         <wf lemma="in" pos="X">in</wf>
         <wf lemma="Turkije" pos="X">Turkije</wf>
         <wf lemma="is" pos="X">is</wf>
         <wf lemma="vannacht" pos="X">vannacht</wf>
         <wf lemma="een" pos="X">een</wf>
         <wf lemma="zware" pos="X">zware</wf>
         <instance id="d000.s2822.t000" lemma="aardschok" pos="NOUN">aardschok</instance>
         <wf lemma="gevoeld" pos="X">gevoeld</wf>
         <wf lemma="." pos="X">.</wf>
      </sentence>
      <sentence id="d000.s2823" source="wordnet-dutch">
         <wf lemma="hij" pos="X">hij</wf>
         <wf lemma="staat" pos="X">staat</wf>
         <wf lemma="in" pos="X">in</wf>
         <wf lemma="zijn" pos="X">zijn</wf>
         <wf lemma="blote" pos="X">blote</wf>
         <instance id="d000.s2823.t000" lemma="bast" pos="NOUN">bast</instance>
         <wf lemma="het" pos="X">het</wf>
         <wf lemma="gras" pos="X">gras</wf>
         <wf lemma="te" pos="X">te</wf>
         <wf lemma="maaien" pos="X">maaien</wf>
         <wf lemma="." pos="X">.</wf>
      </sentence>
      <sentence id="d000.s2824" source="wordnet-dutch">
         <wf lemma="dit" pos="X">dit</wf>
         <wf lemma="is" pos="X">is</wf>
         <wf lemma="de" pos="X">de</wf>
         <wf lemma="laatste" pos="X">laatste</wf>
         <instance id="d000.s2824.t000" lemma="waarschuwing" pos="NOUN">waarschuwing</instance>
         <wf lemma="!" pos="X">!</wf>
      </sentence>
      <sentence id="d000.s2825" source="wordnet-dutch">
         <wf lemma="een" pos="X">een</wf>
         <instance id="d000.s2825.t000" lemma="claim" pos="NOUN">claim</instance>
         <wf lemma="op" pos="X">op</wf>
         <wf lemma="iemand" pos="X">iemand</wf>
         <wf lemma="leggen" pos="X">leggen</wf>
         <wf lemma="." pos="X">.</wf>
      </sentence>
      <sentence id="d000.s2826" source="wordnet-dutch">
         <wf lemma="dat" pos="X">dat</wf>
         <wf lemma="zijn" pos="X">zijn</wf>
         <wf lemma="de" pos="X">de</wf>
         <wf lemma="voordelen" pos="X">voordelen</wf>
         <wf lemma="van" pos="X">van</wf>
         <wf lemma="een" pos="X">een</wf>
         <wf lemma="kwantitatieve" pos="X">kwantitatieve</wf>
         <instance id="d000.s2826.t000" lemma="benadering" pos="NOUN">benadering</instance>
         <wf lemma="." pos="X">.</wf>
      </sentence>
      <sentence id="d000.s2827" source="wordnet-dutch">
         <wf lemma="zure" pos="X">zure</wf>
         <instance id="d000.s2827.t000" lemma="regen" pos="NOUN">regen</instance>
         <wf lemma="tast" pos="X">tast</wf>
         <wf lemma="het" pos="X">het</wf>
         <wf lemma="steen" pos="X">steen</wf>
         <wf lemma="aan" pos="X">aan</wf>
         <wf lemma="." pos="X">.</wf>
      </sentence>
      <sentence id="d000.s2828" source="wordnet-dutch">
         <wf lemma="jammer" pos="X">jammer</wf>
         <wf lemma="," pos="X">,</wf>
         <wf lemma="maar" pos="X">maar</wf>
         <wf lemma="de" pos="X">de</wf>
         <wf lemma="bank" pos="X">bank</wf>
         <wf lemma="en" pos="X">en</wf>
         <wf lemma="het" pos="X">het</wf>
         <wf lemma="schilderij" pos="X">schilderij</wf>
         <instance id="d000.s2828.t000" lemma="harmoniëren" pos="VERB">harmoniëren</instance>
         <wf lemma="niet" pos="X">niet</wf>
         <wf lemma="met" pos="X">met</wf>
         <wf lemma="elkaar" pos="X">elkaar</wf>
         <wf lemma="." pos="X">.</wf>
      </sentence>
      <sentence id="d000.s2829" source="wordnet-dutch">
         <wf lemma="dat" pos="X">dat</wf>
         <wf lemma="product" pos="X">product</wf>
         <wf lemma="is" pos="X">is</wf>
         <wf lemma="een" pos="X">een</wf>
         <instance id="d000.s2829.t000" lemma="vervangingsmiddel" pos="NOUN">vervangingsmiddel</instance>
         <wf lemma="voor" pos="X">voor</wf>
         <wf lemma="schadelijke" pos="X">schadelijke</wf>
         <wf lemma="pesticiden" pos="X">pesticiden</wf>
         <wf lemma="." pos="X">.</wf>
      </sentence>
      <sentence id="d000.s2830" source="wordnet-dutch">
         <wf lemma="de" pos="X">de</wf>
         <wf lemma="pers" pos="X">pers</wf>
         <wf lemma="heeft" pos="X">heeft</wf>
         <wf lemma="die" pos="X">die</wf>
         <wf lemma="zaak" pos="X">zaak</wf>
         <wf lemma="al" pos="X">al</wf>
         <wf lemma="helemaal" pos="X">helemaal</wf>
         <instance id="d000.s2830.t000" lemma="uitbenen" pos="VERB">uitgebeend</instance>
         <wf lemma="." pos="X">.</wf>
      </sentence>
      <sentence id="d000.s2831" source="wordnet-dutch">
         <wf lemma="Ik" pos="X">Ik</wf>
         <wf lemma="studeer" pos="X">studeer</wf>
         <instance id="d000.s2831.t000" lemma="filosofie" pos="NOUN">filosofie</instance>
         <wf lemma="." pos="X">.</wf>
      </sentence>
      <sentence id="d000.s2832" source="wordnet-dutch">
         <wf lemma="de" pos="X">de</wf>
         <wf lemma="klanten" pos="X">klanten</wf>
         <wf lemma="waren" pos="X">waren</wf>
         <wf lemma="slecht" pos="X">slecht</wf>
         <instance id="d000.s2832.t000" lemma="inlichten" pos="VERB">ingelicht</instance>
         <wf lemma="." pos="X">.</wf>
      </sentence>
      <sentence id="d000.s2833" source="wordnet-dutch">
         <wf lemma="hij" pos="X">hij</wf>
         <wf lemma="had" pos="X">had</wf>
         <wf lemma="zijn" pos="X">zijn</wf>
         <wf lemma="viool" pos="X">viool</wf>
         <wf lemma="niet" pos="X">niet</wf>
         <wf lemma="goed" pos="X">goed</wf>
         <instance id="d000.s2833.t000" lemma="stemmen" pos="VERB">gestemd</instance>
         <wf lemma="." pos="X">.</wf>
      </sentence>
      <sentence id="d000.s2834" source="wordnet-dutch">
         <wf lemma="in" pos="X">in</wf>
         <wf lemma="de" pos="X">de</wf>
         <wf lemma="zomer" pos="X">zomer</wf>
         <wf lemma="geef" pos="X">geef</wf>
         <wf lemma="ik" pos="X">ik</wf>
         <wf lemma="een" pos="X">een</wf>
         <wf lemma="groot" pos="X">groot</wf>
         <instance id="d000.s2834.t000" lemma="tuinfeest" pos="NOUN">tuinfeest</instance>
         <wf lemma="voor" pos="X">voor</wf>
         <wf lemma="mijn" pos="X">mijn</wf>
         <wf lemma="verjaardag" pos="X">verjaardag</wf>
         <wf lemma="." pos="X">.</wf>
      </sentence>
      <sentence id="d000.s2835" source="wordnet-dutch">
         <wf lemma="Hij" pos="X">Hij</wf>
         <wf lemma="zal" pos="X">zal</wf>
         <wf lemma="nooit" pos="X">nooit</wf>
         <wf lemma="een" pos="X">een</wf>
         <instance id="d000.s2835.t000" lemma="meester" pos="NOUN">meester</instance>
         <wf lemma="worden" pos="X">worden</wf>
         <wf lemma="met" pos="X">met</wf>
         <wf lemma="schaken" pos="X">schaken</wf>
         <wf lemma="." pos="X">.</wf>
      </sentence>
      <sentence id="d000.s2836" source="wordnet-dutch">
         <wf lemma="op" pos="X">op</wf>
         <wf lemma="die" pos="X">die</wf>
         <wf lemma="manier" pos="X">manier</wf>
         <instance id="d000.s2836.t000" lemma="uiten" pos="VERB">uitte</instance>
         <wf lemma="ze" pos="X">ze</wf>
         <wf lemma="haar" pos="X">haar</wf>
         <wf lemma="ongenoegen" pos="X">ongenoegen</wf>
         <wf lemma="over" pos="X">over</wf>
         <wf lemma="de" pos="X">de</wf>
         <wf lemma="situatie" pos="X">situatie</wf>
         <wf lemma="." pos="X">.</wf>
      </sentence>
      <sentence id="d000.s2837" source="wordnet-dutch">
         <wf lemma="ze" pos="X">ze</wf>
         <wf lemma="hebben" pos="X">hebben</wf>
         <wf lemma="deze" pos="X">deze</wf>
         <wf lemma="formulering" pos="X">formulering</wf>
         <wf lemma="wat" pos="X">wat</wf>
         <instance id="d000.s2837.t000" lemma="vereenvoudigen" pos="VERB">vereenvoudigd</instance>
         <wf lemma="," pos="X">,</wf>
         <wf lemma="omdat" pos="X">omdat</wf>
         <wf lemma="ze" pos="X">ze</wf>
         <wf lemma="vreesden" pos="X">vreesden</wf>
         <wf lemma="dat" pos="X">dat</wf>
         <wf lemma="vele" pos="X">vele</wf>
         <wf lemma="mensen" pos="X">mensen</wf>
         <wf lemma="niet" pos="X">niet</wf>
         <wf lemma="zouden" pos="X">zouden</wf>
         <wf lemma="begrijpen" pos="X">begrijpen</wf>
         <wf lemma="wat" pos="X">wat</wf>
         <wf lemma="er" pos="X">er</wf>
         <wf lemma="werd" pos="X">werd</wf>
         <wf lemma="bedoeld" pos="X">bedoeld</wf>
         <wf lemma="." pos="X">.</wf>
      </sentence>
      <sentence id="d000.s2838" source="wordnet-dutch">
         <wf lemma="In" pos="X">In</wf>
         <wf lemma="de" pos="X">de</wf>
         <wf lemma="keuken" pos="X">keuken</wf>
         <wf lemma="is" pos="X">is</wf>
         <wf lemma="er" pos="X">er</wf>
         <wf lemma="een" pos="X">een</wf>
         <instance id="d000.s2838.t000" lemma="aansluiting" pos="NOUN">aansluiting</instance>
         <wf lemma="voor" pos="X">voor</wf>
         <wf lemma="de" pos="X">de</wf>
         <wf lemma="wasmachine" pos="X">wasmachine</wf>
         <wf lemma="." pos="X">.</wf>
      </sentence>
      <sentence id="d000.s2839" source="wordnet-dutch">
         <wf lemma="zij" pos="X">zij</wf>
         <wf lemma="maakte" pos="X">maakte</wf>
         <wf lemma="dankbaar" pos="X">dankbaar</wf>
         <wf lemma="gebruik" pos="X">gebruik</wf>
         <wf lemma="van" pos="X">van</wf>
         <wf lemma="dat" pos="X">dat</wf>
         <instance id="d000.s2839.t000" lemma="aanbod" pos="NOUN">aanbod</instance>
         <wf lemma="." pos="X">.</wf>
      </sentence>
      <sentence id="d000.s2840" source="wordnet-dutch">
         <wf lemma="de" pos="X">de</wf>
         <wf lemma="meiden" pos="X">meiden</wf>
         <instance id="d000.s2840.t000" lemma="zwieren" pos="VERB">zwierden</instance>
         <wf lemma="en" pos="X">en</wf>
         <wf lemma="zwaaiden" pos="X">zwaaiden</wf>
         <wf lemma="over" pos="X">over</wf>
         <wf lemma="de" pos="X">de</wf>
         <wf lemma="schaatsbaan" pos="X">schaatsbaan</wf>
         <wf lemma="." pos="X">.</wf>
      </sentence>
      <sentence id="d000.s2841" source="wordnet-dutch">
         <wf lemma="hij" pos="X">hij</wf>
         <wf lemma="heeft" pos="X">heeft</wf>
         <wf lemma="deze" pos="X">deze</wf>
         <wf lemma="studente" pos="X">studente</wf>
         <instance id="d000.s2841.t000" lemma="begeleiden" pos="VERB">begeleid</instance>
         <wf lemma="bij" pos="X">bij</wf>
         <wf lemma="haar" pos="X">haar</wf>
         <wf lemma="thesis" pos="X">thesis</wf>
         <wf lemma="." pos="X">.</wf>
      </sentence>
      <sentence id="d000.s2842" source="wordnet-dutch">
         <wf lemma="de" pos="X">de</wf>
         <wf lemma="rivier" pos="X">rivier</wf>
         <instance id="d000.s2842.t000" lemma="stromen" pos="VERB">stroomt</instance>
         <wf lemma="sinds" pos="X">sinds</wf>
         <wf lemma="mensenheugenis" pos="X">mensenheugenis</wf>
         <wf lemma="naar" pos="X">naar</wf>
         <wf lemma="zee" pos="X">zee</wf>
         <wf lemma="." pos="X">.</wf>
      </sentence>
      <sentence id="d000.s2843" source="wordnet-dutch">
         <wf lemma="dat" pos="X">dat</wf>
         <wf lemma="zal" pos="X">zal</wf>
         <wf lemma="me" pos="X">me</wf>
         <wf lemma="geen" pos="X">geen</wf>
         <wf lemma="tweede" pos="X">tweede</wf>
         <wf lemma="keer" pos="X">keer</wf>
         <instance id="d000.s2843.t000" lemma="overkomen" pos="VERB">overkomen</instance>
         <wf lemma="!" pos="X">!</wf>
      </sentence>
      <sentence id="d000.s2844" source="wordnet-dutch">
         <wf lemma="voor" pos="X">voor</wf>
         <wf lemma="dat" pos="X">dat</wf>
         <wf lemma="werk" pos="X">werk</wf>
         <instance id="d000.s2844.t000" lemma="inspireren" pos="VERB">inspireerde</instance>
         <wf lemma="Bartok" pos="X">Bartok</wf>
         <wf lemma="zich" pos="X">zich</wf>
         <wf lemma="op" pos="X">op</wf>
         <wf lemma="oude" pos="X">oude</wf>
         <wf lemma="Hongaarse" pos="X">Hongaarse</wf>
         <wf lemma="volksliederen" pos="X">volksliederen</wf>
         <wf lemma="." pos="X">.</wf>
      </sentence>
      <sentence id="d000.s2845" source="wordnet-dutch">
         <wf lemma="aan" pos="X">aan</wf>
         <wf lemma="zijn" pos="X">zijn</wf>
         <wf lemma="mening" pos="X">mening</wf>
         <wf lemma="hecht" pos="X">hecht</wf>
         <wf lemma="ik" pos="X">ik</wf>
         <wf lemma="echt" pos="X">echt</wf>
         <wf lemma="geen" pos="X">geen</wf>
         <instance id="d000.s2845.t000" lemma="betekenis" pos="NOUN">betekenis</instance>
         <wf lemma="meer" pos="X">meer</wf>
         <wf lemma="." pos="X">.</wf>
      </sentence>
      <sentence id="d000.s2846" source="wordnet-dutch">
         <wf lemma="de" pos="X">de</wf>
         <wf lemma="regering" pos="X">regering</wf>
         <wf lemma="heeft" pos="X">heeft</wf>
         <wf lemma="bij" pos="X">bij</wf>
         <wf lemma="de" pos="X">de</wf>
         <wf lemma="Amerikanen" pos="X">Amerikanen</wf>
         <wf lemma="enkele" pos="X">enkele</wf>
         <wf lemma="voorwaarden" pos="X">voorwaarden</wf>
         <instance id="d000.s2846.t000" lemma="bedingen" pos="VERB">bedongen</instance>
         <wf lemma="." pos="X">.</wf>
      </sentence>
      <sentence id="d000.s2847" source="wordnet-dutch">
         <wf lemma="plotseling" pos="X">plotseling</wf>
         <wf lemma="bezoek" pos="X">bezoek</wf>
         <wf lemma="breekt" pos="X">breekt</wf>
         <wf lemma="de" pos="X">de</wf>
         <instance id="d000.s2847.t000" lemma="eentonigheid" pos="NOUN">eentonigheid</instance>
         <wf lemma="." pos="X">.</wf>
      </sentence>
      <sentence id="d000.s2848" source="wordnet-dutch">
         <wf lemma="de" pos="X">de</wf>
         <wf lemma="docent" pos="X">docent</wf>
         <instance id="d000.s2848.t000" lemma="waarderen" pos="VERB">waardeerde</instance>
         <wf lemma="het" pos="X">het</wf>
         <wf lemma="werkstuk" pos="X">werkstuk</wf>
         <wf lemma="met" pos="X">met</wf>
         <wf lemma="een" pos="X">een</wf>
         <wf lemma="zeven" pos="X">zeven</wf>
         <wf lemma="." pos="X">.</wf>
      </sentence>
      <sentence id="d000.s2849" source="wordnet-dutch">
         <wf lemma="de" pos="X">de</wf>
         <wf lemma="tweede" pos="X">tweede</wf>
         <wf lemma="kamer" pos="X">kamer</wf>
         <wf lemma="neemt" pos="X">neemt</wf>
         <wf lemma="een" pos="X">een</wf>
         <wf lemma="wetsontwerp" pos="X">wetsontwerp</wf>
         <wf lemma="in" pos="X">in</wf>
         <instance id="d000.s2849.t000" lemma="behandeling" pos="NOUN">behandeling</instance>
         <wf lemma="." pos="X">.</wf>
      </sentence>
      <sentence id="d000.s2850" source="wordnet-dutch">
         <wf lemma="de" pos="X">de</wf>
         <instance id="d000.s2850.t000" lemma="instelling" pos="NOUN">instelling</instance>
         <wf lemma="van" pos="X">van</wf>
         <wf lemma="deze" pos="X">deze</wf>
         <wf lemma="camera" pos="X">camera</wf>
         <wf lemma="is" pos="X">is</wf>
         <wf lemma="erg" pos="X">erg</wf>
         <wf lemma="simpel" pos="X">simpel</wf>
         <wf lemma="." pos="X">.</wf>
      </sentence>
      <sentence id="d000.s2851" source="wordnet-dutch">
         <wf lemma="['de" pos="X">['de</wf>
         <wf lemma="CVP'/'de" pos="X">CVP'/'de</wf>
         <wf lemma="kiezer']" pos="X">kiezer']</wf>
         <wf lemma="is" pos="X">is</wf>
         <wf lemma="de" pos="X">de</wf>
         <wf lemma="grote" pos="X">grote</wf>
         <instance id="d000.s2851.t000" lemma="verliezer" pos="NOUN">verliezer</instance>
         <wf lemma="van" pos="X">van</wf>
         <wf lemma="de" pos="X">de</wf>
         <wf lemma="verkiezingen" pos="X">verkiezingen</wf>
         <wf lemma="." pos="X">.</wf>
      </sentence>
      <sentence id="d000.s2852" source="wordnet-dutch">
         <wf lemma="als" pos="X">als</wf>
         <wf lemma="ik" pos="X">ik</wf>
         <wf lemma="uit" pos="X">uit</wf>
         <wf lemma="logeren" pos="X">logeren</wf>
         <wf lemma="ga" pos="X">ga</wf>
         <instance id="d000.s2852.t000" lemma="missen" pos="VERB">mis</instance>
         <wf lemma="ik" pos="X">ik</wf>
         <wf lemma="mijn" pos="X">mijn</wf>
         <wf lemma="moeder" pos="X">moeder</wf>
         <wf lemma="heel" pos="X">heel</wf>
         <wf lemma="erg" pos="X">erg</wf>
         <wf lemma="." pos="X">.</wf>
      </sentence>
      <sentence id="d000.s2853" source="wordnet-dutch">
         <wf lemma="het" pos="X">het</wf>
         <wf lemma="Nederlandse" pos="X">Nederlandse</wf>
         <instance id="d000.s2853.t000" lemma="alfabet" pos="NOUN">alfabet</instance>
         <wf lemma="telt" pos="X">telt</wf>
         <wf lemma="zesentwintig" pos="X">zesentwintig</wf>
         <wf lemma="letters" pos="X">letters</wf>
         <wf lemma="." pos="X">.</wf>
      </sentence>
      <sentence id="d000.s2854" source="wordnet-dutch">
         <wf lemma="De" pos="X">De</wf>
         <wf lemma="compositie" pos="X">compositie</wf>
         <wf lemma="bevat" pos="X">bevat</wf>
         <instance id="d000.s2854.t000" lemma="figuur" pos="NOUN">figuren</instance>
         <wf lemma="van" pos="X">van</wf>
         <wf lemma="andere" pos="X">andere</wf>
         <wf lemma="muziekstijlen" pos="X">muziekstijlen</wf>
         <wf lemma="." pos="X">.</wf>
      </sentence>
      <sentence id="d000.s2855" source="wordnet-dutch">
         <wf lemma="je" pos="X">je</wf>
         <wf lemma="moet" pos="X">moet</wf>
         <wf lemma="met" pos="X">met</wf>
         <wf lemma="je" pos="X">je</wf>
         <instance id="d000.s2855.t000" lemma="fikken" pos="NOUN">fikken</instance>
         <wf lemma="van" pos="X">van</wf>
         <wf lemma="m'n" pos="X">m'n</wf>
         <wf lemma="fiets" pos="X">fiets</wf>
         <wf lemma="afblijven" pos="X">afblijven</wf>
         <wf lemma="." pos="X">.</wf>
      </sentence>
      <sentence id="d000.s2856" source="wordnet-dutch">
         <wf lemma="wie" pos="X">wie</wf>
         <wf lemma="zich" pos="X">zich</wf>
         <wf lemma="niet" pos="X">niet</wf>
         <wf lemma="aan" pos="X">aan</wf>
         <wf lemma="de" pos="X">de</wf>
         <instance id="d000.s2856.t000" lemma="regel" pos="NOUN">regels</instance>
         <wf lemma="houdt" pos="X">houdt</wf>
         <wf lemma="," pos="X">,</wf>
         <wf lemma="mag" pos="X">mag</wf>
         <wf lemma="niet" pos="X">niet</wf>
         <wf lemma="meedoen" pos="X">meedoen</wf>
         <wf lemma="." pos="X">.</wf>
      </sentence>
      <sentence id="d000.s2857" source="wordnet-dutch">
         <wf lemma="de" pos="X">de</wf>
         <wf lemma="vijand" pos="X">vijand</wf>
         <wf lemma="in" pos="X">in</wf>
         <wf lemma="de" pos="X">de</wf>
         <instance id="d000.s2857.t000" lemma="flank" pos="NOUN">flank</instance>
         <wf lemma="aanvallen" pos="X">aanvallen</wf>
         <wf lemma="." pos="X">.</wf>
      </sentence>
      <sentence id="d000.s2858" source="wordnet-dutch">
         <wf lemma="de" pos="X">de</wf>
         <wf lemma="invoering" pos="X">invoering</wf>
         <wf lemma="van" pos="X">van</wf>
         <wf lemma="het" pos="X">het</wf>
         <wf lemma="nieuwe" pos="X">nieuwe</wf>
         <wf lemma="paspoort" pos="X">paspoort</wf>
         <wf lemma="werd" pos="X">werd</wf>
         <wf lemma="een" pos="X">een</wf>
         <wf lemma="groot" pos="X">groot</wf>
         <instance id="d000.s2858.t000" lemma="fiasco" pos="NOUN">fiasco</instance>
         <wf lemma="." pos="X">.</wf>
      </sentence>
      <sentence id="d000.s2859" source="wordnet-dutch">
         <wf lemma="de" pos="X">de</wf>
         <wf lemma="volledig" pos="X">volledig</wf>
         <wf lemma="evenredige" pos="X">evenredige</wf>
         <instance id="d000.s2859.t000" lemma="vertegenwoordiging" pos="NOUN">vertegenwoordiging</instance>
         <wf lemma="van" pos="X">van</wf>
         <wf lemma="mannen" pos="X">mannen</wf>
         <wf lemma="en" pos="X">en</wf>
         <wf lemma="vrouwen" pos="X">vrouwen</wf>
         <wf lemma="in" pos="X">in</wf>
         <wf lemma="het" pos="X">het</wf>
         <wf lemma="parlement" pos="X">parlement</wf>
         <wf lemma="." pos="X">.</wf>
      </sentence>
      <sentence id="d000.s2860" source="wordnet-dutch">
         <wf lemma="met" pos="X">met</wf>
         <wf lemma="die" pos="X">die</wf>
         <wf lemma="stof" pos="X">stof</wf>
         <wf lemma="moet" pos="X">moet</wf>
         <wf lemma="je" pos="X">je</wf>
         <wf lemma="voorzichtig" pos="X">voorzichtig</wf>
         <wf lemma="omgaan" pos="X">omgaan</wf>
         <wf lemma="," pos="X">,</wf>
         <wf lemma="want" pos="X">want</wf>
         <wf lemma="ze" pos="X">ze</wf>
         <instance id="d000.s2860.t000" lemma="ontvlammen" pos="VERB">ontvlamt</instance>
         <wf lemma="zeer" pos="X">zeer</wf>
         <wf lemma="gemakkelijk" pos="X">gemakkelijk</wf>
         <wf lemma="." pos="X">.</wf>
      </sentence>
      <sentence id="d000.s2861" source="wordnet-dutch">
         <wf lemma="de" pos="X">de</wf>
         <wf lemma="overheid" pos="X">overheid</wf>
         <wf lemma="is" pos="X">is</wf>
         <wf lemma="in" pos="X">in</wf>
         <wf lemma="de" pos="X">de</wf>
         <instance id="d000.s2861.t000" lemma="perceptie" pos="NOUN">perceptie</instance>
         <wf lemma="van" pos="X">van</wf>
         <wf lemma="de" pos="X">de</wf>
         <wf lemma="burger" pos="X">burger</wf>
         <wf lemma="een" pos="X">een</wf>
         <wf lemma="anonieme" pos="X">anonieme</wf>
         <wf lemma="moloch" pos="X">moloch</wf>
         <wf lemma="." pos="X">.</wf>
      </sentence>
      <sentence id="d000.s2862" source="wordnet-dutch">
         <wf lemma="het" pos="X">het</wf>
         <wf lemma="wadlopen" pos="X">wadlopen</wf>
         <instance id="d000.s2862.t000" lemma="behoeven" pos="VERB">behoeft</instance>
         <wf lemma="nauwelijks" pos="X">nauwelijks</wf>
         <wf lemma="reclame" pos="X">reclame</wf>
         <wf lemma="." pos="X">.</wf>
      </sentence>
      <sentence id="d000.s2863" source="wordnet-dutch">
         <wf lemma="de" pos="X">de</wf>
         <wf lemma="politie" pos="X">politie</wf>
         <instance id="d000.s2863.t000" lemma="betrappen" pos="VERB">betrapte</instance>
         <wf lemma="de" pos="X">de</wf>
         <wf lemma="dief" pos="X">dief</wf>
         <wf lemma="toen" pos="X">toen</wf>
         <wf lemma="hij" pos="X">hij</wf>
         <wf lemma="juist" pos="X">juist</wf>
         <wf lemma="de" pos="X">de</wf>
         <wf lemma="brandkast" pos="X">brandkast</wf>
         <wf lemma="wilde" pos="X">wilde</wf>
         <wf lemma="openen" pos="X">openen</wf>
         <wf lemma="." pos="X">.</wf>
      </sentence>
      <sentence id="d000.s2864" source="wordnet-dutch">
         <wf lemma="drie" pos="X">drie</wf>
         <wf lemma="leden" pos="X">leden</wf>
         <wf lemma="hielden" pos="X">hielden</wf>
         <wf lemma="een" pos="X">een</wf>
         <instance id="d000.s2864.t000" lemma="samenspraak" pos="NOUN">samenspraak</instance>
         <wf lemma="over" pos="X">over</wf>
         <wf lemma="het" pos="X">het</wf>
         <wf lemma="leven" pos="X">leven</wf>
         <wf lemma="op" pos="X">op</wf>
         <wf lemma="het" pos="X">het</wf>
         <wf lemma="platteland" pos="X">platteland</wf>
         <wf lemma="." pos="X">.</wf>
      </sentence>
      <sentence id="d000.s2865" source="wordnet-dutch">
         <wf lemma="uit" pos="X">uit</wf>
         <instance id="d000.s2865.t000" lemma="schuldgevoel" pos="NOUN">schuldgevoel</instance>
         <wf lemma="belde" pos="X">belde</wf>
         <wf lemma="hij" pos="X">hij</wf>
         <wf lemma="zijn" pos="X">zijn</wf>
         <wf lemma="moeder" pos="X">moeder</wf>
         <wf lemma="maar" pos="X">maar</wf>
         <wf lemma="eens" pos="X">eens</wf>
         <wf lemma="op." pos="X">op.</wf>
      </sentence>
      <sentence id="d000.s2866" source="wordnet-dutch">
         <wf lemma="vrijwel" pos="X">vrijwel</wf>
         <wf lemma="alle" pos="X">alle</wf>
         <instance id="d000.s2866.t000" lemma="opvarende" pos="NOUN">opvarenden</instance>
         <wf lemma="van" pos="X">van</wf>
         <wf lemma="de" pos="X">de</wf>
         <wf lemma="Estonia" pos="X">Estonia</wf>
         <wf lemma="zijn" pos="X">zijn</wf>
         <wf lemma="verdronken" pos="X">verdronken</wf>
         <wf lemma="." pos="X">.</wf>
      </sentence>
      <sentence id="d000.s2867" source="wordnet-dutch">
         <wf lemma="een" pos="X">een</wf>
         <wf lemma="monument" pos="X">monument</wf>
         <wf lemma="ter" pos="X">ter</wf>
         <instance id="d000.s2867.t000" lemma="herinnering" pos="NOUN">herinnering</instance>
         <wf lemma="aan" pos="X">aan</wf>
         <wf lemma="de" pos="X">de</wf>
         <wf lemma="slachtoffers" pos="X">slachtoffers</wf>
         <wf lemma="van" pos="X">van</wf>
         <wf lemma="de" pos="X">de</wf>
         <wf lemma="vliegramp." pos="X">vliegramp.</wf>
      </sentence>
      <sentence id="d000.s2868" source="wordnet-dutch">
         <wf lemma="mijn" pos="X">mijn</wf>
         <wf lemma="kamerplanten" pos="X">kamerplanten</wf>
         <wf lemma="zijn" pos="X">zijn</wf>
         <wf lemma="aan" pos="X">aan</wf>
         <wf lemma="het" pos="X">het</wf>
         <instance id="d000.s2868.t000" lemma="afsterven" pos="VERB">afsterven</instance>
         <wf lemma="." pos="X">.</wf>
      </sentence>
      <sentence id="d000.s2869" source="wordnet-dutch">
         <wf lemma="het" pos="X">het</wf>
         <wf lemma="schietterrein" pos="X">schietterrein</wf>
         <wf lemma="is" pos="X">is</wf>
         <wf lemma="met" pos="X">met</wf>
         <wf lemma="waarschuwingsborden" pos="X">waarschuwingsborden</wf>
         <instance id="d000.s2869.t000" lemma="afperken" pos="VERB">afgeperkt</instance>
         <wf lemma="." pos="X">.</wf>
      </sentence>
      <sentence id="d000.s2870" source="wordnet-dutch">
         <wf lemma="de" pos="X">de</wf>
         <wf lemma="gemeente" pos="X">gemeente</wf>
         <wf lemma="heeft" pos="X">heeft</wf>
         <wf lemma="besloten" pos="X">besloten</wf>
         <wf lemma="de" pos="X">de</wf>
         <wf lemma="twee" pos="X">twee</wf>
         <wf lemma="scholen" pos="X">scholen</wf>
         <wf lemma="te" pos="X">te</wf>
         <instance id="d000.s2870.t000" lemma="integreren" pos="VERB">integreren</instance>
         <wf lemma="." pos="X">.</wf>
      </sentence>
      <sentence id="d000.s2871" source="wordnet-dutch">
         <wf lemma="Quebec" pos="X">Quebec</wf>
         <wf lemma="zal" pos="X">zal</wf>
         <wf lemma="maandag" pos="X">maandag</wf>
         <wf lemma="per" pos="X">per</wf>
         <wf lemma="referendum" pos="X">referendum</wf>
         <wf lemma="over" pos="X">over</wf>
         <instance id="d000.s2871.t000" lemma="afscheiding" pos="NOUN">afscheiding</instance>
         <wf lemma="van" pos="X">van</wf>
         <wf lemma="Canada" pos="X">Canada</wf>
         <wf lemma="beslissen" pos="X">beslissen</wf>
         <wf lemma="." pos="X">.</wf>
      </sentence>
      <sentence id="d000.s2872" source="wordnet-dutch">
         <wf lemma="zij" pos="X">zij</wf>
         <wf lemma="sloeg" pos="X">sloeg</wf>
         <wf lemma="de" pos="X">de</wf>
         <instance id="d000.s2872.t000" lemma="shuttle" pos="NOUN">shuttle</instance>
         <wf lemma="strak" pos="X">strak</wf>
         <wf lemma="in" pos="X">in</wf>
         <wf lemma="de" pos="X">de</wf>
         <wf lemma="hoek" pos="X">hoek</wf>
         <wf lemma="." pos="X">.</wf>
      </sentence>
      <sentence id="d000.s2873" source="wordnet-dutch">
         <wf lemma="dat" pos="X">dat</wf>
         <wf lemma="zei" pos="X">zei</wf>
         <wf lemma="hij" pos="X">hij</wf>
         <wf lemma="ter" pos="X">ter</wf>
         <instance id="d000.s2873.t000" lemma="rechtvaardiging" pos="NOUN">rechtvaardiging</instance>
         <wf lemma="van" pos="X">van</wf>
         <wf lemma="zijn" pos="X">zijn</wf>
         <wf lemma="gedrag" pos="X">gedrag</wf>
         <wf lemma="." pos="X">.</wf>
      </sentence>
      <sentence id="d000.s2874" source="wordnet-dutch">
         <wf lemma="hij" pos="X">hij</wf>
         <wf lemma="heeft" pos="X">heeft</wf>
         <wf lemma="geen" pos="X">geen</wf>
         <wf lemma="stromend" pos="X">stromend</wf>
         <instance id="d000.s2874.t000" lemma="water" pos="NOUN">water</instance>
         <wf lemma="op" pos="X">op</wf>
         <wf lemma="zijn" pos="X">zijn</wf>
         <wf lemma="appartement" pos="X">appartement</wf>
         <wf lemma="." pos="X">.</wf>
      </sentence>
      <sentence id="d000.s2875" source="wordnet-dutch">
         <wf lemma="hij" pos="X">hij</wf>
         <instance id="d000.s2875.t000" lemma="raden" pos="VERB">raadt</instance>
         <wf lemma="ons" pos="X">ons</wf>
         <wf lemma="op" pos="X">op</wf>
         <wf lemma="tijd" pos="X">tijd</wf>
         <wf lemma="te" pos="X">te</wf>
         <wf lemma="komen" pos="X">komen</wf>
         <wf lemma="." pos="X">.</wf>
      </sentence>
      <sentence id="d000.s2876" source="wordnet-dutch">
         <wf lemma="ik" pos="X">ik</wf>
         <wf lemma="doe" pos="X">doe</wf>
         <wf lemma="die" pos="X">die</wf>
         <wf lemma="paar" pos="X">paar</wf>
         <wf lemma="kopjes" pos="X">kopjes</wf>
         <wf lemma="wel" pos="X">wel</wf>
         <wf lemma="even" pos="X">even</wf>
         <wf lemma="in" pos="X">in</wf>
         <wf lemma="het" pos="X">het</wf>
         <instance id="d000.s2876.t000" lemma="afwasteil" pos="NOUN">afwasteiltje</instance>
         <wf lemma="." pos="X">.</wf>
      </sentence>
      <sentence id="d000.s2877" source="wordnet-dutch">
         <wf lemma="ze" pos="X">ze</wf>
         <wf lemma="stonden" pos="X">stonden</wf>
         <wf lemma="al" pos="X">al</wf>
         <wf lemma="meer" pos="X">meer</wf>
         <wf lemma="dan" pos="X">dan</wf>
         <wf lemma="een" pos="X">een</wf>
         <wf lemma="uur" pos="X">uur</wf>
         <wf lemma="te" pos="X">te</wf>
         <instance id="d000.s2877.t000" lemma="kleumen" pos="VERB">kleumen</instance>
         <wf lemma="in" pos="X">in</wf>
         <wf lemma="die" pos="X">die</wf>
         <wf lemma="onverwarmde" pos="X">onverwarmde</wf>
         <wf lemma="wachtzaal" pos="X">wachtzaal</wf>
         <wf lemma="." pos="X">.</wf>
      </sentence>
      <sentence id="d000.s2878" source="wordnet-dutch">
         <wf lemma="de" pos="X">de</wf>
         <wf lemma="auto" pos="X">auto</wf>
         <wf lemma="maakte" pos="X">maakte</wf>
         <wf lemma="een" pos="X">een</wf>
         <wf lemma="flauwe" pos="X">flauwe</wf>
         <instance id="d000.s2878.t000" lemma="bocht" pos="NOUN">bocht</instance>
         <wf lemma="." pos="X">.</wf>
      </sentence>
      <sentence id="d000.s2879" source="wordnet-dutch">
         <wf lemma="die" pos="X">die</wf>
         <wf lemma="spits" pos="X">spits</wf>
         <wf lemma="heeft" pos="X">heeft</wf>
         <wf lemma="een" pos="X">een</wf>
         <instance id="d000.s2879.t000" lemma="aanbieding" pos="NOUN">aanbieding</instance>
         <wf lemma="van" pos="X">van</wf>
         <wf lemma="een" pos="X">een</wf>
         <wf lemma="andere" pos="X">andere</wf>
         <wf lemma="club" pos="X">club</wf>
         <wf lemma="." pos="X">.</wf>
      </sentence>
      <sentence id="d000.s2880" source="wordnet-dutch">
         <wf lemma="de" pos="X">de</wf>
         <wf lemma="auto" pos="X">auto</wf>
         <wf lemma="voor" pos="X">voor</wf>
         <wf lemma="ons" pos="X">ons</wf>
         <instance id="d000.s2880.t000" lemma="vertragen" pos="VERB">vertraagde</instance>
         <wf lemma="plotseling" pos="X">plotseling</wf>
         <wf lemma="." pos="X">.</wf>
      </sentence>
      <sentence id="d000.s2881" source="wordnet-dutch">
         <wf lemma="velen" pos="X">velen</wf>
         <wf lemma="onder" pos="X">onder</wf>
         <wf lemma="hen" pos="X">hen</wf>
         <wf lemma="zijn" pos="X">zijn</wf>
         <wf lemma="schuldig" pos="X">schuldig</wf>
         <wf lemma="bevonden" pos="X">bevonden</wf>
         <wf lemma="aan" pos="X">aan</wf>
         <instance id="d000.s2881.t000" lemma="fraude" pos="NOUN">fraude</instance>
         <wf lemma="." pos="X">.</wf>
      </sentence>
      <sentence id="d000.s2882" source="wordnet-dutch">
         <wf lemma="de" pos="X">de</wf>
         <wf lemma="voorlopige" pos="X">voorlopige</wf>
         <instance id="d000.s2882.t000" lemma="aanslag" pos="NOUN">aanslag</instance>
         <wf lemma="viel" pos="X">viel</wf>
         <wf lemma="niet" pos="X">niet</wf>
         <wf lemma="mee" pos="X">mee</wf>
         <wf lemma="." pos="X">.</wf>
      </sentence>
      <sentence id="d000.s2883" source="wordnet-dutch">
         <wf lemma="zit" pos="X">zit</wf>
         <wf lemma="je" pos="X">je</wf>
         <wf lemma="weer" pos="X">weer</wf>
         <wf lemma="te" pos="X">te</wf>
         <instance id="d000.s2883.t000" lemma="dagdromen" pos="VERB">dagdromen</instance>
         <wf lemma="?" pos="X">?</wf>
      </sentence>
      <sentence id="d000.s2884" source="wordnet-dutch">
         <wf lemma="de" pos="X">de</wf>
         <wf lemma="politie" pos="X">politie</wf>
         <wf lemma="legt" pos="X">legt</wf>
         <wf lemma="een" pos="X">een</wf>
         <instance id="d000.s2884.t000" lemma="verband" pos="NOUN">verband</instance>
         <wf lemma="met" pos="X">met</wf>
         <wf lemma="de" pos="X">de</wf>
         <wf lemma="anonieme" pos="X">anonieme</wf>
         <wf lemma="dreigbrieven" pos="X">dreigbrieven</wf>
         <wf lemma="die" pos="X">die</wf>
         <wf lemma="hij" pos="X">hij</wf>
         <wf lemma="eerder" pos="X">eerder</wf>
         <wf lemma="had" pos="X">had</wf>
         <wf lemma="ontvangen" pos="X">ontvangen</wf>
         <wf lemma="." pos="X">.</wf>
      </sentence>
      <sentence id="d000.s2885" source="wordnet-dutch">
         <wf lemma="ik" pos="X">ik</wf>
         <instance id="d000.s2885.t000" lemma="haten" pos="VERB">haat</instance>
         <wf lemma="jou" pos="X">jou</wf>
         <wf lemma="!" pos="X">!</wf>
      </sentence>
      <sentence id="d000.s2886" source="wordnet-dutch">
         <wf lemma="Hoe" pos="X">Hoe</wf>
         <wf lemma="lang" pos="X">lang</wf>
         <wf lemma="heb" pos="X">heb</wf>
         <wf lemma="jij" pos="X">jij</wf>
         <wf lemma="in" pos="X">in</wf>
         <wf lemma="de" pos="X">de</wf>
         <instance id="d000.s2886.t000" lemma="kast" pos="NOUN">kast</instance>
         <wf lemma="gezeten" pos="X">gezeten</wf>
         <wf lemma="?" pos="X">?</wf>
      </sentence>
      <sentence id="d000.s2887" source="wordnet-dutch">
         <wf lemma="op" pos="X">op</wf>
         <instance id="d000.s2887.t000" lemma="toon" pos="NOUN">toon</instance>
         <wf lemma="zingen" pos="X">zingen</wf>
         <wf lemma="." pos="X">.</wf>
      </sentence>
      <sentence id="d000.s2888" source="wordnet-dutch">
         <wf lemma="voor" pos="X">voor</wf>
         <wf lemma="de" pos="X">de</wf>
         <wf lemma="kozijnen" pos="X">kozijnen</wf>
         <wf lemma="laten" pos="X">laten</wf>
         <wf lemma="we" pos="X">we</wf>
         <wf lemma="een" pos="X">een</wf>
         <instance id="d000.s2888.t000" lemma="schilder" pos="NOUN">schilder</instance>
         <wf lemma="komen" pos="X">komen</wf>
         <wf lemma="." pos="X">.</wf>
      </sentence>
      <sentence id="d000.s2889" source="wordnet-dutch">
         <wf lemma="de" pos="X">de</wf>
         <wf lemma="Belgische" pos="X">Belgische</wf>
         <wf lemma="voetbalploeg" pos="X">voetbalploeg</wf>
         <wf lemma="heeft" pos="X">heeft</wf>
         <wf lemma="de" pos="X">de</wf>
         <wf lemma="eerste" pos="X">eerste</wf>
         <wf lemma="ronde" pos="X">ronde</wf>
         <wf lemma="van" pos="X">van</wf>
         <wf lemma="het" pos="X">het</wf>
         <wf lemma="wereldkampioenschap" pos="X">wereldkampioenschap</wf>
         <wf lemma="niet" pos="X">niet</wf>
         <instance id="d000.s2889.t000" lemma="overleven" pos="VERB">overleefd</instance>
         <wf lemma="." pos="X">.</wf>
      </sentence>
      <sentence id="d000.s2890" source="wordnet-dutch">
         <wf lemma="daarvoor" pos="X">daarvoor</wf>
         <wf lemma="moet" pos="X">moet</wf>
         <wf lemma="u" pos="X">u</wf>
         <wf lemma="op" pos="X">op</wf>
         <wf lemma="het" pos="X">het</wf>
         <instance id="d000.s2890.t000" lemma="gemeentehuis" pos="NOUN">gemeentehuis</instance>
         <wf lemma="zijn" pos="X">zijn</wf>
         <wf lemma="." pos="X">.</wf>
      </sentence>
      <sentence id="d000.s2891" source="wordnet-dutch">
         <wf lemma="hij" pos="X">hij</wf>
         <wf lemma="verscheen" pos="X">verscheen</wf>
         <wf lemma="niet" pos="X">niet</wf>
         <wf lemma="op" pos="X">op</wf>
         <wf lemma="het" pos="X">het</wf>
         <instance id="d000.s2891.t000" lemma="rendez-vous" pos="NOUN">rendez-vous</instance>
         <wf lemma="." pos="X">.</wf>
      </sentence>
      <sentence id="d000.s2892" source="wordnet-dutch">
         <wf lemma="het" pos="X">het</wf>
         <wf lemma="dorpsfeest" pos="X">dorpsfeest</wf>
         <wf lemma="werd" pos="X">werd</wf>
         <wf lemma="door" pos="X">door</wf>
         <wf lemma="goed" pos="X">goed</wf>
         <wf lemma="weer" pos="X">weer</wf>
         <instance id="d000.s2892.t000" lemma="begunstigen" pos="VERB">begunstigd</instance>
         <wf lemma="." pos="X">.</wf>
      </sentence>
      <sentence id="d000.s2893" source="wordnet-dutch">
         <wf lemma="voor" pos="X">voor</wf>
         <wf lemma="mijn" pos="X">mijn</wf>
         <instance id="d000.s2893.t000" lemma="part" pos="NOUN">part</instance>
         <wf lemma="kan" pos="X">kan</wf>
         <wf lemma="hij" pos="X">hij</wf>
         <wf lemma="ophoepelen" pos="X">ophoepelen</wf>
         <wf lemma="." pos="X">.</wf>
      </sentence>
      <sentence id="d000.s2894" source="wordnet-dutch">
         <wf lemma="je" pos="X">je</wf>
         <wf lemma="moet" pos="X">moet</wf>
         <wf lemma="me" pos="X">me</wf>
         <wf lemma="niet" pos="X">niet</wf>
         <wf lemma="van" pos="X">van</wf>
         <wf lemma="mijn" pos="X">mijn</wf>
         <wf lemma="werk" pos="X">werk</wf>
         <instance id="d000.s2894.t000" lemma="afleiden" pos="VERB">afleiden</instance>
         <wf lemma="!" pos="X">!</wf>
      </sentence>
      <sentence id="d000.s2895" source="wordnet-dutch">
         <wf lemma="De" pos="X">De</wf>
         <instance id="d000.s2895.t000" lemma="haan" pos="NOUN">haan</instance>
         <wf lemma="op" pos="X">op</wf>
         <wf lemma="de" pos="X">de</wf>
         <wf lemma="kerktoren" pos="X">kerktoren</wf>
         <wf lemma="tolde" pos="X">tolde</wf>
         <wf lemma="rond" pos="X">rond</wf>
         <wf lemma="in" pos="X">in</wf>
         <wf lemma="de" pos="X">de</wf>
         <wf lemma="fladderende" pos="X">fladderende</wf>
         <wf lemma="wind" pos="X">wind</wf>
         <wf lemma="." pos="X">.</wf>
      </sentence>
      <sentence id="d000.s2896" source="wordnet-dutch">
         <wf lemma="een" pos="X">een</wf>
         <instance id="d000.s2896.t000" lemma="identiteitsbewijs" pos="NOUN">identiteitsbewijs</instance>
         <wf lemma="op" pos="X">op</wf>
         <wf lemma="eigen" pos="X">eigen</wf>
         <wf lemma="naam" pos="X">naam</wf>
         <wf lemma="." pos="X">.</wf>
      </sentence>
      <sentence id="d000.s2897" source="wordnet-dutch">
         <wf lemma="volgend" pos="X">volgend</wf>
         <wf lemma="jaar" pos="X">jaar</wf>
         <wf lemma="speelt" pos="X">speelt</wf>
         <wf lemma="hij" pos="X">hij</wf>
         <wf lemma="bij" pos="X">bij</wf>
         <wf lemma="de" pos="X">de</wf>
         <instance id="d000.s2897.t000" lemma="senior" pos="NOUN">senioren</instance>
         <wf lemma="." pos="X">.</wf>
      </sentence>
      <sentence id="d000.s2898" source="wordnet-dutch">
         <wf lemma="met" pos="X">met</wf>
         <wf lemma="een" pos="X">een</wf>
         <instance id="d000.s2898.t000" lemma="schok" pos="NOUN">schok</instance>
         <wf lemma="kwam" pos="X">kwam</wf>
         <wf lemma="de" pos="X">de</wf>
         <wf lemma="wagen" pos="X">wagen</wf>
         <wf lemma="tot" pos="X">tot</wf>
         <wf lemma="stilstand" pos="X">stilstand</wf>
         <wf lemma="." pos="X">.</wf>
      </sentence>
      <sentence id="d000.s2899" source="wordnet-dutch">
         <wf lemma="ik" pos="X">ik</wf>
         <wf lemma="wil" pos="X">wil</wf>
         <wf lemma="graag" pos="X">graag</wf>
         <wf lemma="twee" pos="X">twee</wf>
         <instance id="d000.s2899.t000" lemma="klont" pos="NOUN">klontjes</instance>
         <wf lemma="in" pos="X">in</wf>
         <wf lemma="de" pos="X">de</wf>
         <wf lemma="koffie" pos="X">koffie</wf>
         <wf lemma="." pos="X">.</wf>
      </sentence>
      <sentence id="d000.s2900" source="wordnet-dutch">
         <wf lemma="hij" pos="X">hij</wf>
         <instance id="d000.s2900.t000" lemma="binden" pos="VERB">bond</instance>
         <wf lemma="het" pos="X">het</wf>
         <wf lemma="ene" pos="X">ene</wf>
         <wf lemma="uiteinde" pos="X">uiteinde</wf>
         <wf lemma="van" pos="X">van</wf>
         <wf lemma="het" pos="X">het</wf>
         <wf lemma="touw" pos="X">touw</wf>
         <wf lemma="om" pos="X">om</wf>
         <wf lemma="een" pos="X">een</wf>
         <wf lemma="zware" pos="X">zware</wf>
         <wf lemma="steen" pos="X">steen</wf>
         <wf lemma="en" pos="X">en</wf>
         <wf lemma="het" pos="X">het</wf>
         <wf lemma="andere" pos="X">andere</wf>
         <wf lemma="om" pos="X">om</wf>
         <wf lemma="zijn" pos="X">zijn</wf>
         <wf lemma="nek" pos="X">nek</wf>
         <wf lemma="." pos="X">.</wf>
      </sentence>
      <sentence id="d000.s2901" source="wordnet-dutch">
         <wf lemma="het" pos="X">het</wf>
         <wf lemma="werk" pos="X">werk</wf>
         <wf lemma="wordt" pos="X">wordt</wf>
         <instance id="d000.s2901.t000" lemma="onderbetalen" pos="VERB">onderbetaald</instance>
         <wf lemma="." pos="X">.</wf>
      </sentence>
      <sentence id="d000.s2902" source="wordnet-dutch">
         <wf lemma="een" pos="X">een</wf>
         <wf lemma="sneeuwtapijt" pos="X">sneeuwtapijt</wf>
         <instance id="d000.s2902.t000" lemma="bedekken" pos="VERB">bedekte</instance>
         <wf lemma="het" pos="X">het</wf>
         <wf lemma="grasperk" pos="X">grasperk</wf>
         <wf lemma="." pos="X">.</wf>
      </sentence>
      <sentence id="d000.s2903" source="wordnet-dutch">
         <wf lemma="een" pos="X">een</wf>
         <instance id="d000.s2903.t000" lemma="grog" pos="NOUN">grog</instance>
         <wf lemma="van" pos="X">van</wf>
         <wf lemma="rum" pos="X">rum</wf>
         <wf lemma="tegen" pos="X">tegen</wf>
         <wf lemma="de" pos="X">de</wf>
         <wf lemma="verkoudheid" pos="X">verkoudheid</wf>
         <wf lemma="." pos="X">.</wf>
      </sentence>
      <sentence id="d000.s2904" source="wordnet-dutch">
         <wf lemma="een" pos="X">een</wf>
         <wf lemma="zware" pos="X">zware</wf>
         <wf lemma="storm" pos="X">storm</wf>
         <instance id="d000.s2904.t000" lemma="verhinderen" pos="VERB">verhinderde</instance>
         <wf lemma="de" pos="X">de</wf>
         <wf lemma="werkzaamheden" pos="X">werkzaamheden</wf>
         <wf lemma="." pos="X">.</wf>
      </sentence>
      <sentence id="d000.s2905" source="wordnet-dutch">
         <wf lemma="'ik" pos="X">'ik</wf>
         <wf lemma="krijg" pos="X">krijg</wf>
         <wf lemma="nooit" pos="X">nooit</wf>
         <wf lemma="van" pos="X">van</wf>
         <wf lemma="niemand" pos="X">niemand</wf>
         <wf lemma="post" pos="X">post</wf>
         <wf lemma="'" pos="X">'</wf>
         <wf lemma="is" pos="X">is</wf>
         <wf lemma="een" pos="X">een</wf>
         <wf lemma="dubbele" pos="X">dubbele</wf>
         <instance id="d000.s2905.t000" lemma="ontkenning" pos="NOUN">ontkenning</instance>
         <wf lemma="." pos="X">.</wf>
      </sentence>
      <sentence id="d000.s2906" source="wordnet-dutch">
         <wf lemma="God" pos="X">God</wf>
         <instance id="d000.s2906.t000" lemma="beschermen" pos="VERB">beschermt</instance>
         <wf lemma="ons" pos="X">ons</wf>
         <wf lemma="voor" pos="X">voor</wf>
         <wf lemma="alle" pos="X">alle</wf>
         <wf lemma="kwaad" pos="X">kwaad</wf>
         <wf lemma="." pos="X">.</wf>
      </sentence>
      <sentence id="d000.s2907" source="wordnet-dutch">
         <wf lemma="het" pos="X">het</wf>
         <wf lemma="regende" pos="X">regende</wf>
         <wf lemma="pijpenstelen" pos="X">pijpenstelen</wf>
         <wf lemma="maar" pos="X">maar</wf>
         <wf lemma="dat" pos="X">dat</wf>
         <instance id="d000.s2907.t000" lemma="beletten" pos="VERB">belette</instance>
         <wf lemma="hem" pos="X">hem</wf>
         <wf lemma="niet" pos="X">niet</wf>
         <wf lemma="met" pos="X">met</wf>
         <wf lemma="de" pos="X">de</wf>
         <wf lemma="fiets" pos="X">fiets</wf>
         <wf lemma="te" pos="X">te</wf>
         <wf lemma="komen" pos="X">komen</wf>
         <wf lemma="." pos="X">.</wf>
      </sentence>
      <sentence id="d000.s2908" source="wordnet-dutch">
         <wf lemma="de" pos="X">de</wf>
         <wf lemma="toren" pos="X">toren</wf>
         <wf lemma="bedreigt" pos="X">bedreigt</wf>
         <wf lemma="het" pos="X">het</wf>
         <instance id="d000.s2908.t000" lemma="paard" pos="NOUN">paard</instance>
         <wf lemma="op" pos="X">op</wf>
         <wf lemma="E4" pos="X">E4</wf>
         <wf lemma="." pos="X">.</wf>
      </sentence>
      <sentence id="d000.s2909" source="wordnet-dutch">
         <wf lemma="zij" pos="X">zij</wf>
         <wf lemma="heeft" pos="X">heeft</wf>
         <wf lemma="de" pos="X">de</wf>
         <instance id="d000.s2909.t000" lemma="schmink" pos="NOUN">schmink</instance>
         <wf lemma="inmiddels" pos="X">inmiddels</wf>
         <wf lemma="al" pos="X">al</wf>
         <wf lemma="op." pos="X">op.</wf>
      </sentence>
      <sentence id="d000.s2910" source="wordnet-dutch">
         <wf lemma="het" pos="X">het</wf>
         <wf lemma="smaakt" pos="X">smaakt</wf>
         <wf lemma="wel" pos="X">wel</wf>
         <wf lemma="fris" pos="X">fris</wf>
         <wf lemma="maar" pos="X">maar</wf>
         <wf lemma="heeft" pos="X">heeft</wf>
         <wf lemma="een" pos="X">een</wf>
         <instance id="d000.s2910.t000" lemma="bijsmaak" pos="NOUN">bijsmaak</instance>
         <wf lemma="van" pos="X">van</wf>
         <wf lemma="zure" pos="X">zure</wf>
         <wf lemma="melk" pos="X">melk</wf>
         <wf lemma="." pos="X">.</wf>
      </sentence>
      <sentence id="d000.s2911" source="wordnet-dutch">
         <instance id="d000.s2911.t000" lemma="springen" pos="NOUN">sprong</instance>
         <wf lemma="in" pos="X">in</wf>
         <wf lemma="het" pos="X">het</wf>
         <wf lemma="aantal" pos="X">aantal</wf>
         <wf lemma="." pos="X">.</wf>
      </sentence>
      <sentence id="d000.s2912" source="wordnet-dutch">
         <wf lemma="hij" pos="X">hij</wf>
         <instance id="d000.s2912.t000" lemma="irriteren" pos="VERB">irriteert</instance>
         <wf lemma="mij" pos="X">mij</wf>
         <wf lemma="mateloos" pos="X">mateloos</wf>
         <wf lemma="met" pos="X">met</wf>
         <wf lemma="zijn" pos="X">zijn</wf>
         <wf lemma="dwaze" pos="X">dwaze</wf>
         <wf lemma="opmerkingen" pos="X">opmerkingen</wf>
         <wf lemma="." pos="X">.</wf>
      </sentence>
      <sentence id="d000.s2913" source="wordnet-dutch">
         <wf lemma="de" pos="X">de</wf>
         <wf lemma="aannemer" pos="X">aannemer</wf>
         <wf lemma="heeft" pos="X">heeft</wf>
         <wf lemma="een" pos="X">een</wf>
         <wf lemma="hoge" pos="X">hoge</wf>
         <instance id="d000.s2913.t000" lemma="afrastering" pos="NOUN">afrastering</instance>
         <wf lemma="rond" pos="X">rond</wf>
         <wf lemma="de" pos="X">de</wf>
         <wf lemma="bouwplaats" pos="X">bouwplaats</wf>
         <wf lemma="aangebracht" pos="X">aangebracht</wf>
         <wf lemma="." pos="X">.</wf>
      </sentence>
      <sentence id="d000.s2914" source="wordnet-dutch">
         <wf lemma="ook" pos="X">ook</wf>
         <wf lemma="vanavond" pos="X">vanavond</wf>
         <wf lemma="is" pos="X">is</wf>
         <wf lemma="er" pos="X">er</wf>
         <wf lemma="weer" pos="X">weer</wf>
         <wf lemma="de" pos="X">de</wf>
         <wf lemma="hele" pos="X">hele</wf>
         <wf lemma="avond" pos="X">avond</wf>
         <wf lemma="voetbal" pos="X">voetbal</wf>
         <wf lemma="op" pos="X">op</wf>
         <wf lemma="de" pos="X">de</wf>
         <instance id="d000.s2914.t000" lemma="televisie" pos="NOUN">televisie</instance>
         <wf lemma="." pos="X">.</wf>
      </sentence>
      <sentence id="d000.s2915" source="wordnet-dutch">
         <wf lemma="dit" pos="X">dit</wf>
         <wf lemma="keer" pos="X">keer</wf>
         <wf lemma="laat" pos="X">laat</wf>
         <wf lemma="ik" pos="X">ik</wf>
         <wf lemma="jou" pos="X">jou</wf>
         <wf lemma="de" pos="X">de</wf>
         <instance id="d000.s2915.t000" lemma="keus" pos="NOUN">keus</instance>
         <wf lemma="m.b.t.." pos="X">m.b.t..</wf>
         <wf lemma="het" pos="X">het</wf>
         <wf lemma="menu" pos="X">menu</wf>
         <wf lemma="vanavond" pos="X">vanavond</wf>
         <wf lemma="." pos="X">.</wf>
      </sentence>
      <sentence id="d000.s2916" source="wordnet-dutch">
         <wf lemma="de" pos="X">de</wf>
         <wf lemma="spelers" pos="X">spelers</wf>
         <wf lemma="moeten" pos="X">moeten</wf>
         <wf lemma="meer" pos="X">meer</wf>
         <instance id="d000.s2916.t000" lemma="agressie" pos="NOUN">agressie</instance>
         <wf lemma="in" pos="X">in</wf>
         <wf lemma="hun" pos="X">hun</wf>
         <wf lemma="spel" pos="X">spel</wf>
         <wf lemma="leggen" pos="X">leggen</wf>
         <wf lemma="." pos="X">.</wf>
      </sentence>
      <sentence id="d000.s2917" source="wordnet-dutch">
         <wf lemma="de" pos="X">de</wf>
         <wf lemma="rondemiss" pos="X">rondemiss</wf>
         <wf lemma="speldt" pos="X">speldt</wf>
         <wf lemma="hem" pos="X">hem</wf>
         <wf lemma="het" pos="X">het</wf>
         <instance id="d000.s2917.t000" lemma="eremetaal" pos="NOUN">eremetaal</instance>
         <wf lemma="op" pos="X">op</wf>
         <wf lemma="de" pos="X">de</wf>
         <wf lemma="borst" pos="X">borst</wf>
         <wf lemma="." pos="X">.</wf>
      </sentence>
      <sentence id="d000.s2918" source="wordnet-dutch">
         <wf lemma="het" pos="X">het</wf>
         <wf lemma="overleg" pos="X">overleg</wf>
         <wf lemma="tussen" pos="X">tussen</wf>
         <wf lemma="de" pos="X">de</wf>
         <wf lemma="betrokken" pos="X">betrokken</wf>
         <wf lemma="landen" pos="X">landen</wf>
         <wf lemma="is" pos="X">is</wf>
         <wf lemma="weer" pos="X">weer</wf>
         <instance id="d000.s2918.t000" lemma="vastlopen" pos="VERB">vastgelopen</instance>
         <wf lemma="." pos="X">.</wf>
      </sentence>
      <sentence id="d000.s2919" source="wordnet-dutch">
         <wf lemma="doe" pos="X">doe</wf>
         <wf lemma="je" pos="X">je</wf>
         <wf lemma="gulp" pos="X">gulp</wf>
         <wf lemma="dicht" pos="X">dicht</wf>
         <wf lemma="," pos="X">,</wf>
         <wf lemma="je" pos="X">je</wf>
         <wf lemma="hebt" pos="X">hebt</wf>
         <instance id="d000.s2919.t000" lemma="inkijk" pos="NOUN">inkijk</instance>
         <wf lemma="!" pos="X">!</wf>
      </sentence>
      <sentence id="d000.s2920" source="wordnet-dutch">
         <wf lemma="moet" pos="X">moet</wf>
         <wf lemma="je" pos="X">je</wf>
         <wf lemma="die" pos="X">die</wf>
         <wf lemma="kleine" pos="X">kleine</wf>
         <instance id="d000.s2920.t000" lemma="puk" pos="NOUN">puk</instance>
         <wf lemma="nou" pos="X">nou</wf>
         <wf lemma="toch" pos="X">toch</wf>
         <wf lemma="eens" pos="X">eens</wf>
         <wf lemma="zien" pos="X">zien</wf>
         <wf lemma="." pos="X">.</wf>
      </sentence>
      <sentence id="d000.s2921" source="wordnet-dutch">
         <wf lemma="Een" pos="X">Een</wf>
         <wf lemma="hele" pos="X">hele</wf>
         <instance id="d000.s2921.t000" lemma="rits" pos="NOUN">rits</instance>
         <wf lemma="toeristen" pos="X">toeristen</wf>
         <wf lemma="trok" pos="X">trok</wf>
         <wf lemma="door" pos="X">door</wf>
         <wf lemma="de" pos="X">de</wf>
         <wf lemma="stad" pos="X">stad</wf>
         <wf lemma="." pos="X">.</wf>
      </sentence>
      <sentence id="d000.s2922" source="wordnet-dutch">
         <wf lemma="de" pos="X">de</wf>
         <wf lemma="trein" pos="X">trein</wf>
         <wf lemma="biedt" pos="X">biedt</wf>
         <wf lemma="geen" pos="X">geen</wf>
         <instance id="d000.s2922.t000" lemma="alternatief" pos="NOUN">alternatief</instance>
         <wf lemma="." pos="X">.</wf>
      </sentence>
      <sentence id="d000.s2923" source="wordnet-dutch">
         <wf lemma="hij" pos="X">hij</wf>
         <instance id="d000.s2923.t000" lemma="komen" pos="VERB">kwam</instance>
         <wf lemma="nogal" pos="X">nogal</wf>
         <wf lemma="ongelukkig" pos="X">ongelukkig</wf>
         <wf lemma="te" pos="X">te</wf>
         <wf lemma="vallen" pos="X">vallen</wf>
         <wf lemma="." pos="X">.</wf>
      </sentence>
      <sentence id="d000.s2924" source="wordnet-dutch">
         <wf lemma="zij" pos="X">zij</wf>
         <instance id="d000.s2924.t000" lemma="overtreffen" pos="VERB">overtrof</instance>
         <wf lemma="haar" pos="X">haar</wf>
         <wf lemma="zuster" pos="X">zuster</wf>
         <wf lemma="nog" pos="X">nog</wf>
         <wf lemma="in" pos="X">in</wf>
         <wf lemma="schoonheid" pos="X">schoonheid</wf>
         <wf lemma="." pos="X">.</wf>
      </sentence>
      <sentence id="d000.s2925" source="wordnet-dutch">
         <wf lemma="de" pos="X">de</wf>
         <wf lemma="weg" pos="X">weg</wf>
         <wf lemma="maakt" pos="X">maakt</wf>
         <wf lemma="hier" pos="X">hier</wf>
         <wf lemma="een" pos="X">een</wf>
         <instance id="d000.s2925.t000" lemma="buiging" pos="NOUN">buiging</instance>
         <wf lemma="." pos="X">.</wf>
      </sentence>
      <sentence id="d000.s2926" source="wordnet-dutch">
         <wf lemma="eens" pos="X">eens</wf>
         <wf lemma="een" pos="X">een</wf>
         <instance id="d000.s2926.t000" lemma="boef" pos="NOUN">boef</instance>
         <wf lemma="altijd" pos="X">altijd</wf>
         <wf lemma="een" pos="X">een</wf>
         <wf lemma="boef" pos="X">boef</wf>
         <wf lemma="." pos="X">.</wf>
      </sentence>
      <sentence id="d000.s2927" source="wordnet-dutch">
         <wf lemma="ik" pos="X">ik</wf>
         <wf lemma="ben" pos="X">ben</wf>
         <wf lemma="voor" pos="X">voor</wf>
         <wf lemma="duidelijk" pos="X">duidelijk</wf>
         <wf lemma="beleid" pos="X">beleid</wf>
         <wf lemma="en" pos="X">en</wf>
         <wf lemma="weiger" pos="X">weiger</wf>
         <wf lemma="te" pos="X">te</wf>
         <instance id="d000.s2927.t000" lemma="marchanderen" pos="VERB">marchanderen</instance>
         <wf lemma="." pos="X">.</wf>
      </sentence>
      <sentence id="d000.s2928" source="wordnet-dutch">
         <wf lemma="dat" pos="X">dat</wf>
         <wf lemma="toneelstuk" pos="X">toneelstuk</wf>
         <wf lemma="is" pos="X">is</wf>
         <instance id="d000.s2928.t000" lemma="inspireren" pos="VERB">geïnspireerd</instance>
         <wf lemma="op" pos="X">op</wf>
         <wf lemma="een" pos="X">een</wf>
         <wf lemma="boek" pos="X">boek</wf>
         <wf lemma="van" pos="X">van</wf>
         <wf lemma="de" pos="X">de</wf>
         <wf lemma="Duitse" pos="X">Duitse</wf>
         <wf lemma="schrijver" pos="X">schrijver</wf>
         <wf lemma="Frisch" pos="X">Frisch</wf>
         <wf lemma="." pos="X">.</wf>
      </sentence>
      <sentence id="d000.s2929" source="wordnet-dutch">
         <wf lemma="kunt" pos="X">kunt</wf>
         <wf lemma="u" pos="X">u</wf>
         <wf lemma="de" pos="X">de</wf>
         <wf lemma="laatste" pos="X">laatste</wf>
         <wf lemma="zin" pos="X">zin</wf>
         <wf lemma="nog" pos="X">nog</wf>
         <wf lemma="eens" pos="X">eens</wf>
         <instance id="d000.s2929.t000" lemma="herhalen" pos="VERB">herhalen</instance>
         <wf lemma="?" pos="X">?</wf>
      </sentence>
      <sentence id="d000.s2930" source="wordnet-dutch">
         <wf lemma="ik" pos="X">ik</wf>
         <wf lemma="had" pos="X">had</wf>
         <wf lemma="(" pos="X">(</wf>
         <wf lemma="er" pos="X">er</wf>
         <wf lemma=")" pos="X">)</wf>
         <wf lemma="al" pos="X">al</wf>
         <wf lemma="zo'n" pos="X">zo'n</wf>
         <instance id="d000.s2930.t000" lemma="vermoeden" pos="NOUN">vermoeden</instance>
         <wf lemma="(" pos="X">(</wf>
         <wf lemma="van" pos="X">van</wf>
         <wf lemma=")" pos="X">)</wf>
         <wf lemma="." pos="X">.</wf>
      </sentence>
      <sentence id="d000.s2931" source="wordnet-dutch">
         <wf lemma="ik" pos="X">ik</wf>
         <wf lemma="loop" pos="X">loop</wf>
         <wf lemma="hier" pos="X">hier</wf>
         <wf lemma="in" pos="X">in</wf>
         <wf lemma="huis" pos="X">huis</wf>
         <wf lemma="maar" pos="X">maar</wf>
         <wf lemma="te" pos="X">te</wf>
         <instance id="d000.s2931.t000" lemma="sloven" pos="VERB">sloven</instance>
         <wf lemma="terwijl" pos="X">terwijl</wf>
         <wf lemma="jij" pos="X">jij</wf>
         <wf lemma="geen" pos="X">geen</wf>
         <wf lemma="hand" pos="X">hand</wf>
         <wf lemma="uitsteekt" pos="X">uitsteekt</wf>
         <wf lemma="." pos="X">.</wf>
      </sentence>
      <sentence id="d000.s2932" source="wordnet-dutch">
         <wf lemma="hij" pos="X">hij</wf>
         <wf lemma="zal" pos="X">zal</wf>
         <wf lemma="nooit" pos="X">nooit</wf>
         <wf lemma="helemaal" pos="X">helemaal</wf>
         <instance id="d000.s2932.t000" lemma="genezen" pos="VERB">genezen</instance>
         <wf lemma="," pos="X">,</wf>
         <wf lemma="maar" pos="X">maar</wf>
         <wf lemma="de" pos="X">de</wf>
         <wf lemma="medicamenten" pos="X">medicamenten</wf>
         <wf lemma="kunnen" pos="X">kunnen</wf>
         <wf lemma="wel" pos="X">wel</wf>
         <wf lemma="de" pos="X">de</wf>
         <wf lemma="ergste" pos="X">ergste</wf>
         <wf lemma="symptomen" pos="X">symptomen</wf>
         <wf lemma="wegnemen" pos="X">wegnemen</wf>
         <wf lemma="." pos="X">.</wf>
      </sentence>
      <sentence id="d000.s2933" source="wordnet-dutch">
         <wf lemma="hij" pos="X">hij</wf>
         <instance id="d000.s2933.t000" lemma="feliciteren" pos="VERB">feliciteerde</instance>
         <wf lemma="me" pos="X">me</wf>
         <wf lemma="met" pos="X">met</wf>
         <wf lemma="het" pos="X">het</wf>
         <wf lemma="behaalde" pos="X">behaalde</wf>
         <wf lemma="resultaat" pos="X">resultaat</wf>
         <wf lemma="." pos="X">.</wf>
      </sentence>
      <sentence id="d000.s2934" source="wordnet-dutch">
         <wf lemma="ondanks" pos="X">ondanks</wf>
         <wf lemma="zijn" pos="X">zijn</wf>
         <wf lemma="spandoek" pos="X">spandoek</wf>
         <wf lemma="," pos="X">,</wf>
         <wf lemma="toeter" pos="X">toeter</wf>
         <wf lemma="en" pos="X">en</wf>
         <wf lemma="luide" pos="X">luide</wf>
         <wf lemma="stem" pos="X">stem</wf>
         <instance id="d000.s2934.t000" lemma="krijgen" pos="VERB">kreeg</instance>
         <wf lemma="hij" pos="X">hij</wf>
         <wf lemma="geen" pos="X">geen</wf>
         <wf lemma="aandacht" pos="X">aandacht</wf>
         <wf lemma="." pos="X">.</wf>
      </sentence>
      <sentence id="d000.s2935" source="wordnet-dutch">
         <wf lemma="hij" pos="X">hij</wf>
         <wf lemma="heeft" pos="X">heeft</wf>
         <wf lemma="een" pos="X">een</wf>
         <wf lemma="tekort" pos="X">tekort</wf>
         <wf lemma="aan" pos="X">aan</wf>
         <instance id="d000.s2935.t000" lemma="vet" pos="NOUN">vetten</instance>
         <wf lemma="en" pos="X">en</wf>
         <wf lemma="eiwitten" pos="X">eiwitten</wf>
         <wf lemma="." pos="X">.</wf>
      </sentence>
      <sentence id="d000.s2936" source="wordnet-dutch">
         <wf lemma="die" pos="X">die</wf>
         <wf lemma="donkere" pos="X">donkere</wf>
         <wf lemma="wolken" pos="X">wolken</wf>
         <instance id="d000.s2936.t000" lemma="beloven" pos="VERB">beloven</instance>
         <wf lemma="niet" pos="X">niet</wf>
         <wf lemma="veel" pos="X">veel</wf>
         <wf lemma="goeds" pos="X">goeds</wf>
         <wf lemma="." pos="X">.</wf>
      </sentence>
      <sentence id="d000.s2937" source="wordnet-dutch">
         <wf lemma="ze" pos="X">ze</wf>
         <wf lemma="vinden" pos="X">vinden</wf>
         <wf lemma="dat" pos="X">dat</wf>
         <wf lemma="het" pos="X">het</wf>
         <wf lemma="rechtssysteem" pos="X">rechtssysteem</wf>
         <wf lemma="helemaal" pos="X">helemaal</wf>
         <instance id="d000.s2937.t000" lemma="hervormen" pos="VERB">hervormd</instance>
         <wf lemma="moet" pos="X">moet</wf>
         <wf lemma="worden" pos="X">worden</wf>
         <wf lemma="." pos="X">.</wf>
      </sentence>
      <sentence id="d000.s2938" source="wordnet-dutch">
         <wf lemma="hij" pos="X">hij</wf>
         <wf lemma="stond" pos="X">stond</wf>
         <wf lemma="op" pos="X">op</wf>
         <wf lemma="het" pos="X">het</wf>
         <wf lemma="punt" pos="X">punt</wf>
         <wf lemma="om" pos="X">om</wf>
         <wf lemma="in" pos="X">in</wf>
         <wf lemma="woede" pos="X">woede</wf>
         <wf lemma="uit" pos="X">uit</wf>
         <wf lemma="te" pos="X">te</wf>
         <wf lemma="barsten" pos="X">barsten</wf>
         <wf lemma="," pos="X">,</wf>
         <wf lemma="maar" pos="X">maar</wf>
         <wf lemma="hij" pos="X">hij</wf>
         <wf lemma="kon" pos="X">kon</wf>
         <wf lemma="zich" pos="X">zich</wf>
         <instance id="d000.s2938.t000" lemma="beheersen" pos="VERB">beheersen</instance>
         <wf lemma="." pos="X">.</wf>
      </sentence>
      <sentence id="d000.s2939" source="wordnet-dutch">
         <wf lemma="Het" pos="X">Het</wf>
         <instance id="d000.s2939.t000" lemma="boek" pos="NOUN">boek</instance>
         <wf lemma="met" pos="X">met</wf>
         <wf lemma="postzegels" pos="X">postzegels</wf>
         <wf lemma="bewaarde" pos="X">bewaarde</wf>
         <wf lemma="hij" pos="X">hij</wf>
         <wf lemma="op" pos="X">op</wf>
         <wf lemma="een" pos="X">een</wf>
         <wf lemma="geheime" pos="X">geheime</wf>
         <wf lemma="plek" pos="X">plek</wf>
         <wf lemma="." pos="X">.</wf>
      </sentence>
      <sentence id="d000.s2940" source="wordnet-dutch">
         <wf lemma="je" pos="X">je</wf>
         <wf lemma="moet" pos="X">moet</wf>
         <wf lemma="gewoon" pos="X">gewoon</wf>
         <wf lemma="je" pos="X">je</wf>
         <instance id="d000.s2940.t000" lemma="boerenverstand" pos="NOUN">boerenverstand</instance>
         <wf lemma="gebruiken" pos="X">gebruiken</wf>
         <wf lemma="." pos="X">.</wf>
      </sentence>
      <sentence id="d000.s2941" source="wordnet-dutch">
         <wf lemma="ik" pos="X">ik</wf>
         <wf lemma="heb" pos="X">heb</wf>
         <wf lemma="(" pos="X">(</wf>
         <wf lemma="de" pos="X">de</wf>
         <wf lemma=")" pos="X">)</wf>
         <instance id="d000.s2941.t000" lemma="kunstacademie" pos="NOUN">kunstacademie</instance>
         <wf lemma="gedaan" pos="X">gedaan</wf>
         <wf lemma="." pos="X">.</wf>
      </sentence>
      <sentence id="d000.s2942" source="wordnet-dutch">
         <wf lemma="hij" pos="X">hij</wf>
         <wf lemma="kwam" pos="X">kwam</wf>
         <wf lemma="gelukkig" pos="X">gelukkig</wf>
         <wf lemma="met" pos="X">met</wf>
         <wf lemma="een" pos="X">een</wf>
         <wf lemma="goed" pos="X">goed</wf>
         <instance id="d000.s2942.t000" lemma="excuus" pos="NOUN">excuus</instance>
         <wf lemma="." pos="X">.</wf>
      </sentence>
      <sentence id="d000.s2943" source="wordnet-dutch">
         <wf lemma="ik" pos="X">ik</wf>
         <wf lemma="wil" pos="X">wil</wf>
         <wf lemma="hierover" pos="X">hierover</wf>
         <wf lemma="geen" pos="X">geen</wf>
         <wf lemma="opinie" pos="X">opinie</wf>
         <wf lemma="uitspreken" pos="X">uitspreken</wf>
         <wf lemma="vooraleer" pos="X">vooraleer</wf>
         <wf lemma="ik" pos="X">ik</wf>
         <wf lemma="enkele" pos="X">enkele</wf>
         <wf lemma="deskundigen" pos="X">deskundigen</wf>
         <wf lemma="heb" pos="X">heb</wf>
         <instance id="d000.s2943.t000" lemma="raadplegen" pos="VERB">geraadpleegd</instance>
         <wf lemma="." pos="X">.</wf>
      </sentence>
      <sentence id="d000.s2944" source="wordnet-dutch">
         <wf lemma="appelbeignets" pos="X">appelbeignets</wf>
         <wf lemma="worden" pos="X">worden</wf>
         <wf lemma="bestrooid" pos="X">bestrooid</wf>
         <wf lemma="met" pos="X">met</wf>
         <instance id="d000.s2944.t000" lemma="suiker" pos="NOUN">suiker</instance>
         <wf lemma="." pos="X">.</wf>
      </sentence>
      <sentence id="d000.s2945" source="wordnet-dutch">
         <wf lemma="het" pos="X">het</wf>
         <wf lemma="is" pos="X">is</wf>
         <wf lemma="nog" pos="X">nog</wf>
         <wf lemma="niet" pos="X">niet</wf>
         <wf lemma="af" pos="X">af</wf>
         <wf lemma="," pos="X">,</wf>
         <wf lemma="maar" pos="X">maar</wf>
         <wf lemma="het" pos="X">het</wf>
         <wf lemma="werk" pos="X">werk</wf>
         <instance id="d000.s2945.t000" lemma="vorderen" pos="VERB">vordert</instance>
         <wf lemma="gestaag" pos="X">gestaag</wf>
         <wf lemma="." pos="X">.</wf>
      </sentence>
      <sentence id="d000.s2946" source="wordnet-dutch">
         <wf lemma="de" pos="X">de</wf>
         <wf lemma="sheriff" pos="X">sheriff</wf>
         <wf lemma="liet" pos="X">liet</wf>
         <wf lemma="de" pos="X">de</wf>
         <wf lemma="bandieten" pos="X">bandieten</wf>
         <instance id="d000.s2946.t000" lemma="opknopen" pos="VERB">opknopen</instance>
         <wf lemma="aan" pos="X">aan</wf>
         <wf lemma="de" pos="X">de</wf>
         <wf lemma="hoogste" pos="X">hoogste</wf>
         <wf lemma="boom" pos="X">boom</wf>
         <wf lemma="uit" pos="X">uit</wf>
         <wf lemma="de" pos="X">de</wf>
         <wf lemma="streek" pos="X">streek</wf>
         <wf lemma="." pos="X">.</wf>
      </sentence>
      <sentence id="d000.s2947" source="wordnet-dutch">
         <wf lemma="vanmiddag" pos="X">vanmiddag</wf>
         <wf lemma="zal" pos="X">zal</wf>
         <wf lemma="de" pos="X">de</wf>
         <wf lemma="arts" pos="X">arts</wf>
         <instance id="d000.s2947.t000" lemma="visite" pos="NOUN">visites</instance>
         <wf lemma="rijden" pos="X">rijden</wf>
         <wf lemma="." pos="X">.</wf>
      </sentence>
      <sentence id="d000.s2948" source="wordnet-dutch">
         <wf lemma="in" pos="X">in</wf>
         <wf lemma="de" pos="X">de</wf>
         <wf lemma="jaren" pos="X">jaren</wf>
         <wf lemma="vijftig" pos="X">vijftig</wf>
         <wf lemma="werd" pos="X">werd</wf>
         <wf lemma="het" pos="X">het</wf>
         <wf lemma="orgel" pos="X">orgel</wf>
         <instance id="d000.s2948.t000" lemma="verknoeien" pos="VERB">verknoeid</instance>
         <wf lemma="bij" pos="X">bij</wf>
         <wf lemma="een" pos="X">een</wf>
         <wf lemma="ondeskundige" pos="X">ondeskundige</wf>
         <wf lemma="restauratie" pos="X">restauratie</wf>
         <wf lemma="." pos="X">.</wf>
      </sentence>
      <sentence id="d000.s2949" source="wordnet-dutch">
         <wf lemma="onrustig" pos="X">onrustig</wf>
         <instance id="d000.s2949.t000" lemma="spieden" pos="VERB">spiedde</instance>
         <wf lemma="de" pos="X">de</wf>
         <wf lemma="hond" pos="X">hond</wf>
         <wf lemma="naar" pos="X">naar</wf>
         <wf lemma="de" pos="X">de</wf>
         <wf lemma="deur" pos="X">deur</wf>
         <wf lemma="." pos="X">.</wf>
      </sentence>
      <sentence id="d000.s2950" source="wordnet-dutch">
         <wf lemma="ik" pos="X">ik</wf>
         <instance id="d000.s2950.t000" lemma="moeten" pos="VERB">moet</instance>
         <wf lemma="twee" pos="X">twee</wf>
         <wf lemma="klontjes" pos="X">klontjes</wf>
         <wf lemma="suiker" pos="X">suiker</wf>
         <wf lemma="in" pos="X">in</wf>
         <wf lemma="mijn" pos="X">mijn</wf>
         <wf lemma="koffie" pos="X">koffie</wf>
         <wf lemma="." pos="X">.</wf>
      </sentence>
      <sentence id="d000.s2951" source="wordnet-dutch">
         <wf lemma="Hij" pos="X">Hij</wf>
         <instance id="d000.s2951.t000" lemma="verzuipen" pos="VERB">verzuipt</instance>
         <wf lemma="in" pos="X">in</wf>
         <wf lemma="de" pos="X">de</wf>
         <wf lemma="verantwoordelijkheden" pos="X">verantwoordelijkheden</wf>
         <wf lemma="." pos="X">.</wf>
      </sentence>
      <sentence id="d000.s2952" source="wordnet-dutch">
         <wf lemma="voor" pos="X">voor</wf>
         <wf lemma="de" pos="X">de</wf>
         <instance id="d000.s2952.t000" lemma="volledigheid" pos="NOUN">volledigheid</instance>
         <wf lemma="zullen" pos="X">zullen</wf>
         <wf lemma="we" pos="X">we</wf>
         <wf lemma="dat" pos="X">dat</wf>
         <wf lemma="ook" pos="X">ook</wf>
         <wf lemma="nog" pos="X">nog</wf>
         <wf lemma="even" pos="X">even</wf>
         <wf lemma="doen" pos="X">doen</wf>
         <wf lemma="." pos="X">.</wf>
      </sentence>
      <sentence id="d000.s2953" source="wordnet-dutch">
         <wf lemma="morgen" pos="X">morgen</wf>
         <wf lemma="gaat" pos="X">gaat</wf>
         <wf lemma="Daantje" pos="X">Daantje</wf>
         <wf lemma="voor" pos="X">voor</wf>
         <wf lemma="het" pos="X">het</wf>
         <wf lemma="eerst" pos="X">eerst</wf>
         <wf lemma="naar" pos="X">naar</wf>
         <wf lemma="de" pos="X">de</wf>
         <instance id="d000.s2953.t000" lemma="crèche" pos="NOUN">crèche</instance>
         <wf lemma="." pos="X">.</wf>
      </sentence>
      <sentence id="d000.s2954" source="wordnet-dutch">
         <wf lemma="het" pos="X">het</wf>
         <wf lemma="land" pos="X">land</wf>
         <wf lemma="stond" pos="X">stond</wf>
         <wf lemma="decennia" pos="X">decennia</wf>
         <wf lemma="lang" pos="X">lang</wf>
         <wf lemma="onder" pos="X">onder</wf>
         <wf lemma="Franse" pos="X">Franse</wf>
         <instance id="d000.s2954.t000" lemma="heerschappij" pos="NOUN">heerschappij</instance>
         <wf lemma="." pos="X">.</wf>
      </sentence>
      <sentence id="d000.s2955" source="wordnet-dutch">
         <wf lemma="in" pos="X">in</wf>
         <wf lemma="zo'n" pos="X">zo'n</wf>
         <wf lemma="hamburgerketen" pos="X">hamburgerketen</wf>
         <wf lemma="heb" pos="X">heb</wf>
         <wf lemma="je" pos="X">je</wf>
         <wf lemma="wel" pos="X">wel</wf>
         <wf lemma="een" pos="X">een</wf>
         <wf lemma="vlotte" pos="X">vlotte</wf>
         <instance id="d000.s2955.t000" lemma="bediening" pos="NOUN">bediening</instance>
         <wf lemma="." pos="X">.</wf>
      </sentence>
      <sentence id="d000.s2956" source="wordnet-dutch">
         <wf lemma="het" pos="X">het</wf>
         <wf lemma="doet" pos="X">doet</wf>
         <instance id="d000.s2956.t000" lemma="pijn" pos="NOUN">pijn</instance>
         <wf lemma="om" pos="X">om</wf>
         <wf lemma="hem" pos="X">hem</wf>
         <wf lemma="zo" pos="X">zo</wf>
         <wf lemma="te" pos="X">te</wf>
         <wf lemma="zien" pos="X">zien</wf>
         <wf lemma="aftakelen" pos="X">aftakelen</wf>
         <wf lemma="." pos="X">.</wf>
      </sentence>
      <sentence id="d000.s2957" source="wordnet-dutch">
         <wf lemma="het" pos="X">het</wf>
         <wf lemma="ziekenfonds" pos="X">ziekenfonds</wf>
         <instance id="d000.s2957.t000" lemma="vergoeden" pos="VERB">vergoedt</instance>
         <wf lemma="80" pos="X">80</wf>
         <wf lemma="procent" pos="X">procent</wf>
         <wf lemma="van" pos="X">van</wf>
         <wf lemma="de" pos="X">de</wf>
         <wf lemma="kosten" pos="X">kosten</wf>
         <wf lemma="van" pos="X">van</wf>
         <wf lemma="de" pos="X">de</wf>
         <wf lemma="operatie" pos="X">operatie</wf>
         <wf lemma="." pos="X">.</wf>
      </sentence>
      <sentence id="d000.s2958" source="wordnet-dutch">
         <wf lemma="gisteren" pos="X">gisteren</wf>
         <wf lemma="kwam" pos="X">kwam</wf>
         <wf lemma="ik" pos="X">ik</wf>
         <wf lemma="in" pos="X">in</wf>
         <wf lemma="de" pos="X">de</wf>
         <wf lemma="stad" pos="X">stad</wf>
         <wf lemma="nog" pos="X">nog</wf>
         <wf lemma="een" pos="X">een</wf>
         <wf lemma="oude" pos="X">oude</wf>
         <instance id="d000.s2958.t000" lemma="schoolvriend" pos="NOUN">schoolvriend</instance>
         <wf lemma="tegen" pos="X">tegen</wf>
         <wf lemma="." pos="X">.</wf>
      </sentence>
      <sentence id="d000.s2959" source="wordnet-dutch">
         <wf lemma="als" pos="X">als</wf>
         <wf lemma="ze" pos="X">ze</wf>
         <wf lemma="de" pos="X">de</wf>
         <wf lemma="regels" pos="X">regels</wf>
         <wf lemma="aan" pos="X">aan</wf>
         <wf lemma="hun" pos="X">hun</wf>
         <wf lemma="laars" pos="X">laars</wf>
         <wf lemma="blijven" pos="X">blijven</wf>
         <wf lemma="lappen" pos="X">lappen</wf>
         <instance id="d000.s2959.t000" lemma="riskeren" pos="VERB">riskeren</instance>
         <wf lemma="ze" pos="X">ze</wf>
         <wf lemma="een" pos="X">een</wf>
         <wf lemma="schorsing" pos="X">schorsing</wf>
         <wf lemma="." pos="X">.</wf>
      </sentence>
      <sentence id="d000.s2960" source="wordnet-dutch">
         <wf lemma="steeds" pos="X">steeds</wf>
         <wf lemma="weer" pos="X">weer</wf>
         <wf lemma="vragen" pos="X">vragen</wf>
         <wf lemma="stellen" pos="X">stellen</wf>
         <wf lemma="kost" pos="X">kost</wf>
         <wf lemma="me" pos="X">me</wf>
         <wf lemma="veel" pos="X">veel</wf>
         <instance id="d000.s2960.t000" lemma="energie" pos="NOUN">energie</instance>
         <wf lemma="." pos="X">.</wf>
      </sentence>
      <sentence id="d000.s2961" source="wordnet-dutch">
         <wf lemma="deze" pos="X">deze</wf>
         <wf lemma="kunstenaars" pos="X">kunstenaars</wf>
         <wf lemma="hekelden" pos="X">hekelden</wf>
         <wf lemma="de" pos="X">de</wf>
         <wf lemma="stad" pos="X">stad</wf>
         <wf lemma="en" pos="X">en</wf>
         <instance id="d000.s2961.t000" lemma="verheerlijken" pos="VERB">verheerlijkten</instance>
         <wf lemma="het" pos="X">het</wf>
         <wf lemma="landleven" pos="X">landleven</wf>
         <wf lemma="." pos="X">.</wf>
      </sentence>
      <sentence id="d000.s2962" source="wordnet-dutch">
         <wf lemma="de" pos="X">de</wf>
         <instance id="d000.s2962.t000" lemma="viezigheid" pos="NOUN">viezigheid</instance>
         <wf lemma="van" pos="X">van</wf>
         <wf lemma="een" pos="X">een</wf>
         <wf lemma="kapot" pos="X">kapot</wf>
         <wf lemma="riool" pos="X">riool</wf>
         <wf lemma="is" pos="X">is</wf>
         <wf lemma="niet" pos="X">niet</wf>
         <wf lemma="te" pos="X">te</wf>
         <wf lemma="omschrijven" pos="X">omschrijven</wf>
         <wf lemma="." pos="X">.</wf>
      </sentence>
      <sentence id="d000.s2963" source="wordnet-dutch">
         <wf lemma="bij" pos="X">bij</wf>
         <instance id="d000.s2963.t000" lemma="aankomst" pos="NOUN">aankomst</instance>
         <wf lemma="krijgt" pos="X">krijgt</wf>
         <wf lemma="u" pos="X">u</wf>
         <wf lemma="een" pos="X">een</wf>
         <wf lemma="welkomstdrankje" pos="X">welkomstdrankje</wf>
         <wf lemma="." pos="X">.</wf>
      </sentence>
      <sentence id="d000.s2964" source="wordnet-dutch">
         <wf lemma="een" pos="X">een</wf>
         <wf lemma="scheepje" pos="X">scheepje</wf>
         <wf lemma="dat" pos="X">dat</wf>
         <wf lemma="tot" pos="X">tot</wf>
         <wf lemma="de" pos="X">de</wf>
         <instance id="d000.s2964.t000" lemma="klasse" pos="NOUN">klasse</instance>
         <wf lemma="van" pos="X">van</wf>
         <wf lemma="platbodemjachten" pos="X">platbodemjachten</wf>
         <wf lemma="behoort" pos="X">behoort</wf>
         <wf lemma="." pos="X">.</wf>
      </sentence>
      <sentence id="d000.s2965" source="wordnet-dutch">
         <wf lemma="de" pos="X">de</wf>
         <wf lemma="schade" pos="X">schade</wf>
         <wf lemma="viel" pos="X">viel</wf>
         <wf lemma="enorm" pos="X">enorm</wf>
         <wf lemma="mee" pos="X">mee</wf>
         <wf lemma="," pos="X">,</wf>
         <wf lemma="dus" pos="X">dus</wf>
         <wf lemma="dat" pos="X">dat</wf>
         <wf lemma="was" pos="X">was</wf>
         <wf lemma="geluk" pos="X">geluk</wf>
         <wf lemma="bij" pos="X">bij</wf>
         <wf lemma="een" pos="X">een</wf>
         <instance id="d000.s2965.t000" lemma="ongeluk" pos="NOUN">ongeluk</instance>
         <wf lemma="." pos="X">.</wf>
      </sentence>
      <sentence id="d000.s2966" source="wordnet-dutch">
         <wf lemma="de" pos="X">de</wf>
         <wf lemma="president" pos="X">president</wf>
         <wf lemma="werd" pos="X">werd</wf>
         <wf lemma="tijdens" pos="X">tijdens</wf>
         <wf lemma="zijn" pos="X">zijn</wf>
         <wf lemma="toespraak" pos="X">toespraak</wf>
         <instance id="d000.s2966.t000" lemma="uitfluiten" pos="VERB">uitgefloten</instance>
         <wf lemma="door" pos="X">door</wf>
         <wf lemma="enkele" pos="X">enkele</wf>
         <wf lemma="honderden" pos="X">honderden</wf>
         <wf lemma="manifestanten" pos="X">manifestanten</wf>
         <wf lemma="." pos="X">.</wf>
      </sentence>
      <sentence id="d000.s2967" source="wordnet-dutch">
         <wf lemma="hij" pos="X">hij</wf>
         <wf lemma="is" pos="X">is</wf>
         <wf lemma="naar" pos="X">naar</wf>
         <wf lemma="de" pos="X">de</wf>
         <wf lemma="oever" pos="X">oever</wf>
         <instance id="d000.s2967.t000" lemma="crawlen" pos="VERB">gecrawld</instance>
         <wf lemma="." pos="X">.</wf>
      </sentence>
      <sentence id="d000.s2968" source="wordnet-dutch">
         <wf lemma="Zij" pos="X">Zij</wf>
         <wf lemma="zoeken" pos="X">zoeken</wf>
         <wf lemma="een" pos="X">een</wf>
         <instance id="d000.s2968.t000" lemma="rustplaats" pos="NOUN">rustplaats</instance>
         <wf lemma="op" pos="X">op</wf>
         <wf lemma="om" pos="X">om</wf>
         <wf lemma="te" pos="X">te</wf>
         <wf lemma="slapen" pos="X">slapen</wf>
         <wf lemma="." pos="X">.</wf>
      </sentence>
      <sentence id="d000.s2969" source="wordnet-dutch">
         <wf lemma="de" pos="X">de</wf>
         <wf lemma="nieuwe" pos="X">nieuwe</wf>
         <instance id="d000.s2969.t000" lemma="centrumspits" pos="NOUN">centrumspits</instance>
         <wf lemma="scoort" pos="X">scoort</wf>
         <wf lemma="aan" pos="X">aan</wf>
         <wf lemma="de" pos="X">de</wf>
         <wf lemma="lopende" pos="X">lopende</wf>
         <wf lemma="band" pos="X">band</wf>
         <wf lemma="." pos="X">.</wf>
      </sentence>
      <sentence id="d000.s2970" source="wordnet-dutch">
         <wf lemma="sorry" pos="X">sorry</wf>
         <wf lemma="," pos="X">,</wf>
         <wf lemma="daar" pos="X">daar</wf>
         <wf lemma="heb" pos="X">heb</wf>
         <wf lemma="ik" pos="X">ik</wf>
         <wf lemma="nu" pos="X">nu</wf>
         <wf lemma="geen" pos="X">geen</wf>
         <wf lemma="tijd" pos="X">tijd</wf>
         <wf lemma="voor" pos="X">voor</wf>
         <wf lemma="," pos="X">,</wf>
         <wf lemma="want" pos="X">want</wf>
         <wf lemma="ik" pos="X">ik</wf>
         <wf lemma="heb" pos="X">heb</wf>
         <wf lemma="ontzettende" pos="X">ontzettende</wf>
         <instance id="d000.s2970.t000" lemma="haast" pos="NOUN">haast</instance>
         <wf lemma="." pos="X">.</wf>
      </sentence>
      <sentence id="d000.s2971" source="wordnet-dutch">
         <wf lemma="ze" pos="X">ze</wf>
         <wf lemma="moest" pos="X">moest</wf>
         <wf lemma="per" pos="X">per</wf>
         <instance id="d000.s2971.t000" lemma="brancard" pos="NOUN">brancard</instance>
         <wf lemma="vervoerd/afgevoerd" pos="X">vervoerd/afgevoerd</wf>
         <wf lemma="worden" pos="X">worden</wf>
         <wf lemma="." pos="X">.</wf>
      </sentence>
      <sentence id="d000.s2972" source="wordnet-dutch">
         <wf lemma="met" pos="X">met</wf>
         <wf lemma="die" pos="X">die</wf>
         <wf lemma="kleren" pos="X">kleren</wf>
         <wf lemma="durf" pos="X">durf</wf>
         <wf lemma="ik" pos="X">ik</wf>
         <wf lemma="me" pos="X">me</wf>
         <wf lemma="in" pos="X">in</wf>
         <wf lemma="het" pos="X">het</wf>
         <wf lemma="openbaar" pos="X">openbaar</wf>
         <wf lemma="niet" pos="X">niet</wf>
         <instance id="d000.s2972.t000" lemma="vertonen" pos="VERB">vertonen</instance>
         <wf lemma="." pos="X">.</wf>
      </sentence>
      <sentence id="d000.s2973" source="wordnet-dutch">
         <wf lemma="de" pos="X">de</wf>
         <wf lemma="muziek" pos="X">muziek</wf>
         <wf lemma="staat" pos="X">staat</wf>
         <wf lemma="op" pos="X">op</wf>
         <instance id="d000.s2973.t000" lemma="cassetteband" pos="NOUN">cassetteband</instance>
         <wf lemma="." pos="X">.</wf>
      </sentence>
      <sentence id="d000.s2974" source="wordnet-dutch">
         <wf lemma="het" pos="X">het</wf>
         <wf lemma="optreden" pos="X">optreden</wf>
         <wf lemma="van" pos="X">van</wf>
         <wf lemma="de" pos="X">de</wf>
         <wf lemma="minister" pos="X">minister</wf>
         <wf lemma="in" pos="X">in</wf>
         <wf lemma="deze" pos="X">deze</wf>
         <instance id="d000.s2974.t000" lemma="aangelegenheid" pos="NOUN">aangelegenheid</instance>
         <wf lemma="." pos="X">.</wf>
      </sentence>
      <sentence id="d000.s2975" source="wordnet-dutch">
         <wf lemma="hij" pos="X">hij</wf>
         <wf lemma="gaf" pos="X">gaf</wf>
         <wf lemma="hem" pos="X">hem</wf>
         <wf lemma="zijn" pos="X">zijn</wf>
         <wf lemma="zakhorloge" pos="X">zakhorloge</wf>
         <wf lemma="als" pos="X">als</wf>
         <instance id="d000.s2975.t000" lemma="pand" pos="NOUN">pand</instance>
         <wf lemma="." pos="X">.</wf>
      </sentence>
      <sentence id="d000.s2976" source="wordnet-dutch">
         <wf lemma="er" pos="X">er</wf>
         <wf lemma="werd" pos="X">werd</wf>
         <wf lemma="eindeloos" pos="X">eindeloos</wf>
         <instance id="d000.s2976.t000" lemma="discussiëren" pos="VERB">gediscussieerd</instance>
         <wf lemma="zonder" pos="X">zonder</wf>
         <wf lemma="dat" pos="X">dat</wf>
         <wf lemma="het" pos="X">het</wf>
         <wf lemma="iets" pos="X">iets</wf>
         <wf lemma="opleverde" pos="X">opleverde</wf>
         <wf lemma="." pos="X">.</wf>
      </sentence>
      <sentence id="d000.s2977" source="wordnet-dutch">
         <wf lemma="het" pos="X">het</wf>
         <wf lemma="lukte" pos="X">lukte</wf>
         <wf lemma="zelfs" pos="X">zelfs</wf>
         <wf lemma="de" pos="X">de</wf>
         <wf lemma="behendigste" pos="X">behendigste</wf>
         <wf lemma="padvinder" pos="X">padvinder</wf>
         <wf lemma="niet" pos="X">niet</wf>
         <wf lemma="deze" pos="X">deze</wf>
         <wf lemma="knoop" pos="X">knoop</wf>
         <wf lemma="te" pos="X">te</wf>
         <instance id="d000.s2977.t000" lemma="ontwarren" pos="VERB">ontwarren</instance>
         <wf lemma="." pos="X">.</wf>
      </sentence>
      <sentence id="d000.s2978" source="wordnet-dutch">
         <wf lemma="de" pos="X">de</wf>
         <wf lemma="betrekkingen" pos="X">betrekkingen</wf>
         <wf lemma="met" pos="X">met</wf>
         <wf lemma="dat" pos="X">dat</wf>
         <wf lemma="land" pos="X">land</wf>
         <wf lemma="zijn" pos="X">zijn</wf>
         <wf lemma="recent" pos="X">recent</wf>
         <wf lemma="nogal" pos="X">nogal</wf>
         <instance id="d000.s2978.t000" lemma="bekoelen" pos="VERB">bekoeld</instance>
         <wf lemma="." pos="X">.</wf>
      </sentence>
      <sentence id="d000.s2979" source="wordnet-dutch">
         <wf lemma="deze" pos="X">deze</wf>
         <wf lemma="baan" pos="X">baan</wf>
         <wf lemma="vergt" pos="X">vergt</wf>
         <wf lemma="een" pos="X">een</wf>
         <wf lemma="grote" pos="X">grote</wf>
         <instance id="d000.s2979.t000" lemma="vindingrijkheid" pos="NOUN">vindingrijkheid</instance>
         <wf lemma="." pos="X">.</wf>
      </sentence>
      <sentence id="d000.s2980" source="wordnet-dutch">
         <wf lemma="zij" pos="X">zij</wf>
         <wf lemma="had" pos="X">had</wf>
         <wf lemma="geprobeerd" pos="X">geprobeerd</wf>
         <wf lemma="haar" pos="X">haar</wf>
         <wf lemma="man" pos="X">man</wf>
         <wf lemma="te" pos="X">te</wf>
         <wf lemma="vergiftigen" pos="X">vergiftigen</wf>
         <wf lemma="door" pos="X">door</wf>
         <instance id="d000.s2980.t000" lemma="arsenicum" pos="NOUN">arsenicum</instance>
         <wf lemma="in" pos="X">in</wf>
         <wf lemma="zijn" pos="X">zijn</wf>
         <wf lemma="koffie" pos="X">koffie</wf>
         <wf lemma="te" pos="X">te</wf>
         <wf lemma="doen" pos="X">doen</wf>
         <wf lemma="." pos="X">.</wf>
      </sentence>
      <sentence id="d000.s2981" source="wordnet-dutch">
         <wf lemma="Dit" pos="X">Dit</wf>
         <wf lemma="is" pos="X">is</wf>
         <wf lemma="een" pos="X">een</wf>
         <wf lemma="horloge" pos="X">horloge</wf>
         <wf lemma="met" pos="X">met</wf>
         <wf lemma="een" pos="X">een</wf>
         <wf lemma="wijzerplaat" pos="X">wijzerplaat</wf>
         <wf lemma="van" pos="X">van</wf>
         <wf lemma="glas" pos="X">glas</wf>
         <wf lemma="waardoor" pos="X">waardoor</wf>
         <wf lemma="de" pos="X">de</wf>
         <wf lemma="drager" pos="X">drager</wf>
         <wf lemma="het" pos="X">het</wf>
         <instance id="d000.s2981.t000" lemma="mechanisme" pos="NOUN">mechanisme</instance>
         <wf lemma="van" pos="X">van</wf>
         <wf lemma="het" pos="X">het</wf>
         <wf lemma="horloge" pos="X">horloge</wf>
         <wf lemma="dwars" pos="X">dwars</wf>
         <wf lemma="door" pos="X">door</wf>
         <wf lemma="de" pos="X">de</wf>
         <wf lemma="wijzerplaat" pos="X">wijzerplaat</wf>
         <wf lemma="kan" pos="X">kan</wf>
         <wf lemma="zien" pos="X">zien</wf>
         <wf lemma="." pos="X">.</wf>
      </sentence>
      <sentence id="d000.s2982" source="wordnet-dutch">
         <wf lemma="de" pos="X">de</wf>
         <instance id="d000.s2982.t000" lemma="fundament" pos="NOUN">fundamenten</instance>
         <wf lemma="van" pos="X">van</wf>
         <wf lemma="de" pos="X">de</wf>
         <wf lemma="vrouw" pos="X">vrouw</wf>
         <wf lemma="." pos="X">.</wf>
      </sentence>
      <sentence id="d000.s2983" source="wordnet-dutch">
         <wf lemma="de" pos="X">de</wf>
         <wf lemma="hond" pos="X">hond</wf>
         <wf lemma="kwispelt" pos="X">kwispelt</wf>
         <wf lemma="met" pos="X">met</wf>
         <wf lemma="zijn" pos="X">zijn</wf>
         <instance id="d000.s2983.t000" lemma="staart" pos="NOUN">staart</instance>
         <wf lemma="." pos="X">.</wf>
      </sentence>
      <sentence id="d000.s2984" source="wordnet-dutch">
         <wf lemma="het" pos="X">het</wf>
         <wf lemma="werk" pos="X">werk</wf>
         <wf lemma="wordt" pos="X">wordt</wf>
         <wf lemma="uitgevoerd" pos="X">uitgevoerd</wf>
         <wf lemma="in" pos="X">in</wf>
         <instance id="d000.s2984.t000" lemma="overleg" pos="NOUN">overleg</instance>
         <wf lemma="met" pos="X">met</wf>
         <wf lemma="de" pos="X">de</wf>
         <wf lemma="manager" pos="X">manager</wf>
         <wf lemma="." pos="X">.</wf>
      </sentence>
      <sentence id="d000.s2985" source="wordnet-dutch">
         <wf lemma="natuurlijk" pos="X">natuurlijk</wf>
         <wf lemma="moeten" pos="X">moeten</wf>
         <wf lemma="onze" pos="X">onze</wf>
         <wf lemma="producten" pos="X">producten</wf>
         <wf lemma="met" pos="X">met</wf>
         <wf lemma="die" pos="X">die</wf>
         <wf lemma="van" pos="X">van</wf>
         <wf lemma="de" pos="X">de</wf>
         <wf lemma="andere" pos="X">andere</wf>
         <wf lemma="merken" pos="X">merken</wf>
         <wf lemma="kunne" pos="X">kunne</wf>
         <instance id="d000.s2985.t000" lemma="wedijveren" pos="VERB">wedijveren</instance>
         <wf lemma="." pos="X">.</wf>
      </sentence>
      <sentence id="d000.s2986" source="wordnet-dutch">
         <wf lemma="Wat" pos="X">Wat</wf>
         <wf lemma="zijn" pos="X">zijn</wf>
         <wf lemma="de" pos="X">de</wf>
         <instance id="d000.s2986.t000" lemma="vorm" pos="NOUN">vormen</instance>
         <wf lemma="waarin" pos="X">waarin</wf>
         <wf lemma="dit" pos="X">dit</wf>
         <wf lemma="lemma" pos="X">lemma</wf>
         <wf lemma="voorkomt" pos="X">voorkomt</wf>
         <wf lemma="?" pos="X">?</wf>
      </sentence>
      <sentence id="d000.s2987" source="wordnet-dutch">
         <wf lemma="Hij" pos="X">Hij</wf>
         <wf lemma="heeft" pos="X">heeft</wf>
         <wf lemma="de" pos="X">de</wf>
         <instance id="d000.s2987.t000" lemma="gang" pos="NOUN">gang</instance>
         <wf lemma="van" pos="X">van</wf>
         <wf lemma="een" pos="X">een</wf>
         <wf lemma="olifant" pos="X">olifant</wf>
         <wf lemma="." pos="X">.</wf>
      </sentence>
      <sentence id="d000.s2988" source="wordnet-dutch">
         <wf lemma="wij" pos="X">wij</wf>
         <instance id="d000.s2988.t000" lemma="leveren" pos="VERB">leveren</instance>
         <wf lemma="en" pos="X">en</wf>
         <wf lemma="installeren" pos="X">installeren</wf>
         <wf lemma="dit" pos="X">dit</wf>
         <wf lemma="toestel" pos="X">toestel</wf>
         <wf lemma="gratis" pos="X">gratis</wf>
         <wf lemma="bij" pos="X">bij</wf>
         <wf lemma="U" pos="X">U</wf>
         <wf lemma="thuis" pos="X">thuis</wf>
         <wf lemma="." pos="X">.</wf>
      </sentence>
      <sentence id="d000.s2989" source="wordnet-dutch">
         <wf lemma="hij" pos="X">hij</wf>
         <wf lemma="zal" pos="X">zal</wf>
         <wf lemma="zijn" pos="X">zijn</wf>
         <wf lemma="voorganger" pos="X">voorganger</wf>
         <wf lemma="maar" pos="X">maar</wf>
         <wf lemma="moeilijk" pos="X">moeilijk</wf>
         <wf lemma="kunnen" pos="X">kunnen</wf>
         <instance id="d000.s2989.t000" lemma="overtreffen" pos="VERB">overtreffen</instance>
         <wf lemma="." pos="X">.</wf>
      </sentence>
      <sentence id="d000.s2990" source="wordnet-dutch">
         <wf lemma="de" pos="X">de</wf>
         <wf lemma="politie" pos="X">politie</wf>
         <instance id="d000.s2990.t000" lemma="bestormen" pos="VERB">bestormde</instance>
         <wf lemma="het" pos="X">het</wf>
         <wf lemma="huis" pos="X">huis</wf>
         <wf lemma="en" pos="X">en</wf>
         <wf lemma="nam" pos="X">nam</wf>
         <wf lemma="de" pos="X">de</wf>
         <wf lemma="gijzelnemer" pos="X">gijzelnemer</wf>
         <wf lemma="gevangen" pos="X">gevangen</wf>
         <wf lemma="." pos="X">.</wf>
      </sentence>
      <sentence id="d000.s2991" source="wordnet-dutch">
         <wf lemma="hij" pos="X">hij</wf>
         <wf lemma="is" pos="X">is</wf>
         <wf lemma="een" pos="X">een</wf>
         <wf lemma="leugenaar" pos="X">leugenaar</wf>
         <wf lemma="van" pos="X">van</wf>
         <wf lemma="de" pos="X">de</wf>
         <wf lemma="ergste" pos="X">ergste</wf>
         <instance id="d000.s2991.t000" lemma="soort" pos="NOUN">soort</instance>
         <wf lemma="." pos="X">.</wf>
      </sentence>
      <sentence id="d000.s2992" source="wordnet-dutch">
         <wf lemma="Hij" pos="X">Hij</wf>
         <wf lemma="liep" pos="X">liep</wf>
         <wf lemma="met" pos="X">met</wf>
         <wf lemma="zijn" pos="X">zijn</wf>
         <instance id="d000.s2992.t000" lemma="meisje" pos="NOUN">meisje</instance>
         <wf lemma="langs" pos="X">langs</wf>
         <wf lemma="de" pos="X">de</wf>
         <wf lemma="kade" pos="X">kade</wf>
         <wf lemma="." pos="X">.</wf>
      </sentence>
      <sentence id="d000.s2993" source="wordnet-dutch">
         <wf lemma="vanaf" pos="X">vanaf</wf>
         <wf lemma="maandag" pos="X">maandag</wf>
         <wf lemma="ligt" pos="X">ligt</wf>
         <wf lemma="het" pos="X">het</wf>
         <wf lemma="nieuwe" pos="X">nieuwe</wf>
         <wf lemma="nummer" pos="X">nummer</wf>
         <wf lemma="in" pos="X">in</wf>
         <wf lemma="de" pos="X">de</wf>
         <instance id="d000.s2993.t000" lemma="kiosk" pos="NOUN">kiosk</instance>
         <wf lemma="." pos="X">.</wf>
      </sentence>
      <sentence id="d000.s2994" source="wordnet-dutch">
         <wf lemma="De" pos="X">De</wf>
         <wf lemma="arts" pos="X">arts</wf>
         <wf lemma="vindt" pos="X">vindt</wf>
         <instance id="d000.s2994.t000" lemma="steen" pos="NOUN">steen</instance>
         <wf lemma="in" pos="X">in</wf>
         <wf lemma="zijn" pos="X">zijn</wf>
         <wf lemma="nieren" pos="X">nieren</wf>
         <wf lemma="en" pos="X">en</wf>
         <wf lemma="blaas" pos="X">blaas</wf>
         <wf lemma="." pos="X">.</wf>
      </sentence>
      <sentence id="d000.s2995" source="wordnet-dutch">
         <wf lemma="ik" pos="X">ik</wf>
         <wf lemma="kijk" pos="X">kijk</wf>
         <wf lemma="niet" pos="X">niet</wf>
         <wf lemma="," pos="X">,</wf>
         <wf lemma="want" pos="X">want</wf>
         <wf lemma="van" pos="X">van</wf>
         <wf lemma="enge" pos="X">enge</wf>
         <wf lemma="films" pos="X">films</wf>
         <wf lemma="ga" pos="X">ga</wf>
         <wf lemma="ik" pos="X">ik</wf>
         <instance id="d000.s2995.t000" lemma="dromen" pos="VERB">dromen</instance>
         <wf lemma="." pos="X">.</wf>
      </sentence>
      <sentence id="d000.s2996" source="wordnet-dutch">
         <wf lemma="dat" pos="X">dat</wf>
         <wf lemma="incident" pos="X">incident</wf>
         <wf lemma="was" pos="X">was</wf>
         <wf lemma="de" pos="X">de</wf>
         <instance id="d000.s2996.t000" lemma="aanleiding" pos="NOUN">aanleiding</instance>
         <wf lemma="tot" pos="X">tot</wf>
         <wf lemma="de" pos="X">de</wf>
         <wf lemma="opstand" pos="X">opstand</wf>
         <wf lemma="." pos="X">.</wf>
      </sentence>
      <sentence id="d000.s2997" source="wordnet-dutch">
         <wf lemma="als" pos="X">als</wf>
         <wf lemma="hij" pos="X">hij</wf>
         <wf lemma="bij" pos="X">bij</wf>
         <wf lemma="mij" pos="X">mij</wf>
         <wf lemma="op" pos="X">op</wf>
         <wf lemma="bezoek" pos="X">bezoek</wf>
         <wf lemma="komt" pos="X">komt</wf>
         <wf lemma="," pos="X">,</wf>
         <wf lemma="blijft" pos="X">blijft</wf>
         <wf lemma="hij" pos="X">hij</wf>
         <wf lemma="altijd" pos="X">altijd</wf>
         <instance id="d000.s2997.t000" lemma="plakken" pos="VERB">plakken</instance>
         <wf lemma="tot" pos="X">tot</wf>
         <wf lemma="in" pos="X">in</wf>
         <wf lemma="de" pos="X">de</wf>
         <wf lemma="late" pos="X">late</wf>
         <wf lemma="uurtjes" pos="X">uurtjes</wf>
         <wf lemma="." pos="X">.</wf>
      </sentence>
      <sentence id="d000.s2998" source="wordnet-dutch">
         <wf lemma="onder" pos="X">onder</wf>
         <wf lemma="de" pos="X">de</wf>
         <instance id="d000.s2998.t000" lemma="slagzin" pos="NOUN">slagzin</instance>
         <wf lemma="Een" pos="X">Een</wf>
         <wf lemma="beter" pos="X">beter</wf>
         <wf lemma="milieu" pos="X">milieu</wf>
         <wf lemma="begint" pos="X">begint</wf>
         <wf lemma="bij" pos="X">bij</wf>
         <wf lemma="jezelf" pos="X">jezelf</wf>
         <wf lemma="werd" pos="X">werd</wf>
         <wf lemma="de" pos="X">de</wf>
         <wf lemma="campagne" pos="X">campagne</wf>
         <wf lemma="gestart" pos="X">gestart</wf>
         <wf lemma="." pos="X">.</wf>
      </sentence>
      <sentence id="d000.s2999" source="wordnet-dutch">
         <wf lemma="daar" pos="X">daar</wf>
         <wf lemma="wordt" pos="X">wordt</wf>
         <wf lemma="extensief" pos="X">extensief</wf>
         <instance id="d000.s2999.t000" lemma="cannabis" pos="NOUN">cannabis</instance>
         <wf lemma="en" pos="X">en</wf>
         <wf lemma="papaver" pos="X">papaver</wf>
         <wf lemma="geteeld" pos="X">geteeld</wf>
         <wf lemma="." pos="X">.</wf>
      </sentence>
      <sentence id="d000.s3000" source="wordnet-dutch">
         <wf lemma="veel" pos="X">veel</wf>
         <wf lemma="studenten" pos="X">studenten</wf>
         <wf lemma="brengen" pos="X">brengen</wf>
         <wf lemma="het" pos="X">het</wf>
         <instance id="d000.s3000.t000" lemma="weekeinde" pos="NOUN">weekeinde</instance>
         <wf lemma="door" pos="X">door</wf>
         <wf lemma="bij" pos="X">bij</wf>
         <wf lemma="hun" pos="X">hun</wf>
         <wf lemma="ouders" pos="X">ouders</wf>
         <wf lemma="." pos="X">.</wf>
      </sentence>
      <sentence id="d000.s3001" source="wordnet-dutch">
         <wf lemma="Ik" pos="X">Ik</wf>
         <wf lemma="ben" pos="X">ben</wf>
         <wf lemma="dan" pos="X">dan</wf>
         <wf lemma="ook" pos="X">ook</wf>
         <wf lemma="zo" pos="X">zo</wf>
         <wf lemma="iemand" pos="X">iemand</wf>
         <wf lemma="die" pos="X">die</wf>
         <wf lemma="denkt" pos="X">denkt</wf>
         <wf lemma="," pos="X">,</wf>
         <wf lemma="ow" pos="X">ow</wf>
         <wf lemma="die" pos="X">die</wf>
         <wf lemma="dame" pos="X">dame</wf>
         <wf lemma="heeft" pos="X">heeft</wf>
         <wf lemma="geen" pos="X">geen</wf>
         <wf lemma="interesse" pos="X">interesse</wf>
         <wf lemma="meer" pos="X">meer</wf>
         <wf lemma="dus" pos="X">dus</wf>
         <wf lemma="ik" pos="X">ik</wf>
         <wf lemma="laat" pos="X">laat</wf>
         <wf lemma="het" pos="X">het</wf>
         <instance id="d000.s3001.t000" lemma="hangen" pos="VERB">hangen</instance>
         <wf lemma="." pos="X">.</wf>
      </sentence>
      <sentence id="d000.s3002" source="wordnet-dutch">
         <wf lemma="om" pos="X">om</wf>
         <wf lemma="te" pos="X">te</wf>
         <wf lemma="vermijden" pos="X">vermijden</wf>
         <wf lemma="dat" pos="X">dat</wf>
         <wf lemma="ze" pos="X">ze</wf>
         <wf lemma="hun" pos="X">hun</wf>
         <wf lemma="straf" pos="X">straf</wf>
         <wf lemma="zouden" pos="X">zouden</wf>
         <instance id="d000.s3002.t000" lemma="ontlopen" pos="VERB">ontlopen</instance>
         <wf lemma="werden" pos="X">werden</wf>
         <wf lemma="de" pos="X">de</wf>
         <wf lemma="beschuldigden" pos="X">beschuldigden</wf>
         <wf lemma="niet" pos="X">niet</wf>
         <wf lemma="op" pos="X">op</wf>
         <wf lemma="borgtocht" pos="X">borgtocht</wf>
         <wf lemma="vrijgelaten" pos="X">vrijgelaten</wf>
         <wf lemma="." pos="X">.</wf>
      </sentence>
      <sentence id="d000.s3003" source="wordnet-dutch">
         <wf lemma="ik" pos="X">ik</wf>
         <wf lemma="wist" pos="X">wist</wf>
         <wf lemma="gewoon" pos="X">gewoon</wf>
         <wf lemma="niet" pos="X">niet</wf>
         <wf lemma="wat" pos="X">wat</wf>
         <wf lemma="me" pos="X">me</wf>
         <instance id="d000.s3003.t000" lemma="overkomen" pos="VERB">overkwam</instance>
         <wf lemma="." pos="X">.</wf>
      </sentence>
      <sentence id="d000.s3004" source="wordnet-dutch">
         <wf lemma="Gedurende" pos="X">Gedurende</wf>
         <wf lemma="een" pos="X">een</wf>
         <wf lemma="halve" pos="X">halve</wf>
         <instance id="d000.s3004.t000" lemma="draai" pos="NOUN">draai</instance>
         <wf lemma="worden" pos="X">worden</wf>
         <wf lemma="de" pos="X">de</wf>
         <wf lemma="benen" pos="X">benen</wf>
         <wf lemma="symmetrisch" pos="X">symmetrisch</wf>
         <wf lemma="gesloten" pos="X">gesloten</wf>
         <wf lemma="tot" pos="X">tot</wf>
         <wf lemma="verticale" pos="X">verticale</wf>
         <wf lemma="houding" pos="X">houding</wf>
         <wf lemma="." pos="X">.</wf>
      </sentence>
      <sentence id="d000.s3005" source="wordnet-dutch">
         <wf lemma="Deze" pos="X">Deze</wf>
         <wf lemma="zalf" pos="X">zalf</wf>
         <wf lemma="is" pos="X">is</wf>
         <wf lemma="gemaakt" pos="X">gemaakt</wf>
         <wf lemma="op" pos="X">op</wf>
         <instance id="d000.s3005.t000" lemma="basis" pos="NOUN">basis</instance>
         <wf lemma="van" pos="X">van</wf>
         <wf lemma="wolvet" pos="X">wolvet</wf>
         <wf lemma="." pos="X">.</wf>
      </sentence>
      <sentence id="d000.s3006" source="wordnet-dutch">
         <wf lemma="de" pos="X">de</wf>
         <wf lemma="handschoen" pos="X">handschoen</wf>
         <wf lemma="was" pos="X">was</wf>
         <wf lemma="het" pos="X">het</wf>
         <instance id="d000.s3006.t000" lemma="bewijs" pos="NOUN">bewijs</instance>
         <wf lemma="dat" pos="X">dat</wf>
         <wf lemma="de" pos="X">de</wf>
         <wf lemma="vrouw" pos="X">vrouw</wf>
         <wf lemma="er" pos="X">er</wf>
         <wf lemma="geweest" pos="X">geweest</wf>
         <wf lemma="was" pos="X">was</wf>
         <wf lemma="." pos="X">.</wf>
      </sentence>
      <sentence id="d000.s3007" source="wordnet-dutch">
         <wf lemma="de" pos="X">de</wf>
         <wf lemma="loodgieter" pos="X">loodgieter</wf>
         <wf lemma="probeert" pos="X">probeert</wf>
         <wf lemma="de" pos="X">de</wf>
         <wf lemma="waterleidingen" pos="X">waterleidingen</wf>
         <wf lemma="te" pos="X">te</wf>
         <instance id="d000.s3007.t000" lemma="repareren" pos="VERB">repareren</instance>
         <wf lemma="." pos="X">.</wf>
      </sentence>
      <sentence id="d000.s3008" source="wordnet-dutch">
         <wf lemma="het" pos="X">het</wf>
         <wf lemma="is" pos="X">is</wf>
         <wf lemma="niet" pos="X">niet</wf>
         <wf lemma="zo" pos="X">zo</wf>
         <wf lemma="ver" pos="X">ver</wf>
         <wf lemma="meer" pos="X">meer</wf>
         <wf lemma="," pos="X">,</wf>
         <wf lemma="we" pos="X">we</wf>
         <wf lemma="zijn" pos="X">zijn</wf>
         <wf lemma="al" pos="X">al</wf>
         <wf lemma="op/over" pos="X">op/over</wf>
         <wf lemma="de" pos="X">de</wf>
         <instance id="d000.s3008.t000" lemma="helft" pos="NOUN">helft</instance>
         <wf lemma="." pos="X">.</wf>
      </sentence>
      <sentence id="d000.s3009" source="wordnet-dutch">
         <wf lemma="hij" pos="X">hij</wf>
         <wf lemma="heeft" pos="X">heeft</wf>
         <wf lemma="de" pos="X">de</wf>
         <wf lemma="commissie" pos="X">commissie</wf>
         <instance id="d000.s3009.t000" lemma="overtuigen" pos="VERB">overtuigd</instance>
         <wf lemma="van" pos="X">van</wf>
         <wf lemma="de" pos="X">de</wf>
         <wf lemma="haalbaarheid" pos="X">haalbaarheid</wf>
         <wf lemma="van" pos="X">van</wf>
         <wf lemma="het" pos="X">het</wf>
         <wf lemma="project" pos="X">project</wf>
         <wf lemma="." pos="X">.</wf>
      </sentence>
      <sentence id="d000.s3010" source="wordnet-dutch">
         <wf lemma="dat" pos="X">dat</wf>
         <wf lemma="de" pos="X">de</wf>
         <wf lemma="auto" pos="X">auto</wf>
         <wf lemma="als" pos="X">als</wf>
         <wf lemma="vervoermiddel" pos="X">vervoermiddel</wf>
         <wf lemma="zijn" pos="X">zijn</wf>
         <wf lemma="langste" pos="X">langste</wf>
         <wf lemma="tijd" pos="X">tijd</wf>
         <wf lemma="gehad" pos="X">gehad</wf>
         <wf lemma="heeft" pos="X">heeft</wf>
         <wf lemma="," pos="X">,</wf>
         <wf lemma="is" pos="X">is</wf>
         <wf lemma="puur" pos="X">puur</wf>
         <instance id="d000.s3010.t000" lemma="speculeren" pos="VERB">speculeren</instance>
         <wf lemma="." pos="X">.</wf>
      </sentence>
      <sentence id="d000.s3011" source="wordnet-dutch">
         <wf lemma="[10" pos="X">[10</wf>
         <wf lemma="gulden/één" pos="X">gulden/één</wf>
         <wf lemma="]" pos="X">]</wf>
         <wf lemma="per" pos="X">per</wf>
         <instance id="d000.s3011.t000" lemma="persoon" pos="NOUN">persoon</instance>
         <wf lemma="." pos="X">.</wf>
      </sentence>
      <sentence id="d000.s3012" source="wordnet-dutch">
         <wf lemma="aardbevingen" pos="X">aardbevingen</wf>
         <wf lemma="kunnen" pos="X">kunnen</wf>
         <wf lemma="ontstaan" pos="X">ontstaan</wf>
         <wf lemma="door" pos="X">door</wf>
         <wf lemma="het" pos="X">het</wf>
         <wf lemma="verschuiven" pos="X">verschuiven</wf>
         <wf lemma="van" pos="X">van</wf>
         <wf lemma="de" pos="X">de</wf>
         <wf lemma="tektonische" pos="X">tektonische</wf>
         <instance id="d000.s3012.t000" lemma="plaat" pos="NOUN">platen</instance>
         <wf lemma="." pos="X">.</wf>
      </sentence>
      <sentence id="d000.s3013" source="wordnet-dutch">
         <wf lemma="ze" pos="X">ze</wf>
         <wf lemma="hebben" pos="X">hebben</wf>
         <wf lemma="hem" pos="X">hem</wf>
         <wf lemma="eervol" pos="X">eervol</wf>
         <instance id="d000.s3013.t000" lemma="vermelden" pos="VERB">vermeld</instance>
         <wf lemma="." pos="X">.</wf>
      </sentence>
      <sentence id="d000.s3014" source="wordnet-dutch">
         <wf lemma="de" pos="X">de</wf>
         <wf lemma="spelers" pos="X">spelers</wf>
         <instance id="d000.s3014.t000" lemma="respecteren" pos="VERB">respecteerden</instance>
         <wf lemma="hun" pos="X">hun</wf>
         <wf lemma="trainer" pos="X">trainer</wf>
         <wf lemma="." pos="X">.</wf>
      </sentence>
      <sentence id="d000.s3015" source="wordnet-dutch">
         <wf lemma="na" pos="X">na</wf>
         <wf lemma="lange" pos="X">lange</wf>
         <wf lemma="onderhandelingen" pos="X">onderhandelingen</wf>
         <wf lemma="sloten" pos="X">sloten</wf>
         <wf lemma="beide" pos="X">beide</wf>
         <wf lemma="landen" pos="X">landen</wf>
         <wf lemma="een" pos="X">een</wf>
         <instance id="d000.s3015.t000" lemma="handelsovereenkomst" pos="NOUN">handelsovereenkomst</instance>
         <wf lemma="." pos="X">.</wf>
      </sentence>
      <sentence id="d000.s3016" source="wordnet-dutch">
         <wf lemma="hij" pos="X">hij</wf>
         <instance id="d000.s3016.t000" lemma="verdiepen" pos="VERB">verdiepte</instance>
         <wf lemma="zich" pos="X">zich</wf>
         <wf lemma="in" pos="X">in</wf>
         <wf lemma="de" pos="X">de</wf>
         <wf lemma="literatuur" pos="X">literatuur</wf>
         <wf lemma="rond" pos="X">rond</wf>
         <wf lemma="deze" pos="X">deze</wf>
         <wf lemma="problematiek" pos="X">problematiek</wf>
         <wf lemma="." pos="X">.</wf>
      </sentence>
      <sentence id="d000.s3017" source="wordnet-dutch">
         <wf lemma="de" pos="X">de</wf>
         <wf lemma="jeugd" pos="X">jeugd</wf>
         <instance id="d000.s3017.t000" lemma="drinken" pos="VERB">drinkt</instance>
         <wf lemma="te" pos="X">te</wf>
         <wf lemma="veel" pos="X">veel</wf>
         <wf lemma="." pos="X">.</wf>
      </sentence>
      <sentence id="d000.s3018" source="wordnet-dutch">
         <wf lemma="hij" pos="X">hij</wf>
         <wf lemma="is" pos="X">is</wf>
         <wf lemma="tijdens" pos="X">tijdens</wf>
         <wf lemma="deze" pos="X">deze</wf>
         <wf lemma="wedstrijd" pos="X">wedstrijd</wf>
         <wf lemma="boven" pos="X">boven</wf>
         <wf lemma="zichzelf" pos="X">zichzelf</wf>
         <instance id="d000.s3018.t000" lemma="uitstijgen" pos="VERB">uitgestegen</instance>
         <wf lemma="." pos="X">.</wf>
      </sentence>
      <sentence id="d000.s3019" source="wordnet-dutch">
         <wf lemma="ik" pos="X">ik</wf>
         <wf lemma="kan" pos="X">kan</wf>
         <wf lemma="die" pos="X">die</wf>
         <wf lemma="auto" pos="X">auto</wf>
         <wf lemma="voor" pos="X">voor</wf>
         <wf lemma="een" pos="X">een</wf>
         <wf lemma="[zacht]" pos="X">[zacht]</wf>
         <instance id="d000.s3019.t000" lemma="prijs" pos="NOUN">prijsje</instance>
         <wf lemma="kopen" pos="X">kopen</wf>
         <wf lemma="." pos="X">.</wf>
      </sentence>
      <sentence id="d000.s3020" source="wordnet-dutch">
         <wf lemma="u" pos="X">u</wf>
         <wf lemma="vindt" pos="X">vindt</wf>
         <wf lemma="het" pos="X">het</wf>
         <wf lemma="in" pos="X">in</wf>
         <wf lemma="uw" pos="X">uw</wf>
         <wf lemma="boekhandel" pos="X">boekhandel</wf>
         <wf lemma="of" pos="X">of</wf>
         <instance id="d000.s3020.t000" lemma="kiosk" pos="NOUN">kiosk</instance>
         <wf lemma="." pos="X">.</wf>
      </sentence>
      <sentence id="d000.s3021" source="wordnet-dutch">
         <wf lemma="in" pos="X">in</wf>
         <wf lemma="deze" pos="X">deze</wf>
         <wf lemma="normaalschool" pos="X">normaalschool</wf>
         <wf lemma="werd" pos="X">werd</wf>
         <wf lemma="hij" pos="X">hij</wf>
         <instance id="d000.s3021.t000" lemma="opleiden" pos="VERB">opgeleid</instance>
         <wf lemma="tot" pos="X">tot</wf>
         <wf lemma="onderwijzer" pos="X">onderwijzer</wf>
         <wf lemma="." pos="X">.</wf>
      </sentence>
      <sentence id="d000.s3022" source="wordnet-dutch">
         <wf lemma="er" pos="X">er</wf>
         <wf lemma="werden" pos="X">werden</wf>
         <wf lemma="drie" pos="X">drie</wf>
         <instance id="d000.s3022.t000" lemma="aanhouding" pos="NOUN">aanhoudingen</instance>
         <wf lemma="verricht" pos="X">verricht</wf>
         <wf lemma="." pos="X">.</wf>
      </sentence>
      <sentence id="d000.s3023" source="wordnet-dutch">
         <wf lemma="de" pos="X">de</wf>
         <wf lemma="politie" pos="X">politie</wf>
         <wf lemma="heeft" pos="X">heeft</wf>
         <wf lemma="de" pos="X">de</wf>
         <instance id="d000.s3023.t000" lemma="schuldige" pos="NOUN">schuldige</instance>
         <wf lemma="nog" pos="X">nog</wf>
         <wf lemma="niet" pos="X">niet</wf>
         <wf lemma="gevonden" pos="X">gevonden</wf>
         <wf lemma="." pos="X">.</wf>
      </sentence>
      <sentence id="d000.s3024" source="wordnet-dutch">
         <wf lemma="ik" pos="X">ik</wf>
         <wf lemma="heb" pos="X">heb</wf>
         <wf lemma="een" pos="X">een</wf>
         <wf lemma="afspraak" pos="X">afspraak</wf>
         <wf lemma="in" pos="X">in</wf>
         <wf lemma="de" pos="X">de</wf>
         <instance id="d000.s3024.t000" lemma="stationsrestauratie" pos="NOUN">stationsrestauratie</instance>
         <wf lemma="." pos="X">.</wf>
      </sentence>
      <sentence id="d000.s3025" source="wordnet-dutch">
         <wf lemma="je" pos="X">je</wf>
         <wf lemma="fietsband" pos="X">fietsband</wf>
         <wf lemma="op" pos="X">op</wf>
         <instance id="d000.s3025.t000" lemma="spanning" pos="NOUN">spanning</instance>
         <wf lemma="brengen" pos="X">brengen</wf>
         <wf lemma="." pos="X">.</wf>
      </sentence>
      <sentence id="d000.s3026" source="wordnet-dutch">
         <wf lemma="hij" pos="X">hij</wf>
         <wf lemma="is" pos="X">is</wf>
         <wf lemma="in" pos="X">in</wf>
         <wf lemma="de" pos="X">de</wf>
         <instance id="d000.s3026.t000" lemma="horeca" pos="NOUN">horeca</instance>
         <wf lemma="werkzaam" pos="X">werkzaam</wf>
         <wf lemma="." pos="X">.</wf>
      </sentence>
      <sentence id="d000.s3027" source="wordnet-dutch">
         <wf lemma="hij" pos="X">hij</wf>
         <instance id="d000.s3027.t000" lemma="frommelen" pos="VERB">frommelde</instance>
         <wf lemma="het" pos="X">het</wf>
         <wf lemma="papier" pos="X">papier</wf>
         <wf lemma="snel" pos="X">snel</wf>
         <wf lemma="tussen" pos="X">tussen</wf>
         <wf lemma="zijn" pos="X">zijn</wf>
         <wf lemma="boeken" pos="X">boeken</wf>
         <wf lemma="in" pos="X">in</wf>
         <wf lemma="zijn" pos="X">zijn</wf>
         <wf lemma="boekentas" pos="X">boekentas</wf>
         <wf lemma="." pos="X">.</wf>
      </sentence>
      <sentence id="d000.s3028" source="wordnet-dutch">
         <wf lemma="de" pos="X">de</wf>
         <wf lemma="betekenis" pos="X">betekenis</wf>
         <wf lemma="van" pos="X">van</wf>
         <wf lemma="dat" pos="X">dat</wf>
         <wf lemma="gebruik" pos="X">gebruik</wf>
         <wf lemma="is" pos="X">is</wf>
         <wf lemma="niet" pos="X">niet</wf>
         <wf lemma="meer" pos="X">meer</wf>
         <wf lemma="te" pos="X">te</wf>
         <instance id="d000.s3028.t000" lemma="achterhalen" pos="VERB">achterhalen</instance>
         <wf lemma="." pos="X">.</wf>
      </sentence>
      <sentence id="d000.s3029" source="wordnet-dutch">
         <wf lemma="de" pos="X">de</wf>
         <wf lemma="vijandige" pos="X">vijandige</wf>
         <wf lemma="troepen" pos="X">troepen</wf>
         <instance id="d000.s3029.t000" lemma="bestormen" pos="VERB">bestormden</instance>
         <wf lemma="vandaag" pos="X">vandaag</wf>
         <wf lemma="het" pos="X">het</wf>
         <wf lemma="regeringsgebouw" pos="X">regeringsgebouw</wf>
         <wf lemma="." pos="X">.</wf>
      </sentence>
      <sentence id="d000.s3030" source="wordnet-dutch">
         <wf lemma="in" pos="X">in</wf>
         <wf lemma="de" pos="X">de</wf>
         <wf lemma="25-jarige" pos="X">25-jarige</wf>
         <instance id="d000.s3030.t000" lemma="geschiedenis" pos="NOUN">geschiedenis</instance>
         <wf lemma="van" pos="X">van</wf>
         <wf lemma="Fokker" pos="X">Fokker</wf>
         <wf lemma="is" pos="X">is</wf>
         <wf lemma="dat" pos="X">dat</wf>
         <wf lemma="maar" pos="X">maar</wf>
         <wf lemma="een" pos="X">een</wf>
         <wf lemma="keer" pos="X">keer</wf>
         <wf lemma="voorgekomen" pos="X">voorgekomen</wf>
         <wf lemma="." pos="X">.</wf>
      </sentence>
      <sentence id="d000.s3031" source="wordnet-dutch">
         <wf lemma="ik" pos="X">ik</wf>
         <wf lemma="ga" pos="X">ga</wf>
         <wf lemma="niet" pos="X">niet</wf>
         <wf lemma="mee" pos="X">mee</wf>
         <wf lemma="," pos="X">,</wf>
         <instance id="d000.s3031.t000" lemma="punt" pos="NOUN">punt</instance>
         <wf lemma="uit" pos="X">uit</wf>
         <wf lemma="!" pos="X">!</wf>
      </sentence>
      <sentence id="d000.s3032" source="wordnet-dutch">
         <wf lemma="de" pos="X">de</wf>
         <wf lemma="uitslag" pos="X">uitslag</wf>
         <wf lemma="van" pos="X">van</wf>
         <wf lemma="de" pos="X">de</wf>
         <wf lemma="test" pos="X">test</wf>
         <wf lemma="hebben" pos="X">hebben</wf>
         <wf lemma="ze" pos="X">ze</wf>
         <wf lemma="voor" pos="X">voor</wf>
         <wf lemma="hem" pos="X">hem</wf>
         <instance id="d000.s3032.t000" lemma="achterhouden" pos="VERB">achtergehouden</instance>
         <wf lemma="." pos="X">.</wf>
      </sentence>
      <sentence id="d000.s3033" source="wordnet-dutch">
         <wf lemma="die" pos="X">die</wf>
         <wf lemma="treinvertraging" pos="X">treinvertraging</wf>
         <wf lemma="levert" pos="X">levert</wf>
         <wf lemma="veel" pos="X">veel</wf>
         <instance id="d000.s3033.t000" lemma="ongemak" pos="NOUN">ongemak</instance>
         <wf lemma="op" pos="X">op</wf>
         <wf lemma="voor" pos="X">voor</wf>
         <wf lemma="de" pos="X">de</wf>
         <wf lemma="reizigers" pos="X">reizigers</wf>
         <wf lemma="." pos="X">.</wf>
      </sentence>
      <sentence id="d000.s3034" source="wordnet-dutch">
         <wf lemma="de" pos="X">de</wf>
         <wf lemma="opening" pos="X">opening</wf>
         <wf lemma="gebeurde" pos="X">gebeurde</wf>
         <wf lemma="met" pos="X">met</wf>
         <wf lemma="veel" pos="X">veel</wf>
         <instance id="d000.s3034.t000" lemma="spektakel" pos="NOUN">spektakel</instance>
         <wf lemma="." pos="X">.</wf>
      </sentence>
      <sentence id="d000.s3035" source="wordnet-dutch">
         <wf lemma="het" pos="X">het</wf>
         <instance id="d000.s3035.t000" lemma="inschrijfgeld" pos="NOUN">inschrijfgeld</instance>
         <wf lemma="voor" pos="X">voor</wf>
         <wf lemma="de" pos="X">de</wf>
         <wf lemma="zeilregatta" pos="X">zeilregatta</wf>
         <wf lemma="bedraagt" pos="X">bedraagt</wf>
         <wf lemma="55" pos="X">55</wf>
         <wf lemma="gulden" pos="X">gulden</wf>
         <wf lemma="per" pos="X">per</wf>
         <wf lemma="bemanningslid" pos="X">bemanningslid</wf>
         <wf lemma="." pos="X">.</wf>
      </sentence>
      <sentence id="d000.s3036" source="wordnet-dutch">
         <wf lemma="ze" pos="X">ze</wf>
         <wf lemma="hebben" pos="X">hebben</wf>
         <wf lemma="die" pos="X">die</wf>
         <wf lemma="kernproeven" pos="X">kernproeven</wf>
         <wf lemma="voorlopig" pos="X">voorlopig</wf>
         <wf lemma="moeten" pos="X">moeten</wf>
         <instance id="d000.s3036.t000" lemma="stopzetten" pos="VERB">stopzetten</instance>
         <wf lemma="." pos="X">.</wf>
      </sentence>
      <sentence id="d000.s3037" source="wordnet-dutch">
         <wf lemma="hij" pos="X">hij</wf>
         <instance id="d000.s3037.t000" lemma="kleden" pos="VERB">kleedt</instance>
         <wf lemma="de" pos="X">de</wf>
         <wf lemma="koningin" pos="X">koningin</wf>
         <wf lemma="nu" pos="X">nu</wf>
         <wf lemma="al" pos="X">al</wf>
         <wf lemma="jaren" pos="X">jaren</wf>
         <wf lemma="." pos="X">.</wf>
      </sentence>
      <sentence id="d000.s3038" source="wordnet-dutch">
         <wf lemma="deze" pos="X">deze</wf>
         <wf lemma="[wegen/bergketens/lijnen" pos="X">[wegen/bergketens/lijnen</wf>
         <wf lemma="]" pos="X">]</wf>
         <instance id="d000.s3038.t000" lemma="lopen" pos="VERB">lopen</instance>
         <wf lemma="evenwijdig" pos="X">evenwijdig</wf>
         <wf lemma="." pos="X">.</wf>
      </sentence>
      <sentence id="d000.s3039" source="wordnet-dutch">
         <wf lemma="functionaliteit" pos="X">functionaliteit</wf>
         <wf lemma="van" pos="X">van</wf>
         <wf lemma="een" pos="X">een</wf>
         <instance id="d000.s3039.t000" lemma="applicatie" pos="NOUN">applicatie</instance>
         <wf lemma="." pos="X">.</wf>
      </sentence>
      <sentence id="d000.s3040" source="wordnet-dutch">
         <wf lemma="Frankrijk" pos="X">Frankrijk</wf>
         <wf lemma="blijft" pos="X">blijft</wf>
         <wf lemma="de" pos="X">de</wf>
         <wf lemma="grootste" pos="X">grootste</wf>
         <instance id="d000.s3040.t000" lemma="afnemer" pos="NOUN">afnemer</instance>
         <wf lemma="van" pos="X">van</wf>
         <wf lemma="Belgische" pos="X">Belgische</wf>
         <wf lemma="biersoorten" pos="X">biersoorten</wf>
         <wf lemma="." pos="X">.</wf>
      </sentence>
      <sentence id="d000.s3041" source="wordnet-dutch">
         <wf lemma="de" pos="X">de</wf>
         <wf lemma="farmacie" pos="X">farmacie</wf>
         <instance id="d000.s3041.t000" lemma="lijmen" pos="VERB">lijmt</instance>
         <wf lemma="artsen" pos="X">artsen</wf>
         <wf lemma="met" pos="X">met</wf>
         <wf lemma="premies" pos="X">premies</wf>
         <wf lemma="," pos="X">,</wf>
         <wf lemma="etentjes" pos="X">etentjes</wf>
         <wf lemma="en" pos="X">en</wf>
         <wf lemma="reizen" pos="X">reizen</wf>
         <wf lemma="." pos="X">.</wf>
      </sentence>
      <sentence id="d000.s3042" source="wordnet-dutch">
         <wf lemma="het" pos="X">het</wf>
         <wf lemma="is" pos="X">is</wf>
         <wf lemma="een" pos="X">een</wf>
         <instance id="d000.s3042.t000" lemma="pil" pos="NOUN">pil</instance>
         <wf lemma="van" pos="X">van</wf>
         <wf lemma="een" pos="X">een</wf>
         <wf lemma="rapport" pos="X">rapport</wf>
         <wf lemma="geworden" pos="X">geworden</wf>
         <wf lemma="." pos="X">.</wf>
      </sentence>
      <sentence id="d000.s3043" source="wordnet-dutch">
         <wf lemma="ik" pos="X">ik</wf>
         <wf lemma="zal" pos="X">zal</wf>
         <wf lemma="tot" pos="X">tot</wf>
         <wf lemma="het" pos="X">het</wf>
         <wf lemma="einde" pos="X">einde</wf>
         <wf lemma="van" pos="X">van</wf>
         <wf lemma="de" pos="X">de</wf>
         <wf lemma="maand" pos="X">maand</wf>
         <wf lemma="moeten" pos="X">moeten</wf>
         <instance id="d000.s3043.t000" lemma="rondkomen" pos="VERB">rondkomen</instance>
         <wf lemma="met" pos="X">met</wf>
         <wf lemma="de" pos="X">de</wf>
         <wf lemma="voorraad" pos="X">voorraad</wf>
         <wf lemma="waarover" pos="X">waarover</wf>
         <wf lemma="ik" pos="X">ik</wf>
         <wf lemma="nu" pos="X">nu</wf>
         <wf lemma="beschik" pos="X">beschik</wf>
         <wf lemma="." pos="X">.</wf>
      </sentence>
      <sentence id="d000.s3044" source="wordnet-dutch">
         <wf lemma="het" pos="X">het</wf>
         <wf lemma="aanleggen" pos="X">aanleggen</wf>
         <wf lemma="van" pos="X">van</wf>
         <wf lemma="een" pos="X">een</wf>
         <wf lemma="stroomdam" pos="X">stroomdam</wf>
         <wf lemma="levert" pos="X">levert</wf>
         <instance id="d000.s3044.t000" lemma="complicatie" pos="NOUN">complicaties</instance>
         <wf lemma="op" pos="X">op</wf>
         <wf lemma="." pos="X">.</wf>
      </sentence>
      <sentence id="d000.s3045" source="wordnet-dutch">
         <wf lemma="gelukkig" pos="X">gelukkig</wf>
         <wf lemma="kon" pos="X">kon</wf>
         <wf lemma="hij" pos="X">hij</wf>
         <wf lemma="voor" pos="X">voor</wf>
         <wf lemma="deze" pos="X">deze</wf>
         <wf lemma="moeilijke" pos="X">moeilijke</wf>
         <wf lemma="opdracht" pos="X">opdracht</wf>
         <instance id="d000.s3045.t000" lemma="terugvallen" pos="VERB">terugvallen</instance>
         <wf lemma="op" pos="X">op</wf>
         <wf lemma="zijn" pos="X">zijn</wf>
         <wf lemma="jarenlange" pos="X">jarenlange</wf>
         <wf lemma="ervaring" pos="X">ervaring</wf>
         <wf lemma="." pos="X">.</wf>
      </sentence>
      <sentence id="d000.s3046" source="wordnet-dutch">
         <wf lemma="ik" pos="X">ik</wf>
         <wf lemma="moet" pos="X">moet</wf>
         <wf lemma="nog" pos="X">nog</wf>
         <wf lemma="zien" pos="X">zien</wf>
         <wf lemma="hoe" pos="X">hoe</wf>
         <wf lemma="het" pos="X">het</wf>
         <instance id="d000.s3046.t000" lemma="lopen" pos="VERB">loopt</instance>
         <wf lemma="met" pos="X">met</wf>
         <wf lemma="mijn" pos="X">mijn</wf>
         <wf lemma="nieuwe" pos="X">nieuwe</wf>
         <wf lemma="baan" pos="X">baan</wf>
         <wf lemma="." pos="X">.</wf>
      </sentence>
      <sentence id="d000.s3047" source="wordnet-dutch">
         <wf lemma="de" pos="X">de</wf>
         <instance id="d000.s3047.t000" lemma="voettocht" pos="NOUN">voettocht</instance>
         <wf lemma="naar" pos="X">naar</wf>
         <wf lemma="Maastricht" pos="X">Maastricht</wf>
         <wf lemma="was" pos="X">was</wf>
         <wf lemma="prachtig" pos="X">prachtig</wf>
         <wf lemma="." pos="X">.</wf>
      </sentence>
      <sentence id="d000.s3048" source="wordnet-dutch">
         <wf lemma="dat" pos="X">dat</wf>
         <wf lemma="kan" pos="X">kan</wf>
         <wf lemma="mij" pos="X">mij</wf>
         <wf lemma="niet" pos="X">niet</wf>
         <instance id="d000.s3048.t000" lemma="schelen" pos="VERB">schelen</instance>
         <wf lemma="." pos="X">.</wf>
      </sentence>
      <sentence id="d000.s3049" source="wordnet-dutch">
         <wf lemma="ook" pos="X">ook</wf>
         <wf lemma="in" pos="X">in</wf>
         <wf lemma="de" pos="X">de</wf>
         <wf lemma="keuken" pos="X">keuken</wf>
         <wf lemma="met" pos="X">met</wf>
         <wf lemma="u" pos="X">u</wf>
         <wf lemma="kwaliteit" pos="X">kwaliteit</wf>
         <wf lemma="en" pos="X">en</wf>
         <wf lemma="kwantiteit" pos="X">kwantiteit</wf>
         <wf lemma="van" pos="X">van</wf>
         <wf lemma="elkaar" pos="X">elkaar</wf>
         <instance id="d000.s3049.t000" lemma="loskoppelen" pos="VERB">loskoppelen</instance>
         <wf lemma="." pos="X">.</wf>
      </sentence>
      <sentence id="d000.s3050" source="wordnet-dutch">
         <wf lemma="hij" pos="X">hij</wf>
         <wf lemma="heeft" pos="X">heeft</wf>
         <wf lemma="dat" pos="X">dat</wf>
         <wf lemma="slaatje" pos="X">slaatje</wf>
         <instance id="d000.s3050.t000" lemma="garneren" pos="VERB">gegarneerd</instance>
         <wf lemma="met" pos="X">met</wf>
         <wf lemma="augurk" pos="X">augurk</wf>
         <wf lemma="," pos="X">,</wf>
         <wf lemma="tomaat" pos="X">tomaat</wf>
         <wf lemma="en" pos="X">en</wf>
         <wf lemma="ei." pos="X">ei.</wf>
      </sentence>
      <sentence id="d000.s3051" source="wordnet-dutch">
         <wf lemma="het" pos="X">het</wf>
         <wf lemma="land" pos="X">land</wf>
         <wf lemma="werd" pos="X">werd</wf>
         <wf lemma="in" pos="X">in</wf>
         <wf lemma="die" pos="X">die</wf>
         <wf lemma="tijd" pos="X">tijd</wf>
         <instance id="d000.s3051.t000" lemma="teisteren" pos="VERB">geteisterd</instance>
         <wf lemma="door" pos="X">door</wf>
         <wf lemma="verschillende" pos="X">verschillende</wf>
         <wf lemma="oorlogen" pos="X">oorlogen</wf>
         <wf lemma="." pos="X">.</wf>
      </sentence>
      <sentence id="d000.s3052" source="wordnet-dutch">
         <wf lemma="Mijn" pos="X">Mijn</wf>
         <instance id="d000.s3052.t000" lemma="jongen" pos="NOUN">jongen</instance>
         <wf lemma="werd" pos="X">werd</wf>
         <wf lemma="gisteren" pos="X">gisteren</wf>
         <wf lemma="geboren" pos="X">geboren</wf>
         <wf lemma="." pos="X">.</wf>
      </sentence>
      <sentence id="d000.s3053" source="wordnet-dutch">
         <wf lemma="deze" pos="X">deze</wf>
         <wf lemma="zaal" pos="X">zaal</wf>
         <wf lemma="biedt" pos="X">biedt</wf>
         <instance id="d000.s3053.t000" lemma="ruimte" pos="NOUN">ruimte</instance>
         <wf lemma="aan" pos="X">aan</wf>
         <wf lemma="honderd" pos="X">honderd</wf>
         <wf lemma="mensen" pos="X">mensen</wf>
         <wf lemma="." pos="X">.</wf>
      </sentence>
      <sentence id="d000.s3054" source="wordnet-dutch">
         <wf lemma="de" pos="X">de</wf>
         <wf lemma="paarden" pos="X">paarden</wf>
         <instance id="d000.s3054.t000" lemma="ploegen" pos="VERB">ploegden</instance>
         <wf lemma="de" pos="X">de</wf>
         <wf lemma="grond" pos="X">grond</wf>
         <wf lemma="met" pos="X">met</wf>
         <wf lemma="hun" pos="X">hun</wf>
         <wf lemma="hoeven" pos="X">hoeven</wf>
         <wf lemma="." pos="X">.</wf>
      </sentence>
      <sentence id="d000.s3055" source="wordnet-dutch">
         <wf lemma="de" pos="X">de</wf>
         <wf lemma="oppositie" pos="X">oppositie</wf>
         <wf lemma="beschuldigt" pos="X">beschuldigt</wf>
         <wf lemma="de" pos="X">de</wf>
         <wf lemma="regering" pos="X">regering</wf>
         <wf lemma="ervan" pos="X">ervan</wf>
         <wf lemma="het" pos="X">het</wf>
         <wf lemma="volk" pos="X">volk</wf>
         <wf lemma="te" pos="X">te</wf>
         <instance id="d000.s3055.t000" lemma="misleiden" pos="VERB">misleiden</instance>
         <wf lemma="." pos="X">.</wf>
      </sentence>
      <sentence id="d000.s3056" source="wordnet-dutch">
         <wf lemma="de" pos="X">de</wf>
         <wf lemma="politie" pos="X">politie</wf>
         <wf lemma="kon" pos="X">kon</wf>
         <instance id="d000.s3056.t000" lemma="verhinderen" pos="VERB">verhinderen</instance>
         <wf lemma="dat" pos="X">dat</wf>
         <wf lemma="de" pos="X">de</wf>
         <wf lemma="twee" pos="X">twee</wf>
         <wf lemma="groepen" pos="X">groepen</wf>
         <wf lemma="demonstranten" pos="X">demonstranten</wf>
         <wf lemma="met" pos="X">met</wf>
         <wf lemma="elkaar" pos="X">elkaar</wf>
         <wf lemma="op" pos="X">op</wf>
         <wf lemma="de" pos="X">de</wf>
         <wf lemma="vuist" pos="X">vuist</wf>
         <wf lemma="gingen" pos="X">gingen</wf>
         <wf lemma="." pos="X">.</wf>
      </sentence>
      <sentence id="d000.s3057" source="wordnet-dutch">
         <wf lemma="ik" pos="X">ik</wf>
         <wf lemma="heb" pos="X">heb</wf>
         <wf lemma="veel" pos="X">veel</wf>
         <instance id="d000.s3057.t000" lemma="steun" pos="NOUN">steun</instance>
         <wf lemma="aan" pos="X">aan</wf>
         <wf lemma="mijn" pos="X">mijn</wf>
         <wf lemma="familie" pos="X">familie</wf>
         <wf lemma="." pos="X">.</wf>
      </sentence>
      <sentence id="d000.s3058" source="wordnet-dutch">
         <wf lemma="hij" pos="X">hij</wf>
         <wf lemma="kwam" pos="X">kwam</wf>
         <wf lemma="nog" pos="X">nog</wf>
         <wf lemma="net" pos="X">net</wf>
         <wf lemma="op" pos="X">op</wf>
         <wf lemma="tijd" pos="X">tijd</wf>
         <wf lemma="aan" pos="X">aan</wf>
         <wf lemma="het" pos="X">het</wf>
         <instance id="d000.s3058.t000" lemma="sterfbed" pos="NOUN">sterfbed</instance>
         <wf lemma="van" pos="X">van</wf>
         <wf lemma="z'n" pos="X">z'n</wf>
         <wf lemma="vader" pos="X">vader</wf>
         <wf lemma="." pos="X">.</wf>
      </sentence>
      <sentence id="d000.s3059" source="wordnet-dutch">
         <wf lemma="ze" pos="X">ze</wf>
         <wf lemma="gaven" pos="X">gaven</wf>
         <wf lemma="toe" pos="X">toe</wf>
         <wf lemma="dat" pos="X">dat</wf>
         <wf lemma="ze" pos="X">ze</wf>
         <wf lemma="een" pos="X">een</wf>
         <instance id="d000.s3059.t000" lemma="verhouding" pos="NOUN">verhouding</instance>
         <wf lemma="hadden" pos="X">hadden</wf>
         <wf lemma="met" pos="X">met</wf>
         <wf lemma="elkaar" pos="X">elkaar</wf>
         <wf lemma="." pos="X">.</wf>
      </sentence>
      <sentence id="d000.s3060" source="wordnet-dutch">
         <wf lemma="mannelijk" pos="X">mannelijk</wf>
         <instance id="d000.s3060.t000" lemma="geil" pos="NOUN">geil</instance>
         <wf lemma="." pos="X">.</wf>
      </sentence>
      <sentence id="d000.s3061" source="wordnet-dutch">
         <wf lemma="een" pos="X">een</wf>
         <wf lemma="angstig" pos="X">angstig</wf>
         <instance id="d000.s3061.t000" lemma="voorgevoel" pos="NOUN">voorgevoel</instance>
         <wf lemma="bekruipt" pos="X">bekruipt</wf>
         <wf lemma="mij" pos="X">mij</wf>
         <wf lemma="." pos="X">.</wf>
      </sentence>
      <sentence id="d000.s3062" source="wordnet-dutch">
         <wf lemma="die" pos="X">die</wf>
         <wf lemma="soep" pos="X">soep</wf>
         <instance id="d000.s3062.t000" lemma="smaken" pos="VERB">smaakt</instance>
         <wf lemma="naar" pos="X">naar</wf>
         <wf lemma="meer" pos="X">meer</wf>
         <wf lemma="." pos="X">.</wf>
      </sentence>
      <sentence id="d000.s3063" source="wordnet-dutch">
         <wf lemma="in" pos="X">in</wf>
         <wf lemma="de" pos="X">de</wf>
         <instance id="d000.s3063.t000" lemma="bouwnijverheid" pos="NOUN">bouwnijverheid</instance>
         <wf lemma="daalde" pos="X">daalde</wf>
         <wf lemma="het" pos="X">het</wf>
         <wf lemma="aantal" pos="X">aantal</wf>
         <wf lemma="met" pos="X">met</wf>
         <wf lemma="18" pos="X">18</wf>
         <wf lemma="tot" pos="X">tot</wf>
         <wf lemma="78" pos="X">78</wf>
         <wf lemma="personen" pos="X">personen</wf>
         <wf lemma="." pos="X">.</wf>
      </sentence>
      <sentence id="d000.s3064" source="wordnet-dutch">
         <wf lemma="in" pos="X">in</wf>
         <instance id="d000.s3064.t000" lemma="leven" pos="NOUN">leven</instance>
         <wf lemma="," pos="X">,</wf>
         <wf lemma="burgemeester" pos="X">burgemeester</wf>
         <wf lemma="van" pos="X">van</wf>
         <wf lemma="Brussel" pos="X">Brussel</wf>
         <wf lemma="." pos="X">.</wf>
      </sentence>
      <sentence id="d000.s3065" source="wordnet-dutch">
         <wf lemma="De" pos="X">De</wf>
         <instance id="d000.s3065.t000" lemma="boog" pos="NOUN">bogen</instance>
         <wf lemma="in" pos="X">in</wf>
         <wf lemma="de" pos="X">de</wf>
         <wf lemma="kerk" pos="X">kerk</wf>
         <wf lemma="doen" pos="X">doen</wf>
         <wf lemma="gothisch" pos="X">gothisch</wf>
         <wf lemma="aan" pos="X">aan</wf>
         <wf lemma="." pos="X">.</wf>
      </sentence>
      <sentence id="d000.s3066" source="wordnet-dutch">
         <wf lemma="zij" pos="X">zij</wf>
         <wf lemma="maakt" pos="X">maakt</wf>
         <wf lemma="elke" pos="X">elke</wf>
         <wf lemma="twee" pos="X">twee</wf>
         <wf lemma="jaar" pos="X">jaar</wf>
         <wf lemma="een" pos="X">een</wf>
         <instance id="d000.s3066.t000" lemma="voetreis" pos="NOUN">voetreis</instance>
         <wf lemma="naar" pos="X">naar</wf>
         <wf lemma="Spanje" pos="X">Spanje</wf>
         <wf lemma="." pos="X">.</wf>
      </sentence>
      <sentence id="d000.s3067" source="wordnet-dutch">
         <instance id="d000.s3067.t000" lemma="medium" pos="NOUN">medium</instance>
         <wf lemma="om" pos="X">om</wf>
         <wf lemma="de" pos="X">de</wf>
         <wf lemma="verf" pos="X">verf</wf>
         <wf lemma="aan" pos="X">aan</wf>
         <wf lemma="te" pos="X">te</wf>
         <wf lemma="brengen" pos="X">brengen</wf>
         <wf lemma="." pos="X">.</wf>
      </sentence>
      <sentence id="d000.s3068" source="wordnet-dutch">
         <wf lemma="De" pos="X">De</wf>
         <instance id="d000.s3068.t000" lemma="weerstand" pos="NOUN">weerstand</instance>
         <wf lemma="van" pos="X">van</wf>
         <wf lemma="deze" pos="X">deze</wf>
         <wf lemma="stof" pos="X">stof</wf>
         <wf lemma="is" pos="X">is</wf>
         <wf lemma="veel" pos="X">veel</wf>
         <wf lemma="groter" pos="X">groter</wf>
         <wf lemma="dan" pos="X">dan</wf>
         <wf lemma="plastic" pos="X">plastic</wf>
         <wf lemma="." pos="X">.</wf>
      </sentence>
      <sentence id="d000.s3069" source="wordnet-dutch">
         <wf lemma="een" pos="X">een</wf>
         <wf lemma="paartje" pos="X">paartje</wf>
         <wf lemma="kerkuilen" pos="X">kerkuilen</wf>
         <wf lemma="zat" pos="X">zat</wf>
         <wf lemma="te" pos="X">te</wf>
         <instance id="d000.s3069.t000" lemma="broeden" pos="VERB">broeden</instance>
         <wf lemma="in" pos="X">in</wf>
         <wf lemma="een" pos="X">een</wf>
         <wf lemma="uilenkast" pos="X">uilenkast</wf>
         <wf lemma="op" pos="X">op</wf>
         <wf lemma="zijn" pos="X">zijn</wf>
         <wf lemma="boerderij" pos="X">boerderij</wf>
         <wf lemma="." pos="X">.</wf>
      </sentence>
      <sentence id="d000.s3070" source="wordnet-dutch">
         <wf lemma="bij" pos="X">bij</wf>
         <wf lemma="het" pos="X">het</wf>
         <wf lemma="skiën" pos="X">skiën</wf>
         <instance id="d000.s3070.t000" lemma="breken" pos="VERB">brak</instance>
         <wf lemma="hij" pos="X">hij</wf>
         <wf lemma="een" pos="X">een</wf>
         <wf lemma="been" pos="X">been</wf>
         <wf lemma="." pos="X">.</wf>
      </sentence>
      <sentence id="d000.s3071" source="wordnet-dutch">
         <wf lemma="zijn" pos="X">zijn</wf>
         <wf lemma="optimisme" pos="X">optimisme</wf>
         <wf lemma="veranderde" pos="X">veranderde</wf>
         <wf lemma="gedurende" pos="X">gedurende</wf>
         <wf lemma="de" pos="X">de</wf>
         <wf lemma="avond" pos="X">avond</wf>
         <wf lemma="in" pos="X">in</wf>
         <wf lemma="bittere" pos="X">bittere</wf>
         <instance id="d000.s3071.t000" lemma="teleurstelling" pos="NOUN">teleurstelling</instance>
         <wf lemma="." pos="X">.</wf>
      </sentence>
      <sentence id="d000.s3072" source="wordnet-dutch">
         <wf lemma="zijn" pos="X">zijn</wf>
         <wf lemma="grootvader" pos="X">grootvader</wf>
         <wf lemma="is" pos="X">is</wf>
         <wf lemma="hem" pos="X">hem</wf>
         <wf lemma="vorige" pos="X">vorige</wf>
         <wf lemma="week" pos="X">week</wf>
         <instance id="d000.s3072.t000" lemma="ontvallen" pos="VERB">ontvallen</instance>
         <wf lemma="." pos="X">.</wf>
      </sentence>
      <sentence id="d000.s3073" source="wordnet-dutch">
         <wf lemma="mijn" pos="X">mijn</wf>
         <wf lemma="auto" pos="X">auto</wf>
         <wf lemma="vertoont" pos="X">vertoont</wf>
         <instance id="d000.s3073.t000" lemma="kuren" pos="NOUN">kuren</instance>
         <wf lemma=";" pos="X">;</wf>
         <wf lemma="hij" pos="X">hij</wf>
         <wf lemma="wil" pos="X">wil</wf>
         <wf lemma="niet" pos="X">niet</wf>
         <wf lemma="starten" pos="X">starten</wf>
         <wf lemma="." pos="X">.</wf>
      </sentence>
      <sentence id="d000.s3074" source="wordnet-dutch">
         <wf lemma="ze" pos="X">ze</wf>
         <wf lemma="stond" pos="X">stond</wf>
         <wf lemma="in" pos="X">in</wf>
         <wf lemma="de" pos="X">de</wf>
         <wf lemma="keuken" pos="X">keuken</wf>
         <wf lemma="vlees" pos="X">vlees</wf>
         <wf lemma="te" pos="X">te</wf>
         <instance id="d000.s3074.t000" lemma="bakken" pos="VERB">bakken</instance>
         <wf lemma="voor" pos="X">voor</wf>
         <wf lemma="het" pos="X">het</wf>
         <wf lemma="middagmaal" pos="X">middagmaal</wf>
         <wf lemma="." pos="X">.</wf>
      </sentence>
      <sentence id="d000.s3075" source="wordnet-dutch">
         <wf lemma="hij" pos="X">hij</wf>
         <wf lemma="wist" pos="X">wist</wf>
         <wf lemma="dat" pos="X">dat</wf>
         <wf lemma="hij" pos="X">hij</wf>
         <wf lemma="in" pos="X">in</wf>
         <wf lemma="zo'n" pos="X">zo'n</wf>
         <wf lemma="situaties" pos="X">situaties</wf>
         <wf lemma="altijd" pos="X">altijd</wf>
         <wf lemma="op" pos="X">op</wf>
         <wf lemma="zijn" pos="X">zijn</wf>
         <wf lemma="vrienden" pos="X">vrienden</wf>
         <wf lemma="kon" pos="X">kon</wf>
         <instance id="d000.s3075.t000" lemma="terugvallen" pos="VERB">terugvallen</instance>
         <wf lemma="." pos="X">.</wf>
      </sentence>
      <sentence id="d000.s3076" source="wordnet-dutch">
         <wf lemma="ik" pos="X">ik</wf>
         <wf lemma="moet" pos="X">moet</wf>
         <wf lemma="nog" pos="X">nog</wf>
         <wf lemma="even" pos="X">even</wf>
         <instance id="d000.s3076.t000" lemma="checken" pos="VERB">checken</instance>
         <wf lemma="of" pos="X">of</wf>
         <wf lemma="ik" pos="X">ik</wf>
         <wf lemma="alle" pos="X">alle</wf>
         <wf lemma="deuren" pos="X">deuren</wf>
         <wf lemma="gesloten" pos="X">gesloten</wf>
         <wf lemma="heb" pos="X">heb</wf>
         <wf lemma="." pos="X">.</wf>
      </sentence>
      <sentence id="d000.s3077" source="wordnet-dutch">
         <wf lemma="het" pos="X">het</wf>
         <instance id="d000.s3077.t000" lemma="regenen" pos="VERB">regende</instance>
         <wf lemma="klachten" pos="X">klachten</wf>
         <wf lemma="na" pos="X">na</wf>
         <wf lemma="afloop" pos="X">afloop</wf>
         <wf lemma="van" pos="X">van</wf>
         <wf lemma="het" pos="X">het</wf>
         <wf lemma="programma" pos="X">programma</wf>
         <wf lemma="." pos="X">.</wf>
      </sentence>
      <sentence id="d000.s3078" source="wordnet-dutch">
         <wf lemma="bij" pos="X">bij</wf>
         <wf lemma="vloed" pos="X">vloed</wf>
         <instance id="d000.s3078.t000" lemma="keren" pos="VERB">keren</instance>
         <wf lemma="de" pos="X">de</wf>
         <wf lemma="sluizen" pos="X">sluizen</wf>
         <wf lemma="het" pos="X">het</wf>
         <wf lemma="water" pos="X">water</wf>
         <wf lemma="van" pos="X">van</wf>
         <wf lemma="de" pos="X">de</wf>
         <wf lemma="Waddenzee" pos="X">Waddenzee</wf>
         <wf lemma="." pos="X">.</wf>
      </sentence>
      <sentence id="d000.s3079" source="wordnet-dutch">
         <wf lemma="zij" pos="X">zij</wf>
         <wf lemma="weet" pos="X">weet</wf>
         <wf lemma="haar" pos="X">haar</wf>
         <instance id="d000.s3079.t000" lemma="charme" pos="NOUN">charmes</instance>
         <wf lemma="uit" pos="X">uit</wf>
         <wf lemma="te" pos="X">te</wf>
         <wf lemma="buiten" pos="X">buiten</wf>
         <wf lemma="." pos="X">.</wf>
      </sentence>
      <sentence id="d000.s3080" source="wordnet-dutch">
         <wf lemma="ik" pos="X">ik</wf>
         <wf lemma="had" pos="X">had</wf>
         <wf lemma="me" pos="X">me</wf>
         <wf lemma="al" pos="X">al</wf>
         <wf lemma="helemaal" pos="X">helemaal</wf>
         <wf lemma="op" pos="X">op</wf>
         <wf lemma="dat" pos="X">dat</wf>
         <wf lemma="feestje" pos="X">feestje</wf>
         <wf lemma="van" pos="X">van</wf>
         <wf lemma="vanavond" pos="X">vanavond</wf>
         <instance id="d000.s3080.t000" lemma="instellen" pos="VERB">ingesteld</instance>
         <wf lemma="." pos="X">.</wf>
      </sentence>
      <sentence id="d000.s3081" source="wordnet-dutch">
         <wf lemma="hij" pos="X">hij</wf>
         <wf lemma="hield" pos="X">hield</wf>
         <wf lemma="hem" pos="X">hem</wf>
         <wf lemma="in" pos="X">in</wf>
         <wf lemma="een" pos="X">een</wf>
         <instance id="d000.s3081.t000" lemma="wurgen" pos="VERB">wurgende</instance>
         <wf lemma="greep" pos="X">greep</wf>
         <wf lemma="gevangen" pos="X">gevangen</wf>
         <wf lemma="." pos="X">.</wf>
      </sentence>
      <sentence id="d000.s3082" source="wordnet-dutch">
         <wf lemma="oom" pos="X">oom</wf>
         <wf lemma="Karel" pos="X">Karel</wf>
         <wf lemma="zit" pos="X">zit</wf>
         <wf lemma="hele" pos="X">hele</wf>
         <wf lemma="dagen" pos="X">dagen</wf>
         <wf lemma="aan" pos="X">aan</wf>
         <wf lemma="de" pos="X">de</wf>
         <wf lemma="plas" pos="X">plas</wf>
         <wf lemma="te" pos="X">te</wf>
         <instance id="d000.s3082.t000" lemma="vissen" pos="VERB">vissen</instance>
         <wf lemma="." pos="X">.</wf>
      </sentence>
      <sentence id="d000.s3083" source="wordnet-dutch">
         <wf lemma="de" pos="X">de</wf>
         <wf lemma="storm" pos="X">storm</wf>
         <wf lemma="nam" pos="X">nam</wf>
         <wf lemma="nog" pos="X">nog</wf>
         <wf lemma="in" pos="X">in</wf>
         <instance id="d000.s3083.t000" lemma="hevigheid" pos="NOUN">hevigheid</instance>
         <wf lemma="toe" pos="X">toe</wf>
         <wf lemma="." pos="X">.</wf>
      </sentence>
      <sentence id="d000.s3084" source="wordnet-dutch">
         <wf lemma="het" pos="X">het</wf>
         <wf lemma="kind" pos="X">kind</wf>
         <instance id="d000.s3084.t000" lemma="rafelen" pos="VERB">rafelde</instance>
         <wf lemma="de" pos="X">de</wf>
         <wf lemma="stof." pos="X">stof.</wf>
      </sentence>
      <sentence id="d000.s3085" source="wordnet-dutch">
         <wf lemma="Greenpeace" pos="X">Greenpeace</wf>
         <wf lemma="start" pos="X">start</wf>
         <wf lemma="een" pos="X">een</wf>
         <instance id="d000.s3085.t000" lemma="campagne" pos="NOUN">campagne</instance>
         <wf lemma="tegen" pos="X">tegen</wf>
         <wf lemma="de" pos="X">de</wf>
         <wf lemma="walvisvaart" pos="X">walvisvaart</wf>
         <wf lemma="." pos="X">.</wf>
      </sentence>
      <sentence id="d000.s3086" source="wordnet-dutch">
         <wf lemma="om" pos="X">om</wf>
         <wf lemma="tien" pos="X">tien</wf>
         <wf lemma="uur" pos="X">uur</wf>
         <instance id="d000.s3086.t000" lemma="luiden" pos="VERB">luidt</instance>
         <wf lemma="men" pos="X">men</wf>
         <wf lemma="de" pos="X">de</wf>
         <wf lemma="klokken" pos="X">klokken</wf>
         <wf lemma="." pos="X">.</wf>
      </sentence>
      <sentence id="d000.s3087" source="wordnet-dutch">
         <wf lemma="die" pos="X">die</wf>
         <wf lemma="opmerking" pos="X">opmerking</wf>
         <wf lemma="getuigt" pos="X">getuigt</wf>
         <wf lemma="van" pos="X">van</wf>
         <instance id="d000.s3087.t000" lemma="scherpzinnigheid" pos="NOUN">scherpzinnigheid</instance>
         <wf lemma="." pos="X">.</wf>
      </sentence>
      <sentence id="d000.s3088" source="wordnet-dutch">
         <wf lemma="de" pos="X">de</wf>
         <wf lemma="handelsbalans" pos="X">handelsbalans</wf>
         <wf lemma="en" pos="X">en</wf>
         <wf lemma="het" pos="X">het</wf>
         <wf lemma="aardgas" pos="X">aardgas</wf>
         <wf lemma="zijn" pos="X">zijn</wf>
         <wf lemma="de" pos="X">de</wf>
         <wf lemma="vitale" pos="X">vitale</wf>
         <wf lemma="segmenten" pos="X">segmenten</wf>
         <wf lemma="van" pos="X">van</wf>
         <wf lemma="de" pos="X">de</wf>
         <wf lemma="Nederlandse" pos="X">Nederlandse</wf>
         <instance id="d000.s3088.t000" lemma="economie" pos="NOUN">economie</instance>
         <wf lemma="." pos="X">.</wf>
      </sentence>
      <sentence id="d000.s3089" source="wordnet-dutch">
         <wf lemma="je" pos="X">je</wf>
         <wf lemma="moet" pos="X">moet</wf>
         <wf lemma="aan" pos="X">aan</wf>
         <wf lemma="het" pos="X">het</wf>
         <wf lemma="eind" pos="X">eind</wf>
         <wf lemma="van" pos="X">van</wf>
         <wf lemma="de" pos="X">de</wf>
         <wf lemma="zin" pos="X">zin</wf>
         <wf lemma="nog" pos="X">nog</wf>
         <wf lemma="een" pos="X">een</wf>
         <instance id="d000.s3089.t000" lemma="punt" pos="NOUN">punt</instance>
         <wf lemma="zetten" pos="X">zetten</wf>
         <wf lemma="." pos="X">.</wf>
      </sentence>
      <sentence id="d000.s3090" source="wordnet-dutch">
         <wf lemma="de" pos="X">de</wf>
         <wf lemma="oude" pos="X">oude</wf>
         <wf lemma="baas" pos="X">baas</wf>
         <wf lemma="beoefent" pos="X">beoefent</wf>
         <wf lemma="nog" pos="X">nog</wf>
         <wf lemma="steeds" pos="X">steeds</wf>
         <wf lemma="het" pos="X">het</wf>
         <instance id="d000.s3090.t000" lemma="schaakspel" pos="NOUN">schaakspel</instance>
         <wf lemma="." pos="X">.</wf>
      </sentence>
      <sentence id="d000.s3091" source="wordnet-dutch">
         <wf lemma="hij" pos="X">hij</wf>
         <wf lemma="is" pos="X">is</wf>
         <instance id="d000.s3091.t000" lemma="opgroeien" pos="VERB">opgegroeid</instance>
         <wf lemma="in" pos="X">in</wf>
         <wf lemma="een" pos="X">een</wf>
         <wf lemma="arme" pos="X">arme</wf>
         <wf lemma="voorstad" pos="X">voorstad</wf>
         <wf lemma="van" pos="X">van</wf>
         <wf lemma="Londen" pos="X">Londen</wf>
         <wf lemma="." pos="X">.</wf>
      </sentence>
      <sentence id="d000.s3092" source="wordnet-dutch">
         <wf lemma="de" pos="X">de</wf>
         <wf lemma="ploeg" pos="X">ploeg</wf>
         <wf lemma="heeft" pos="X">heeft</wf>
         <wf lemma="vandaag" pos="X">vandaag</wf>
         <wf lemma="een" pos="X">een</wf>
         <wf lemma="regelrechte" pos="X">regelrechte</wf>
         <instance id="d000.s3092.t000" lemma="wanprestatie" pos="NOUN">wanprestatie</instance>
         <wf lemma="geleverd/neergezet" pos="X">geleverd/neergezet</wf>
         <wf lemma="." pos="X">.</wf>
      </sentence>
      <sentence id="d000.s3093" source="wordnet-dutch">
         <wf lemma="de" pos="X">de</wf>
         <wf lemma="hoge" pos="X">hoge</wf>
         <instance id="d000.s3093.t000" lemma="piet" pos="NOUN">pieten</instance>
         <wf lemma="in" pos="X">in</wf>
         <wf lemma="Den" pos="X">Den</wf>
         <wf lemma="Haag" pos="X">Haag</wf>
         <wf lemma="." pos="X">.</wf>
      </sentence>
      <sentence id="d000.s3094" source="wordnet-dutch">
         <wf lemma="omdat" pos="X">omdat</wf>
         <wf lemma="het" pos="X">het</wf>
         <wf lemma="de" pos="X">de</wf>
         <wf lemma="laatste" pos="X">laatste</wf>
         <instance id="d000.s3094.t000" lemma="schooldag" pos="NOUN">schooldag</instance>
         <wf lemma="voor" pos="X">voor</wf>
         <wf lemma="de" pos="X">de</wf>
         <wf lemma="vakantie" pos="X">vakantie</wf>
         <wf lemma="was" pos="X">was</wf>
         <wf lemma="," pos="X">,</wf>
         <wf lemma="mochten" pos="X">mochten</wf>
         <wf lemma="we" pos="X">we</wf>
         <wf lemma="eerder" pos="X">eerder</wf>
         <wf lemma="naar" pos="X">naar</wf>
         <wf lemma="huis" pos="X">huis</wf>
         <wf lemma="." pos="X">.</wf>
      </sentence>
      <sentence id="d000.s3095" source="wordnet-dutch">
         <wf lemma="de" pos="X">de</wf>
         <wf lemma="ambtenaar" pos="X">ambtenaar</wf>
         <wf lemma="zal" pos="X">zal</wf>
         <wf lemma="het" pos="X">het</wf>
         <wf lemma="bruidspaar" pos="X">bruidspaar</wf>
         <wf lemma="vanmiddag" pos="X">vanmiddag</wf>
         <wf lemma="in" pos="X">in</wf>
         <wf lemma="de" pos="X">de</wf>
         <instance id="d000.s3095.t000" lemma="echt" pos="NOUN">echt</instance>
         <wf lemma="verbinden" pos="X">verbinden</wf>
         <wf lemma="." pos="X">.</wf>
      </sentence>
      <sentence id="d000.s3096" source="wordnet-dutch">
         <wf lemma="alle" pos="X">alle</wf>
         <wf lemma="reizigers" pos="X">reizigers</wf>
         <wf lemma="worden" pos="X">worden</wf>
         <wf lemma="grondig" pos="X">grondig</wf>
         <instance id="d000.s3096.t000" lemma="fouilleren" pos="VERB">gefouilleerd</instance>
         <wf lemma="voor" pos="X">voor</wf>
         <wf lemma="ze" pos="X">ze</wf>
         <wf lemma="het" pos="X">het</wf>
         <wf lemma="vliegtuig" pos="X">vliegtuig</wf>
         <wf lemma="in" pos="X">in</wf>
         <wf lemma="mogen" pos="X">mogen</wf>
         <wf lemma="." pos="X">.</wf>
      </sentence>
      <sentence id="d000.s3097" source="wordnet-dutch">
         <wf lemma="de" pos="X">de</wf>
         <wf lemma="meeste" pos="X">meeste</wf>
         <wf lemma="mensen" pos="X">mensen</wf>
         <wf lemma="ontkennen" pos="X">ontkennen</wf>
         <wf lemma="dat" pos="X">dat</wf>
         <wf lemma="ze" pos="X">ze</wf>
         <instance id="d000.s3097.t000" lemma="vooroordeel" pos="NOUN">vooroordelen</instance>
         <wf lemma="over" pos="X">over</wf>
         <wf lemma="buitenlanders" pos="X">buitenlanders</wf>
         <wf lemma="hebben" pos="X">hebben</wf>
         <wf lemma="." pos="X">.</wf>
      </sentence>
      <sentence id="d000.s3098" source="wordnet-dutch">
         <wf lemma="de" pos="X">de</wf>
         <wf lemma="terroristen" pos="X">terroristen</wf>
         <wf lemma="brachten" pos="X">brachten</wf>
         <wf lemma="een" pos="X">een</wf>
         <wf lemma="enorme" pos="X">enorme</wf>
         <wf lemma="lading" pos="X">lading</wf>
         <instance id="d000.s3098.t000" lemma="springstof" pos="NOUN">springstof</instance>
         <wf lemma="tot" pos="X">tot</wf>
         <wf lemma="ontploffing" pos="X">ontploffing</wf>
         <wf lemma="." pos="X">.</wf>
      </sentence>
      <sentence id="d000.s3099" source="wordnet-dutch">
         <wf lemma="vandaag" pos="X">vandaag</wf>
         <wf lemma="staat" pos="X">staat</wf>
         <wf lemma="er" pos="X">er</wf>
         <wf lemma="zuurkool" pos="X">zuurkool</wf>
         <wf lemma="met" pos="X">met</wf>
         <wf lemma="spek" pos="X">spek</wf>
         <wf lemma="op" pos="X">op</wf>
         <wf lemma="het" pos="X">het</wf>
         <instance id="d000.s3099.t000" lemma="menu" pos="NOUN">menu</instance>
         <wf lemma="." pos="X">.</wf>
      </sentence>
      <sentence id="d000.s3100" source="wordnet-dutch">
         <wf lemma="het" pos="X">het</wf>
         <wf lemma="nummer" pos="X">nummer</wf>
         <wf lemma="'" pos="X">'</wf>
         <wf lemma="Yesterday" pos="X">Yesterday</wf>
         <wf lemma="'" pos="X">'</wf>
         <wf lemma="is" pos="X">is</wf>
         <wf lemma="een" pos="X">een</wf>
         <wf lemma="echte" pos="X">echte</wf>
         <instance id="d000.s3100.t000" lemma="klassieker" pos="NOUN">klassieker</instance>
         <wf lemma="." pos="X">.</wf>
      </sentence>
      <sentence id="d000.s3101" source="wordnet-dutch">
         <wf lemma="het" pos="X">het</wf>
         <wf lemma="schip" pos="X">schip</wf>
         <wf lemma="ligt" pos="X">ligt</wf>
         <wf lemma="op" pos="X">op</wf>
         <wf lemma="de" pos="X">de</wf>
         <instance id="d000.s3101.t000" lemma="rede" pos="NOUN">rede</instance>
         <wf lemma="." pos="X">.</wf>
      </sentence>
      <sentence id="d000.s3102" source="wordnet-dutch">
         <wf lemma="hij" pos="X">hij</wf>
         <wf lemma="kan" pos="X">kan</wf>
         <wf lemma="met" pos="X">met</wf>
         <wf lemma="weinig" pos="X">weinig</wf>
         <wf lemma="ingrediënten" pos="X">ingrediënten</wf>
         <wf lemma="een" pos="X">een</wf>
         <wf lemma="feestelijk" pos="X">feestelijk</wf>
         <wf lemma="maal" pos="X">maal</wf>
         <instance id="d000.s3102.t000" lemma="componeren" pos="VERB">componeren</instance>
         <wf lemma="." pos="X">.</wf>
      </sentence>
      <sentence id="d000.s3103" source="wordnet-dutch">
         <wf lemma="voor" pos="X">voor</wf>
         <wf lemma="morgen" pos="X">morgen</wf>
         <wf lemma="moeten" pos="X">moeten</wf>
         <wf lemma="jullie" pos="X">jullie</wf>
         <wf lemma="blz." pos="X">blz.</wf>
         <wf lemma="1" pos="X">1</wf>
         <wf lemma="tot" pos="X">tot</wf>
         <wf lemma="20" pos="X">20</wf>
         <wf lemma="lezen" pos="X">lezen</wf>
         <wf lemma="in" pos="X">in</wf>
         <wf lemma="de" pos="X">de</wf>
         <instance id="d000.s3103.t000" lemma="syllabus" pos="NOUN">syllabus</instance>
         <wf lemma="." pos="X">.</wf>
      </sentence>
      <sentence id="d000.s3104" source="wordnet-dutch">
         <wf lemma="de" pos="X">de</wf>
         <wf lemma="glazen" pos="X">glazen</wf>
         <wf lemma="staan" pos="X">staan</wf>
         <wf lemma="allemaal" pos="X">allemaal</wf>
         <wf lemma="op" pos="X">op</wf>
         <wf lemma="rode" pos="X">rode</wf>
         <instance id="d000.s3104.t000" lemma="onderzetter" pos="NOUN">onderzettertjes</instance>
         <wf lemma="." pos="X">.</wf>
      </sentence>
      <sentence id="d000.s3105" source="wordnet-dutch">
         <wf lemma="toen" pos="X">toen</wf>
         <wf lemma="die" pos="X">die</wf>
         <wf lemma="dronkaard" pos="X">dronkaard</wf>
         <wf lemma="iedereen" pos="X">iedereen</wf>
         <wf lemma="begon" pos="X">begon</wf>
         <wf lemma="lastig" pos="X">lastig</wf>
         <wf lemma="te" pos="X">te</wf>
         <wf lemma="vallen" pos="X">vallen</wf>
         <wf lemma="heb" pos="X">heb</wf>
         <wf lemma="ik" pos="X">ik</wf>
         <wf lemma="hem" pos="X">hem</wf>
         <wf lemma="eruit" pos="X">eruit</wf>
         <instance id="d000.s3105.t000" lemma="kegelen" pos="VERB">gekegeld</instance>
         <wf lemma="." pos="X">.</wf>
      </sentence>
      <sentence id="d000.s3106" source="wordnet-dutch">
         <wf lemma="volgens" pos="X">volgens</wf>
         <wf lemma="de" pos="X">de</wf>
         <wf lemma="verdachte" pos="X">verdachte</wf>
         <wf lemma="moest" pos="X">moest</wf>
         <wf lemma="er" pos="X">er</wf>
         <wf lemma="bloed" pos="X">bloed</wf>
         <wf lemma="vloeien" pos="X">vloeien</wf>
         <wf lemma="om" pos="X">om</wf>
         <wf lemma="de" pos="X">de</wf>
         <instance id="d000.s3106.t000" lemma="eer" pos="NOUN">eer</instance>
         <wf lemma="van" pos="X">van</wf>
         <wf lemma="de" pos="X">de</wf>
         <wf lemma="familie" pos="X">familie</wf>
         <wf lemma="te" pos="X">te</wf>
         <wf lemma="redden" pos="X">redden</wf>
         <wf lemma="." pos="X">.</wf>
      </sentence>
      <sentence id="d000.s3107" source="wordnet-dutch">
         <wf lemma="ze" pos="X">ze</wf>
         <wf lemma="viel" pos="X">viel</wf>
         <wf lemma="achterover" pos="X">achterover</wf>
         <wf lemma="de" pos="X">de</wf>
         <wf lemma="vijver" pos="X">vijver</wf>
         <wf lemma="in" pos="X">in</wf>
         <wf lemma="," pos="X">,</wf>
         <wf lemma="tot" pos="X">tot</wf>
         <wf lemma="grote" pos="X">grote</wf>
         <instance id="d000.s3107.t000" lemma="hilariteit" pos="NOUN">hilariteit</instance>
         <wf lemma="van" pos="X">van</wf>
         <wf lemma="de" pos="X">de</wf>
         <wf lemma="omstanders" pos="X">omstanders</wf>
         <wf lemma="." pos="X">.</wf>
      </sentence>
      <sentence id="d000.s3108" source="wordnet-dutch">
         <wf lemma="op" pos="X">op</wf>
         <wf lemma="deze" pos="X">deze</wf>
         <wf lemma="fase" pos="X">fase</wf>
         <wf lemma="in" pos="X">in</wf>
         <wf lemma="het" pos="X">het</wf>
         <wf lemma="project" pos="X">project</wf>
         <instance id="d000.s3108.t000" lemma="volgen" pos="VERB">volgt</instance>
         <wf lemma="de" pos="X">de</wf>
         <wf lemma="afrondingsfase" pos="X">afrondingsfase</wf>
         <wf lemma="." pos="X">.</wf>
      </sentence>
      <sentence id="d000.s3109" source="wordnet-dutch">
         <wf lemma="de" pos="X">de</wf>
         <instance id="d000.s3109.t000" lemma="hond" pos="NOUN">hond</instance>
         <wf lemma="van" pos="X">van</wf>
         <wf lemma="de" pos="X">de</wf>
         <wf lemma="buren" pos="X">buren</wf>
         <wf lemma="blaft" pos="X">blaft</wf>
         <wf lemma="de" pos="X">de</wf>
         <wf lemma="hele" pos="X">hele</wf>
         <wf lemma="dag" pos="X">dag</wf>
         <wf lemma="." pos="X">.</wf>
      </sentence>
      <sentence id="d000.s3110" source="wordnet-dutch">
         <wf lemma="met" pos="X">met</wf>
         <wf lemma="rubberen" pos="X">rubberen</wf>
         <wf lemma="dempers" pos="X">dempers</wf>
         <wf lemma="worden" pos="X">worden</wf>
         <wf lemma="de" pos="X">de</wf>
         <instance id="d000.s3110.t000" lemma="schok" pos="NOUN">schokken</instance>
         <wf lemma="opgevangen" pos="X">opgevangen</wf>
         <wf lemma="." pos="X">.</wf>
      </sentence>
      <sentence id="d000.s3111" source="wordnet-dutch">
         <wf lemma="zij" pos="X">zij</wf>
         <wf lemma="kon" pos="X">kon</wf>
         <wf lemma="geen" pos="X">geen</wf>
         <instance id="d000.s3111.t000" lemma="weerstand" pos="NOUN">weerstand</instance>
         <wf lemma="bieden" pos="X">bieden</wf>
         <wf lemma="tegen" pos="X">tegen</wf>
         <wf lemma="zijn" pos="X">zijn</wf>
         <wf lemma="verleidelijke" pos="X">verleidelijke</wf>
         <wf lemma="glimlach" pos="X">glimlach</wf>
         <wf lemma="." pos="X">.</wf>
      </sentence>
      <sentence id="d000.s3112" source="wordnet-dutch">
         <wf lemma="deze" pos="X">deze</wf>
         <wf lemma="mensen" pos="X">mensen</wf>
         <wf lemma="hebben" pos="X">hebben</wf>
         <wf lemma="zich" pos="X">zich</wf>
         <instance id="d000.s3112.t000" lemma="opofferen" pos="VERB">opgeofferd</instance>
         <wf lemma="voor" pos="X">voor</wf>
         <wf lemma="vrijheid" pos="X">vrijheid</wf>
         <wf lemma="." pos="X">.</wf>
      </sentence>
      <sentence id="d000.s3113" source="wordnet-dutch">
         <wf lemma="het" pos="X">het</wf>
         <wf lemma="kabinet" pos="X">kabinet</wf>
         <instance id="d000.s3113.t000" lemma="omarmen" pos="VERB">omarmde</instance>
         <wf lemma="het" pos="X">het</wf>
         <wf lemma="voorstel/rapport/plan/initiatief" pos="X">voorstel/rapport/plan/initiatief</wf>
         <wf lemma="van" pos="X">van</wf>
         <wf lemma="de" pos="X">de</wf>
         <wf lemma="minister" pos="X">minister</wf>
         <wf lemma="." pos="X">.</wf>
      </sentence>
      <sentence id="d000.s3114" source="wordnet-dutch">
         <wf lemma="de" pos="X">de</wf>
         <wf lemma="trekschuit" pos="X">trekschuit</wf>
         <wf lemma="is" pos="X">is</wf>
         <wf lemma="een" pos="X">een</wf>
         <wf lemma="achterhaald" pos="X">achterhaald</wf>
         <instance id="d000.s3114.t000" lemma="concept" pos="NOUN">concept</instance>
         <wf lemma="." pos="X">.</wf>
      </sentence>
      <sentence id="d000.s3115" source="wordnet-dutch">
         <wf lemma="voor" pos="X">voor</wf>
         <wf lemma="het" pos="X">het</wf>
         <wf lemma="pleinfeest" pos="X">pleinfeest</wf>
         <wf lemma="is" pos="X">is</wf>
         <wf lemma="een" pos="X">een</wf>
         <wf lemma="daverende" pos="X">daverende</wf>
         <wf lemma="attractie" pos="X">attractie</wf>
         <instance id="d000.s3115.t000" lemma="contracteren" pos="VERB">gecontracteerd</instance>
         <wf lemma="." pos="X">.</wf>
      </sentence>
      <sentence id="d000.s3116" source="wordnet-dutch">
         <wf lemma="de" pos="X">de</wf>
         <instance id="d000.s3116.t000" lemma="boodschap" pos="NOUN">boodschap</instance>
         <wf lemma="aan" pos="X">aan</wf>
         <wf lemma="de" pos="X">de</wf>
         <wf lemma="klant" pos="X">klant</wf>
         <wf lemma="is" pos="X">is</wf>
         <wf lemma="altijd" pos="X">altijd</wf>
         <wf lemma="goed" pos="X">goed</wf>
         <wf lemma="op" pos="X">op</wf>
         <wf lemma="de" pos="X">de</wf>
         <wf lemma="uiterste" pos="X">uiterste</wf>
         <wf lemma="verkoopdatum" pos="X">verkoopdatum</wf>
         <wf lemma="te" pos="X">te</wf>
         <wf lemma="letten" pos="X">letten</wf>
         <wf lemma="." pos="X">.</wf>
      </sentence>
      <sentence id="d000.s3117" source="wordnet-dutch">
         <wf lemma="niemand" pos="X">niemand</wf>
         <wf lemma="weet" pos="X">weet</wf>
         <wf lemma="waarom" pos="X">waarom</wf>
         <wf lemma="de" pos="X">de</wf>
         <wf lemma="dinosaurussen" pos="X">dinosaurussen</wf>
         <wf lemma="zijn" pos="X">zijn</wf>
         <instance id="d000.s3117.t000" lemma="uitsterven" pos="VERB">uitgestorven</instance>
         <wf lemma="." pos="X">.</wf>
      </sentence>
      <sentence id="d000.s3118" source="wordnet-dutch">
         <wf lemma="hij" pos="X">hij</wf>
         <instance id="d000.s3118.t000" lemma="verblijven" pos="VERB">verblijft</instance>
         <wf lemma="momenteel" pos="X">momenteel</wf>
         <wf lemma="in" pos="X">in</wf>
         <wf lemma="het" pos="X">het</wf>
         <wf lemma="buitenland" pos="X">buitenland</wf>
         <wf lemma="." pos="X">.</wf>
      </sentence>
      <sentence id="d000.s3119" source="wordnet-dutch">
         <wf lemma="in" pos="X">in</wf>
         <wf lemma="de" pos="X">de</wf>
         <instance id="d000.s3119.t000" lemma="cockpit" pos="NOUN">cockpit</instance>
         <wf lemma="zit" pos="X">zit</wf>
         <wf lemma="de" pos="X">de</wf>
         <wf lemma="piloot" pos="X">piloot</wf>
         <wf lemma="." pos="X">.</wf>
      </sentence>
      <sentence id="d000.s3120" source="wordnet-dutch">
         <wf lemma="de" pos="X">de</wf>
         <wf lemma="juf" pos="X">juf</wf>
         <wf lemma="was" pos="X">was</wf>
         <wf lemma="vandaag" pos="X">vandaag</wf>
         <wf lemma="in" pos="X">in</wf>
         <wf lemma="een" pos="X">een</wf>
         <wf lemma="slechte" pos="X">slechte</wf>
         <instance id="d000.s3120.t000" lemma="bui" pos="NOUN">bui</instance>
         <wf lemma="." pos="X">.</wf>
      </sentence>
      <sentence id="d000.s3121" source="wordnet-dutch">
         <wf lemma="de" pos="X">de</wf>
         <wf lemma="internationale" pos="X">internationale</wf>
         <wf lemma="gemeenschap" pos="X">gemeenschap</wf>
         <wf lemma="heeft" pos="X">heeft</wf>
         <wf lemma="de" pos="X">de</wf>
         <wf lemma="vrede" pos="X">vrede</wf>
         <wf lemma="met" pos="X">met</wf>
         <wf lemma="het" pos="X">het</wf>
         <wf lemma="buurland" pos="X">buurland</wf>
         <instance id="d000.s3121.t000" lemma="bewerkstelligen" pos="VERB">bewerkstelligd</instance>
         <wf lemma="." pos="X">.</wf>
      </sentence>
      <sentence id="d000.s3122" source="wordnet-dutch">
         <wf lemma="de" pos="X">de</wf>
         <wf lemma="socialisten" pos="X">socialisten</wf>
         <wf lemma="hebben" pos="X">hebben</wf>
         <wf lemma="bij" pos="X">bij</wf>
         <wf lemma="de" pos="X">de</wf>
         <instance id="d000.s3122.t000" lemma="parlementsverkiezing" pos="NOUN">parlementsverkiezingen</instance>
         <wf lemma="een" pos="X">een</wf>
         <wf lemma="ruime" pos="X">ruime</wf>
         <wf lemma="overwinning" pos="X">overwinning</wf>
         <wf lemma="behaald" pos="X">behaald</wf>
         <wf lemma="." pos="X">.</wf>
      </sentence>
      <sentence id="d000.s3123" source="wordnet-dutch">
         <wf lemma="door" pos="X">door</wf>
         <wf lemma="de" pos="X">de</wf>
         <wf lemma="pijn" pos="X">pijn</wf>
         <instance id="d000.s3123.t000" lemma="kronkelen" pos="VERB">kronkelde</instance>
         <wf lemma="ze" pos="X">ze</wf>
         <wf lemma="als" pos="X">als</wf>
         <wf lemma="een" pos="X">een</wf>
         <wf lemma="slang" pos="X">slang</wf>
         <wf lemma="." pos="X">.</wf>
      </sentence>
      <sentence id="d000.s3124" source="wordnet-dutch">
         <wf lemma="zijn" pos="X">zijn</wf>
         <wf lemma="houding" pos="X">houding</wf>
         <instance id="d000.s3124.t000" lemma="zeggen" pos="VERB">zegt</instance>
         <wf lemma="me" pos="X">me</wf>
         <wf lemma="dat" pos="X">dat</wf>
         <wf lemma="hij" pos="X">hij</wf>
         <wf lemma="boos" pos="X">boos</wf>
         <wf lemma="is" pos="X">is</wf>
         <wf lemma="." pos="X">.</wf>
      </sentence>
      <sentence id="d000.s3125" source="wordnet-dutch">
         <wf lemma="zij" pos="X">zij</wf>
         <wf lemma="bleef" pos="X">bleef</wf>
         <wf lemma="nog" pos="X">nog</wf>
         <wf lemma="even" pos="X">even</wf>
         <instance id="d000.s3125.t000" lemma="napraten" pos="VERB">napraten</instance>
         <wf lemma="." pos="X">.</wf>
      </sentence>
      <sentence id="d000.s3126" source="wordnet-dutch">
         <wf lemma="het" pos="X">het</wf>
         <wf lemma="zomerhuisje" pos="X">zomerhuisje</wf>
         <instance id="d000.s3126.t000" lemma="liggen" pos="VERB">ligt</instance>
         <wf lemma="midden" pos="X">midden</wf>
         <wf lemma="in" pos="X">in</wf>
         <wf lemma="de" pos="X">de</wf>
         <wf lemma="bossen" pos="X">bossen</wf>
         <wf lemma="." pos="X">.</wf>
      </sentence>
      <sentence id="d000.s3127" source="wordnet-dutch">
         <wf lemma="mijn" pos="X">mijn</wf>
         <wf lemma="broer" pos="X">broer</wf>
         <wf lemma="heeft" pos="X">heeft</wf>
         <wf lemma="weer" pos="X">weer</wf>
         <wf lemma="een" pos="X">een</wf>
         <wf lemma="nieuwe" pos="X">nieuwe</wf>
         <wf lemma="hobby" pos="X">hobby</wf>
         <instance id="d000.s3127.t000" lemma="opvatten" pos="VERB">opgevat</instance>
         <wf lemma="." pos="X">.</wf>
      </sentence>
      <sentence id="d000.s3128" source="wordnet-dutch">
         <wf lemma="de" pos="X">de</wf>
         <wf lemma="leraar" pos="X">leraar</wf>
         <instance id="d000.s3128.t000" lemma="ondervragen" pos="VERB">ondervroeg</instance>
         <wf lemma="de" pos="X">de</wf>
         <wf lemma="leerlingen" pos="X">leerlingen</wf>
         <wf lemma="." pos="X">.</wf>
      </sentence>
      <sentence id="d000.s3129" source="wordnet-dutch">
         <wf lemma="ik" pos="X">ik</wf>
         <wf lemma="werd" pos="X">werd</wf>
         <wf lemma="na" pos="X">na</wf>
         <wf lemma="een" pos="X">een</wf>
         <wf lemma="tijdje" pos="X">tijdje</wf>
         <wf lemma="ook" pos="X">ook</wf>
         <wf lemma="in" pos="X">in</wf>
         <wf lemma="de" pos="X">de</wf>
         <wf lemma="discussie" pos="X">discussie</wf>
         <instance id="d000.s3129.t000" lemma="mengen" pos="VERB">gemengd</instance>
         <wf lemma="," pos="X">,</wf>
         <wf lemma="hoewel" pos="X">hoewel</wf>
         <wf lemma="ik" pos="X">ik</wf>
         <wf lemma="daar" pos="X">daar</wf>
         <wf lemma="helemaal" pos="X">helemaal</wf>
         <wf lemma="geen" pos="X">geen</wf>
         <wf lemma="zin" pos="X">zin</wf>
         <wf lemma="in" pos="X">in</wf>
         <wf lemma="had" pos="X">had</wf>
         <wf lemma="." pos="X">.</wf>
      </sentence>
      <sentence id="d000.s3130" source="wordnet-dutch">
         <wf lemma="ik" pos="X">ik</wf>
         <wf lemma="heb" pos="X">heb</wf>
         <wf lemma="helaas" pos="X">helaas</wf>
         <wf lemma="nooit" pos="X">nooit</wf>
         <wf lemma="mijn" pos="X">mijn</wf>
         <instance id="d000.s3130.t000" lemma="einddiploma" pos="NOUN">einddiploma</instance>
         <wf lemma="gehaald" pos="X">gehaald</wf>
         <wf lemma="." pos="X">.</wf>
      </sentence>
      <sentence id="d000.s3131" source="wordnet-dutch">
         <wf lemma="de" pos="X">de</wf>
         <instance id="d000.s3131.t000" lemma="sfeer" pos="NOUN">sfeer</instance>
         <wf lemma="van" pos="X">van</wf>
         <wf lemma="het" pos="X">het</wf>
         <wf lemma="kunstwerk" pos="X">kunstwerk</wf>
         <wf lemma="." pos="X">.</wf>
      </sentence>
      <sentence id="d000.s3132" source="wordnet-dutch">
         <wf lemma="het" pos="X">het</wf>
         <wf lemma="tv-programma" pos="X">tv-programma</wf>
         <instance id="d000.s3132.t000" lemma="duren" pos="VERB">duurt</instance>
         <wf lemma="twee" pos="X">twee</wf>
         <wf lemma="uur" pos="X">uur</wf>
         <wf lemma="." pos="X">.</wf>
      </sentence>
      <sentence id="d000.s3133" source="wordnet-dutch">
         <wf lemma="in" pos="X">in</wf>
         <wf lemma="die" pos="X">die</wf>
         <wf lemma="wet" pos="X">wet</wf>
         <wf lemma="werden" pos="X">werden</wf>
         <wf lemma="de" pos="X">de</wf>
         <wf lemma="bevoegdheden/macht" pos="X">bevoegdheden/macht</wf>
         <wf lemma="van" pos="X">van</wf>
         <wf lemma="de" pos="X">de</wf>
         <wf lemma="minister" pos="X">minister</wf>
         <wf lemma="drastisch" pos="X">drastisch</wf>
         <instance id="d000.s3133.t000" lemma="inperken" pos="VERB">ingeperkt</instance>
         <wf lemma="." pos="X">.</wf>
      </sentence>
      <sentence id="d000.s3134" source="wordnet-dutch">
         <wf lemma="de" pos="X">de</wf>
         <wf lemma="graafmachine" pos="X">graafmachine</wf>
         <instance id="d000.s3134.t000" lemma="happen" pos="VERB">hapte</instance>
         <wf lemma="een" pos="X">een</wf>
         <wf lemma="stuk" pos="X">stuk</wf>
         <wf lemma="uit" pos="X">uit</wf>
         <wf lemma="de" pos="X">de</wf>
         <wf lemma="muur" pos="X">muur</wf>
         <wf lemma="." pos="X">.</wf>
      </sentence>
      <sentence id="d000.s3135" source="wordnet-dutch">
         <wf lemma="hij" pos="X">hij</wf>
         <wf lemma="kon" pos="X">kon</wf>
         <wf lemma="nauwelijks" pos="X">nauwelijks</wf>
         <instance id="d000.s3135.t000" lemma="verbergen" pos="VERB">verbergen</instance>
         <wf lemma="dat" pos="X">dat</wf>
         <wf lemma="hij" pos="X">hij</wf>
         <wf lemma="verdriet" pos="X">verdriet</wf>
         <wf lemma="had" pos="X">had</wf>
         <wf lemma="." pos="X">.</wf>
      </sentence>
      <sentence id="d000.s3136" source="wordnet-dutch">
         <wf lemma="De" pos="X">De</wf>
         <instance id="d000.s3136.t000" lemma="deel" pos="NOUN">delen</instance>
         <wf lemma="in" pos="X">in</wf>
         <wf lemma="de" pos="X">de</wf>
         <wf lemma="vloer" pos="X">vloer</wf>
         <wf lemma="trekken" pos="X">trekken</wf>
         <wf lemma="krom" pos="X">krom</wf>
         <wf lemma="door" pos="X">door</wf>
         <wf lemma="het" pos="X">het</wf>
         <wf lemma="vocht" pos="X">vocht</wf>
         <wf lemma="." pos="X">.</wf>
      </sentence>
      <sentence id="d000.s3137" source="wordnet-dutch">
         <wf lemma="hij" pos="X">hij</wf>
         <wf lemma="liet" pos="X">liet</wf>
         <wf lemma="zich" pos="X">zich</wf>
         <wf lemma="op" pos="X">op</wf>
         <instance id="d000.s3137.t000" lemma="waterski" pos="NOUN">waterski's</instance>
         <wf lemma="voorttrekken" pos="X">voorttrekken</wf>
         <wf lemma="door" pos="X">door</wf>
         <wf lemma="een" pos="X">een</wf>
         <wf lemma="snelle" pos="X">snelle</wf>
         <wf lemma="boot" pos="X">boot</wf>
         <wf lemma="." pos="X">.</wf>
      </sentence>
      <sentence id="d000.s3138" source="wordnet-dutch">
         <wf lemma="deze" pos="X">deze</wf>
         <wf lemma="trein" pos="X">trein</wf>
         <wf lemma="rijdt" pos="X">rijdt</wf>
         <wf lemma="alleen" pos="X">alleen</wf>
         <wf lemma="op" pos="X">op</wf>
         <instance id="d000.s3138.t000" lemma="werkdag" pos="NOUN">werkdagen</instance>
         <wf lemma="." pos="X">.</wf>
      </sentence>
      <sentence id="d000.s3139" source="wordnet-dutch">
         <wf lemma="ik" pos="X">ik</wf>
         <wf lemma="kan" pos="X">kan</wf>
         <wf lemma="uw" pos="X">uw</wf>
         <instance id="d000.s3139.t000" lemma="vermoeden" pos="NOUN">vermoedens</instance>
         <wf lemma="inderdaad" pos="X">inderdaad</wf>
         <wf lemma="bevestigen" pos="X">bevestigen</wf>
         <wf lemma="." pos="X">.</wf>
      </sentence>
      <sentence id="d000.s3140" source="wordnet-dutch">
         <wf lemma="De" pos="X">De</wf>
         <instance id="d000.s3140.t000" lemma="rug" pos="NOUN">rug</instance>
         <wf lemma="van" pos="X">van</wf>
         <wf lemma="de" pos="X">de</wf>
         <wf lemma="stoel" pos="X">stoel</wf>
         <wf lemma="zit" pos="X">zit</wf>
         <wf lemma="niet" pos="X">niet</wf>
         <wf lemma="lekker" pos="X">lekker</wf>
         <wf lemma="." pos="X">.</wf>
      </sentence>
      <sentence id="d000.s3141" source="wordnet-dutch">
         <wf lemma="op" pos="X">op</wf>
         <instance id="d000.s3141.t000" lemma="verzoek" pos="NOUN">verzoek</instance>
         <wf lemma="van" pos="X">van</wf>
         <wf lemma="mijn" pos="X">mijn</wf>
         <wf lemma="broer" pos="X">broer</wf>
         <wf lemma="zal" pos="X">zal</wf>
         <wf lemma="ik" pos="X">ik</wf>
         <wf lemma="meegaan" pos="X">meegaan</wf>
         <wf lemma="." pos="X">.</wf>
      </sentence>
      <sentence id="d000.s3142" source="wordnet-dutch">
         <wf lemma="De" pos="X">De</wf>
         <wf lemma="ambassade" pos="X">ambassade</wf>
         <instance id="d000.s3142.t000" lemma="kennen" pos="VERB">kent</instance>
         <wf lemma="een" pos="X">een</wf>
         <wf lemma="afdeling" pos="X">afdeling</wf>
         <wf lemma="ontwikkelingssamenwerking" pos="X">ontwikkelingssamenwerking</wf>
         <wf lemma="." pos="X">.</wf>
      </sentence>
      <sentence id="d000.s3143" source="wordnet-dutch">
         <wf lemma="op" pos="X">op</wf>
         <wf lemma="de" pos="X">de</wf>
         <instance id="d000.s3143.t000" lemma="binnenweg" pos="NOUN">binnenwegen</instance>
         <wf lemma="geldt" pos="X">geldt</wf>
         <wf lemma="een" pos="X">een</wf>
         <wf lemma="waarschuwing" pos="X">waarschuwing</wf>
         <wf lemma="voor" pos="X">voor</wf>
         <wf lemma="gladheid" pos="X">gladheid</wf>
         <wf lemma="." pos="X">.</wf>
      </sentence>
      <sentence id="d000.s3144" source="wordnet-dutch">
         <wf lemma="ik" pos="X">ik</wf>
         <wf lemma="heb" pos="X">heb</wf>
         <wf lemma="al" pos="X">al</wf>
         <wf lemma="die" pos="X">die</wf>
         <wf lemma="oude" pos="X">oude</wf>
         <wf lemma="tijdschriften" pos="X">tijdschriften</wf>
         <wf lemma="laten" pos="X">laten</wf>
         <instance id="d000.s3144.t000" lemma="inbinden" pos="VERB">inbinden</instance>
         <wf lemma="." pos="X">.</wf>
      </sentence>
      <sentence id="d000.s3145" source="wordnet-dutch">
         <wf lemma="hij" pos="X">hij</wf>
         <wf lemma="heeft" pos="X">heeft</wf>
         <wf lemma="enige" pos="X">enige</wf>
         <instance id="d000.s3145.t000" lemma="bekendheid" pos="NOUN">bekendheid</instance>
         <wf lemma="met" pos="X">met</wf>
         <wf lemma="het" pos="X">het</wf>
         <wf lemma="boekhouden" pos="X">boekhouden</wf>
         <wf lemma="." pos="X">.</wf>
      </sentence>
      <sentence id="d000.s3146" source="wordnet-dutch">
         <wf lemma="die" pos="X">die</wf>
         <wf lemma="muren" pos="X">muren</wf>
         <instance id="d000.s3146.t000" lemma="omgeven" pos="VERB">omgaven</instance>
         <wf lemma="vroeger" pos="X">vroeger</wf>
         <wf lemma="de" pos="X">de</wf>
         <wf lemma="stad" pos="X">stad</wf>
         <wf lemma="." pos="X">.</wf>
      </sentence>
      <sentence id="d000.s3147" source="wordnet-dutch">
         <wf lemma="gelieve" pos="X">gelieve</wf>
         <wf lemma="niet" pos="X">niet</wf>
         <wf lemma="op" pos="X">op</wf>
         <wf lemma="de" pos="X">de</wf>
         <wf lemma="vloer" pos="X">vloer</wf>
         <wf lemma="te" pos="X">te</wf>
         <instance id="d000.s3147.t000" lemma="spugen" pos="VERB">spugen</instance>
         <wf lemma="." pos="X">.</wf>
      </sentence>
      <sentence id="d000.s3148" source="wordnet-dutch">
         <wf lemma="ik" pos="X">ik</wf>
         <wf lemma="heb" pos="X">heb</wf>
         <wf lemma="er" pos="X">er</wf>
         <wf lemma="nog" pos="X">nog</wf>
         <wf lemma="een" pos="X">een</wf>
         <instance id="d000.s3148.t000" lemma="paar" pos="NOUN">paar</instance>
         <wf lemma="(" pos="X">(</wf>
         <wf lemma="van" pos="X">van</wf>
         <wf lemma=")" pos="X">)</wf>
         <wf lemma="liggen" pos="X">liggen</wf>
         <wf lemma="." pos="X">.</wf>
      </sentence>
      <sentence id="d000.s3149" source="wordnet-dutch">
         <wf lemma="zij" pos="X">zij</wf>
         <wf lemma="liet" pos="X">liet</wf>
         <wf lemma="zich" pos="X">zich</wf>
         <wf lemma="vooral" pos="X">vooral</wf>
         <wf lemma="de" pos="X">de</wf>
         <wf lemma="sterke" pos="X">sterke</wf>
         <wf lemma="drank" pos="X">drank</wf>
         <wf lemma="goed" pos="X">goed</wf>
         <instance id="d000.s3149.t000" lemma="smaken" pos="VERB">smaken</instance>
         <wf lemma="." pos="X">.</wf>
      </sentence>
      <sentence id="d000.s3150" source="wordnet-dutch">
         <wf lemma="in" pos="X">in</wf>
         <wf lemma="de" pos="X">de</wf>
         <instance id="d000.s3150.t000" lemma="herhaling" pos="NOUN">herhaling</instance>
         <wf lemma="kon" pos="X">kon</wf>
         <wf lemma="je" pos="X">je</wf>
         <wf lemma="duidelijk" pos="X">duidelijk</wf>
         <wf lemma="zien" pos="X">zien</wf>
         <wf lemma="dat" pos="X">dat</wf>
         <wf lemma="het" pos="X">het</wf>
         <wf lemma="geen" pos="X">geen</wf>
         <wf lemma="buitenspel" pos="X">buitenspel</wf>
         <wf lemma="was" pos="X">was</wf>
         <wf lemma="." pos="X">.</wf>
      </sentence>
      <sentence id="d000.s3151" source="wordnet-dutch">
         <wf lemma="wij" pos="X">wij</wf>
         <instance id="d000.s3151.t000" lemma="kruisen" pos="VERB">kruisten</instance>
         <wf lemma="een" pos="X">een</wf>
         <wf lemma="groot" pos="X">groot</wf>
         <wf lemma="schip" pos="X">schip</wf>
         <wf lemma="met" pos="X">met</wf>
         <wf lemma="veel" pos="X">veel</wf>
         <wf lemma="licht" pos="X">licht</wf>
         <wf lemma="." pos="X">.</wf>
      </sentence>
      <sentence id="d000.s3152" source="wordnet-dutch">
         <wf lemma="dit" pos="X">dit</wf>
         <wf lemma="scheerschuim" pos="X">scheerschuim</wf>
         <wf lemma="is" pos="X">is</wf>
         <wf lemma="speciaal" pos="X">speciaal</wf>
         <wf lemma="voor" pos="X">voor</wf>
         <wf lemma="de" pos="X">de</wf>
         <wf lemma="gevoelige" pos="X">gevoelige</wf>
         <instance id="d000.s3152.t000" lemma="huid" pos="NOUN">huid</instance>
         <wf lemma="." pos="X">.</wf>
      </sentence>
      <sentence id="d000.s3153" source="wordnet-dutch">
         <wf lemma="de" pos="X">de</wf>
         <wf lemma="lift" pos="X">lift</wf>
         <wf lemma="is" pos="X">is</wf>
         <wf lemma="buiten" pos="X">buiten</wf>
         <instance id="d000.s3153.t000" lemma="gebruik" pos="NOUN">gebruik</instance>
         <wf lemma="." pos="X">.</wf>
      </sentence>
      <sentence id="d000.s3154" source="wordnet-dutch">
         <wf lemma="de" pos="X">de</wf>
         <instance id="d000.s3154.t000" lemma="wervelstorm" pos="NOUN">wervelstorm</instance>
         <wf lemma="raasde" pos="X">raasde</wf>
         <wf lemma="over" pos="X">over</wf>
         <wf lemma="Florida" pos="X">Florida</wf>
         <wf lemma="." pos="X">.</wf>
      </sentence>
      <sentence id="d000.s3155" source="wordnet-dutch">
         <wf lemma="twintig" pos="X">twintig</wf>
         <wf lemma="procent" pos="X">procent</wf>
         <wf lemma="van" pos="X">van</wf>
         <wf lemma="de" pos="X">de</wf>
         <wf lemma="behandelde" pos="X">behandelde</wf>
         <wf lemma="muizen" pos="X">muizen</wf>
         <instance id="d000.s3155.t000" lemma="muteren" pos="VERB">muteert</instance>
         <wf lemma="." pos="X">.</wf>
      </sentence>
      <sentence id="d000.s3156" source="wordnet-dutch">
         <wf lemma="druppels" pos="X">druppels</wf>
         <wf lemma="van" pos="X">van</wf>
         <wf lemma="haar" pos="X">haar</wf>
         <instance id="d000.s3156.t000" lemma="geil" pos="NOUN">geil</instance>
         <wf lemma="." pos="X">.</wf>
      </sentence>
      <sentence id="d000.s3157" source="wordnet-dutch">
         <wf lemma="ik" pos="X">ik</wf>
         <wf lemma="zal" pos="X">zal</wf>
         <wf lemma="de" pos="X">de</wf>
         <wf lemma="eerlijke" pos="X">eerlijke</wf>
         <wf lemma="vinder" pos="X">vinder</wf>
         <instance id="d000.s3157.t000" lemma="belonen" pos="VERB">belonen</instance>
         <wf lemma="met" pos="X">met</wf>
         <wf lemma="een" pos="X">een</wf>
         <wf lemma="fles" pos="X">fles</wf>
         <wf lemma="wijn" pos="X">wijn</wf>
         <wf lemma="." pos="X">.</wf>
      </sentence>
      <sentence id="d000.s3158" source="wordnet-dutch">
         <instance id="d000.s3158.t000" lemma="geslachtsverkeer" pos="NOUN">geslachtsverkeer</instance>
         <wf lemma="met" pos="X">met</wf>
         <wf lemma="jonge" pos="X">jonge</wf>
         <wf lemma="kinderen" pos="X">kinderen</wf>
         <wf lemma="is" pos="X">is</wf>
         <wf lemma="strafbaar" pos="X">strafbaar</wf>
         <wf lemma="in" pos="X">in</wf>
         <wf lemma="Nederland" pos="X">Nederland</wf>
         <wf lemma="." pos="X">.</wf>
      </sentence>
      <sentence id="d000.s3159" source="wordnet-dutch">
         <wf lemma="kan" pos="X">kan</wf>
         <wf lemma="je" pos="X">je</wf>
         <wf lemma="uit" pos="X">uit</wf>
         <wf lemma="die" pos="X">die</wf>
         <wf lemma="definitie" pos="X">definitie</wf>
         <wf lemma="een" pos="X">een</wf>
         <wf lemma="aantal" pos="X">aantal</wf>
         <wf lemma="voorbeelden" pos="X">voorbeelden</wf>
         <instance id="d000.s3159.t000" lemma="deduceren" pos="VERB">deduceren</instance>
         <wf lemma="." pos="X">.</wf>
      </sentence>
      <sentence id="d000.s3160" source="wordnet-dutch">
         <wf lemma="het" pos="X">het</wf>
         <instance id="d000.s3160.t000" lemma="seizoen" pos="NOUN">seizoen</instance>
         <wf lemma="werd" pos="X">werd</wf>
         <wf lemma="geopend" pos="X">geopend</wf>
         <wf lemma="met" pos="X">met</wf>
         <wf lemma="een" pos="X">een</wf>
         <wf lemma="concert" pos="X">concert</wf>
         <wf lemma="." pos="X">.</wf>
      </sentence>
      <sentence id="d000.s3161" source="wordnet-dutch">
         <wf lemma="in" pos="X">in</wf>
         <wf lemma="het" pos="X">het</wf>
         <wf lemma="begin" pos="X">begin</wf>
         <wf lemma="van" pos="X">van</wf>
         <wf lemma="zijn" pos="X">zijn</wf>
         <wf lemma="toespraak" pos="X">toespraak</wf>
         <instance id="d000.s3161.t000" lemma="refereren" pos="VERB">refereerde</instance>
         <wf lemma="hij" pos="X">hij</wf>
         <wf lemma="enkele" pos="X">enkele</wf>
         <wf lemma="keren" pos="X">keren</wf>
         <wf lemma="aan" pos="X">aan</wf>
         <wf lemma="de" pos="X">de</wf>
         <wf lemma="woorden" pos="X">woorden</wf>
         <wf lemma="die" pos="X">die</wf>
         <wf lemma="de" pos="X">de</wf>
         <wf lemma="voorzitter" pos="X">voorzitter</wf>
         <wf lemma="gisteren" pos="X">gisteren</wf>
         <wf lemma="had" pos="X">had</wf>
         <wf lemma="gesproken" pos="X">gesproken</wf>
         <wf lemma="." pos="X">.</wf>
      </sentence>
      <sentence id="d000.s3162" source="wordnet-dutch">
         <wf lemma="uit" pos="X">uit</wf>
         <wf lemma="eigen" pos="X">eigen</wf>
         <instance id="d000.s3162.t000" lemma="beweging" pos="NOUN">beweging</instance>
         <wf lemma="begon" pos="X">begon</wf>
         <wf lemma="hij" pos="X">hij</wf>
         <wf lemma="de" pos="X">de</wf>
         <wf lemma="kamer" pos="X">kamer</wf>
         <wf lemma="op" pos="X">op</wf>
         <wf lemma="te" pos="X">te</wf>
         <wf lemma="ruimen" pos="X">ruimen</wf>
         <wf lemma="." pos="X">.</wf>
      </sentence>
      <sentence id="d000.s3163" source="wordnet-dutch">
         <wf lemma="Nederland" pos="X">Nederland</wf>
         <instance id="d000.s3163.t000" lemma="balanceren" pos="VERB">balanceert</instance>
         <wf lemma="op" pos="X">op</wf>
         <wf lemma="het" pos="X">het</wf>
         <wf lemma="randje" pos="X">randje</wf>
         <wf lemma="van" pos="X">van</wf>
         <wf lemma="een" pos="X">een</wf>
         <wf lemma="economische" pos="X">economische</wf>
         <wf lemma="recessie" pos="X">recessie</wf>
         <wf lemma="." pos="X">.</wf>
      </sentence>
      <sentence id="d000.s3164" source="wordnet-dutch">
         <wf lemma="hij" pos="X">hij</wf>
         <instance id="d000.s3164.t000" lemma="noden" pos="VERB">noodde</instance>
         <wf lemma="de" pos="X">de</wf>
         <wf lemma="talrijke" pos="X">talrijke</wf>
         <wf lemma="prominente" pos="X">prominente</wf>
         <wf lemma="gasten" pos="X">gasten</wf>
         <wf lemma="aan" pos="X">aan</wf>
         <wf lemma="tafel" pos="X">tafel</wf>
         <wf lemma="." pos="X">.</wf>
      </sentence>
      <sentence id="d000.s3165" source="wordnet-dutch">
         <wf lemma="Tot" pos="X">Tot</wf>
         <wf lemma="welke" pos="X">welke</wf>
         <instance id="d000.s3165.t000" lemma="klasse" pos="NOUN">klasse</instance>
         <wf lemma="behoren" pos="X">behoren</wf>
         <wf lemma="dolfijnen" pos="X">dolfijnen</wf>
         <wf lemma="?" pos="X">?</wf>
      </sentence>
      <sentence id="d000.s3166" source="wordnet-dutch">
         <wf lemma="het" pos="X">het</wf>
         <wf lemma="oude" pos="X">oude</wf>
         <wf lemma="gebruik" pos="X">gebruik</wf>
         <instance id="d000.s3166.t000" lemma="stammen" pos="VERB">stamt</instance>
         <wf lemma="uit" pos="X">uit</wf>
         <wf lemma="de" pos="X">de</wf>
         <wf lemma="tijd" pos="X">tijd</wf>
         <wf lemma="van" pos="X">van</wf>
         <wf lemma="Napoleon" pos="X">Napoleon</wf>
         <wf lemma="." pos="X">.</wf>
      </sentence>
      <sentence id="d000.s3167" source="wordnet-dutch">
         <wf lemma="hij" pos="X">hij</wf>
         <wf lemma="heeft" pos="X">heeft</wf>
         <wf lemma="zijn" pos="X">zijn</wf>
         <instance id="d000.s3167.t000" lemma="bril" pos="NOUN">bril</instance>
         <wf lemma="niet" pos="X">niet</wf>
         <wf lemma="op" pos="X">op</wf>
         <wf lemma="." pos="X">.</wf>
      </sentence>
      <sentence id="d000.s3168" source="wordnet-dutch">
         <wf lemma="de" pos="X">de</wf>
         <wf lemma="regering" pos="X">regering</wf>
         <wf lemma="draagt" pos="X">draagt</wf>
         <wf lemma="hierbij" pos="X">hierbij</wf>
         <wf lemma="een" pos="X">een</wf>
         <wf lemma="eigen" pos="X">eigen</wf>
         <instance id="d000.s3168.t000" lemma="verantwoordelijkheid" pos="NOUN">verantwoordelijkheid</instance>
         <wf lemma="." pos="X">.</wf>
      </sentence>
      <sentence id="d000.s3169" source="wordnet-dutch">
         <wf lemma="Ajax" pos="X">Ajax</wf>
         <wf lemma="speelde" pos="X">speelde</wf>
         <wf lemma="op" pos="X">op</wf>
         <wf lemma="eigen" pos="X">eigen</wf>
         <instance id="d000.s3169.t000" lemma="terrein" pos="NOUN">terrein</instance>
         <wf lemma="gelijk" pos="X">gelijk</wf>
         <wf lemma="." pos="X">.</wf>
      </sentence>
      <sentence id="d000.s3170" source="wordnet-dutch">
         <wf lemma="We" pos="X">We</wf>
         <wf lemma="moeten" pos="X">moeten</wf>
         <wf lemma="alles" pos="X">alles</wf>
         <wf lemma="professioneler" pos="X">professioneler</wf>
         <wf lemma="aanpakken" pos="X">aanpakken</wf>
         <wf lemma="en" pos="X">en</wf>
         <wf lemma="overal" pos="X">overal</wf>
         <wf lemma="meer" pos="X">meer</wf>
         <instance id="d000.s3170.t000" lemma="systeem" pos="NOUN">systeem</instance>
         <wf lemma="in" pos="X">in</wf>
         <wf lemma="brengen" pos="X">brengen</wf>
         <wf lemma="," pos="X">,</wf>
         <wf lemma="anders" pos="X">anders</wf>
         <wf lemma="houden" pos="X">houden</wf>
         <wf lemma="we" pos="X">we</wf>
         <wf lemma="het" pos="X">het</wf>
         <wf lemma="zelf" pos="X">zelf</wf>
         <wf lemma="niet" pos="X">niet</wf>
         <wf lemma="meer" pos="X">meer</wf>
         <wf lemma="bij" pos="X">bij</wf>
         <wf lemma="." pos="X">.</wf>
      </sentence>
      <sentence id="d000.s3171" source="wordnet-dutch">
         <wf lemma="bij" pos="X">bij</wf>
         <wf lemma="die" pos="X">die</wf>
         <wf lemma="val" pos="X">val</wf>
         <wf lemma="heeft" pos="X">heeft</wf>
         <wf lemma="hij" pos="X">hij</wf>
         <wf lemma="zich" pos="X">zich</wf>
         <wf lemma="aan" pos="X">aan</wf>
         <wf lemma="de" pos="X">de</wf>
         <wf lemma="rug" pos="X">rug</wf>
         <instance id="d000.s3171.t000" lemma="kwetsen" pos="VERB">gekwetst</instance>
         <wf lemma="." pos="X">.</wf>
      </sentence>
      <sentence id="d000.s3172" source="wordnet-dutch">
         <wf lemma="de" pos="X">de</wf>
         <wf lemma="gedetineerden" pos="X">gedetineerden</wf>
         <wf lemma="sloegen" pos="X">sloegen</wf>
         <wf lemma="met" pos="X">met</wf>
         <wf lemma="lepels" pos="X">lepels</wf>
         <wf lemma="op" pos="X">op</wf>
         <wf lemma="potten" pos="X">potten</wf>
         <wf lemma="en" pos="X">en</wf>
         <instance id="d000.s3172.t000" lemma="pan" pos="NOUN">pannen</instance>
         <wf lemma="." pos="X">.</wf>
      </sentence>
      <sentence id="d000.s3173" source="wordnet-dutch">
         <wf lemma="zij" pos="X">zij</wf>
         <wf lemma="kreeg" pos="X">kreeg</wf>
         <wf lemma="een" pos="X">een</wf>
         <instance id="d000.s3173.t000" lemma="trap" pos="NOUN">trap</instance>
         <wf lemma="van" pos="X">van</wf>
         <wf lemma="haar" pos="X">haar</wf>
         <wf lemma="paard" pos="X">paard</wf>
         <wf lemma="." pos="X">.</wf>
      </sentence>
      <sentence id="d000.s3174" source="wordnet-dutch">
         <wf lemma="hij" pos="X">hij</wf>
         <instance id="d000.s3174.t000" lemma="strelen" pos="VERB">streelde</instance>
         <wf lemma="zachtjes" pos="X">zachtjes</wf>
         <wf lemma="over" pos="X">over</wf>
         <wf lemma="haar" pos="X">haar</wf>
         <wf lemma="wang" pos="X">wang</wf>
         <wf lemma="." pos="X">.</wf>
      </sentence>
      <sentence id="d000.s3175" source="wordnet-dutch">
         <wf lemma="door" pos="X">door</wf>
         <wf lemma="altijd" pos="X">altijd</wf>
         <wf lemma="met" pos="X">met</wf>
         <wf lemma="het" pos="X">het</wf>
         <wf lemma="openbare" pos="X">openbare</wf>
         <wf lemma="vervoer" pos="X">vervoer</wf>
         <wf lemma="te" pos="X">te</wf>
         <wf lemma="reizen" pos="X">reizen</wf>
         <instance id="d000.s3175.t000" lemma="besparen" pos="VERB">bespaarde</instance>
         <wf lemma="hij" pos="X">hij</wf>
         <wf lemma="wel" pos="X">wel</wf>
         <wf lemma="10000" pos="X">10000</wf>
         <wf lemma="frank" pos="X">frank</wf>
         <wf lemma="per" pos="X">per</wf>
         <wf lemma="maand" pos="X">maand</wf>
         <wf lemma="." pos="X">.</wf>
      </sentence>
      <sentence id="d000.s3176" source="wordnet-dutch">
         <wf lemma="de" pos="X">de</wf>
         <wf lemma="bewoners" pos="X">bewoners</wf>
         <wf lemma="klagen" pos="X">klagen</wf>
         <wf lemma="al" pos="X">al</wf>
         <wf lemma="jaren" pos="X">jaren</wf>
         <wf lemma="over" pos="X">over</wf>
         <wf lemma="de" pos="X">de</wf>
         <instance id="d000.s3176.t000" lemma="hinder" pos="NOUN">hinder</instance>
         <wf lemma="die" pos="X">die</wf>
         <wf lemma="ze" pos="X">ze</wf>
         <wf lemma="ondervinden" pos="X">ondervinden</wf>
         <wf lemma="van" pos="X">van</wf>
         <wf lemma="het" pos="X">het</wf>
         <wf lemma="vliegverkeer" pos="X">vliegverkeer</wf>
         <wf lemma="." pos="X">.</wf>
      </sentence>
      <sentence id="d000.s3177" source="wordnet-dutch">
         <wf lemma="men" pos="X">men</wf>
         <wf lemma="vermoedt" pos="X">vermoedt</wf>
         <wf lemma="dat" pos="X">dat</wf>
         <wf lemma="de" pos="X">de</wf>
         <wf lemma="ziekte" pos="X">ziekte</wf>
         <wf lemma="door" pos="X">door</wf>
         <wf lemma="het" pos="X">het</wf>
         <wf lemma="eten" pos="X">eten</wf>
         <wf lemma="van" pos="X">van</wf>
         <wf lemma="vlees" pos="X">vlees</wf>
         <wf lemma="van" pos="X">van</wf>
         <wf lemma="koeien" pos="X">koeien</wf>
         <wf lemma="op" pos="X">op</wf>
         <wf lemma="de" pos="X">de</wf>
         <wf lemma="mens" pos="X">mens</wf>
         <wf lemma="kan" pos="X">kan</wf>
         <wf lemma="worden" pos="X">worden</wf>
         <instance id="d000.s3177.t000" lemma="overbrengen" pos="VERB">overgebracht</instance>
         <wf lemma="." pos="X">.</wf>
      </sentence>
      <sentence id="d000.s3178" source="wordnet-dutch">
         <wf lemma="sterven" pos="X">sterven</wf>
         <wf lemma="van" pos="X">van</wf>
         <instance id="d000.s3178.t000" lemma="verdriet" pos="NOUN">verdriet</instance>
         <wf lemma="." pos="X">.</wf>
      </sentence>
      <sentence id="d000.s3179" source="wordnet-dutch">
         <wf lemma="de" pos="X">de</wf>
         <wf lemma="Romeinen" pos="X">Romeinen</wf>
         <wf lemma="hebben" pos="X">hebben</wf>
         <wf lemma="heel" pos="X">heel</wf>
         <wf lemma="Gallië" pos="X">Gallië</wf>
         <instance id="d000.s3179.t000" lemma="onderwerpen" pos="VERB">onderworpen</instance>
         <wf lemma="." pos="X">.</wf>
      </sentence>
      <sentence id="d000.s3180" source="wordnet-dutch">
         <wf lemma="het" pos="X">het</wf>
         <wf lemma="uitzendbureau" pos="X">uitzendbureau</wf>
         <wf lemma="heeft" pos="X">heeft</wf>
         <wf lemma="in" pos="X">in</wf>
         <wf lemma="Leiden" pos="X">Leiden</wf>
         <wf lemma="een" pos="X">een</wf>
         <wf lemma="nieuwe" pos="X">nieuwe</wf>
         <instance id="d000.s3180.t000" lemma="vestiging" pos="NOUN">vestiging</instance>
         <wf lemma="geopend" pos="X">geopend</wf>
         <wf lemma="." pos="X">.</wf>
      </sentence>
      <sentence id="d000.s3181" source="wordnet-dutch">
         <wf lemma="Er" pos="X">Er</wf>
         <wf lemma="zat" pos="X">zat</wf>
         <wf lemma="een" pos="X">een</wf>
         <instance id="d000.s3181.t000" lemma="klets" pos="NOUN">klets</instance>
         <wf lemma="verf" pos="X">verf</wf>
         <wf lemma="op" pos="X">op</wf>
         <wf lemma="de" pos="X">de</wf>
         <wf lemma="tafel" pos="X">tafel</wf>
         <wf lemma="." pos="X">.</wf>
      </sentence>
      <sentence id="d000.s3182" source="wordnet-dutch">
         <wf lemma="Als" pos="X">Als</wf>
         <wf lemma="je" pos="X">je</wf>
         <wf lemma="een" pos="X">een</wf>
         <instance id="d000.s3182.t000" lemma="kleur" pos="NOUN">kleur</instance>
         <wf lemma="mist" pos="X">mist</wf>
         <wf lemma="dan" pos="X">dan</wf>
         <wf lemma="moet" pos="X">moet</wf>
         <wf lemma="je" pos="X">je</wf>
         <wf lemma="troef" pos="X">troef</wf>
         <wf lemma="trekken" pos="X">trekken</wf>
         <wf lemma="." pos="X">.</wf>
      </sentence>
      <sentence id="d000.s3183" source="wordnet-dutch">
         <wf lemma="Nou" pos="X">Nou</wf>
         <wf lemma="," pos="X">,</wf>
         <wf lemma="die" pos="X">die</wf>
         <wf lemma="komen" pos="X">komen</wf>
         <wf lemma="duidelijk" pos="X">duidelijk</wf>
         <wf lemma="uit" pos="X">uit</wf>
         <wf lemma="de" pos="X">de</wf>
         <instance id="d000.s3183.t000" lemma="provincie" pos="NOUN">provincie</instance>
         <wf lemma="." pos="X">.</wf>
      </sentence>
      <sentence id="d000.s3184" source="wordnet-dutch">
         <wf lemma="De" pos="X">De</wf>
         <instance id="d000.s3184.t000" lemma="proef" pos="NOUN">proef</instance>
         <wf lemma="toont" pos="X">toont</wf>
         <wf lemma="aan" pos="X">aan</wf>
         <wf lemma="dat" pos="X">dat</wf>
         <wf lemma="iets" pos="X">iets</wf>
         <wf lemma="bestaat" pos="X">bestaat</wf>
         <wf lemma="." pos="X">.</wf>
      </sentence>
      <sentence id="d000.s3185" source="wordnet-dutch">
         <wf lemma="de" pos="X">de</wf>
         <wf lemma="televisie" pos="X">televisie</wf>
         <wf lemma="werd" pos="X">werd</wf>
         <wf lemma="door" pos="X">door</wf>
         <wf lemma="Breznjev" pos="X">Breznjev</wf>
         <wf lemma="onder" pos="X">onder</wf>
         <instance id="d000.s3185.t000" lemma="censuur" pos="NOUN">censuur</instance>
         <wf lemma="gesteld" pos="X">gesteld</wf>
         <wf lemma="." pos="X">.</wf>
      </sentence>
      <sentence id="d000.s3186" source="wordnet-dutch">
         <wf lemma="m'n" pos="X">m'n</wf>
         <wf lemma="lichtje" pos="X">lichtje</wf>
         <wf lemma="in" pos="X">in</wf>
         <wf lemma="het" pos="X">het</wf>
         <wf lemma="dashboard" pos="X">dashboard</wf>
         <wf lemma="brandt" pos="X">brandt</wf>
         <wf lemma="," pos="X">,</wf>
         <wf lemma="ik" pos="X">ik</wf>
         <wf lemma="moet" pos="X">moet</wf>
         <wf lemma="nodig" pos="X">nodig</wf>
         <instance id="d000.s3186.t000" lemma="tanken" pos="VERB">tanken</instance>
         <wf lemma="." pos="X">.</wf>
      </sentence>
      <sentence id="d000.s3187" source="wordnet-dutch">
         <wf lemma="'s" pos="X">'s</wf>
         <wf lemma="middags" pos="X">middags</wf>
         <wf lemma="geven" pos="X">geven</wf>
         <wf lemma="de" pos="X">de</wf>
         <wf lemma="bomen" pos="X">bomen</wf>
         <wf lemma="wat" pos="X">wat</wf>
         <instance id="d000.s3187.t000" lemma="schaduw" pos="NOUN">schaduw</instance>
         <wf lemma="op" pos="X">op</wf>
         <wf lemma="het" pos="X">het</wf>
         <wf lemma="terras" pos="X">terras</wf>
         <wf lemma="." pos="X">.</wf>
      </sentence>
      <sentence id="d000.s3188" source="wordnet-dutch">
         <wf lemma="je" pos="X">je</wf>
         <wf lemma="moet" pos="X">moet</wf>
         <wf lemma="af" pos="X">af</wf>
         <wf lemma="en" pos="X">en</wf>
         <wf lemma="toe" pos="X">toe</wf>
         <wf lemma="eens" pos="X">eens</wf>
         <wf lemma="de" pos="X">de</wf>
         <wf lemma="tijd" pos="X">tijd</wf>
         <wf lemma="nemen" pos="X">nemen</wf>
         <wf lemma="om" pos="X">om</wf>
         <wf lemma="te" pos="X">te</wf>
         <instance id="d000.s3188.t000" lemma="relaxen" pos="VERB">relaxen</instance>
         <wf lemma="," pos="X">,</wf>
         <wf lemma="want" pos="X">want</wf>
         <wf lemma="anders" pos="X">anders</wf>
         <wf lemma="wordt" pos="X">wordt</wf>
         <wf lemma="de" pos="X">de</wf>
         <wf lemma="stress" pos="X">stress</wf>
         <wf lemma="te" pos="X">te</wf>
         <wf lemma="groot" pos="X">groot</wf>
         <wf lemma="." pos="X">.</wf>
      </sentence>
      <sentence id="d000.s3189" source="wordnet-dutch">
         <wf lemma="er" pos="X">er</wf>
         <wf lemma="staat" pos="X">staat</wf>
         <wf lemma="morgen" pos="X">morgen</wf>
         <wf lemma="een" pos="X">een</wf>
         <wf lemma="stevige" pos="X">stevige</wf>
         <instance id="d000.s3189.t000" lemma="westenwind" pos="NOUN">westenwind</instance>
         <wf lemma="." pos="X">.</wf>
      </sentence>
      <sentence id="d000.s3190" source="wordnet-dutch">
         <wf lemma="Garagedeuren" pos="X">Garagedeuren</wf>
         <wf lemma="die" pos="X">die</wf>
         <wf lemma="inclusief" pos="X">inclusief</wf>
         <instance id="d000.s3190.t000" lemma="montage" pos="NOUN">montage</instance>
         <wf lemma="besteld" pos="X">besteld</wf>
         <wf lemma="zijn" pos="X">zijn</wf>
         <wf lemma="." pos="X">.</wf>
      </sentence>
      <sentence id="d000.s3191" source="wordnet-dutch">
         <wf lemma="heb" pos="X">heb</wf>
         <wf lemma="je" pos="X">je</wf>
         <wf lemma="al" pos="X">al</wf>
         <wf lemma="kunnen" pos="X">kunnen</wf>
         <instance id="d000.s3191.t000" lemma="ontdekken" pos="VERB">ontdekken</instance>
         <wf lemma="of" pos="X">of</wf>
         <wf lemma="er" pos="X">er</wf>
         <wf lemma="een" pos="X">een</wf>
         <wf lemma="andere" pos="X">andere</wf>
         <wf lemma="uitweg" pos="X">uitweg</wf>
         <wf lemma="is" pos="X">is</wf>
         <wf lemma="?" pos="X">?</wf>
      </sentence>
      <sentence id="d000.s3192" source="wordnet-dutch">
         <wf lemma="de" pos="X">de</wf>
         <wf lemma="maandelijkse" pos="X">maandelijkse</wf>
         <instance id="d000.s3192.t000" lemma="cyclus" pos="NOUN">cyclus</instance>
         <wf lemma="van" pos="X">van</wf>
         <wf lemma="de" pos="X">de</wf>
         <wf lemma="vrouw" pos="X">vrouw</wf>
         <wf lemma="." pos="X">.</wf>
      </sentence>
      <sentence id="d000.s3193" source="wordnet-dutch">
         <wf lemma="De" pos="X">De</wf>
         <instance id="d000.s3193.t000" lemma="toets" pos="NOUN">toets</instance>
         <wf lemma="moet" pos="X">moet</wf>
         <wf lemma="uitwijzen" pos="X">uitwijzen</wf>
         <wf lemma="uit" pos="X">uit</wf>
         <wf lemma="welk" pos="X">welk</wf>
         <wf lemma="materiaal" pos="X">materiaal</wf>
         <wf lemma="het" pos="X">het</wf>
         <wf lemma="bestaat" pos="X">bestaat</wf>
         <wf lemma="." pos="X">.</wf>
      </sentence>
      <sentence id="d000.s3194" source="wordnet-dutch">
         <wf lemma="Zonder" pos="X">Zonder</wf>
         <wf lemma="een" pos="X">een</wf>
         <instance id="d000.s3194.t000" lemma="pas" pos="NOUN">pas</instance>
         <wf lemma="kom" pos="X">kom</wf>
         <wf lemma="je" pos="X">je</wf>
         <wf lemma="het" pos="X">het</wf>
         <wf lemma="land" pos="X">land</wf>
         <wf lemma="niet" pos="X">niet</wf>
         <wf lemma="in" pos="X">in</wf>
         <wf lemma="." pos="X">.</wf>
      </sentence>
      <sentence id="d000.s3195" source="wordnet-dutch">
         <wf lemma="onder" pos="X">onder</wf>
         <wf lemma="het" pos="X">het</wf>
         <wf lemma="eiland" pos="X">eiland</wf>
         <wf lemma="wordt" pos="X">wordt</wf>
         <wf lemma="veel" pos="X">veel</wf>
         <wf lemma="grof" pos="X">grof</wf>
         <instance id="d000.s3195.t000" lemma="sediment" pos="NOUN">sediment</instance>
         <wf lemma="afgezet" pos="X">afgezet</wf>
         <wf lemma="." pos="X">.</wf>
      </sentence>
      <sentence id="d000.s3196" source="wordnet-dutch">
         <wf lemma="hij" pos="X">hij</wf>
         <wf lemma="is" pos="X">is</wf>
         <wf lemma="een" pos="X">een</wf>
         <instance id="d000.s3196.t000" lemma="meester" pos="NOUN">meester</instance>
         <wf lemma="op" pos="X">op</wf>
         <wf lemma="de" pos="X">de</wf>
         <wf lemma="viool" pos="X">viool</wf>
         <wf lemma="." pos="X">.</wf>
      </sentence>
      <sentence id="d000.s3197" source="wordnet-dutch">
         <wf lemma="de" pos="X">de</wf>
         <wf lemma="wind" pos="X">wind</wf>
         <wf lemma="is" pos="X">is</wf>
         <wf lemma="naar" pos="X">naar</wf>
         <wf lemma="het" pos="X">het</wf>
         <wf lemma="Oosten" pos="X">Oosten</wf>
         <instance id="d000.s3197.t000" lemma="draaien" pos="VERB">gedraaid</instance>
         <wf lemma="." pos="X">.</wf>
      </sentence>
      <sentence id="d000.s3198" source="wordnet-dutch">
         <wf lemma="De" pos="X">De</wf>
         <instance id="d000.s3198.t000" lemma="expeditie" pos="NOUN">expeditie</instance>
         <wf lemma="splitst" pos="X">splitst</wf>
         <wf lemma="zich" pos="X">zich</wf>
         <wf lemma="in" pos="X">in</wf>
         <wf lemma="twee" pos="X">twee</wf>
         <wf lemma="groepen" pos="X">groepen</wf>
         <wf lemma="." pos="X">.</wf>
      </sentence>
      <sentence id="d000.s3199" source="wordnet-dutch">
         <wf lemma="onder" pos="X">onder</wf>
         <instance id="d000.s3199.t000" lemma="aanmoediging" pos="NOUN">aanmoedigingen</instance>
         <wf lemma="van" pos="X">van</wf>
         <wf lemma="het" pos="X">het</wf>
         <wf lemma="publiek" pos="X">publiek</wf>
         <wf lemma="passeerde" pos="X">passeerde</wf>
         <wf lemma="de" pos="X">de</wf>
         <wf lemma="atleet" pos="X">atleet</wf>
         <wf lemma="de" pos="X">de</wf>
         <wf lemma="finish" pos="X">finish</wf>
         <wf lemma="." pos="X">.</wf>
      </sentence>
      <sentence id="d000.s3200" source="wordnet-dutch">
         <wf lemma="het" pos="X">het</wf>
         <instance id="d000.s3200.t000" lemma="herstel" pos="NOUN">herstel</instance>
         <wf lemma="van" pos="X">van</wf>
         <wf lemma="de" pos="X">de</wf>
         <wf lemma="economie" pos="X">economie</wf>
         <wf lemma="na" pos="X">na</wf>
         <wf lemma="de" pos="X">de</wf>
         <wf lemma="oorlog" pos="X">oorlog</wf>
         <wf lemma="." pos="X">.</wf>
      </sentence>
      <sentence id="d000.s3201" source="wordnet-dutch">
         <wf lemma="alle" pos="X">alle</wf>
         <wf lemma="deelnemende" pos="X">deelnemende</wf>
         <wf lemma="landen" pos="X">landen</wf>
         <wf lemma="hebben" pos="X">hebben</wf>
         <wf lemma="de" pos="X">de</wf>
         <instance id="d000.s3201.t000" lemma="conventie" pos="NOUN">conventie</instance>
         <wf lemma="ondertekend" pos="X">ondertekend</wf>
         <wf lemma="." pos="X">.</wf>
      </sentence>
      <sentence id="d000.s3202" source="wordnet-dutch">
         <wf lemma="De" pos="X">De</wf>
         <wf lemma="burgemeester" pos="X">burgemeester</wf>
         <wf lemma="van" pos="X">van</wf>
         <wf lemma="Werkendam" pos="X">Werkendam</wf>
         <wf lemma="vindt" pos="X">vindt</wf>
         <wf lemma="een" pos="X">een</wf>
         <wf lemma="fusie" pos="X">fusie</wf>
         <wf lemma="tussen" pos="X">tussen</wf>
         <wf lemma="de" pos="X">de</wf>
         <wf lemma="verschillende" pos="X">verschillende</wf>
         <instance id="d000.s3202.t000" lemma="kern" pos="NOUN">kernen</instance>
         <wf lemma="absoluut" pos="X">absoluut</wf>
         <wf lemma="noodzakelijk" pos="X">noodzakelijk</wf>
         <wf lemma="." pos="X">.</wf>
      </sentence>
      <sentence id="d000.s3203" source="wordnet-dutch">
         <wf lemma="het" pos="X">het</wf>
         <wf lemma="ongeluk" pos="X">ongeluk</wf>
         <wf lemma="is" pos="X">is</wf>
         <wf lemma="een" pos="X">een</wf>
         <instance id="d000.s3203.t000" lemma="waarschuwing" pos="NOUN">waarschuwing</instance>
         <wf lemma="voor" pos="X">voor</wf>
         <wf lemma="iedereen" pos="X">iedereen</wf>
         <wf lemma="die" pos="X">die</wf>
         <wf lemma="dronken" pos="X">dronken</wf>
         <wf lemma="achter" pos="X">achter</wf>
         <wf lemma="het" pos="X">het</wf>
         <wf lemma="stuur" pos="X">stuur</wf>
         <wf lemma="gaat" pos="X">gaat</wf>
         <wf lemma="zitten" pos="X">zitten</wf>
         <wf lemma="." pos="X">.</wf>
      </sentence>
      <sentence id="d000.s3204" source="wordnet-dutch">
         <wf lemma="uiteindelijk" pos="X">uiteindelijk</wf>
         <wf lemma="is" pos="X">is</wf>
         <wf lemma="hij" pos="X">hij</wf>
         <wf lemma="voor" pos="X">voor</wf>
         <wf lemma="haar" pos="X">haar</wf>
         <instance id="d000.s3204.t000" lemma="zwichten" pos="VERB">gezwicht</instance>
         <wf lemma="en" pos="X">en</wf>
         <wf lemma="zijn" pos="X">zijn</wf>
         <wf lemma="ze" pos="X">ze</wf>
         <wf lemma="getrouwd" pos="X">getrouwd</wf>
         <wf lemma="." pos="X">.</wf>
      </sentence>
      <sentence id="d000.s3205" source="wordnet-dutch">
         <wf lemma="studenten" pos="X">studenten</wf>
         <wf lemma="moeten" pos="X">moeten</wf>
         <instance id="d000.s3205.t000" lemma="inloggen" pos="VERB">inloggen</instance>
         <wf lemma="op" pos="X">op</wf>
         <wf lemma="het" pos="X">het</wf>
         <wf lemma="netwerk" pos="X">netwerk</wf>
         <wf lemma="van" pos="X">van</wf>
         <wf lemma="de" pos="X">de</wf>
         <wf lemma="universiteit" pos="X">universiteit</wf>
         <wf lemma="." pos="X">.</wf>
      </sentence>
      <sentence id="d000.s3206" source="wordnet-dutch">
         <wf lemma="de" pos="X">de</wf>
         <instance id="d000.s3206.t000" lemma="identificatie" pos="NOUN">identificatie</instance>
         <wf lemma="van" pos="X">van</wf>
         <wf lemma="burger" pos="X">burger</wf>
         <wf lemma="met" pos="X">met</wf>
         <wf lemma="de" pos="X">de</wf>
         <wf lemma="staat" pos="X">staat</wf>
         <wf lemma="neemt" pos="X">neemt</wf>
         <wf lemma="af" pos="X">af</wf>
         <wf lemma="." pos="X">.</wf>
      </sentence>
      <sentence id="d000.s3207" source="wordnet-dutch">
         <wf lemma="het" pos="X">het</wf>
         <wf lemma="is" pos="X">is</wf>
         <wf lemma="de" pos="X">de</wf>
         <wf lemma="bedoeling" pos="X">bedoeling</wf>
         <wf lemma="dat" pos="X">dat</wf>
         <wf lemma="deze" pos="X">deze</wf>
         <wf lemma="woningen" pos="X">woningen</wf>
         <wf lemma="worden" pos="X">worden</wf>
         <wf lemma="verkocht" pos="X">verkocht</wf>
         <wf lemma="aan" pos="X">aan</wf>
         <wf lemma="mensen" pos="X">mensen</wf>
         <wf lemma="die" pos="X">die</wf>
         <wf lemma="nu" pos="X">nu</wf>
         <wf lemma="in" pos="X">in</wf>
         <wf lemma="een" pos="X">een</wf>
         <instance id="d000.s3207.t000" lemma="huurhuis" pos="NOUN">huurhuis</instance>
         <wf lemma="wonen" pos="X">wonen</wf>
         <wf lemma="." pos="X">.</wf>
      </sentence>
      <sentence id="d000.s3208" source="wordnet-dutch">
         <wf lemma="hij" pos="X">hij</wf>
         <wf lemma="staat" pos="X">staat</wf>
         <wf lemma="onder" pos="X">onder</wf>
         <wf lemma="strenge" pos="X">strenge</wf>
         <instance id="d000.s3208.t000" lemma="tucht" pos="NOUN">tucht</instance>
         <wf lemma="." pos="X">.</wf>
      </sentence>
      <sentence id="d000.s3209" source="wordnet-dutch">
         <wf lemma="we" pos="X">we</wf>
         <wf lemma="drinken" pos="X">drinken</wf>
         <wf lemma="koffie" pos="X">koffie</wf>
         <wf lemma="uit" pos="X">uit</wf>
         <wf lemma="een" pos="X">een</wf>
         <instance id="d000.s3209.t000" lemma="koffiekop" pos="NOUN">koffiekop</instance>
         <wf lemma="." pos="X">.</wf>
      </sentence>
      <sentence id="d000.s3210" source="wordnet-dutch">
         <wf lemma="het" pos="X">het</wf>
         <wf lemma="duurde" pos="X">duurde</wf>
         <wf lemma="enige" pos="X">enige</wf>
         <wf lemma="tijd" pos="X">tijd</wf>
         <wf lemma="voordat" pos="X">voordat</wf>
         <wf lemma="de" pos="X">de</wf>
         <wf lemma="thuisploeg" pos="X">thuisploeg</wf>
         <wf lemma="de" pos="X">de</wf>
         <wf lemma="wedstrijd" pos="X">wedstrijd</wf>
         <wf lemma="wist" pos="X">wist</wf>
         <wf lemma="te" pos="X">te</wf>
         <instance id="d000.s3210.t000" lemma="controleren" pos="VERB">controleren</instance>
         <wf lemma="." pos="X">.</wf>
      </sentence>
      <sentence id="d000.s3211" source="wordnet-dutch">
         <wf lemma="deze" pos="X">deze</wf>
         <wf lemma="rivier" pos="X">rivier</wf>
         <instance id="d000.s3211.t000" lemma="ontspringen" pos="VERB">ontspringt</instance>
         <wf lemma="in" pos="X">in</wf>
         <wf lemma="de" pos="X">de</wf>
         <wf lemma="Zwitserse" pos="X">Zwitserse</wf>
         <wf lemma="Alpen" pos="X">Alpen</wf>
         <wf lemma="." pos="X">.</wf>
      </sentence>
      <sentence id="d000.s3212" source="wordnet-dutch">
         <wf lemma="steeds" pos="X">steeds</wf>
         <wf lemma="meer" pos="X">meer</wf>
         <wf lemma="gebouwen" pos="X">gebouwen</wf>
         <wf lemma="en" pos="X">en</wf>
         <wf lemma="beelden" pos="X">beelden</wf>
         <wf lemma="raken" pos="X">raken</wf>
         <wf lemma="door" pos="X">door</wf>
         <instance id="d000.s3212.t000" lemma="verzuring" pos="NOUN">verzuring</instance>
         <wf lemma="aangetast" pos="X">aangetast</wf>
         <wf lemma="." pos="X">.</wf>
      </sentence>
      <sentence id="d000.s3213" source="wordnet-dutch">
         <wf lemma="de" pos="X">de</wf>
         <wf lemma="Eindhovenaren" pos="X">Eindhovenaren</wf>
         <wf lemma="probeerden" pos="X">probeerden</wf>
         <wf lemma="enkele" pos="X">enkele</wf>
         <wf lemma="kansen" pos="X">kansen</wf>
         <wf lemma="te" pos="X">te</wf>
         <instance id="d000.s3213.t000" lemma="forceren" pos="VERB">forceren</instance>
         <wf lemma="." pos="X">.</wf>
      </sentence>
      <sentence id="d000.s3214" source="wordnet-dutch">
         <wf lemma="hij" pos="X">hij</wf>
         <wf lemma="heeft" pos="X">heeft</wf>
         <wf lemma="hen" pos="X">hen</wf>
         <instance id="d000.s3214.t000" lemma="uitleggen" pos="VERB">uitgelegd</instance>
         <wf lemma="dat" pos="X">dat</wf>
         <wf lemma="er" pos="X">er</wf>
         <wf lemma="in" pos="X">in</wf>
         <wf lemma="België" pos="X">België</wf>
         <wf lemma="drie" pos="X">drie</wf>
         <wf lemma="regeringen" pos="X">regeringen</wf>
         <wf lemma="zijn" pos="X">zijn</wf>
         <wf lemma="." pos="X">.</wf>
      </sentence>
      <sentence id="d000.s3215" source="wordnet-dutch">
         <wf lemma="de" pos="X">de</wf>
         <wf lemma="namen" pos="X">namen</wf>
         <wf lemma="van" pos="X">van</wf>
         <wf lemma="de" pos="X">de</wf>
         <wf lemma="deelnemers" pos="X">deelnemers</wf>
         <wf lemma="worden" pos="X">worden</wf>
         <wf lemma="in" pos="X">in</wf>
         <wf lemma="alfabetische" pos="X">alfabetische</wf>
         <instance id="d000.s3215.t000" lemma="volgorde" pos="NOUN">volgorde</instance>
         <wf lemma="voorgelezen" pos="X">voorgelezen</wf>
         <wf lemma="." pos="X">.</wf>
      </sentence>
      <sentence id="d000.s3216" source="wordnet-dutch">
         <wf lemma="de" pos="X">de</wf>
         <wf lemma="IRA" pos="X">IRA</wf>
         <wf lemma="beraamt" pos="X">beraamt</wf>
         <wf lemma="nieuwe" pos="X">nieuwe</wf>
         <wf lemma="aanslagen" pos="X">aanslagen</wf>
         <wf lemma="in" pos="X">in</wf>
         <wf lemma="Groot-Brittannië" pos="X">Groot-Brittannië</wf>
         <wf lemma="en" pos="X">en</wf>
         <wf lemma="op" pos="X">op</wf>
         <wf lemma="het" pos="X">het</wf>
         <wf lemma="Europese" pos="X">Europese</wf>
         <instance id="d000.s3216.t000" lemma="vasteland" pos="NOUN">vasteland</instance>
         <wf lemma="." pos="X">.</wf>
      </sentence>
      <sentence id="d000.s3217" source="wordnet-dutch">
         <wf lemma="hij" pos="X">hij</wf>
         <wf lemma="is" pos="X">is</wf>
         <instance id="d000.s3217.t000" lemma="trouwen" pos="VERB">getrouwd</instance>
         <wf lemma="met" pos="X">met</wf>
         <wf lemma="de" pos="X">de</wf>
         <wf lemma="zus" pos="X">zus</wf>
         <wf lemma="van" pos="X">van</wf>
         <wf lemma="mijn" pos="X">mijn</wf>
         <wf lemma="neef" pos="X">neef</wf>
         <wf lemma="." pos="X">.</wf>
      </sentence>
      <sentence id="d000.s3218" source="wordnet-dutch">
         <wf lemma="het" pos="X">het</wf>
         <wf lemma="bleke" pos="X">bleke</wf>
         <wf lemma="maanlicht" pos="X">maanlicht</wf>
         <wf lemma="over" pos="X">over</wf>
         <wf lemma="het" pos="X">het</wf>
         <wf lemma="kale" pos="X">kale</wf>
         <wf lemma="ijs" pos="X">ijs</wf>
         <instance id="d000.s3218.t000" lemma="beklemmen" pos="VERB">beklemde</instance>
         <wf lemma="hem" pos="X">hem</wf>
         <wf lemma="enigszins" pos="X">enigszins</wf>
         <wf lemma="." pos="X">.</wf>
      </sentence>
      <sentence id="d000.s3219" source="wordnet-dutch">
         <wf lemma="hij" pos="X">hij</wf>
         <wf lemma="is" pos="X">is</wf>
         <wf lemma="behoorlijk" pos="X">behoorlijk</wf>
         <wf lemma="dik" pos="X">dik</wf>
         <wf lemma="en" pos="X">en</wf>
         <wf lemma="zijn" pos="X">zijn</wf>
         <wf lemma="eetlust" pos="X">eetlust</wf>
         <wf lemma="is" pos="X">is</wf>
         <wf lemma="naar" pos="X">naar</wf>
         <instance id="d000.s3219.t000" lemma="proportie" pos="NOUN">proportie</instance>
         <wf lemma="." pos="X">.</wf>
      </sentence>
      <sentence id="d000.s3220" source="wordnet-dutch">
         <wf lemma="ik" pos="X">ik</wf>
         <wf lemma="draai" pos="X">draai</wf>
         <wf lemma="de" pos="X">de</wf>
         <wf lemma="hele" pos="X">hele</wf>
         <wf lemma="ochtend" pos="X">ochtend</wf>
         <wf lemma="dit" pos="X">dit</wf>
         <wf lemma="nummer" pos="X">nummer</wf>
         <wf lemma="maar" pos="X">maar</wf>
         <wf lemma="ik" pos="X">ik</wf>
         <instance id="d000.s3220.t000" lemma="krijgen" pos="VERB">krijg</instance>
         <wf lemma="geen" pos="X">geen</wf>
         <wf lemma="gehoor" pos="X">gehoor</wf>
         <wf lemma="." pos="X">.</wf>
      </sentence>
      <sentence id="d000.s3221" source="wordnet-dutch">
         <wf lemma="de" pos="X">de</wf>
         <wf lemma="diepte" pos="X">diepte</wf>
         <wf lemma="vormt" pos="X">vormt</wf>
         <wf lemma="een" pos="X">een</wf>
         <instance id="d000.s3221.t000" lemma="beletsel" pos="NOUN">beletsel</instance>
         <wf lemma="voor" pos="X">voor</wf>
         <wf lemma="de" pos="X">de</wf>
         <wf lemma="doorvaart" pos="X">doorvaart</wf>
         <wf lemma="." pos="X">.</wf>
      </sentence>
      <sentence id="d000.s3222" source="wordnet-dutch">
         <wf lemma="Je" pos="X">Je</wf>
         <wf lemma="ogen" pos="X">ogen</wf>
         <instance id="d000.s3222.t000" lemma="verraden" pos="VERB">verraden</instance>
         <wf lemma="dat" pos="X">dat</wf>
         <wf lemma="je" pos="X">je</wf>
         <wf lemma="boos" pos="X">boos</wf>
         <wf lemma="bent" pos="X">bent</wf>
         <wf lemma="." pos="X">.</wf>
      </sentence>
      <sentence id="d000.s3223" source="wordnet-dutch">
         <wf lemma="de" pos="X">de</wf>
         <instance id="d000.s3223.t000" lemma="inbreker" pos="NOUN">inbreker</instance>
         <wf lemma="werd" pos="X">werd</wf>
         <wf lemma="op" pos="X">op</wf>
         <wf lemma="heterdaad" pos="X">heterdaad</wf>
         <wf lemma="betrapt" pos="X">betrapt</wf>
         <wf lemma="." pos="X">.</wf>
      </sentence>
      <sentence id="d000.s3224" source="wordnet-dutch">
         <wf lemma="de" pos="X">de</wf>
         <wf lemma="menigte" pos="X">menigte</wf>
         <wf lemma="verwekt" pos="X">verwekt</wf>
         <instance id="d000.s3224.t000" lemma="herrie" pos="NOUN">herrie</instance>
         <wf lemma="." pos="X">.</wf>
      </sentence>
      <sentence id="d000.s3225" source="wordnet-dutch">
         <wf lemma="Bergketens" pos="X">Bergketens</wf>
         <wf lemma="onder" pos="X">onder</wf>
         <wf lemma="de" pos="X">de</wf>
         <wf lemma="zee" pos="X">zee</wf>
         <wf lemma="worden" pos="X">worden</wf>
         <instance id="d000.s3225.t000" lemma="drempel" pos="NOUN">drempels</instance>
         <wf lemma="of" pos="X">of</wf>
         <wf lemma="ruggen" pos="X">ruggen</wf>
         <wf lemma="genoemd" pos="X">genoemd</wf>
         <wf lemma="." pos="X">.</wf>
      </sentence>
      <sentence id="d000.s3226" source="wordnet-dutch">
         <wf lemma="een" pos="X">een</wf>
         <wf lemma="rij" pos="X">rij</wf>
         <wf lemma="haagbeuken" pos="X">haagbeuken</wf>
         <instance id="d000.s3226.t000" lemma="omzomen" pos="VERB">omzoomt</instance>
         <wf lemma="de" pos="X">de</wf>
         <wf lemma="tuin" pos="X">tuin</wf>
         <wf lemma="." pos="X">.</wf>
      </sentence>
      <sentence id="d000.s3227" source="wordnet-dutch">
         <wf lemma="in" pos="X">in</wf>
         <wf lemma="dit" pos="X">dit</wf>
         <wf lemma="boek" pos="X">boek</wf>
         <wf lemma="staan" pos="X">staan</wf>
         <wf lemma="een" pos="X">een</wf>
         <wf lemma="paar" pos="X">paar</wf>
         <wf lemma="aardige" pos="X">aardige</wf>
         <instance id="d000.s3227.t000" lemma="vondst" pos="NOUN">vondsten</instance>
         <wf lemma="." pos="X">.</wf>
      </sentence>
      <sentence id="d000.s3228" source="wordnet-dutch">
         <wf lemma="hij" pos="X">hij</wf>
         <wf lemma="verdient" pos="X">verdient</wf>
         <wf lemma="duizend" pos="X">duizend</wf>
         <wf lemma="gulden" pos="X">gulden</wf>
         <wf lemma="per" pos="X">per</wf>
         <instance id="d000.s3228.t000" lemma="week" pos="NOUN">week</instance>
         <wf lemma="." pos="X">.</wf>
      </sentence>
      <sentence id="d000.s3229" source="wordnet-dutch">
         <wf lemma="hij" pos="X">hij</wf>
         <instance id="d000.s3229.t000" lemma="verwijzen" pos="VERB">verwijst</instance>
         <wf lemma="in" pos="X">in</wf>
         <wf lemma="zijn" pos="X">zijn</wf>
         <wf lemma="gedichten" pos="X">gedichten</wf>
         <wf lemma="regelmatig" pos="X">regelmatig</wf>
         <wf lemma="naar" pos="X">naar</wf>
         <wf lemma="de" pos="X">de</wf>
         <wf lemma="bijbel" pos="X">bijbel</wf>
         <wf lemma="." pos="X">.</wf>
      </sentence>
      <sentence id="d000.s3230" source="wordnet-dutch">
         <wf lemma="voorlopig" pos="X">voorlopig</wf>
         <wf lemma="ondernemen" pos="X">ondernemen</wf>
         <wf lemma="we" pos="X">we</wf>
         <wf lemma="nog" pos="X">nog</wf>
         <wf lemma="geen" pos="X">geen</wf>
         <instance id="d000.s3230.t000" lemma="actie" pos="NOUN">actie</instance>
         <wf lemma="." pos="X">.</wf>
      </sentence>
      <sentence id="d000.s3231" source="wordnet-dutch">
         <wf lemma="een" pos="X">een</wf>
         <wf lemma="auto" pos="X">auto</wf>
         <wf lemma="met" pos="X">met</wf>
         <wf lemma="de" pos="X">de</wf>
         <wf lemma="modernste" pos="X">modernste</wf>
         <instance id="d000.s3231.t000" lemma="techniek" pos="NOUN">techniek</instance>
         <wf lemma="." pos="X">.</wf>
      </sentence>
      <sentence id="d000.s3232" source="wordnet-dutch">
         <wf lemma="zijn" pos="X">zijn</wf>
         <wf lemma="baas" pos="X">baas</wf>
         <wf lemma="heeft" pos="X">heeft</wf>
         <wf lemma="hem" pos="X">hem</wf>
         <wf lemma="naar" pos="X">naar</wf>
         <wf lemma="Amsterdam" pos="X">Amsterdam</wf>
         <instance id="d000.s3232.t000" lemma="sturen" pos="VERB">gestuurd</instance>
         <wf lemma="." pos="X">.</wf>
      </sentence>
      <sentence id="d000.s3233" source="wordnet-dutch">
         <wf lemma="naar" pos="X">naar</wf>
         <wf lemma="het" pos="X">het</wf>
         <wf lemma="strand" pos="X">strand</wf>
         <wf lemma="gaan" pos="X">gaan</wf>
         <wf lemma="," pos="X">,</wf>
         <wf lemma="dat" pos="X">dat</wf>
         <wf lemma="is" pos="X">is</wf>
         <wf lemma="geen" pos="X">geen</wf>
         <wf lemma="gek" pos="X">gek</wf>
         <instance id="d000.s3233.t000" lemma="idee" pos="NOUN">idee</instance>
         <wf lemma="!" pos="X">!</wf>
      </sentence>
      <sentence id="d000.s3234" source="wordnet-dutch">
         <wf lemma="hij" pos="X">hij</wf>
         <instance id="d000.s3234.t000" lemma="prikken" pos="VERB">prikte</instance>
         <wf lemma="me" pos="X">me</wf>
         <wf lemma="(" pos="X">(</wf>
         <wf lemma="in" pos="X">in</wf>
         <wf lemma="de" pos="X">de</wf>
         <wf lemma="arm" pos="X">arm</wf>
         <wf lemma=")" pos="X">)</wf>
         <wf lemma="met" pos="X">met</wf>
         <wf lemma="een" pos="X">een</wf>
         <wf lemma="speld" pos="X">speld</wf>
         <wf lemma="." pos="X">.</wf>
      </sentence>
      <sentence id="d000.s3235" source="wordnet-dutch">
         <wf lemma="vorig" pos="X">vorig</wf>
         <wf lemma="jaar" pos="X">jaar</wf>
         <instance id="d000.s3235.t000" lemma="beëindigen" pos="VERB">beëindigde</instance>
         <wf lemma="hij" pos="X">hij</wf>
         <wf lemma="zijn" pos="X">zijn</wf>
         <wf lemma="politieke" pos="X">politieke</wf>
         <wf lemma="carrière" pos="X">carrière</wf>
         <wf lemma="." pos="X">.</wf>
      </sentence>
      <sentence id="d000.s3236" source="wordnet-dutch">
         <wf lemma="de" pos="X">de</wf>
         <wf lemma="fietsen" pos="X">fietsen</wf>
         <wf lemma="staan" pos="X">staan</wf>
         <wf lemma="in" pos="X">in</wf>
         <wf lemma="de" pos="X">de</wf>
         <instance id="d000.s3236.t000" lemma="schuur" pos="NOUN">schuur</instance>
         <wf lemma="." pos="X">.</wf>
      </sentence>
      <sentence id="d000.s3237" source="wordnet-dutch">
         <wf lemma="Volgens" pos="X">Volgens</wf>
         <wf lemma="de" pos="X">de</wf>
         <wf lemma="directeur" pos="X">directeur</wf>
         <wf lemma="van" pos="X">van</wf>
         <wf lemma="de" pos="X">de</wf>
         <wf lemma="Rabobank" pos="X">Rabobank</wf>
         <wf lemma="is" pos="X">is</wf>
         <wf lemma="geldinjectie" pos="X">geldinjectie</wf>
         <wf lemma="een" pos="X">een</wf>
         <wf lemma="nutteloze" pos="X">nutteloze</wf>
         <instance id="d000.s3237.t000" lemma="operatie" pos="NOUN">operatie</instance>
         <wf lemma="." pos="X">.</wf>
      </sentence>
      <sentence id="d000.s3238" source="wordnet-dutch">
         <wf lemma="men" pos="X">men</wf>
         <wf lemma="moet" pos="X">moet</wf>
         <wf lemma="rekening" pos="X">rekening</wf>
         <wf lemma="houden" pos="X">houden</wf>
         <wf lemma="met" pos="X">met</wf>
         <wf lemma="de" pos="X">de</wf>
         <instance id="d000.s3238.t000" lemma="eventualiteit" pos="NOUN">eventualiteit</instance>
         <wf lemma="dat" pos="X">dat</wf>
         <wf lemma="Ajax" pos="X">Ajax</wf>
         <wf lemma="geen" pos="X">geen</wf>
         <wf lemma="kampioen" pos="X">kampioen</wf>
         <wf lemma="wordt" pos="X">wordt</wf>
         <wf lemma="." pos="X">.</wf>
      </sentence>
      <sentence id="d000.s3239" source="wordnet-dutch">
         <wf lemma="ze" pos="X">ze</wf>
         <wf lemma="deed" pos="X">deed</wf>
         <wf lemma="haar" pos="X">haar</wf>
         <instance id="d000.s3239.t000" lemma="voordeel" pos="NOUN">voordeel</instance>
         <wf lemma="met" pos="X">met</wf>
         <wf lemma="die" pos="X">die</wf>
         <wf lemma="toevallige" pos="X">toevallige</wf>
         <wf lemma="ontmoeting" pos="X">ontmoeting</wf>
         <wf lemma="." pos="X">.</wf>
      </sentence>
      <sentence id="d000.s3240" source="wordnet-dutch">
         <wf lemma="als" pos="X">als</wf>
         <wf lemma="er" pos="X">er</wf>
         <wf lemma="een" pos="X">een</wf>
         <wf lemma="plaats" pos="X">plaats</wf>
         <wf lemma="is" pos="X">is</wf>
         <wf lemma="in" pos="X">in</wf>
         <wf lemma="de" pos="X">de</wf>
         <wf lemma="crèche" pos="X">crèche</wf>
         <wf lemma="is" pos="X">is</wf>
         <wf lemma="het" pos="X">het</wf>
         <instance id="d000.s3240.t000" lemma="probleem" pos="NOUN">probleem</instance>
         <wf lemma="opgelost" pos="X">opgelost</wf>
         <wf lemma="." pos="X">.</wf>
      </sentence>
      <sentence id="d000.s3241" source="wordnet-dutch">
         <wf lemma="om" pos="X">om</wf>
         <instance id="d000.s3241.t000" lemma="feit" pos="NOUN">feit</instance>
         <wf lemma="en" pos="X">en</wf>
         <wf lemma="fictie" pos="X">fictie</wf>
         <wf lemma="te" pos="X">te</wf>
         <wf lemma="kunnen" pos="X">kunnen</wf>
         <wf lemma="scheiden" pos="X">scheiden</wf>
         <wf lemma="." pos="X">.</wf>
      </sentence>
      <sentence id="d000.s3242" source="wordnet-dutch">
         <wf lemma="hij" pos="X">hij</wf>
         <wf lemma="zocht" pos="X">zocht</wf>
         <wf lemma="zijn" pos="X">zijn</wf>
         <instance id="d000.s3242.t000" lemma="fortuin" pos="NOUN">fortuin</instance>
         <wf lemma="in" pos="X">in</wf>
         <wf lemma="de" pos="X">de</wf>
         <wf lemma="bloemenhandel" pos="X">bloemenhandel</wf>
         <wf lemma="." pos="X">.</wf>
      </sentence>
      <sentence id="d000.s3243" source="wordnet-dutch">
         <wf lemma="in" pos="X">in</wf>
         <wf lemma="de" pos="X">de</wf>
         <wf lemma="traditionele" pos="X">traditionele</wf>
         <wf lemma="Hollandse" pos="X">Hollandse</wf>
         <wf lemma="keuken" pos="X">keuken</wf>
         <wf lemma="wordt" pos="X">wordt</wf>
         <wf lemma="de" pos="X">de</wf>
         <wf lemma="groente" pos="X">groente</wf>
         <wf lemma="tot" pos="X">tot</wf>
         <instance id="d000.s3243.t000" lemma="pap" pos="NOUN">pap</instance>
         <wf lemma="gekookt" pos="X">gekookt</wf>
         <wf lemma="." pos="X">.</wf>
      </sentence>
      <sentence id="d000.s3244" source="wordnet-dutch">
         <wf lemma="hij" pos="X">hij</wf>
         <wf lemma="maakt" pos="X">maakt</wf>
         <wf lemma="een" pos="X">een</wf>
         <instance id="d000.s3244.t000" lemma="begin" pos="NOUN">begin</instance>
         <wf lemma="met" pos="X">met</wf>
         <wf lemma="zijn" pos="X">zijn</wf>
         <wf lemma="studie" pos="X">studie</wf>
         <wf lemma="." pos="X">.</wf>
      </sentence>
      <sentence id="d000.s3245" source="wordnet-dutch">
         <wf lemma="hij" pos="X">hij</wf>
         <wf lemma="weet" pos="X">weet</wf>
         <wf lemma="precies/best" pos="X">precies/best</wf>
         <wf lemma="wat" pos="X">wat</wf>
         <wf lemma="ik" pos="X">ik</wf>
         <instance id="d000.s3245.t000" lemma="bedoelen" pos="VERB">bedoel</instance>
         <wf lemma="," pos="X">,</wf>
         <wf lemma="maar" pos="X">maar</wf>
         <wf lemma="hij" pos="X">hij</wf>
         <wf lemma="doet" pos="X">doet</wf>
         <wf lemma="alsof" pos="X">alsof</wf>
         <wf lemma="hij" pos="X">hij</wf>
         <wf lemma="me" pos="X">me</wf>
         <wf lemma="niet" pos="X">niet</wf>
         <wf lemma="begrepen" pos="X">begrepen</wf>
         <wf lemma="heeft" pos="X">heeft</wf>
         <wf lemma="." pos="X">.</wf>
      </sentence>
      <sentence id="d000.s3246" source="wordnet-dutch">
         <wf lemma="de" pos="X">de</wf>
         <wf lemma="voetballer" pos="X">voetballer</wf>
         <wf lemma="lag" pos="X">lag</wf>
         <wf lemma="enige" pos="X">enige</wf>
         <wf lemma="tijd" pos="X">tijd</wf>
         <wf lemma="uitgeteld" pos="X">uitgeteld</wf>
         <wf lemma="nadat" pos="X">nadat</wf>
         <wf lemma="hij" pos="X">hij</wf>
         <wf lemma="een" pos="X">een</wf>
         <wf lemma="bal" pos="X">bal</wf>
         <wf lemma="in" pos="X">in</wf>
         <wf lemma="het" pos="X">het</wf>
         <instance id="d000.s3246.t000" lemma="kruis" pos="NOUN">kruis</instance>
         <wf lemma="had" pos="X">had</wf>
         <wf lemma="gekregen" pos="X">gekregen</wf>
         <wf lemma="." pos="X">.</wf>
      </sentence>
      <sentence id="d000.s3247" source="wordnet-dutch">
         <wf lemma="volg" pos="X">volg</wf>
         <wf lemma="de" pos="X">de</wf>
         <instance id="d000.s3247.t000" lemma="wegwijzer" pos="NOUN">wegwijzers</instance>
         <wf lemma="en" pos="X">en</wf>
         <wf lemma="u" pos="X">u</wf>
         <wf lemma="komt" pos="X">komt</wf>
         <wf lemma="vanzelf" pos="X">vanzelf</wf>
         <wf lemma="op" pos="X">op</wf>
         <wf lemma="de" pos="X">de</wf>
         <wf lemma="plaats" pos="X">plaats</wf>
         <wf lemma="van" pos="X">van</wf>
         <wf lemma="bestemming" pos="X">bestemming</wf>
         <wf lemma="." pos="X">.</wf>
      </sentence>
      <sentence id="d000.s3248" source="wordnet-dutch">
         <wf lemma="na" pos="X">na</wf>
         <wf lemma="tien" pos="X">tien</wf>
         <wf lemma="keer" pos="X">keer</wf>
         <wf lemma="oefenen" pos="X">oefenen</wf>
         <wf lemma="had" pos="X">had</wf>
         <wf lemma="hij" pos="X">hij</wf>
         <wf lemma="eindelijk" pos="X">eindelijk</wf>
         <wf lemma="de" pos="X">de</wf>
         <instance id="d000.s3248.t000" lemma="slag" pos="NOUN">slag</instance>
         <wf lemma="te" pos="X">te</wf>
         <wf lemma="pakken" pos="X">pakken</wf>
         <wf lemma="." pos="X">.</wf>
      </sentence>
      <sentence id="d000.s3249" source="wordnet-dutch">
         <wf lemma="ik" pos="X">ik</wf>
         <wf lemma="zie" pos="X">zie</wf>
         <wf lemma="haar" pos="X">haar</wf>
         <wf lemma="de" pos="X">de</wf>
         <wf lemma="laatste" pos="X">laatste</wf>
         <instance id="d000.s3249.t000" lemma="tijd" pos="NOUN">tijd</instance>
         <wf lemma="nog" pos="X">nog</wf>
         <wf lemma="maar" pos="X">maar</wf>
         <wf lemma="weinig" pos="X">weinig</wf>
         <wf lemma="." pos="X">.</wf>
      </sentence>
      <sentence id="d000.s3250" source="wordnet-dutch">
         <wf lemma="er" pos="X">er</wf>
         <wf lemma="moet" pos="X">moet</wf>
         <wf lemma="een" pos="X">een</wf>
         <instance id="d000.s3250.t000" lemma="pietsje" pos="NOUN">pietsje</instance>
         <wf lemma="zout" pos="X">zout</wf>
         <wf lemma="in" pos="X">in</wf>
         <wf lemma="." pos="X">.</wf>
      </sentence>
      <sentence id="d000.s3251" source="wordnet-dutch">
         <wf lemma="het" pos="X">het</wf>
         <wf lemma="zal" pos="X">zal</wf>
         <wf lemma="die" pos="X">die</wf>
         <wf lemma="student" pos="X">student</wf>
         <instance id="d000.s3251.t000" lemma="opluchten" pos="VERB">opluchten</instance>
         <wf lemma="als" pos="X">als</wf>
         <wf lemma="hij" pos="X">hij</wf>
         <wf lemma="hoort" pos="X">hoort</wf>
         <wf lemma="dat" pos="X">dat</wf>
         <wf lemma="hij" pos="X">hij</wf>
         <wf lemma="geslaagd" pos="X">geslaagd</wf>
         <wf lemma="is" pos="X">is</wf>
         <wf lemma="." pos="X">.</wf>
      </sentence>
      <sentence id="d000.s3252" source="wordnet-dutch">
         <wf lemma="In" pos="X">In</wf>
         <wf lemma="de" pos="X">de</wf>
         <wf lemma="piano" pos="X">piano</wf>
         <wf lemma="bespeelt" pos="X">bespeelt</wf>
         <wf lemma="een" pos="X">een</wf>
         <instance id="d000.s3252.t000" lemma="hamer" pos="NOUN">hamer</instance>
         <wf lemma="van" pos="X">van</wf>
         <wf lemma="het" pos="X">het</wf>
         <wf lemma="speelmechaniek" pos="X">speelmechaniek</wf>
         <wf lemma="de" pos="X">de</wf>
         <wf lemma="snaren" pos="X">snaren</wf>
         <wf lemma="." pos="X">.</wf>
      </sentence>
      <sentence id="d000.s3253" source="wordnet-dutch">
         <wf lemma="de" pos="X">de</wf>
         <wf lemma="politie" pos="X">politie</wf>
         <wf lemma="deed" pos="X">deed</wf>
         <instance id="d000.s3253.t000" lemma="huiszoeking" pos="NOUN">huiszoeking</instance>
         <wf lemma="bij" pos="X">bij</wf>
         <wf lemma="de" pos="X">de</wf>
         <wf lemma="verdachte" pos="X">verdachte</wf>
         <wf lemma="." pos="X">.</wf>
      </sentence>
      <sentence id="d000.s3254" source="wordnet-dutch">
         <wf lemma="hij" pos="X">hij</wf>
         <wf lemma="hoorde" pos="X">hoorde</wf>
         <wf lemma="over" pos="X">over</wf>
         <wf lemma="de" pos="X">de</wf>
         <instance id="d000.s3254.t000" lemma="verwikkeling" pos="NOUN">verwikkelingen</instance>
         <wf lemma="rond" pos="X">rond</wf>
         <wf lemma="de" pos="X">de</wf>
         <wf lemma="nieuwe" pos="X">nieuwe</wf>
         <wf lemma="bouwplannen" pos="X">bouwplannen</wf>
         <wf lemma="." pos="X">.</wf>
      </sentence>
      <sentence id="d000.s3255" source="wordnet-dutch">
         <wf lemma="alles" pos="X">alles</wf>
         <instance id="d000.s3255.t000" lemma="afwegen" pos="VERB">afwegende</instance>
         <wf lemma="hebben" pos="X">hebben</wf>
         <wf lemma="we" pos="X">we</wf>
         <wf lemma="besloten" pos="X">besloten</wf>
         <wf lemma="een" pos="X">een</wf>
         <wf lemma="stalen" pos="X">stalen</wf>
         <wf lemma="zeilschip" pos="X">zeilschip</wf>
         <wf lemma="te" pos="X">te</wf>
         <wf lemma="kopen" pos="X">kopen</wf>
         <wf lemma="." pos="X">.</wf>
      </sentence>
      <sentence id="d000.s3256" source="wordnet-dutch">
         <wf lemma="het" pos="X">het</wf>
         <wf lemma="kabinet" pos="X">kabinet</wf>
         <wf lemma="sleutelt" pos="X">sleutelt</wf>
         <wf lemma="nog" pos="X">nog</wf>
         <wf lemma="aan" pos="X">aan</wf>
         <wf lemma="het" pos="X">het</wf>
         <instance id="d000.s3256.t000" lemma="concept" pos="NOUN">concept</instance>
         <wf lemma="." pos="X">.</wf>
      </sentence>
      <sentence id="d000.s3257" source="wordnet-dutch">
         <wf lemma="op" pos="X">op</wf>
         <wf lemma="weg" pos="X">weg</wf>
         <wf lemma="hier" pos="X">hier</wf>
         <wf lemma="naar" pos="X">naar</wf>
         <wf lemma="toe" pos="X">toe</wf>
         <instance id="d000.s3257.t000" lemma="vinden" pos="VERB">vond</instance>
         <wf lemma="ik" pos="X">ik</wf>
         <wf lemma="op" pos="X">op</wf>
         <wf lemma="straat" pos="X">straat</wf>
         <wf lemma="een" pos="X">een</wf>
         <wf lemma="portefeuille" pos="X">portefeuille</wf>
         <wf lemma="met" pos="X">met</wf>
         <wf lemma="inhoud" pos="X">inhoud</wf>
         <wf lemma="." pos="X">.</wf>
      </sentence>
      <sentence id="d000.s3258" source="wordnet-dutch">
         <wf lemma="iets" pos="X">iets</wf>
         <wf lemma="in" pos="X">in</wf>
         <instance id="d000.s3258.t000" lemma="ernst" pos="NOUN">ernst</instance>
         <wf lemma="overwegen" pos="X">overwegen</wf>
         <wf lemma="." pos="X">.</wf>
      </sentence>
      <sentence id="d000.s3259" source="wordnet-dutch">
         <wf lemma="is" pos="X">is</wf>
         <wf lemma="deze" pos="X">deze</wf>
         <wf lemma="stoel" pos="X">stoel</wf>
         <wf lemma="al" pos="X">al</wf>
         <instance id="d000.s3259.t000" lemma="bezetten" pos="VERB">bezet</instance>
         <wf lemma="of" pos="X">of</wf>
         <wf lemma="mag" pos="X">mag</wf>
         <wf lemma="ik" pos="X">ik</wf>
         <wf lemma="hem" pos="X">hem</wf>
         <wf lemma="aan" pos="X">aan</wf>
         <wf lemma="die" pos="X">die</wf>
         <wf lemma="andere" pos="X">andere</wf>
         <wf lemma="tafel" pos="X">tafel</wf>
         <wf lemma="aanschuiven" pos="X">aanschuiven</wf>
         <wf lemma="?" pos="X">?</wf>
      </sentence>
      <sentence id="d000.s3260" source="wordnet-dutch">
         <wf lemma="als" pos="X">als</wf>
         <wf lemma="zijn" pos="X">zijn</wf>
         <wf lemma="geld" pos="X">geld</wf>
         <wf lemma="op" pos="X">op</wf>
         <wf lemma="is" pos="X">is</wf>
         <wf lemma="," pos="X">,</wf>
         <instance id="d000.s3260.t000" lemma="keren" pos="VERB">keert</instance>
         <wf lemma="hij" pos="X">hij</wf>
         <wf lemma="naar" pos="X">naar</wf>
         <wf lemma="huis" pos="X">huis</wf>
         <wf lemma="." pos="X">.</wf>
      </sentence>
      <sentence id="d000.s3261" source="wordnet-dutch">
         <wf lemma="het" pos="X">het</wf>
         <wf lemma="publiek" pos="X">publiek</wf>
         <instance id="d000.s3261.t000" lemma="klappen" pos="VERB">klapte</instance>
         <wf lemma="enthousiast" pos="X">enthousiast</wf>
         <wf lemma="toen" pos="X">toen</wf>
         <wf lemma="de" pos="X">de</wf>
         <wf lemma="artiest" pos="X">artiest</wf>
         <wf lemma="op" pos="X">op</wf>
         <wf lemma="het" pos="X">het</wf>
         <wf lemma="podium" pos="X">podium</wf>
         <wf lemma="verscheen" pos="X">verscheen</wf>
         <wf lemma="." pos="X">.</wf>
      </sentence>
      <sentence id="d000.s3262" source="wordnet-dutch">
         <wf lemma="D'66" pos="X">D'66</wf>
         <wf lemma="zou" pos="X">zou</wf>
         <wf lemma="zich" pos="X">zich</wf>
         <wf lemma="meer" pos="X">meer</wf>
         <wf lemma="als" pos="X">als</wf>
         <wf lemma="een" pos="X">een</wf>
         <wf lemma="progressieve" pos="X">progressieve</wf>
         <wf lemma="liberale" pos="X">liberale</wf>
         <wf lemma="partij" pos="X">partij</wf>
         <wf lemma="moeten" pos="X">moeten</wf>
         <instance id="d000.s3262.t000" lemma="afficheren" pos="VERB">afficheren</instance>
         <wf lemma="." pos="X">.</wf>
      </sentence>
      <sentence id="d000.s3263" source="wordnet-dutch">
         <wf lemma="het" pos="X">het</wf>
         <wf lemma="nieuwe" pos="X">nieuwe</wf>
         <wf lemma="systeem" pos="X">systeem</wf>
         <instance id="d000.s3263.t000" lemma="functioneren" pos="VERB">functioneert</instance>
         <wf lemma="nog" pos="X">nog</wf>
         <wf lemma="niet" pos="X">niet</wf>
         <wf lemma="naar" pos="X">naar</wf>
         <wf lemma="wens" pos="X">wens</wf>
         <wf lemma="." pos="X">.</wf>
      </sentence>
      <sentence id="d000.s3264" source="wordnet-dutch">
         <wf lemma="veel" pos="X">veel</wf>
         <wf lemma="reisbureaus" pos="X">reisbureaus</wf>
         <instance id="d000.s3264.t000" lemma="adverteren" pos="VERB">adverteren</instance>
         <wf lemma="met" pos="X">met</wf>
         <wf lemma="lage" pos="X">lage</wf>
         <wf lemma="tarieven" pos="X">tarieven</wf>
         <wf lemma="." pos="X">.</wf>
      </sentence>
      <sentence id="d000.s3265" source="wordnet-dutch">
         <wf lemma="een" pos="X">een</wf>
         <wf lemma="dopje" pos="X">dopje</wf>
         <instance id="d000.s3265.t000" lemma="wasverzachter" pos="NOUN">wasverzachter</instance>
         <wf lemma="is" pos="X">is</wf>
         <wf lemma="al" pos="X">al</wf>
         <wf lemma="genoeg" pos="X">genoeg</wf>
         <wf lemma="voor" pos="X">voor</wf>
         <wf lemma="een" pos="X">een</wf>
         <wf lemma="heerlijk" pos="X">heerlijk</wf>
         <wf lemma="zachte" pos="X">zachte</wf>
         <wf lemma="was" pos="X">was</wf>
         <wf lemma="." pos="X">.</wf>
      </sentence>
      <sentence id="d000.s3266" source="wordnet-dutch">
         <wf lemma="dat" pos="X">dat</wf>
         <wf lemma="pakje" pos="X">pakje</wf>
         <wf lemma="weegt" pos="X">weegt</wf>
         <wf lemma="6" pos="X">6</wf>
         <instance id="d000.s3266.t000" lemma="g" pos="NOUN">g</instance>
         <wf lemma="te" pos="X">te</wf>
         <wf lemma="veel" pos="X">veel</wf>
         <wf lemma="." pos="X">.</wf>
      </sentence>
      <sentence id="d000.s3267" source="wordnet-dutch">
         <wf lemma="Er" pos="X">Er</wf>
         <wf lemma="zijn" pos="X">zijn</wf>
         <wf lemma="verschillende" pos="X">verschillende</wf>
         <instance id="d000.s3267.t000" lemma="oplossing" pos="NOUN">oplossingen</instance>
         <wf lemma="mogelijk" pos="X">mogelijk</wf>
         <wf lemma="voor" pos="X">voor</wf>
         <wf lemma="dit" pos="X">dit</wf>
         <wf lemma="probleem" pos="X">probleem</wf>
         <wf lemma="." pos="X">.</wf>
      </sentence>
      <sentence id="d000.s3268" source="wordnet-dutch">
         <wf lemma="zijn" pos="X">zijn</wf>
         <wf lemma="gebrek" pos="X">gebrek</wf>
         <wf lemma="aan" pos="X">aan</wf>
         <instance id="d000.s3268.t000" lemma="evenwicht" pos="NOUN">evenwicht</instance>
         <wf lemma="maakt" pos="X">maakt</wf>
         <wf lemma="hem" pos="X">hem</wf>
         <wf lemma="ongeschikt" pos="X">ongeschikt</wf>
         <wf lemma="voor" pos="X">voor</wf>
         <wf lemma="deze" pos="X">deze</wf>
         <wf lemma="functie" pos="X">functie</wf>
         <wf lemma="." pos="X">.</wf>
      </sentence>
      <sentence id="d000.s3269" source="wordnet-dutch">
         <wf lemma="het" pos="X">het</wf>
         <instance id="d000.s3269.t000" lemma="schorten" pos="VERB">schort</instance>
         <wf lemma="die" pos="X">die</wf>
         <wf lemma="mensen" pos="X">mensen</wf>
         <wf lemma="wel" pos="X">wel</wf>
         <wf lemma="aan" pos="X">aan</wf>
         <wf lemma="wellevendheid" pos="X">wellevendheid</wf>
         <wf lemma="." pos="X">.</wf>
      </sentence>
      <sentence id="d000.s3270" source="wordnet-dutch">
         <wf lemma="hou" pos="X">hou</wf>
         <wf lemma="nu" pos="X">nu</wf>
         <wf lemma="eindelijk" pos="X">eindelijk</wf>
         <wf lemma="eens" pos="X">eens</wf>
         <wf lemma="je" pos="X">je</wf>
         <instance id="d000.s3270.t000" lemma="wafel" pos="NOUN">wafel</instance>
         <wf lemma="!" pos="X">!</wf>
      </sentence>
      <sentence id="d000.s3271" source="wordnet-dutch">
         <wf lemma="'deze" pos="X">'deze</wf>
         <wf lemma="vraag'/'dat" pos="X">vraag'/'dat</wf>
         <wf lemma="thema'" pos="X">thema'</wf>
         <instance id="d000.s3271.t000" lemma="beheersen" pos="VERB">beheerste</instance>
         <wf lemma="het" pos="X">het</wf>
         <wf lemma="hele" pos="X">hele</wf>
         <wf lemma="gesprek" pos="X">gesprek</wf>
         <wf lemma="." pos="X">.</wf>
      </sentence>
      <sentence id="d000.s3272" source="wordnet-dutch">
         <wf lemma="hij" pos="X">hij</wf>
         <wf lemma="bestudeert" pos="X">bestudeert</wf>
         <wf lemma="de" pos="X">de</wf>
         <wf lemma="periode" pos="X">periode</wf>
         <wf lemma="die" pos="X">die</wf>
         <instance id="d000.s3272.t000" lemma="voorafgaan" pos="VERB">voorafging</instance>
         <wf lemma="aan" pos="X">aan</wf>
         <wf lemma="de" pos="X">de</wf>
         <wf lemma="wereldoorlog" pos="X">wereldoorlog</wf>
         <wf lemma="." pos="X">.</wf>
      </sentence>
      <sentence id="d000.s3273" source="wordnet-dutch">
         <wf lemma="ik" pos="X">ik</wf>
         <wf lemma="heb" pos="X">heb</wf>
         <wf lemma="vandaag" pos="X">vandaag</wf>
         <wf lemma="een" pos="X">een</wf>
         <instance id="d000.s3273.t000" lemma="baaldag" pos="NOUN">baaldag</instance>
         <wf lemma="." pos="X">.</wf>
      </sentence>
      <sentence id="d000.s3274" source="wordnet-dutch">
         <wf lemma="eenmaal" pos="X">eenmaal</wf>
         <wf lemma="in" pos="X">in</wf>
         <wf lemma="de" pos="X">de</wf>
         <wf lemma="regering" pos="X">regering</wf>
         <wf lemma="vervreemde" pos="X">vervreemde</wf>
         <wf lemma="de" pos="X">de</wf>
         <wf lemma="partij" pos="X">partij</wf>
         <wf lemma="van" pos="X">van</wf>
         <wf lemma="haar" pos="X">haar</wf>
         <instance id="d000.s3274.t000" lemma="aanhang" pos="NOUN">aanhang</instance>
         <wf lemma="." pos="X">.</wf>
      </sentence>
      <sentence id="d000.s3275" source="wordnet-dutch">
         <wf lemma="tot" pos="X">tot</wf>
         <instance id="d000.s3275.t000" lemma="verbijstering" pos="NOUN">verbijstering</instance>
         <wf lemma="van" pos="X">van</wf>
         <wf lemma="de" pos="X">de</wf>
         <wf lemma="veiligheidsdiensten" pos="X">veiligheidsdiensten</wf>
         <wf lemma="stond" pos="X">stond</wf>
         <wf lemma="de" pos="X">de</wf>
         <wf lemma="president" pos="X">president</wf>
         <wf lemma="erop" pos="X">erop</wf>
         <wf lemma="de" pos="X">de</wf>
         <wf lemma="nacht" pos="X">nacht</wf>
         <wf lemma="door" pos="X">door</wf>
         <wf lemma="te" pos="X">te</wf>
         <wf lemma="brengen" pos="X">brengen</wf>
         <wf lemma="in" pos="X">in</wf>
         <wf lemma="Belfast" pos="X">Belfast</wf>
         <wf lemma="." pos="X">.</wf>
      </sentence>
      <sentence id="d000.s3276" source="wordnet-dutch">
         <wf lemma="de" pos="X">de</wf>
         <wf lemma="internationale" pos="X">internationale</wf>
         <wf lemma="commissie" pos="X">commissie</wf>
         <wf lemma="begint" pos="X">begint</wf>
         <wf lemma="vandaag" pos="X">vandaag</wf>
         <wf lemma="haar" pos="X">haar</wf>
         <instance id="d000.s3276.t000" lemma="werkzaamheden" pos="NOUN">werkzaamheden</instance>
         <wf lemma="." pos="X">.</wf>
      </sentence>
      <sentence id="d000.s3277" source="wordnet-dutch">
         <wf lemma="het" pos="X">het</wf>
         <wf lemma="is" pos="X">is</wf>
         <wf lemma="niet" pos="X">niet</wf>
         <wf lemma="te" pos="X">te</wf>
         <wf lemma="hopen" pos="X">hopen</wf>
         <wf lemma="dat" pos="X">dat</wf>
         <wf lemma="die" pos="X">die</wf>
         <wf lemma="ramp" pos="X">ramp</wf>
         <wf lemma="zich" pos="X">zich</wf>
         <instance id="d000.s3277.t000" lemma="herhalen" pos="VERB">herhaalt</instance>
         <wf lemma="." pos="X">.</wf>
      </sentence>
      <sentence id="d000.s3278" source="wordnet-dutch">
         <wf lemma="u" pos="X">u</wf>
         <wf lemma="heeft" pos="X">heeft</wf>
         <wf lemma="er" pos="X">er</wf>
         <wf lemma="geen" pos="X">geen</wf>
         <wf lemma="idee" pos="X">idee</wf>
         <wf lemma="van" pos="X">van</wf>
         <wf lemma="wat" pos="X">wat</wf>
         <wf lemma="wij" pos="X">wij</wf>
         <wf lemma="hier" pos="X">hier</wf>
         <wf lemma="allemaal" pos="X">allemaal</wf>
         <wf lemma="dagelijks" pos="X">dagelijks</wf>
         <instance id="d000.s3278.t000" lemma="meemaken" pos="VERB">meemaken</instance>
         <wf lemma="." pos="X">.</wf>
      </sentence>
      <sentence id="d000.s3279" source="wordnet-dutch">
         <wf lemma="het" pos="X">het</wf>
         <wf lemma="schip" pos="X">schip</wf>
         <wf lemma="heeft" pos="X">heeft</wf>
         <wf lemma="zijn" pos="X">zijn</wf>
         <wf lemma="lading" pos="X">lading</wf>
         <wf lemma="vanochtend" pos="X">vanochtend</wf>
         <wf lemma="in" pos="X">in</wf>
         <wf lemma="Amsterdam" pos="X">Amsterdam</wf>
         <instance id="d000.s3279.t000" lemma="lossen" pos="VERB">gelost</instance>
         <wf lemma="." pos="X">.</wf>
      </sentence>
      <sentence id="d000.s3280" source="wordnet-dutch">
         <wf lemma="soms" pos="X">soms</wf>
         <wf lemma="mogen" pos="X">mogen</wf>
         <wf lemma="de" pos="X">de</wf>
         <wf lemma="parkieten" pos="X">parkieten</wf>
         <wf lemma="even" pos="X">even</wf>
         <wf lemma="uit" pos="X">uit</wf>
         <wf lemma="de" pos="X">de</wf>
         <instance id="d000.s3280.t000" lemma="kooi" pos="NOUN">kooi</instance>
         <wf lemma="en" pos="X">en</wf>
         <wf lemma="de" pos="X">de</wf>
         <wf lemma="kamer" pos="X">kamer</wf>
         <wf lemma="rond" pos="X">rond</wf>
         <wf lemma="vliegen" pos="X">vliegen</wf>
         <wf lemma="." pos="X">.</wf>
      </sentence>
      <sentence id="d000.s3281" source="wordnet-dutch">
         <wf lemma="er" pos="X">er</wf>
         <wf lemma="komt" pos="X">komt</wf>
         <wf lemma="een" pos="X">een</wf>
         <instance id="d000.s3281.t000" lemma="hoorzitting" pos="NOUN">hoorzitting</instance>
         <wf lemma="over" pos="X">over</wf>
         <wf lemma="het" pos="X">het</wf>
         <wf lemma="nieuwe" pos="X">nieuwe</wf>
         <wf lemma="huurbeleid" pos="X">huurbeleid</wf>
         <wf lemma="." pos="X">.</wf>
      </sentence>
      <sentence id="d000.s3282" source="wordnet-dutch">
         <wf lemma="de" pos="X">de</wf>
         <wf lemma="kinderen" pos="X">kinderen</wf>
         <wf lemma="hebben" pos="X">hebben</wf>
         <wf lemma="een" pos="X">een</wf>
         <instance id="d000.s3282.t000" lemma="collage" pos="NOUN">collage</instance>
         <wf lemma="gemaakt" pos="X">gemaakt</wf>
         <wf lemma="op" pos="X">op</wf>
         <wf lemma="school" pos="X">school</wf>
         <wf lemma="." pos="X">.</wf>
      </sentence>
      <sentence id="d000.s3283" source="wordnet-dutch">
         <wf lemma="die" pos="X">die</wf>
         <wf lemma="turner" pos="X">turner</wf>
         <wf lemma="is" pos="X">is</wf>
         <wf lemma="heel" pos="X">heel</wf>
         <wf lemma="goed" pos="X">goed</wf>
         <wf lemma="aan" pos="X">aan</wf>
         <wf lemma="de" pos="X">de</wf>
         <instance id="d000.s3283.t000" lemma="ring" pos="NOUN">ringen</instance>
         <wf lemma="." pos="X">.</wf>
      </sentence>
      <sentence id="d000.s3284" source="wordnet-dutch">
         <wf lemma="ach" pos="X">ach</wf>
         <wf lemma="," pos="X">,</wf>
         <wf lemma="kunt" pos="X">kunt</wf>
         <wf lemma="u" pos="X">u</wf>
         <wf lemma="niets" pos="X">niets</wf>
         <wf lemma="van" pos="X">van</wf>
         <wf lemma="de" pos="X">de</wf>
         <wf lemma="prijs" pos="X">prijs</wf>
         <instance id="d000.s3284.t000" lemma="afdoen" pos="VERB">afdoen</instance>
         <wf lemma="?" pos="X">?</wf>
      </sentence>
      <sentence id="d000.s3285" source="wordnet-dutch">
         <wf lemma="Hoeveel" pos="X">Hoeveel</wf>
         <instance id="d000.s3285.t000" lemma="regel" pos="NOUN">regels</instance>
         <wf lemma="tekst" pos="X">tekst</wf>
         <wf lemma="moet" pos="X">moet</wf>
         <wf lemma="het" pos="X">het</wf>
         <wf lemma="artikel" pos="X">artikel</wf>
         <wf lemma="zijn" pos="X">zijn</wf>
         <wf lemma="?" pos="X">?</wf>
      </sentence>
      <sentence id="d000.s3286" source="wordnet-dutch">
         <wf lemma="een" pos="X">een</wf>
         <instance id="d000.s3286.t000" lemma="klont" pos="NOUN">klontje</instance>
         <wf lemma="boter" pos="X">boter</wf>
         <wf lemma="in" pos="X">in</wf>
         <wf lemma="de" pos="X">de</wf>
         <wf lemma="koekenpan" pos="X">koekenpan</wf>
         <wf lemma="." pos="X">.</wf>
      </sentence>
      <sentence id="d000.s3287" source="wordnet-dutch">
         <wf lemma="In" pos="X">In</wf>
         <wf lemma="het" pos="X">het</wf>
         <wf lemma="eerste" pos="X">eerste</wf>
         <instance id="d000.s3287.t000" lemma="blok" pos="NOUN">blok</instance>
         <wf lemma="krijg" pos="X">krijg</wf>
         <wf lemma="je" pos="X">je</wf>
         <wf lemma="geen" pos="X">geen</wf>
         <wf lemma="wiskunde" pos="X">wiskunde</wf>
         <wf lemma="." pos="X">.</wf>
      </sentence>
      <sentence id="d000.s3288" source="wordnet-dutch">
         <wf lemma="een" pos="X">een</wf>
         <instance id="d000.s3288.t000" lemma="bres" pos="NOUN">bres</instance>
         <wf lemma="in" pos="X">in</wf>
         <wf lemma="de" pos="X">de</wf>
         <wf lemma="verdediging" pos="X">verdediging</wf>
         <wf lemma="schieten" pos="X">schieten</wf>
         <wf lemma="." pos="X">.</wf>
      </sentence>
      <sentence id="d000.s3289" source="wordnet-dutch">
         <wf lemma="koffie" pos="X">koffie</wf>
         <wf lemma="en" pos="X">en</wf>
         <wf lemma="thee" pos="X">thee</wf>
         <instance id="d000.s3289.t000" lemma="remmen" pos="VERB">remmen</instance>
         <wf lemma="de" pos="X">de</wf>
         <wf lemma="opname" pos="X">opname</wf>
         <wf lemma="van" pos="X">van</wf>
         <wf lemma="ijzer" pos="X">ijzer</wf>
         <wf lemma="in" pos="X">in</wf>
         <wf lemma="het" pos="X">het</wf>
         <wf lemma="lichaam" pos="X">lichaam</wf>
         <wf lemma="." pos="X">.</wf>
      </sentence>
      <sentence id="d000.s3290" source="wordnet-dutch">
         <wf lemma="op" pos="X">op</wf>
         <wf lemma="de" pos="X">de</wf>
         <wf lemma="plaats" pos="X">plaats</wf>
         <wf lemma="van" pos="X">van</wf>
         <wf lemma="de" pos="X">de</wf>
         <wf lemma="aanslag" pos="X">aanslag</wf>
         <wf lemma="werden" pos="X">werden</wf>
         <wf lemma="twee" pos="X">twee</wf>
         <wf lemma="lege" pos="X">lege</wf>
         <instance id="d000.s3290.t000" lemma="huls" pos="NOUN">hulzen</instance>
         <wf lemma="gevonden" pos="X">gevonden</wf>
         <wf lemma="." pos="X">.</wf>
      </sentence>
      <sentence id="d000.s3291" source="wordnet-dutch">
         <wf lemma="in" pos="X">in</wf>
         <wf lemma="de" pos="X">de</wf>
         <wf lemma="onderhandelingen" pos="X">onderhandelingen</wf>
         <wf lemma="hebben" pos="X">hebben</wf>
         <wf lemma="de" pos="X">de</wf>
         <wf lemma="VN" pos="X">VN</wf>
         <wf lemma="een" pos="X">een</wf>
         <wf lemma="doorbraak" pos="X">doorbraak</wf>
         <wf lemma="enigszins" pos="X">enigszins</wf>
         <instance id="d000.s3291.t000" lemma="forceren" pos="VERB">geforceerd</instance>
         <wf lemma="." pos="X">.</wf>
      </sentence>
      <sentence id="d000.s3292" source="wordnet-dutch">
         <wf lemma="Deze" pos="X">Deze</wf>
         <wf lemma="documenten" pos="X">documenten</wf>
         <wf lemma="zijn" pos="X">zijn</wf>
         <wf lemma="van" pos="X">van</wf>
         <wf lemma="het" pos="X">het</wf>
         <wf lemma="gemeentelijk" pos="X">gemeentelijk</wf>
         <instance id="d000.s3292.t000" lemma="archief" pos="NOUN">archief</instance>
         <wf lemma="verhuisd" pos="X">verhuisd</wf>
         <wf lemma="naar" pos="X">naar</wf>
         <wf lemma="de" pos="X">de</wf>
         <wf lemma="bibliotheek" pos="X">bibliotheek</wf>
         <wf lemma="." pos="X">.</wf>
      </sentence>
      <sentence id="d000.s3293" source="wordnet-dutch">
         <wf lemma="de" pos="X">de</wf>
         <wf lemma="fans" pos="X">fans</wf>
         <wf lemma="hadden" pos="X">hadden</wf>
         <wf lemma="de" pos="X">de</wf>
         <wf lemma="kersverse" pos="X">kersverse</wf>
         <wf lemma="wereldkampioen" pos="X">wereldkampioen</wf>
         <wf lemma="een" pos="X">een</wf>
         <wf lemma="feestelijk" pos="X">feestelijk</wf>
         <instance id="d000.s3293.t000" lemma="welkom" pos="NOUN">welkom</instance>
         <wf lemma="bereid" pos="X">bereid</wf>
         <wf lemma="." pos="X">.</wf>
      </sentence>
      <sentence id="d000.s3294" source="wordnet-dutch">
         <wf lemma="we" pos="X">we</wf>
         <wf lemma="zullen" pos="X">zullen</wf>
         <wf lemma="meteen" pos="X">meteen</wf>
         <wf lemma="even" pos="X">even</wf>
         <instance id="d000.s3294.t000" lemma="proberen" pos="VERB">proberen</instance>
         <wf lemma="welke" pos="X">welke</wf>
         <wf lemma="weg" pos="X">weg</wf>
         <wf lemma="nu" pos="X">nu</wf>
         <wf lemma="eigenlijk" pos="X">eigenlijk</wf>
         <wf lemma="korter" pos="X">korter</wf>
         <wf lemma="is" pos="X">is</wf>
         <wf lemma="." pos="X">.</wf>
      </sentence>
      <sentence id="d000.s3295" source="wordnet-dutch">
         <wf lemma="de" pos="X">de</wf>
         <wf lemma="verdachte" pos="X">verdachte</wf>
         <wf lemma="van" pos="X">van</wf>
         <wf lemma="de" pos="X">de</wf>
         <wf lemma="moord" pos="X">moord</wf>
         <wf lemma="wordt" pos="X">wordt</wf>
         <wf lemma="morgen" pos="X">morgen</wf>
         <instance id="d000.s3295.t000" lemma="dagvaarden" pos="VERB">gedagvaard</instance>
         <wf lemma="." pos="X">.</wf>
      </sentence>
      <sentence id="d000.s3296" source="wordnet-dutch">
         <wf lemma="uw" pos="X">uw</wf>
         <wf lemma="kleding" pos="X">kleding</wf>
         <instance id="d000.s3296.t000" lemma="houden" pos="VERB">houdt</instance>
         <wf lemma="haar" pos="X">haar</wf>
         <wf lemma="kleur" pos="X">kleur</wf>
         <wf lemma="nu" pos="X">nu</wf>
         <wf lemma="ook" pos="X">ook</wf>
         <wf lemma="bij" pos="X">bij</wf>
         <wf lemma="wassen" pos="X">wassen</wf>
         <wf lemma="op" pos="X">op</wf>
         <wf lemma="zestig" pos="X">zestig</wf>
         <wf lemma="graden" pos="X">graden</wf>
         <wf lemma="." pos="X">.</wf>
      </sentence>
      <sentence id="d000.s3297" source="wordnet-dutch">
         <wf lemma="deze" pos="X">deze</wf>
         <wf lemma="buitenlandse" pos="X">buitenlandse</wf>
         <wf lemma="werknemers" pos="X">werknemers</wf>
         <wf lemma="," pos="X">,</wf>
         <wf lemma="die" pos="X">die</wf>
         <wf lemma="vaak" pos="X">vaak</wf>
         <wf lemma="illegaal" pos="X">illegaal</wf>
         <wf lemma="in" pos="X">in</wf>
         <wf lemma="ons" pos="X">ons</wf>
         <wf lemma="land" pos="X">land</wf>
         <wf lemma="verblijven" pos="X">verblijven</wf>
         <wf lemma="," pos="X">,</wf>
         <wf lemma="worden" pos="X">worden</wf>
         <wf lemma="door" pos="X">door</wf>
         <wf lemma="gewetenloze" pos="X">gewetenloze</wf>
         <wf lemma="werkgevers" pos="X">werkgevers</wf>
         <instance id="d000.s3297.t000" lemma="uitbuiten" pos="VERB">uitgebuit</instance>
         <wf lemma="." pos="X">.</wf>
      </sentence>
      <sentence id="d000.s3298" source="wordnet-dutch">
         <wf lemma="de" pos="X">de</wf>
         <wf lemma="minister" pos="X">minister</wf>
         <wf lemma="wil" pos="X">wil</wf>
         <wf lemma="niet" pos="X">niet</wf>
         <wf lemma="de" pos="X">de</wf>
         <instance id="d000.s3298.t000" lemma="illusie" pos="NOUN">illusie</instance>
         <wf lemma="wekken" pos="X">wekken</wf>
         <wf lemma="dat" pos="X">dat</wf>
         <wf lemma="er" pos="X">er</wf>
         <wf lemma="over" pos="X">over</wf>
         <wf lemma="de" pos="X">de</wf>
         <wf lemma="WAO" pos="X">WAO</wf>
         <wf lemma="te" pos="X">te</wf>
         <wf lemma="onderhandelen" pos="X">onderhandelen</wf>
         <wf lemma="valt" pos="X">valt</wf>
         <wf lemma="." pos="X">.</wf>
      </sentence>
      <sentence id="d000.s3299" source="wordnet-dutch">
         <wf lemma="etenswaren" pos="X">etenswaren</wf>
         <wf lemma="hebben" pos="X">hebben</wf>
         <wf lemma="een" pos="X">een</wf>
         <wf lemma="beperkte" pos="X">beperkte</wf>
         <instance id="d000.s3299.t000" lemma="houdbaarheid" pos="NOUN">houdbaarheid</instance>
         <wf lemma="." pos="X">.</wf>
      </sentence>
      <sentence id="d000.s3300" source="wordnet-dutch">
         <wf lemma="om" pos="X">om</wf>
         <wf lemma="deze" pos="X">deze</wf>
         <wf lemma="schotel" pos="X">schotel</wf>
         <wf lemma="te" pos="X">te</wf>
         <instance id="d000.s3300.t000" lemma="bereiden" pos="VERB">bereiden</instance>
         <wf lemma="hebt" pos="X">hebt</wf>
         <wf lemma="u" pos="X">u</wf>
         <wf lemma="zes" pos="X">zes</wf>
         <wf lemma="tot" pos="X">tot</wf>
         <wf lemma="acht" pos="X">acht</wf>
         <wf lemma="tomaten" pos="X">tomaten</wf>
         <wf lemma="nodig" pos="X">nodig</wf>
         <wf lemma="." pos="X">.</wf>
      </sentence>
      <sentence id="d000.s3301" source="wordnet-dutch">
         <wf lemma="in" pos="X">in</wf>
         <wf lemma="het" pos="X">het</wf>
         <wf lemma="oorlogsgebied" pos="X">oorlogsgebied</wf>
         <wf lemma="zijn" pos="X">zijn</wf>
         <wf lemma="alle" pos="X">alle</wf>
         <instance id="d000.s3301.t000" lemma="telefoonverbinding" pos="NOUN">telefoonverbindingen</instance>
         <wf lemma="uitgevallen" pos="X">uitgevallen</wf>
         <wf lemma="." pos="X">.</wf>
      </sentence>
      <sentence id="d000.s3302" source="wordnet-dutch">
         <wf lemma="Dit" pos="X">Dit</wf>
         <wf lemma="boek" pos="X">boek</wf>
         <instance id="d000.s3302.t000" lemma="bewegen" pos="VERB">beweegt</instance>
         <wf lemma="zich" pos="X">zich</wf>
         <wf lemma="in" pos="X">in</wf>
         <wf lemma="de" pos="X">de</wf>
         <wf lemma="breedte" pos="X">breedte</wf>
         <wf lemma="van" pos="X">van</wf>
         <wf lemma="de" pos="X">de</wf>
         <wf lemma="kerkelijke" pos="X">kerkelijke</wf>
         <wf lemma="tradities" pos="X">tradities</wf>
         <wf lemma="en" pos="X">en</wf>
         <wf lemma="in" pos="X">in</wf>
         <wf lemma="de" pos="X">de</wf>
         <wf lemma="rijkdom" pos="X">rijkdom</wf>
         <wf lemma="van" pos="X">van</wf>
         <wf lemma="de" pos="X">de</wf>
         <wf lemma="Bijbel" pos="X">Bijbel</wf>
         <wf lemma="." pos="X">.</wf>
      </sentence>
      <sentence id="d000.s3303" source="wordnet-dutch">
         <wf lemma="ik" pos="X">ik</wf>
         <wf lemma="stond" pos="X">stond</wf>
         <wf lemma="bij" pos="X">bij</wf>
         <wf lemma="de" pos="X">de</wf>
         <wf lemma="bushalte" pos="X">bushalte</wf>
         <wf lemma="te" pos="X">te</wf>
         <instance id="d000.s3303.t000" lemma="wachten" pos="VERB">wachten</instance>
         <wf lemma="op" pos="X">op</wf>
         <wf lemma="de" pos="X">de</wf>
         <wf lemma="bus" pos="X">bus</wf>
         <wf lemma="." pos="X">.</wf>
      </sentence>
      <sentence id="d000.s3304" source="wordnet-dutch">
         <wf lemma="het" pos="X">het</wf>
         <wf lemma="deeg" pos="X">deeg</wf>
         <wf lemma="is" pos="X">is</wf>
         <wf lemma="niet" pos="X">niet</wf>
         <instance id="d000.s3304.t000" lemma="rijzen" pos="VERB">gerezen</instance>
         <wf lemma="omdat" pos="X">omdat</wf>
         <wf lemma="ik" pos="X">ik</wf>
         <wf lemma="de" pos="X">de</wf>
         <wf lemma="gist" pos="X">gist</wf>
         <wf lemma="vergeten" pos="X">vergeten</wf>
         <wf lemma="was" pos="X">was</wf>
         <wf lemma="toe" pos="X">toe</wf>
         <wf lemma="te" pos="X">te</wf>
         <wf lemma="voegen" pos="X">voegen</wf>
         <wf lemma="." pos="X">.</wf>
      </sentence>
      <sentence id="d000.s3305" source="wordnet-dutch">
         <wf lemma="wil" pos="X">wil</wf>
         <wf lemma="je" pos="X">je</wf>
         <wf lemma="een" pos="X">een</wf>
         <instance id="d000.s3305.t000" lemma="klets" pos="NOUN">klets</instance>
         <wf lemma="om" pos="X">om</wf>
         <wf lemma="je" pos="X">je</wf>
         <wf lemma="oren" pos="X">oren</wf>
         <wf lemma="?" pos="X">?</wf>
      </sentence>
      <sentence id="d000.s3306" source="wordnet-dutch">
         <wf lemma="morgenavond" pos="X">morgenavond</wf>
         <wf lemma="om" pos="X">om</wf>
         <wf lemma="10u45" pos="X">10u45</wf>
         <wf lemma="zal" pos="X">zal</wf>
         <wf lemma="de" pos="X">de</wf>
         <wf lemma="maan" pos="X">maan</wf>
         <instance id="d000.s3306.t000" lemma="verduisteren" pos="VERB">verduisteren</instance>
         <wf lemma="." pos="X">.</wf>
      </sentence>
      <sentence id="d000.s3307" source="wordnet-dutch">
         <wf lemma="een" pos="X">een</wf>
         <wf lemma="buitenlandse" pos="X">buitenlandse</wf>
         <wf lemma="vakantie" pos="X">vakantie</wf>
         <wf lemma="is" pos="X">is</wf>
         <wf lemma="nu" pos="X">nu</wf>
         <wf lemma="ook" pos="X">ook</wf>
         <wf lemma="binnen" pos="X">binnen</wf>
         <instance id="d000.s3307.t000" lemma="bereik" pos="NOUN">bereik</instance>
         <wf lemma="." pos="X">.</wf>
      </sentence>
      <sentence id="d000.s3308" source="wordnet-dutch">
         <wf lemma="onze" pos="X">onze</wf>
         <wf lemma="troepen" pos="X">troepen</wf>
         <wf lemma="hebben" pos="X">hebben</wf>
         <wf lemma="vandaag" pos="X">vandaag</wf>
         <wf lemma="veel" pos="X">veel</wf>
         <wf lemma="wapens" pos="X">wapens</wf>
         <instance id="d000.s3308.t000" lemma="buitmaken" pos="VERB">buitgemaakt</instance>
         <wf lemma="op" pos="X">op</wf>
         <wf lemma="de" pos="X">de</wf>
         <wf lemma="vijand" pos="X">vijand</wf>
         <wf lemma="." pos="X">.</wf>
      </sentence>
      <sentence id="d000.s3309" source="wordnet-dutch">
         <wf lemma="die" pos="X">die</wf>
         <wf lemma="gebeurtenis" pos="X">gebeurtenis</wf>
         <wf lemma="ging" pos="X">ging</wf>
         <wf lemma="de" pos="X">de</wf>
         <instance id="d000.s3309.t000" lemma="geschiedenis" pos="NOUN">geschiedenis</instance>
         <wf lemma="in" pos="X">in</wf>
         <wf lemma="als" pos="X">als</wf>
         <wf lemma="de" pos="X">de</wf>
         <wf lemma="'" pos="X">'</wf>
         <wf lemma="Boston" pos="X">Boston</wf>
         <wf lemma="Tea" pos="X">Tea</wf>
         <wf lemma="Party" pos="X">Party</wf>
         <wf lemma="'" pos="X">'</wf>
         <wf lemma="." pos="X">.</wf>
      </sentence>
      <sentence id="d000.s3310" source="wordnet-dutch">
         <wf lemma="dat" pos="X">dat</wf>
         <wf lemma="is" pos="X">is</wf>
         <wf lemma="niet" pos="X">niet</wf>
         <wf lemma="helemaal" pos="X">helemaal</wf>
         <wf lemma="volgens" pos="X">volgens</wf>
         <wf lemma="de" pos="X">de</wf>
         <instance id="d000.s3310.t000" lemma="regel" pos="NOUN">regels</instance>
         <wf lemma="." pos="X">.</wf>
      </sentence>
      <sentence id="d000.s3311" source="wordnet-dutch">
         <wf lemma="de" pos="X">de</wf>
         <wf lemma="kat" pos="X">kat</wf>
         <wf lemma="heeft" pos="X">heeft</wf>
         <wf lemma="de" pos="X">de</wf>
         <wf lemma="bank" pos="X">bank</wf>
         <wf lemma="aan" pos="X">aan</wf>
         <instance id="d000.s3311.t000" lemma="flard" pos="NOUN">flarden</instance>
         <wf lemma="gekrabd" pos="X">gekrabd</wf>
         <wf lemma="." pos="X">.</wf>
      </sentence>
      <sentence id="d000.s3312" source="wordnet-dutch">
         <wf lemma="in" pos="X">in</wf>
         <wf lemma="de" pos="X">de</wf>
         <wf lemma="tour" pos="X">tour</wf>
         <wf lemma="moeten" pos="X">moeten</wf>
         <wf lemma="zij" pos="X">zij</wf>
         <wf lemma="het" pos="X">het</wf>
         <wf lemma="opnemen" pos="X">opnemen</wf>
         <wf lemma="tegen" pos="X">tegen</wf>
         <wf lemma="de" pos="X">de</wf>
         <instance id="d000.s3312.t000" lemma="concurrentie" pos="NOUN">concurrentie</instance>
         <wf lemma="van" pos="X">van</wf>
         <wf lemma="de" pos="X">de</wf>
         <wf lemma="Italiaanse" pos="X">Italiaanse</wf>
         <wf lemma="ploegen" pos="X">ploegen</wf>
         <wf lemma="." pos="X">.</wf>
      </sentence>
      <sentence id="d000.s3313" source="wordnet-dutch">
         <wf lemma="we" pos="X">we</wf>
         <wf lemma="hebben" pos="X">hebben</wf>
         <wf lemma="flink" pos="X">flink</wf>
         <wf lemma="wat" pos="X">wat</wf>
         <wf lemma="schade" pos="X">schade</wf>
         <wf lemma="geleden" pos="X">geleden</wf>
         <wf lemma="door" pos="X">door</wf>
         <wf lemma="de" pos="X">de</wf>
         <wf lemma="hele" pos="X">hele</wf>
         <instance id="d000.s3313.t000" lemma="affaire" pos="NOUN">affaire</instance>
         <wf lemma="." pos="X">.</wf>
      </sentence>
      <sentence id="d000.s3314" source="wordnet-dutch">
         <wf lemma="er" pos="X">er</wf>
         <wf lemma="is" pos="X">is</wf>
         <wf lemma="laatst" pos="X">laatst</wf>
         <wf lemma="een" pos="X">een</wf>
         <instance id="d000.s3314.t000" lemma="artikel" pos="NOUN">artikel</instance>
         <wf lemma="van" pos="X">van</wf>
         <wf lemma="hem" pos="X">hem</wf>
         <wf lemma="verschenen" pos="X">verschenen</wf>
         <wf lemma="in" pos="X">in</wf>
         <wf lemma="Science" pos="X">Science</wf>
         <wf lemma="." pos="X">.</wf>
      </sentence>
      <sentence id="d000.s3315" source="wordnet-dutch">
         <wf lemma="die" pos="X">die</wf>
         <wf lemma="wijn" pos="X">wijn</wf>
         <wf lemma="is" pos="X">is</wf>
         <wf lemma="me" pos="X">me</wf>
         <wf lemma="slecht" pos="X">slecht</wf>
         <instance id="d000.s3315.t000" lemma="bekomen" pos="VERB">bekomen</instance>
         <wf lemma="." pos="X">.</wf>
      </sentence>
      <sentence id="d000.s3316" source="wordnet-dutch">
         <wf lemma="door" pos="X">door</wf>
         <wf lemma="de" pos="X">de</wf>
         <wf lemma="overstroming" pos="X">overstroming</wf>
         <wf lemma="waren" pos="X">waren</wf>
         <wf lemma="veel" pos="X">veel</wf>
         <wf lemma="dorpen" pos="X">dorpen</wf>
         <wf lemma="afgesloten" pos="X">afgesloten</wf>
         <wf lemma="van" pos="X">van</wf>
         <wf lemma="de" pos="X">de</wf>
         <instance id="d000.s3316.t000" lemma="buitenwereld" pos="NOUN">buitenwereld</instance>
         <wf lemma="." pos="X">.</wf>
      </sentence>
      <sentence id="d000.s3317" source="wordnet-dutch">
         <wf lemma="Welk" pos="X">Welk</wf>
         <instance id="d000.s3317.t000" lemma="type" pos="NOUN">type</instance>
         <wf lemma="gebruik" pos="X">gebruik</wf>
         <wf lemma="jij" pos="X">jij</wf>
         <wf lemma="als" pos="X">als</wf>
         <wf lemma="font" pos="X">font</wf>
         <wf lemma="voor" pos="X">voor</wf>
         <wf lemma="die" pos="X">die</wf>
         <wf lemma="tekst" pos="X">tekst</wf>
         <wf lemma="?" pos="X">?</wf>
      </sentence>
      <sentence id="d000.s3318" source="wordnet-dutch">
         <wf lemma="Royeerbare" pos="X">Royeerbare</wf>
         <instance id="d000.s3318.t000" lemma="certificaat" pos="NOUN">certificaten</instance>
         <wf lemma="kunnen" pos="X">kunnen</wf>
         <wf lemma="op" pos="X">op</wf>
         <wf lemma="elk" pos="X">elk</wf>
         <wf lemma="moment" pos="X">moment</wf>
         <wf lemma="door" pos="X">door</wf>
         <wf lemma="de" pos="X">de</wf>
         <wf lemma="certificaathouder" pos="X">certificaathouder</wf>
         <wf lemma="omgewisseld" pos="X">omgewisseld</wf>
         <wf lemma="worden" pos="X">worden</wf>
         <wf lemma="voor" pos="X">voor</wf>
         <wf lemma="aandelen" pos="X">aandelen</wf>
         <wf lemma="." pos="X">.</wf>
      </sentence>
      <sentence id="d000.s3319" source="wordnet-dutch">
         <wf lemma="alle" pos="X">alle</wf>
         <wf lemma="computers" pos="X">computers</wf>
         <wf lemma="zijn" pos="X">zijn</wf>
         <wf lemma="in" pos="X">in</wf>
         <instance id="d000.s3319.t000" lemma="bedrijf" pos="NOUN">bedrijf</instance>
         <wf lemma="." pos="X">.</wf>
      </sentence>
      <sentence id="d000.s3320" source="wordnet-dutch">
         <wf lemma="de" pos="X">de</wf>
         <wf lemma="club" pos="X">club</wf>
         <wf lemma="heeft" pos="X">heeft</wf>
         <wf lemma="besloten" pos="X">besloten</wf>
         <wf lemma="de" pos="X">de</wf>
         <instance id="d000.s3320.t000" lemma="hek" pos="NOUN">hekken</instance>
         <wf lemma="om/rond" pos="X">om/rond</wf>
         <wf lemma="het" pos="X">het</wf>
         <wf lemma="veld" pos="X">veld</wf>
         <wf lemma="weg" pos="X">weg</wf>
         <wf lemma="te" pos="X">te</wf>
         <wf lemma="halen" pos="X">halen</wf>
         <wf lemma="." pos="X">.</wf>
      </sentence>
      <sentence id="d000.s3321" source="wordnet-dutch">
         <wf lemma="je" pos="X">je</wf>
         <wf lemma="hebt" pos="X">hebt</wf>
         <wf lemma="een" pos="X">een</wf>
         <wf lemma="stuk" pos="X">stuk</wf>
         <instance id="d000.s3321.t000" lemma="vastigheid" pos="NOUN">vastigheid</instance>
         <wf lemma="als" pos="X">als</wf>
         <wf lemma="je" pos="X">je</wf>
         <wf lemma="in" pos="X">in</wf>
         <wf lemma="een" pos="X">een</wf>
         <wf lemma="team" pos="X">team</wf>
         <wf lemma="werkt" pos="X">werkt</wf>
         <wf lemma="." pos="X">.</wf>
      </sentence>
      <sentence id="d000.s3322" source="wordnet-dutch">
         <wf lemma="beide" pos="X">beide</wf>
         <wf lemma="ploegen" pos="X">ploegen</wf>
         <wf lemma="delen" pos="X">delen</wf>
         <wf lemma="de" pos="X">de</wf>
         <instance id="d000.s3322.t000" lemma="punt" pos="NOUN">punten</instance>
         <wf lemma="." pos="X">.</wf>
      </sentence>
      <sentence id="d000.s3323" source="wordnet-dutch">
         <wf lemma="zij" pos="X">zij</wf>
         <wf lemma="zaten" pos="X">zaten</wf>
         <wf lemma="zwijgend" pos="X">zwijgend</wf>
         <wf lemma="bijeen" pos="X">bijeen</wf>
         <wf lemma="in" pos="X">in</wf>
         <wf lemma="de" pos="X">de</wf>
         <instance id="d000.s3323.t000" lemma="avondschemering" pos="NOUN">avondschemering</instance>
         <wf lemma="." pos="X">.</wf>
      </sentence>
      <sentence id="d000.s3324" source="wordnet-dutch">
         <wf lemma="je" pos="X">je</wf>
         <wf lemma="moet" pos="X">moet</wf>
         <wf lemma="in" pos="X">in</wf>
         <wf lemma="staat" pos="X">staat</wf>
         <wf lemma="zijn" pos="X">zijn</wf>
         <wf lemma="om" pos="X">om</wf>
         <wf lemma="een" pos="X">een</wf>
         <wf lemma="gevel" pos="X">gevel</wf>
         <wf lemma="van" pos="X">van</wf>
         <wf lemma="een" pos="X">een</wf>
         <wf lemma="huis" pos="X">huis</wf>
         <wf lemma="te" pos="X">te</wf>
         <instance id="d000.s3324.t000" lemma="plaatsen" pos="VERB">plaatsen</instance>
         <wf lemma="in" pos="X">in</wf>
         <wf lemma="de" pos="X">de</wf>
         <wf lemma="tijd" pos="X">tijd</wf>
         <wf lemma="." pos="X">.</wf>
      </sentence>
      <sentence id="d000.s3325" source="wordnet-dutch">
         <wf lemma="maak" pos="X">maak</wf>
         <wf lemma="je" pos="X">je</wf>
         <wf lemma="maar" pos="X">maar</wf>
         <wf lemma="geen" pos="X">geen</wf>
         <instance id="d000.s3325.t000" lemma="illusie" pos="NOUN">illusies</instance>
         <wf lemma="," pos="X">,</wf>
         <wf lemma="het" pos="X">het</wf>
         <wf lemma="wordt" pos="X">wordt</wf>
         <wf lemma="toch" pos="X">toch</wf>
         <wf lemma="niets" pos="X">niets</wf>
         <wf lemma="!" pos="X">!</wf>
      </sentence>
      <sentence id="d000.s3326" source="wordnet-dutch">
         <wf lemma="mevrouw" pos="X">mevrouw</wf>
         <wf lemma="De" pos="X">De</wf>
         <wf lemma="Wit" pos="X">Wit</wf>
         <wf lemma="is" pos="X">is</wf>
         <instance id="d000.s3326.t000" lemma="fabrikant" pos="NOUN">fabrikant</instance>
         <wf lemma="van" pos="X">van</wf>
         <wf lemma="babyvoeding" pos="X">babyvoeding</wf>
         <wf lemma="." pos="X">.</wf>
      </sentence>
      <sentence id="d000.s3327" source="wordnet-dutch">
         <wf lemma="het" pos="X">het</wf>
         <wf lemma="gebied" pos="X">gebied</wf>
         <wf lemma="wordt" pos="X">wordt</wf>
         <wf lemma="ook" pos="X">ook</wf>
         <wf lemma="vanuit" pos="X">vanuit</wf>
         <wf lemma="de" pos="X">de</wf>
         <wf lemma="lucht" pos="X">lucht</wf>
         <wf lemma="in" pos="X">in</wf>
         <wf lemma="de" pos="X">de</wf>
         <wf lemma="gaten" pos="X">gaten</wf>
         <wf lemma="gehouden" pos="X">gehouden</wf>
         <wf lemma="," pos="X">,</wf>
         <wf lemma="want" pos="X">want</wf>
         <wf lemma="nog" pos="X">nog</wf>
         <wf lemma="steeds" pos="X">steeds</wf>
         <wf lemma="kan" pos="X">kan</wf>
         <wf lemma="het" pos="X">het</wf>
         <wf lemma="vuur" pos="X">vuur</wf>
         <wf lemma="weer" pos="X">weer</wf>
         <instance id="d000.s3327.t000" lemma="oplaaien" pos="VERB">oplaaien</instance>
         <wf lemma="." pos="X">.</wf>
      </sentence>
      <sentence id="d000.s3328" source="wordnet-dutch">
         <wf lemma="ambtenaren" pos="X">ambtenaren</wf>
         <wf lemma="kunnen" pos="X">kunnen</wf>
         <wf lemma="met" pos="X">met</wf>
         <wf lemma="61" pos="X">61</wf>
         <wf lemma="jaar" pos="X">jaar</wf>
         <wf lemma="vervroegd" pos="X">vervroegd</wf>
         <instance id="d000.s3328.t000" lemma="uittreden" pos="VERB">uittreden</instance>
         <wf lemma="." pos="X">.</wf>
      </sentence>
      <sentence id="d000.s3329" source="wordnet-dutch">
         <wf lemma="o" pos="X">o</wf>
         <wf lemma="ja" pos="X">ja</wf>
         <wf lemma="," pos="X">,</wf>
         <wf lemma="voordat" pos="X">voordat</wf>
         <wf lemma="ik" pos="X">ik</wf>
         <wf lemma="het" pos="X">het</wf>
         <instance id="d000.s3329.t000" lemma="vergeten" pos="VERB">vergeet</instance>
         <wf lemma="," pos="X">,</wf>
         <wf lemma="je" pos="X">je</wf>
         <wf lemma="moeder" pos="X">moeder</wf>
         <wf lemma="belde" pos="X">belde</wf>
         <wf lemma="nog" pos="X">nog</wf>
         <wf lemma="," pos="X">,</wf>
         <wf lemma="of" pos="X">of</wf>
         <wf lemma="je" pos="X">je</wf>
         <wf lemma="terugbelt" pos="X">terugbelt</wf>
         <wf lemma="." pos="X">.</wf>
      </sentence>
      <sentence id="d000.s3330" source="wordnet-dutch">
         <wf lemma="men" pos="X">men</wf>
         <wf lemma="twijfelt" pos="X">twijfelt</wf>
         <wf lemma="aan" pos="X">aan</wf>
         <wf lemma="de" pos="X">de</wf>
         <instance id="d000.s3330.t000" lemma="echtheid" pos="NOUN">echtheid</instance>
         <wf lemma="van" pos="X">van</wf>
         <wf lemma="deze" pos="X">deze</wf>
         <wf lemma="Rembrandt" pos="X">Rembrandt</wf>
         <wf lemma="." pos="X">.</wf>
      </sentence>
      <sentence id="d000.s3331" source="wordnet-dutch">
         <wf lemma="op" pos="X">op</wf>
         <wf lemma="de" pos="X">de</wf>
         <instance id="d000.s3331.t000" lemma="ontmoeting" pos="NOUN">ontmoeting</instance>
         <wf lemma="heeft" pos="X">heeft</wf>
         <wf lemma="Clinton" pos="X">Clinton</wf>
         <wf lemma="gisteren" pos="X">gisteren</wf>
         <wf lemma="toezeggingen" pos="X">toezeggingen</wf>
         <wf lemma="gedaan" pos="X">gedaan</wf>
         <wf lemma="." pos="X">.</wf>
      </sentence>
      <sentence id="d000.s3332" source="wordnet-dutch">
         <wf lemma="iets" pos="X">iets</wf>
         <wf lemma="vernemen" pos="X">vernemen</wf>
         <wf lemma="van" pos="X">van</wf>
         <wf lemma="bevoegde" pos="X">bevoegde</wf>
         <instance id="d000.s3332.t000" lemma="zijde" pos="NOUN">zijde</instance>
         <wf lemma="." pos="X">.</wf>
      </sentence>
      <sentence id="d000.s3333" source="wordnet-dutch">
         <wf lemma="hij" pos="X">hij</wf>
         <wf lemma="heeft" pos="X">heeft</wf>
         <wf lemma="zijn" pos="X">zijn</wf>
         <wf lemma="broer" pos="X">broer</wf>
         <wf lemma="financieel" pos="X">financieel</wf>
         <instance id="d000.s3333.t000" lemma="ondersteunen" pos="VERB">ondersteund</instance>
         <wf lemma="," pos="X">,</wf>
         <wf lemma="toen" pos="X">toen</wf>
         <wf lemma="die" pos="X">die</wf>
         <wf lemma="met" pos="X">met</wf>
         <wf lemma="een" pos="X">een</wf>
         <wf lemma="eigen" pos="X">eigen</wf>
         <wf lemma="zaak" pos="X">zaak</wf>
         <wf lemma="begon" pos="X">begon</wf>
         <wf lemma="." pos="X">.</wf>
      </sentence>
      <sentence id="d000.s3334" source="wordnet-dutch">
         <wf lemma="Fikkie" pos="X">Fikkie</wf>
         <instance id="d000.s3334.t000" lemma="debuteren" pos="VERB">debuteerde</instance>
         <wf lemma="in" pos="X">in</wf>
         <wf lemma="Tsjechovs" pos="X">Tsjechovs</wf>
         <wf lemma="'" pos="X">'</wf>
         <wf lemma="De" pos="X">De</wf>
         <wf lemma="dame" pos="X">dame</wf>
         <wf lemma="met" pos="X">met</wf>
         <wf lemma="het" pos="X">het</wf>
         <wf lemma="hondje" pos="X">hondje</wf>
         <wf lemma="'" pos="X">'</wf>
         <wf lemma="." pos="X">.</wf>
      </sentence>
      <sentence id="d000.s3335" source="wordnet-dutch">
         <wf lemma="piano" pos="X">piano</wf>
         <instance id="d000.s3335.t000" lemma="speler" pos="NOUN">speler</instance>
         <wf lemma="." pos="X">.</wf>
      </sentence>
      <sentence id="d000.s3336" source="wordnet-dutch">
         <wf lemma="voor" pos="X">voor</wf>
         <wf lemma="treinroof" pos="X">treinroof</wf>
         <instance id="d000.s3336.t000" lemma="krijgen" pos="VERB">kreeg</instance>
         <wf lemma="hij" pos="X">hij</wf>
         <wf lemma="twee" pos="X">twee</wf>
         <wf lemma="jaar" pos="X">jaar</wf>
         <wf lemma="onvoorwaardelijk" pos="X">onvoorwaardelijk</wf>
         <wf lemma="." pos="X">.</wf>
      </sentence>
      <sentence id="d000.s3337" source="wordnet-dutch">
         <wf lemma="hoge" pos="X">hoge</wf>
         <wf lemma="koorts" pos="X">koorts</wf>
         <wf lemma="en" pos="X">en</wf>
         <wf lemma="spierpijn" pos="X">spierpijn</wf>
         <instance id="d000.s3337.t000" lemma="duiden" pos="VERB">duidt</instance>
         <wf lemma="op" pos="X">op</wf>
         <wf lemma="griep" pos="X">griep</wf>
         <wf lemma="." pos="X">.</wf>
      </sentence>
      <sentence id="d000.s3338" source="wordnet-dutch">
         <wf lemma="die" pos="X">die</wf>
         <wf lemma="maatregel" pos="X">maatregel</wf>
         <wf lemma="vond" pos="X">vond</wf>
         <wf lemma="grote" pos="X">grote</wf>
         <instance id="d000.s3338.t000" lemma="bijval" pos="NOUN">bijval</instance>
         <wf lemma="." pos="X">.</wf>
      </sentence>
      <sentence id="d000.s3339" source="wordnet-dutch">
         <wf lemma="in" pos="X">in</wf>
         <wf lemma="een" pos="X">een</wf>
         <wf lemma="donker" pos="X">donker</wf>
         <wf lemma="hoekje" pos="X">hoekje</wf>
         <wf lemma="zaten" pos="X">zaten</wf>
         <wf lemma="ze" pos="X">ze</wf>
         <wf lemma="aan" pos="X">aan</wf>
         <wf lemma="elkaar" pos="X">elkaar</wf>
         <wf lemma="te" pos="X">te</wf>
         <instance id="d000.s3339.t000" lemma="wriemelen" pos="VERB">wriemelen</instance>
         <wf lemma="." pos="X">.</wf>
      </sentence>
      <sentence id="d000.s3340" source="wordnet-dutch">
         <wf lemma="de" pos="X">de</wf>
         <wf lemma="schemerlamp" pos="X">schemerlamp</wf>
         <wf lemma="staat" pos="X">staat</wf>
         <wf lemma="in" pos="X">in</wf>
         <wf lemma="een" pos="X">een</wf>
         <instance id="d000.s3340.t000" lemma="hoek" pos="NOUN">hoek</instance>
         <wf lemma="van" pos="X">van</wf>
         <wf lemma="de" pos="X">de</wf>
         <wf lemma="kamer" pos="X">kamer</wf>
         <wf lemma="." pos="X">.</wf>
      </sentence>
      <sentence id="d000.s3341" source="wordnet-dutch">
         <wf lemma="de" pos="X">de</wf>
         <instance id="d000.s3341.t000" lemma="volkenmoord" pos="NOUN">volkenmoord</instance>
         <wf lemma="op" pos="X">op</wf>
         <wf lemma="de" pos="X">de</wf>
         <wf lemma="Bosnische" pos="X">Bosnische</wf>
         <wf lemma="moslims" pos="X">moslims</wf>
         <wf lemma="heeft" pos="X">heeft</wf>
         <wf lemma="de" pos="X">de</wf>
         <wf lemma="wereld" pos="X">wereld</wf>
         <wf lemma="geschokt" pos="X">geschokt</wf>
         <wf lemma="." pos="X">.</wf>
      </sentence>
      <sentence id="d000.s3342" source="wordnet-dutch">
         <wf lemma="De" pos="X">De</wf>
         <instance id="d000.s3342.t000" lemma="groeien" pos="VERB">groeiende</instance>
         <wf lemma="aanwezigheid" pos="X">aanwezigheid</wf>
         <wf lemma="van" pos="X">van</wf>
         <wf lemma="China" pos="X">China</wf>
         <wf lemma="in" pos="X">in</wf>
         <wf lemma="Afrika" pos="X">Afrika</wf>
         <wf lemma="." pos="X">.</wf>
      </sentence>
      <sentence id="d000.s3343" source="wordnet-dutch">
         <wf lemma="als" pos="X">als</wf>
         <wf lemma="je" pos="X">je</wf>
         <wf lemma="de" pos="X">de</wf>
         <wf lemma="havenmeester" pos="X">havenmeester</wf>
         <instance id="d000.s3343.t000" lemma="bepraten" pos="VERB">bepraat</instance>
         <wf lemma="kun" pos="X">kun</wf>
         <wf lemma="je" pos="X">je</wf>
         <wf lemma="wel" pos="X">wel</wf>
         <wf lemma="een" pos="X">een</wf>
         <wf lemma="plekje" pos="X">plekje</wf>
         <wf lemma="aan" pos="X">aan</wf>
         <wf lemma="de" pos="X">de</wf>
         <wf lemma="wal" pos="X">wal</wf>
         <wf lemma="krijgen" pos="X">krijgen</wf>
         <wf lemma="." pos="X">.</wf>
      </sentence>
      <sentence id="d000.s3344" source="wordnet-dutch">
         <wf lemma="voor" pos="X">voor</wf>
         <wf lemma="elk" pos="X">elk</wf>
         <wf lemma="bord" pos="X">bord</wf>
         <wf lemma="wordt" pos="X">wordt</wf>
         <wf lemma="een" pos="X">een</wf>
         <wf lemma="portie" pos="X">portie</wf>
         <wf lemma="aardappelpuree" pos="X">aardappelpuree</wf>
         <instance id="d000.s3344.t000" lemma="afpassen" pos="VERB">afgepast</instance>
         <wf lemma="." pos="X">.</wf>
      </sentence>
      <sentence id="d000.s3345" source="wordnet-dutch">
         <wf lemma="een" pos="X">een</wf>
         <wf lemma="huis" pos="X">huis</wf>
         <wf lemma="met" pos="X">met</wf>
         <wf lemma="10" pos="X">10</wf>
         <instance id="d000.s3345.t000" lemma="morgen" pos="NOUN">morgen</instance>
         <wf lemma="grond" pos="X">grond</wf>
         <wf lemma="." pos="X">.</wf>
      </sentence>
      <sentence id="d000.s3346" source="wordnet-dutch">
         <wf lemma="het" pos="X">het</wf>
         <wf lemma="bedrijf" pos="X">bedrijf</wf>
         <wf lemma="bleek" pos="X">bleek</wf>
         <wf lemma="geen" pos="X">geen</wf>
         <wf lemma="vergunning" pos="X">vergunning</wf>
         <wf lemma="te" pos="X">te</wf>
         <wf lemma="hebben" pos="X">hebben</wf>
         <wf lemma="om" pos="X">om</wf>
         <wf lemma="het" pos="X">het</wf>
         <instance id="d000.s3346.t000" lemma="afvalwater" pos="NOUN">afvalwater</instance>
         <wf lemma="te" pos="X">te</wf>
         <wf lemma="lozen" pos="X">lozen</wf>
         <wf lemma="." pos="X">.</wf>
      </sentence>
      <sentence id="d000.s3347" source="wordnet-dutch">
         <wf lemma="hij" pos="X">hij</wf>
         <wf lemma="zei" pos="X">zei</wf>
         <wf lemma="uit" pos="X">uit</wf>
         <wf lemma="wraak" pos="X">wraak</wf>
         <wf lemma="te" pos="X">te</wf>
         <wf lemma="hebben" pos="X">hebben</wf>
         <instance id="d000.s3347.t000" lemma="handelen" pos="VERB">gehandeld</instance>
         <wf lemma="." pos="X">.</wf>
      </sentence>
      <sentence id="d000.s3348" source="wordnet-dutch">
         <wf lemma="we" pos="X">we</wf>
         <wf lemma="hebben" pos="X">hebben</wf>
         <wf lemma="een" pos="X">een</wf>
         <wf lemma="aantal" pos="X">aantal</wf>
         <wf lemma="bekende" pos="X">bekende</wf>
         <wf lemma="artiesten" pos="X">artiesten</wf>
         <wf lemma="kunnen" pos="X">kunnen</wf>
         <instance id="d000.s3348.t000" lemma="contracteren" pos="VERB">contracteren</instance>
         <wf lemma="voor" pos="X">voor</wf>
         <wf lemma="onze" pos="X">onze</wf>
         <wf lemma="benefietavond" pos="X">benefietavond</wf>
         <wf lemma="." pos="X">.</wf>
      </sentence>
      <sentence id="d000.s3349" source="wordnet-dutch">
         <wf lemma="er" pos="X">er</wf>
         <wf lemma="gaat" pos="X">gaat</wf>
         <wf lemma="een" pos="X">een</wf>
         <instance id="d000.s3349.t000" lemma="praatje" pos="NOUN">praatje</instance>
         <wf lemma="over" pos="X">over</wf>
         <wf lemma="je" pos="X">je</wf>
         <wf lemma="." pos="X">.</wf>
      </sentence>
      <sentence id="d000.s3350" source="wordnet-dutch">
         <wf lemma="je" pos="X">je</wf>
         <wf lemma="kunt" pos="X">kunt</wf>
         <wf lemma="een" pos="X">een</wf>
         <instance id="d000.s3350.t000" lemma="module" pos="NOUN">module</instance>
         <wf lemma="'" pos="X">'</wf>
         <wf lemma="computervaardigheid" pos="X">computervaardigheid</wf>
         <wf lemma="'" pos="X">'</wf>
         <wf lemma="volgen" pos="X">volgen</wf>
         <wf lemma="." pos="X">.</wf>
      </sentence>
      <sentence id="d000.s3351" source="wordnet-dutch">
         <wf lemma="hij" pos="X">hij</wf>
         <wf lemma="draagt" pos="X">draagt</wf>
         <wf lemma="zomer" pos="X">zomer</wf>
         <wf lemma="en" pos="X">en</wf>
         <wf lemma="winter" pos="X">winter</wf>
         <wf lemma="een" pos="X">een</wf>
         <instance id="d000.s3351.t000" lemma="panamahoed" pos="NOUN">panamahoed</instance>
         <wf lemma="." pos="X">.</wf>
      </sentence>
      <sentence id="d000.s3352" source="wordnet-dutch">
         <wf lemma="volgende" pos="X">volgende</wf>
         <wf lemma="week" pos="X">week</wf>
         <wf lemma="wijzigen" pos="X">wijzigen</wf>
         <wf lemma="de" pos="X">de</wf>
         <instance id="d000.s3352.t000" lemma="vertrektijd" pos="NOUN">vertrektijden</instance>
         <wf lemma="van" pos="X">van</wf>
         <wf lemma="de" pos="X">de</wf>
         <wf lemma="bussen" pos="X">bussen</wf>
         <wf lemma="." pos="X">.</wf>
      </sentence>
      <sentence id="d000.s3353" source="wordnet-dutch">
         <wf lemma="veel" pos="X">veel</wf>
         <wf lemma="medewerkers" pos="X">medewerkers</wf>
         <wf lemma="zijn" pos="X">zijn</wf>
         <wf lemma="bereid" pos="X">bereid</wf>
         <wf lemma="te" pos="X">te</wf>
         <wf lemma="werken" pos="X">werken</wf>
         <wf lemma="tegen" pos="X">tegen</wf>
         <wf lemma="een" pos="X">een</wf>
         <instance id="d000.s3353.t000" lemma="brutoloon" pos="NOUN">brutoloon</instance>
         <wf lemma="van" pos="X">van</wf>
         <wf lemma="92" pos="X">92</wf>
         <wf lemma="procent" pos="X">procent</wf>
         <wf lemma="." pos="X">.</wf>
      </sentence>
      <sentence id="d000.s3354" source="wordnet-dutch">
         <wf lemma="Ik" pos="X">Ik</wf>
         <wf lemma="kom" pos="X">kom</wf>
         <wf lemma="hier" pos="X">hier</wf>
         <wf lemma="in" pos="X">in</wf>
         <wf lemma="de" pos="X">de</wf>
         <instance id="d000.s3354.t000" lemma="hoedanigheid" pos="NOUN">hoedanigheid</instance>
         <wf lemma="van" pos="X">van</wf>
         <wf lemma="politieagent" pos="X">politieagent</wf>
         <wf lemma="." pos="X">.</wf>
      </sentence>
      <sentence id="d000.s3355" source="wordnet-dutch">
         <wf lemma="zijn" pos="X">zijn</wf>
         <wf lemma="leiderschap" pos="X">leiderschap</wf>
         <wf lemma="gaat" pos="X">gaat</wf>
         <wf lemma="gebukt" pos="X">gebukt</wf>
         <wf lemma="onder" pos="X">onder</wf>
         <wf lemma="een" pos="X">een</wf>
         <wf lemma="gebrek" pos="X">gebrek</wf>
         <wf lemma="aan" pos="X">aan</wf>
         <instance id="d000.s3355.t000" lemma="creativiteit" pos="NOUN">creativiteit</instance>
         <wf lemma="." pos="X">.</wf>
      </sentence>
      <sentence id="d000.s3356" source="wordnet-dutch">
         <wf lemma="de" pos="X">de</wf>
         <wf lemma="twee" pos="X">twee</wf>
         <wf lemma="geliefde" pos="X">geliefde</wf>
         <wf lemma="zaten" pos="X">zaten</wf>
         <wf lemma="elkaar" pos="X">elkaar</wf>
         <wf lemma="te" pos="X">te</wf>
         <instance id="d000.s3356.t000" lemma="liefkozen" pos="VERB">liefkozen</instance>
         <wf lemma="op" pos="X">op</wf>
         <wf lemma="een" pos="X">een</wf>
         <wf lemma="bankje" pos="X">bankje</wf>
         <wf lemma="in" pos="X">in</wf>
         <wf lemma="het" pos="X">het</wf>
         <wf lemma="park" pos="X">park</wf>
         <wf lemma="." pos="X">.</wf>
      </sentence>
      <sentence id="d000.s3357" source="wordnet-dutch">
         <wf lemma="ik" pos="X">ik</wf>
         <instance id="d000.s3357.t000" lemma="concluderen" pos="VERB">concludeer</instance>
         <wf lemma="dat" pos="X">dat</wf>
         <wf lemma="u" pos="X">u</wf>
         <wf lemma="het" pos="X">het</wf>
         <wf lemma="evenmin" pos="X">evenmin</wf>
         <wf lemma="weet" pos="X">weet</wf>
         <wf lemma="als" pos="X">als</wf>
         <wf lemma="ik" pos="X">ik</wf>
         <wf lemma="." pos="X">.</wf>
      </sentence>
      <sentence id="d000.s3358" source="wordnet-dutch">
         <wf lemma="Er" pos="X">Er</wf>
         <wf lemma="zit" pos="X">zit</wf>
         <wf lemma="geen" pos="X">geen</wf>
         <instance id="d000.s3358.t000" lemma="prik" pos="NOUN">prik</instance>
         <wf lemma="meer" pos="X">meer</wf>
         <wf lemma="in" pos="X">in</wf>
         <wf lemma="die" pos="X">die</wf>
         <wf lemma="cola" pos="X">cola</wf>
         <wf lemma="." pos="X">.</wf>
      </sentence>
      <sentence id="d000.s3359" source="wordnet-dutch">
         <wf lemma="de" pos="X">de</wf>
         <wf lemma="voorzitter" pos="X">voorzitter</wf>
         <instance id="d000.s3359.t000" lemma="laveren" pos="VERB">laveerde</instance>
         <wf lemma="behendig" pos="X">behendig</wf>
         <wf lemma="tussen" pos="X">tussen</wf>
         <wf lemma="de" pos="X">de</wf>
         <wf lemma="partijen" pos="X">partijen</wf>
         <wf lemma="om" pos="X">om</wf>
         <wf lemma="te" pos="X">te</wf>
         <wf lemma="voorkomen" pos="X">voorkomen</wf>
         <wf lemma="dat" pos="X">dat</wf>
         <wf lemma="er" pos="X">er</wf>
         <wf lemma="een" pos="X">een</wf>
         <wf lemma="kloof" pos="X">kloof</wf>
         <wf lemma="zou" pos="X">zou</wf>
         <wf lemma="ontstaan" pos="X">ontstaan</wf>
         <wf lemma="." pos="X">.</wf>
      </sentence>
      <sentence id="d000.s3360" source="wordnet-dutch">
         <wf lemma="buitenlandse" pos="X">buitenlandse</wf>
         <wf lemma="gasten" pos="X">gasten</wf>
         <wf lemma="van" pos="X">van</wf>
         <wf lemma="de" pos="X">de</wf>
         <wf lemma="VU" pos="X">VU</wf>
         <wf lemma="worden" pos="X">worden</wf>
         <wf lemma="in" pos="X">in</wf>
         <wf lemma="het" pos="X">het</wf>
         <instance id="d000.s3360.t000" lemma="hospitium" pos="NOUN">hospitium</instance>
         <wf lemma="opgevangen" pos="X">opgevangen</wf>
         <wf lemma="." pos="X">.</wf>
      </sentence>
      <sentence id="d000.s3361" source="wordnet-dutch">
         <wf lemma="dit" pos="X">dit</wf>
         <wf lemma="vormt" pos="X">vormt</wf>
         <wf lemma="een" pos="X">een</wf>
         <instance id="d000.s3361.t000" lemma="aanwijzing" pos="NOUN">aanwijzing</instance>
         <wf lemma="voor" pos="X">voor</wf>
         <wf lemma="de" pos="X">de</wf>
         <wf lemma="aanwezigheid" pos="X">aanwezigheid</wf>
         <wf lemma="van" pos="X">van</wf>
         <wf lemma="een" pos="X">een</wf>
         <wf lemma="planeet" pos="X">planeet</wf>
         <wf lemma="." pos="X">.</wf>
      </sentence>
      <sentence id="d000.s3362" source="wordnet-dutch">
         <wf lemma="die" pos="X">die</wf>
         <wf lemma="flessen" pos="X">flessen</wf>
         <wf lemma="gaan" pos="X">gaan</wf>
         <wf lemma="in" pos="X">in</wf>
         <wf lemma="de" pos="X">de</wf>
         <instance id="d000.s3362.t000" lemma="recycling" pos="NOUN">recycling</instance>
         <wf lemma="." pos="X">.</wf>
      </sentence>
      <sentence id="d000.s3363" source="wordnet-dutch">
         <wf lemma="De" pos="X">De</wf>
         <instance id="d000.s3363.t000" lemma="rits" pos="NOUN">rits</instance>
         <wf lemma="van" pos="X">van</wf>
         <wf lemma="zijn" pos="X">zijn</wf>
         <wf lemma="jas" pos="X">jas</wf>
         <wf lemma="blijft" pos="X">blijft</wf>
         <wf lemma="vastzitten" pos="X">vastzitten</wf>
         <wf lemma="." pos="X">.</wf>
      </sentence>
      <sentence id="d000.s3364" source="wordnet-dutch">
         <wf lemma="de" pos="X">de</wf>
         <wf lemma="meerderheid" pos="X">meerderheid</wf>
         <instance id="d000.s3364.t000" lemma="stemmen" pos="VERB">stemde</instance>
         <wf lemma="tegen" pos="X">tegen</wf>
         <wf lemma="het" pos="X">het</wf>
         <wf lemma="wetsvoorstel" pos="X">wetsvoorstel</wf>
         <wf lemma="." pos="X">.</wf>
      </sentence>
      <sentence id="d000.s3365" source="wordnet-dutch">
         <wf lemma="dit" pos="X">dit</wf>
         <wf lemma="jaar" pos="X">jaar</wf>
         <wf lemma="heb" pos="X">heb</wf>
         <wf lemma="ik" pos="X">ik</wf>
         <wf lemma="de" pos="X">de</wf>
         <wf lemma="vijfde" pos="X">vijfde</wf>
         <wf lemma="en" pos="X">en</wf>
         <wf lemma="zesde" pos="X">zesde</wf>
         <instance id="d000.s3365.t000" lemma="klas" pos="NOUN">klas</instance>
         <wf lemma="." pos="X">.</wf>
      </sentence>
      <sentence id="d000.s3366" source="wordnet-dutch">
         <wf lemma="het" pos="X">het</wf>
         <wf lemma="beeld" pos="X">beeld</wf>
         <wf lemma="van" pos="X">van</wf>
         <wf lemma="hem" pos="X">hem</wf>
         <wf lemma="zwaaiend" pos="X">zwaaiend</wf>
         <wf lemma="op" pos="X">op</wf>
         <wf lemma="het" pos="X">het</wf>
         <wf lemma="perron" pos="X">perron</wf>
         <wf lemma="heb" pos="X">heb</wf>
         <wf lemma="ik" pos="X">ik</wf>
         <wf lemma="goed" pos="X">goed</wf>
         <wf lemma="in" pos="X">in</wf>
         <wf lemma="me" pos="X">me</wf>
         <instance id="d000.s3366.t000" lemma="opnemen" pos="VERB">opgenomen</instance>
         <wf lemma="." pos="X">.</wf>
      </sentence>
      <sentence id="d000.s3367" source="wordnet-dutch">
         <wf lemma="zes" pos="X">zes</wf>
         <wf lemma="mensen" pos="X">mensen</wf>
         <instance id="d000.s3367.t000" lemma="blijken" pos="VERB">bleken</instance>
         <wf lemma="de" pos="X">de</wf>
         <wf lemma="ramp" pos="X">ramp</wf>
         <wf lemma="niet" pos="X">niet</wf>
         <wf lemma="te" pos="X">te</wf>
         <wf lemma="hebben" pos="X">hebben</wf>
         <wf lemma="overleefd" pos="X">overleefd</wf>
         <wf lemma="." pos="X">.</wf>
      </sentence>
      <sentence id="d000.s3368" source="wordnet-dutch">
         <wf lemma="u" pos="X">u</wf>
         <wf lemma="heeft" pos="X">heeft</wf>
         <wf lemma="twee" pos="X">twee</wf>
         <wf lemma="minuten" pos="X">minuten</wf>
         <wf lemma="en" pos="X">en</wf>
         <wf lemma="de" pos="X">de</wf>
         <wf lemma="tijd" pos="X">tijd</wf>
         <instance id="d000.s3368.t000" lemma="lopen" pos="VERB">loopt</instance>
         <wf lemma="nu" pos="X">nu</wf>
         <wf lemma="." pos="X">.</wf>
      </sentence>
      <sentence id="d000.s3369" source="wordnet-dutch">
         <wf lemma="de" pos="X">de</wf>
         <wf lemma="fabriek" pos="X">fabriek</wf>
         <wf lemma="produceert" pos="X">produceert</wf>
         <wf lemma="dagelijks" pos="X">dagelijks</wf>
         <wf lemma="187" pos="X">187</wf>
         <wf lemma="ton" pos="X">ton</wf>
         <instance id="d000.s3369.t000" lemma="cellulose" pos="NOUN">cellulose</instance>
         <wf lemma="." pos="X">.</wf>
      </sentence>
      <sentence id="d000.s3370" source="wordnet-dutch">
         <wf lemma="De" pos="X">De</wf>
         <wf lemma="moet" pos="X">moet</wf>
         <wf lemma="de" pos="X">de</wf>
         <instance id="d000.s3370.t000" lemma="klep" pos="NOUN">klep</instance>
         <wf lemma="van" pos="X">van</wf>
         <wf lemma="de" pos="X">de</wf>
         <wf lemma="vrucht" pos="X">vrucht</wf>
         <wf lemma="halen" pos="X">halen</wf>
         <wf lemma="om" pos="X">om</wf>
         <wf lemma="de" pos="X">de</wf>
         <wf lemma="zaden" pos="X">zaden</wf>
         <wf lemma="te" pos="X">te</wf>
         <wf lemma="verwijderen" pos="X">verwijderen</wf>
         <wf lemma="." pos="X">.</wf>
      </sentence>
      <sentence id="d000.s3371" source="wordnet-dutch">
         <wf lemma="de" pos="X">de</wf>
         <wf lemma="tijd" pos="X">tijd</wf>
         <wf lemma="die" pos="X">die</wf>
         <wf lemma="de" pos="X">de</wf>
         <wf lemma="sprekers" pos="X">sprekers</wf>
         <instance id="d000.s3371.t000" lemma="toemeten" pos="VERB">toegemeten</instance>
         <wf lemma="kregen" pos="X">kregen</wf>
         <wf lemma="liet" pos="X">liet</wf>
         <wf lemma="hen" pos="X">hen</wf>
         <wf lemma="niet" pos="X">niet</wf>
         <wf lemma="toe" pos="X">toe</wf>
         <wf lemma="de" pos="X">de</wf>
         <wf lemma="details" pos="X">details</wf>
         <wf lemma="te" pos="X">te</wf>
         <wf lemma="behandelen" pos="X">behandelen</wf>
         <wf lemma="." pos="X">.</wf>
      </sentence>
      <sentence id="d000.s3372" source="wordnet-dutch">
         <wf lemma="[zij/zijn" pos="X">[zij/zijn</wf>
         <wf lemma="auto/zijn" pos="X">auto/zijn</wf>
         <wf lemma="viool]" pos="X">viool]</wf>
         <wf lemma="was" pos="X">was</wf>
         <wf lemma="zijn" pos="X">zijn</wf>
         <wf lemma="grote" pos="X">grote</wf>
         <instance id="d000.s3372.t000" lemma="liefde" pos="NOUN">liefde</instance>
         <wf lemma="." pos="X">.</wf>
      </sentence>
      <sentence id="d000.s3373" source="wordnet-dutch">
         <wf lemma="je" pos="X">je</wf>
         <wf lemma="kunt" pos="X">kunt</wf>
         <wf lemma="ook" pos="X">ook</wf>
         <wf lemma="in" pos="X">in</wf>
         <wf lemma="de" pos="X">de</wf>
         <wf lemma="krant" pos="X">krant</wf>
         <wf lemma="of" pos="X">of</wf>
         <wf lemma="op" pos="X">op</wf>
         <wf lemma="tv" pos="X">tv</wf>
         <instance id="d000.s3373.t000" lemma="adverteren" pos="VERB">adverteren</instance>
         <wf lemma="." pos="X">.</wf>
      </sentence>
      <sentence id="d000.s3374" source="wordnet-dutch">
         <wf lemma="Heb" pos="X">Heb</wf>
         <wf lemma="je" pos="X">je</wf>
         <instance id="d000.s3374.t000" lemma="alles" pos="NOUN">alles</instance>
         <wf lemma="meegenomen" pos="X">meegenomen</wf>
         <wf lemma="?" pos="X">?</wf>
      </sentence>
      <sentence id="d000.s3375" source="wordnet-dutch">
         <wf lemma="Jan" pos="X">Jan</wf>
         <wf lemma="stak" pos="X">stak</wf>
         <wf lemma="zijn" pos="X">zijn</wf>
         <wf lemma="handen" pos="X">handen</wf>
         <wf lemma="op" pos="X">op</wf>
         <wf lemma="en" pos="X">en</wf>
         <wf lemma="knipperde" pos="X">knipperde</wf>
         <wf lemma="met" pos="X">met</wf>
         <wf lemma="zijn" pos="X">zijn</wf>
         <wf lemma="ogen" pos="X">ogen</wf>
         <wf lemma="om" pos="X">om</wf>
         <wf lemma="zijn" pos="X">zijn</wf>
         <instance id="d000.s3375.t000" lemma="aanvaller" pos="NOUN">aanvaller</instance>
         <wf lemma="te" pos="X">te</wf>
         <wf lemma="kunnen" pos="X">kunnen</wf>
         <wf lemma="zien" pos="X">zien</wf>
         <wf lemma="." pos="X">.</wf>
      </sentence>
      <sentence id="d000.s3376" source="wordnet-dutch">
         <wf lemma="jullie" pos="X">jullie</wf>
         <wf lemma="kunnen" pos="X">kunnen</wf>
         <wf lemma="je" pos="X">je</wf>
         <wf lemma="tent" pos="X">tent</wf>
         <wf lemma="het" pos="X">het</wf>
         <wf lemma="beste" pos="X">beste</wf>
         <wf lemma="aan" pos="X">aan</wf>
         <wf lemma="de" pos="X">de</wf>
         <instance id="d000.s3376.t000" lemma="schaduwkant" pos="NOUN">schaduwkant</instance>
         <wf lemma="van" pos="X">van</wf>
         <wf lemma="de" pos="X">de</wf>
         <wf lemma="camping" pos="X">camping</wf>
         <wf lemma="zetten" pos="X">zetten</wf>
         <wf lemma="." pos="X">.</wf>
      </sentence>
      <sentence id="d000.s3377" source="wordnet-dutch">
         <wf lemma="die" pos="X">die</wf>
         <wf lemma="nacht" pos="X">nacht</wf>
         <wf lemma="kreeg" pos="X">kreeg</wf>
         <wf lemma="de" pos="X">de</wf>
         <wf lemma="kluizenaar" pos="X">kluizenaar</wf>
         <wf lemma="een" pos="X">een</wf>
         <instance id="d000.s3377.t000" lemma="visioen" pos="NOUN">visioen</instance>
         <wf lemma="." pos="X">.</wf>
      </sentence>
      <sentence id="d000.s3378" source="wordnet-dutch">
         <wf lemma="Het" pos="X">Het</wf>
         <wf lemma="binnenhalen" pos="X">binnenhalen</wf>
         <wf lemma="van" pos="X">van</wf>
         <wf lemma="projekten" pos="X">projekten</wf>
         <wf lemma="is" pos="X">is</wf>
         <wf lemma="een" pos="X">een</wf>
         <wf lemma="grote" pos="X">grote</wf>
         <instance id="d000.s3378.t000" lemma="druk" pos="NOUN">druk</instance>
         <wf lemma="waaronder" pos="X">waaronder</wf>
         <wf lemma="hij" pos="X">hij</wf>
         <wf lemma="ten" pos="X">ten</wf>
         <wf lemma="onder" pos="X">onder</wf>
         <wf lemma="gaat" pos="X">gaat</wf>
         <wf lemma="." pos="X">.</wf>
      </sentence>
      <sentence id="d000.s3379" source="wordnet-dutch">
         <wf lemma="Alles" pos="X">Alles</wf>
         <wf lemma="zat" pos="X">zat</wf>
         <wf lemma="onder" pos="X">onder</wf>
         <wf lemma="de" pos="X">de</wf>
         <wf lemma="witte" pos="X">witte</wf>
         <instance id="d000.s3379.t000" lemma="poeier" pos="NOUN">poeier</instance>
         <wf lemma="na" pos="X">na</wf>
         <wf lemma="het" pos="X">het</wf>
         <wf lemma="slopen" pos="X">slopen</wf>
         <wf lemma="van" pos="X">van</wf>
         <wf lemma="de" pos="X">de</wf>
         <wf lemma="muur" pos="X">muur</wf>
         <wf lemma="." pos="X">.</wf>
      </sentence>
      <sentence id="d000.s3380" source="wordnet-dutch">
         <wf lemma="de" pos="X">de</wf>
         <wf lemma="verdachte" pos="X">verdachte</wf>
         <wf lemma="werd" pos="X">werd</wf>
         <wf lemma="de" pos="X">de</wf>
         <wf lemma="hele" pos="X">hele</wf>
         <wf lemma="nacht" pos="X">nacht</wf>
         <instance id="d000.s3380.t000" lemma="ondervragen" pos="VERB">ondervraagd</instance>
         <wf lemma="." pos="X">.</wf>
      </sentence>
      <sentence id="d000.s3381" source="wordnet-dutch">
         <wf lemma="in" pos="X">in</wf>
         <wf lemma="eigen" pos="X">eigen</wf>
         <instance id="d000.s3381.t000" lemma="land" pos="NOUN">land</instance>
         <wf lemma="wordt" pos="X">wordt</wf>
         <wf lemma="hij" pos="X">hij</wf>
         <wf lemma="op" pos="X">op</wf>
         <wf lemma="handen" pos="X">handen</wf>
         <wf lemma="gedragen" pos="X">gedragen</wf>
         <wf lemma="." pos="X">.</wf>
      </sentence>
      <sentence id="d000.s3382" source="wordnet-dutch">
         <wf lemma="dat" pos="X">dat</wf>
         <wf lemma="heeft" pos="X">heeft</wf>
         <wf lemma="zijn" pos="X">zijn</wf>
         <wf lemma="geestdrift" pos="X">geestdrift</wf>
         <wf lemma="alvast" pos="X">alvast</wf>
         <wf lemma="wat" pos="X">wat</wf>
         <instance id="d000.s3382.t000" lemma="luwen" pos="VERB">geluwd</instance>
         <wf lemma="." pos="X">.</wf>
      </sentence>
      <sentence id="d000.s3383" source="wordnet-dutch">
         <wf lemma="ik" pos="X">ik</wf>
         <wf lemma="heb" pos="X">heb</wf>
         <wf lemma="mijn" pos="X">mijn</wf>
         <wf lemma="plannen" pos="X">plannen</wf>
         <wf lemma="intussen" pos="X">intussen</wf>
         <wf lemma="al" pos="X">al</wf>
         <instance id="d000.s3383.t000" lemma="veranderen" pos="VERB">veranderd</instance>
         <wf lemma="." pos="X">.</wf>
      </sentence>
      <sentence id="d000.s3384" source="wordnet-dutch">
         <wf lemma="deze" pos="X">deze</wf>
         <wf lemma="journalisten" pos="X">journalisten</wf>
         <instance id="d000.s3384.t000" lemma="riskeren" pos="VERB">riskeren</instance>
         <wf lemma="dagelijks" pos="X">dagelijks</wf>
         <wf lemma="hun" pos="X">hun</wf>
         <wf lemma="leven" pos="X">leven</wf>
         <wf lemma="om" pos="X">om</wf>
         <wf lemma="te" pos="X">te</wf>
         <wf lemma="berichten" pos="X">berichten</wf>
         <wf lemma="over" pos="X">over</wf>
         <wf lemma="de" pos="X">de</wf>
         <wf lemma="oorlog" pos="X">oorlog</wf>
         <wf lemma="in" pos="X">in</wf>
         <wf lemma="dat" pos="X">dat</wf>
         <wf lemma="land" pos="X">land</wf>
         <wf lemma="." pos="X">.</wf>
      </sentence>
      <sentence id="d000.s3385" source="wordnet-dutch">
         <wf lemma="het" pos="X">het</wf>
         <wf lemma="bericht" pos="X">bericht</wf>
         <wf lemma="over" pos="X">over</wf>
         <wf lemma="de" pos="X">de</wf>
         <wf lemma="verlaging" pos="X">verlaging</wf>
         <wf lemma="van" pos="X">van</wf>
         <wf lemma="de" pos="X">de</wf>
         <wf lemma="benzineprijzen" pos="X">benzineprijzen</wf>
         <instance id="d000.s3385.t000" lemma="klinken" pos="VERB">klonk</instance>
         <wf lemma="mij" pos="X">mij</wf>
         <wf lemma="al" pos="X">al</wf>
         <wf lemma="vreemd" pos="X">vreemd</wf>
         <wf lemma="in" pos="X">in</wf>
         <wf lemma="de" pos="X">de</wf>
         <wf lemma="oren." pos="X">oren.</wf>
      </sentence>
      <sentence id="d000.s3386" source="wordnet-dutch">
         <wf lemma="De" pos="X">De</wf>
         <instance id="d000.s3386.t000" lemma="koers" pos="NOUN">koers</instance>
         <wf lemma="van" pos="X">van</wf>
         <wf lemma="het" pos="X">het</wf>
         <wf lemma="beleid" pos="X">beleid</wf>
         <wf lemma="ligt" pos="X">ligt</wf>
         <wf lemma="niet" pos="X">niet</wf>
         <wf lemma="vast" pos="X">vast</wf>
         <wf lemma="." pos="X">.</wf>
      </sentence>
      <sentence id="d000.s3387" source="wordnet-dutch">
         <wf lemma="er" pos="X">er</wf>
         <wf lemma="werd" pos="X">werd</wf>
         <instance id="d000.s3387.t000" lemma="beslag" pos="NOUN">beslag</instance>
         <wf lemma="gelegd" pos="X">gelegd</wf>
         <wf lemma="op" pos="X">op</wf>
         <wf lemma="de" pos="X">de</wf>
         <wf lemma="inboedel" pos="X">inboedel</wf>
         <wf lemma="." pos="X">.</wf>
      </sentence>
      <sentence id="d000.s3388" source="wordnet-dutch">
         <wf lemma="de" pos="X">de</wf>
         <wf lemma="wereldtitel/wereldkampioen" pos="X">wereldtitel/wereldkampioen</wf>
         <wf lemma="in" pos="X">in</wf>
         <wf lemma="het" pos="X">het</wf>
         <instance id="d000.s3388.t000" lemma="lichtgewicht" pos="NOUN">lichtgewicht</instance>
         <wf lemma="." pos="X">.</wf>
      </sentence>
      <sentence id="d000.s3389" source="wordnet-dutch">
         <wf lemma="dat" pos="X">dat</wf>
         <wf lemma="gevoel" pos="X">gevoel</wf>
         <wf lemma="voor" pos="X">voor</wf>
         <wf lemma="muziek" pos="X">muziek</wf>
         <wf lemma="heeft" pos="X">heeft</wf>
         <wf lemma="ze" pos="X">ze</wf>
         <wf lemma="van" pos="X">van</wf>
         <instance id="d000.s3389.t000" lemma="huis" pos="NOUN">huis</instance>
         <wf lemma="uit" pos="X">uit</wf>
         <wf lemma="meegekregen" pos="X">meegekregen</wf>
         <wf lemma="." pos="X">.</wf>
      </sentence>
      <sentence id="d000.s3390" source="wordnet-dutch">
         <wf lemma="op" pos="X">op</wf>
         <wf lemma="zijn" pos="X">zijn</wf>
         <wf lemma="dagelijkse" pos="X">dagelijkse</wf>
         <instance id="d000.s3390.t000" lemma="rondgang" pos="NOUN">rondgang</instance>
         <wf lemma="door" pos="X">door</wf>
         <wf lemma="de" pos="X">de</wf>
         <wf lemma="fabriek" pos="X">fabriek</wf>
         <wf lemma="merkte" pos="X">merkte</wf>
         <wf lemma="hij" pos="X">hij</wf>
         <wf lemma="op" pos="X">op</wf>
         <wf lemma="dat" pos="X">dat</wf>
         <wf lemma="er" pos="X">er</wf>
         <wf lemma="niks" pos="X">niks</wf>
         <wf lemma="veranderd" pos="X">veranderd</wf>
         <wf lemma="was" pos="X">was</wf>
         <wf lemma="." pos="X">.</wf>
      </sentence>
      <sentence id="d000.s3391" source="wordnet-dutch">
         <wf lemma="de" pos="X">de</wf>
         <wf lemma="werknemers" pos="X">werknemers</wf>
         <wf lemma="kwamen" pos="X">kwamen</wf>
         <wf lemma="tegen" pos="X">tegen</wf>
         <wf lemma="deze" pos="X">deze</wf>
         <wf lemma="beslissing" pos="X">beslissing</wf>
         <wf lemma="in" pos="X">in</wf>
         <instance id="d000.s3391.t000" lemma="verzet" pos="NOUN">verzet</instance>
         <wf lemma="." pos="X">.</wf>
      </sentence>
      <sentence id="d000.s3392" source="wordnet-dutch">
         <wf lemma="ik" pos="X">ik</wf>
         <wf lemma="heb" pos="X">heb</wf>
         <wf lemma="vijf" pos="X">vijf</wf>
         <wf lemma="jaar" pos="X">jaar</wf>
         <instance id="d000.s3392.t000" lemma="kunstacademie" pos="NOUN">kunstacademie</instance>
         <wf lemma="gedaan" pos="X">gedaan</wf>
         <wf lemma="." pos="X">.</wf>
      </sentence>
      <sentence id="d000.s3393" source="wordnet-dutch">
         <wf lemma="hij" pos="X">hij</wf>
         <wf lemma="speelt" pos="X">speelt</wf>
         <instance id="d000.s3393.t000" lemma="tuba" pos="NOUN">tuba</instance>
         <wf lemma="in" pos="X">in</wf>
         <wf lemma="de" pos="X">de</wf>
         <wf lemma="plaatselijke" pos="X">plaatselijke</wf>
         <wf lemma="fanfare" pos="X">fanfare</wf>
         <wf lemma="." pos="X">.</wf>
      </sentence>
      <sentence id="d000.s3394" source="wordnet-dutch">
         <wf lemma="de" pos="X">de</wf>
         <wf lemma="regen" pos="X">regen</wf>
         <wf lemma="was" pos="X">was</wf>
         <wf lemma="weer" pos="X">weer</wf>
         <instance id="d000.s3394.t000" lemma="spelbreker" pos="NOUN">spelbreker</instance>
         <wf lemma="." pos="X">.</wf>
      </sentence>
      <sentence id="d000.s3395" source="wordnet-dutch">
         <wf lemma="hij" pos="X">hij</wf>
         <wf lemma="kon" pos="X">kon</wf>
         <wf lemma="slechts" pos="X">slechts</wf>
         <wf lemma="met" pos="X">met</wf>
         <wf lemma="moeite" pos="X">moeite</wf>
         <wf lemma="zijn" pos="X">zijn</wf>
         <wf lemma="zenuwen" pos="X">zenuwen</wf>
         <instance id="d000.s3395.t000" lemma="bedwingen" pos="VERB">bedwingen</instance>
         <wf lemma="." pos="X">.</wf>
      </sentence>
      <sentence id="d000.s3396" source="wordnet-dutch">
         <wf lemma="Uit" pos="X">Uit</wf>
         <wf lemma="onderzoek" pos="X">onderzoek</wf>
         <wf lemma="blijkt" pos="X">blijkt</wf>
         <wf lemma="namelijk" pos="X">namelijk</wf>
         <wf lemma="dat" pos="X">dat</wf>
         <wf lemma="mensen" pos="X">mensen</wf>
         <wf lemma="met" pos="X">met</wf>
         <wf lemma="een" pos="X">een</wf>
         <wf lemma="lager" pos="X">lager</wf>
         <wf lemma="gewicht" pos="X">gewicht</wf>
         <wf lemma="relatief" pos="X">relatief</wf>
         <wf lemma="meer" pos="X">meer</wf>
         <wf lemma="energie" pos="X">energie</wf>
         <instance id="d000.s3396.t000" lemma="verbranden" pos="VERB">verbranden</instance>
         <wf lemma="dan" pos="X">dan</wf>
         <wf lemma="mensen" pos="X">mensen</wf>
         <wf lemma="met" pos="X">met</wf>
         <wf lemma="overgewicht" pos="X">overgewicht</wf>
         <wf lemma="." pos="X">.</wf>
      </sentence>
      <sentence id="d000.s3397" source="wordnet-dutch">
         <wf lemma="hij" pos="X">hij</wf>
         <wf lemma="stond" pos="X">stond</wf>
         <wf lemma="te" pos="X">te</wf>
         <instance id="d000.s3397.t000" lemma="jongleren" pos="VERB">jongleren</instance>
         <wf lemma="met" pos="X">met</wf>
         <wf lemma="vijf" pos="X">vijf</wf>
         <wf lemma="veelkleurige" pos="X">veelkleurige</wf>
         <wf lemma="ballen" pos="X">ballen</wf>
         <wf lemma="." pos="X">.</wf>
      </sentence>
      <sentence id="d000.s3398" source="wordnet-dutch">
         <wf lemma="een" pos="X">een</wf>
         <wf lemma="plank" pos="X">plank</wf>
         <wf lemma="in" pos="X">in</wf>
         <wf lemma="de" pos="X">de</wf>
         <instance id="d000.s3398.t000" lemma="lengte" pos="NOUN">lengte</instance>
         <wf lemma="doorzagen" pos="X">doorzagen</wf>
         <wf lemma="." pos="X">.</wf>
      </sentence>
      <sentence id="d000.s3399" source="wordnet-dutch">
         <wf lemma="door" pos="X">door</wf>
         <wf lemma="de" pos="X">de</wf>
         <wf lemma="brand" pos="X">brand</wf>
         <wf lemma="gingen" pos="X">gingen</wf>
         <wf lemma="al" pos="X">al</wf>
         <wf lemma="hun" pos="X">hun</wf>
         <instance id="d000.s3399.t000" lemma="bezitting" pos="NOUN">bezittingen</instance>
         <wf lemma="verloren" pos="X">verloren</wf>
         <wf lemma="." pos="X">.</wf>
      </sentence>
      <sentence id="d000.s3400" source="wordnet-dutch">
         <wf lemma="Schuif" pos="X">Schuif</wf>
         <wf lemma="de" pos="X">de</wf>
         <instance id="d000.s3400.t000" lemma="bus" pos="NOUN">bus</instance>
         <wf lemma="over" pos="X">over</wf>
         <wf lemma="de" pos="X">de</wf>
         <wf lemma="schroef" pos="X">schroef</wf>
         <wf lemma="en" pos="X">en</wf>
         <wf lemma="maak" pos="X">maak</wf>
         <wf lemma="het" pos="X">het</wf>
         <wf lemma="vast" pos="X">vast</wf>
         <wf lemma="." pos="X">.</wf>
      </sentence>
      <sentence id="d000.s3401" source="wordnet-dutch">
         <wf lemma="jodium" pos="X">jodium</wf>
         <instance id="d000.s3401.t000" lemma="prikken" pos="VERB">prikt</instance>
         <wf lemma="als" pos="X">als</wf>
         <wf lemma="je" pos="X">je</wf>
         <wf lemma="er" pos="X">er</wf>
         <wf lemma="een" pos="X">een</wf>
         <wf lemma="wondje" pos="X">wondje</wf>
         <wf lemma="mee" pos="X">mee</wf>
         <wf lemma="ontsmet" pos="X">ontsmet</wf>
         <wf lemma="." pos="X">.</wf>
      </sentence>
      <sentence id="d000.s3402" source="wordnet-dutch">
         <wf lemma="er" pos="X">er</wf>
         <instance id="d000.s3402.t000" lemma="rusten" pos="VERB">rustte</instance>
         <wf lemma="een" pos="X">een</wf>
         <wf lemma="grote" pos="X">grote</wf>
         <wf lemma="verantwoordelijkheid" pos="X">verantwoordelijkheid</wf>
         <wf lemma="op" pos="X">op</wf>
         <wf lemma="zijn" pos="X">zijn</wf>
         <wf lemma="schouders" pos="X">schouders</wf>
         <wf lemma="." pos="X">.</wf>
      </sentence>
      <sentence id="d000.s3403" source="wordnet-dutch">
         <wf lemma="als" pos="X">als</wf>
         <wf lemma="ze" pos="X">ze</wf>
         <wf lemma="de" pos="X">de</wf>
         <wf lemma="verantwoordelijken" pos="X">verantwoordelijken</wf>
         <wf lemma="niet" pos="X">niet</wf>
         <wf lemma="straffen" pos="X">straffen</wf>
         <wf lemma="zal" pos="X">zal</wf>
         <wf lemma="de" pos="X">de</wf>
         <wf lemma="commissie" pos="X">commissie</wf>
         <wf lemma="snel" pos="X">snel</wf>
         <wf lemma="aan" pos="X">aan</wf>
         <wf lemma="kracht" pos="X">kracht</wf>
         <wf lemma="en" pos="X">en</wf>
         <wf lemma="geloofwaardigheid" pos="X">geloofwaardigheid</wf>
         <instance id="d000.s3403.t000" lemma="inboeten" pos="VERB">inboeten</instance>
         <wf lemma="." pos="X">.</wf>
      </sentence>
      <sentence id="d000.s3404" source="wordnet-dutch">
         <wf lemma="een" pos="X">een</wf>
         <wf lemma="geïndustrialiseerd" pos="X">geïndustrialiseerd</wf>
         <wf lemma="land" pos="X">land</wf>
         <wf lemma="met" pos="X">met</wf>
         <wf lemma="een" pos="X">een</wf>
         <wf lemma="gezonde" pos="X">gezonde</wf>
         <instance id="d000.s3404.t000" lemma="economie" pos="NOUN">economie</instance>
         <wf lemma="." pos="X">.</wf>
      </sentence>
      <sentence id="d000.s3405" source="wordnet-dutch">
         <wf lemma="goed,ik" pos="X">goed,ik</wf>
         <wf lemma="zal" pos="X">zal</wf>
         <wf lemma="de" pos="X">de</wf>
         <instance id="d000.s3405.t000" lemma="boodschap" pos="NOUN">boodschap</instance>
         <wf lemma="doorgeven" pos="X">doorgeven</wf>
         <wf lemma="." pos="X">.</wf>
      </sentence>
      <sentence id="d000.s3406" source="wordnet-dutch">
         <wf lemma="de" pos="X">de</wf>
         <instance id="d000.s3406.t000" lemma="omslag" pos="NOUN">omslag</instance>
         <wf lemma="in" pos="X">in</wf>
         <wf lemma="het" pos="X">het</wf>
         <wf lemma="allochtonenbeleid" pos="X">allochtonenbeleid</wf>
         <wf lemma="." pos="X">.</wf>
      </sentence>
      <sentence id="d000.s3407" source="wordnet-dutch">
         <wf lemma="hij" pos="X">hij</wf>
         <instance id="d000.s3407.t000" lemma="dingen" pos="VERB">dingt</instance>
         <wf lemma="naar" pos="X">naar</wf>
         <wf lemma="die" pos="X">die</wf>
         <wf lemma="betrekking" pos="X">betrekking</wf>
         <wf lemma="." pos="X">.</wf>
      </sentence>
      <sentence id="d000.s3408" source="wordnet-dutch">
         <wf lemma="in" pos="X">in</wf>
         <wf lemma="het" pos="X">het</wf>
         <wf lemma="begin" pos="X">begin</wf>
         <wf lemma="van" pos="X">van</wf>
         <wf lemma="dit" pos="X">dit</wf>
         <wf lemma="hoofdstuk" pos="X">hoofdstuk</wf>
         <wf lemma="worden" pos="X">worden</wf>
         <wf lemma="nog" pos="X">nog</wf>
         <wf lemma="eens" pos="X">eens</wf>
         <wf lemma="de" pos="X">de</wf>
         <wf lemma="resultaten" pos="X">resultaten</wf>
         <wf lemma="van" pos="X">van</wf>
         <wf lemma="ons" pos="X">ons</wf>
         <wf lemma="vorig" pos="X">vorig</wf>
         <wf lemma="onderzoek" pos="X">onderzoek</wf>
         <instance id="d000.s3408.t000" lemma="resumeren" pos="VERB">geresumeerd</instance>
         <wf lemma="." pos="X">.</wf>
      </sentence>
      <sentence id="d000.s3409" source="wordnet-dutch">
         <wf lemma="in" pos="X">in</wf>
         <wf lemma="deze" pos="X">deze</wf>
         <wf lemma="streek" pos="X">streek</wf>
         <wf lemma="moeten" pos="X">moeten</wf>
         <wf lemma="de" pos="X">de</wf>
         <wf lemma="boeren" pos="X">boeren</wf>
         <wf lemma="hun" pos="X">hun</wf>
         <wf lemma="vee" pos="X">vee</wf>
         <wf lemma="tegen" pos="X">tegen</wf>
         <wf lemma="de" pos="X">de</wf>
         <wf lemma="wolven" pos="X">wolven</wf>
         <instance id="d000.s3409.t000" lemma="beschermen" pos="VERB">beschermen</instance>
         <wf lemma="." pos="X">.</wf>
      </sentence>
      <sentence id="d000.s3410" source="wordnet-dutch">
         <wf lemma="Staatsbosbeheer" pos="X">Staatsbosbeheer</wf>
         <wf lemma="probeert" pos="X">probeert</wf>
         <wf lemma="door" pos="X">door</wf>
         <wf lemma="herbebossing" pos="X">herbebossing</wf>
         <wf lemma="een" pos="X">een</wf>
         <wf lemma="fraai" pos="X">fraai</wf>
         <wf lemma="landschap" pos="X">landschap</wf>
         <wf lemma="te" pos="X">te</wf>
         <instance id="d000.s3410.t000" lemma="creëren" pos="VERB">creëren</instance>
         <wf lemma="." pos="X">.</wf>
      </sentence>
      <sentence id="d000.s3411" source="wordnet-dutch">
         <wf lemma="deze" pos="X">deze</wf>
         <wf lemma="maatregel" pos="X">maatregel</wf>
         <wf lemma="heet" pos="X">heet</wf>
         <wf lemma="een" pos="X">een</wf>
         <instance id="d000.s3411.t000" lemma="schokeffect" pos="NOUN">schokeffect</instance>
         <wf lemma="teweeg" pos="X">teweeg</wf>
         <wf lemma="gebracht" pos="X">gebracht</wf>
         <wf lemma="onder" pos="X">onder</wf>
         <wf lemma="de" pos="X">de</wf>
         <wf lemma="werknemers" pos="X">werknemers</wf>
         <wf lemma="." pos="X">.</wf>
      </sentence>
      <sentence id="d000.s3412" source="wordnet-dutch">
         <wf lemma="er" pos="X">er</wf>
         <wf lemma="zijn" pos="X">zijn</wf>
         <wf lemma="omstandigheden" pos="X">omstandigheden</wf>
         <wf lemma="dat" pos="X">dat</wf>
         <wf lemma="de" pos="X">de</wf>
         <wf lemma="voetreflexzones" pos="X">voetreflexzones</wf>
         <wf lemma="geen" pos="X">geen</wf>
         <instance id="d000.s3412.t000" lemma="impuls" pos="NOUN">impulsen</instance>
         <wf lemma="doorgeven" pos="X">doorgeven</wf>
         <wf lemma="." pos="X">.</wf>
      </sentence>
      <sentence id="d000.s3413" source="wordnet-dutch">
         <wf lemma="dat" pos="X">dat</wf>
         <wf lemma="de" pos="X">de</wf>
         <wf lemma="rente" pos="X">rente</wf>
         <wf lemma="iets" pos="X">iets</wf>
         <wf lemma="stijgt" pos="X">stijgt</wf>
         <wf lemma="heeft" pos="X">heeft</wf>
         <wf lemma="voor" pos="X">voor</wf>
         <wf lemma="de" pos="X">de</wf>
         <wf lemma="prijzen" pos="X">prijzen</wf>
         <wf lemma="weinig" pos="X">weinig</wf>
         <wf lemma="te" pos="X">te</wf>
         <instance id="d000.s3413.t000" lemma="beduiden" pos="VERB">beduiden</instance>
         <wf lemma="." pos="X">.</wf>
      </sentence>
      <sentence id="d000.s3414" source="wordnet-dutch">
         <wf lemma="door" pos="X">door</wf>
         <wf lemma="deze" pos="X">deze</wf>
         <wf lemma="houding" pos="X">houding</wf>
         <instance id="d000.s3414.t000" lemma="riskeren" pos="VERB">riskeert</instance>
         <wf lemma="de" pos="X">de</wf>
         <wf lemma="minister" pos="X">minister</wf>
         <wf lemma="een" pos="X">een</wf>
         <wf lemma="conflict" pos="X">conflict</wf>
         <wf lemma="met" pos="X">met</wf>
         <wf lemma="de" pos="X">de</wf>
         <wf lemma="eigen" pos="X">eigen</wf>
         <wf lemma="partij" pos="X">partij</wf>
         <wf lemma="." pos="X">.</wf>
      </sentence>
      <sentence id="d000.s3415" source="wordnet-dutch">
         <wf lemma="onder" pos="X">onder</wf>
         <wf lemma="het" pos="X">het</wf>
         <wf lemma="uiten" pos="X">uiten</wf>
         <wf lemma="van" pos="X">van</wf>
         <instance id="d000.s3415.t000" lemma="verwensing" pos="NOUN">verwensingen</instance>
         <wf lemma="rent" pos="X">rent</wf>
         <wf lemma="hij" pos="X">hij</wf>
         <wf lemma="naar" pos="X">naar</wf>
         <wf lemma="buiten" pos="X">buiten</wf>
         <wf lemma="." pos="X">.</wf>
      </sentence>
      <sentence id="d000.s3416" source="wordnet-dutch">
         <wf lemma="Becker" pos="X">Becker</wf>
         <wf lemma="kon" pos="X">kon</wf>
         <wf lemma="die" pos="X">die</wf>
         <wf lemma="bal" pos="X">bal</wf>
         <wf lemma="niet" pos="X">niet</wf>
         <wf lemma="meer" pos="X">meer</wf>
         <instance id="d000.s3416.t000" lemma="retourneren" pos="VERB">retourneren</instance>
         <wf lemma="." pos="X">.</wf>
      </sentence>
      <sentence id="d000.s3417" source="wordnet-dutch">
         <wf lemma="er" pos="X">er</wf>
         <instance id="d000.s3417.t000" lemma="vallen" pos="VERB">valt</instance>
         <wf lemma="weinig" pos="X">weinig</wf>
         <wf lemma="te" pos="X">te</wf>
         <wf lemma="redden" pos="X">redden</wf>
         <wf lemma="na" pos="X">na</wf>
         <wf lemma="die" pos="X">die</wf>
         <wf lemma="vreselijke" pos="X">vreselijke</wf>
         <wf lemma="windhoos" pos="X">windhoos</wf>
         <wf lemma="." pos="X">.</wf>
      </sentence>
      <sentence id="d000.s3418" source="wordnet-dutch">
         <wf lemma="voeg" pos="X">voeg</wf>
         <wf lemma="een" pos="X">een</wf>
         <wf lemma="takje" pos="X">takje</wf>
         <instance id="d000.s3418.t000" lemma="rozemarijn" pos="NOUN">rozemarijn</instance>
         <wf lemma="aan" pos="X">aan</wf>
         <wf lemma="de" pos="X">de</wf>
         <wf lemma="saus" pos="X">saus</wf>
         <wf lemma="toe" pos="X">toe</wf>
         <wf lemma="." pos="X">.</wf>
      </sentence>
      <sentence id="d000.s3419" source="wordnet-dutch">
         <wf lemma="je" pos="X">je</wf>
         <wf lemma="moet" pos="X">moet</wf>
         <instance id="d000.s3419.t000" lemma="oppassen" pos="VERB">oppassen</instance>
         <wf lemma="dat" pos="X">dat</wf>
         <wf lemma="je" pos="X">je</wf>
         <wf lemma="niets" pos="X">niets</wf>
         <wf lemma="van" pos="X">van</wf>
         <wf lemma="hem" pos="X">hem</wf>
         <wf lemma="vraagt" pos="X">vraagt</wf>
         <wf lemma="wat" pos="X">wat</wf>
         <wf lemma="hem" pos="X">hem</wf>
         <wf lemma="onaangenaam" pos="X">onaangenaam</wf>
         <wf lemma="is" pos="X">is</wf>
         <wf lemma="." pos="X">.</wf>
      </sentence>
      <sentence id="d000.s3420" source="wordnet-dutch">
         <wf lemma="heb" pos="X">heb</wf>
         <wf lemma="je" pos="X">je</wf>
         <wf lemma="hem" pos="X">hem</wf>
         <wf lemma="weer" pos="X">weer</wf>
         <wf lemma="," pos="X">,</wf>
         <wf lemma="wat" pos="X">wat</wf>
         <wf lemma="een" pos="X">een</wf>
         <instance id="d000.s3420.t000" lemma="betweter" pos="NOUN">betweter</instance>
         <wf lemma="is" pos="X">is</wf>
         <wf lemma="dat" pos="X">dat</wf>
         <wf lemma="toch" pos="X">toch</wf>
         <wf lemma="!" pos="X">!</wf>
      </sentence>
      <sentence id="d000.s3421" source="wordnet-dutch">
         <wf lemma="ze" pos="X">ze</wf>
         <instance id="d000.s3421.t000" lemma="knevelen" pos="VERB">knevelden</instance>
         <wf lemma="de" pos="X">de</wf>
         <wf lemma="man" pos="X">man</wf>
         <wf lemma="en" pos="X">en</wf>
         <wf lemma="gingen" pos="X">gingen</wf>
         <wf lemma="er" pos="X">er</wf>
         <wf lemma="met" pos="X">met</wf>
         <wf lemma="al" pos="X">al</wf>
         <wf lemma="zijn" pos="X">zijn</wf>
         <wf lemma="geld" pos="X">geld</wf>
         <wf lemma="vandoor" pos="X">vandoor</wf>
         <wf lemma="." pos="X">.</wf>
      </sentence>
      <sentence id="d000.s3422" source="wordnet-dutch">
         <wf lemma="Biesheuvel" pos="X">Biesheuvel</wf>
         <instance id="d000.s3422.t000" lemma="lezen" pos="VERB">leest</instance>
         <wf lemma="vanavond" pos="X">vanavond</wf>
         <wf lemma="een" pos="X">een</wf>
         <wf lemma="kort" pos="X">kort</wf>
         <wf lemma="verhaal" pos="X">verhaal</wf>
         <wf lemma="in" pos="X">in</wf>
         <wf lemma="de" pos="X">de</wf>
         <wf lemma="Engelbewaarder" pos="X">Engelbewaarder</wf>
         <wf lemma="." pos="X">.</wf>
      </sentence>
      <sentence id="d000.s3423" source="wordnet-dutch">
         <wf lemma="onze" pos="X">onze</wf>
         <wf lemma="poes" pos="X">poes</wf>
         <wf lemma="krijgt" pos="X">krijgt</wf>
         <wf lemma="volgende" pos="X">volgende</wf>
         <wf lemma="maand" pos="X">maand</wf>
         <instance id="d000.s3423.t000" lemma="jonkie" pos="NOUN">jonkies</instance>
         <wf lemma="." pos="X">.</wf>
      </sentence>
      <sentence id="d000.s3424" source="wordnet-dutch">
         <wf lemma="de" pos="X">de</wf>
         <wf lemma="renners" pos="X">renners</wf>
         <wf lemma="moeten" pos="X">moeten</wf>
         <wf lemma="vandaag" pos="X">vandaag</wf>
         <wf lemma="een" pos="X">een</wf>
         <wf lemma="afstand" pos="X">afstand</wf>
         <wf lemma="van" pos="X">van</wf>
         <wf lemma="ruim" pos="X">ruim</wf>
         <wf lemma="270" pos="X">270</wf>
         <wf lemma="km" pos="X">km</wf>
         <wf lemma="en" pos="X">en</wf>
         <wf lemma="een" pos="X">een</wf>
         <wf lemma="hoogteverschil" pos="X">hoogteverschil</wf>
         <wf lemma="van" pos="X">van</wf>
         <wf lemma="260" pos="X">260</wf>
         <wf lemma="meter" pos="X">meter</wf>
         <instance id="d000.s3424.t000" lemma="overbruggen" pos="VERB">overbruggen</instance>
         <wf lemma="." pos="X">.</wf>
      </sentence>
      <sentence id="d000.s3425" source="wordnet-dutch">
         <wf lemma="hij" pos="X">hij</wf>
         <wf lemma="laat" pos="X">laat</wf>
         <wf lemma="overal" pos="X">overal</wf>
         <wf lemma="zijn" pos="X">zijn</wf>
         <wf lemma="rommel" pos="X">rommel</wf>
         <instance id="d000.s3425.t000" lemma="rondslingeren" pos="VERB">rondslingeren</instance>
         <wf lemma="." pos="X">.</wf>
      </sentence>
      <sentence id="d000.s3426" source="wordnet-dutch">
         <wf lemma="in" pos="X">in</wf>
         <wf lemma="het" pos="X">het</wf>
         <instance id="d000.s3426.t000" lemma="begin" pos="NOUN">begin</instance>
         <wf lemma="durfde" pos="X">durfde</wf>
         <wf lemma="ze" pos="X">ze</wf>
         <wf lemma="niets" pos="X">niets</wf>
         <wf lemma="te" pos="X">te</wf>
         <wf lemma="zeggen" pos="X">zeggen</wf>
         <wf lemma="." pos="X">.</wf>
      </sentence>
      <sentence id="d000.s3427" source="wordnet-dutch">
         <wf lemma="de" pos="X">de</wf>
         <wf lemma="put" pos="X">put</wf>
         <wf lemma="gaf" pos="X">gaf</wf>
         <wf lemma="een" pos="X">een</wf>
         <wf lemma="prachtige" pos="X">prachtige</wf>
         <instance id="d000.s3427.t000" lemma="echo" pos="NOUN">echo</instance>
         <wf lemma="." pos="X">.</wf>
      </sentence>
      <sentence id="d000.s3428" source="wordnet-dutch">
         <wf lemma="de" pos="X">de</wf>
         <wf lemma="natuurgebieden" pos="X">natuurgebieden</wf>
         <wf lemma="zijn" pos="X">zijn</wf>
         <wf lemma="van" pos="X">van</wf>
         <wf lemma="een" pos="X">een</wf>
         <wf lemma="dergelijke" pos="X">dergelijke</wf>
         <instance id="d000.s3428.t000" lemma="importantie" pos="NOUN">importantie</instance>
         <wf lemma="dat" pos="X">dat</wf>
         <wf lemma="ze" pos="X">ze</wf>
         <wf lemma="behouden" pos="X">behouden</wf>
         <wf lemma="moeten" pos="X">moeten</wf>
         <wf lemma="blijven" pos="X">blijven</wf>
         <wf lemma="." pos="X">.</wf>
      </sentence>
      <sentence id="d000.s3429" source="wordnet-dutch">
         <wf lemma="de" pos="X">de</wf>
         <wf lemma="militairen" pos="X">militairen</wf>
         <wf lemma="moesten" pos="X">moesten</wf>
         <wf lemma="voor" pos="X">voor</wf>
         <wf lemma="de" pos="X">de</wf>
         <wf lemma="krijgsraad" pos="X">krijgsraad</wf>
         <wf lemma="verschijnen" pos="X">verschijnen</wf>
         <wf lemma="omdat" pos="X">omdat</wf>
         <wf lemma="ze" pos="X">ze</wf>
         <wf lemma="zich" pos="X">zich</wf>
         <instance id="d000.s3429.t000" lemma="misdragen" pos="VERB">misdragen</instance>
         <wf lemma="hadden" pos="X">hadden</wf>
         <wf lemma="tijdens" pos="X">tijdens</wf>
         <wf lemma="hun" pos="X">hun</wf>
         <wf lemma="missie" pos="X">missie</wf>
         <wf lemma="in" pos="X">in</wf>
         <wf lemma="Rwanda" pos="X">Rwanda</wf>
         <wf lemma="." pos="X">.</wf>
      </sentence>
      <sentence id="d000.s3430" source="wordnet-dutch">
         <wf lemma="De" pos="X">De</wf>
         <instance id="d000.s3430.t000" lemma="steen" pos="NOUN">stenen</instance>
         <wf lemma="van" pos="X">van</wf>
         <wf lemma="de" pos="X">de</wf>
         <wf lemma="stoep" pos="X">stoep</wf>
         <wf lemma="liggen" pos="X">liggen</wf>
         <wf lemma="scheef" pos="X">scheef</wf>
         <wf lemma="." pos="X">.</wf>
      </sentence>
      <sentence id="d000.s3431" source="wordnet-dutch">
         <wf lemma="in" pos="X">in</wf>
         <wf lemma="een" pos="X">een</wf>
         <wf lemma="mum" pos="X">mum</wf>
         <wf lemma="van" pos="X">van</wf>
         <wf lemma="tijd" pos="X">tijd</wf>
         <wf lemma="had" pos="X">had</wf>
         <wf lemma="de" pos="X">de</wf>
         <wf lemma="thuisploeg" pos="X">thuisploeg</wf>
         <wf lemma="de" pos="X">de</wf>
         <wf lemma="achterstand" pos="X">achterstand</wf>
         <instance id="d000.s3431.t000" lemma="halveren" pos="VERB">gehalveerd</instance>
         <wf lemma="." pos="X">.</wf>
      </sentence>
      <sentence id="d000.s3432" source="wordnet-dutch">
         <wf lemma="een" pos="X">een</wf>
         <wf lemma="broek" pos="X">broek</wf>
         <wf lemma="met" pos="X">met</wf>
         <wf lemma="lange" pos="X">lange</wf>
         <instance id="d000.s3432.t000" lemma="pijp" pos="NOUN">pijpen</instance>
         <wf lemma="." pos="X">.</wf>
      </sentence>
      <sentence id="d000.s3433" source="wordnet-dutch">
         <wf lemma="ik" pos="X">ik</wf>
         <wf lemma="stond" pos="X">stond</wf>
         <wf lemma="al" pos="X">al</wf>
         <wf lemma="een" pos="X">een</wf>
         <wf lemma="uur" pos="X">uur</wf>
         <wf lemma="op" pos="X">op</wf>
         <wf lemma="de" pos="X">de</wf>
         <wf lemma="N24" pos="X">N24</wf>
         <wf lemma="te" pos="X">te</wf>
         <instance id="d000.s3433.t000" lemma="liften" pos="VERB">liften</instance>
         <wf lemma="toen" pos="X">toen</wf>
         <wf lemma="iemand" pos="X">iemand</wf>
         <wf lemma="me" pos="X">me</wf>
         <wf lemma="eindelijk" pos="X">eindelijk</wf>
         <wf lemma="meenam" pos="X">meenam</wf>
         <wf lemma="." pos="X">.</wf>
      </sentence>
      <sentence id="d000.s3434" source="wordnet-dutch">
         <wf lemma="de" pos="X">de</wf>
         <wf lemma="burgemeester" pos="X">burgemeester</wf>
         <instance id="d000.s3434.t000" lemma="delegeren" pos="VERB">delegeert</instance>
         <wf lemma="veel" pos="X">veel</wf>
         <wf lemma="werk" pos="X">werk</wf>
         <wf lemma="aan" pos="X">aan</wf>
         <wf lemma="zijn" pos="X">zijn</wf>
         <wf lemma="wethouders" pos="X">wethouders</wf>
         <wf lemma="." pos="X">.</wf>
      </sentence>
      <sentence id="d000.s3435" source="wordnet-dutch">
         <wf lemma="hij" pos="X">hij</wf>
         <wf lemma="kon" pos="X">kon</wf>
         <wf lemma="zich" pos="X">zich</wf>
         <wf lemma="niet" pos="X">niet</wf>
         <instance id="d000.s3435.t000" lemma="bedwingen" pos="VERB">bedwingen</instance>
         <wf lemma="en" pos="X">en</wf>
         <wf lemma="barstte" pos="X">barstte</wf>
         <wf lemma="in" pos="X">in</wf>
         <wf lemma="tranen" pos="X">tranen</wf>
         <wf lemma="uit" pos="X">uit</wf>
         <wf lemma="." pos="X">.</wf>
      </sentence>
      <sentence id="d000.s3436" source="wordnet-dutch">
         <wf lemma="De" pos="X">De</wf>
         <instance id="d000.s3436.t000" lemma="afwerking" pos="NOUN">afwerking</instance>
         <wf lemma="liet" pos="X">liet</wf>
         <wf lemma="helaas" pos="X">helaas</wf>
         <wf lemma="te" pos="X">te</wf>
         <wf lemma="wensen" pos="X">wensen</wf>
         <wf lemma="over" pos="X">over</wf>
         <wf lemma="." pos="X">.</wf>
      </sentence>
      <sentence id="d000.s3437" source="wordnet-dutch">
         <wf lemma="zij" pos="X">zij</wf>
         <wf lemma="gaan" pos="X">gaan</wf>
         <wf lemma="dit" pos="X">dit</wf>
         <wf lemma="jaar" pos="X">jaar</wf>
         <wf lemma="met" pos="X">met</wf>
         <wf lemma="de" pos="X">de</wf>
         <instance id="d000.s3437.t000" lemma="tent" pos="NOUN">tent</instance>
         <wf lemma="op" pos="X">op</wf>
         <wf lemma="vakantie" pos="X">vakantie</wf>
         <wf lemma="." pos="X">.</wf>
      </sentence>
      <sentence id="d000.s3438" source="wordnet-dutch">
         <wf lemma="dat" pos="X">dat</wf>
         <wf lemma="kind" pos="X">kind</wf>
         <wf lemma="werd" pos="X">werd</wf>
         <wf lemma="op" pos="X">op</wf>
         <wf lemma="school" pos="X">school</wf>
         <wf lemma="voortdurend" pos="X">voortdurend</wf>
         <wf lemma="door" pos="X">door</wf>
         <wf lemma="zijn" pos="X">zijn</wf>
         <wf lemma="klasgenootjes" pos="X">klasgenootjes</wf>
         <instance id="d000.s3438.t000" lemma="treiteren" pos="VERB">getreiterd</instance>
         <wf lemma="." pos="X">.</wf>
      </sentence>
      <sentence id="d000.s3439" source="wordnet-dutch">
         <wf lemma="glazen" pos="X">glazen</wf>
         <wf lemma="en" pos="X">en</wf>
         <wf lemma="kopjes" pos="X">kopjes</wf>
         <wf lemma="voor" pos="X">voor</wf>
         <wf lemma="dagelijks" pos="X">dagelijks</wf>
         <instance id="d000.s3439.t000" lemma="gebruik" pos="NOUN">gebruik</instance>
         <wf lemma="." pos="X">.</wf>
      </sentence>
      <sentence id="d000.s3440" source="wordnet-dutch">
         <wf lemma="we" pos="X">we</wf>
         <wf lemma="zullen" pos="X">zullen</wf>
         <wf lemma="ons" pos="X">ons</wf>
         <wf lemma="afspraakje" pos="X">afspraakje</wf>
         <wf lemma="een" pos="X">een</wf>
         <wf lemma="week" pos="X">week</wf>
         <wf lemma="moeten" pos="X">moeten</wf>
         <instance id="d000.s3440.t000" lemma="opschuiven" pos="VERB">opschuiven</instance>
         <wf lemma="." pos="X">.</wf>
      </sentence>
      <sentence id="d000.s3441" source="wordnet-dutch">
         <wf lemma="door" pos="X">door</wf>
         <wf lemma="de" pos="X">de</wf>
         <wf lemma="gladheid" pos="X">gladheid</wf>
         <wf lemma="was" pos="X">was</wf>
         <wf lemma="hij" pos="X">hij</wf>
         <wf lemma="op" pos="X">op</wf>
         <wf lemma="de" pos="X">de</wf>
         <wf lemma="verkeerde" pos="X">verkeerde</wf>
         <instance id="d000.s3441.t000" lemma="rijstrook" pos="NOUN">rijstrook</instance>
         <wf lemma="terechtgekomen" pos="X">terechtgekomen</wf>
         <wf lemma="." pos="X">.</wf>
      </sentence>
      <sentence id="d000.s3442" source="wordnet-dutch">
         <wf lemma="met" pos="X">met</wf>
         <instance id="d000.s3442.t000" lemma="ingang" pos="NOUN">ingang</instance>
         <wf lemma="van" pos="X">van</wf>
         <wf lemma="1" pos="X">1</wf>
         <wf lemma="januari" pos="X">januari</wf>
         <wf lemma="." pos="X">.</wf>
      </sentence>
      <sentence id="d000.s3443" source="wordnet-dutch">
         <wf lemma="men" pos="X">men</wf>
         <wf lemma="is" pos="X">is</wf>
         <wf lemma="met" pos="X">met</wf>
         <wf lemma="het" pos="X">het</wf>
         <wf lemma="ruimen" pos="X">ruimen</wf>
         <wf lemma="van" pos="X">van</wf>
         <wf lemma="het" pos="X">het</wf>
         <instance id="d000.s3443.t000" lemma="puin" pos="NOUN">puin</instance>
         <wf lemma="begonnen" pos="X">begonnen</wf>
         <wf lemma="." pos="X">.</wf>
      </sentence>
      <sentence id="d000.s3444" source="wordnet-dutch">
         <wf lemma="deze" pos="X">deze</wf>
         <wf lemma="vaststelling" pos="X">vaststelling</wf>
         <instance id="d000.s3444.t000" lemma="ondersteunen" pos="VERB">ondersteunt</instance>
         <wf lemma="zijn" pos="X">zijn</wf>
         <wf lemma="theorie" pos="X">theorie</wf>
         <wf lemma="." pos="X">.</wf>
      </sentence>
      <sentence id="d000.s3445" source="wordnet-dutch">
         <wf lemma="zijn" pos="X">zijn</wf>
         <wf lemma="feest" pos="X">feest</wf>
         <wf lemma="werd" pos="X">werd</wf>
         <wf lemma="een" pos="X">een</wf>
         <wf lemma="grote" pos="X">grote</wf>
         <instance id="d000.s3445.t000" lemma="teleurstelling" pos="NOUN">teleurstelling</instance>
         <wf lemma="voor" pos="X">voor</wf>
         <wf lemma="hem" pos="X">hem</wf>
         <wf lemma="." pos="X">.</wf>
      </sentence>
      <sentence id="d000.s3446" source="wordnet-dutch">
         <wf lemma="De" pos="X">De</wf>
         <wf lemma="volgende" pos="X">volgende</wf>
         <instance id="d000.s3446.t000" lemma="ploeg" pos="NOUN">ploeg</instance>
         <wf lemma="stond" pos="X">stond</wf>
         <wf lemma="al" pos="X">al</wf>
         <wf lemma="klaar" pos="X">klaar</wf>
         <wf lemma="om" pos="X">om</wf>
         <wf lemma="het" pos="X">het</wf>
         <wf lemma="werk" pos="X">werk</wf>
         <wf lemma="over" pos="X">over</wf>
         <wf lemma="te" pos="X">te</wf>
         <wf lemma="nemen" pos="X">nemen</wf>
         <wf lemma="." pos="X">.</wf>
      </sentence>
      <sentence id="d000.s3447" source="wordnet-dutch">
         <wf lemma="hij" pos="X">hij</wf>
         <wf lemma="kwam" pos="X">kwam</wf>
         <wf lemma="in" pos="X">in</wf>
         <wf lemma="de" pos="X">de</wf>
         <instance id="d000.s3447.t000" lemma="verzoeking" pos="NOUN">verzoeking</instance>
         <wf lemma="om" pos="X">om</wf>
         <wf lemma="het" pos="X">het</wf>
         <wf lemma="geld" pos="X">geld</wf>
         <wf lemma="te" pos="X">te</wf>
         <wf lemma="stelen" pos="X">stelen</wf>
         <wf lemma="." pos="X">.</wf>
      </sentence>
      <sentence id="d000.s3448" source="wordnet-dutch">
         <wf lemma="Philips" pos="X">Philips</wf>
         <wf lemma="gaat" pos="X">gaat</wf>
         <wf lemma="volgend" pos="X">volgend</wf>
         <wf lemma="jaar" pos="X">jaar</wf>
         <wf lemma="een" pos="X">een</wf>
         <instance id="d000.s3448.t000" lemma="salarisverlaging" pos="NOUN">salarisverlaging</instance>
         <wf lemma="doorvoeren" pos="X">doorvoeren</wf>
         <wf lemma="." pos="X">.</wf>
      </sentence>
      <sentence id="d000.s3449" source="wordnet-dutch">
         <wf lemma="hij" pos="X">hij</wf>
         <instance id="d000.s3449.t000" lemma="anticiperen" pos="VERB">anticipeerde</instance>
         <wf lemma="toen" pos="X">toen</wf>
         <wf lemma="al" pos="X">al</wf>
         <wf lemma="op" pos="X">op</wf>
         <wf lemma="de" pos="X">de</wf>
         <wf lemma="koersval" pos="X">koersval</wf>
         <wf lemma="die" pos="X">die</wf>
         <wf lemma="hij" pos="X">hij</wf>
         <wf lemma="eind" pos="X">eind</wf>
         <wf lemma="van" pos="X">van</wf>
         <wf lemma="het" pos="X">het</wf>
         <wf lemma="jaar" pos="X">jaar</wf>
         <wf lemma="verwachtte" pos="X">verwachtte</wf>
         <wf lemma="." pos="X">.</wf>
      </sentence>
      <sentence id="d000.s3450" source="wordnet-dutch">
         <wf lemma="het" pos="X">het</wf>
         <wf lemma="viaduct" pos="X">viaduct</wf>
         <wf lemma="rust" pos="X">rust</wf>
         <wf lemma="op" pos="X">op</wf>
         <wf lemma="dertig" pos="X">dertig</wf>
         <wf lemma="betonnen" pos="X">betonnen</wf>
         <instance id="d000.s3450.t000" lemma="pilaar" pos="NOUN">pilaren</instance>
         <wf lemma="." pos="X">.</wf>
      </sentence>
      <sentence id="d000.s3451" source="wordnet-dutch">
         <wf lemma="ik" pos="X">ik</wf>
         <instance id="d000.s3451.t000" lemma="begrijpen" pos="VERB">begrijp</instance>
         <wf lemma="niet" pos="X">niet</wf>
         <wf lemma="hoe" pos="X">hoe</wf>
         <wf lemma="je" pos="X">je</wf>
         <wf lemma="die" pos="X">die</wf>
         <wf lemma="onzin" pos="X">onzin</wf>
         <wf lemma="hebt" pos="X">hebt</wf>
         <wf lemma="kunnen" pos="X">kunnen</wf>
         <wf lemma="geloven" pos="X">geloven</wf>
         <wf lemma="." pos="X">.</wf>
      </sentence>
      <sentence id="d000.s3452" source="wordnet-dutch">
         <wf lemma="de" pos="X">de</wf>
         <wf lemma="cavia" pos="X">cavia</wf>
         <wf lemma="heeft" pos="X">heeft</wf>
         <instance id="d000.s3452.t000" lemma="jonkie" pos="NOUN">jonkies</instance>
         <wf lemma="." pos="X">.</wf>
      </sentence>
      <sentence id="d000.s3453" source="wordnet-dutch">
         <wf lemma="op" pos="X">op</wf>
         <wf lemma="het" pos="X">het</wf>
         <instance id="d000.s3453.t000" lemma="pak" pos="NOUN">pak</instance>
         <wf lemma="staat" pos="X">staat</wf>
         <wf lemma="de" pos="X">de</wf>
         <wf lemma="uiterste" pos="X">uiterste</wf>
         <wf lemma="verkoopdatum" pos="X">verkoopdatum</wf>
         <wf lemma="." pos="X">.</wf>
      </sentence>
      <sentence id="d000.s3454" source="wordnet-dutch">
         <wf lemma="toen" pos="X">toen</wf>
         <wf lemma="het" pos="X">het</wf>
         <wf lemma="eerste" pos="X">eerste</wf>
         <wf lemma="schot" pos="X">schot</wf>
         <wf lemma="gelost" pos="X">gelost</wf>
         <wf lemma="was" pos="X">was</wf>
         <wf lemma="brak/barstte" pos="X">brak/barstte</wf>
         <wf lemma="de" pos="X">de</wf>
         <instance id="d000.s3454.t000" lemma="hel" pos="NOUN">hel</instance>
         <wf lemma="los" pos="X">los</wf>
         <wf lemma="." pos="X">.</wf>
      </sentence>
      <sentence id="d000.s3455" source="wordnet-dutch">
         <wf lemma="de" pos="X">de</wf>
         <instance id="d000.s3455.t000" lemma="exploratie" pos="NOUN">exploratie</instance>
         <wf lemma="van" pos="X">van</wf>
         <wf lemma="de" pos="X">de</wf>
         <wf lemma="zeebodem" pos="X">zeebodem</wf>
         <wf lemma="op" pos="X">op</wf>
         <wf lemma="fossiele" pos="X">fossiele</wf>
         <wf lemma="brandstoffen" pos="X">brandstoffen</wf>
         <wf lemma="." pos="X">.</wf>
      </sentence>
      <sentence id="d000.s3456" source="wordnet-dutch">
         <wf lemma="kunt" pos="X">kunt</wf>
         <wf lemma="u" pos="X">u</wf>
         <wf lemma="daar" pos="X">daar</wf>
         <wf lemma="een" pos="X">een</wf>
         <instance id="d000.s3456.t000" lemma="verklaring" pos="NOUN">verklaring</instance>
         <wf lemma="voor" pos="X">voor</wf>
         <wf lemma="geven" pos="X">geven</wf>
         <wf lemma="?" pos="X">?</wf>
      </sentence>
      <sentence id="d000.s3457" source="wordnet-dutch">
         <wf lemma="als" pos="X">als</wf>
         <wf lemma="bokser" pos="X">bokser</wf>
         <wf lemma="stond" pos="X">stond</wf>
         <wf lemma="hij" pos="X">hij</wf>
         <wf lemma="dagelijks" pos="X">dagelijks</wf>
         <wf lemma="uren" pos="X">uren</wf>
         <wf lemma="achtereen" pos="X">achtereen</wf>
         <wf lemma="tegen" pos="X">tegen</wf>
         <wf lemma="een" pos="X">een</wf>
         <wf lemma="boksbal" pos="X">boksbal</wf>
         <wf lemma="te" pos="X">te</wf>
         <instance id="d000.s3457.t000" lemma="rammen" pos="VERB">rammen</instance>
         <wf lemma="." pos="X">.</wf>
      </sentence>
      <sentence id="d000.s3458" source="wordnet-dutch">
         <wf lemma="in" pos="X">in</wf>
         <wf lemma="de" pos="X">de</wf>
         <instance id="d000.s3458.t000" lemma="epiloog" pos="NOUN">epiloog</instance>
         <wf lemma="kreeg" pos="X">kreeg</wf>
         <wf lemma="het" pos="X">het</wf>
         <wf lemma="stuk" pos="X">stuk</wf>
         <wf lemma="mythische" pos="X">mythische</wf>
         <wf lemma="proporties" pos="X">proporties</wf>
         <wf lemma="." pos="X">.</wf>
      </sentence>
      <sentence id="d000.s3459" source="wordnet-dutch">
         <wf lemma="de" pos="X">de</wf>
         <wf lemma="aarde" pos="X">aarde</wf>
         <wf lemma="oefent" pos="X">oefent</wf>
         <instance id="d000.s3459.t000" lemma="aantrekkingskracht" pos="NOUN">aantrekkingskracht</instance>
         <wf lemma="uit" pos="X">uit</wf>
         <wf lemma="op" pos="X">op</wf>
         <wf lemma="de" pos="X">de</wf>
         <wf lemma="maan" pos="X">maan</wf>
         <wf lemma="." pos="X">.</wf>
      </sentence>
      <sentence id="d000.s3460" source="wordnet-dutch">
         <wf lemma="de" pos="X">de</wf>
         <wf lemma="kalk" pos="X">kalk</wf>
         <wf lemma="valt" pos="X">valt</wf>
         <wf lemma="in" pos="X">in</wf>
         <instance id="d000.s3460.t000" lemma="schilfer" pos="NOUN">schilfers</instance>
         <wf lemma="af" pos="X">af</wf>
         <wf lemma="." pos="X">.</wf>
      </sentence>
      <sentence id="d000.s3461" source="wordnet-dutch">
         <wf lemma="op" pos="X">op</wf>
         <wf lemma="het" pos="X">het</wf>
         <wf lemma="schip" pos="X">schip</wf>
         <wf lemma="werd" pos="X">werd</wf>
         <instance id="d000.s3461.t000" lemma="seinen" pos="VERB">geseind</instance>
         <wf lemma="dat" pos="X">dat</wf>
         <wf lemma="men" pos="X">men</wf>
         <wf lemma="medische" pos="X">medische</wf>
         <wf lemma="hulp" pos="X">hulp</wf>
         <wf lemma="nodig" pos="X">nodig</wf>
         <wf lemma="had" pos="X">had</wf>
         <wf lemma="." pos="X">.</wf>
      </sentence>
      <sentence id="d000.s3462" source="wordnet-dutch">
         <wf lemma="allebei" pos="X">allebei</wf>
         <wf lemma="de" pos="X">de</wf>
         <wf lemma="schepen" pos="X">schepen</wf>
         <wf lemma="vlogen" pos="X">vlogen</wf>
         <wf lemma="in" pos="X">in</wf>
         <instance id="d000.s3462.t000" lemma="brand" pos="NOUN">brand</instance>
         <wf lemma="." pos="X">.</wf>
      </sentence>
      <sentence id="d000.s3463" source="wordnet-dutch">
         <wf lemma="we" pos="X">we</wf>
         <wf lemma="fietsten" pos="X">fietsten</wf>
         <wf lemma="door/in" pos="X">door/in</wf>
         <wf lemma="de" pos="X">de</wf>
         <wf lemma="stromende" pos="X">stromende</wf>
         <instance id="d000.s3463.t000" lemma="regen" pos="NOUN">regen</instance>
         <wf lemma="naar" pos="X">naar</wf>
         <wf lemma="huis" pos="X">huis</wf>
         <wf lemma="." pos="X">.</wf>
      </sentence>
      <sentence id="d000.s3464" source="wordnet-dutch">
         <wf lemma="zijn" pos="X">zijn</wf>
         <wf lemma="verdriet" pos="X">verdriet</wf>
         <instance id="d000.s3464.t000" lemma="overstemmen" pos="VERB">overstemde</instance>
         <wf lemma="zijn" pos="X">zijn</wf>
         <wf lemma="kwaadheid" pos="X">kwaadheid</wf>
         <wf lemma="." pos="X">.</wf>
      </sentence>
      <sentence id="d000.s3465" source="wordnet-dutch">
         <wf lemma="in" pos="X">in</wf>
         <wf lemma="hoog" pos="X">hoog</wf>
         <instance id="d000.s3465.t000" lemma="tempo" pos="NOUN">tempo</instance>
         <wf lemma="wikkelde" pos="X">wikkelde</wf>
         <wf lemma="zij" pos="X">zij</wf>
         <wf lemma="de" pos="X">de</wf>
         <wf lemma="lopende" pos="X">lopende</wf>
         <wf lemma="zaken" pos="X">zaken</wf>
         <wf lemma="af" pos="X">af</wf>
         <wf lemma="." pos="X">.</wf>
      </sentence>
      <sentence id="d000.s3466" source="wordnet-dutch">
         <wf lemma="hij" pos="X">hij</wf>
         <wf lemma="vertelde" pos="X">vertelde</wf>
         <wf lemma="alles" pos="X">alles</wf>
         <wf lemma="onder" pos="X">onder</wf>
         <instance id="d000.s3466.t000" lemma="bedreiging" pos="NOUN">bedreiging</instance>
         <wf lemma="van" pos="X">van</wf>
         <wf lemma="een" pos="X">een</wf>
         <wf lemma="pistool" pos="X">pistool</wf>
         <wf lemma="." pos="X">.</wf>
      </sentence>
      <sentence id="d000.s3467" source="wordnet-dutch">
         <wf lemma="dat" pos="X">dat</wf>
         <wf lemma="gaf" pos="X">gaf</wf>
         <wf lemma="een" pos="X">een</wf>
         <wf lemma="luide" pos="X">luide</wf>
         <instance id="d000.s3467.t000" lemma="bons" pos="NOUN">bons</instance>
         <wf lemma="!" pos="X">!</wf>
      </sentence>
      <sentence id="d000.s3468" source="wordnet-dutch">
         <wf lemma="oudere" pos="X">oudere</wf>
         <wf lemma="mensen" pos="X">mensen</wf>
         <instance id="d000.s3468.t000" lemma="idealiseren" pos="VERB">idealiseren</instance>
         <wf lemma="vaak" pos="X">vaak</wf>
         <wf lemma="het" pos="X">het</wf>
         <wf lemma="verleden" pos="X">verleden</wf>
         <wf lemma="." pos="X">.</wf>
      </sentence>
      <sentence id="d000.s3469" source="wordnet-dutch">
         <wf lemma="het" pos="X">het</wf>
         <wf lemma="Olympisch" pos="X">Olympisch</wf>
         <instance id="d000.s3469.t000" lemma="eremetaal" pos="NOUN">eremetaal</instance>
         <wf lemma="werd" pos="X">werd</wf>
         <wf lemma="uitgereikt" pos="X">uitgereikt</wf>
         <wf lemma="door" pos="X">door</wf>
         <wf lemma="." pos="X">.</wf>
         <wf lemma=".." pos="X">..</wf>
      </sentence>
      <sentence id="d000.s3470" source="wordnet-dutch">
         <wf lemma="hij" pos="X">hij</wf>
         <wf lemma="had" pos="X">had</wf>
         <wf lemma="zijn" pos="X">zijn</wf>
         <wf lemma="vriendin" pos="X">vriendin</wf>
         <wf lemma="ervan" pos="X">ervan</wf>
         <instance id="d000.s3470.t000" lemma="overtuigen" pos="VERB">overtuigd</instance>
         <wf lemma="dat" pos="X">dat</wf>
         <wf lemma="vertrekken" pos="X">vertrekken</wf>
         <wf lemma="de" pos="X">de</wf>
         <wf lemma="enige" pos="X">enige</wf>
         <wf lemma="goede" pos="X">goede</wf>
         <wf lemma="oplossing" pos="X">oplossing</wf>
         <wf lemma="was" pos="X">was</wf>
         <wf lemma="." pos="X">.</wf>
      </sentence>
      <sentence id="d000.s3471" source="wordnet-dutch">
         <wf lemma="we" pos="X">we</wf>
         <wf lemma="varen" pos="X">varen</wf>
         <wf lemma="op" pos="X">op</wf>
         <wf lemma="gegist" pos="X">gegist</wf>
         <instance id="d000.s3471.t000" lemma="bestek" pos="NOUN">bestek</instance>
         <wf lemma="." pos="X">.</wf>
      </sentence>
      <sentence id="d000.s3472" source="wordnet-dutch">
         <wf lemma="Hij" pos="X">Hij</wf>
         <wf lemma="leidt" pos="X">leidt</wf>
         <wf lemma="het" pos="X">het</wf>
         <instance id="d000.s3472.t000" lemma="leven" pos="NOUN">leven</instance>
         <wf lemma="van" pos="X">van</wf>
         <wf lemma="een" pos="X">een</wf>
         <wf lemma="zakenman" pos="X">zakenman</wf>
         <wf lemma="." pos="X">.</wf>
      </sentence>
      <sentence id="d000.s3473" source="wordnet-dutch">
         <wf lemma="een" pos="X">een</wf>
         <wf lemma="koninklijk" pos="X">koninklijk</wf>
         <wf lemma="bericht" pos="X">bericht</wf>
         <wf lemma="verschijnt" pos="X">verschijnt</wf>
         <wf lemma="in" pos="X">in</wf>
         <wf lemma="het" pos="X">het</wf>
         <instance id="d000.s3473.t000" lemma="staatsblad" pos="NOUN">staatsblad</instance>
         <wf lemma="." pos="X">.</wf>
      </sentence>
      <sentence id="d000.s3474" source="wordnet-dutch">
         <wf lemma="het" pos="X">het</wf>
         <wf lemma="water" pos="X">water</wf>
         <wf lemma="heeft" pos="X">heeft</wf>
         <wf lemma="het" pos="X">het</wf>
         <wf lemma="hout" pos="X">hout</wf>
         <wf lemma="van" pos="X">van</wf>
         <wf lemma="meubels" pos="X">meubels</wf>
         <instance id="d000.s3474.t000" lemma="uitbijten" pos="VERB">uitgebeten</instance>
         <wf lemma="." pos="X">.</wf>
      </sentence>
      <sentence id="d000.s3475" source="wordnet-dutch">
         <wf lemma="die" pos="X">die</wf>
         <wf lemma="stelling" pos="X">stelling</wf>
         <wf lemma="heeft" pos="X">heeft</wf>
         <wf lemma="men" pos="X">men</wf>
         <wf lemma="intussen" pos="X">intussen</wf>
         <instance id="d000.s3475.t000" lemma="omverwerpen" pos="VERB">omvergeworpen</instance>
         <wf lemma="." pos="X">.</wf>
      </sentence>
      <sentence id="d000.s3476" source="wordnet-dutch">
         <wf lemma="de" pos="X">de</wf>
         <instance id="d000.s3476.t000" lemma="wederopstanding" pos="NOUN">wederopstanding</instance>
         <wf lemma="van" pos="X">van</wf>
         <wf lemma="Ajax" pos="X">Ajax</wf>
         <wf lemma="werd" pos="X">werd</wf>
         <wf lemma="ingeleid" pos="X">ingeleid</wf>
         <wf lemma="door" pos="X">door</wf>
         <wf lemma="een" pos="X">een</wf>
         <wf lemma="prachtig" pos="X">prachtig</wf>
         <wf lemma="doelpunt" pos="X">doelpunt</wf>
         <wf lemma="van" pos="X">van</wf>
         <wf lemma="Bergkamp" pos="X">Bergkamp</wf>
         <wf lemma="." pos="X">.</wf>
      </sentence>
      <sentence id="d000.s3477" source="wordnet-dutch">
         <wf lemma="ik" pos="X">ik</wf>
         <wf lemma="ga" pos="X">ga</wf>
         <wf lemma="eens" pos="X">eens</wf>
         <instance id="d000.s3477.t000" lemma="converseren" pos="VERB">converseren</instance>
         <wf lemma="met" pos="X">met</wf>
         <wf lemma="die" pos="X">die</wf>
         <wf lemma="mooie" pos="X">mooie</wf>
         <wf lemma="dame" pos="X">dame</wf>
         <wf lemma="daar" pos="X">daar</wf>
         <wf lemma="in" pos="X">in</wf>
         <wf lemma="de" pos="X">de</wf>
         <wf lemma="hoek" pos="X">hoek</wf>
         <wf lemma="." pos="X">.</wf>
      </sentence>
      <sentence id="d000.s3478" source="wordnet-dutch">
         <wf lemma="het" pos="X">het</wf>
         <wf lemma="Braziliaanse" pos="X">Braziliaanse</wf>
         <wf lemma="voetbal" pos="X">voetbal</wf>
         <wf lemma="heeft" pos="X">heeft</wf>
         <wf lemma="eigenlijk" pos="X">eigenlijk</wf>
         <wf lemma="geen" pos="X">geen</wf>
         <instance id="d000.s3478.t000" lemma="concurrentie" pos="NOUN">concurrentie</instance>
         <wf lemma="." pos="X">.</wf>
      </sentence>
      <sentence id="d000.s3479" source="wordnet-dutch">
         <wf lemma="hij" pos="X">hij</wf>
         <wf lemma="heeft" pos="X">heeft</wf>
         <wf lemma="veel" pos="X">veel</wf>
         <wf lemma="verschillende" pos="X">verschillende</wf>
         <instance id="d000.s3479.t000" lemma="interesse" pos="NOUN">interesses</instance>
         <wf lemma="." pos="X">.</wf>
      </sentence>
      <sentence id="d000.s3480" source="wordnet-dutch">
         <wf lemma="de" pos="X">de</wf>
         <wf lemma="dominee" pos="X">dominee</wf>
         <wf lemma="sprak" pos="X">sprak</wf>
         <wf lemma="de" pos="X">de</wf>
         <wf lemma="gemeente" pos="X">gemeente</wf>
         <wf lemma="vanaf" pos="X">vanaf</wf>
         <wf lemma="het" pos="X">het</wf>
         <instance id="d000.s3480.t000" lemma="spreekgestoelte" pos="NOUN">spreekgestoelte</instance>
         <wf lemma="toe" pos="X">toe</wf>
         <wf lemma="." pos="X">.</wf>
      </sentence>
      <sentence id="d000.s3481" source="wordnet-dutch">
         <wf lemma="hij" pos="X">hij</wf>
         <wf lemma="heeft" pos="X">heeft</wf>
         <wf lemma="een" pos="X">een</wf>
         <instance id="d000.s3481.t000" lemma="afschuw" pos="NOUN">afschuw</instance>
         <wf lemma="van" pos="X">van</wf>
         <wf lemma="vieze" pos="X">vieze</wf>
         <wf lemma="kleine" pos="X">kleine</wf>
         <wf lemma="beestjes" pos="X">beestjes</wf>
         <wf lemma="." pos="X">.</wf>
      </sentence>
      <sentence id="d000.s3482" source="wordnet-dutch">
         <wf lemma="de" pos="X">de</wf>
         <wf lemma="federale" pos="X">federale</wf>
         <wf lemma="overheid" pos="X">overheid</wf>
         <wf lemma="moet" pos="X">moet</wf>
         <wf lemma="zijn" pos="X">zijn</wf>
         <wf lemma="eigen" pos="X">eigen</wf>
         <instance id="d000.s3482.t000" lemma="verantwoordelijkheid" pos="NOUN">verantwoordelijkheid</instance>
         <wf lemma="opnemen" pos="X">opnemen</wf>
         <wf lemma="." pos="X">.</wf>
      </sentence>
      <sentence id="d000.s3483" source="wordnet-dutch">
         <wf lemma="hij" pos="X">hij</wf>
         <wf lemma="is" pos="X">is</wf>
         <wf lemma="momenteel" pos="X">momenteel</wf>
         <wf lemma="nog" pos="X">nog</wf>
         <wf lemma="aan" pos="X">aan</wf>
         <wf lemma="het" pos="X">het</wf>
         <instance id="d000.s3483.t000" lemma="uitkijken" pos="VERB">uitkijken</instance>
         <wf lemma="naar" pos="X">naar</wf>
         <wf lemma="een" pos="X">een</wf>
         <wf lemma="nieuwe" pos="X">nieuwe</wf>
         <wf lemma="woning" pos="X">woning</wf>
         <wf lemma="." pos="X">.</wf>
      </sentence>
      <sentence id="d000.s3484" source="wordnet-dutch">
         <wf lemma="als" pos="X">als</wf>
         <wf lemma="de" pos="X">de</wf>
         <wf lemma="klant" pos="X">klant</wf>
         <wf lemma="begint" pos="X">begint</wf>
         <wf lemma="te" pos="X">te</wf>
         <instance id="d000.s3484.t000" lemma="mauwen" pos="VERB">mauwen</instance>
         <wf lemma="zien" pos="X">zien</wf>
         <wf lemma="we" pos="X">we</wf>
         <wf lemma="wel" pos="X">wel</wf>
         <wf lemma="verder" pos="X">verder</wf>
         <wf lemma="." pos="X">.</wf>
      </sentence>
      <sentence id="d000.s3485" source="wordnet-dutch">
         <wf lemma="rij" pos="X">rij</wf>
         <wf lemma="voorzichtig" pos="X">voorzichtig</wf>
         <wf lemma="," pos="X">,</wf>
         <instance id="d000.s3485.t000" lemma="denken" pos="VERB">denk</instance>
         <wf lemma="aan" pos="X">aan</wf>
         <wf lemma="mij" pos="X">mij</wf>
         <wf lemma="." pos="X">.</wf>
      </sentence>
      <sentence id="d000.s3486" source="wordnet-dutch">
         <wf lemma="het" pos="X">het</wf>
         <wf lemma="was" pos="X">was</wf>
         <wf lemma="weer" pos="X">weer</wf>
         <wf lemma="een" pos="X">een</wf>
         <wf lemma="bende" pos="X">bende</wf>
         <wf lemma="op" pos="X">op</wf>
         <wf lemma="de" pos="X">de</wf>
         <instance id="d000.s3486.t000" lemma="perstribune" pos="NOUN">perstribune</instance>
         <wf lemma="." pos="X">.</wf>
      </sentence>
      <sentence id="d000.s3487" source="wordnet-dutch">
         <wf lemma="alle" pos="X">alle</wf>
         <wf lemma="vorige" pos="X">vorige</wf>
         <wf lemma="pogingen" pos="X">pogingen</wf>
         <wf lemma="om" pos="X">om</wf>
         <wf lemma="de" pos="X">de</wf>
         <wf lemma="twee" pos="X">twee</wf>
         <wf lemma="partijen" pos="X">partijen</wf>
         <wf lemma="te" pos="X">te</wf>
         <wf lemma="verzoenen" pos="X">verzoenen</wf>
         <instance id="d000.s3487.t000" lemma="mislukken" pos="VERB">mislukten</instance>
         <wf lemma="." pos="X">.</wf>
      </sentence>
      <sentence id="d000.s3488" source="wordnet-dutch">
         <wf lemma="het" pos="X">het</wf>
         <wf lemma="leger" pos="X">leger</wf>
         <wf lemma="is" pos="X">is</wf>
         <wf lemma="in" pos="X">in</wf>
         <instance id="d000.s3488.t000" lemma="paraatheid" pos="NOUN">paraatheid</instance>
         <wf lemma="gebracht" pos="X">gebracht</wf>
         <wf lemma="." pos="X">.</wf>
      </sentence>
      <sentence id="d000.s3489" source="wordnet-dutch">
         <wf lemma="hij" pos="X">hij</wf>
         <wf lemma="bracht" pos="X">bracht</wf>
         <wf lemma="het" pos="X">het</wf>
         <wf lemma="voorstel" pos="X">voorstel</wf>
         <wf lemma="met" pos="X">met</wf>
         <wf lemma="veel/'het" pos="X">veel/'het</wf>
         <wf lemma="nodige" pos="X">nodige</wf>
         <wf lemma="'" pos="X">'</wf>
         <instance id="d000.s3489.t000" lemma="aplomb" pos="NOUN">aplomb</instance>
         <wf lemma="." pos="X">.</wf>
      </sentence>
      <sentence id="d000.s3490" source="wordnet-dutch">
         <wf lemma="Hij" pos="X">Hij</wf>
         <wf lemma="is" pos="X">is</wf>
         <wf lemma="een" pos="X">een</wf>
         <wf lemma="echte" pos="X">echte</wf>
         <instance id="d000.s3490.t000" lemma="haan" pos="NOUN">haan</instance>
         <wf lemma="als" pos="X">als</wf>
         <wf lemma="het" pos="X">het</wf>
         <wf lemma="om" pos="X">om</wf>
         <wf lemma="vrouwen" pos="X">vrouwen</wf>
         <wf lemma="gaat" pos="X">gaat</wf>
         <wf lemma="." pos="X">.</wf>
      </sentence>
      <sentence id="d000.s3491" source="wordnet-dutch">
         <wf lemma="je" pos="X">je</wf>
         <wf lemma="moet" pos="X">moet</wf>
         <instance id="d000.s3491.t000" lemma="omzien" pos="VERB">omzien</instance>
         <wf lemma="naar" pos="X">naar</wf>
         <wf lemma="ander" pos="X">ander</wf>
         <wf lemma="werk" pos="X">werk</wf>
         <wf lemma="." pos="X">.</wf>
      </sentence>
      <sentence id="d000.s3492" source="wordnet-dutch">
         <wf lemma="Een" pos="X">Een</wf>
         <instance id="d000.s3492.t000" lemma="bespreking" pos="NOUN">bespreking</instance>
         <wf lemma="van" pos="X">van</wf>
         <wf lemma="een" pos="X">een</wf>
         <wf lemma="plaats" pos="X">plaats</wf>
         <wf lemma="kan" pos="X">kan</wf>
         <wf lemma="vanaf" pos="X">vanaf</wf>
         <wf lemma="een" pos="X">een</wf>
         <wf lemma="maand" pos="X">maand</wf>
         <wf lemma="voor" pos="X">voor</wf>
         <wf lemma="de" pos="X">de</wf>
         <wf lemma="voorstelling" pos="X">voorstelling</wf>
         <wf lemma="." pos="X">.</wf>
      </sentence>
      <sentence id="d000.s3493" source="wordnet-dutch">
         <wf lemma="ze" pos="X">ze</wf>
         <wf lemma="willen" pos="X">willen</wf>
         <wf lemma="de" pos="X">de</wf>
         <wf lemma="subsidies" pos="X">subsidies</wf>
         <wf lemma="voor" pos="X">voor</wf>
         <wf lemma="dit" pos="X">dit</wf>
         <wf lemma="onderzoek" pos="X">onderzoek</wf>
         <instance id="d000.s3493.t000" lemma="stopzetten" pos="VERB">stopzetten</instance>
         <wf lemma="." pos="X">.</wf>
      </sentence>
      <sentence id="d000.s3494" source="wordnet-dutch">
         <wf lemma="de" pos="X">de</wf>
         <wf lemma="regering" pos="X">regering</wf>
         <wf lemma="hoopt" pos="X">hoopt</wf>
         <wf lemma="met" pos="X">met</wf>
         <wf lemma="deze" pos="X">deze</wf>
         <wf lemma="maatregel" pos="X">maatregel</wf>
         <wf lemma="volgend" pos="X">volgend</wf>
         <wf lemma="jaar" pos="X">jaar</wf>
         <wf lemma="4000" pos="X">4000</wf>
         <wf lemma="nieuwe" pos="X">nieuwe</wf>
         <wf lemma="banen" pos="X">banen</wf>
         <wf lemma="te" pos="X">te</wf>
         <instance id="d000.s3494.t000" lemma="scheppen" pos="VERB">scheppen</instance>
         <wf lemma="." pos="X">.</wf>
      </sentence>
      <sentence id="d000.s3495" source="wordnet-dutch">
         <wf lemma="De" pos="X">De</wf>
         <instance id="d000.s3495.t000" lemma="pijp" pos="NOUN">pijpen</instance>
         <wf lemma="in" pos="X">in</wf>
         <wf lemma="het" pos="X">het</wf>
         <wf lemma="skelet" pos="X">skelet</wf>
         <wf lemma="zijn" pos="X">zijn</wf>
         <wf lemma="een" pos="X">een</wf>
         <wf lemma="stuk" pos="X">stuk</wf>
         <wf lemma="lichter" pos="X">lichter</wf>
         <wf lemma="en" pos="X">en</wf>
         <wf lemma="breekbaar" pos="X">breekbaar</wf>
         <wf lemma="." pos="X">.</wf>
      </sentence>
      <sentence id="d000.s3496" source="wordnet-dutch">
         <wf lemma="mijn" pos="X">mijn</wf>
         <wf lemma="volgende" pos="X">volgende</wf>
         <wf lemma="gast" pos="X">gast</wf>
         <instance id="d000.s3496.t000" lemma="behoeven" pos="VERB">behoeft</instance>
         <wf lemma="geen" pos="X">geen</wf>
         <wf lemma="introductie" pos="X">introductie</wf>
         <wf lemma=":" pos="X">:</wf>
         <wf lemma="." pos="X">.</wf>
         <wf lemma="." pos="X">.</wf>
         <wf lemma="." pos="X">.</wf>
      </sentence>
      <sentence id="d000.s3497" source="wordnet-dutch">
         <wf lemma="vanavond" pos="X">vanavond</wf>
         <wf lemma="wordt" pos="X">wordt</wf>
         <wf lemma="de" pos="X">de</wf>
         <wf lemma="nieuwe" pos="X">nieuwe</wf>
         <wf lemma="oven" pos="X">oven</wf>
         <wf lemma="van" pos="X">van</wf>
         <wf lemma="de" pos="X">de</wf>
         <wf lemma="vuilverbranding" pos="X">vuilverbranding</wf>
         <wf lemma="in" pos="X">in</wf>
         <instance id="d000.s3497.t000" lemma="bedrijf" pos="NOUN">bedrijf</instance>
         <wf lemma="gesteld" pos="X">gesteld</wf>
         <wf lemma="." pos="X">.</wf>
      </sentence>
      <sentence id="d000.s3498" source="wordnet-dutch">
         <wf lemma="met" pos="X">met</wf>
         <wf lemma="de" pos="X">de</wf>
         <wf lemma="nieuwe" pos="X">nieuwe</wf>
         <wf lemma="maatregelen" pos="X">maatregelen</wf>
         <instance id="d000.s3498.t000" lemma="voeden" pos="VERB">voedt</instance>
         <wf lemma="hij" pos="X">hij</wf>
         <wf lemma="de" pos="X">de</wf>
         <wf lemma="haat" pos="X">haat</wf>
         <wf lemma="van" pos="X">van</wf>
         <wf lemma="zijn" pos="X">zijn</wf>
         <wf lemma="tegenstanders" pos="X">tegenstanders</wf>
         <wf lemma="." pos="X">.</wf>
      </sentence>
      <sentence id="d000.s3499" source="wordnet-dutch">
         <wf lemma="de" pos="X">de</wf>
         <wf lemma="kwaliteit" pos="X">kwaliteit</wf>
         <wf lemma="van" pos="X">van</wf>
         <wf lemma="het" pos="X">het</wf>
         <wf lemma="water" pos="X">water</wf>
         <wf lemma="is" pos="X">is</wf>
         <wf lemma="licht" pos="X">licht</wf>
         <instance id="d000.s3499.t000" lemma="verbeteren" pos="VERB">verbeterd</instance>
         <wf lemma="." pos="X">.</wf>
      </sentence>
      <sentence id="d000.s3500" source="wordnet-dutch">
         <wf lemma="de" pos="X">de</wf>
         <wf lemma="Nederlanders" pos="X">Nederlanders</wf>
         <wf lemma="zijn" pos="X">zijn</wf>
         <wf lemma="van" pos="X">van</wf>
         <wf lemma="oudsher" pos="X">oudsher</wf>
         <wf lemma="een" pos="X">een</wf>
         <wf lemma="zeevarende" pos="X">zeevarende</wf>
         <instance id="d000.s3500.t000" lemma="natie" pos="NOUN">natie</instance>
         <wf lemma="." pos="X">.</wf>
      </sentence>
      <sentence id="d000.s3501" source="wordnet-dutch">
         <wf lemma="een" pos="X">een</wf>
         <wf lemma="betere" pos="X">betere</wf>
         <wf lemma="interne" pos="X">interne</wf>
         <instance id="d000.s3501.t000" lemma="communicatie" pos="NOUN">communicatie</instance>
         <wf lemma="is" pos="X">is</wf>
         <wf lemma="in" pos="X">in</wf>
         <wf lemma="het" pos="X">het</wf>
         <wf lemma="bankbedrijf" pos="X">bankbedrijf</wf>
         <wf lemma="geen" pos="X">geen</wf>
         <wf lemma="overbodige" pos="X">overbodige</wf>
         <wf lemma="luxe" pos="X">luxe</wf>
         <wf lemma="." pos="X">.</wf>
      </sentence>
      <sentence id="d000.s3502" source="wordnet-dutch">
         <wf lemma="je" pos="X">je</wf>
         <wf lemma="haar" pos="X">haar</wf>
         <wf lemma="zit" pos="X">zit</wf>
         <wf lemma="helemaal" pos="X">helemaal</wf>
         <wf lemma="in" pos="X">in</wf>
         <wf lemma="de" pos="X">de</wf>
         <instance id="d000.s3502.t000" lemma="krul" pos="NOUN">krul</instance>
         <wf lemma="." pos="X">.</wf>
      </sentence>
      <sentence id="d000.s3503" source="wordnet-dutch">
         <wf lemma="in" pos="X">in</wf>
         <wf lemma="de" pos="X">de</wf>
         <wf lemma="17e" pos="X">17e</wf>
         <wf lemma="eeuw" pos="X">eeuw</wf>
         <instance id="d000.s3503.t000" lemma="bloeien" pos="VERB">bloeide</instance>
         <wf lemma="de" pos="X">de</wf>
         <wf lemma="literatuur" pos="X">literatuur</wf>
         <wf lemma="." pos="X">.</wf>
      </sentence>
      <sentence id="d000.s3504" source="wordnet-dutch">
         <wf lemma="Wat" pos="X">Wat</wf>
         <wf lemma="zit" pos="X">zit</wf>
         <wf lemma="je" pos="X">je</wf>
         <instance id="d000.s3504.t000" lemma="haar" pos="NOUN">haar</instance>
         <wf lemma="leuk" pos="X">leuk</wf>
         <wf lemma="." pos="X">.</wf>
      </sentence>
      <sentence id="d000.s3505" source="wordnet-dutch">
         <wf lemma="ze" pos="X">ze</wf>
         <instance id="d000.s3505.t000" lemma="offreren" pos="VERB">offreerde</instance>
         <wf lemma="me" pos="X">me</wf>
         <wf lemma="een" pos="X">een</wf>
         <wf lemma="kopje" pos="X">kopje</wf>
         <wf lemma="koffie" pos="X">koffie</wf>
         <wf lemma="." pos="X">.</wf>
      </sentence>
      <sentence id="d000.s3506" source="wordnet-dutch">
         <wf lemma="de" pos="X">de</wf>
         <wf lemma="laatste" pos="X">laatste</wf>
         <wf lemma="groep" pos="X">groep</wf>
         <wf lemma="dienstplichtigen" pos="X">dienstplichtigen</wf>
         <wf lemma="heeft" pos="X">heeft</wf>
         <wf lemma="bij" pos="X">bij</wf>
         <wf lemma="de" pos="X">de</wf>
         <wf lemma="hoge" pos="X">hoge</wf>
         <wf lemma="raad" pos="X">raad</wf>
         <instance id="d000.s3506.t000" lemma="cassatie" pos="NOUN">cassatie</instance>
         <wf lemma="aangetekend" pos="X">aangetekend</wf>
         <wf lemma="." pos="X">.</wf>
      </sentence>
      <sentence id="d000.s3507" source="wordnet-dutch">
         <wf lemma="De" pos="X">De</wf>
         <instance id="d000.s3507.t000" lemma="opzet" pos="NOUN">opzet</instance>
         <wf lemma="van" pos="X">van</wf>
         <wf lemma="het" pos="X">het</wf>
         <wf lemma="akkoord" pos="X">akkoord</wf>
         <wf lemma="was" pos="X">was</wf>
         <wf lemma="om" pos="X">om</wf>
         <wf lemma="het" pos="X">het</wf>
         <wf lemma="vastgelopen" pos="X">vastgelopen</wf>
         <wf lemma="vredesproces" pos="X">vredesproces</wf>
         <wf lemma="een" pos="X">een</wf>
         <wf lemma="nieuwe" pos="X">nieuwe</wf>
         <wf lemma="start" pos="X">start</wf>
         <wf lemma="te" pos="X">te</wf>
         <wf lemma="geven" pos="X">geven</wf>
         <wf lemma="." pos="X">.</wf>
      </sentence>
      <sentence id="d000.s3508" source="wordnet-dutch">
         <wf lemma="hun" pos="X">hun</wf>
         <wf lemma="telefoonaansluiting" pos="X">telefoonaansluiting</wf>
         <wf lemma="werd" pos="X">werd</wf>
         <wf lemma="afgesloten" pos="X">afgesloten</wf>
         <wf lemma="wegens" pos="X">wegens</wf>
         <instance id="d000.s3508.t000" lemma="wanbetaling" pos="NOUN">wanbetaling</instance>
         <wf lemma="." pos="X">.</wf>
      </sentence>
      <sentence id="d000.s3509" source="wordnet-dutch">
         <wf lemma="de" pos="X">de</wf>
         <wf lemma="regering" pos="X">regering</wf>
         <wf lemma="voerde" pos="X">voerde</wf>
         <wf lemma="hier" pos="X">hier</wf>
         <wf lemma="al" pos="X">al</wf>
         <wf lemma="jaren" pos="X">jaren</wf>
         <wf lemma="een" pos="X">een</wf>
         <instance id="d000.s3509.t000" lemma="wanbeleid" pos="NOUN">wanbeleid</instance>
         <wf lemma="." pos="X">.</wf>
      </sentence>
      <sentence id="d000.s3510" source="wordnet-dutch">
         <wf lemma="ter" pos="X">ter</wf>
         <instance id="d000.s3510.t000" lemma="kennismaking" pos="NOUN">kennismaking</instance>
         <wf lemma="nu" pos="X">nu</wf>
         <wf lemma="met" pos="X">met</wf>
         <wf lemma="een" pos="X">een</wf>
         <wf lemma="gratis" pos="X">gratis</wf>
         <wf lemma="sleutelhanger" pos="X">sleutelhanger</wf>
         <wf lemma="." pos="X">.</wf>
      </sentence>
      <sentence id="d000.s3511" source="wordnet-dutch">
         <wf lemma="in" pos="X">in</wf>
         <wf lemma="een" pos="X">een</wf>
         <instance id="d000.s3511.t000" lemma="flits" pos="NOUN">flits</instance>
         <wf lemma="zag" pos="X">zag</wf>
         <wf lemma="hij" pos="X">hij</wf>
         <wf lemma="een" pos="X">een</wf>
         <wf lemma="eekhoorn" pos="X">eekhoorn</wf>
         <wf lemma="de" pos="X">de</wf>
         <wf lemma="boom" pos="X">boom</wf>
         <wf lemma="in" pos="X">in</wf>
         <wf lemma="schieten" pos="X">schieten</wf>
         <wf lemma="." pos="X">.</wf>
      </sentence>
      <sentence id="d000.s3512" source="wordnet-dutch">
         <wf lemma="dit" pos="X">dit</wf>
         <wf lemma="is" pos="X">is</wf>
         <wf lemma="een" pos="X">een</wf>
         <wf lemma="zaak" pos="X">zaak</wf>
         <wf lemma="van" pos="X">van</wf>
         <wf lemma="de" pos="X">de</wf>
         <wf lemma="grootste" pos="X">grootste</wf>
         <instance id="d000.s3512.t000" lemma="importantie" pos="NOUN">importantie</instance>
         <wf lemma="." pos="X">.</wf>
      </sentence>
      <sentence id="d000.s3513" source="wordnet-dutch">
         <wf lemma="veel" pos="X">veel</wf>
         <wf lemma="ouderen" pos="X">ouderen</wf>
         <wf lemma="behoeven" pos="X">behoeven</wf>
         <instance id="d000.s3513.t000" lemma="verzorging" pos="NOUN">verzorging</instance>
         <wf lemma="." pos="X">.</wf>
      </sentence>
      <sentence id="d000.s3514" source="wordnet-dutch">
         <wf lemma="voor" pos="X">voor</wf>
         <wf lemma="alle" pos="X">alle</wf>
         <instance id="d000.s3514.t000" lemma="veiligheid" pos="NOUN">veiligheid</instance>
         <wf lemma="nam" pos="X">nam</wf>
         <wf lemma="hij" pos="X">hij</wf>
         <wf lemma="een" pos="X">een</wf>
         <wf lemma="trein" pos="X">trein</wf>
         <wf lemma="eerder" pos="X">eerder</wf>
         <wf lemma="." pos="X">.</wf>
      </sentence>
      <sentence id="d000.s3515" source="wordnet-dutch">
         <wf lemma="de" pos="X">de</wf>
         <wf lemma="bom" pos="X">bom</wf>
         <instance id="d000.s3515.t000" lemma="ontploffen" pos="VERB">ontplofte</instance>
         <wf lemma="even" pos="X">even</wf>
         <wf lemma="voor" pos="X">voor</wf>
         <wf lemma="middernacht" pos="X">middernacht</wf>
         <wf lemma="in" pos="X">in</wf>
         <wf lemma="het" pos="X">het</wf>
         <wf lemma="centrum" pos="X">centrum</wf>
         <wf lemma="van" pos="X">van</wf>
         <wf lemma="de" pos="X">de</wf>
         <wf lemma="stad" pos="X">stad</wf>
         <wf lemma="." pos="X">.</wf>
      </sentence>
      <sentence id="d000.s3516" source="wordnet-dutch">
         <wf lemma="de" pos="X">de</wf>
         <wf lemma="spits" pos="X">spits</wf>
         <wf lemma="werd" pos="X">werd</wf>
         <wf lemma="net" pos="X">net</wf>
         <wf lemma="buiten" pos="X">buiten</wf>
         <wf lemma="het" pos="X">het</wf>
         <wf lemma="strafschopgebied" pos="X">strafschopgebied</wf>
         <instance id="d000.s3516.t000" lemma="aantikken" pos="VERB">aangetikt</instance>
         <wf lemma="." pos="X">.</wf>
      </sentence>
      <sentence id="d000.s3517" source="wordnet-dutch">
         <wf lemma="De" pos="X">De</wf>
         <instance id="d000.s3517.t000" lemma="batterij" pos="NOUN">batterijen</instance>
         <wf lemma="van" pos="X">van</wf>
         <wf lemma="het" pos="X">het</wf>
         <wf lemma="Spaanse" pos="X">Spaanse</wf>
         <wf lemma="leger" pos="X">leger</wf>
         <wf lemma="zaten" pos="X">zaten</wf>
         <wf lemma="vast" pos="X">vast</wf>
         <wf lemma="in" pos="X">in</wf>
         <wf lemma="het" pos="X">het</wf>
         <wf lemma="veen" pos="X">veen</wf>
         <wf lemma="." pos="X">.</wf>
      </sentence>
      <sentence id="d000.s3518" source="wordnet-dutch">
         <wf lemma="Tegenwoordig" pos="X">Tegenwoordig</wf>
         <wf lemma="kun" pos="X">kun</wf>
         <wf lemma="je" pos="X">je</wf>
         <wf lemma="naar" pos="X">naar</wf>
         <wf lemma="je" pos="X">je</wf>
         <wf lemma="favoriete" pos="X">favoriete</wf>
         <wf lemma="tv" pos="X">tv</wf>
         <instance id="d000.s3518.t000" lemma="zender" pos="NOUN">zenders</instance>
         <wf lemma="kijken" pos="X">kijken</wf>
         <wf lemma="op" pos="X">op</wf>
         <wf lemma="je" pos="X">je</wf>
         <wf lemma="pc." pos="X">pc.</wf>
      </sentence>
      <sentence id="d000.s3519" source="wordnet-dutch">
         <wf lemma="de" pos="X">de</wf>
         <instance id="d000.s3519.t000" lemma="coalitie" pos="NOUN">coalitie</instance>
         <wf lemma="zal" pos="X">zal</wf>
         <wf lemma="4" pos="X">4</wf>
         <wf lemma="jaar" pos="X">jaar</wf>
         <wf lemma="regeren" pos="X">regeren</wf>
         <wf lemma="." pos="X">.</wf>
      </sentence>
      <sentence id="d000.s3520" source="wordnet-dutch">
         <wf lemma="hij" pos="X">hij</wf>
         <wf lemma="werd" pos="X">werd</wf>
         <wf lemma="pas" pos="X">pas</wf>
         <wf lemma="wakker" pos="X">wakker</wf>
         <instance id="d000.s3520.t000" lemma="schudden" pos="VERB">geschud</instance>
         <wf lemma="door" pos="X">door</wf>
         <wf lemma="de" pos="X">de</wf>
         <wf lemma="slechte" pos="X">slechte</wf>
         <wf lemma="resultaten" pos="X">resultaten</wf>
         <wf lemma="." pos="X">.</wf>
      </sentence>
      <sentence id="d000.s3521" source="wordnet-dutch">
         <wf lemma="Mijn" pos="X">Mijn</wf>
         <instance id="d000.s3521.t000" lemma="deel" pos="NOUN">deel</instance>
         <wf lemma="van" pos="X">van</wf>
         <wf lemma="de" pos="X">de</wf>
         <wf lemma="winst" pos="X">winst</wf>
         <wf lemma="moet" pos="X">moet</wf>
         <wf lemma="nog" pos="X">nog</wf>
         <wf lemma="betaald" pos="X">betaald</wf>
         <wf lemma="worden" pos="X">worden</wf>
         <wf lemma="." pos="X">.</wf>
      </sentence>
      <sentence id="d000.s3522" source="wordnet-dutch">
         <wf lemma="hij" pos="X">hij</wf>
         <wf lemma="zat" pos="X">zat</wf>
         <wf lemma="voortdurend" pos="X">voortdurend</wf>
         <wf lemma="te" pos="X">te</wf>
         <instance id="d000.s3522.t000" lemma="frunniken" pos="VERB">frunniken</instance>
         <wf lemma="aan" pos="X">aan</wf>
         <wf lemma="de" pos="X">de</wf>
         <wf lemma="veters" pos="X">veters</wf>
         <wf lemma="van" pos="X">van</wf>
         <wf lemma="zijn" pos="X">zijn</wf>
         <wf lemma="schoenen" pos="X">schoenen</wf>
         <wf lemma="." pos="X">.</wf>
      </sentence>
      <sentence id="d000.s3523" source="wordnet-dutch">
         <wf lemma="zij" pos="X">zij</wf>
         <wf lemma="hecht" pos="X">hecht</wf>
         <wf lemma="veel" pos="X">veel</wf>
         <instance id="d000.s3523.t000" lemma="waarde" pos="NOUN">waarde</instance>
         <wf lemma="aan" pos="X">aan</wf>
         <wf lemma="goede" pos="X">goede</wf>
         <wf lemma="manieren" pos="X">manieren</wf>
         <wf lemma="." pos="X">.</wf>
      </sentence>
      <sentence id="d000.s3524" source="wordnet-dutch">
         <wf lemma="de" pos="X">de</wf>
         <wf lemma="figuurlijnen" pos="X">figuurlijnen</wf>
         <wf lemma="werden" pos="X">werden</wf>
         <wf lemma="met" pos="X">met</wf>
         <wf lemma="een" pos="X">een</wf>
         <wf lemma="scherp" pos="X">scherp</wf>
         <wf lemma="voorwerp" pos="X">voorwerp</wf>
         <instance id="d000.s3524.t000" lemma="inkrassen" pos="VERB">ingekrast</instance>
         <wf lemma="." pos="X">.</wf>
      </sentence>
      <sentence id="d000.s3525" source="wordnet-dutch">
         <wf lemma="dat" pos="X">dat</wf>
         <wf lemma="concert" pos="X">concert</wf>
         <wf lemma="werd" pos="X">werd</wf>
         <wf lemma="vorig" pos="X">vorig</wf>
         <wf lemma="jaar" pos="X">jaar</wf>
         <wf lemma="in" pos="X">in</wf>
         <wf lemma="februari" pos="X">februari</wf>
         <instance id="d000.s3525.t000" lemma="registreren" pos="VERB">geregistreerd</instance>
         <wf lemma="." pos="X">.</wf>
      </sentence>
      <sentence id="d000.s3526" source="wordnet-dutch">
         <wf lemma="ze" pos="X">ze</wf>
         <wf lemma="hebben" pos="X">hebben</wf>
         <wf lemma="een" pos="X">een</wf>
         <wf lemma="akkoord" pos="X">akkoord</wf>
         <wf lemma="bereikt" pos="X">bereikt</wf>
         <wf lemma="met" pos="X">met</wf>
         <wf lemma="een" pos="X">een</wf>
         <instance id="d000.s3526.t000" lemma="vertegenwoordiging" pos="NOUN">vertegenwoordiging</instance>
         <wf lemma="van" pos="X">van</wf>
         <wf lemma="de" pos="X">de</wf>
         <wf lemma="vakbonden" pos="X">vakbonden</wf>
         <wf lemma="." pos="X">.</wf>
      </sentence>
      <sentence id="d000.s3527" source="wordnet-dutch">
         <wf lemma="we" pos="X">we</wf>
         <wf lemma="liggen" pos="X">liggen</wf>
         <wf lemma="inmiddels" pos="X">inmiddels</wf>
         <wf lemma="hopeloos" pos="X">hopeloos</wf>
         <wf lemma="achter" pos="X">achter</wf>
         <wf lemma="op" pos="X">op</wf>
         <instance id="d000.s3527.t000" lemma="schema" pos="NOUN">schema</instance>
         <wf lemma="." pos="X">.</wf>
      </sentence>
      <sentence id="d000.s3528" source="wordnet-dutch">
         <wf lemma="de" pos="X">de</wf>
         <wf lemma="leraar" pos="X">leraar</wf>
         <wf lemma="gaf" pos="X">gaf</wf>
         <wf lemma="ons" pos="X">ons</wf>
         <wf lemma="drie" pos="X">drie</wf>
         <instance id="d000.s3528.t000" lemma="repetitie" pos="NOUN">repetities</instance>
         <wf lemma="op" pos="X">op</wf>
         <wf lemma="." pos="X">.</wf>
      </sentence>
      <sentence id="d000.s3529" source="wordnet-dutch">
         <wf lemma="de" pos="X">de</wf>
         <wf lemma="relschoppers" pos="X">relschoppers</wf>
         <wf lemma="werden" pos="X">werden</wf>
         <wf lemma="afgevoerd" pos="X">afgevoerd</wf>
         <wf lemma="en" pos="X">en</wf>
         <wf lemma="de" pos="X">de</wf>
         <instance id="d000.s3529.t000" lemma="rust" pos="NOUN">rust</instance>
         <wf lemma="was" pos="X">was</wf>
         <wf lemma="weer" pos="X">weer</wf>
         <wf lemma="hersteld" pos="X">hersteld</wf>
         <wf lemma="." pos="X">.</wf>
      </sentence>
      <sentence id="d000.s3530" source="wordnet-dutch">
         <wf lemma="de" pos="X">de</wf>
         <wf lemma="Egyptische" pos="X">Egyptische</wf>
         <wf lemma="cultuur" pos="X">cultuur</wf>
         <wf lemma="blijft" pos="X">blijft</wf>
         <wf lemma="nog" pos="X">nog</wf>
         <wf lemma="steeds" pos="X">steeds</wf>
         <wf lemma="duizenden" pos="X">duizenden</wf>
         <wf lemma="mensen" pos="X">mensen</wf>
         <instance id="d000.s3530.t000" lemma="fascineren" pos="VERB">fascineren</instance>
         <wf lemma="." pos="X">.</wf>
      </sentence>
      <sentence id="d000.s3531" source="wordnet-dutch">
         <wf lemma="dit" pos="X">dit</wf>
         <wf lemma="programma" pos="X">programma</wf>
         <wf lemma="biedt" pos="X">biedt</wf>
         <wf lemma="de" pos="X">de</wf>
         <wf lemma="gebruiker" pos="X">gebruiker</wf>
         <wf lemma="verschillende" pos="X">verschillende</wf>
         <instance id="d000.s3531.t000" lemma="faciliteit" pos="NOUN">faciliteiten</instance>
         <wf lemma="." pos="X">.</wf>
      </sentence>
      <sentence id="d000.s3532" source="wordnet-dutch">
         <wf lemma="ze" pos="X">ze</wf>
         <wf lemma="hebben" pos="X">hebben</wf>
         <wf lemma="de" pos="X">de</wf>
         <wf lemma="hele" pos="X">hele</wf>
         <wf lemma="stad" pos="X">stad</wf>
         <instance id="d000.s3532.t000" lemma="uitkammen" pos="VERB">uitgekamd</instance>
         <wf lemma="," pos="X">,</wf>
         <wf lemma="op" pos="X">op</wf>
         <wf lemma="zoek" pos="X">zoek</wf>
         <wf lemma="naar" pos="X">naar</wf>
         <wf lemma="de" pos="X">de</wf>
         <wf lemma="ontsnapte" pos="X">ontsnapte</wf>
         <wf lemma="terroristen" pos="X">terroristen</wf>
         <wf lemma="." pos="X">.</wf>
      </sentence>
      <sentence id="d000.s3533" source="wordnet-dutch">
         <wf lemma="hij" pos="X">hij</wf>
         <wf lemma="heeft" pos="X">heeft</wf>
         <wf lemma="vroeger" pos="X">vroeger</wf>
         <wf lemma="nooit" pos="X">nooit</wf>
         <wf lemma="leren" pos="X">leren</wf>
         <wf lemma="lezen" pos="X">lezen</wf>
         <wf lemma="en" pos="X">en</wf>
         <instance id="d000.s3533.t000" lemma="schrijven" pos="VERB">schrijven</instance>
         <wf lemma="." pos="X">.</wf>
      </sentence>
      <sentence id="d000.s3534" source="wordnet-dutch">
         <wf lemma="ze" pos="X">ze</wf>
         <wf lemma="vinden" pos="X">vinden</wf>
         <wf lemma="geen" pos="X">geen</wf>
         <wf lemma="vrijwilliger" pos="X">vrijwilliger</wf>
         <wf lemma="die" pos="X">die</wf>
         <wf lemma="de" pos="X">de</wf>
         <wf lemma="dienst" pos="X">dienst</wf>
         <wf lemma="wil" pos="X">wil</wf>
         <instance id="d000.s3534.t000" lemma="bemannen" pos="VERB">bemannen</instance>
         <wf lemma="." pos="X">.</wf>
      </sentence>
      <sentence id="d000.s3535" source="wordnet-dutch">
         <wf lemma="de" pos="X">de</wf>
         <wf lemma="storm" pos="X">storm</wf>
         <wf lemma="heeft" pos="X">heeft</wf>
         <wf lemma="veel" pos="X">veel</wf>
         <instance id="d000.s3535.t000" lemma="schade" pos="NOUN">schade</instance>
         <wf lemma="aangericht" pos="X">aangericht</wf>
         <wf lemma="." pos="X">.</wf>
      </sentence>
      <sentence id="d000.s3536" source="wordnet-dutch">
         <wf lemma="zonder" pos="X">zonder</wf>
         <instance id="d000.s3536.t000" lemma="aarzelen" pos="VERB">aarzelen</instance>
         <wf lemma="stak" pos="X">stak</wf>
         <wf lemma="zij" pos="X">zij</wf>
         <wf lemma="hem" pos="X">hem</wf>
         <wf lemma="het" pos="X">het</wf>
         <wf lemma="mes" pos="X">mes</wf>
         <wf lemma="in" pos="X">in</wf>
         <wf lemma="de" pos="X">de</wf>
         <wf lemma="borst" pos="X">borst</wf>
         <wf lemma="." pos="X">.</wf>
      </sentence>
      <sentence id="d000.s3537" source="wordnet-dutch">
         <wf lemma="voor" pos="X">voor</wf>
         <wf lemma="de" pos="X">de</wf>
         <instance id="d000.s3537.t000" lemma="kinderkamer" pos="NOUN">kinderkamer</instance>
         <wf lemma="hebben" pos="X">hebben</wf>
         <wf lemma="we" pos="X">we</wf>
         <wf lemma="een" pos="X">een</wf>
         <wf lemma="geel" pos="X">geel</wf>
         <wf lemma="behangetje" pos="X">behangetje</wf>
         <wf lemma="uitgezocht" pos="X">uitgezocht</wf>
         <wf lemma="." pos="X">.</wf>
      </sentence>
      <sentence id="d000.s3538" source="wordnet-dutch">
         <wf lemma="de" pos="X">de</wf>
         <wf lemma="president" pos="X">president</wf>
         <wf lemma="werd" pos="X">werd</wf>
         <instance id="d000.s3538.t000" lemma="flankeren" pos="VERB">geflankeerd</instance>
         <wf lemma="door" pos="X">door</wf>
         <wf lemma="twee" pos="X">twee</wf>
         <wf lemma="stevige" pos="X">stevige</wf>
         <wf lemma="lijfwachten" pos="X">lijfwachten</wf>
         <wf lemma="." pos="X">.</wf>
      </sentence>
      <sentence id="d000.s3539" source="wordnet-dutch">
         <wf lemma="hij" pos="X">hij</wf>
         <wf lemma="kan" pos="X">kan</wf>
         <wf lemma="zijn" pos="X">zijn</wf>
         <instance id="d000.s3539.t000" lemma="ernst" pos="NOUN">ernst</instance>
         <wf lemma="niet" pos="X">niet</wf>
         <wf lemma="bewaren" pos="X">bewaren</wf>
         <wf lemma="." pos="X">.</wf>
      </sentence>
      <sentence id="d000.s3540" source="wordnet-dutch">
         <wf lemma="het" pos="X">het</wf>
         <wf lemma="is" pos="X">is</wf>
         <wf lemma="in" pos="X">in</wf>
         <wf lemma="de" pos="X">de</wf>
         <wf lemma="nieuwjaarsnacht" pos="X">nieuwjaarsnacht</wf>
         <wf lemma="niet" pos="X">niet</wf>
         <wf lemma="tot" pos="X">tot</wf>
         <instance id="d000.s3540.t000" lemma="exces" pos="NOUN">excessen</instance>
         <wf lemma="gekomen" pos="X">gekomen</wf>
         <wf lemma="." pos="X">.</wf>
      </sentence>
      <sentence id="d000.s3541" source="wordnet-dutch">
         <wf lemma="hij" pos="X">hij</wf>
         <wf lemma="stond" pos="X">stond</wf>
         <wf lemma="in" pos="X">in</wf>
         <wf lemma="zijn" pos="X">zijn</wf>
         <wf lemma="blote" pos="X">blote</wf>
         <instance id="d000.s3541.t000" lemma="lijf" pos="NOUN">lijf</instance>
         <wf lemma="." pos="X">.</wf>
      </sentence>
      <sentence id="d000.s3542" source="wordnet-dutch">
         <wf lemma="zij" pos="X">zij</wf>
         <wf lemma="is" pos="X">is</wf>
         <wf lemma="rustig" pos="X">rustig</wf>
         <wf lemma="gestorven" pos="X">gestorven</wf>
         <wf lemma="in" pos="X">in</wf>
         <wf lemma="de" pos="X">de</wf>
         <instance id="d000.s3542.t000" lemma="ouderdom" pos="NOUN">ouderdom</instance>
         <wf lemma="van" pos="X">van</wf>
         <wf lemma="88" pos="X">88</wf>
         <wf lemma="jaar" pos="X">jaar</wf>
         <wf lemma="." pos="X">.</wf>
      </sentence>
      <sentence id="d000.s3543" source="wordnet-dutch">
         <wf lemma="op" pos="X">op</wf>
         <wf lemma="een" pos="X">een</wf>
         <wf lemma="aantal" pos="X">aantal</wf>
         <wf lemma="plaatsen" pos="X">plaatsen</wf>
         <wf lemma="brak" pos="X">brak</wf>
         <instance id="d000.s3543.t000" lemma="brand" pos="NOUN">brand</instance>
         <wf lemma="uit" pos="X">uit</wf>
         <wf lemma="." pos="X">.</wf>
      </sentence>
      <sentence id="d000.s3544" source="wordnet-dutch">
         <wf lemma="die" pos="X">die</wf>
         <wf lemma="motor" pos="X">motor</wf>
         <wf lemma="moet" pos="X">moet</wf>
         <wf lemma="nodig" pos="X">nodig</wf>
         <wf lemma="eens" pos="X">eens</wf>
         <wf lemma="goed" pos="X">goed</wf>
         <wf lemma="worden" pos="X">worden</wf>
         <instance id="d000.s3544.t000" lemma="afstellen" pos="VERB">afgesteld</instance>
         <wf lemma="." pos="X">.</wf>
      </sentence>
      <sentence id="d000.s3545" source="wordnet-dutch">
         <wf lemma="voor" pos="X">voor</wf>
         <instance id="d000.s3545.t000" lemma="straf" pos="NOUN">straf</instance>
         <wf lemma="moet" pos="X">moet</wf>
         <wf lemma="je" pos="X">je</wf>
         <wf lemma="in" pos="X">in</wf>
         <wf lemma="de" pos="X">de</wf>
         <wf lemma="hoek" pos="X">hoek</wf>
         <wf lemma="staan" pos="X">staan</wf>
         <wf lemma="." pos="X">.</wf>
      </sentence>
      <sentence id="d000.s3546" source="wordnet-dutch">
         <wf lemma="ik" pos="X">ik</wf>
         <wf lemma="kom" pos="X">kom</wf>
         <wf lemma="'s" pos="X">'s</wf>
         <wf lemma="avonds" pos="X">avonds</wf>
         <wf lemma="laat" pos="X">laat</wf>
         <wf lemma="liever" pos="X">liever</wf>
         <wf lemma="niet" pos="X">niet</wf>
         <wf lemma="in" pos="X">in</wf>
         <wf lemma="die" pos="X">die</wf>
         <instance id="d000.s3546.t000" lemma="achterbuurt" pos="NOUN">achterbuurt</instance>
         <wf lemma="." pos="X">.</wf>
      </sentence>
      <sentence id="d000.s3547" source="wordnet-dutch">
         <wf lemma="hij" pos="X">hij</wf>
         <wf lemma="moest" pos="X">moest</wf>
         <wf lemma="die" pos="X">die</wf>
         <wf lemma="ouwe" pos="X">ouwe</wf>
         <instance id="d000.s3547.t000" lemma="taart" pos="NOUN">taart</instance>
         <wf lemma="nog" pos="X">nog</wf>
         <wf lemma="helpen" pos="X">helpen</wf>
         <wf lemma="oversteken" pos="X">oversteken</wf>
         <wf lemma="ook" pos="X">ook</wf>
         <wf lemma="!" pos="X">!</wf>
      </sentence>
      <sentence id="d000.s3548" source="wordnet-dutch">
         <wf lemma="ik" pos="X">ik</wf>
         <wf lemma="denk" pos="X">denk</wf>
         <wf lemma="dat" pos="X">dat</wf>
         <wf lemma="hij" pos="X">hij</wf>
         <instance id="d000.s3548.t000" lemma="overdrijven" pos="VERB">overdrijft</instance>
         <wf lemma="met" pos="X">met</wf>
         <wf lemma="de" pos="X">de</wf>
         <wf lemma="bewering" pos="X">bewering</wf>
         <wf lemma="dat" pos="X">dat</wf>
         <wf lemma="alle" pos="X">alle</wf>
         <wf lemma="advocaten" pos="X">advocaten</wf>
         <wf lemma="corrupt" pos="X">corrupt</wf>
         <wf lemma="zijn" pos="X">zijn</wf>
         <wf lemma="." pos="X">.</wf>
      </sentence>
      <sentence id="d000.s3549" source="wordnet-dutch">
         <wf lemma="CO2" pos="X">CO2</wf>
         <instance id="d000.s3549.t000" lemma="migratie" pos="NOUN">migratie</instance>
         <wf lemma="." pos="X">.</wf>
      </sentence>
      <sentence id="d000.s3550" source="wordnet-dutch">
         <wf lemma="de" pos="X">de</wf>
         <wf lemma="gevreesde" pos="X">gevreesde</wf>
         <instance id="d000.s3550.t000" lemma="krijger" pos="NOUN">krijger</instance>
         <wf lemma="Winnetou" pos="X">Winnetou</wf>
         <wf lemma="." pos="X">.</wf>
      </sentence>
      <sentence id="d000.s3551" source="wordnet-dutch">
         <wf lemma="met" pos="X">met</wf>
         <wf lemma="die" pos="X">die</wf>
         <wf lemma="hitte" pos="X">hitte</wf>
         <wf lemma="waren" pos="X">waren</wf>
         <wf lemma="er" pos="X">er</wf>
         <wf lemma="duizenden" pos="X">duizenden</wf>
         <wf lemma="wandelaars" pos="X">wandelaars</wf>
         <wf lemma="op" pos="X">op</wf>
         <wf lemma="de" pos="X">de</wf>
         <instance id="d000.s3551.t000" lemma="pier" pos="NOUN">pier</instance>
         <wf lemma="." pos="X">.</wf>
      </sentence>
      <sentence id="d000.s3552" source="wordnet-dutch">
         <instance id="d000.s3552.t000" lemma="twijfelen" pos="VERB">twijfel</instance>
         <wf lemma="je" pos="X">je</wf>
         <wf lemma="soms" pos="X">soms</wf>
         <wf lemma="aan" pos="X">aan</wf>
         <wf lemma="zijn" pos="X">zijn</wf>
         <wf lemma="oprechtheid" pos="X">oprechtheid</wf>
         <wf lemma="?" pos="X">?</wf>
      </sentence>
      <sentence id="d000.s3553" source="wordnet-dutch">
         <wf lemma="wij" pos="X">wij</wf>
         <wf lemma="zullen" pos="X">zullen</wf>
         <wf lemma="geen" pos="X">geen</wf>
         <wf lemma="veranderingen" pos="X">veranderingen</wf>
         <wf lemma="doorvoeren" pos="X">doorvoeren</wf>
         <wf lemma="van" pos="X">van</wf>
         <wf lemma="welke" pos="X">welke</wf>
         <instance id="d000.s3553.t000" lemma="aard" pos="NOUN">aard</instance>
         <wf lemma="ook" pos="X">ook</wf>
         <wf lemma="." pos="X">.</wf>
      </sentence>
      <sentence id="d000.s3554" source="wordnet-dutch">
         <wf lemma="je" pos="X">je</wf>
         <wf lemma="wil" pos="X">wil</wf>
         <wf lemma="toch" pos="X">toch</wf>
         <wf lemma="wat" pos="X">wat</wf>
         <instance id="d000.s3554.t000" lemma="bereiken" pos="VERB">bereiken</instance>
         <wf lemma="in" pos="X">in</wf>
         <wf lemma="je" pos="X">je</wf>
         <wf lemma="leven" pos="X">leven</wf>
         <wf lemma="." pos="X">.</wf>
      </sentence>
      <sentence id="d000.s3555" source="wordnet-dutch">
         <wf lemma="je" pos="X">je</wf>
         <wf lemma="moet" pos="X">moet</wf>
         <wf lemma="je" pos="X">je</wf>
         <wf lemma="snelheid" pos="X">snelheid</wf>
         <instance id="d000.s3555.t000" lemma="minderen" pos="VERB">minderen</instance>
         <wf lemma="in" pos="X">in</wf>
         <wf lemma="de" pos="X">de</wf>
         <wf lemma="bebouwde" pos="X">bebouwde</wf>
         <wf lemma="kom" pos="X">kom</wf>
         <wf lemma="." pos="X">.</wf>
      </sentence>
      <sentence id="d000.s3556" source="wordnet-dutch">
         <wf lemma="de" pos="X">de</wf>
         <wf lemma="tuin" pos="X">tuin</wf>
         <wf lemma="ligt" pos="X">ligt</wf>
         <wf lemma="op" pos="X">op</wf>
         <wf lemma="het" pos="X">het</wf>
         <instance id="d000.s3556.t000" lemma="oosten" pos="NOUN">oosten</instance>
         <wf lemma="," pos="X">,</wf>
         <wf lemma="dus" pos="X">dus</wf>
         <wf lemma="'s" pos="X">'s</wf>
         <wf lemma="ochtends" pos="X">ochtends</wf>
         <wf lemma="is" pos="X">is</wf>
         <wf lemma="er" pos="X">er</wf>
         <wf lemma="zon" pos="X">zon</wf>
         <wf lemma="." pos="X">.</wf>
      </sentence>
      <sentence id="d000.s3557" source="wordnet-dutch">
         <wf lemma="met" pos="X">met</wf>
         <wf lemma="de" pos="X">de</wf>
         <wf lemma="volkstellingen" pos="X">volkstellingen</wf>
         <wf lemma="schendt" pos="X">schendt</wf>
         <wf lemma="men" pos="X">men</wf>
         <wf lemma="het" pos="X">het</wf>
         <wf lemma="recht" pos="X">recht</wf>
         <wf lemma="op" pos="X">op</wf>
         <instance id="d000.s3557.t000" lemma="privacy" pos="NOUN">privacy</instance>
         <wf lemma="van" pos="X">van</wf>
         <wf lemma="de" pos="X">de</wf>
         <wf lemma="burger" pos="X">burger</wf>
         <wf lemma="." pos="X">.</wf>
      </sentence>
      <sentence id="d000.s3558" source="wordnet-dutch">
         <wf lemma="door" pos="X">door</wf>
         <instance id="d000.s3558.t000" lemma="ijzel" pos="NOUN">ijzel</instance>
         <wf lemma="op" pos="X">op</wf>
         <wf lemma="de" pos="X">de</wf>
         <wf lemma="weg" pos="X">weg</wf>
         <wf lemma="gleden" pos="X">gleden</wf>
         <wf lemma="de" pos="X">de</wf>
         <wf lemma="auto's" pos="X">auto's</wf>
         <wf lemma="alle" pos="X">alle</wf>
         <wf lemma="kanten" pos="X">kanten</wf>
         <wf lemma="op" pos="X">op</wf>
         <wf lemma="." pos="X">.</wf>
      </sentence>
      <sentence id="d000.s3559" source="wordnet-dutch">
         <wf lemma="hij" pos="X">hij</wf>
         <instance id="d000.s3559.t000" lemma="verhinderen" pos="VERB">verhinderde</instance>
         <wf lemma="me" pos="X">me</wf>
         <wf lemma="te" pos="X">te</wf>
         <wf lemma="vertrekken" pos="X">vertrekken</wf>
         <wf lemma="." pos="X">.</wf>
      </sentence>
      <sentence id="d000.s3560" source="wordnet-dutch">
         <wf lemma="laat" pos="X">laat</wf>
         <wf lemma="hem" pos="X">hem</wf>
         <wf lemma="maar" pos="X">maar</wf>
         <wf lemma="zijn" pos="X">zijn</wf>
         <instance id="d000.s3560.t000" lemma="gang" pos="NOUN">gang</instance>
         <wf lemma="gaan" pos="X">gaan</wf>
         <wf lemma="," pos="X">,</wf>
         <wf lemma="anders" pos="X">anders</wf>
         <wf lemma="wordt" pos="X">wordt</wf>
         <wf lemma="hij" pos="X">hij</wf>
         <wf lemma="nog" pos="X">nog</wf>
         <wf lemma="boos" pos="X">boos</wf>
         <wf lemma="." pos="X">.</wf>
      </sentence>
      <sentence id="d000.s3561" source="wordnet-dutch">
         <wf lemma="Zijn" pos="X">Zijn</wf>
         <instance id="d000.s3561.t000" lemma="leven" pos="NOUN">leven</instance>
         <wf lemma="was" pos="X">was</wf>
         <wf lemma="van" pos="X">van</wf>
         <wf lemma="geboorte" pos="X">geboorte</wf>
         <wf lemma="tot" pos="X">tot</wf>
         <wf lemma="dood" pos="X">dood</wf>
         <wf lemma="voortbestemd" pos="X">voortbestemd</wf>
         <wf lemma="." pos="X">.</wf>
      </sentence>
      <sentence id="d000.s3562" source="wordnet-dutch">
         <wf lemma="ik" pos="X">ik</wf>
         <wf lemma="kan" pos="X">kan</wf>
         <wf lemma="niet" pos="X">niet</wf>
         <instance id="d000.s3562.t000" lemma="meegaan" pos="VERB">meegaan</instance>
         <wf lemma="met" pos="X">met</wf>
         <wf lemma="zijn" pos="X">zijn</wf>
         <wf lemma="zienswijze" pos="X">zienswijze</wf>
         <wf lemma="." pos="X">.</wf>
      </sentence>
      <sentence id="d000.s3563" source="wordnet-dutch">
         <wf lemma="ter" pos="X">ter</wf>
         <instance id="d000.s3563.t000" lemma="afwisseling" pos="NOUN">afwisseling</instance>
         <wf lemma="treden" pos="X">treden</wf>
         <wf lemma="Frank" pos="X">Frank</wf>
         <wf lemma="en" pos="X">en</wf>
         <wf lemma="Mirella" pos="X">Mirella</wf>
         <wf lemma="op" pos="X">op</wf>
         <wf lemma="." pos="X">.</wf>
      </sentence>
      <sentence id="d000.s3564" source="wordnet-dutch">
         <wf lemma="met" pos="X">met</wf>
         <wf lemma="de" pos="X">de</wf>
         <wf lemma="verrekijker" pos="X">verrekijker</wf>
         <wf lemma="kon" pos="X">kon</wf>
         <wf lemma="hij" pos="X">hij</wf>
         <wf lemma="de" pos="X">de</wf>
         <wf lemma="letters" pos="X">letters</wf>
         <wf lemma="op" pos="X">op</wf>
         <wf lemma="de" pos="X">de</wf>
         <wf lemma="boot" pos="X">boot</wf>
         <instance id="d000.s3564.t000" lemma="aflezen" pos="VERB">aflezen</instance>
         <wf lemma="." pos="X">.</wf>
      </sentence>
      <sentence id="d000.s3565" source="wordnet-dutch">
         <wf lemma="deze" pos="X">deze</wf>
         <wf lemma="tekst" pos="X">tekst</wf>
         <instance id="d000.s3565.t000" lemma="zeggen" pos="VERB">zegt</instance>
         <wf lemma="dat" pos="X">dat</wf>
         <wf lemma="er" pos="X">er</wf>
         <wf lemma="meer" pos="X">meer</wf>
         <wf lemma="factoren" pos="X">factoren</wf>
         <wf lemma="bij" pos="X">bij</wf>
         <wf lemma="het" pos="X">het</wf>
         <wf lemma="conflict" pos="X">conflict</wf>
         <wf lemma="hebben" pos="X">hebben</wf>
         <wf lemma="meegespeeld" pos="X">meegespeeld</wf>
         <wf lemma="." pos="X">.</wf>
      </sentence>
      <sentence id="d000.s3566" source="wordnet-dutch">
         <wf lemma="in" pos="X">in</wf>
         <wf lemma="de" pos="X">de</wf>
         <wf lemma="pauze" pos="X">pauze</wf>
         <wf lemma="werd" pos="X">werd</wf>
         <wf lemma="een" pos="X">een</wf>
         <instance id="d000.s3566.t000" lemma="verloting" pos="NOUN">verloting</instance>
         <wf lemma="gehouden" pos="X">gehouden</wf>
         <wf lemma="." pos="X">.</wf>
      </sentence>
      <sentence id="d000.s3567" source="wordnet-dutch">
         <wf lemma="de" pos="X">de</wf>
         <wf lemma="rechter" pos="X">rechter</wf>
         <wf lemma="besloot" pos="X">besloot</wf>
         <wf lemma="het" pos="X">het</wf>
         <wf lemma="proces" pos="X">proces</wf>
         <wf lemma="te" pos="X">te</wf>
         <instance id="d000.s3567.t000" lemma="verdagen" pos="VERB">verdagen</instance>
         <wf lemma="." pos="X">.</wf>
      </sentence>
      <sentence id="d000.s3568" source="wordnet-dutch">
         <wf lemma="de" pos="X">de</wf>
         <wf lemma="werkloosheid" pos="X">werkloosheid</wf>
         <wf lemma="is" pos="X">is</wf>
         <wf lemma="een" pos="X">een</wf>
         <instance id="d000.s3568.t000" lemma="graadmeter" pos="NOUN">graadmeter</instance>
         <wf lemma="voor" pos="X">voor</wf>
         <wf lemma="de" pos="X">de</wf>
         <wf lemma="economie" pos="X">economie</wf>
         <wf lemma="van" pos="X">van</wf>
         <wf lemma="een" pos="X">een</wf>
         <wf lemma="land" pos="X">land</wf>
         <wf lemma="." pos="X">.</wf>
      </sentence>
      <sentence id="d000.s3569" source="wordnet-dutch">
         <wf lemma="hij" pos="X">hij</wf>
         <instance id="d000.s3569.t000" lemma="reageren" pos="VERB">reageerde</instance>
         <wf lemma="onmiddellijk" pos="X">onmiddellijk</wf>
         <wf lemma="op" pos="X">op</wf>
         <wf lemma="deze" pos="X">deze</wf>
         <wf lemma="brutale" pos="X">brutale</wf>
         <wf lemma="opmerking" pos="X">opmerking</wf>
         <wf lemma="." pos="X">.</wf>
      </sentence>
      <sentence id="d000.s3570" source="wordnet-dutch">
         <wf lemma="vergis" pos="X">vergis</wf>
         <wf lemma="je" pos="X">je</wf>
         <wf lemma="niet" pos="X">niet</wf>
         <wf lemma="," pos="X">,</wf>
         <wf lemma="hij" pos="X">hij</wf>
         <wf lemma="doet" pos="X">doet</wf>
         <wf lemma="dat" pos="X">dat</wf>
         <wf lemma="allemaal" pos="X">allemaal</wf>
         <wf lemma="uit" pos="X">uit</wf>
         <instance id="d000.s3570.t000" lemma="eigenbelang" pos="NOUN">eigenbelang</instance>
         <wf lemma="." pos="X">.</wf>
      </sentence>
      <sentence id="d000.s3571" source="wordnet-dutch">
         <wf lemma="hij" pos="X">hij</wf>
         <instance id="d000.s3571.t000" lemma="praten" pos="VERB">praat</instance>
         <wf lemma="alleen" pos="X">alleen</wf>
         <wf lemma="nog" pos="X">nog</wf>
         <wf lemma="over" pos="X">over</wf>
         <wf lemma="de" pos="X">de</wf>
         <wf lemma="dood" pos="X">dood</wf>
         <wf lemma="van" pos="X">van</wf>
         <wf lemma="zijn" pos="X">zijn</wf>
         <wf lemma="moeder" pos="X">moeder</wf>
         <wf lemma="." pos="X">.</wf>
      </sentence>
      <sentence id="d000.s3572" source="wordnet-dutch">
         <wf lemma="de" pos="X">de</wf>
         <wf lemma="zusters" pos="X">zusters</wf>
         <instance id="d000.s3572.t000" lemma="ontfermen" pos="VERB">ontfermden</instance>
         <wf lemma="zich" pos="X">zich</wf>
         <wf lemma="over" pos="X">over</wf>
         <wf lemma="weeskinderen" pos="X">weeskinderen</wf>
         <wf lemma="en" pos="X">en</wf>
         <wf lemma="gehandicapten" pos="X">gehandicapten</wf>
         <wf lemma="in" pos="X">in</wf>
         <wf lemma="deze" pos="X">deze</wf>
         <wf lemma="stad" pos="X">stad</wf>
         <wf lemma="." pos="X">.</wf>
      </sentence>
      <sentence id="d000.s3573" source="wordnet-dutch">
         <wf lemma="de" pos="X">de</wf>
         <wf lemma="overheid" pos="X">overheid</wf>
         <wf lemma="ontplooit" pos="X">ontplooit</wf>
         <instance id="d000.s3573.t000" lemma="activiteit" pos="NOUN">activiteiten</instance>
         <wf lemma="voor" pos="X">voor</wf>
         <wf lemma="de" pos="X">de</wf>
         <wf lemma="bevordering" pos="X">bevordering</wf>
         <wf lemma="van" pos="X">van</wf>
         <wf lemma="[..]." pos="X">[..].</wf>
      </sentence>
      <sentence id="d000.s3574" source="wordnet-dutch">
         <wf lemma="steeds" pos="X">steeds</wf>
         <wf lemma="meer" pos="X">meer</wf>
         <wf lemma="mensen" pos="X">mensen</wf>
         <wf lemma="zijn" pos="X">zijn</wf>
         <wf lemma="bezorgd" pos="X">bezorgd</wf>
         <wf lemma="over" pos="X">over</wf>
         <wf lemma="de" pos="X">de</wf>
         <instance id="d000.s3574.t000" lemma="haat" pos="NOUN">haat</instance>
         <wf lemma="jegens" pos="X">jegens</wf>
         <wf lemma="buitenlanders" pos="X">buitenlanders</wf>
         <wf lemma="." pos="X">.</wf>
      </sentence>
      <sentence id="d000.s3575" source="wordnet-dutch">
         <wf lemma="op" pos="X">op</wf>
         <wf lemma="straat" pos="X">straat</wf>
         <wf lemma="speelde" pos="X">speelde</wf>
         <wf lemma="zich" pos="X">zich</wf>
         <wf lemma="een" pos="X">een</wf>
         <wf lemma="komische" pos="X">komische</wf>
         <instance id="d000.s3575.t000" lemma="scène" pos="NOUN">scène</instance>
         <wf lemma="af" pos="X">af</wf>
         <wf lemma="." pos="X">.</wf>
      </sentence>
      <sentence id="d000.s3576" source="wordnet-dutch">
         <wf lemma="iets" pos="X">iets</wf>
         <wf lemma="naar" pos="X">naar</wf>
         <instance id="d000.s3576.t000" lemma="grootte" pos="NOUN">grootte</instance>
         <wf lemma="rangschikken" pos="X">rangschikken</wf>
         <wf lemma="." pos="X">.</wf>
      </sentence>
      <sentence id="d000.s3577" source="wordnet-dutch">
         <wf lemma="Wat" pos="X">Wat</wf>
         <wf lemma="was" pos="X">was</wf>
         <wf lemma="je" pos="X">je</wf>
         <instance id="d000.s3577.t000" lemma="motivatie" pos="NOUN">motivatie</instance>
         <wf lemma="om" pos="X">om</wf>
         <wf lemma="vrijwilligerswerk" pos="X">vrijwilligerswerk</wf>
         <wf lemma="in" pos="X">in</wf>
         <wf lemma="een" pos="X">een</wf>
         <wf lemma="Derde" pos="X">Derde</wf>
         <wf lemma="Wereld" pos="X">Wereld</wf>
         <wf lemma="land" pos="X">land</wf>
         <wf lemma="te" pos="X">te</wf>
         <wf lemma="willen" pos="X">willen</wf>
         <wf lemma="doen" pos="X">doen</wf>
         <wf lemma="?" pos="X">?</wf>
      </sentence>
      <sentence id="d000.s3578" source="wordnet-dutch">
         <wf lemma="hoe" pos="X">hoe</wf>
         <wf lemma="zou" pos="X">zou</wf>
         <wf lemma="je" pos="X">je</wf>
         <wf lemma="jezelf" pos="X">jezelf</wf>
         <instance id="d000.s3578.t000" lemma="beschrijven" pos="VERB">beschrijven</instance>
         <wf lemma="?" pos="X">?</wf>
      </sentence>
      <sentence id="d000.s3579" source="wordnet-dutch">
         <instance id="d000.s3579.t000" lemma="gift" pos="NOUN">giften</instance>
         <wf lemma="kunnen" pos="X">kunnen</wf>
         <wf lemma="worden" pos="X">worden</wf>
         <wf lemma="gestort" pos="X">gestort</wf>
         <wf lemma="op" pos="X">op</wf>
         <wf lemma="het" pos="X">het</wf>
         <wf lemma="volgende" pos="X">volgende</wf>
         <wf lemma="rekeningnummer" pos="X">rekeningnummer</wf>
         <wf lemma=":" pos="X">:</wf>
      </sentence>
      <sentence id="d000.s3580" source="wordnet-dutch">
         <wf lemma="bij" pos="X">bij</wf>
         <wf lemma="het" pos="X">het</wf>
         <wf lemma="woord" pos="X">woord</wf>
         <wf lemma="'" pos="X">'</wf>
         <instance id="d000.s3580.t000" lemma="onderscheiden" pos="VERB">onderscheiden</instance>
         <wf lemma="'" pos="X">'</wf>
         <wf lemma="kan" pos="X">kan</wf>
         <wf lemma="je" pos="X">je</wf>
         <wf lemma="op" pos="X">op</wf>
         <wf lemma="z'n" pos="X">z'n</wf>
         <wf lemma="minst" pos="X">minst</wf>
         <wf lemma="vijf" pos="X">vijf</wf>
         <wf lemma="betekenissen" pos="X">betekenissen</wf>
         <wf lemma="onderscheiden" pos="X">onderscheiden</wf>
         <wf lemma="." pos="X">.</wf>
      </sentence>
      <sentence id="d000.s3581" source="wordnet-dutch">
         <wf lemma="in" pos="X">in</wf>
         <wf lemma="dat" pos="X">dat</wf>
         <wf lemma="plan" pos="X">plan</wf>
         <wf lemma="krijgt" pos="X">krijgt</wf>
         <wf lemma="natuurontwikkeling" pos="X">natuurontwikkeling</wf>
         <wf lemma="een" pos="X">een</wf>
         <wf lemma="belangrijke" pos="X">belangrijke</wf>
         <wf lemma="plaats" pos="X">plaats</wf>
         <instance id="d000.s3581.t000" lemma="toemeten" pos="VERB">toegemeten</instance>
         <wf lemma="." pos="X">.</wf>
      </sentence>
      <sentence id="d000.s3582" source="wordnet-dutch">
         <wf lemma="die" pos="X">die</wf>
         <wf lemma="gebeurtenis" pos="X">gebeurtenis</wf>
         <wf lemma="wekt" pos="X">wekt</wf>
         <wf lemma="wel" pos="X">wel</wf>
         <wf lemma="enige" pos="X">enige</wf>
         <instance id="d000.s3582.t000" lemma="verwondering" pos="NOUN">verwondering</instance>
         <wf lemma="." pos="X">.</wf>
      </sentence>
      <sentence id="d000.s3583" source="wordnet-dutch">
         <wf lemma="hebben" pos="X">hebben</wf>
         <wf lemma="jullie" pos="X">jullie</wf>
         <wf lemma="voor" pos="X">voor</wf>
         <wf lemma="de" pos="X">de</wf>
         <wf lemma="jongste" pos="X">jongste</wf>
         <wf lemma="nu" pos="X">nu</wf>
         <wf lemma="ook" pos="X">ook</wf>
         <wf lemma="al" pos="X">al</wf>
         <wf lemma="een" pos="X">een</wf>
         <wf lemma="plaatsje" pos="X">plaatsje</wf>
         <wf lemma="op" pos="X">op</wf>
         <wf lemma="de" pos="X">de</wf>
         <instance id="d000.s3583.t000" lemma="crèche" pos="NOUN">crèche</instance>
         <wf lemma="?" pos="X">?</wf>
      </sentence>
      <sentence id="d000.s3584" source="wordnet-dutch">
         <wf lemma="we" pos="X">we</wf>
         <wf lemma="hebben" pos="X">hebben</wf>
         <wf lemma="sindsdien" pos="X">sindsdien</wf>
         <wf lemma="geen" pos="X">geen</wf>
         <instance id="d000.s3584.t000" lemma="contact" pos="NOUN">contact</instance>
         <wf lemma="meer" pos="X">meer</wf>
         <wf lemma="met" pos="X">met</wf>
         <wf lemma="elkaar" pos="X">elkaar</wf>
         <wf lemma="." pos="X">.</wf>
      </sentence>
      <sentence id="d000.s3585" source="wordnet-dutch">
         <wf lemma="Zij" pos="X">Zij</wf>
         <instance id="d000.s3585.t000" lemma="maken" pos="VERB">maken</instance>
         <wf lemma="een" pos="X">een</wf>
         <wf lemma="onderscheid" pos="X">onderscheid</wf>
         <wf lemma="tussen" pos="X">tussen</wf>
         <wf lemma="korte" pos="X">korte</wf>
         <wf lemma="en" pos="X">en</wf>
         <wf lemma="lange" pos="X">lange</wf>
         <wf lemma="vergaderingen" pos="X">vergaderingen</wf>
         <wf lemma="." pos="X">.</wf>
      </sentence>
      <sentence id="d000.s3586" source="wordnet-dutch">
         <wf lemma="hij" pos="X">hij</wf>
         <instance id="d000.s3586.t000" lemma="doordenken" pos="VERB">doordenkt</instance>
         <wf lemma="nu" pos="X">nu</wf>
         <wf lemma="de" pos="X">de</wf>
         <wf lemma="gevolgen" pos="X">gevolgen</wf>
         <wf lemma="van" pos="X">van</wf>
         <wf lemma="zijn" pos="X">zijn</wf>
         <wf lemma="daad" pos="X">daad</wf>
         <wf lemma="in" pos="X">in</wf>
         <wf lemma="de" pos="X">de</wf>
         <wf lemma="gevangenis" pos="X">gevangenis</wf>
         <wf lemma="." pos="X">.</wf>
      </sentence>
      <sentence id="d000.s3587" source="wordnet-dutch">
         <wf lemma="ik" pos="X">ik</wf>
         <wf lemma="drink" pos="X">drink</wf>
         <wf lemma="geen/weinig/veel" pos="X">geen/weinig/veel</wf>
         <instance id="d000.s3587.t000" lemma="alcohol" pos="NOUN">alcohol</instance>
         <wf lemma="." pos="X">.</wf>
      </sentence>
      <sentence id="d000.s3588" source="wordnet-dutch">
         <wf lemma="aangezien" pos="X">aangezien</wf>
         <wf lemma="het" pos="X">het</wf>
         <wf lemma="boek" pos="X">boek</wf>
         <wf lemma="uitgeleend" pos="X">uitgeleend</wf>
         <wf lemma="was" pos="X">was</wf>
         <wf lemma="heb" pos="X">heb</wf>
         <wf lemma="ik" pos="X">ik</wf>
         <wf lemma="het" pos="X">het</wf>
         <instance id="d000.s3588.t000" lemma="reserveren" pos="VERB">gereserveerd</instance>
         <wf lemma="." pos="X">.</wf>
      </sentence>
      <sentence id="d000.s3589" source="wordnet-dutch">
         <wf lemma="een" pos="X">een</wf>
         <wf lemma="oud" pos="X">oud</wf>
         <wf lemma="laken" pos="X">laken</wf>
         <instance id="d000.s3589.t000" lemma="dienen" pos="VERB">diende</instance>
         <wf lemma="als" pos="X">als</wf>
         <wf lemma="zeil" pos="X">zeil</wf>
         <wf lemma="." pos="X">.</wf>
      </sentence>
      <sentence id="d000.s3590" source="wordnet-dutch">
         <wf lemma="het" pos="X">het</wf>
         <wf lemma="is" pos="X">is</wf>
         <wf lemma="nu" pos="X">nu</wf>
         <wf lemma="de" pos="X">de</wf>
         <wf lemma="kunst" pos="X">kunst</wf>
         <wf lemma="om" pos="X">om</wf>
         <wf lemma="zijn" pos="X">zijn</wf>
         <wf lemma="pas" pos="X">pas</wf>
         <wf lemma="verworven" pos="X">verworven</wf>
         <wf lemma="hoge" pos="X">hoge</wf>
         <wf lemma="positie" pos="X">positie</wf>
         <wf lemma="te" pos="X">te</wf>
         <instance id="d000.s3590.t000" lemma="consolideren" pos="VERB">consolideren</instance>
         <wf lemma="." pos="X">.</wf>
      </sentence>
      <sentence id="d000.s3591" source="wordnet-dutch">
         <wf lemma="de" pos="X">de</wf>
         <instance id="d000.s3591.t000" lemma="inval" pos="NOUN">inval</instance>
         <wf lemma="van" pos="X">van</wf>
         <wf lemma="de" pos="X">de</wf>
         <wf lemma="dooi" pos="X">dooi</wf>
         <wf lemma="maakte" pos="X">maakte</wf>
         <wf lemma="een" pos="X">een</wf>
         <wf lemma="einde" pos="X">einde</wf>
         <wf lemma="aan" pos="X">aan</wf>
         <wf lemma="de" pos="X">de</wf>
         <wf lemma="ijspret" pos="X">ijspret</wf>
         <wf lemma="." pos="X">.</wf>
      </sentence>
      <sentence id="d000.s3592" source="wordnet-dutch">
         <wf lemma="dit" pos="X">dit</wf>
         <wf lemma="apparaat" pos="X">apparaat</wf>
         <wf lemma="vreet" pos="X">vreet</wf>
         <instance id="d000.s3592.t000" lemma="stroom" pos="NOUN">stroom</instance>
         <wf lemma="." pos="X">.</wf>
      </sentence>
      <sentence id="d000.s3593" source="wordnet-dutch">
         <wf lemma="helaas" pos="X">helaas</wf>
         <wf lemma="kregen" pos="X">kregen</wf>
         <wf lemma="we" pos="X">we</wf>
         <wf lemma="geen" pos="X">geen</wf>
         <wf lemma="stempel" pos="X">stempel</wf>
         <wf lemma="in" pos="X">in</wf>
         <wf lemma="onze" pos="X">onze</wf>
         <instance id="d000.s3593.t000" lemma="paspoort" pos="NOUN">paspoorten</instance>
         <wf lemma="." pos="X">.</wf>
      </sentence>
      <sentence id="d000.s3594" source="wordnet-dutch">
         <wf lemma="de" pos="X">de</wf>
         <wf lemma="vier" pos="X">vier</wf>
         <wf lemma="scholen" pos="X">scholen</wf>
         <wf lemma="vormen" pos="X">vormen</wf>
         <wf lemma="nu" pos="X">nu</wf>
         <wf lemma="samen" pos="X">samen</wf>
         <wf lemma="één" pos="X">één</wf>
         <wf lemma="brede" pos="X">brede</wf>
         <instance id="d000.s3594.t000" lemma="scholengemeenschap" pos="NOUN">scholengemeenschap</instance>
         <wf lemma="." pos="X">.</wf>
      </sentence>
      <sentence id="d000.s3595" source="wordnet-dutch">
         <wf lemma="de" pos="X">de</wf>
         <wf lemma="vrouw" pos="X">vrouw</wf>
         <wf lemma="had" pos="X">had</wf>
         <wf lemma="de" pos="X">de</wf>
         <wf lemma="winkeldief" pos="X">winkeldief</wf>
         <wf lemma="een" pos="X">een</wf>
         <wf lemma="zonnebril" pos="X">zonnebril</wf>
         <instance id="d000.s3595.t000" lemma="zien" pos="VERB">zien</instance>
         <wf lemma="stelen" pos="X">stelen</wf>
         <wf lemma="." pos="X">.</wf>
      </sentence>
      <sentence id="d000.s3596" source="wordnet-dutch">
         <wf lemma="ik" pos="X">ik</wf>
         <wf lemma="denk" pos="X">denk</wf>
         <wf lemma="dat" pos="X">dat</wf>
         <wf lemma="die" pos="X">die</wf>
         <wf lemma="maatregel" pos="X">maatregel</wf>
         <wf lemma="alleen" pos="X">alleen</wf>
         <wf lemma="maar" pos="X">maar</wf>
         <instance id="d000.s3596.t000" lemma="agressie" pos="NOUN">agressie</instance>
         <wf lemma="zal" pos="X">zal</wf>
         <wf lemma="oproepen/wekken" pos="X">oproepen/wekken</wf>
         <wf lemma="." pos="X">.</wf>
      </sentence>
      <sentence id="d000.s3597" source="wordnet-dutch">
         <wf lemma="om" pos="X">om</wf>
         <wf lemma="van" pos="X">van</wf>
         <wf lemma="het" pos="X">het</wf>
         <instance id="d000.s3597.t000" lemma="gezeur" pos="NOUN">gezeur</instance>
         <wf lemma="af" pos="X">af</wf>
         <wf lemma="te" pos="X">te</wf>
         <wf lemma="zijn" pos="X">zijn</wf>
         <wf lemma="," pos="X">,</wf>
         <wf lemma="kocht" pos="X">kocht</wf>
         <wf lemma="hij" pos="X">hij</wf>
         <wf lemma="een" pos="X">een</wf>
         <wf lemma="gouden" pos="X">gouden</wf>
         <wf lemma="horloge" pos="X">horloge</wf>
         <wf lemma="voor" pos="X">voor</wf>
         <wf lemma="haar" pos="X">haar</wf>
         <wf lemma="." pos="X">.</wf>
      </sentence>
      <sentence id="d000.s3598" source="wordnet-dutch">
         <wf lemma="zij" pos="X">zij</wf>
         <wf lemma="loopt" pos="X">loopt</wf>
         <wf lemma="altijd" pos="X">altijd</wf>
         <wf lemma="op" pos="X">op</wf>
         <wf lemma="blote" pos="X">blote</wf>
         <instance id="d000.s3598.t000" lemma="voet" pos="NOUN">voeten</instance>
         <wf lemma="." pos="X">.</wf>
      </sentence>
      <sentence id="d000.s3599" source="wordnet-dutch">
         <wf lemma="een" pos="X">een</wf>
         <wf lemma="wet" pos="X">wet</wf>
         <wf lemma="wijzigen" pos="X">wijzigen</wf>
         <wf lemma="bij" pos="X">bij</wf>
         <instance id="d000.s3599.t000" lemma="amendement" pos="NOUN">amendement</instance>
         <wf lemma="." pos="X">.</wf>
      </sentence>
      <sentence id="d000.s3600" source="wordnet-dutch">
         <wf lemma="vorig" pos="X">vorig</wf>
         <wf lemma="jaar" pos="X">jaar</wf>
         <wf lemma="is" pos="X">is</wf>
         <wf lemma="het" pos="X">het</wf>
         <wf lemma="pand" pos="X">pand</wf>
         <wf lemma="helemaal" pos="X">helemaal</wf>
         <instance id="d000.s3600.t000" lemma="restaureren" pos="VERB">gerestaureerd</instance>
         <wf lemma="." pos="X">.</wf>
      </sentence>
      <sentence id="d000.s3601" source="wordnet-dutch">
         <wf lemma="ze" pos="X">ze</wf>
         <wf lemma="hebben" pos="X">hebben</wf>
         <wf lemma="hun" pos="X">hun</wf>
         <wf lemma="tante" pos="X">tante</wf>
         <wf lemma="naar" pos="X">naar</wf>
         <wf lemma="een" pos="X">een</wf>
         <instance id="d000.s3601.t000" lemma="verpleeghuis" pos="NOUN">verpleeghuis</instance>
         <wf lemma="gebracht" pos="X">gebracht</wf>
         <wf lemma="." pos="X">.</wf>
      </sentence>
      <sentence id="d000.s3602" source="wordnet-dutch">
         <wf lemma="hij" pos="X">hij</wf>
         <wf lemma="heeft" pos="X">heeft</wf>
         <wf lemma="een" pos="X">een</wf>
         <wf lemma="edele" pos="X">edele</wf>
         <instance id="d000.s3602.t000" lemma="inborst" pos="NOUN">inborst</instance>
         <wf lemma="." pos="X">.</wf>
      </sentence>
      <sentence id="d000.s3603" source="wordnet-dutch">
         <wf lemma="zijn" pos="X">zijn</wf>
         <wf lemma="rijke" pos="X">rijke</wf>
         <wf lemma="oom" pos="X">oom</wf>
         <instance id="d000.s3603.t000" lemma="overwinteren" pos="VERB">overwintert</instance>
         <wf lemma="elk" pos="X">elk</wf>
         <wf lemma="jaar" pos="X">jaar</wf>
         <wf lemma="op" pos="X">op</wf>
         <wf lemma="Hawaï" pos="X">Hawaï</wf>
         <wf lemma="." pos="X">.</wf>
      </sentence>
      <sentence id="d000.s3604" source="wordnet-dutch">
         <wf lemma="dat" pos="X">dat</wf>
         <wf lemma="geeft" pos="X">geeft</wf>
         <wf lemma="ze" pos="X">ze</wf>
         <wf lemma="een" pos="X">een</wf>
         <wf lemma="goed" pos="X">goed</wf>
         <instance id="d000.s3604.t000" lemma="excuus" pos="NOUN">excuus</instance>
         <wf lemma="om" pos="X">om</wf>
         <wf lemma="hun" pos="X">hun</wf>
         <wf lemma="huiswerk" pos="X">huiswerk</wf>
         <wf lemma="niet" pos="X">niet</wf>
         <wf lemma="te" pos="X">te</wf>
         <wf lemma="maken" pos="X">maken</wf>
         <wf lemma="." pos="X">.</wf>
      </sentence>
      <sentence id="d000.s3605" source="wordnet-dutch">
         <wf lemma="in" pos="X">in</wf>
         <wf lemma="mijn" pos="X">mijn</wf>
         <instance id="d000.s3605.t000" lemma="horoscoop" pos="NOUN">horoscoop</instance>
         <wf lemma="staat" pos="X">staat</wf>
         <wf lemma="dat" pos="X">dat</wf>
         <wf lemma="ik" pos="X">ik</wf>
         <wf lemma="nog" pos="X">nog</wf>
         <wf lemma="eens" pos="X">eens</wf>
         <wf lemma="een" pos="X">een</wf>
         <wf lemma="erfenis" pos="X">erfenis</wf>
         <wf lemma="krijg" pos="X">krijg</wf>
         <wf lemma="." pos="X">.</wf>
      </sentence>
      <sentence id="d000.s3606" source="wordnet-dutch">
         <wf lemma="de" pos="X">de</wf>
         <wf lemma="twee" pos="X">twee</wf>
         <wf lemma="kwajongens" pos="X">kwajongens</wf>
         <wf lemma="moesten" pos="X">moesten</wf>
         <instance id="d000.s3606.t000" lemma="nablijven" pos="VERB">nablijven</instance>
         <wf lemma="omdat" pos="X">omdat</wf>
         <wf lemma="ze" pos="X">ze</wf>
         <wf lemma="op" pos="X">op</wf>
         <wf lemma="de" pos="X">de</wf>
         <wf lemma="speelplaats" pos="X">speelplaats</wf>
         <wf lemma="gevochten" pos="X">gevochten</wf>
         <wf lemma="hadden" pos="X">hadden</wf>
         <wf lemma="." pos="X">.</wf>
      </sentence>
      <sentence id="d000.s3607" source="wordnet-dutch">
         <wf lemma="zij" pos="X">zij</wf>
         <wf lemma="hebben" pos="X">hebben</wf>
         <wf lemma="allebei" pos="X">allebei</wf>
         <wf lemma="in" pos="X">in</wf>
         <wf lemma="het" pos="X">het</wf>
         <instance id="d000.s3607.t000" lemma="verzet" pos="NOUN">verzet</instance>
         <wf lemma="gezeten" pos="X">gezeten</wf>
         <wf lemma="." pos="X">.</wf>
      </sentence>
      <sentence id="d000.s3608" source="wordnet-dutch">
         <wf lemma="dat" pos="X">dat</wf>
         <wf lemma="tijdschrift" pos="X">tijdschrift</wf>
         <wf lemma="werd" pos="X">werd</wf>
         <wf lemma="op" pos="X">op</wf>
         <wf lemma="ruime" pos="X">ruime</wf>
         <wf lemma="schaal" pos="X">schaal</wf>
         <instance id="d000.s3608.t000" lemma="verspreiden" pos="VERB">verspreid</instance>
         <wf lemma="." pos="X">.</wf>
      </sentence>
      <sentence id="d000.s3609" source="wordnet-dutch">
         <wf lemma="Voor" pos="X">Voor</wf>
         <wf lemma="de" pos="X">de</wf>
         <wf lemma="echt" pos="X">echt</wf>
         <wf lemma="gevaarlijke" pos="X">gevaarlijke</wf>
         <wf lemma="dingen" pos="X">dingen</wf>
         <wf lemma="gebruiken" pos="X">gebruiken</wf>
         <wf lemma="ze" pos="X">ze</wf>
         <wf lemma="een" pos="X">een</wf>
         <instance id="d000.s3609.t000" lemma="dubbel" pos="NOUN">dubbel</instance>
         <wf lemma="." pos="X">.</wf>
      </sentence>
      <sentence id="d000.s3610" source="wordnet-dutch">
         <wf lemma="ik" pos="X">ik</wf>
         <wf lemma="heb" pos="X">heb</wf>
         <wf lemma="door" pos="X">door</wf>
         <wf lemma="het" pos="X">het</wf>
         <wf lemma="hele" pos="X">hele</wf>
         <wf lemma="huis" pos="X">huis</wf>
         <instance id="d000.s3610.t000" lemma="tapijt" pos="NOUN">tapijt</instance>
         <wf lemma="laten" pos="X">laten</wf>
         <wf lemma="leggen" pos="X">leggen</wf>
         <wf lemma="." pos="X">.</wf>
      </sentence>
      <sentence id="d000.s3611" source="wordnet-dutch">
         <wf lemma="nu" pos="X">nu</wf>
         <wf lemma="heb" pos="X">heb</wf>
         <wf lemma="je" pos="X">je</wf>
         <wf lemma="alweer" pos="X">alweer</wf>
         <wf lemma="al" pos="X">al</wf>
         <wf lemma="je" pos="X">je</wf>
         <wf lemma="kleren" pos="X">kleren</wf>
         <instance id="d000.s3611.t000" lemma="scheuren" pos="VERB">gescheurd</instance>
         <wf lemma="." pos="X">.</wf>
      </sentence>
      <sentence id="d000.s3612" source="wordnet-dutch">
         <wf lemma="tijdens" pos="X">tijdens</wf>
         <wf lemma="de" pos="X">de</wf>
         <wf lemma="toespraak" pos="X">toespraak</wf>
         <wf lemma="van" pos="X">van</wf>
         <wf lemma="premier" pos="X">premier</wf>
         <wf lemma="Lubbers" pos="X">Lubbers</wf>
         <instance id="d000.s3612.t000" lemma="ontvouwen" pos="VERB">ontvouwden</instance>
         <wf lemma="twee" pos="X">twee</wf>
         <wf lemma="demonstranten" pos="X">demonstranten</wf>
         <wf lemma="voor" pos="X">voor</wf>
         <wf lemma="de" pos="X">de</wf>
         <wf lemma="ogen" pos="X">ogen</wf>
         <wf lemma="van" pos="X">van</wf>
         <wf lemma="de" pos="X">de</wf>
         <wf lemma="Koningin" pos="X">Koningin</wf>
         <wf lemma="een" pos="X">een</wf>
         <wf lemma="spandoek" pos="X">spandoek</wf>
         <wf lemma="tegen" pos="X">tegen</wf>
         <wf lemma="de" pos="X">de</wf>
         <wf lemma="WAO-plannen" pos="X">WAO-plannen</wf>
         <wf lemma="." pos="X">.</wf>
      </sentence>
      <sentence id="d000.s3613" source="wordnet-dutch">
         <wf lemma="de" pos="X">de</wf>
         <wf lemma="heer" pos="X">heer</wf>
         <wf lemma="janssen" pos="X">janssen</wf>
         <instance id="d000.s3613.t000" lemma="functioneren" pos="VERB">functioneert</instance>
         <wf lemma="niet" pos="X">niet</wf>
         <wf lemma="in" pos="X">in</wf>
         <wf lemma="zijn" pos="X">zijn</wf>
         <wf lemma="nieuwe" pos="X">nieuwe</wf>
         <wf lemma="functie" pos="X">functie</wf>
         <wf lemma="." pos="X">.</wf>
      </sentence>
      <sentence id="d000.s3614" source="wordnet-dutch">
         <wf lemma="een" pos="X">een</wf>
         <wf lemma="weidse" pos="X">weidse</wf>
         <instance id="d000.s3614.t000" lemma="grasvlakte" pos="NOUN">grasvlakte</instance>
         <wf lemma="strekte" pos="X">strekte</wf>
         <wf lemma="zich" pos="X">zich</wf>
         <wf lemma="voor" pos="X">voor</wf>
         <wf lemma="zijn" pos="X">zijn</wf>
         <wf lemma="ogen" pos="X">ogen</wf>
         <wf lemma="uit" pos="X">uit</wf>
         <wf lemma="." pos="X">.</wf>
      </sentence>
      <sentence id="d000.s3615" source="wordnet-dutch">
         <wf lemma="het" pos="X">het</wf>
         <wf lemma="begin" pos="X">begin</wf>
         <wf lemma="van" pos="X">van</wf>
         <wf lemma="de" pos="X">de</wf>
         <wf lemma="vakantie" pos="X">vakantie</wf>
         <wf lemma="was" pos="X">was</wf>
         <wf lemma="dit" pos="X">dit</wf>
         <wf lemma="jaar" pos="X">jaar</wf>
         <wf lemma="een" pos="X">een</wf>
         <wf lemma="ware" pos="X">ware</wf>
         <instance id="d000.s3615.t000" lemma="exodus" pos="NOUN">exodus</instance>
         <wf lemma="." pos="X">.</wf>
      </sentence>
      <sentence id="d000.s3616" source="wordnet-dutch">
         <wf lemma="ze" pos="X">ze</wf>
         <wf lemma="heeft" pos="X">heeft</wf>
         <wf lemma="de" pos="X">de</wf>
         <wf lemma="dood" pos="X">dood</wf>
         <wf lemma="van" pos="X">van</wf>
         <wf lemma="haar" pos="X">haar</wf>
         <wf lemma="echtgenoot" pos="X">echtgenoot</wf>
         <wf lemma="nog" pos="X">nog</wf>
         <wf lemma="altijd" pos="X">altijd</wf>
         <wf lemma="niet" pos="X">niet</wf>
         <instance id="d000.s3616.t000" lemma="verwerken" pos="VERB">verwerkt</instance>
         <wf lemma="." pos="X">.</wf>
      </sentence>
      <sentence id="d000.s3617" source="wordnet-dutch">
         <wf lemma="die" pos="X">die</wf>
         <wf lemma="wallen" pos="X">wallen</wf>
         <wf lemma="onder" pos="X">onder</wf>
         <wf lemma="je" pos="X">je</wf>
         <wf lemma="ogen" pos="X">ogen</wf>
         <instance id="d000.s3617.t000" lemma="beduiden" pos="VERB">beduiden</instance>
         <wf lemma="dat" pos="X">dat</wf>
         <wf lemma="je" pos="X">je</wf>
         <wf lemma="te" pos="X">te</wf>
         <wf lemma="laat" pos="X">laat</wf>
         <wf lemma="naar" pos="X">naar</wf>
         <wf lemma="bed" pos="X">bed</wf>
         <wf lemma="gaat" pos="X">gaat</wf>
         <wf lemma="." pos="X">.</wf>
      </sentence>
      <sentence id="d000.s3618" source="wordnet-dutch">
         <wf lemma="Van" pos="X">Van</wf>
         <wf lemma="Dantzig" pos="X">Dantzig</wf>
         <wf lemma="schreef" pos="X">schreef</wf>
         <wf lemma="de" pos="X">de</wf>
         <instance id="d000.s3618.t000" lemma="choreografie" pos="NOUN">choreografie</instance>
         <wf lemma="van" pos="X">van</wf>
         <wf lemma="het" pos="X">het</wf>
         <wf lemma="ballet" pos="X">ballet</wf>
         <wf lemma="." pos="X">.</wf>
      </sentence>
      <sentence id="d000.s3619" source="wordnet-dutch">
         <wf lemma="ik" pos="X">ik</wf>
         <instance id="d000.s3619.t000" lemma="twijfelen" pos="VERB">twijfel</instance>
         <wf lemma="of" pos="X">of</wf>
         <wf lemma="ik" pos="X">ik</wf>
         <wf lemma="wel" pos="X">wel</wf>
         <wf lemma="naar" pos="X">naar</wf>
         <wf lemma="de" pos="X">de</wf>
         <wf lemma="les" pos="X">les</wf>
         <wf lemma="zou" pos="X">zou</wf>
         <wf lemma="gaan" pos="X">gaan</wf>
         <wf lemma="vandaag" pos="X">vandaag</wf>
         <wf lemma="." pos="X">.</wf>
      </sentence>
      <sentence id="d000.s3620" source="wordnet-dutch">
         <wf lemma="bij" pos="X">bij</wf>
         <wf lemma="de" pos="X">de</wf>
         <instance id="d000.s3620.t000" lemma="luchtmacht" pos="NOUN">luchtmacht</instance>
         <wf lemma="bestond" pos="X">bestond</wf>
         <wf lemma="zo'n" pos="X">zo'n</wf>
         <wf lemma="20" pos="X">20</wf>
         <wf lemma="%" pos="X">%</wf>
         <wf lemma="uit" pos="X">uit</wf>
         <wf lemma="dienstplichtigen" pos="X">dienstplichtigen</wf>
         <wf lemma="." pos="X">.</wf>
      </sentence>
      <sentence id="d000.s3621" source="wordnet-dutch">
         <wf lemma="je" pos="X">je</wf>
         <wf lemma="haar" pos="X">haar</wf>
         <wf lemma="hangt" pos="X">hangt</wf>
         <wf lemma="in" pos="X">in</wf>
         <wf lemma="je" pos="X">je</wf>
         <wf lemma="ogen" pos="X">ogen</wf>
         <wf lemma="," pos="X">,</wf>
         <wf lemma="zal" pos="X">zal</wf>
         <wf lemma="ik" pos="X">ik</wf>
         <wf lemma="je" pos="X">je</wf>
         <instance id="d000.s3621.t000" lemma="pony" pos="NOUN">pony</instance>
         <wf lemma="even" pos="X">even</wf>
         <wf lemma="bijknippen" pos="X">bijknippen</wf>
         <wf lemma="?" pos="X">?</wf>
      </sentence>
      <sentence id="d000.s3622" source="wordnet-dutch">
         <wf lemma="ik" pos="X">ik</wf>
         <wf lemma="heb" pos="X">heb</wf>
         <wf lemma="me" pos="X">me</wf>
         <wf lemma="eruit" pos="X">eruit</wf>
         <instance id="d000.s3622.t000" lemma="redden" pos="VERB">gered</instance>
         <wf lemma="door" pos="X">door</wf>
         <wf lemma="over" pos="X">over</wf>
         <wf lemma="een" pos="X">een</wf>
         <wf lemma="ander" pos="X">ander</wf>
         <wf lemma="onderwerp" pos="X">onderwerp</wf>
         <wf lemma="te" pos="X">te</wf>
         <wf lemma="beginnen" pos="X">beginnen</wf>
         <wf lemma="." pos="X">.</wf>
      </sentence>
      <sentence id="d000.s3623" source="wordnet-dutch">
         <wf lemma="ik" pos="X">ik</wf>
         <wf lemma="zal" pos="X">zal</wf>
         <wf lemma="afwassen" pos="X">afwassen</wf>
         <wf lemma="op" pos="X">op</wf>
         <instance id="d000.s3623.t000" lemma="voorwaarde" pos="NOUN">voorwaarde</instance>
         <wf lemma="dat" pos="X">dat</wf>
         <wf lemma="ik" pos="X">ik</wf>
         <wf lemma="het" pos="X">het</wf>
         <wf lemma="morgen" pos="X">morgen</wf>
         <wf lemma="niet" pos="X">niet</wf>
         <wf lemma="hoef" pos="X">hoef</wf>
         <wf lemma="te" pos="X">te</wf>
         <wf lemma="doen" pos="X">doen</wf>
         <wf lemma="." pos="X">.</wf>
      </sentence>
      <sentence id="d000.s3624" source="wordnet-dutch">
         <wf lemma="de" pos="X">de</wf>
         <wf lemma="natrappende" pos="X">natrappende</wf>
         <wf lemma="voetballer" pos="X">voetballer</wf>
         <wf lemma="kreeg" pos="X">kreeg</wf>
         <wf lemma="een" pos="X">een</wf>
         <wf lemma="officiële" pos="X">officiële</wf>
         <instance id="d000.s3624.t000" lemma="waarschuwing" pos="NOUN">waarschuwing</instance>
         <wf lemma="van" pos="X">van</wf>
         <wf lemma="de" pos="X">de</wf>
         <wf lemma="scheidsrechter" pos="X">scheidsrechter</wf>
         <wf lemma="." pos="X">.</wf>
      </sentence>
      <sentence id="d000.s3625" source="wordnet-dutch">
         <wf lemma="een" pos="X">een</wf>
         <wf lemma="landkaart" pos="X">landkaart</wf>
         <wf lemma="met" pos="X">met</wf>
         <instance id="d000.s3625.t000" lemma="schaal" pos="NOUN">schaal</instance>
         <wf lemma="1" pos="X">1</wf>
         <wf lemma=":" pos="X">:</wf>
         <wf lemma="10000" pos="X">10000</wf>
         <wf lemma="." pos="X">.</wf>
      </sentence>
      <sentence id="d000.s3626" source="wordnet-dutch">
         <wf lemma="een" pos="X">een</wf>
         <wf lemma="onvoldoende" pos="X">onvoldoende</wf>
         <wf lemma="kan" pos="X">kan</wf>
         <wf lemma="je" pos="X">je</wf>
         <instance id="d000.s3626.t000" lemma="compenseren" pos="VERB">compenseren</instance>
         <wf lemma="met" pos="X">met</wf>
         <wf lemma="een" pos="X">een</wf>
         <wf lemma="hoog" pos="X">hoog</wf>
         <wf lemma="cijfer" pos="X">cijfer</wf>
         <wf lemma="op" pos="X">op</wf>
         <wf lemma="een" pos="X">een</wf>
         <wf lemma="ander" pos="X">ander</wf>
         <wf lemma="vak" pos="X">vak</wf>
         <wf lemma="." pos="X">.</wf>
      </sentence>
      <sentence id="d000.s3627" source="wordnet-dutch">
         <wf lemma="hij" pos="X">hij</wf>
         <instance id="d000.s3627.t000" lemma="bewerken" pos="VERB">bewerkte</instance>
         <wf lemma="al" pos="X">al</wf>
         <wf lemma="twee" pos="X">twee</wf>
         <wf lemma="toneelstukken" pos="X">toneelstukken</wf>
         <wf lemma="van" pos="X">van</wf>
         <wf lemma="Shakespeare" pos="X">Shakespeare</wf>
         <wf lemma="." pos="X">.</wf>
      </sentence>
      <sentence id="d000.s3628" source="wordnet-dutch">
         <instance id="d000.s3628.t000" lemma="lijn" pos="NOUN">lijn</instance>
         <wf lemma="12" pos="X">12</wf>
         <wf lemma="'is" pos="X">'is</wf>
         <wf lemma="opgeheven'/'rijdt" pos="X">opgeheven'/'rijdt</wf>
         <wf lemma="niet" pos="X">niet</wf>
         <wf lemma="meer" pos="X">meer</wf>
         <wf lemma="'" pos="X">'</wf>
         <wf lemma="." pos="X">.</wf>
      </sentence>
      <sentence id="d000.s3629" source="wordnet-dutch">
         <wf lemma="ik" pos="X">ik</wf>
         <wf lemma="heb" pos="X">heb</wf>
         <wf lemma="tijdens" pos="X">tijdens</wf>
         <wf lemma="het" pos="X">het</wf>
         <wf lemma="weekend" pos="X">weekend</wf>
         <wf lemma="weer" pos="X">weer</wf>
         <wf lemma="veel" pos="X">veel</wf>
         <wf lemma="geld" pos="X">geld</wf>
         <instance id="d000.s3629.t000" lemma="opdoen" pos="VERB">opgedaan</instance>
         <wf lemma="." pos="X">.</wf>
      </sentence>
      <sentence id="d000.s3630" source="wordnet-dutch">
         <wf lemma="onze" pos="X">onze</wf>
         <wf lemma="landgenoten" pos="X">landgenoten</wf>
         <wf lemma="eindigden" pos="X">eindigden</wf>
         <wf lemma="ergens" pos="X">ergens</wf>
         <wf lemma="in" pos="X">in</wf>
         <wf lemma="de" pos="X">de</wf>
         <instance id="d000.s3630.t000" lemma="achterhoede" pos="NOUN">achterhoede</instance>
         <wf lemma="." pos="X">.</wf>
      </sentence>
      <sentence id="d000.s3631" source="wordnet-dutch">
         <wf lemma="blijf" pos="X">blijf</wf>
         <wf lemma="een" pos="X">een</wf>
         <wf lemma="beetje" pos="X">beetje</wf>
         <wf lemma="bij" pos="X">bij</wf>
         <wf lemma="me" pos="X">me</wf>
         <wf lemma="in" pos="X">in</wf>
         <wf lemma="de" pos="X">de</wf>
         <instance id="d000.s3631.t000" lemma="buurt" pos="NOUN">buurt</instance>
         <wf lemma="anders" pos="X">anders</wf>
         <wf lemma="raken" pos="X">raken</wf>
         <wf lemma="we" pos="X">we</wf>
         <wf lemma="elkaar" pos="X">elkaar</wf>
         <wf lemma="kwijt" pos="X">kwijt</wf>
         <wf lemma="." pos="X">.</wf>
      </sentence>
      <sentence id="d000.s3632" source="wordnet-dutch">
         <wf lemma="zijn" pos="X">zijn</wf>
         <instance id="d000.s3632.t000" lemma="verzoek" pos="NOUN">verzoek</instance>
         <wf lemma="om" pos="X">om</wf>
         <wf lemma="morgen" pos="X">morgen</wf>
         <wf lemma="niet" pos="X">niet</wf>
         <wf lemma="te" pos="X">te</wf>
         <wf lemma="komen" pos="X">komen</wf>
         <wf lemma="werd" pos="X">werd</wf>
         <wf lemma="in" pos="X">in</wf>
         <wf lemma="de" pos="X">de</wf>
         <wf lemma="wind" pos="X">wind</wf>
         <wf lemma="geslagen" pos="X">geslagen</wf>
         <wf lemma="." pos="X">.</wf>
      </sentence>
      <sentence id="d000.s3633" source="wordnet-dutch">
         <wf lemma="ik" pos="X">ik</wf>
         <wf lemma="kan" pos="X">kan</wf>
         <wf lemma="niet" pos="X">niet</wf>
         <instance id="d000.s3633.t000" lemma="interveniëren" pos="VERB">interveniëren</instance>
         <wf lemma="in" pos="X">in</wf>
         <wf lemma="de" pos="X">de</wf>
         <wf lemma="persoonlijke" pos="X">persoonlijke</wf>
         <wf lemma="geschillen" pos="X">geschillen</wf>
         <wf lemma="van" pos="X">van</wf>
         <wf lemma="de" pos="X">de</wf>
         <wf lemma="leden" pos="X">leden</wf>
         <wf lemma="." pos="X">.</wf>
      </sentence>
      <sentence id="d000.s3634" source="wordnet-dutch">
         <wf lemma="Het" pos="X">Het</wf>
         <instance id="d000.s3634.t000" lemma="verloop" pos="NOUN">verloop</instance>
         <wf lemma="van" pos="X">van</wf>
         <wf lemma="de" pos="X">de</wf>
         <wf lemma="gang" pos="X">gang</wf>
         <wf lemma="." pos="X">.</wf>
      </sentence>
      <sentence id="d000.s3635" source="wordnet-dutch">
         <wf lemma="voor" pos="X">voor</wf>
         <wf lemma="velen" pos="X">velen</wf>
         <wf lemma="betekent" pos="X">betekent</wf>
         <wf lemma="de" pos="X">de</wf>
         <wf lemma="auto" pos="X">auto</wf>
         <wf lemma="de" pos="X">de</wf>
         <instance id="d000.s3635.t000" lemma="verlossing" pos="NOUN">verlossing</instance>
         <wf lemma="uit" pos="X">uit</wf>
         <wf lemma="enige" pos="X">enige</wf>
         <wf lemma="vorm" pos="X">vorm</wf>
         <wf lemma="van" pos="X">van</wf>
         <wf lemma="isolement" pos="X">isolement</wf>
         <wf lemma="." pos="X">.</wf>
      </sentence>
      <sentence id="d000.s3636" source="wordnet-dutch">
         <wf lemma="de" pos="X">de</wf>
         <wf lemma="klas" pos="X">klas</wf>
         <wf lemma="kon" pos="X">kon</wf>
         <wf lemma="er" pos="X">er</wf>
         <wf lemma="geen" pos="X">geen</wf>
         <wf lemma="genoeg" pos="X">genoeg</wf>
         <wf lemma="van" pos="X">van</wf>
         <wf lemma="krijgen" pos="X">krijgen</wf>
         <wf lemma="als" pos="X">als</wf>
         <wf lemma="ik" pos="X">ik</wf>
         <wf lemma="de" pos="X">de</wf>
         <wf lemma="leraar" pos="X">leraar</wf>
         <wf lemma="Duits" pos="X">Duits</wf>
         <wf lemma="ging" pos="X">ging</wf>
         <instance id="d000.s3636.t000" lemma="imiteren" pos="VERB">imiteren</instance>
         <wf lemma="." pos="X">.</wf>
      </sentence>
      <sentence id="d000.s3637" source="wordnet-dutch">
         <wf lemma="ik" pos="X">ik</wf>
         <wf lemma="zou" pos="X">zou</wf>
         <wf lemma="voor" pos="X">voor</wf>
         <wf lemma="geen" pos="X">geen</wf>
         <wf lemma="geld" pos="X">geld</wf>
         <wf lemma="met" pos="X">met</wf>
         <wf lemma="hem" pos="X">hem</wf>
         <wf lemma="willen" pos="X">willen</wf>
         <instance id="d000.s3637.t000" lemma="ruilen" pos="VERB">ruilen</instance>
         <wf lemma="." pos="X">.</wf>
      </sentence>
      <sentence id="d000.s3638" source="wordnet-dutch">
         <wf lemma="er" pos="X">er</wf>
         <wf lemma="was" pos="X">was</wf>
         <wf lemma="geen" pos="X">geen</wf>
         <instance id="d000.s3638.t000" lemma="vleugje" pos="NOUN">vleugje</instance>
         <wf lemma="wind" pos="X">wind</wf>
         <wf lemma="." pos="X">.</wf>
      </sentence>
      <sentence id="d000.s3639" source="wordnet-dutch">
         <wf lemma="op" pos="X">op</wf>
         <wf lemma="Koninginnedag" pos="X">Koninginnedag</wf>
         <wf lemma="worden" pos="X">worden</wf>
         <wf lemma="hier" pos="X">hier</wf>
         <wf lemma="allerlei" pos="X">allerlei</wf>
         <instance id="d000.s3639.t000" lemma="activiteit" pos="NOUN">activiteiten</instance>
         <wf lemma="georganiseerd" pos="X">georganiseerd</wf>
         <wf lemma="." pos="X">.</wf>
      </sentence>
      <sentence id="d000.s3640" source="wordnet-dutch">
         <wf lemma="er" pos="X">er</wf>
         <wf lemma="staat" pos="X">staat</wf>
         <wf lemma="bovendien" pos="X">bovendien</wf>
         <wf lemma="een" pos="X">een</wf>
         <wf lemma="uitgebreide" pos="X">uitgebreide</wf>
         <wf lemma="lunch" pos="X">lunch</wf>
         <wf lemma="op" pos="X">op</wf>
         <wf lemma="het" pos="X">het</wf>
         <instance id="d000.s3640.t000" lemma="programma" pos="NOUN">programma</instance>
         <wf lemma="." pos="X">.</wf>
      </sentence>
      <sentence id="d000.s3641" source="wordnet-dutch">
         <wf lemma="vanavond" pos="X">vanavond</wf>
         <wf lemma="eten" pos="X">eten</wf>
         <wf lemma="we" pos="X">we</wf>
         <wf lemma="een" pos="X">een</wf>
         <instance id="d000.s3641.t000" lemma="restje" pos="NOUN">restje</instance>
         <wf lemma="." pos="X">.</wf>
      </sentence>
      <sentence id="d000.s3642" source="wordnet-dutch">
         <wf lemma="deze" pos="X">deze</wf>
         <wf lemma="loper" pos="X">loper</wf>
         <wf lemma="heeft" pos="X">heeft</wf>
         <wf lemma="zijn" pos="X">zijn</wf>
         <wf lemma="krachten" pos="X">krachten</wf>
         <wf lemma="duidelijk" pos="X">duidelijk</wf>
         <instance id="d000.s3642.t000" lemma="overschatten" pos="VERB">overschat</instance>
         <wf lemma="en" pos="X">en</wf>
         <wf lemma="komt" pos="X">komt</wf>
         <wf lemma="nu" pos="X">nu</wf>
         <wf lemma="nauwelijks" pos="X">nauwelijks</wf>
         <wf lemma="nog" pos="X">nog</wf>
         <wf lemma="vooruit" pos="X">vooruit</wf>
         <wf lemma="." pos="X">.</wf>
      </sentence>
      <sentence id="d000.s3643" source="wordnet-dutch">
         <wf lemma="in" pos="X">in</wf>
         <instance id="d000.s3643.t000" lemma="werkelijkheid" pos="NOUN">werkelijkheid</instance>
         <wf lemma="is" pos="X">is</wf>
         <wf lemma="de" pos="X">de</wf>
         <wf lemma="kans" pos="X">kans</wf>
         <wf lemma="echter" pos="X">echter</wf>
         <wf lemma="minder" pos="X">minder</wf>
         <wf lemma="groot" pos="X">groot</wf>
         <wf lemma="." pos="X">.</wf>
      </sentence>
      <sentence id="d000.s3644" source="wordnet-dutch">
         <wf lemma="dat" pos="X">dat</wf>
         <wf lemma="woord" pos="X">woord</wf>
         <wf lemma="heeft" pos="X">heeft</wf>
         <wf lemma="een" pos="X">een</wf>
         <wf lemma="ongunstige/negatieve" pos="X">ongunstige/negatieve</wf>
         <instance id="d000.s3644.t000" lemma="bijklank" pos="NOUN">bijklank</instance>
         <wf lemma="." pos="X">.</wf>
      </sentence>
      <sentence id="d000.s3645" source="wordnet-dutch">
         <wf lemma="iets" pos="X">iets</wf>
         <wf lemma="met" pos="X">met</wf>
         <wf lemma="ijzeren" pos="X">ijzeren</wf>
         <instance id="d000.s3645.t000" lemma="consequentie" pos="NOUN">consequentie</instance>
         <wf lemma="doordrukken" pos="X">doordrukken</wf>
         <wf lemma="." pos="X">.</wf>
      </sentence>
      <sentence id="d000.s3646" source="wordnet-dutch">
         <wf lemma="hij" pos="X">hij</wf>
         <wf lemma="heeft" pos="X">heeft</wf>
         <wf lemma="belangrijke" pos="X">belangrijke</wf>
         <wf lemma="informatie" pos="X">informatie</wf>
         <instance id="d000.s3646.t000" lemma="achterhouden" pos="VERB">achtergehouden</instance>
         <wf lemma="." pos="X">.</wf>
      </sentence>
      <sentence id="d000.s3647" source="wordnet-dutch">
         <wf lemma="wat" pos="X">wat</wf>
         <instance id="d000.s3647.t000" lemma="hangen" pos="VERB">hangen</instance>
         <wf lemma="er" pos="X">er</wf>
         <wf lemma="toch" pos="X">toch</wf>
         <wf lemma="mooie" pos="X">mooie</wf>
         <wf lemma="kunstwerken" pos="X">kunstwerken</wf>
         <wf lemma="in" pos="X">in</wf>
         <wf lemma="de" pos="X">de</wf>
         <wf lemma="musea" pos="X">musea</wf>
         <wf lemma="!" pos="X">!</wf>
      </sentence>
      <sentence id="d000.s3648" source="wordnet-dutch">
         <wf lemma="hij" pos="X">hij</wf>
         <wf lemma="had" pos="X">had</wf>
         <wf lemma="zich" pos="X">zich</wf>
         <wf lemma="voorgenomen" pos="X">voorgenomen</wf>
         <wf lemma="niet" pos="X">niet</wf>
         <wf lemma="met" pos="X">met</wf>
         <wf lemma="zijn" pos="X">zijn</wf>
         <wf lemma="vriend" pos="X">vriend</wf>
         <wf lemma="te" pos="X">te</wf>
         <instance id="d000.s3648.t000" lemma="redetwisten" pos="VERB">redetwisten</instance>
         <wf lemma="over" pos="X">over</wf>
         <wf lemma="de" pos="X">de</wf>
         <wf lemma="manier" pos="X">manier</wf>
         <wf lemma="waarop" pos="X">waarop</wf>
         <wf lemma="ze" pos="X">ze</wf>
         <wf lemma="zouden" pos="X">zouden</wf>
         <wf lemma="te" pos="X">te</wf>
         <wf lemma="werk" pos="X">werk</wf>
         <wf lemma="gaan" pos="X">gaan</wf>
         <wf lemma="." pos="X">.</wf>
      </sentence>
      <sentence id="d000.s3649" source="wordnet-dutch">
         <wf lemma="datzelfde" pos="X">datzelfde</wf>
         <wf lemma="lot" pos="X">lot</wf>
         <instance id="d000.s3649.t000" lemma="ondergaan" pos="VERB">ondergingen</instance>
         <wf lemma="toen" pos="X">toen</wf>
         <wf lemma="vele" pos="X">vele</wf>
         <wf lemma="soldaten" pos="X">soldaten</wf>
         <wf lemma="." pos="X">.</wf>
      </sentence>
      <sentence id="d000.s3650" source="wordnet-dutch">
         <wf lemma="ter" pos="X">ter</wf>
         <instance id="d000.s3650.t000" lemma="afronding" pos="NOUN">afronding</instance>
         <wf lemma="meld" pos="X">meld</wf>
         <wf lemma="ik" pos="X">ik</wf>
         <wf lemma="nog" pos="X">nog</wf>
         <wf lemma="het" pos="X">het</wf>
         <wf lemma="volgende" pos="X">volgende</wf>
         <wf lemma="." pos="X">.</wf>
      </sentence>
      <sentence id="d000.s3651" source="wordnet-dutch">
         <wf lemma="door" pos="X">door</wf>
         <wf lemma="wederzijds" pos="X">wederzijds</wf>
         <instance id="d000.s3651.t000" lemma="wanbegrip" pos="NOUN">wanbegrip</instance>
         <wf lemma="was" pos="X">was</wf>
         <wf lemma="de" pos="X">de</wf>
         <wf lemma="situatie" pos="X">situatie</wf>
         <wf lemma="onhoudbaar" pos="X">onhoudbaar</wf>
         <wf lemma="geworden" pos="X">geworden</wf>
         <wf lemma="." pos="X">.</wf>
      </sentence>
      <sentence id="d000.s3652" source="wordnet-dutch">
         <wf lemma="het" pos="X">het</wf>
         <wf lemma="Bosnische" pos="X">Bosnische</wf>
         <wf lemma="leger" pos="X">leger</wf>
         <wf lemma="hield" pos="X">hield</wf>
         <wf lemma="een" pos="X">een</wf>
         <wf lemma="grote" pos="X">grote</wf>
         <instance id="d000.s3652.t000" lemma="parade" pos="NOUN">parade</instance>
         <wf lemma="." pos="X">.</wf>
      </sentence>
      <sentence id="d000.s3653" source="wordnet-dutch">
         <wf lemma="de" pos="X">de</wf>
         <wf lemma="strijdende" pos="X">strijdende</wf>
         <wf lemma="partijen" pos="X">partijen</wf>
         <instance id="d000.s3653.t000" lemma="betwisten" pos="VERB">betwisten</instance>
         <wf lemma="elkaar" pos="X">elkaar</wf>
         <wf lemma="een" pos="X">een</wf>
         <wf lemma="aantal" pos="X">aantal</wf>
         <wf lemma="eilanden" pos="X">eilanden</wf>
         <wf lemma="." pos="X">.</wf>
      </sentence>
      <sentence id="d000.s3654" source="wordnet-dutch">
         <wf lemma="De" pos="X">De</wf>
         <instance id="d000.s3654.t000" lemma="leiding" pos="NOUN">leiding</instance>
         <wf lemma="was" pos="X">was</wf>
         <wf lemma="het" pos="X">het</wf>
         <wf lemma="niet" pos="X">niet</wf>
         <wf lemma="eens" pos="X">eens</wf>
         <wf lemma="met" pos="X">met</wf>
         <wf lemma="elkaar" pos="X">elkaar</wf>
         <wf lemma="." pos="X">.</wf>
      </sentence>
      <sentence id="d000.s3655" source="wordnet-dutch">
         <wf lemma="de" pos="X">de</wf>
         <wf lemma="media" pos="X">media</wf>
         <wf lemma="hebben" pos="X">hebben</wf>
         <wf lemma="hem" pos="X">hem</wf>
         <wf lemma="in" pos="X">in</wf>
         <wf lemma="het" pos="X">het</wf>
         <wf lemma="verleden" pos="X">verleden</wf>
         <wf lemma="met" pos="X">met</wf>
         <wf lemma="verschillende" pos="X">verschillende</wf>
         <wf lemma="eretitels" pos="X">eretitels</wf>
         <instance id="d000.s3655.t000" lemma="tooien" pos="VERB">getooid</instance>
         <wf lemma="." pos="X">.</wf>
      </sentence>
      <sentence id="d000.s3656" source="wordnet-dutch">
         <wf lemma="ze" pos="X">ze</wf>
         <wf lemma="hebben" pos="X">hebben</wf>
         <wf lemma="de" pos="X">de</wf>
         <wf lemma="muur" pos="X">muur</wf>
         <wf lemma="tussen" pos="X">tussen</wf>
         <wf lemma="de" pos="X">de</wf>
         <wf lemma="twee" pos="X">twee</wf>
         <wf lemma="gebouwen" pos="X">gebouwen</wf>
         <instance id="d000.s3656.t000" lemma="neerhalen" pos="VERB">neergehaald</instance>
         <wf lemma="." pos="X">.</wf>
      </sentence>
      <sentence id="d000.s3657" source="wordnet-dutch">
         <wf lemma="De" pos="X">De</wf>
         <instance id="d000.s3657.t000" lemma="heer" pos="NOUN">heer</instance>
         <wf lemma="van" pos="X">van</wf>
         <wf lemma="het" pos="X">het</wf>
         <wf lemma="koninkrijk" pos="X">koninkrijk</wf>
         <wf lemma="bezoekt" pos="X">bezoekt</wf>
         <wf lemma="zijn" pos="X">zijn</wf>
         <wf lemma="onderdanen" pos="X">onderdanen</wf>
         <wf lemma="." pos="X">.</wf>
      </sentence>
      <sentence id="d000.s3658" source="wordnet-dutch">
         <wf lemma="de" pos="X">de</wf>
         <wf lemma="lesstof" pos="X">lesstof</wf>
         <wf lemma="wordt" pos="X">wordt</wf>
         <wf lemma="in" pos="X">in</wf>
         <instance id="d000.s3658.t000" lemma="module" pos="NOUN">modules</instance>
         <wf lemma="aangeboden" pos="X">aangeboden</wf>
         <wf lemma="." pos="X">.</wf>
      </sentence>
      <sentence id="d000.s3659" source="wordnet-dutch">
         <wf lemma="voordat" pos="X">voordat</wf>
         <wf lemma="je" pos="X">je</wf>
         <wf lemma="de" pos="X">de</wf>
         <wf lemma="broodjes" pos="X">broodjes</wf>
         <wf lemma="erop" pos="X">erop</wf>
         <wf lemma="legt" pos="X">legt</wf>
         <wf lemma="," pos="X">,</wf>
         <wf lemma="moet" pos="X">moet</wf>
         <wf lemma="je" pos="X">je</wf>
         <wf lemma="even" pos="X">even</wf>
         <wf lemma="de" pos="X">de</wf>
         <instance id="d000.s3659.t000" lemma="ovenplaat" pos="NOUN">ovenplaat</instance>
         <wf lemma="invetten" pos="X">invetten</wf>
         <wf lemma="." pos="X">.</wf>
      </sentence>
      <sentence id="d000.s3660" source="wordnet-dutch">
         <wf lemma="in" pos="X">in</wf>
         <wf lemma="de" pos="X">de</wf>
         <instance id="d000.s3660.t000" lemma="pauze" pos="NOUN">pauze</instance>
         <wf lemma="is" pos="X">is</wf>
         <wf lemma="er" pos="X">er</wf>
         <wf lemma="volop" pos="X">volop</wf>
         <wf lemma="koffie" pos="X">koffie</wf>
         <wf lemma="en" pos="X">en</wf>
         <wf lemma="thee" pos="X">thee</wf>
         <wf lemma="verkrijgbaar" pos="X">verkrijgbaar</wf>
         <wf lemma="." pos="X">.</wf>
      </sentence>
      <sentence id="d000.s3661" source="wordnet-dutch">
         <wf lemma="ze" pos="X">ze</wf>
         <wf lemma="willen" pos="X">willen</wf>
         <wf lemma="hun" pos="X">hun</wf>
         <wf lemma="samenwerking" pos="X">samenwerking</wf>
         <wf lemma="met" pos="X">met</wf>
         <wf lemma="de" pos="X">de</wf>
         <wf lemma="openbare" pos="X">openbare</wf>
         <wf lemma="omroep" pos="X">omroep</wf>
         <instance id="d000.s3661.t000" lemma="bestendigen" pos="VERB">bestendigen</instance>
         <wf lemma="." pos="X">.</wf>
      </sentence>
      <sentence id="d000.s3662" source="wordnet-dutch">
         <wf lemma="nou" pos="X">nou</wf>
         <wf lemma="heb" pos="X">heb</wf>
         <wf lemma="ik" pos="X">ik</wf>
         <wf lemma="hier" pos="X">hier</wf>
         <wf lemma="geloof" pos="X">geloof</wf>
         <wf lemma="ik" pos="X">ik</wf>
         <wf lemma="nog" pos="X">nog</wf>
         <wf lemma="ergens" pos="X">ergens</wf>
         <wf lemma="een" pos="X">een</wf>
         <wf lemma="oude" pos="X">oude</wf>
         <wf lemma="roeispaan" pos="X">roeispaan</wf>
         <instance id="d000.s3662.t000" lemma="liggen" pos="VERB">liggen</instance>
         <wf lemma="." pos="X">.</wf>
      </sentence>
      <sentence id="d000.s3663" source="wordnet-dutch">
         <wf lemma="een" pos="X">een</wf>
         <instance id="d000.s3663.t000" lemma="parel" pos="NOUN">parel</instance>
         <wf lemma="van" pos="X">van</wf>
         <wf lemma="water" pos="X">water</wf>
         <wf lemma="." pos="X">.</wf>
      </sentence>
      <sentence id="d000.s3664" source="wordnet-dutch">
         <wf lemma="dat" pos="X">dat</wf>
         <wf lemma="boek" pos="X">boek</wf>
         <wf lemma="is" pos="X">is</wf>
         <instance id="d000.s3664.t000" lemma="drukken" pos="VERB">gedrukt</instance>
         <wf lemma="op" pos="X">op</wf>
         <wf lemma="chloorvrij" pos="X">chloorvrij</wf>
         <wf lemma="papier" pos="X">papier</wf>
         <wf lemma="." pos="X">.</wf>
      </sentence>
      <sentence id="d000.s3665" source="wordnet-dutch">
         <wf lemma="De" pos="X">De</wf>
         <wf lemma="stroombron" pos="X">stroombron</wf>
         <wf lemma="genereert" pos="X">genereert</wf>
         <wf lemma="een" pos="X">een</wf>
         <instance id="d000.s3665.t000" lemma="invloed" pos="NOUN">invloed</instance>
         <wf lemma="die" pos="X">die</wf>
         <wf lemma="tot" pos="X">tot</wf>
         <wf lemma="storing" pos="X">storing</wf>
         <wf lemma="leidt" pos="X">leidt</wf>
         <wf lemma="." pos="X">.</wf>
      </sentence>
      <sentence id="d000.s3666" source="wordnet-dutch">
         <wf lemma="Die" pos="X">Die</wf>
         <instance id="d000.s3666.t000" lemma="ei" pos="NOUN">ei</instance>
         <wf lemma="ging" pos="X">ging</wf>
         <wf lemma="gewoon" pos="X">gewoon</wf>
         <wf lemma="de" pos="X">de</wf>
         <wf lemma="verkeerde" pos="X">verkeerde</wf>
         <wf lemma="kant" pos="X">kant</wf>
         <wf lemma="op" pos="X">op</wf>
         <wf lemma="!" pos="X">!</wf>
      </sentence>
      <sentence id="d000.s3667" source="wordnet-dutch">
         <wf lemma="ik" pos="X">ik</wf>
         <wf lemma="zet/plaats" pos="X">zet/plaats</wf>
         <wf lemma="een" pos="X">een</wf>
         <instance id="d000.s3667.t000" lemma="advertentie" pos="NOUN">advertentie</instance>
         <wf lemma="in" pos="X">in</wf>
         <wf lemma="de" pos="X">de</wf>
         <wf lemma="krant" pos="X">krant</wf>
         <wf lemma="." pos="X">.</wf>
      </sentence>
      <sentence id="d000.s3668" source="wordnet-dutch">
         <wf lemma="het" pos="X">het</wf>
         <wf lemma="gebied" pos="X">gebied</wf>
         <wf lemma="is" pos="X">is</wf>
         <wf lemma="in" pos="X">in</wf>
         <instance id="d000.s3668.t000" lemma="beheer" pos="NOUN">beheer</instance>
         <wf lemma="bij" pos="X">bij</wf>
         <wf lemma="staatsbosbeheer" pos="X">staatsbosbeheer</wf>
         <wf lemma="." pos="X">.</wf>
      </sentence>
      <sentence id="d000.s3669" source="wordnet-dutch">
         <wf lemma="je" pos="X">je</wf>
         <wf lemma="moet" pos="X">moet</wf>
         <wf lemma="dat" pos="X">dat</wf>
         <wf lemma="ongeluk" pos="X">ongeluk</wf>
         <wf lemma="niet" pos="X">niet</wf>
         <wf lemma="zo" pos="X">zo</wf>
         <instance id="d000.s3669.t000" lemma="dramatiseren" pos="VERB">dramatiseren</instance>
         <wf lemma="," pos="X">,</wf>
         <wf lemma="er" pos="X">er</wf>
         <wf lemma="zijn" pos="X">zijn</wf>
         <wf lemma="niet" pos="X">niet</wf>
         <wf lemma="eens" pos="X">eens</wf>
         <wf lemma="gewonden" pos="X">gewonden</wf>
         <wf lemma="gevallen" pos="X">gevallen</wf>
         <wf lemma="." pos="X">.</wf>
      </sentence>
      <sentence id="d000.s3670" source="wordnet-dutch">
         <wf lemma="bij" pos="X">bij</wf>
         <wf lemma="het" pos="X">het</wf>
         <wf lemma="loket" pos="X">loket</wf>
         <wf lemma="moet" pos="X">moet</wf>
         <wf lemma="je" pos="X">je</wf>
         <wf lemma="eerst" pos="X">eerst</wf>
         <wf lemma="je" pos="X">je</wf>
         <wf lemma="naam" pos="X">naam</wf>
         <wf lemma="en" pos="X">en</wf>
         <wf lemma="geboortedatum" pos="X">geboortedatum</wf>
         <instance id="d000.s3670.t000" lemma="opgeven" pos="VERB">opgeven</instance>
         <wf lemma="." pos="X">.</wf>
      </sentence>
      <sentence id="d000.s3671" source="wordnet-dutch">
         <wf lemma="het" pos="X">het</wf>
         <wf lemma="vuurtje" pos="X">vuurtje</wf>
         <wf lemma="bleef" pos="X">bleef</wf>
         <wf lemma="nog" pos="X">nog</wf>
         <wf lemma="de" pos="X">de</wf>
         <wf lemma="hele" pos="X">hele</wf>
         <wf lemma="avond" pos="X">avond</wf>
         <instance id="d000.s3671.t000" lemma="smeulen" pos="VERB">smeulen</instance>
         <wf lemma="." pos="X">.</wf>
      </sentence>
      <sentence id="d000.s3672" source="wordnet-dutch">
         <wf lemma="deze" pos="X">deze</wf>
         <wf lemma="schoenen" pos="X">schoenen</wf>
         <wf lemma="sluiten" pos="X">sluiten</wf>
         <wf lemma="met" pos="X">met</wf>
         <instance id="d000.s3672.t000" lemma="klittenband" pos="NOUN">klittenband</instance>
         <wf lemma="." pos="X">.</wf>
      </sentence>
      <sentence id="d000.s3673" source="wordnet-dutch">
         <wf lemma="om" pos="X">om</wf>
         <wf lemma="het" pos="X">het</wf>
         <wf lemma="gemiddelde" pos="X">gemiddelde</wf>
         <wf lemma="te" pos="X">te</wf>
         <wf lemma="berekenen" pos="X">berekenen</wf>
         <wf lemma="moet" pos="X">moet</wf>
         <wf lemma="je" pos="X">je</wf>
         <wf lemma="alle" pos="X">alle</wf>
         <wf lemma="bedragen" pos="X">bedragen</wf>
         <instance id="d000.s3673.t000" lemma="optellen" pos="VERB">optellen</instance>
         <wf lemma="en" pos="X">en</wf>
         <wf lemma="die" pos="X">die</wf>
         <wf lemma="som" pos="X">som</wf>
         <wf lemma="delen" pos="X">delen</wf>
         <wf lemma="door" pos="X">door</wf>
         <wf lemma="het" pos="X">het</wf>
         <wf lemma="aantal" pos="X">aantal</wf>
         <wf lemma="deelnemers" pos="X">deelnemers</wf>
         <wf lemma="." pos="X">.</wf>
      </sentence>
      <sentence id="d000.s3674" source="wordnet-dutch">
         <wf lemma="het" pos="X">het</wf>
         <wf lemma="postbedrijf" pos="X">postbedrijf</wf>
         <wf lemma="is" pos="X">is</wf>
         <wf lemma="volledig" pos="X">volledig</wf>
         <instance id="d000.s3674.t000" lemma="automatiseren" pos="VERB">geautomatiseerd</instance>
         <wf lemma="." pos="X">.</wf>
      </sentence>
      <sentence id="d000.s3675" source="wordnet-dutch">
         <wf lemma="in" pos="X">in</wf>
         <wf lemma="dit" pos="X">dit</wf>
         <wf lemma="bos" pos="X">bos</wf>
         <wf lemma="worden" pos="X">worden</wf>
         <wf lemma="veel" pos="X">veel</wf>
         <instance id="d000.s3675.t000" lemma="vogelnest" pos="NOUN">vogelnesten</instance>
         <wf lemma="gebouwd" pos="X">gebouwd</wf>
         <wf lemma="." pos="X">.</wf>
      </sentence>
      <sentence id="d000.s3676" source="wordnet-dutch">
         <wf lemma="Een" pos="X">Een</wf>
         <wf lemma="huis" pos="X">huis</wf>
         <wf lemma="gebouwd" pos="X">gebouwd</wf>
         <wf lemma="uit" pos="X">uit</wf>
         <instance id="d000.s3676.t000" lemma="steen" pos="NOUN">stenen</instance>
         <wf lemma="." pos="X">.</wf>
      </sentence>
      <sentence id="d000.s3677" source="wordnet-dutch">
         <wf lemma="je" pos="X">je</wf>
         <wf lemma="mag" pos="X">mag</wf>
         <wf lemma="je" pos="X">je</wf>
         <wf lemma="niet" pos="X">niet</wf>
         <wf lemma="laten" pos="X">laten</wf>
         <instance id="d000.s3677.t000" lemma="ontmoedigen" pos="VERB">ontmoedigen</instance>
         <wf lemma="door" pos="X">door</wf>
         <wf lemma="zulke" pos="X">zulke</wf>
         <wf lemma="problemen" pos="X">problemen</wf>
         <wf lemma="." pos="X">.</wf>
      </sentence>
      <sentence id="d000.s3678" source="wordnet-dutch">
         <wf lemma="Er" pos="X">Er</wf>
         <wf lemma="zat" pos="X">zat</wf>
         <wf lemma="in" pos="X">in</wf>
         <instance id="d000.s3678.t000" lemma="breuk" pos="NOUN">breuk</instance>
         <wf lemma="in" pos="X">in</wf>
         <wf lemma="het" pos="X">het</wf>
         <wf lemma="houtwerk" pos="X">houtwerk</wf>
         <wf lemma="." pos="X">.</wf>
      </sentence>
      <sentence id="d000.s3679" source="wordnet-dutch">
         <wf lemma="die" pos="X">die</wf>
         <wf lemma="blauwe" pos="X">blauwe</wf>
         <wf lemma="papegaai" pos="X">papegaai</wf>
         <instance id="d000.s3679.t000" lemma="echoën" pos="VERB">echoot</instance>
         <wf lemma="alle" pos="X">alle</wf>
         <wf lemma="scheldwoorden" pos="X">scheldwoorden</wf>
         <wf lemma="." pos="X">.</wf>
      </sentence>
      <sentence id="d000.s3680" source="wordnet-dutch">
         <wf lemma="je" pos="X">je</wf>
         <wf lemma="moet" pos="X">moet</wf>
         <wf lemma="het" pos="X">het</wf>
         <wf lemma="tijdstip" pos="X">tijdstip</wf>
         <wf lemma="van" pos="X">van</wf>
         <wf lemma="de" pos="X">de</wf>
         <wf lemma="vonk" pos="X">vonk</wf>
         <wf lemma="en" pos="X">en</wf>
         <wf lemma="het" pos="X">het</wf>
         <wf lemma="inspuiten" pos="X">inspuiten</wf>
         <wf lemma="van" pos="X">van</wf>
         <wf lemma="de" pos="X">de</wf>
         <wf lemma="brandstof" pos="X">brandstof</wf>
         <wf lemma="op" pos="X">op</wf>
         <wf lemma="elkaar" pos="X">elkaar</wf>
         <instance id="d000.s3680.t000" lemma="afstellen" pos="VERB">afstellen</instance>
         <wf lemma="." pos="X">.</wf>
      </sentence>
      <sentence id="d000.s3681" source="wordnet-dutch">
         <wf lemma="een" pos="X">een</wf>
         <wf lemma="antiterreureenheid" pos="X">antiterreureenheid</wf>
         <wf lemma="van" pos="X">van</wf>
         <wf lemma="de" pos="X">de</wf>
         <wf lemma="politie" pos="X">politie</wf>
         <instance id="d000.s3681.t000" lemma="overmeesteren" pos="VERB">overmeesterde</instance>
         <wf lemma="vanmiddag" pos="X">vanmiddag</wf>
         <wf lemma="de" pos="X">de</wf>
         <wf lemma="kaper" pos="X">kaper</wf>
         <wf lemma="." pos="X">.</wf>
      </sentence>
      <sentence id="d000.s3682" source="wordnet-dutch">
         <wf lemma="ze" pos="X">ze</wf>
         <wf lemma="konden" pos="X">konden</wf>
         <wf lemma="zich" pos="X">zich</wf>
         <wf lemma="wat" pos="X">wat</wf>
         <instance id="d000.s3682.t000" lemma="verwarmen" pos="VERB">verwarmen</instance>
         <wf lemma="aan" pos="X">aan</wf>
         <wf lemma="het" pos="X">het</wf>
         <wf lemma="kampvuur" pos="X">kampvuur</wf>
         <wf lemma="." pos="X">.</wf>
      </sentence>
      <sentence id="d000.s3683" source="wordnet-dutch">
         <wf lemma="zachtjes" pos="X">zachtjes</wf>
         <instance id="d000.s3683.t000" lemma="tikken" pos="VERB">tikt</instance>
         <wf lemma="de" pos="X">de</wf>
         <wf lemma="regen" pos="X">regen</wf>
         <wf lemma="op" pos="X">op</wf>
         <wf lemma="m'n" pos="X">m'n</wf>
         <wf lemma="zolderraam" pos="X">zolderraam</wf>
         <wf lemma="." pos="X">.</wf>
      </sentence>
      <sentence id="d000.s3684" source="wordnet-dutch">
         <wf lemma="de" pos="X">de</wf>
         <wf lemma="kans" pos="X">kans</wf>
         <wf lemma="is" pos="X">is</wf>
         <wf lemma="groot" pos="X">groot</wf>
         <wf lemma="dat" pos="X">dat</wf>
         <wf lemma="het" pos="X">het</wf>
         <wf lemma="op" pos="X">op</wf>
         <wf lemma="verschillende" pos="X">verschillende</wf>
         <wf lemma="plaatsen" pos="X">plaatsen</wf>
         <wf lemma="in" pos="X">in</wf>
         <wf lemma="het" pos="X">het</wf>
         <wf lemma="land" pos="X">land</wf>
         <wf lemma="vandaag" pos="X">vandaag</wf>
         <wf lemma="gaat" pos="X">gaat</wf>
         <instance id="d000.s3684.t000" lemma="onweren" pos="VERB">onweren</instance>
         <wf lemma="." pos="X">.</wf>
      </sentence>
      <sentence id="d000.s3685" source="wordnet-dutch">
         <wf lemma="de" pos="X">de</wf>
         <wf lemma="bouwvakkers" pos="X">bouwvakkers</wf>
         <instance id="d000.s3685.t000" lemma="staken" pos="VERB">staakten</instance>
         <wf lemma="het" pos="X">het</wf>
         <wf lemma="werk" pos="X">werk</wf>
         <wf lemma="om" pos="X">om</wf>
         <wf lemma="een" pos="X">een</wf>
         <wf lemma="sigaretje" pos="X">sigaretje</wf>
         <wf lemma="te" pos="X">te</wf>
         <wf lemma="roken" pos="X">roken</wf>
         <wf lemma="." pos="X">.</wf>
      </sentence>
      <sentence id="d000.s3686" source="wordnet-dutch">
         <wf lemma="met" pos="X">met</wf>
         <wf lemma="grote/ongekende" pos="X">grote/ongekende</wf>
         <instance id="d000.s3686.t000" lemma="felheid" pos="NOUN">felheid</instance>
         <wf lemma="trokken" pos="X">trokken</wf>
         <wf lemma="de" pos="X">de</wf>
         <wf lemma="hockeydames" pos="X">hockeydames</wf>
         <wf lemma="van" pos="X">van</wf>
         <wf lemma="leer" pos="X">leer</wf>
         <wf lemma="." pos="X">.</wf>
      </sentence>
      <sentence id="d000.s3687" source="wordnet-dutch">
         <wf lemma="in" pos="X">in</wf>
         <wf lemma="een" pos="X">een</wf>
         <instance id="d000.s3687.t000" lemma="flits" pos="NOUN">flits</instance>
         <wf lemma="herinnerde" pos="X">herinnerde</wf>
         <wf lemma="hij" pos="X">hij</wf>
         <wf lemma="zich" pos="X">zich</wf>
         <wf lemma="het" pos="X">het</wf>
         <wf lemma="huisnummer" pos="X">huisnummer</wf>
         <wf lemma="." pos="X">.</wf>
      </sentence>
      <sentence id="d000.s3688" source="wordnet-dutch">
         <wf lemma="zich" pos="X">zich</wf>
         <wf lemma="in" pos="X">in</wf>
         <wf lemma="zijn" pos="X">zijn</wf>
         <wf lemma="volle" pos="X">volle</wf>
         <instance id="d000.s3688.t000" lemma="lengte" pos="NOUN">lengte</instance>
         <wf lemma="uitstrekken/oprichten" pos="X">uitstrekken/oprichten</wf>
         <wf lemma="." pos="X">.</wf>
      </sentence>
      <sentence id="d000.s3689" source="wordnet-dutch">
         <wf lemma="de" pos="X">de</wf>
         <wf lemma="zon" pos="X">zon</wf>
         <instance id="d000.s3689.t000" lemma="rijzen" pos="VERB">rees</instance>
         <wf lemma="boven" pos="X">boven</wf>
         <wf lemma="de" pos="X">de</wf>
         <wf lemma="horizon" pos="X">horizon</wf>
         <wf lemma="." pos="X">.</wf>
      </sentence>
      <sentence id="d000.s3690" source="wordnet-dutch">
         <wf lemma="de" pos="X">de</wf>
         <wf lemma="zolder" pos="X">zolder</wf>
         <instance id="d000.s3690.t000" lemma="herbergen" pos="VERB">herbergt</instance>
         <wf lemma="een" pos="X">een</wf>
         <wf lemma="enorme" pos="X">enorme</wf>
         <wf lemma="partij" pos="X">partij</wf>
         <wf lemma="sloophout" pos="X">sloophout</wf>
         <wf lemma="." pos="X">.</wf>
      </sentence>
      <sentence id="d000.s3691" source="wordnet-dutch">
         <wf lemma="de" pos="X">de</wf>
         <wf lemma="wereldkampioen" pos="X">wereldkampioen</wf>
         <wf lemma="was" pos="X">was</wf>
         <wf lemma="niet" pos="X">niet</wf>
         <wf lemma="meer" pos="X">meer</wf>
         <wf lemma="te" pos="X">te</wf>
         <instance id="d000.s3691.t000" lemma="stuiten" pos="VERB">stuiten</instance>
         <wf lemma="." pos="X">.</wf>
      </sentence>
      <sentence id="d000.s3692" source="wordnet-dutch">
         <wf lemma="er" pos="X">er</wf>
         <wf lemma="wordt" pos="X">wordt</wf>
         <wf lemma="hierover" pos="X">hierover</wf>
         <wf lemma="meer" pos="X">meer</wf>
         <wf lemma="duidelijkheid" pos="X">duidelijkheid</wf>
         <wf lemma="verwacht" pos="X">verwacht</wf>
         <wf lemma="bij" pos="X">bij</wf>
         <wf lemma="de" pos="X">de</wf>
         <instance id="d000.s3692.t000" lemma="follow-up" pos="NOUN">follow-up</instance>
         <wf lemma="van" pos="X">van</wf>
         <wf lemma="de" pos="X">de</wf>
         <wf lemma="conferentie" pos="X">conferentie</wf>
         <wf lemma="in" pos="X">in</wf>
         <wf lemma="augustus" pos="X">augustus</wf>
         <wf lemma="." pos="X">.</wf>
      </sentence>
      <sentence id="d000.s3693" source="wordnet-dutch">
         <wf lemma="ik" pos="X">ik</wf>
         <wf lemma="heb" pos="X">heb</wf>
         <wf lemma="de" pos="X">de</wf>
         <wf lemma="piano" pos="X">piano</wf>
         <wf lemma="van" pos="X">van</wf>
         <wf lemma="plaats" pos="X">plaats</wf>
         <instance id="d000.s3693.t000" lemma="veranderen" pos="VERB">veranderd</instance>
         <wf lemma="." pos="X">.</wf>
      </sentence>
      <sentence id="d000.s3694" source="wordnet-dutch">
         <wf lemma="de" pos="X">de</wf>
         <wf lemma="overheid" pos="X">overheid</wf>
         <wf lemma="ziet" pos="X">ziet</wf>
         <wf lemma="erop" pos="X">erop</wf>
         <wf lemma="toe" pos="X">toe</wf>
         <wf lemma="dat" pos="X">dat</wf>
         <wf lemma="de" pos="X">de</wf>
         <instance id="d000.s3694.t000" lemma="kadaver" pos="NOUN">kadavers</instance>
         <wf lemma="vernietigd" pos="X">vernietigd</wf>
         <wf lemma="worden" pos="X">worden</wf>
         <wf lemma="." pos="X">.</wf>
      </sentence>
      <sentence id="d000.s3695" source="wordnet-dutch">
         <wf lemma="hij" pos="X">hij</wf>
         <wf lemma="stond" pos="X">stond</wf>
         <wf lemma="te" pos="X">te</wf>
         <instance id="d000.s3695.t000" lemma="roepen" pos="VERB">roepen</instance>
         <wf lemma="en" pos="X">en</wf>
         <wf lemma="te" pos="X">te</wf>
         <wf lemma="tieren" pos="X">tieren</wf>
         <wf lemma="." pos="X">.</wf>
      </sentence>
      <sentence id="d000.s3696" source="wordnet-dutch">
         <wf lemma="dat" pos="X">dat</wf>
         <wf lemma="plantje" pos="X">plantje</wf>
         <wf lemma="heeft" pos="X">heeft</wf>
         <wf lemma="de" pos="X">de</wf>
         <wf lemma="winter" pos="X">winter</wf>
         <wf lemma="niet" pos="X">niet</wf>
         <instance id="d000.s3696.t000" lemma="overleven" pos="VERB">overleefd</instance>
         <wf lemma="." pos="X">.</wf>
      </sentence>
      <sentence id="d000.s3697" source="wordnet-dutch">
         <wf lemma="deze" pos="X">deze</wf>
         <wf lemma="onverwachte" pos="X">onverwachte</wf>
         <wf lemma="gebeurtenis" pos="X">gebeurtenis</wf>
         <instance id="d000.s3697.t000" lemma="scheppen" pos="VERB">schept</instance>
         <wf lemma="nieuwe" pos="X">nieuwe</wf>
         <wf lemma="mogelijkheden" pos="X">mogelijkheden</wf>
         <wf lemma="." pos="X">.</wf>
      </sentence>
      <sentence id="d000.s3698" source="wordnet-dutch">
         <wf lemma="de" pos="X">de</wf>
         <wf lemma="regering" pos="X">regering</wf>
         <wf lemma="heeft" pos="X">heeft</wf>
         <wf lemma="onmiddellijk" pos="X">onmiddellijk</wf>
         <wf lemma="de" pos="X">de</wf>
         <wf lemma="subsidies" pos="X">subsidies</wf>
         <wf lemma="voor" pos="X">voor</wf>
         <wf lemma="die" pos="X">die</wf>
         <wf lemma="film" pos="X">film</wf>
         <instance id="d000.s3698.t000" lemma="intrekken" pos="VERB">ingetrokken</instance>
         <wf lemma="." pos="X">.</wf>
      </sentence>
      <sentence id="d000.s3699" source="wordnet-dutch">
         <wf lemma="ik" pos="X">ik</wf>
         <wf lemma="blijf" pos="X">blijf</wf>
         <wf lemma="vandaag" pos="X">vandaag</wf>
         <wf lemma="wat" pos="X">wat</wf>
         <wf lemma="langer" pos="X">langer</wf>
         <wf lemma="," pos="X">,</wf>
         <wf lemma="want" pos="X">want</wf>
         <wf lemma="ik" pos="X">ik</wf>
         <wf lemma="moet" pos="X">moet</wf>
         <wf lemma="nog" pos="X">nog</wf>
         <wf lemma="wat" pos="X">wat</wf>
         <wf lemma="werk" pos="X">werk</wf>
         <wf lemma="van" pos="X">van</wf>
         <wf lemma="gisteren" pos="X">gisteren</wf>
         <instance id="d000.s3699.t000" lemma="inhalen" pos="VERB">inhalen</instance>
         <wf lemma="." pos="X">.</wf>
      </sentence>
      <sentence id="d000.s3700" source="wordnet-dutch">
         <wf lemma="die" pos="X">die</wf>
         <wf lemma="kleuren" pos="X">kleuren</wf>
         <wf lemma="zijn" pos="X">zijn</wf>
         <wf lemma="goed" pos="X">goed</wf>
         <wf lemma="op" pos="X">op</wf>
         <wf lemma="elkaar" pos="X">elkaar</wf>
         <instance id="d000.s3700.t000" lemma="afstemmen" pos="VERB">afgestemd</instance>
         <wf lemma="." pos="X">.</wf>
      </sentence>
      <sentence id="d000.s3701" source="wordnet-dutch">
         <wf lemma="hij" pos="X">hij</wf>
         <wf lemma="viel" pos="X">viel</wf>
         <wf lemma="van" pos="X">van</wf>
         <wf lemma="zijn" pos="X">zijn</wf>
         <wf lemma="fiets" pos="X">fiets</wf>
         <wf lemma="en" pos="X">en</wf>
         <wf lemma="kwam" pos="X">kwam</wf>
         <wf lemma="met" pos="X">met</wf>
         <wf lemma="een" pos="X">een</wf>
         <instance id="d000.s3701.t000" lemma="smak" pos="NOUN">smak</instance>
         <wf lemma="neer" pos="X">neer</wf>
         <wf lemma="op" pos="X">op</wf>
         <wf lemma="de" pos="X">de</wf>
         <wf lemma="grond" pos="X">grond</wf>
         <wf lemma="." pos="X">.</wf>
      </sentence>
      <sentence id="d000.s3702" source="wordnet-dutch">
         <wf lemma="dat" pos="X">dat</wf>
         <wf lemma="wekt" pos="X">wekt</wf>
         <wf lemma="de" pos="X">de</wf>
         <instance id="d000.s3702.t000" lemma="indruk" pos="NOUN">indruk</instance>
         <wf lemma="dat" pos="X">dat</wf>
         <wf lemma="je" pos="X">je</wf>
         <wf lemma="er" pos="X">er</wf>
         <wf lemma="eigenlijk" pos="X">eigenlijk</wf>
         <wf lemma="geen" pos="X">geen</wf>
         <wf lemma="zin" pos="X">zin</wf>
         <wf lemma="in" pos="X">in</wf>
         <wf lemma="hebt" pos="X">hebt</wf>
         <wf lemma="." pos="X">.</wf>
      </sentence>
      <sentence id="d000.s3703" source="wordnet-dutch">
         <wf lemma="heeft" pos="X">heeft</wf>
         <wf lemma="hij" pos="X">hij</wf>
         <wf lemma="je" pos="X">je</wf>
         <wf lemma="dan" pos="X">dan</wf>
         <wf lemma="geen" pos="X">geen</wf>
         <instance id="d000.s3703.t000" lemma="ansichtkaart" pos="NOUN">ansichtkaart</instance>
         <wf lemma="geschreven" pos="X">geschreven</wf>
         <wf lemma="?" pos="X">?</wf>
      </sentence>
      <sentence id="d000.s3704" source="wordnet-dutch">
         <wf lemma="nou" pos="X">nou</wf>
         <wf lemma="," pos="X">,</wf>
         <wf lemma="de" pos="X">de</wf>
         <instance id="d000.s3704.t000" lemma="mazzel" pos="NOUN">mazzel</instance>
         <wf lemma="," pos="X">,</wf>
         <wf lemma="hè" pos="X">hè</wf>
         <wf lemma="!" pos="X">!</wf>
      </sentence>
      <sentence id="d000.s3705" source="wordnet-dutch">
         <wf lemma="duizenden" pos="X">duizenden</wf>
         <wf lemma="separatistische" pos="X">separatistische</wf>
         <instance id="d000.s3705.t000" lemma="verzetsstrijder" pos="NOUN">verzetsstrijders</instance>
         <wf lemma="werden" pos="X">werden</wf>
         <wf lemma="aangehouden/gearresteerd/gefusilleerd" pos="X">aangehouden/gearresteerd/gefusilleerd</wf>
         <wf lemma="." pos="X">.</wf>
      </sentence>
      <sentence id="d000.s3706" source="wordnet-dutch">
         <wf lemma="Als" pos="X">Als</wf>
         <wf lemma="u" pos="X">u</wf>
         <wf lemma="bij" pos="X">bij</wf>
         <wf lemma="een" pos="X">een</wf>
         <wf lemma="jager" pos="X">jager</wf>
         <wf lemma="aan" pos="X">aan</wf>
         <instance id="d000.s3706.t000" lemma="zweet" pos="NOUN">zweet</instance>
         <wf lemma="van" pos="X">van</wf>
         <wf lemma="wild" pos="X">wild</wf>
         <wf lemma="of" pos="X">of</wf>
         <wf lemma="geweide" pos="X">geweide</wf>
         <wf lemma="(" pos="X">(</wf>
         <wf lemma="ingewanden" pos="X">ingewanden</wf>
         <wf lemma=")" pos="X">)</wf>
         <wf lemma="kunt" pos="X">kunt</wf>
         <wf lemma="komen" pos="X">komen</wf>
         <wf lemma="," pos="X">,</wf>
         <wf lemma="is" pos="X">is</wf>
         <wf lemma="dat" pos="X">dat</wf>
         <wf lemma="zeer" pos="X">zeer</wf>
         <wf lemma="goed" pos="X">goed</wf>
         <wf lemma="bruikbaar" pos="X">bruikbaar</wf>
         <wf lemma="." pos="X">.</wf>
      </sentence>
      <sentence id="d000.s3707" source="wordnet-dutch">
         <wf lemma="door" pos="X">door</wf>
         <wf lemma="zijn" pos="X">zijn</wf>
         <wf lemma="botheid" pos="X">botheid</wf>
         <wf lemma="ben" pos="X">ben</wf>
         <wf lemma="ik" pos="X">ik</wf>
         <wf lemma="voorgoed" pos="X">voorgoed</wf>
         <wf lemma="van" pos="X">van</wf>
         <wf lemma="m'n" pos="X">m'n</wf>
         <wf lemma="verliefdheid" pos="X">verliefdheid</wf>
         <wf lemma="op" pos="X">op</wf>
         <wf lemma="hem" pos="X">hem</wf>
         <instance id="d000.s3707.t000" lemma="genezen" pos="VERB">genezen</instance>
         <wf lemma="." pos="X">.</wf>
      </sentence>
      <sentence id="d000.s3708" source="wordnet-dutch">
         <wf lemma="dé" pos="X">dé</wf>
         <instance id="d000.s3708.t000" lemma="klapper" pos="NOUN">klapper</instance>
         <wf lemma="van" pos="X">van</wf>
         <wf lemma="de" pos="X">de</wf>
         <wf lemma="avond" pos="X">avond</wf>
         <wf lemma="was" pos="X">was</wf>
         <wf lemma="het" pos="X">het</wf>
         <wf lemma="optreden" pos="X">optreden</wf>
         <wf lemma="van" pos="X">van</wf>
         <wf lemma="..." pos="X">...</wf>
      </sentence>
      <sentence id="d000.s3709" source="wordnet-dutch">
         <wf lemma="hoe" pos="X">hoe</wf>
         <wf lemma="heb" pos="X">heb</wf>
         <wf lemma="je" pos="X">je</wf>
         <wf lemma="je" pos="X">je</wf>
         <wf lemma="zoon" pos="X">zoon</wf>
         <wf lemma="ertoe" pos="X">ertoe</wf>
         <wf lemma="weten" pos="X">weten</wf>
         <wf lemma="te" pos="X">te</wf>
         <instance id="d000.s3709.t000" lemma="brengen" pos="VERB">brengen</instance>
         <wf lemma="zijn" pos="X">zijn</wf>
         <wf lemma="kamer" pos="X">kamer</wf>
         <wf lemma="op" pos="X">op</wf>
         <wf lemma="te" pos="X">te</wf>
         <wf lemma="ruimen" pos="X">ruimen</wf>
         <wf lemma="?" pos="X">?</wf>
      </sentence>
      <sentence id="d000.s3710" source="wordnet-dutch">
         <wf lemma="dat" pos="X">dat</wf>
         <wf lemma="heb" pos="X">heb</wf>
         <wf lemma="ik" pos="X">ik</wf>
         <wf lemma="sinds" pos="X">sinds</wf>
         <wf lemma="kort" pos="X">kort</wf>
         <wf lemma="in" pos="X">in</wf>
         <instance id="d000.s3710.t000" lemma="eigendom" pos="NOUN">eigendom</instance>
         <wf lemma="." pos="X">.</wf>
      </sentence>
      <sentence id="d000.s3711" source="wordnet-dutch">
         <wf lemma="de" pos="X">de</wf>
         <wf lemma="boeren" pos="X">boeren</wf>
         <wf lemma="gebruiken" pos="X">gebruiken</wf>
         <wf lemma="teveel" pos="X">teveel</wf>
         <instance id="d000.s3711.t000" lemma="kunstmest" pos="NOUN">kunstmest</instance>
         <wf lemma="." pos="X">.</wf>
      </sentence>
      <sentence id="d000.s3712" source="wordnet-dutch">
         <wf lemma="De" pos="X">De</wf>
         <wf lemma="boer" pos="X">boer</wf>
         <wf lemma="verspreid" pos="X">verspreid</wf>
         <wf lemma="de" pos="X">de</wf>
         <instance id="d000.s3712.t000" lemma="aal" pos="NOUN">aal</instance>
         <wf lemma="over" pos="X">over</wf>
         <wf lemma="zijn" pos="X">zijn</wf>
         <wf lemma="land" pos="X">land</wf>
         <wf lemma="." pos="X">.</wf>
      </sentence>
      <sentence id="d000.s3713" source="wordnet-dutch">
         <wf lemma="op" pos="X">op</wf>
         <wf lemma="elke" pos="X">elke</wf>
         <wf lemma="kaart" pos="X">kaart</wf>
         <wf lemma="staat" pos="X">staat</wf>
         <wf lemma="aangegeven" pos="X">aangegeven</wf>
         <wf lemma="hoe" pos="X">hoe</wf>
         <wf lemma="je" pos="X">je</wf>
         <wf lemma="die" pos="X">die</wf>
         <wf lemma="in" pos="X">in</wf>
         <wf lemma="de" pos="X">de</wf>
         <instance id="d000.s3713.t000" lemma="gleuf" pos="NOUN">gleuf</instance>
         <wf lemma="van" pos="X">van</wf>
         <wf lemma="de" pos="X">de</wf>
         <wf lemma="telefoon" pos="X">telefoon</wf>
         <wf lemma="moet" pos="X">moet</wf>
         <wf lemma="steken" pos="X">steken</wf>
         <wf lemma="." pos="X">.</wf>
      </sentence>
      <sentence id="d000.s3714" source="wordnet-dutch">
         <wf lemma="in" pos="X">in</wf>
         <wf lemma="de" pos="X">de</wf>
         <wf lemma="vergaderzaal" pos="X">vergaderzaal</wf>
         <wf lemma="wordt" pos="X">wordt</wf>
         <wf lemma="er" pos="X">er</wf>
         <wf lemma="op" pos="X">op</wf>
         <wf lemma="dit" pos="X">dit</wf>
         <wf lemma="moment" pos="X">moment</wf>
         <instance id="d000.s3714.t000" lemma="confereren" pos="VERB">geconfereerd</instance>
         <wf lemma="over" pos="X">over</wf>
         <wf lemma="mogelijke" pos="X">mogelijke</wf>
         <wf lemma="vernieuwingen" pos="X">vernieuwingen</wf>
         <wf lemma="." pos="X">.</wf>
      </sentence>
      <sentence id="d000.s3715" source="wordnet-dutch">
         <wf lemma="ik" pos="X">ik</wf>
         <wf lemma="hecht" pos="X">hecht</wf>
         <instance id="d000.s3715.t000" lemma="belang" pos="NOUN">belang</instance>
         <wf lemma="aan" pos="X">aan</wf>
         <wf lemma="correct" pos="X">correct</wf>
         <wf lemma="taalgebruik" pos="X">taalgebruik</wf>
         <wf lemma="." pos="X">.</wf>
      </sentence>
      <sentence id="d000.s3716" source="wordnet-dutch">
         <wf lemma="de" pos="X">de</wf>
         <wf lemma="fractie" pos="X">fractie</wf>
         <wf lemma="van" pos="X">van</wf>
         <wf lemma="D66" pos="X">D66</wf>
         <instance id="d000.s3716.t000" lemma="ondersteunen" pos="VERB">ondersteunde</instance>
         <wf lemma="het" pos="X">het</wf>
         <wf lemma="voorstel" pos="X">voorstel</wf>
         <wf lemma="van" pos="X">van</wf>
         <wf lemma="de" pos="X">de</wf>
         <wf lemma="minister" pos="X">minister</wf>
         <wf lemma="." pos="X">.</wf>
      </sentence>
      <sentence id="d000.s3717" source="wordnet-dutch">
         <wf lemma="er" pos="X">er</wf>
         <wf lemma="stond" pos="X">stond</wf>
         <wf lemma="een" pos="X">een</wf>
         <wf lemma="flinke" pos="X">flinke</wf>
         <instance id="d000.s3717.t000" lemma="bries" pos="NOUN">bries</instance>
         <wf lemma="over" pos="X">over</wf>
         <wf lemma="het" pos="X">het</wf>
         <wf lemma="meer" pos="X">meer</wf>
         <wf lemma="." pos="X">.</wf>
      </sentence>
      <sentence id="d000.s3718" source="wordnet-dutch">
         <wf lemma="zoek" pos="X">zoek</wf>
         <wf lemma="je" pos="X">je</wf>
         <wf lemma="Hennie" pos="X">Hennie</wf>
         <wf lemma="," pos="X">,</wf>
         <wf lemma="die" pos="X">die</wf>
         <wf lemma="zit/is" pos="X">zit/is</wf>
         <wf lemma="nog" pos="X">nog</wf>
         <wf lemma="in" pos="X">in</wf>
         <wf lemma="de" pos="X">de</wf>
         <instance id="d000.s3718.t000" lemma="kleedkamer" pos="NOUN">kleedkamer</instance>
         <wf lemma="." pos="X">.</wf>
      </sentence>
      <sentence id="d000.s3719" source="wordnet-dutch">
         <wf lemma="jij" pos="X">jij</wf>
         <wf lemma="bent" pos="X">bent</wf>
         <wf lemma="jong" pos="X">jong</wf>
         <wf lemma="," pos="X">,</wf>
         <wf lemma="je" pos="X">je</wf>
         <wf lemma="hebt" pos="X">hebt</wf>
         <wf lemma="nog" pos="X">nog</wf>
         <instance id="d000.s3719.t000" lemma="illusie" pos="NOUN">illusies</instance>
         <wf lemma="." pos="X">.</wf>
      </sentence>
      <sentence id="d000.s3720" source="wordnet-dutch">
         <wf lemma="de" pos="X">de</wf>
         <wf lemma="Wiener" pos="X">Wiener</wf>
         <wf lemma="Philharmoniker" pos="X">Philharmoniker</wf>
         <wf lemma="onder" pos="X">onder</wf>
         <instance id="d000.s3720.t000" lemma="leiding" pos="NOUN">leiding</instance>
         <wf lemma="van" pos="X">van</wf>
         <wf lemma="Herbert" pos="X">Herbert</wf>
         <wf lemma="von" pos="X">von</wf>
         <wf lemma="Karajan" pos="X">Karajan</wf>
         <wf lemma="." pos="X">.</wf>
      </sentence>
      <sentence id="d000.s3721" source="wordnet-dutch">
         <wf lemma="je" pos="X">je</wf>
         <wf lemma="moet" pos="X">moet</wf>
         <wf lemma="het" pos="X">het</wf>
         <wf lemma="drankmisbruik" pos="X">drankmisbruik</wf>
         <wf lemma="niet" pos="X">niet</wf>
         <instance id="d000.s3721.t000" lemma="aanmoedigen" pos="VERB">aanmoedigen</instance>
         <wf lemma="." pos="X">.</wf>
      </sentence>
      <sentence id="d000.s3722" source="wordnet-dutch">
         <wf lemma="bij" pos="X">bij</wf>
         <wf lemma="zijn" pos="X">zijn</wf>
         <wf lemma="afscheid" pos="X">afscheid</wf>
         <wf lemma="kreeg" pos="X">kreeg</wf>
         <wf lemma="hij" pos="X">hij</wf>
         <wf lemma="een" pos="X">een</wf>
         <wf lemma="horloge" pos="X">horloge</wf>
         <wf lemma="met" pos="X">met</wf>
         <instance id="d000.s3722.t000" lemma="inscriptie" pos="NOUN">inscriptie</instance>
         <wf lemma="." pos="X">.</wf>
      </sentence>
      <sentence id="d000.s3723" source="wordnet-dutch">
         <wf lemma="ga" pos="X">ga</wf>
         <wf lemma="jij" pos="X">jij</wf>
         <wf lemma="eens" pos="X">eens</wf>
         <wf lemma="uit" pos="X">uit</wf>
         <wf lemma="de" pos="X">de</wf>
         <instance id="d000.s3723.t000" lemma="weg" pos="NOUN">weg</instance>
         <wf lemma="!" pos="X">!</wf>
      </sentence>
      <sentence id="d000.s3724" source="wordnet-dutch">
         <wf lemma="ik" pos="X">ik</wf>
         <wf lemma="denk" pos="X">denk</wf>
         <wf lemma="niet" pos="X">niet</wf>
         <wf lemma="dat" pos="X">dat</wf>
         <wf lemma="de" pos="X">de</wf>
         <wf lemma="knoop" pos="X">knoop</wf>
         <wf lemma="in" pos="X">in</wf>
         <wf lemma="het" pos="X">het</wf>
         <wf lemma="touw" pos="X">touw</wf>
         <instance id="d000.s3724.t000" lemma="houden" pos="VERB">houdt</instance>
         <wf lemma="." pos="X">.</wf>
      </sentence>
      <sentence id="d000.s3725" source="wordnet-dutch">
         <wf lemma="hij" pos="X">hij</wf>
         <wf lemma="stond" pos="X">stond</wf>
         <wf lemma="maar" pos="X">maar</wf>
         <wf lemma="te" pos="X">te</wf>
         <instance id="d000.s3725.t000" lemma="razen" pos="VERB">razen</instance>
         <wf lemma="en" pos="X">en</wf>
         <wf lemma="te" pos="X">te</wf>
         <wf lemma="tieren" pos="X">tieren</wf>
         <wf lemma="." pos="X">.</wf>
      </sentence>
      <sentence id="d000.s3726" source="wordnet-dutch">
         <wf lemma="sinds" pos="X">sinds</wf>
         <wf lemma="ik" pos="X">ik</wf>
         <wf lemma="met" pos="X">met</wf>
         <instance id="d000.s3726.t000" lemma="pensioen" pos="NOUN">pensioen</instance>
         <wf lemma="ben" pos="X">ben</wf>
         <wf lemma="," pos="X">,</wf>
         <wf lemma="beschik" pos="X">beschik</wf>
         <wf lemma="over" pos="X">over</wf>
         <wf lemma="zeeën" pos="X">zeeën</wf>
         <wf lemma="van" pos="X">van</wf>
         <wf lemma="tijd" pos="X">tijd</wf>
         <wf lemma="." pos="X">.</wf>
      </sentence>
      <sentence id="d000.s3727" source="wordnet-dutch">
         <wf lemma="hij" pos="X">hij</wf>
         <wf lemma="neemt" pos="X">neemt</wf>
         <wf lemma="het" pos="X">het</wf>
         <wf lemma="nieuws" pos="X">nieuws</wf>
         <wf lemma="op" pos="X">op</wf>
         <wf lemma="de" pos="X">de</wf>
         <instance id="d000.s3727.t000" lemma="band" pos="NOUN">band</instance>
         <wf lemma="op" pos="X">op</wf>
         <wf lemma="." pos="X">.</wf>
      </sentence>
      <sentence id="d000.s3728" source="wordnet-dutch">
         <wf lemma="er" pos="X">er</wf>
         <wf lemma="hangt" pos="X">hangt</wf>
         <wf lemma="een" pos="X">een</wf>
         <wf lemma="grijze" pos="X">grijze</wf>
         <instance id="d000.s3728.t000" lemma="walm" pos="NOUN">walm</instance>
         <wf lemma="over" pos="X">over</wf>
         <wf lemma="de" pos="X">de</wf>
         <wf lemma="stad" pos="X">stad</wf>
         <wf lemma="." pos="X">.</wf>
      </sentence>
      <sentence id="d000.s3729" source="wordnet-dutch">
         <wf lemma="de" pos="X">de</wf>
         <wf lemma="bak" pos="X">bak</wf>
         <wf lemma="van" pos="X">van</wf>
         <wf lemma="de" pos="X">de</wf>
         <wf lemma="wagen" pos="X">wagen</wf>
         <instance id="d000.s3729.t000" lemma="hangen" pos="VERB">hangt</instance>
         <wf lemma="op" pos="X">op</wf>
         <wf lemma="veren" pos="X">veren</wf>
         <wf lemma="." pos="X">.</wf>
      </sentence>
      <sentence id="d000.s3730" source="wordnet-dutch">
         <wf lemma="de" pos="X">de</wf>
         <wf lemma="komende" pos="X">komende</wf>
         <wf lemma="dagen" pos="X">dagen</wf>
         <wf lemma="wordt" pos="X">wordt</wf>
         <wf lemma="het" pos="X">het</wf>
         <wf lemma="weer" pos="X">weer</wf>
         <wf lemma="in" pos="X">in</wf>
         <wf lemma="ons" pos="X">ons</wf>
         <wf lemma="land" pos="X">land</wf>
         <wf lemma="bepaald" pos="X">bepaald</wf>
         <wf lemma="door" pos="X">door</wf>
         <wf lemma="een" pos="X">een</wf>
         <instance id="d000.s3730.t000" lemma="lagedrukgebied" pos="NOUN">lagedrukgebied</instance>
         <wf lemma="boven" pos="X">boven</wf>
         <wf lemma="West-Europa" pos="X">West-Europa</wf>
         <wf lemma="." pos="X">.</wf>
      </sentence>
      <sentence id="d000.s3731" source="wordnet-dutch">
         <wf lemma="hij" pos="X">hij</wf>
         <wf lemma="heeft" pos="X">heeft</wf>
         <wf lemma="haar" pos="X">haar</wf>
         <wf lemma="van" pos="X">van</wf>
         <wf lemma="zijn" pos="X">zijn</wf>
         <wf lemma="gelijk" pos="X">gelijk</wf>
         <wf lemma="weten" pos="X">weten</wf>
         <wf lemma="te" pos="X">te</wf>
         <instance id="d000.s3731.t000" lemma="overtuigen" pos="VERB">overtuigen</instance>
         <wf lemma="." pos="X">.</wf>
      </sentence>
      <sentence id="d000.s3732" source="wordnet-dutch">
         <wf lemma="we" pos="X">we</wf>
         <wf lemma="kunnen" pos="X">kunnen</wf>
         <wf lemma="die" pos="X">die</wf>
         <wf lemma="apparaten" pos="X">apparaten</wf>
         <wf lemma="ook" pos="X">ook</wf>
         <wf lemma="aan" pos="X">aan</wf>
         <wf lemma="huis" pos="X">huis</wf>
         <instance id="d000.s3732.t000" lemma="leveren" pos="VERB">leveren</instance>
         <wf lemma="." pos="X">.</wf>
      </sentence>
      <sentence id="d000.s3733" source="wordnet-dutch">
         <wf lemma="dan" pos="X">dan</wf>
         <wf lemma="ontstaat" pos="X">ontstaat</wf>
         <wf lemma="er" pos="X">er</wf>
         <instance id="d000.s3733.t000" lemma="gevaar" pos="NOUN">gevaar</instance>
         <wf lemma="voor" pos="X">voor</wf>
         <wf lemma="de" pos="X">de</wf>
         <wf lemma="volksgezondheid" pos="X">volksgezondheid</wf>
         <wf lemma="." pos="X">.</wf>
      </sentence>
      <sentence id="d000.s3734" source="wordnet-dutch">
         <wf lemma="de" pos="X">de</wf>
         <wf lemma="laatste" pos="X">laatste</wf>
         <wf lemma="jaren" pos="X">jaren</wf>
         <wf lemma="is" pos="X">is</wf>
         <wf lemma="ze" pos="X">ze</wf>
         <wf lemma="vooral" pos="X">vooral</wf>
         <wf lemma="in" pos="X">in</wf>
         <wf lemma="de" pos="X">de</wf>
         <instance id="d000.s3734.t000" lemma="breedte" pos="NOUN">breedte</instance>
         <wf lemma="gegroeid" pos="X">gegroeid</wf>
         <wf lemma="." pos="X">.</wf>
      </sentence>
      <sentence id="d000.s3735" source="wordnet-dutch">
         <wf lemma="ze" pos="X">ze</wf>
         <wf lemma="stonden" pos="X">stonden</wf>
         <wf lemma="te" pos="X">te</wf>
         <wf lemma="schuilen" pos="X">schuilen</wf>
         <wf lemma="onder" pos="X">onder</wf>
         <wf lemma="een" pos="X">een</wf>
         <instance id="d000.s3735.t000" lemma="afdak" pos="NOUN">afdakje</instance>
         <wf lemma="." pos="X">.</wf>
      </sentence>
      <sentence id="d000.s3736" source="wordnet-dutch">
         <wf lemma="hij" pos="X">hij</wf>
         <wf lemma="legt" pos="X">legt</wf>
         <wf lemma="zijn" pos="X">zijn</wf>
         <wf lemma="bedoelingen" pos="X">bedoelingen</wf>
         <wf lemma="nog" pos="X">nog</wf>
         <wf lemma="een" pos="X">een</wf>
         <wf lemma="keer" pos="X">keer</wf>
         <wf lemma="uit" pos="X">uit</wf>
         <wf lemma="ter" pos="X">ter</wf>
         <instance id="d000.s3736.t000" lemma="voorkoming" pos="NOUN">voorkoming</instance>
         <wf lemma="van" pos="X">van</wf>
         <wf lemma="misverstanden" pos="X">misverstanden</wf>
         <wf lemma="." pos="X">.</wf>
      </sentence>
      <sentence id="d000.s3737" source="wordnet-dutch">
         <wf lemma="Ik" pos="X">Ik</wf>
         <wf lemma="heb" pos="X">heb</wf>
         <wf lemma="drie" pos="X">drie</wf>
         <wf lemma="fouten" pos="X">fouten</wf>
         <instance id="d000.s3737.t000" lemma="corrigeren" pos="VERB">gecorrigeerd</instance>
         <wf lemma="." pos="X">.</wf>
      </sentence>
      <sentence id="d000.s3738" source="wordnet-dutch">
         <wf lemma="gebruikt" pos="X">gebruikt</wf>
         <wf lemma="zo'n" pos="X">zo'n</wf>
         <wf lemma="racewagen" pos="X">racewagen</wf>
         <wf lemma="veel" pos="X">veel</wf>
         <instance id="d000.s3738.t000" lemma="brandstof" pos="NOUN">brandstof</instance>
         <wf lemma="?" pos="X">?</wf>
      </sentence>
      <sentence id="d000.s3739" source="wordnet-dutch">
         <wf lemma="op" pos="X">op</wf>
         <wf lemma="die" pos="X">die</wf>
         <wf lemma="manier" pos="X">manier</wf>
         <wf lemma="probeerde" pos="X">probeerde</wf>
         <wf lemma="hij" pos="X">hij</wf>
         <wf lemma="zijn" pos="X">zijn</wf>
         <wf lemma="gedrag" pos="X">gedrag</wf>
         <wf lemma="van" pos="X">van</wf>
         <wf lemma="gisteren" pos="X">gisteren</wf>
         <wf lemma="te" pos="X">te</wf>
         <instance id="d000.s3739.t000" lemma="verontschuldigen" pos="VERB">verontschuldigen</instance>
         <wf lemma="." pos="X">.</wf>
      </sentence>
      <sentence id="d000.s3740" source="wordnet-dutch">
         <wf lemma="Chirurgen" pos="X">Chirurgen</wf>
         <wf lemma="verwijderen" pos="X">verwijderen</wf>
         <wf lemma="een" pos="X">een</wf>
         <wf lemma="tumor" pos="X">tumor</wf>
         <wf lemma="en" pos="X">en</wf>
         <wf lemma="zes" pos="X">zes</wf>
         <instance id="d000.s3740.t000" lemma="orgaan" pos="NOUN">organen</instance>
         <wf lemma="bij" pos="X">bij</wf>
         <wf lemma="een" pos="X">een</wf>
         <wf lemma="zevenjarige" pos="X">zevenjarige</wf>
         <wf lemma="." pos="X">.</wf>
      </sentence>
      <sentence id="d000.s3741" source="wordnet-dutch">
         <wf lemma="speelt" pos="X">speelt</wf>
         <wf lemma="er" pos="X">er</wf>
         <wf lemma="vanavond" pos="X">vanavond</wf>
         <wf lemma="een" pos="X">een</wf>
         <instance id="d000.s3741.t000" lemma="band" pos="NOUN">band</instance>
         <wf lemma="in" pos="X">in</wf>
         <wf lemma="Paradiso" pos="X">Paradiso</wf>
         <wf lemma="?" pos="X">?</wf>
      </sentence>
      <sentence id="d000.s3742" source="wordnet-dutch">
         <wf lemma="hij" pos="X">hij</wf>
         <wf lemma="kon" pos="X">kon</wf>
         <wf lemma="zijn" pos="X">zijn</wf>
         <wf lemma="onvrede" pos="X">onvrede</wf>
         <wf lemma="niet" pos="X">niet</wf>
         <wf lemma="voor" pos="X">voor</wf>
         <wf lemma="haar" pos="X">haar</wf>
         <instance id="d000.s3742.t000" lemma="verhelen" pos="VERB">verhelen</instance>
         <wf lemma="." pos="X">.</wf>
      </sentence>
      <sentence id="d000.s3743" source="wordnet-dutch">
         <wf lemma="de" pos="X">de</wf>
         <wf lemma="overheid" pos="X">overheid</wf>
         <wf lemma="zal" pos="X">zal</wf>
         <wf lemma="zich" pos="X">zich</wf>
         <wf lemma="niet" pos="X">niet</wf>
         <wf lemma="bemoeien" pos="X">bemoeien</wf>
         <wf lemma="met" pos="X">met</wf>
         <wf lemma="zaken" pos="X">zaken</wf>
         <wf lemma="die" pos="X">die</wf>
         <wf lemma="door" pos="X">door</wf>
         <wf lemma="het" pos="X">het</wf>
         <wf lemma="particulier" pos="X">particulier</wf>
         <instance id="d000.s3743.t000" lemma="initiatief" pos="NOUN">initiatief</instance>
         <wf lemma="kunnen" pos="X">kunnen</wf>
         <wf lemma="worden" pos="X">worden</wf>
         <wf lemma="geregeld" pos="X">geregeld</wf>
         <wf lemma="." pos="X">.</wf>
      </sentence>
      <sentence id="d000.s3744" source="wordnet-dutch">
         <wf lemma="hoeveel" pos="X">hoeveel</wf>
         <wf lemma="appels" pos="X">appels</wf>
         <wf lemma="wilt" pos="X">wilt</wf>
         <wf lemma="u" pos="X">u</wf>
         <wf lemma="?" pos="X">?</wf>
         <wf lemma="10" pos="X">10</wf>
         <instance id="d000.s3744.t000" lemma="stuk" pos="NOUN">stuks</instance>
         <wf lemma="alstublieft" pos="X">alstublieft</wf>
         <wf lemma="." pos="X">.</wf>
      </sentence>
      <sentence id="d000.s3745" source="wordnet-dutch">
         <wf lemma="de" pos="X">de</wf>
         <wf lemma="humor" pos="X">humor</wf>
         <wf lemma="van" pos="X">van</wf>
         <wf lemma="dat" pos="X">dat</wf>
         <wf lemma="spelletje" pos="X">spelletje</wf>
         <instance id="d000.s3745.t000" lemma="ontgaan" pos="VERB">ontgaat</instance>
         <wf lemma="me" pos="X">me</wf>
         <wf lemma="eerlijk" pos="X">eerlijk</wf>
         <wf lemma="gezegd" pos="X">gezegd</wf>
         <wf lemma="een" pos="X">een</wf>
         <wf lemma="beetje" pos="X">beetje</wf>
         <wf lemma="." pos="X">.</wf>
      </sentence>
      <sentence id="d000.s3746" source="wordnet-dutch">
         <wf lemma="het" pos="X">het</wf>
         <wf lemma="Meppelse" pos="X">Meppelse</wf>
         <wf lemma="industrieterrein" pos="X">industrieterrein</wf>
         <wf lemma="is" pos="X">is</wf>
         <wf lemma="gelegen" pos="X">gelegen</wf>
         <wf lemma="aan" pos="X">aan</wf>
         <wf lemma="diep" pos="X">diep</wf>
         <instance id="d000.s3746.t000" lemma="vaarwater" pos="NOUN">vaarwater</instance>
         <wf lemma="." pos="X">.</wf>
      </sentence>
      <sentence id="d000.s3747" source="wordnet-dutch">
         <wf lemma="ik" pos="X">ik</wf>
         <wf lemma="zal" pos="X">zal</wf>
         <wf lemma="je" pos="X">je</wf>
         <wf lemma="het" pos="X">het</wf>
         <wf lemma="hele" pos="X">hele</wf>
         <wf lemma="bedrag" pos="X">bedrag</wf>
         <wf lemma="morgen" pos="X">morgen</wf>
         <instance id="d000.s3747.t000" lemma="teruggeven" pos="VERB">teruggeven</instance>
         <wf lemma="." pos="X">.</wf>
      </sentence>
      <sentence id="d000.s3748" source="wordnet-dutch">
         <wf lemma="dat" pos="X">dat</wf>
         <wf lemma="meisje" pos="X">meisje</wf>
         <instance id="d000.s3748.t000" lemma="richten" pos="VERB">richt</instance>
         <wf lemma="zich" pos="X">zich</wf>
         <wf lemma="in" pos="X">in</wf>
         <wf lemma="alles" pos="X">alles</wf>
         <wf lemma="naar" pos="X">naar</wf>
         <wf lemma="haar" pos="X">haar</wf>
         <wf lemma="vriendin" pos="X">vriendin</wf>
         <wf lemma="." pos="X">.</wf>
      </sentence>
      <sentence id="d000.s3749" source="wordnet-dutch">
         <wf lemma="het" pos="X">het</wf>
         <wf lemma="meisje" pos="X">meisje</wf>
         <wf lemma="kreeg" pos="X">kreeg</wf>
         <wf lemma="een" pos="X">een</wf>
         <wf lemma="doos" pos="X">doos</wf>
         <wf lemma="met" pos="X">met</wf>
         <instance id="d000.s3749.t000" lemma="blok" pos="NOUN">blokken</instance>
         <wf lemma="om" pos="X">om</wf>
         <wf lemma="mee" pos="X">mee</wf>
         <wf lemma="te" pos="X">te</wf>
         <wf lemma="spelen" pos="X">spelen</wf>
         <wf lemma="." pos="X">.</wf>
      </sentence>
      <sentence id="d000.s3750" source="wordnet-dutch">
         <wf lemma="wie" pos="X">wie</wf>
         <wf lemma="heeft" pos="X">heeft</wf>
         <wf lemma="er" pos="X">er</wf>
         <wf lemma="nu" pos="X">nu</wf>
         <wf lemma="nog" pos="X">nog</wf>
         <wf lemma="steeds" pos="X">steeds</wf>
         <wf lemma="zijn" pos="X">zijn</wf>
         <instance id="d000.s3750.t000" lemma="schoolboek" pos="NOUN">schoolboeken</instance>
         <wf lemma="niet" pos="X">niet</wf>
         <wf lemma="gekaft" pos="X">gekaft</wf>
         <wf lemma="?" pos="X">?</wf>
      </sentence>
      <sentence id="d000.s3751" source="wordnet-dutch">
         <wf lemma="De" pos="X">De</wf>
         <wf lemma="minste" pos="X">minste</wf>
         <instance id="d000.s3751.t000" lemma="aanraking" pos="NOUN">aanraking</instance>
         <wf lemma="doet" pos="X">doet</wf>
         <wf lemma="de" pos="X">de</wf>
         <wf lemma="zieke" pos="X">zieke</wf>
         <wf lemma="pijn" pos="X">pijn</wf>
         <wf lemma="." pos="X">.</wf>
      </sentence>
      <sentence id="d000.s3752" source="wordnet-dutch">
         <wf lemma="tussen" pos="X">tussen</wf>
         <wf lemma="beide" pos="X">beide</wf>
         <wf lemma="partijen" pos="X">partijen</wf>
         <wf lemma="is" pos="X">is</wf>
         <wf lemma="nog" pos="X">nog</wf>
         <wf lemma="geen" pos="X">geen</wf>
         <instance id="d000.s3752.t000" lemma="akkoord" pos="NOUN">akkoord</instance>
         <wf lemma="tot" pos="X">tot</wf>
         <wf lemma="stand" pos="X">stand</wf>
         <wf lemma="gekomen" pos="X">gekomen</wf>
         <wf lemma="." pos="X">.</wf>
      </sentence>
      <sentence id="d000.s3753" source="wordnet-dutch">
         <wf lemma="de" pos="X">de</wf>
         <wf lemma="voorzitter" pos="X">voorzitter</wf>
         <instance id="d000.s3753.t000" lemma="reageren" pos="VERB">reageerde</instance>
         <wf lemma="verontwaardigd" pos="X">verontwaardigd</wf>
         <wf lemma="." pos="X">.</wf>
      </sentence>
      <sentence id="d000.s3754" source="wordnet-dutch">
         <wf lemma="hij" pos="X">hij</wf>
         <wf lemma="is" pos="X">is</wf>
         <wf lemma="intussen" pos="X">intussen</wf>
         <wf lemma="van" pos="X">van</wf>
         <wf lemma="mening" pos="X">mening</wf>
         <instance id="d000.s3754.t000" lemma="veranderen" pos="VERB">veranderd</instance>
         <wf lemma="." pos="X">.</wf>
      </sentence>
      <sentence id="d000.s3755" source="wordnet-dutch">
         <wf lemma="die" pos="X">die</wf>
         <wf lemma="tafel" pos="X">tafel</wf>
         <wf lemma="is" pos="X">is</wf>
         <wf lemma="niet" pos="X">niet</wf>
         <wf lemma="van" pos="X">van</wf>
         <wf lemma="hout" pos="X">hout</wf>
         <wf lemma="," pos="X">,</wf>
         <wf lemma="maar" pos="X">maar</wf>
         <wf lemma="van" pos="X">van</wf>
         <instance id="d000.s3755.t000" lemma="kunststof" pos="NOUN">kunststof</instance>
         <wf lemma="gemaakt" pos="X">gemaakt</wf>
         <wf lemma="." pos="X">.</wf>
      </sentence>
      <sentence id="d000.s3756" source="wordnet-dutch">
         <instance id="d000.s3756.t000" lemma="snee" pos="NOUN">Snee</instance>
         <wf lemma="is" pos="X">is</wf>
         <wf lemma="een" pos="X">een</wf>
         <wf lemma="vulgair" pos="X">vulgair</wf>
         <wf lemma="woord" pos="X">woord</wf>
         <wf lemma="voor" pos="X">voor</wf>
         <wf lemma="vagina" pos="X">vagina</wf>
         <wf lemma="." pos="X">.</wf>
      </sentence>
      <sentence id="d000.s3757" source="wordnet-dutch">
         <wf lemma="er" pos="X">er</wf>
         <instance id="d000.s3757.t000" lemma="rouleren" pos="VERB">rouleert</instance>
         <wf lemma="een" pos="X">een</wf>
         <wf lemma="foto" pos="X">foto</wf>
         <wf lemma="door" pos="X">door</wf>
         <wf lemma="de" pos="X">de</wf>
         <wf lemma="klas" pos="X">klas</wf>
         <wf lemma="." pos="X">.</wf>
      </sentence>
      <sentence id="d000.s3758" source="wordnet-dutch">
         <wf lemma="het" pos="X">het</wf>
         <wf lemma="kasteel" pos="X">kasteel</wf>
         <wf lemma="werd" pos="X">werd</wf>
         <instance id="d000.s3758.t000" lemma="omgeven" pos="VERB">omgeven</instance>
         <wf lemma="door" pos="X">door</wf>
         <wf lemma="een" pos="X">een</wf>
         <wf lemma="diepe" pos="X">diepe</wf>
         <wf lemma="sloot" pos="X">sloot</wf>
         <wf lemma="." pos="X">.</wf>
      </sentence>
      <sentence id="d000.s3759" source="wordnet-dutch">
         <wf lemma="heel" pos="X">heel</wf>
         <wf lemma="boeiend" pos="X">boeiend</wf>
         <wf lemma="in" pos="X">in</wf>
         <wf lemma="de" pos="X">de</wf>
         <wf lemma="roman" pos="X">roman</wf>
         <wf lemma="is" pos="X">is</wf>
         <wf lemma="de" pos="X">de</wf>
         <wf lemma="originele" pos="X">originele</wf>
         <instance id="d000.s3759.t000" lemma="wijze" pos="NOUN">wijze</instance>
         <wf lemma="waarop" pos="X">waarop</wf>
         <wf lemma="de" pos="X">de</wf>
         <wf lemma="band" pos="X">band</wf>
         <wf lemma="tussen" pos="X">tussen</wf>
         <wf lemma="Onegin" pos="X">Onegin</wf>
         <wf lemma="en" pos="X">en</wf>
         <wf lemma="Poesjkin" pos="X">Poesjkin</wf>
         <wf lemma="wordt" pos="X">wordt</wf>
         <wf lemma="weergegeven" pos="X">weergegeven</wf>
         <wf lemma="." pos="X">.</wf>
      </sentence>
      <sentence id="d000.s3760" source="wordnet-dutch">
         <wf lemma="hij" pos="X">hij</wf>
         <instance id="d000.s3760.t000" lemma="verwijten" pos="VERB">verweet</instance>
         <wf lemma="me" pos="X">me</wf>
         <wf lemma="dat" pos="X">dat</wf>
         <wf lemma="ik" pos="X">ik</wf>
         <wf lemma="altijd" pos="X">altijd</wf>
         <wf lemma="te" pos="X">te</wf>
         <wf lemma="laat" pos="X">laat</wf>
         <wf lemma="kwam" pos="X">kwam</wf>
         <wf lemma="." pos="X">.</wf>
      </sentence>
      <sentence id="d000.s3761" source="wordnet-dutch">
         <wf lemma="een" pos="X">een</wf>
         <instance id="d000.s3761.t000" lemma="pauze" pos="NOUN">pauze</instance>
         <wf lemma="van" pos="X">van</wf>
         <wf lemma="een" pos="X">een</wf>
         <wf lemma="halfuur" pos="X">halfuur</wf>
         <wf lemma="inlassen" pos="X">inlassen</wf>
         <wf lemma="." pos="X">.</wf>
      </sentence>
      <sentence id="d000.s3762" source="wordnet-dutch">
         <wf lemma="op" pos="X">op</wf>
         <wf lemma="bergpaden" pos="X">bergpaden</wf>
         <wf lemma="moet" pos="X">moet</wf>
         <wf lemma="je" pos="X">je</wf>
         <wf lemma="goed" pos="X">goed</wf>
         <wf lemma="uitkijken" pos="X">uitkijken</wf>
         <wf lemma="waar" pos="X">waar</wf>
         <wf lemma="je" pos="X">je</wf>
         <wf lemma="je" pos="X">je</wf>
         <wf lemma="voeten" pos="X">voeten</wf>
         <instance id="d000.s3762.t000" lemma="neerzetten" pos="VERB">neerzet</instance>
         <wf lemma="." pos="X">.</wf>
      </sentence>
      <sentence id="d000.s3763" source="wordnet-dutch">
         <wf lemma="toch" pos="X">toch</wf>
         <wf lemma="bewaar" pos="X">bewaar</wf>
         <wf lemma="ik" pos="X">ik</wf>
         <wf lemma="mooie" pos="X">mooie</wf>
         <instance id="d000.s3763.t000" lemma="herinnering" pos="NOUN">herinneringen</instance>
         <wf lemma="aan" pos="X">aan</wf>
         <wf lemma="die" pos="X">die</wf>
         <wf lemma="tijd" pos="X">tijd</wf>
         <wf lemma="." pos="X">.</wf>
      </sentence>
      <sentence id="d000.s3764" source="wordnet-dutch">
         <wf lemma="paddenstoelen" pos="X">paddenstoelen</wf>
         <wf lemma="zijn" pos="X">zijn</wf>
         <wf lemma="vaak" pos="X">vaak</wf>
         <wf lemma="rood" pos="X">rood</wf>
         <wf lemma="met" pos="X">met</wf>
         <wf lemma="witte" pos="X">witte</wf>
         <instance id="d000.s3764.t000" lemma="stip" pos="NOUN">stippen</instance>
         <wf lemma="." pos="X">.</wf>
      </sentence>
      <sentence id="d000.s3765" source="wordnet-dutch">
         <wf lemma="Ik" pos="X">Ik</wf>
         <wf lemma="heb" pos="X">heb</wf>
         <wf lemma="met" pos="X">met</wf>
         <wf lemma="de" pos="X">de</wf>
         <wf lemma="deurwaarder" pos="X">deurwaarder</wf>
         <wf lemma="een" pos="X">een</wf>
         <instance id="d000.s3765.t000" lemma="regeling" pos="NOUN">regeling</instance>
         <wf lemma="getroffen" pos="X">getroffen</wf>
         <wf lemma="dat" pos="X">dat</wf>
         <wf lemma="ik" pos="X">ik</wf>
         <wf lemma="2000" pos="X">2000</wf>
         <wf lemma="euro" pos="X">euro</wf>
         <wf lemma="zou" pos="X">zou</wf>
         <wf lemma="gaan" pos="X">gaan</wf>
         <wf lemma="betalen" pos="X">betalen</wf>
         <wf lemma="." pos="X">.</wf>
      </sentence>
      <sentence id="d000.s3766" source="wordnet-dutch">
         <wf lemma="de" pos="X">de</wf>
         <wf lemma="werkzaamheden" pos="X">werkzaamheden</wf>
         <wf lemma="verlopen" pos="X">verlopen</wf>
         <wf lemma="volgens" pos="X">volgens</wf>
         <instance id="d000.s3766.t000" lemma="schema" pos="NOUN">schema</instance>
         <wf lemma="." pos="X">.</wf>
      </sentence>
      <sentence id="d000.s3767" source="wordnet-dutch">
         <wf lemma="ze" pos="X">ze</wf>
         <wf lemma="viel" pos="X">viel</wf>
         <wf lemma="pardoes" pos="X">pardoes</wf>
         <wf lemma="op" pos="X">op</wf>
         <wf lemma="d'r" pos="X">d'r</wf>
         <instance id="d000.s3767.t000" lemma="achter" pos="NOUN">achterste</instance>
         <wf lemma="." pos="X">.</wf>
      </sentence>
      <sentence id="d000.s3768" source="wordnet-dutch">
         <wf lemma="Ik" pos="X">Ik</wf>
         <wf lemma="kan" pos="X">kan</wf>
         <wf lemma="in" pos="X">in</wf>
         <wf lemma="een" pos="X">een</wf>
         <wf lemma="paar" pos="X">paar</wf>
         <instance id="d000.s3768.t000" lemma="seconde" pos="NOUN">seconden</instance>
         <wf lemma="tijd" pos="X">tijd</wf>
         <wf lemma="mijn" pos="X">mijn</wf>
         <wf lemma="biertje" pos="X">biertje</wf>
         <wf lemma="opdrinken" pos="X">opdrinken</wf>
         <wf lemma="." pos="X">.</wf>
      </sentence>
      <sentence id="d000.s3769" source="wordnet-dutch">
         <wf lemma="zulke" pos="X">zulke</wf>
         <wf lemma="vrachtwagens" pos="X">vrachtwagens</wf>
         <wf lemma="zouden" pos="X">zouden</wf>
         <wf lemma="de" pos="X">de</wf>
         <wf lemma="brug" pos="X">brug</wf>
         <wf lemma="te" pos="X">te</wf>
         <wf lemma="zwaar" pos="X">zwaar</wf>
         <instance id="d000.s3769.t000" lemma="belasten" pos="VERB">belasten</instance>
         <wf lemma="." pos="X">.</wf>
      </sentence>
      <sentence id="d000.s3770" source="wordnet-dutch">
         <wf lemma="er" pos="X">er</wf>
         <wf lemma="woedde" pos="X">woedde</wf>
         <wf lemma="een" pos="X">een</wf>
         <wf lemma="vreselijke" pos="X">vreselijke</wf>
         <instance id="d000.s3770.t000" lemma="wervelstorm" pos="NOUN">wervelstorm</instance>
         <wf lemma="." pos="X">.</wf>
      </sentence>
      <sentence id="d000.s3771" source="wordnet-dutch">
         <wf lemma="dank" pos="X">dank</wf>
         <wf lemma="u" pos="X">u</wf>
         <wf lemma="," pos="X">,</wf>
         <wf lemma="ik" pos="X">ik</wf>
         <instance id="d000.s3771.t000" lemma="drinken" pos="VERB">drink</instance>
         <wf lemma="niet" pos="X">niet</wf>
         <wf lemma="." pos="X">.</wf>
      </sentence>
      <sentence id="d000.s3772" source="wordnet-dutch">
         <wf lemma="zij" pos="X">zij</wf>
         <wf lemma="verklaarden" pos="X">verklaarden</wf>
         <wf lemma="zelfs" pos="X">zelfs</wf>
         <wf lemma="dat" pos="X">dat</wf>
         <wf lemma="zij" pos="X">zij</wf>
         <wf lemma="geen" pos="X">geen</wf>
         <wf lemma="enkele" pos="X">enkele</wf>
         <instance id="d000.s3772.t000" lemma="verantwoording" pos="NOUN">verantwoording</instance>
         <wf lemma="wensten" pos="X">wensten</wf>
         <wf lemma="te" pos="X">te</wf>
         <wf lemma="dragen" pos="X">dragen</wf>
         <wf lemma="voor" pos="X">voor</wf>
         <wf lemma="de" pos="X">de</wf>
         <wf lemma="risico's" pos="X">risico's</wf>
         <wf lemma="die" pos="X">die</wf>
         <wf lemma="het" pos="X">het</wf>
         <wf lemma="bezoek" pos="X">bezoek</wf>
         <wf lemma="met" pos="X">met</wf>
         <wf lemma="zich" pos="X">zich</wf>
         <wf lemma="meebracht" pos="X">meebracht</wf>
         <wf lemma="." pos="X">.</wf>
      </sentence>
      <sentence id="d000.s3773" source="wordnet-dutch">
         <wf lemma="als" pos="X">als</wf>
         <wf lemma="ik" pos="X">ik</wf>
         <wf lemma="u" pos="X">u</wf>
         <wf lemma="even" pos="X">even</wf>
         <wf lemma="mag" pos="X">mag</wf>
         <instance id="d000.s3773.t000" lemma="onderbreken" pos="VERB">onderbreken</instance>
         <wf lemma="," pos="X">,</wf>
         <wf lemma="." pos="X">.</wf>
      </sentence>
      <sentence id="d000.s3774" source="wordnet-dutch">
         <wf lemma="het" pos="X">het</wf>
         <instance id="d000.s3774.t000" lemma="percentage" pos="NOUN">percentage</instance>
         <wf lemma="aan" pos="X">aan</wf>
         <wf lemma="mannen" pos="X">mannen</wf>
         <wf lemma="in" pos="X">in</wf>
         <wf lemma="Nederland" pos="X">Nederland</wf>
         <wf lemma="dat" pos="X">dat</wf>
         <wf lemma="weleens" pos="X">weleens</wf>
         <wf lemma="vreemdgaat" pos="X">vreemdgaat</wf>
         <wf lemma="." pos="X">.</wf>
      </sentence>
      <sentence id="d000.s3775" source="wordnet-dutch">
         <wf lemma="Bij" pos="X">Bij</wf>
         <wf lemma="de" pos="X">de</wf>
         <instance id="d000.s3775.t000" lemma="assemblage" pos="NOUN">assemblage</instance>
         <wf lemma="wordt" pos="X">wordt</wf>
         <wf lemma="vandaag" pos="X">vandaag</wf>
         <wf lemma="gestaakt" pos="X">gestaakt</wf>
         <wf lemma="." pos="X">.</wf>
      </sentence>
      <sentence id="d000.s3776" source="wordnet-dutch">
         <wf lemma="de" pos="X">de</wf>
         <wf lemma="standwerker" pos="X">standwerker</wf>
         <instance id="d000.s3776.t000" lemma="demonstreren" pos="VERB">demonstreerde</instance>
         <wf lemma="het" pos="X">het</wf>
         <wf lemma="gezelschap" pos="X">gezelschap</wf>
         <wf lemma="de" pos="X">de</wf>
         <wf lemma="keukenrobot" pos="X">keukenrobot</wf>
         <wf lemma="." pos="X">.</wf>
      </sentence>
      <sentence id="d000.s3777" source="wordnet-dutch">
         <wf lemma="hij" pos="X">hij</wf>
         <wf lemma="werd" pos="X">werd</wf>
         <wf lemma="voor" pos="X">voor</wf>
         <wf lemma="de" pos="X">de</wf>
         <wf lemma="tweede" pos="X">tweede</wf>
         <wf lemma="maal" pos="X">maal</wf>
         <instance id="d000.s3777.t000" lemma="vader" pos="NOUN">vader</instance>
         <wf lemma="." pos="X">.</wf>
      </sentence>
      <sentence id="d000.s3778" source="wordnet-dutch">
         <wf lemma="Jaap" pos="X">Jaap</wf>
         <wf lemma="liet" pos="X">liet</wf>
         <wf lemma="de" pos="X">de</wf>
         <instance id="d000.s3778.t000" lemma="boodschap" pos="NOUN">boodschap</instance>
         <wf lemma="achter" pos="X">achter</wf>
         <wf lemma="dat" pos="X">dat</wf>
         <wf lemma="hij" pos="X">hij</wf>
         <wf lemma="niet" pos="X">niet</wf>
         <wf lemma="zou" pos="X">zou</wf>
         <wf lemma="komen" pos="X">komen</wf>
         <wf lemma="." pos="X">.</wf>
      </sentence>
      <sentence id="d000.s3779" source="wordnet-dutch">
         <wf lemma="de" pos="X">de</wf>
         <wf lemma="minister" pos="X">minister</wf>
         <wf lemma="gaf" pos="X">gaf</wf>
         <wf lemma="zijn" pos="X">zijn</wf>
         <instance id="d000.s3779.t000" lemma="fiat" pos="NOUN">fiat</instance>
         <wf lemma="aan" pos="X">aan</wf>
         <wf lemma="de" pos="X">de</wf>
         <wf lemma="Bos-variant" pos="X">Bos-variant</wf>
         <wf lemma="voor" pos="X">voor</wf>
         <wf lemma="de" pos="X">de</wf>
         <wf lemma="HSL" pos="X">HSL</wf>
         <wf lemma="." pos="X">.</wf>
      </sentence>
      <sentence id="d000.s3780" source="wordnet-dutch">
         <wf lemma="als" pos="X">als</wf>
         <instance id="d000.s3780.t000" lemma="alternatief" pos="NOUN">alternatief</instance>
         <wf lemma="bied" pos="X">bied</wf>
         <wf lemma="ik" pos="X">ik</wf>
         <wf lemma="aan" pos="X">aan</wf>
         <wf lemma="je" pos="X">je</wf>
         <wf lemma="naar" pos="X">naar</wf>
         <wf lemma="huis" pos="X">huis</wf>
         <wf lemma="te" pos="X">te</wf>
         <wf lemma="brengen" pos="X">brengen</wf>
         <wf lemma="." pos="X">.</wf>
      </sentence>
      <sentence id="d000.s3781" source="wordnet-dutch">
         <wf lemma="hij" pos="X">hij</wf>
         <wf lemma="zat" pos="X">zat</wf>
         <wf lemma="wat" pos="X">wat</wf>
         <wf lemma="te" pos="X">te</wf>
         <instance id="d000.s3781.t000" lemma="flirten" pos="VERB">flirten</instance>
         <wf lemma="met" pos="X">met</wf>
         <wf lemma="ons" pos="X">ons</wf>
         <wf lemma="buurmeisje" pos="X">buurmeisje</wf>
         <wf lemma="." pos="X">.</wf>
      </sentence>
      <sentence id="d000.s3782" source="wordnet-dutch">
         <wf lemma="hij" pos="X">hij</wf>
         <wf lemma="is" pos="X">is</wf>
         <wf lemma="al" pos="X">al</wf>
         <wf lemma="vijftig" pos="X">vijftig</wf>
         <wf lemma="jaar" pos="X">jaar</wf>
         <wf lemma="actief" pos="X">actief</wf>
         <wf lemma="in" pos="X">in</wf>
         <wf lemma="de" pos="X">de</wf>
         <instance id="d000.s3782.t000" lemma="branche" pos="NOUN">branche</instance>
         <wf lemma="." pos="X">.</wf>
      </sentence>
      <sentence id="d000.s3783" source="wordnet-dutch">
         <wf lemma="hartelijk" pos="X">hartelijk</wf>
         <instance id="d000.s3783.t000" lemma="feliciteren" pos="VERB">gefeliciteerd</instance>
         <wf lemma="met" pos="X">met</wf>
         <wf lemma="je" pos="X">je</wf>
         <wf lemma="verjaardag" pos="X">verjaardag</wf>
         <wf lemma="!" pos="X">!</wf>
      </sentence>
      <sentence id="d000.s3784" source="wordnet-dutch">
         <wf lemma="zeven" pos="X">zeven</wf>
         <wf lemma="mensen" pos="X">mensen</wf>
         <wf lemma="hadden" pos="X">hadden</wf>
         <wf lemma="een" pos="X">een</wf>
         <wf lemma="mysterieuze" pos="X">mysterieuze</wf>
         <instance id="d000.s3784.t000" lemma="huidziekte" pos="NOUN">huidziekte</instance>
         <wf lemma="opgelopen" pos="X">opgelopen</wf>
         <wf lemma="." pos="X">.</wf>
      </sentence>
      <sentence id="d000.s3785" source="wordnet-dutch">
         <wf lemma="Over" pos="X">Over</wf>
         <wf lemma="de" pos="X">de</wf>
         <wf lemma="hele" pos="X">hele</wf>
         <wf lemma="wereld" pos="X">wereld</wf>
         <wf lemma="vinden" pos="X">vinden</wf>
         <wf lemma="met" pos="X">met</wf>
         <wf lemma="grote" pos="X">grote</wf>
         <instance id="d000.s3785.t000" lemma="frequentie" pos="NOUN">frequentie</instance>
         <wf lemma="transporten" pos="X">transporten</wf>
         <wf lemma="plaats" pos="X">plaats</wf>
         <wf lemma="." pos="X">.</wf>
      </sentence>
      <sentence id="d000.s3786" source="wordnet-dutch">
         <wf lemma="de" pos="X">de</wf>
         <wf lemma="transfer" pos="X">transfer</wf>
         <wf lemma="gaat" pos="X">gaat</wf>
         <wf lemma="niet" pos="X">niet</wf>
         <wf lemma="door" pos="X">door</wf>
         <wf lemma="omdat" pos="X">omdat</wf>
         <wf lemma="de" pos="X">de</wf>
         <wf lemma="spelers" pos="X">spelers</wf>
         <wf lemma="medisch" pos="X">medisch</wf>
         <wf lemma="is" pos="X">is</wf>
         <instance id="d000.s3786.t000" lemma="afkeuren" pos="VERB">afgekeurd</instance>
         <wf lemma="." pos="X">.</wf>
      </sentence>
      <sentence id="d000.s3787" source="wordnet-dutch">
         <wf lemma="beide" pos="X">beide</wf>
         <wf lemma="kinderen" pos="X">kinderen</wf>
         <instance id="d000.s3787.t000" lemma="gelijken" pos="VERB">gelijken</instance>
         <wf lemma="op" pos="X">op</wf>
         <wf lemma="hun" pos="X">hun</wf>
         <wf lemma="moeder" pos="X">moeder</wf>
         <wf lemma="." pos="X">.</wf>
      </sentence>
      <sentence id="d000.s3788" source="wordnet-dutch">
         <wf lemma="een" pos="X">een</wf>
         <instance id="d000.s3788.t000" lemma="aanval" pos="NOUN">aanval</instance>
         <wf lemma="op" pos="X">op</wf>
         <wf lemma="de" pos="X">de</wf>
         <wf lemma="gevestigde" pos="X">gevestigde</wf>
         <wf lemma="orde" pos="X">orde</wf>
         <wf lemma="." pos="X">.</wf>
      </sentence>
      <sentence id="d000.s3789" source="wordnet-dutch">
         <wf lemma="het" pos="X">het</wf>
         <wf lemma="is" pos="X">is</wf>
         <wf lemma="belangrijk" pos="X">belangrijk</wf>
         <wf lemma="de" pos="X">de</wf>
         <wf lemma="mening" pos="X">mening</wf>
         <wf lemma="van" pos="X">van</wf>
         <wf lemma="anderen" pos="X">anderen</wf>
         <wf lemma="te" pos="X">te</wf>
         <instance id="d000.s3789.t000" lemma="eerbiedigen" pos="VERB">eerbiedigen</instance>
         <wf lemma="." pos="X">.</wf>
      </sentence>
      <sentence id="d000.s3790" source="wordnet-dutch">
         <wf lemma="ik" pos="X">ik</wf>
         <instance id="d000.s3790.t000" lemma="proeven" pos="VERB">proefde</instance>
         <wf lemma="teleurstelling" pos="X">teleurstelling</wf>
         <wf lemma="in" pos="X">in</wf>
         <wf lemma="het" pos="X">het</wf>
         <wf lemma="gesprek" pos="X">gesprek</wf>
         <wf lemma="." pos="X">.</wf>
      </sentence>
      <sentence id="d000.s3791" source="wordnet-dutch">
         <wf lemma="het" pos="X">het</wf>
         <wf lemma="middel" pos="X">middel</wf>
         <wf lemma="is" pos="X">is</wf>
         <wf lemma="normaal" pos="X">normaal</wf>
         <wf lemma="in" pos="X">in</wf>
         <wf lemma="de" pos="X">de</wf>
         <instance id="d000.s3791.t000" lemma="handel" pos="NOUN">handel</instance>
         <wf lemma="verkrijgbaar" pos="X">verkrijgbaar</wf>
         <wf lemma="." pos="X">.</wf>
      </sentence>
      <sentence id="d000.s3792" source="wordnet-dutch">
         <wf lemma="op" pos="X">op</wf>
         <wf lemma="het" pos="X">het</wf>
         <wf lemma="hoe" pos="X">hoe</wf>
         <wf lemma="en" pos="X">en</wf>
         <instance id="d000.s3792.t000" lemma="waarom" pos="NOUN">waarom</instance>
         <wf lemma="van" pos="X">van</wf>
         <wf lemma="zijn" pos="X">zijn</wf>
         <wf lemma="optreden" pos="X">optreden</wf>
         <wf lemma="wilde" pos="X">wilde</wf>
         <wf lemma="hij" pos="X">hij</wf>
         <wf lemma="niet" pos="X">niet</wf>
         <wf lemma="ingaan" pos="X">ingaan</wf>
         <wf lemma="." pos="X">.</wf>
      </sentence>
      <sentence id="d000.s3793" source="wordnet-dutch">
         <wf lemma="nu" pos="X">nu</wf>
         <wf lemma="moet" pos="X">moet</wf>
         <wf lemma="jij" pos="X">jij</wf>
         <instance id="d000.s3793.t000" lemma="bok" pos="NOUN">bok</instance>
         <wf lemma="staan" pos="X">staan</wf>
         <wf lemma="." pos="X">.</wf>
      </sentence>
      <sentence id="d000.s3794" source="wordnet-dutch">
         <wf lemma="ze" pos="X">ze</wf>
         <wf lemma="heeft" pos="X">heeft</wf>
         <wf lemma="de" pos="X">de</wf>
         <wf lemma="wedstrijd" pos="X">wedstrijd</wf>
         <wf lemma="gewonnen" pos="X">gewonnen</wf>
         <wf lemma="maar" pos="X">maar</wf>
         <wf lemma="geen" pos="X">geen</wf>
         <instance id="d000.s3794.t000" lemma="record" pos="NOUN">record</instance>
         <wf lemma="gebroken" pos="X">gebroken</wf>
         <wf lemma="." pos="X">.</wf>
      </sentence>
      <sentence id="d000.s3795" source="wordnet-dutch">
         <wf lemma="de" pos="X">de</wf>
         <wf lemma="beursnoteringen" pos="X">beursnoteringen</wf>
         <instance id="d000.s3795.t000" lemma="zakken" pos="VERB">zakken</instance>
         <wf lemma="naar" pos="X">naar</wf>
         <wf lemma="het" pos="X">het</wf>
         <wf lemma="niveau" pos="X">niveau</wf>
         <wf lemma="van" pos="X">van</wf>
         <wf lemma="vorig" pos="X">vorig</wf>
         <wf lemma="jaar" pos="X">jaar</wf>
         <wf lemma="." pos="X">.</wf>
      </sentence>
      <sentence id="d000.s3796" source="wordnet-dutch">
         <instance id="d000.s3796.t000" lemma="zuchten" pos="VERB">zuchtend</instance>
         <wf lemma="en" pos="X">en</wf>
         <wf lemma="steunend" pos="X">steunend</wf>
         <wf lemma="krabbelde" pos="X">krabbelde</wf>
         <wf lemma="zij" pos="X">zij</wf>
         <wf lemma="overeind" pos="X">overeind</wf>
         <wf lemma="." pos="X">.</wf>
      </sentence>
      <sentence id="d000.s3797" source="wordnet-dutch">
         <wf lemma="hij" pos="X">hij</wf>
         <instance id="d000.s3797.t000" lemma="verwerken" pos="VERB">verwerkte</instance>
         <wf lemma="verschillende" pos="X">verschillende</wf>
         <wf lemma="soorten" pos="X">soorten</wf>
         <wf lemma="materialen" pos="X">materialen</wf>
         <wf lemma="in" pos="X">in</wf>
         <wf lemma="zijn" pos="X">zijn</wf>
         <wf lemma="kunstwerken" pos="X">kunstwerken</wf>
         <wf lemma="." pos="X">.</wf>
      </sentence>
      <sentence id="d000.s3798" source="wordnet-dutch">
         <wf lemma="ik" pos="X">ik</wf>
         <wf lemma="voel" pos="X">voel</wf>
         <wf lemma="dat" pos="X">dat</wf>
         <wf lemma="niet" pos="X">niet</wf>
         <wf lemma="als" pos="X">als</wf>
         <wf lemma="een" pos="X">een</wf>
         <instance id="d000.s3798.t000" lemma="belediging" pos="NOUN">belediging</instance>
         <wf lemma="." pos="X">.</wf>
      </sentence>
      <sentence id="d000.s3799" source="wordnet-dutch">
         <wf lemma="in" pos="X">in</wf>
         <wf lemma="de" pos="X">de</wf>
         <wf lemma="vroege" pos="X">vroege</wf>
         <wf lemma="ochtend" pos="X">ochtend</wf>
         <wf lemma="kan" pos="X">kan</wf>
         <wf lemma="er" pos="X">er</wf>
         <instance id="d000.s3799.t000" lemma="ijzel" pos="NOUN">ijzel</instance>
         <wf lemma="optreden" pos="X">optreden</wf>
         <wf lemma="." pos="X">.</wf>
      </sentence>
      <sentence id="d000.s3800" source="wordnet-dutch">
         <wf lemma="beide" pos="X">beide</wf>
         <wf lemma="stoffen" pos="X">stoffen</wf>
         <wf lemma="gaan" pos="X">gaan</wf>
         <wf lemma="een" pos="X">een</wf>
         <instance id="d000.s3800.t000" lemma="reactie" pos="NOUN">reactie</instance>
         <wf lemma="aan" pos="X">aan</wf>
         <wf lemma="." pos="X">.</wf>
      </sentence>
      <sentence id="d000.s3801" source="wordnet-dutch">
         <wf lemma="ze" pos="X">ze</wf>
         <wf lemma="zullen" pos="X">zullen</wf>
         <instance id="d000.s3801.t000" lemma="toezicht" pos="NOUN">toezicht</instance>
         <wf lemma="houden" pos="X">houden</wf>
         <wf lemma="op" pos="X">op</wf>
         <wf lemma="de" pos="X">de</wf>
         <wf lemma="naleving" pos="X">naleving</wf>
         <wf lemma="van" pos="X">van</wf>
         <wf lemma="de" pos="X">de</wf>
         <wf lemma="regels" pos="X">regels</wf>
         <wf lemma="." pos="X">.</wf>
      </sentence>
      <sentence id="d000.s3802" source="wordnet-dutch">
         <wf lemma="wij" pos="X">wij</wf>
         <wf lemma="accepteren" pos="X">accepteren</wf>
         <wf lemma="geen" pos="X">geen</wf>
         <instance id="d000.s3802.t000" lemma="cheque" pos="NOUN">cheques</instance>
         <wf lemma="." pos="X">.</wf>
      </sentence>
      <sentence id="d000.s3803" source="wordnet-dutch">
         <wf lemma="de" pos="X">de</wf>
         <wf lemma="politierechter" pos="X">politierechter</wf>
         <instance id="d000.s3803.t000" lemma="vonnissen" pos="VERB">vonniste</instance>
         <wf lemma="conform" pos="X">conform</wf>
         <wf lemma="(" pos="X">(</wf>
         <wf lemma="de" pos="X">de</wf>
         <wf lemma="eis" pos="X">eis</wf>
         <wf lemma="van" pos="X">van</wf>
         <wf lemma="de" pos="X">de</wf>
         <wf lemma="Officier" pos="X">Officier</wf>
         <wf lemma="van" pos="X">van</wf>
         <wf lemma="Justitie" pos="X">Justitie</wf>
         <wf lemma=")" pos="X">)</wf>
         <wf lemma="." pos="X">.</wf>
      </sentence>
      <sentence id="d000.s3804" source="wordnet-dutch">
         <wf lemma="we" pos="X">we</wf>
         <wf lemma="hebben" pos="X">hebben</wf>
         <wf lemma="intussen" pos="X">intussen</wf>
         <wf lemma="heel" pos="X">heel</wf>
         <wf lemma="wat" pos="X">wat</wf>
         <wf lemma="achterstand" pos="X">achterstand</wf>
         <wf lemma="op" pos="X">op</wf>
         <wf lemma="de" pos="X">de</wf>
         <wf lemma="concurrentie" pos="X">concurrentie</wf>
         <instance id="d000.s3804.t000" lemma="oplopen" pos="VERB">opgelopen</instance>
         <wf lemma="." pos="X">.</wf>
      </sentence>
      <sentence id="d000.s3805" source="wordnet-dutch">
         <wf lemma="Na" pos="X">Na</wf>
         <wf lemma="zijn" pos="X">zijn</wf>
         <wf lemma="ongelukkige" pos="X">ongelukkige</wf>
         <wf lemma="huwelijk" pos="X">huwelijk</wf>
         <wf lemma="ging" pos="X">ging</wf>
         <wf lemma="hij" pos="X">hij</wf>
         <wf lemma="ruim" pos="X">ruim</wf>
         <wf lemma="twee" pos="X">twee</wf>
         <wf lemma="jaar" pos="X">jaar</wf>
         <wf lemma="in" pos="X">in</wf>
         <instance id="d000.s3805.t000" lemma="analyse" pos="NOUN">analyse</instance>
         <wf lemma="." pos="X">.</wf>
      </sentence>
      <sentence id="d000.s3806" source="wordnet-dutch">
         <wf lemma="zijn" pos="X">zijn</wf>
         <wf lemma="bewering" pos="X">bewering</wf>
         <wf lemma="dat" pos="X">dat</wf>
         <wf lemma="de" pos="X">de</wf>
         <wf lemma="regering" pos="X">regering</wf>
         <wf lemma="meer" pos="X">meer</wf>
         <wf lemma="aandacht" pos="X">aandacht</wf>
         <wf lemma="wil" pos="X">wil</wf>
         <wf lemma="besteden" pos="X">besteden</wf>
         <wf lemma="aan" pos="X">aan</wf>
         <wf lemma="het" pos="X">het</wf>
         <wf lemma="gezin" pos="X">gezin</wf>
         <wf lemma="valt" pos="X">valt</wf>
         <wf lemma="moeilijk/niet" pos="X">moeilijk/niet</wf>
         <wf lemma="te" pos="X">te</wf>
         <instance id="d000.s3806.t000" lemma="rijmen" pos="VERB">rijmen</instance>
         <wf lemma="met" pos="X">met</wf>
         <wf lemma="de" pos="X">de</wf>
         <wf lemma="eerder" pos="X">eerder</wf>
         <wf lemma="aangekondigde" pos="X">aangekondigde</wf>
         <wf lemma="besparingen" pos="X">besparingen</wf>
         <wf lemma="op" pos="X">op</wf>
         <wf lemma="de" pos="X">de</wf>
         <wf lemma="kinderbijslag" pos="X">kinderbijslag</wf>
         <wf lemma="." pos="X">.</wf>
      </sentence>
      <sentence id="d000.s3807" source="wordnet-dutch">
         <wf lemma="in" pos="X">in</wf>
         <wf lemma="het" pos="X">het</wf>
         <instance id="d000.s3807.t000" lemma="weekend" pos="NOUN">weekend</instance>
         <wf lemma="slapen" pos="X">slapen</wf>
         <wf lemma="we" pos="X">we</wf>
         <wf lemma="uit" pos="X">uit</wf>
         <wf lemma="." pos="X">.</wf>
      </sentence>
      <sentence id="d000.s3808" source="wordnet-dutch">
         <wf lemma="ik" pos="X">ik</wf>
         <wf lemma="heb" pos="X">heb</wf>
         <instance id="d000.s3808.t000" lemma="pijn" pos="NOUN">pijn</instance>
         <wf lemma="in" pos="X">in</wf>
         <wf lemma="mijn" pos="X">mijn</wf>
         <wf lemma="hoofd/aan" pos="X">hoofd/aan</wf>
         <wf lemma="mijn" pos="X">mijn</wf>
         <wf lemma="schouder" pos="X">schouder</wf>
         <wf lemma="." pos="X">.</wf>
      </sentence>
      <sentence id="d000.s3809" source="wordnet-dutch">
         <wf lemma="vaccinatie" pos="X">vaccinatie</wf>
         <wf lemma="is" pos="X">is</wf>
         <wf lemma="de" pos="X">de</wf>
         <wf lemma="beste" pos="X">beste</wf>
         <wf lemma="methode" pos="X">methode</wf>
         <wf lemma="om" pos="X">om</wf>
         <wf lemma="het" pos="X">het</wf>
         <instance id="d000.s3809.t000" lemma="immuunsysteem" pos="NOUN">immuunsysteem</instance>
         <wf lemma="te" pos="X">te</wf>
         <wf lemma="versterken" pos="X">versterken</wf>
         <wf lemma="." pos="X">.</wf>
      </sentence>
      <sentence id="d000.s3810" source="wordnet-dutch">
         <wf lemma="ik" pos="X">ik</wf>
         <wf lemma="vind" pos="X">vind</wf>
         <wf lemma="het" pos="X">het</wf>
         <wf lemma="vervelend" pos="X">vervelend</wf>
         <wf lemma="dat" pos="X">dat</wf>
         <wf lemma="hij" pos="X">hij</wf>
         <wf lemma="altijd" pos="X">altijd</wf>
         <wf lemma="zo" pos="X">zo</wf>
         <wf lemma="zit" pos="X">zit</wf>
         <wf lemma="te" pos="X">te</wf>
         <instance id="d000.s3810.t000" lemma="snoeven" pos="VERB">snoeven</instance>
         <wf lemma="." pos="X">.</wf>
      </sentence>
      <sentence id="d000.s3811" source="wordnet-dutch">
         <wf lemma="het" pos="X">het</wf>
         <wf lemma="havengebied" pos="X">havengebied</wf>
         <instance id="d000.s3811.t000" lemma="omvatten" pos="VERB">omvat</instance>
         <wf lemma="meer" pos="X">meer</wf>
         <wf lemma="dan" pos="X">dan</wf>
         <wf lemma="alleen" pos="X">alleen</wf>
         <wf lemma="de" pos="X">de</wf>
         <wf lemma="jachthavens" pos="X">jachthavens</wf>
         <wf lemma="." pos="X">.</wf>
      </sentence>
      <sentence id="d000.s3812" source="wordnet-dutch">
         <wf lemma="de" pos="X">de</wf>
         <wf lemma="grote" pos="X">grote</wf>
         <wf lemma="veerboot" pos="X">veerboot</wf>
         <wf lemma="kan" pos="X">kan</wf>
         <wf lemma="nu" pos="X">nu</wf>
         <wf lemma="alleen" pos="X">alleen</wf>
         <wf lemma="met" pos="X">met</wf>
         <wf lemma="hoog" pos="X">hoog</wf>
         <wf lemma="tij" pos="X">tij</wf>
         <instance id="d000.s3812.t000" lemma="uitvaren" pos="VERB">uitvaren</instance>
         <wf lemma="." pos="X">.</wf>
      </sentence>
      <sentence id="d000.s3813" source="wordnet-dutch">
         <wf lemma="volgens" pos="X">volgens</wf>
         <wf lemma="de" pos="X">de</wf>
         <instance id="d000.s3813.t000" lemma="statistiek" pos="NOUN">statistieken</instance>
         <wf lemma="is" pos="X">is</wf>
         <wf lemma="het" pos="X">het</wf>
         <wf lemma="een" pos="X">een</wf>
         <wf lemma="van" pos="X">van</wf>
         <wf lemma="de" pos="X">de</wf>
         <wf lemma="droogste" pos="X">droogste</wf>
         <wf lemma="zomers" pos="X">zomers</wf>
         <wf lemma="van" pos="X">van</wf>
         <wf lemma="deze" pos="X">deze</wf>
         <wf lemma="eeuw" pos="X">eeuw</wf>
         <wf lemma="." pos="X">.</wf>
      </sentence>
      <sentence id="d000.s3814" source="wordnet-dutch">
         <wf lemma="een" pos="X">een</wf>
         <wf lemma="hoogleraar" pos="X">hoogleraar</wf>
         <wf lemma="aan" pos="X">aan</wf>
         <wf lemma="de" pos="X">de</wf>
         <instance id="d000.s3814.t000" lemma="faculteit" pos="NOUN">faculteit</instance>
         <wf lemma="der" pos="X">der</wf>
         <wf lemma="letteren" pos="X">letteren</wf>
         <wf lemma="." pos="X">.</wf>
      </sentence>
      <sentence id="d000.s3815" source="wordnet-dutch">
         <wf lemma="Ik" pos="X">Ik</wf>
         <wf lemma="win" pos="X">win</wf>
         <wf lemma="nooit" pos="X">nooit</wf>
         <wf lemma="een" pos="X">een</wf>
         <instance id="d000.s3815.t000" lemma="prijs" pos="NOUN">prijs</instance>
         <wf lemma="in" pos="X">in</wf>
         <wf lemma="de" pos="X">de</wf>
         <wf lemma="Postcodeloterij" pos="X">Postcodeloterij</wf>
         <wf lemma="en" pos="X">en</wf>
         <wf lemma="ik" pos="X">ik</wf>
         <wf lemma="doe" pos="X">doe</wf>
         <wf lemma="al" pos="X">al</wf>
         <wf lemma="jaren" pos="X">jaren</wf>
         <wf lemma="mee" pos="X">mee</wf>
         <wf lemma="." pos="X">.</wf>
      </sentence>
      <sentence id="d000.s3816" source="wordnet-dutch">
         <wf lemma="de" pos="X">de</wf>
         <wf lemma="verfrissing" pos="X">verfrissing</wf>
         <wf lemma="in" pos="X">in</wf>
         <wf lemma="de" pos="X">de</wf>
         <wf lemma="vorm" pos="X">vorm</wf>
         <wf lemma="van" pos="X">van</wf>
         <wf lemma="koel" pos="X">koel</wf>
         <wf lemma="water" pos="X">water</wf>
         <wf lemma="komt" pos="X">komt</wf>
         <wf lemma="uit" pos="X">uit</wf>
         <wf lemma="de" pos="X">de</wf>
         <wf lemma="meegedragen" pos="X">meegedragen</wf>
         <instance id="d000.s3816.t000" lemma="veldfles" pos="NOUN">veldfles</instance>
         <wf lemma="." pos="X">.</wf>
      </sentence>
      <sentence id="d000.s3817" source="wordnet-dutch">
         <wf lemma="Een" pos="X">Een</wf>
         <wf lemma="voorbeeld" pos="X">voorbeeld</wf>
         <wf lemma="van" pos="X">van</wf>
         <wf lemma="een" pos="X">een</wf>
         <instance id="d000.s3817.t000" lemma="lid" pos="NOUN">lid</instance>
         <wf lemma="is" pos="X">is</wf>
         <wf lemma="een" pos="X">een</wf>
         <wf lemma="enkel" pos="X">enkel</wf>
         <wf lemma="en" pos="X">en</wf>
         <wf lemma="een" pos="X">een</wf>
         <wf lemma="knie" pos="X">knie</wf>
         <wf lemma="." pos="X">.</wf>
      </sentence>
      <sentence id="d000.s3818" source="wordnet-dutch">
         <wf lemma="als" pos="X">als</wf>
         <wf lemma="er" pos="X">er</wf>
         <wf lemma="iets" pos="X">iets</wf>
         <instance id="d000.s3818.t000" lemma="afgaan" pos="VERB">afgaat</instance>
         <wf lemma="houd" pos="X">houd</wf>
         <wf lemma="je" pos="X">je</wf>
         <wf lemma="minder" pos="X">minder</wf>
         <wf lemma="over" pos="X">over</wf>
         <wf lemma="." pos="X">.</wf>
      </sentence>
      <sentence id="d000.s3819" source="wordnet-dutch">
         <wf lemma="ze" pos="X">ze</wf>
         <wf lemma="zit" pos="X">zit</wf>
         <wf lemma="al" pos="X">al</wf>
         <wf lemma="de" pos="X">de</wf>
         <wf lemma="hele" pos="X">hele</wf>
         <wf lemma="dag" pos="X">dag</wf>
         <wf lemma="achter" pos="X">achter</wf>
         <wf lemma="haar" pos="X">haar</wf>
         <instance id="d000.s3819.t000" lemma="bureau" pos="NOUN">bureau</instance>
         <wf lemma="." pos="X">.</wf>
      </sentence>
      <sentence id="d000.s3820" source="wordnet-dutch">
         <wf lemma="onze" pos="X">onze</wf>
         <wf lemma="landgenoot" pos="X">landgenoot</wf>
         <wf lemma="heeft" pos="X">heeft</wf>
         <wf lemma="dit" pos="X">dit</wf>
         <wf lemma="seizoen" pos="X">seizoen</wf>
         <wf lemma="slechts" pos="X">slechts</wf>
         <wf lemma="matig" pos="X">matig</wf>
         <instance id="d000.s3820.t000" lemma="presteren" pos="VERB">gepresteerd</instance>
         <wf lemma="." pos="X">.</wf>
      </sentence>
      <sentence id="d000.s3821" source="wordnet-dutch">
         <wf lemma="ik" pos="X">ik</wf>
         <wf lemma="heb" pos="X">heb</wf>
         <wf lemma="op" pos="X">op</wf>
         <wf lemma="de" pos="X">de</wf>
         <wf lemma="thuisclub" pos="X">thuisclub</wf>
         <instance id="d000.s3821.t000" lemma="wedden" pos="VERB">gewed</instance>
         <wf lemma="." pos="X">.</wf>
      </sentence>
      <sentence id="d000.s3822" source="wordnet-dutch">
         <wf lemma="het" pos="X">het</wf>
         <wf lemma="fruit" pos="X">fruit</wf>
         <wf lemma="was" pos="X">was</wf>
         <wf lemma="de" pos="X">de</wf>
         <wf lemma="volgende" pos="X">volgende</wf>
         <wf lemma="dag" pos="X">dag</wf>
         <wf lemma="al" pos="X">al</wf>
         <wf lemma="helemaal" pos="X">helemaal</wf>
         <instance id="d000.s3822.t000" lemma="verschrompelen" pos="VERB">verschrompeld</instance>
         <wf lemma="." pos="X">.</wf>
      </sentence>
      <sentence id="d000.s3823" source="wordnet-dutch">
         <wf lemma="Anderlecht" pos="X">Anderlecht</wf>
         <wf lemma="speelt" pos="X">speelt</wf>
         <wf lemma="vanavond" pos="X">vanavond</wf>
         <wf lemma="weer" pos="X">weer</wf>
         <wf lemma="in" pos="X">in</wf>
         <wf lemma="het" pos="X">het</wf>
         <instance id="d000.s3823.t000" lemma="paars" pos="NOUN">paars</instance>
         <wf lemma="." pos="X">.</wf>
      </sentence>
      <sentence id="d000.s3824" source="wordnet-dutch">
         <wf lemma="de" pos="X">de</wf>
         <wf lemma="stijl" pos="X">stijl</wf>
         <wf lemma="van" pos="X">van</wf>
         <wf lemma="Gershwin" pos="X">Gershwin</wf>
         <wf lemma="werd" pos="X">werd</wf>
         <wf lemma="sterk" pos="X">sterk</wf>
         <instance id="d000.s3824.t000" lemma="beïnvloeden" pos="VERB">beïnvloed</instance>
         <wf lemma="door" pos="X">door</wf>
         <wf lemma="de" pos="X">de</wf>
         <wf lemma="Amerikaanse" pos="X">Amerikaanse</wf>
         <wf lemma="jazz" pos="X">jazz</wf>
         <wf lemma="." pos="X">.</wf>
      </sentence>
      <sentence id="d000.s3825" source="wordnet-dutch">
         <wf lemma="een" pos="X">een</wf>
         <wf lemma="droom" pos="X">droom</wf>
         <wf lemma="wordt" pos="X">wordt</wf>
         <instance id="d000.s3825.t000" lemma="werkelijkheid" pos="NOUN">werkelijkheid</instance>
         <wf lemma="." pos="X">.</wf>
      </sentence>
      <sentence id="d000.s3826" source="wordnet-dutch">
         <wf lemma="het" pos="X">het</wf>
         <wf lemma="drukke" pos="X">drukke</wf>
         <wf lemma="leven" pos="X">leven</wf>
         <wf lemma="heeft" pos="X">heeft</wf>
         <wf lemma="hem" pos="X">hem</wf>
         <wf lemma="niet" pos="X">niet</wf>
         <wf lemma="van" pos="X">van</wf>
         <wf lemma="zijn" pos="X">zijn</wf>
         <wf lemma="passie" pos="X">passie</wf>
         <instance id="d000.s3826.t000" lemma="beroven" pos="VERB">beroofd</instance>
         <wf lemma="." pos="X">.</wf>
      </sentence>
      <sentence id="d000.s3827" source="wordnet-dutch">
         <wf lemma="eieren" pos="X">eieren</wf>
         <wf lemma="en" pos="X">en</wf>
         <wf lemma="oesters" pos="X">oesters</wf>
         <wf lemma="zorgen" pos="X">zorgen</wf>
         <wf lemma="voor" pos="X">voor</wf>
         <wf lemma="verhoogde" pos="X">verhoogde</wf>
         <instance id="d000.s3827.t000" lemma="geslachtsdrift" pos="NOUN">geslachtsdrift</instance>
         <wf lemma="." pos="X">.</wf>
      </sentence>
      <sentence id="d000.s3828" source="wordnet-dutch">
         <wf lemma="er" pos="X">er</wf>
         <wf lemma="werd" pos="X">werd</wf>
         <wf lemma="op" pos="X">op</wf>
         <instance id="d000.s3828.t000" lemma="initiatief" pos="NOUN">initiatief</instance>
         <wf lemma="van" pos="X">van</wf>
         <wf lemma="de" pos="X">de</wf>
         <wf lemma="gemeente" pos="X">gemeente</wf>
         <wf lemma="een" pos="X">een</wf>
         <wf lemma="adviesraad" pos="X">adviesraad</wf>
         <wf lemma="voor" pos="X">voor</wf>
         <wf lemma="buitenlanders" pos="X">buitenlanders</wf>
         <wf lemma="gevormd" pos="X">gevormd</wf>
         <wf lemma="." pos="X">.</wf>
      </sentence>
      <sentence id="d000.s3829" source="wordnet-dutch">
         <wf lemma="Wij" pos="X">Wij</wf>
         <instance id="d000.s3829.t000" lemma="variëren" pos="VERB">variëren</instance>
         <wf lemma="onze" pos="X">onze</wf>
         <wf lemma="groentepakketten" pos="X">groentepakketten</wf>
         <wf lemma="door" pos="X">door</wf>
         <wf lemma="verschillende" pos="X">verschillende</wf>
         <wf lemma="seizoensgroenten" pos="X">seizoensgroenten</wf>
         <wf lemma="te" pos="X">te</wf>
         <wf lemma="gebruiken" pos="X">gebruiken</wf>
         <wf lemma="." pos="X">.</wf>
      </sentence>
      <sentence id="d000.s3830" source="wordnet-dutch">
         <wf lemma="de" pos="X">de</wf>
         <wf lemma="tram" pos="X">tram</wf>
         <wf lemma="trof" pos="X">trof</wf>
         <wf lemma="de" pos="X">de</wf>
         <wf lemma="auto" pos="X">auto</wf>
         <wf lemma="vol" pos="X">vol</wf>
         <wf lemma="in" pos="X">in</wf>
         <wf lemma="de" pos="X">de</wf>
         <instance id="d000.s3830.t000" lemma="flank" pos="NOUN">flank</instance>
         <wf lemma="." pos="X">.</wf>
      </sentence>
      <sentence id="d000.s3831" source="wordnet-dutch">
         <wf lemma="hij" pos="X">hij</wf>
         <wf lemma="overleed" pos="X">overleed</wf>
         <wf lemma="in" pos="X">in</wf>
         <wf lemma="de" pos="X">de</wf>
         <wf lemma="gezegende" pos="X">gezegende</wf>
         <instance id="d000.s3831.t000" lemma="ouderdom" pos="NOUN">ouderdom</instance>
         <wf lemma="van" pos="X">van</wf>
         <wf lemma="tachtig" pos="X">tachtig</wf>
         <wf lemma="jaren" pos="X">jaren</wf>
         <wf lemma="." pos="X">.</wf>
      </sentence>
      <sentence id="d000.s3832" source="wordnet-dutch">
         <wf lemma="zijn" pos="X">zijn</wf>
         <wf lemma="oma" pos="X">oma</wf>
         <wf lemma="breit" pos="X">breit</wf>
         <wf lemma="een" pos="X">een</wf>
         <instance id="d000.s3832.t000" lemma="coltrui" pos="NOUN">coltrui</instance>
         <wf lemma="voor" pos="X">voor</wf>
         <wf lemma="de" pos="X">de</wf>
         <wf lemma="winter" pos="X">winter</wf>
         <wf lemma="." pos="X">.</wf>
      </sentence>
      <sentence id="d000.s3833" source="wordnet-dutch">
         <wf lemma="De" pos="X">De</wf>
         <instance id="d000.s3833.t000" lemma="verhouding" pos="NOUN">verhouding</instance>
         <wf lemma="van" pos="X">van</wf>
         <wf lemma="de" pos="X">de</wf>
         <wf lemma="tekening" pos="X">tekening</wf>
         <wf lemma="van" pos="X">van</wf>
         <wf lemma="het" pos="X">het</wf>
         <wf lemma="huis" pos="X">huis</wf>
         <wf lemma="klopt" pos="X">klopt</wf>
         <wf lemma="niet" pos="X">niet</wf>
         <wf lemma="." pos="X">.</wf>
      </sentence>
      <sentence id="d000.s3834" source="wordnet-dutch">
         <wf lemma="bij" pos="X">bij</wf>
         <wf lemma="het" pos="X">het</wf>
         <wf lemma="invallen" pos="X">invallen</wf>
         <wf lemma="van" pos="X">van</wf>
         <wf lemma="de" pos="X">de</wf>
         <instance id="d000.s3834.t000" lemma="schemering" pos="NOUN">schemering</instance>
         <wf lemma="ging" pos="X">ging</wf>
         <wf lemma="iedereen" pos="X">iedereen</wf>
         <wf lemma="naar" pos="X">naar</wf>
         <wf lemma="huis" pos="X">huis</wf>
         <wf lemma="." pos="X">.</wf>
      </sentence>
      <sentence id="d000.s3835" source="wordnet-dutch">
         <wf lemma="men" pos="X">men</wf>
         <wf lemma="is" pos="X">is</wf>
         <wf lemma="van" pos="X">van</wf>
         <wf lemma="plan" pos="X">plan</wf>
         <wf lemma="een" pos="X">een</wf>
         <instance id="d000.s3835.t000" lemma="wandelpad" pos="NOUN">wandelpad</instance>
         <wf lemma="door" pos="X">door</wf>
         <wf lemma="het" pos="X">het</wf>
         <wf lemma="natuurreservaat" pos="X">natuurreservaat</wf>
         <wf lemma="aan" pos="X">aan</wf>
         <wf lemma="te" pos="X">te</wf>
         <wf lemma="leggen" pos="X">leggen</wf>
         <wf lemma="." pos="X">.</wf>
      </sentence>
      <sentence id="d000.s3836" source="wordnet-dutch">
         <wf lemma="ze" pos="X">ze</wf>
         <wf lemma="hebben" pos="X">hebben</wf>
         <wf lemma="een" pos="X">een</wf>
         <wf lemma="kleine" pos="X">kleine</wf>
         <instance id="d000.s3836.t000" lemma="voorsprong" pos="NOUN">voorsprong</instance>
         <wf lemma="op" pos="X">op</wf>
         <wf lemma="de" pos="X">de</wf>
         <wf lemma="tegenpartij" pos="X">tegenpartij</wf>
         <wf lemma="." pos="X">.</wf>
      </sentence>
      <sentence id="d000.s3837" source="wordnet-dutch">
         <wf lemma="er" pos="X">er</wf>
         <instance id="d000.s3837.t000" lemma="rusten" pos="VERB">rustte</instance>
         <wf lemma="een" pos="X">een</wf>
         <wf lemma="zware" pos="X">zware</wf>
         <wf lemma="verdenking" pos="X">verdenking</wf>
         <wf lemma="op" pos="X">op</wf>
         <wf lemma="die" pos="X">die</wf>
         <wf lemma="man" pos="X">man</wf>
         <wf lemma="." pos="X">.</wf>
      </sentence>
      <sentence id="d000.s3838" source="wordnet-dutch">
         <wf lemma="het" pos="X">het</wf>
         <wf lemma="betreft" pos="X">betreft</wf>
         <wf lemma="een" pos="X">een</wf>
         <wf lemma="gaaf" pos="X">gaaf</wf>
         <instance id="d000.s3838.t000" lemma="exemplaar" pos="NOUN">exemplaar</instance>
         <wf lemma="van" pos="X">van</wf>
         <wf lemma="een" pos="X">een</wf>
         <wf lemma="Mercedes" pos="X">Mercedes</wf>
         <wf lemma="met" pos="X">met</wf>
         <wf lemma="bouwjaar" pos="X">bouwjaar</wf>
         <wf lemma="1932" pos="X">1932</wf>
         <wf lemma="." pos="X">.</wf>
      </sentence>
      <sentence id="d000.s3839" source="wordnet-dutch">
         <wf lemma="de" pos="X">de</wf>
         <wf lemma="scheidsrechter" pos="X">scheidsrechter</wf>
         <wf lemma="gaf" pos="X">gaf</wf>
         <wf lemma="hem" pos="X">hem</wf>
         <wf lemma="een" pos="X">een</wf>
         <wf lemma="tweede" pos="X">tweede</wf>
         <instance id="d000.s3839.t000" lemma="waarschuwing" pos="NOUN">waarschuwing</instance>
         <wf lemma="." pos="X">.</wf>
      </sentence>
      <sentence id="d000.s3840" source="wordnet-dutch">
         <wf lemma="Wie" pos="X">Wie</wf>
         <wf lemma="stout" pos="X">stout</wf>
         <wf lemma="is" pos="X">is</wf>
         <wf lemma="de" pos="X">de</wf>
         <instance id="d000.s3840.t000" lemma="roede" pos="NOUN">roede</instance>
         <wf lemma="." pos="X">.</wf>
      </sentence>
      <sentence id="d000.s3841" source="wordnet-dutch">
         <wf lemma="de" pos="X">de</wf>
         <wf lemma="potloodventer" pos="X">potloodventer</wf>
         <wf lemma="verkeerde" pos="X">verkeerde</wf>
         <wf lemma="in" pos="X">in</wf>
         <instance id="d000.s3841.t000" lemma="staat" pos="NOUN">staat</instance>
         <wf lemma="van" pos="X">van</wf>
         <wf lemma="opwinding" pos="X">opwinding</wf>
         <wf lemma="." pos="X">.</wf>
      </sentence>
      <sentence id="d000.s3842" source="wordnet-dutch">
         <wf lemma="mijn" pos="X">mijn</wf>
         <wf lemma="nieuwe" pos="X">nieuwe</wf>
         <wf lemma="medicijnen" pos="X">medicijnen</wf>
         <instance id="d000.s3842.t000" lemma="helpen" pos="VERB">helpen</instance>
         <wf lemma="gelukkig" pos="X">gelukkig</wf>
         <wf lemma="goed" pos="X">goed</wf>
         <wf lemma="tegen" pos="X">tegen</wf>
         <wf lemma="de" pos="X">de</wf>
         <wf lemma="hoofdpijn" pos="X">hoofdpijn</wf>
         <wf lemma="?" pos="X">?</wf>
      </sentence>
      <sentence id="d000.s3843" source="wordnet-dutch">
         <wf lemma="ze" pos="X">ze</wf>
         <wf lemma="heeft" pos="X">heeft</wf>
         <wf lemma="aan" pos="X">aan</wf>
         <wf lemma="die" pos="X">die</wf>
         <wf lemma="ervaring" pos="X">ervaring</wf>
         <wf lemma="een" pos="X">een</wf>
         <wf lemma="trauma" pos="X">trauma</wf>
         <instance id="d000.s3843.t000" lemma="overhouden" pos="VERB">overgehouden</instance>
         <wf lemma="." pos="X">.</wf>
      </sentence>
      <sentence id="d000.s3844" source="wordnet-dutch">
         <wf lemma="het" pos="X">het</wf>
         <wf lemma="illegaal" pos="X">illegaal</wf>
         <wf lemma="gebruik" pos="X">gebruik</wf>
         <wf lemma="van" pos="X">van</wf>
         <wf lemma="hormonen" pos="X">hormonen</wf>
         <wf lemma="in" pos="X">in</wf>
         <wf lemma="de" pos="X">de</wf>
         <instance id="d000.s3844.t000" lemma="veehouderij" pos="NOUN">veehouderij</instance>
         <wf lemma="is" pos="X">is</wf>
         <wf lemma="momenteel" pos="X">momenteel</wf>
         <wf lemma="zeer" pos="X">zeer</wf>
         <wf lemma="actueel" pos="X">actueel</wf>
         <wf lemma="." pos="X">.</wf>
      </sentence>
      <sentence id="d000.s3845" source="wordnet-dutch">
         <wf lemma="hij" pos="X">hij</wf>
         <instance id="d000.s3845.t000" lemma="sneuvelen" pos="VERB">sneuvelde</instance>
         <wf lemma="al" pos="X">al</wf>
         <wf lemma="in" pos="X">in</wf>
         <wf lemma="de" pos="X">de</wf>
         <wf lemma="eerste" pos="X">eerste</wf>
         <wf lemma="ronde" pos="X">ronde</wf>
         <wf lemma="tegen" pos="X">tegen</wf>
         <wf lemma="zijn" pos="X">zijn</wf>
         <wf lemma="grote" pos="X">grote</wf>
         <wf lemma="rivaal" pos="X">rivaal</wf>
         <wf lemma="." pos="X">.</wf>
      </sentence>
      <sentence id="d000.s3846" source="wordnet-dutch">
         <wf lemma="ze" pos="X">ze</wf>
         <wf lemma="heeft" pos="X">heeft</wf>
         <wf lemma="hem" pos="X">hem</wf>
         <wf lemma="in" pos="X">in</wf>
         <wf lemma="haar" pos="X">haar</wf>
         <wf lemma="netten" pos="X">netten</wf>
         <instance id="d000.s3846.t000" lemma="vangen" pos="VERB">gevangen</instance>
         <wf lemma="." pos="X">.</wf>
      </sentence>
      <sentence id="d000.s3847" source="wordnet-dutch">
         <wf lemma="door" pos="X">door</wf>
         <wf lemma="aan" pos="X">aan</wf>
         <wf lemma="de" pos="X">de</wf>
         <wf lemma="druk" pos="X">druk</wf>
         <wf lemma="toe" pos="X">toe</wf>
         <wf lemma="te" pos="X">te</wf>
         <wf lemma="geven" pos="X">geven</wf>
         <instance id="d000.s3847.t000" lemma="verraden" pos="VERB">verraadt</instance>
         <wf lemma="hij" pos="X">hij</wf>
         <wf lemma="vooral" pos="X">vooral</wf>
         <wf lemma="zichzelf" pos="X">zichzelf</wf>
         <wf lemma="." pos="X">.</wf>
      </sentence>
      <sentence id="d000.s3848" source="wordnet-dutch">
         <wf lemma="op" pos="X">op</wf>
         <wf lemma="het" pos="X">het</wf>
         <instance id="d000.s3848.t000" lemma="bovendek" pos="NOUN">bovendek</instance>
         <wf lemma="kunnen" pos="X">kunnen</wf>
         <wf lemma="50" pos="X">50</wf>
         <wf lemma="passagiers" pos="X">passagiers</wf>
         <wf lemma="genieten" pos="X">genieten</wf>
         <wf lemma="van" pos="X">van</wf>
         <wf lemma="de" pos="X">de</wf>
         <wf lemma="buitenlucht" pos="X">buitenlucht</wf>
         <wf lemma="." pos="X">.</wf>
      </sentence>
      <sentence id="d000.s3849" source="wordnet-dutch">
         <wf lemma="de" pos="X">de</wf>
         <wf lemma="nabestaanden" pos="X">nabestaanden</wf>
         <wf lemma="hebben" pos="X">hebben</wf>
         <wf lemma="geleerd" pos="X">geleerd</wf>
         <wf lemma="zich" pos="X">zich</wf>
         <wf lemma="in" pos="X">in</wf>
         <wf lemma="hun" pos="X">hun</wf>
         <wf lemma="lot" pos="X">lot</wf>
         <wf lemma="te" pos="X">te</wf>
         <instance id="d000.s3849.t000" lemma="schikken" pos="VERB">schikken</instance>
         <wf lemma="." pos="X">.</wf>
      </sentence>
      <sentence id="d000.s3850" source="wordnet-dutch">
         <wf lemma="de" pos="X">de</wf>
         <wf lemma="wedstrijd" pos="X">wedstrijd</wf>
         <wf lemma="werd" pos="X">werd</wf>
         <instance id="d000.s3850.t000" lemma="overheersen" pos="VERB">overheerst</instance>
         <wf lemma="door" pos="X">door</wf>
         <wf lemma="de" pos="X">de</wf>
         <wf lemma="Italiaanse" pos="X">Italiaanse</wf>
         <wf lemma="renners" pos="X">renners</wf>
         <wf lemma="." pos="X">.</wf>
      </sentence>
      <sentence id="d000.s3851" source="wordnet-dutch">
         <wf lemma="ze" pos="X">ze</wf>
         <wf lemma="hebben" pos="X">hebben</wf>
         <wf lemma="de" pos="X">de</wf>
         <wf lemma="naam" pos="X">naam</wf>
         <wf lemma="van" pos="X">van</wf>
         <wf lemma="die" pos="X">die</wf>
         <wf lemma="stad" pos="X">stad</wf>
         <instance id="d000.s3851.t000" lemma="veranderen" pos="VERB">verandert</instance>
         <wf lemma="in" pos="X">in</wf>
         <wf lemma="'" pos="X">'</wf>
         <wf lemma="Sint-Petersburg" pos="X">Sint-Petersburg</wf>
         <wf lemma="'" pos="X">'</wf>
         <wf lemma="." pos="X">.</wf>
      </sentence>
      <sentence id="d000.s3852" source="wordnet-dutch">
         <wf lemma="ik" pos="X">ik</wf>
         <wf lemma="ga" pos="X">ga</wf>
         <wf lemma="vanavond" pos="X">vanavond</wf>
         <wf lemma="vroeg" pos="X">vroeg</wf>
         <instance id="d000.s3852.t000" lemma="slapen" pos="VERB">slapen</instance>
         <wf lemma="." pos="X">.</wf>
      </sentence>
      <sentence id="d000.s3853" source="wordnet-dutch">
         <wf lemma="een" pos="X">een</wf>
         <wf lemma="gebrek" pos="X">gebrek</wf>
         <wf lemma="aan" pos="X">aan</wf>
         <instance id="d000.s3853.t000" lemma="communicatie" pos="NOUN">communicatie</instance>
         <wf lemma="is" pos="X">is</wf>
         <wf lemma="de" pos="X">de</wf>
         <wf lemma="oorzaak" pos="X">oorzaak</wf>
         <wf lemma="van" pos="X">van</wf>
         <wf lemma="veel" pos="X">veel</wf>
         <wf lemma="problemen" pos="X">problemen</wf>
         <wf lemma="." pos="X">.</wf>
      </sentence>
      <sentence id="d000.s3854" source="wordnet-dutch">
         <wf lemma="hij" pos="X">hij</wf>
         <wf lemma="heeft" pos="X">heeft</wf>
         <wf lemma="bij" pos="X">bij</wf>
         <wf lemma="het" pos="X">het</wf>
         <wf lemma="gevecht" pos="X">gevecht</wf>
         <wf lemma="verschillende" pos="X">verschillende</wf>
         <instance id="d000.s3854.t000" lemma="verwonding" pos="NOUN">verwondingen</instance>
         <wf lemma="opgelopen" pos="X">opgelopen</wf>
         <wf lemma="." pos="X">.</wf>
      </sentence>
      <sentence id="d000.s3855" source="wordnet-dutch">
         <wf lemma="het" pos="X">het</wf>
         <instance id="d000.s3855.t000" lemma="gros" pos="NOUN">gros</instance>
         <wf lemma="van" pos="X">van</wf>
         <wf lemma="de" pos="X">de</wf>
         <wf lemma="bevolking" pos="X">bevolking</wf>
         <wf lemma="stemde" pos="X">stemde</wf>
         <wf lemma="tegen" pos="X">tegen</wf>
         <wf lemma="het" pos="X">het</wf>
         <wf lemma="wetsvoorstel" pos="X">wetsvoorstel</wf>
         <wf lemma="." pos="X">.</wf>
      </sentence>
      <sentence id="d000.s3856" source="wordnet-dutch">
         <wf lemma="de" pos="X">de</wf>
         <wf lemma="vrachtwagenchauffeur" pos="X">vrachtwagenchauffeur</wf>
         <wf lemma="moest" pos="X">moest</wf>
         <wf lemma="even" pos="X">even</wf>
         <wf lemma="stoppen" pos="X">stoppen</wf>
         <wf lemma="om" pos="X">om</wf>
         <wf lemma="nieuwe" pos="X">nieuwe</wf>
         <instance id="d000.s3856.t000" lemma="brandstof" pos="NOUN">brandstof</instance>
         <wf lemma="te" pos="X">te</wf>
         <wf lemma="tanken" pos="X">tanken</wf>
         <wf lemma="." pos="X">.</wf>
      </sentence>
      <sentence id="d000.s3857" source="wordnet-dutch">
         <wf lemma="ze" pos="X">ze</wf>
         <wf lemma="gaven" pos="X">gaven</wf>
         <wf lemma="een" pos="X">een</wf>
         <wf lemma="totaal" pos="X">totaal</wf>
         <wf lemma="verkeerde" pos="X">verkeerde</wf>
         <instance id="d000.s3857.t000" lemma="ondertiteling" pos="NOUN">ondertiteling</instance>
         <wf lemma=";" pos="X">;</wf>
         <wf lemma="het" pos="X">het</wf>
         <wf lemma="was" pos="X">was</wf>
         <wf lemma="geen" pos="X">geen</wf>
         <wf lemma="goede" pos="X">goede</wf>
         <wf lemma="vertaling" pos="X">vertaling</wf>
         <wf lemma="." pos="X">.</wf>
      </sentence>
      <sentence id="d000.s3858" source="wordnet-dutch">
         <wf lemma="die" pos="X">die</wf>
         <wf lemma="ramp" pos="X">ramp</wf>
         <wf lemma="kostte" pos="X">kostte</wf>
         <wf lemma="tien" pos="X">tien</wf>
         <instance id="d000.s3858.t000" lemma="mensenleven" pos="NOUN">mensenlevens</instance>
         <wf lemma="." pos="X">.</wf>
      </sentence>
      <sentence id="d000.s3859" source="wordnet-dutch">
         <wf lemma="we" pos="X">we</wf>
         <wf lemma="hebben" pos="X">hebben</wf>
         <wf lemma="vanavond" pos="X">vanavond</wf>
         <wf lemma="een" pos="X">een</wf>
         <instance id="d000.s3859.t000" lemma="eten" pos="NOUN">etentje</instance>
         <wf lemma="bij" pos="X">bij</wf>
         <wf lemma="de" pos="X">de</wf>
         <wf lemma="buren" pos="X">buren</wf>
         <wf lemma="." pos="X">.</wf>
      </sentence>
      <sentence id="d000.s3860" source="wordnet-dutch">
         <wf lemma="daar" pos="X">daar</wf>
         <wf lemma="krijg" pos="X">krijg</wf>
         <wf lemma="je" pos="X">je</wf>
         <wf lemma="geheid" pos="X">geheid</wf>
         <instance id="d000.s3860.t000" lemma="gedonder" pos="NOUN">gedonder</instance>
         <wf lemma="mee" pos="X">mee</wf>
         <wf lemma="." pos="X">.</wf>
      </sentence>
      <sentence id="d000.s3861" source="wordnet-dutch">
         <wf lemma="De" pos="X">De</wf>
         <instance id="d000.s3861.t000" lemma="ader" pos="NOUN">ader</instance>
         <wf lemma="met" pos="X">met</wf>
         <wf lemma="goud" pos="X">goud</wf>
         <wf lemma="liep" pos="X">liep</wf>
         <wf lemma="door" pos="X">door</wf>
         <wf lemma="de" pos="X">de</wf>
         <wf lemma="hele" pos="X">hele</wf>
         <wf lemma="berg" pos="X">berg</wf>
         <wf lemma="." pos="X">.</wf>
      </sentence>
      <sentence id="d000.s3862" source="wordnet-dutch">
         <wf lemma="de" pos="X">de</wf>
         <wf lemma="natuur" pos="X">natuur</wf>
         <wf lemma="heeft" pos="X">heeft</wf>
         <wf lemma="vele" pos="X">vele</wf>
         <instance id="d000.s3862.t000" lemma="verrassing" pos="NOUN">verrassingen</instance>
         <wf lemma="in" pos="X">in</wf>
         <wf lemma="petto." pos="X">petto.</wf>
      </sentence>
      <sentence id="d000.s3863" source="wordnet-dutch">
         <wf lemma="het" pos="X">het</wf>
         <wf lemma="huwelijk" pos="X">huwelijk</wf>
         <wf lemma="was" pos="X">was</wf>
         <wf lemma="dagenlang" pos="X">dagenlang</wf>
         <wf lemma="het" pos="X">het</wf>
         <instance id="d000.s3863.t000" lemma="onderwerp" pos="NOUN">onderwerp</instance>
         <wf lemma="van" pos="X">van</wf>
         <wf lemma="gesprek" pos="X">gesprek</wf>
         <wf lemma="." pos="X">.</wf>
      </sentence>
      <sentence id="d000.s3864" source="wordnet-dutch">
         <wf lemma="Contemplatie" pos="X">Contemplatie</wf>
         <wf lemma="is" pos="X">is</wf>
         <wf lemma="een" pos="X">een</wf>
         <wf lemma="andere" pos="X">andere</wf>
         <wf lemma="term" pos="X">term</wf>
         <wf lemma="voor" pos="X">voor</wf>
         <instance id="d000.s3864.t000" lemma="beschouwing" pos="NOUN">beschouwing</instance>
         <wf lemma="." pos="X">.</wf>
      </sentence>
      <sentence id="d000.s3865" source="wordnet-dutch">
         <wf lemma="het" pos="X">het</wf>
         <wf lemma="huis" pos="X">huis</wf>
         <wf lemma="staat" pos="X">staat</wf>
         <wf lemma="aan" pos="X">aan</wf>
         <wf lemma="de" pos="X">de</wf>
         <instance id="d000.s3865.t000" lemma="rand" pos="NOUN">rand</instance>
         <wf lemma="van" pos="X">van</wf>
         <wf lemma="het" pos="X">het</wf>
         <wf lemma="bos." pos="X">bos.</wf>
      </sentence>
      <sentence id="d000.s3866" source="wordnet-dutch">
         <wf lemma="in" pos="X">in</wf>
         <wf lemma="een" pos="X">een</wf>
         <wf lemma="grot" pos="X">grot</wf>
         <wf lemma="vond" pos="X">vond</wf>
         <wf lemma="zij" pos="X">zij</wf>
         <wf lemma="een" pos="X">een</wf>
         <instance id="d000.s3866.t000" lemma="schuilplaats" pos="NOUN">schuilplaats</instance>
         <wf lemma="tegen" pos="X">tegen</wf>
         <wf lemma="wind" pos="X">wind</wf>
         <wf lemma="en" pos="X">en</wf>
         <wf lemma="regen" pos="X">regen</wf>
         <wf lemma="." pos="X">.</wf>
      </sentence>
      <sentence id="d000.s3867" source="wordnet-dutch">
         <wf lemma="hij" pos="X">hij</wf>
         <wf lemma="betaalde" pos="X">betaalde</wf>
         <wf lemma="het" pos="X">het</wf>
         <wf lemma="van" pos="X">van</wf>
         <wf lemma="het" pos="X">het</wf>
         <wf lemma="prijzengeld" pos="X">prijzengeld</wf>
         <wf lemma="dat" pos="X">dat</wf>
         <wf lemma="hij" pos="X">hij</wf>
         <wf lemma="vorige" pos="X">vorige</wf>
         <wf lemma="week" pos="X">week</wf>
         <instance id="d000.s3867.t000" lemma="toucheren" pos="VERB">toucheerde</instance>
         <wf lemma="als" pos="X">als</wf>
         <wf lemma="winnaar" pos="X">winnaar</wf>
         <wf lemma="van" pos="X">van</wf>
         <wf lemma="de" pos="X">de</wf>
         <wf lemma="marathon" pos="X">marathon</wf>
         <wf lemma="." pos="X">.</wf>
      </sentence>
      <sentence id="d000.s3868" source="wordnet-dutch">
         <wf lemma="de" pos="X">de</wf>
         <wf lemma="journalist" pos="X">journalist</wf>
         <wf lemma="heeft" pos="X">heeft</wf>
         <wf lemma="talrijke" pos="X">talrijke</wf>
         <wf lemma="getuigenissen" pos="X">getuigenissen</wf>
         <wf lemma="van" pos="X">van</wf>
         <wf lemma="slachtoffers" pos="X">slachtoffers</wf>
         <wf lemma="van" pos="X">van</wf>
         <wf lemma="de" pos="X">de</wf>
         <wf lemma="burgeroorlog" pos="X">burgeroorlog</wf>
         <instance id="d000.s3868.t000" lemma="optekenen" pos="VERB">opgetekend</instance>
         <wf lemma="." pos="X">.</wf>
      </sentence>
      <sentence id="d000.s3869" source="wordnet-dutch">
         <wf lemma="het" pos="X">het</wf>
         <wf lemma="landijs" pos="X">landijs</wf>
         <wf lemma="heeft" pos="X">heeft</wf>
         <wf lemma="diepe" pos="X">diepe</wf>
         <wf lemma="sporen" pos="X">sporen</wf>
         <wf lemma="in" pos="X">in</wf>
         <wf lemma="het" pos="X">het</wf>
         <wf lemma="landschap" pos="X">landschap</wf>
         <instance id="d000.s3869.t000" lemma="nalaten" pos="VERB">nagelaten</instance>
         <wf lemma="." pos="X">.</wf>
      </sentence>
      <sentence id="d000.s3870" source="wordnet-dutch">
         <wf lemma="de" pos="X">de</wf>
         <wf lemma="naarstige" pos="X">naarstige</wf>
         <wf lemma="redacteur" pos="X">redacteur</wf>
         <instance id="d000.s3870.t000" lemma="pauzeren" pos="VERB">pauzeerde</instance>
         <wf lemma="tien" pos="X">tien</wf>
         <wf lemma="minuutjes" pos="X">minuutjes</wf>
         <wf lemma="en" pos="X">en</wf>
         <wf lemma="ging" pos="X">ging</wf>
         <wf lemma="dan" pos="X">dan</wf>
         <wf lemma="weer" pos="X">weer</wf>
         <wf lemma="keihard" pos="X">keihard</wf>
         <wf lemma="aan" pos="X">aan</wf>
         <wf lemma="de" pos="X">de</wf>
         <wf lemma="slag" pos="X">slag</wf>
         <wf lemma="." pos="X">.</wf>
      </sentence>
      <sentence id="d000.s3871" source="wordnet-dutch">
         <wf lemma="blijf" pos="X">blijf</wf>
         <wf lemma="met" pos="X">met</wf>
         <wf lemma="je" pos="X">je</wf>
         <instance id="d000.s3871.t000" lemma="tengel" pos="NOUN">tengels</instance>
         <wf lemma="van" pos="X">van</wf>
         <wf lemma="de" pos="X">de</wf>
         <wf lemma="koekjes" pos="X">koekjes</wf>
         <wf lemma="af" pos="X">af</wf>
         <wf lemma="." pos="X">.</wf>
      </sentence>
      <sentence id="d000.s3872" source="wordnet-dutch">
         <wf lemma="hij" pos="X">hij</wf>
         <instance id="d000.s3872.t000" lemma="berusten" pos="VERB">berust</instance>
         <wf lemma="in" pos="X">in</wf>
         <wf lemma="de" pos="X">de</wf>
         <wf lemma="straf" pos="X">straf</wf>
         <wf lemma="die" pos="X">die</wf>
         <wf lemma="ze" pos="X">ze</wf>
         <wf lemma="hem" pos="X">hem</wf>
         <wf lemma="hebben" pos="X">hebben</wf>
         <wf lemma="opgelegd" pos="X">opgelegd</wf>
         <wf lemma="." pos="X">.</wf>
      </sentence>
      <sentence id="d000.s3873" source="wordnet-dutch">
         <wf lemma="de" pos="X">de</wf>
         <wf lemma="ruige" pos="X">ruige</wf>
         <wf lemma="natuur" pos="X">natuur</wf>
         <instance id="d000.s3873.t000" lemma="bemoeilijken" pos="VERB">bemoeilijkt</instance>
         <wf lemma="het" pos="X">het</wf>
         <wf lemma="zoeken" pos="X">zoeken</wf>
         <wf lemma="naar" pos="X">naar</wf>
         <wf lemma="overlevenden" pos="X">overlevenden</wf>
         <wf lemma="." pos="X">.</wf>
      </sentence>
      <sentence id="d000.s3874" source="wordnet-dutch">
         <wf lemma="oom" pos="X">oom</wf>
         <wf lemma="Kees" pos="X">Kees</wf>
         <wf lemma="in" pos="X">in</wf>
         <wf lemma="de" pos="X">de</wf>
         <instance id="d000.s3874.t000" lemma="figuur" pos="NOUN">figuur</instance>
         <wf lemma="van" pos="X">van</wf>
         <wf lemma="Sinterklaas" pos="X">Sinterklaas</wf>
         <wf lemma="." pos="X">.</wf>
      </sentence>
      <sentence id="d000.s3875" source="wordnet-dutch">
         <wf lemma="een" pos="X">een</wf>
         <wf lemma="stelletje" pos="X">stelletje</wf>
         <wf lemma="herrieschoppers" pos="X">herrieschoppers</wf>
         <instance id="d000.s3875.t000" lemma="verknoeien" pos="VERB">verknoeide</instance>
         <wf lemma="de" pos="X">de</wf>
         <wf lemma="sfeer" pos="X">sfeer</wf>
         <wf lemma="." pos="X">.</wf>
      </sentence>
      <sentence id="d000.s3876" source="wordnet-dutch">
         <wf lemma="haar" pos="X">haar</wf>
         <wf lemma="woorden" pos="X">woorden</wf>
         <wf lemma="werden" pos="X">werden</wf>
         <wf lemma="met" pos="X">met</wf>
         <wf lemma="applaus" pos="X">applaus</wf>
         <instance id="d000.s3876.t000" lemma="begroeten" pos="VERB">begroet</instance>
         <wf lemma="." pos="X">.</wf>
      </sentence>
      <sentence id="d000.s3877" source="wordnet-dutch">
         <wf lemma="voor/tegen" pos="X">voor/tegen</wf>
         <instance id="d000.s3877.t000" lemma="sluitingstijd" pos="NOUN">sluitingstijd</instance>
         <wf lemma="begint" pos="X">begint</wf>
         <wf lemma="het" pos="X">het</wf>
         <wf lemma="pokerspelletje" pos="X">pokerspelletje</wf>
         <wf lemma="." pos="X">.</wf>
      </sentence>
      <sentence id="d000.s3878" source="wordnet-dutch">
         <wf lemma="op" pos="X">op</wf>
         <wf lemma="het" pos="X">het</wf>
         <instance id="d000.s3878.t000" lemma="veld" pos="NOUN">veld</instance>
         <wf lemma="werken" pos="X">werken</wf>
         <wf lemma="." pos="X">.</wf>
      </sentence>
      <sentence id="d000.s3879" source="wordnet-dutch">
         <wf lemma="een" pos="X">een</wf>
         <wf lemma="frisse" pos="X">frisse</wf>
         <wf lemma="," pos="X">,</wf>
         <wf lemma="fruitige" pos="X">fruitige</wf>
         <instance id="d000.s3879.t000" lemma="wijn" pos="NOUN">wijn</instance>
         <wf lemma="met" pos="X">met</wf>
         <wf lemma="lichte" pos="X">lichte</wf>
         <wf lemma="muskaattonen" pos="X">muskaattonen</wf>
         <wf lemma="." pos="X">.</wf>
      </sentence>
      <sentence id="d000.s3880" source="wordnet-dutch">
         <wf lemma="ik" pos="X">ik</wf>
         <wf lemma="heb" pos="X">heb</wf>
         <wf lemma="vannacht" pos="X">vannacht</wf>
         <wf lemma="over" pos="X">over</wf>
         <wf lemma="jou" pos="X">jou</wf>
         <instance id="d000.s3880.t000" lemma="dromen" pos="VERB">gedroomd</instance>
         <wf lemma="." pos="X">.</wf>
      </sentence>
      <sentence id="d000.s3881" source="wordnet-dutch">
         <instance id="d000.s3881.t000" lemma="mandaat" pos="NOUN">mandaat</instance>
         <wf lemma="om" pos="X">om</wf>
         <wf lemma="te" pos="X">te</wf>
         <wf lemma="betalen" pos="X">betalen</wf>
         <wf lemma="." pos="X">.</wf>
      </sentence>
      <sentence id="d000.s3882" source="wordnet-dutch">
         <wf lemma="we" pos="X">we</wf>
         <wf lemma="zaten" pos="X">zaten</wf>
         <wf lemma="in" pos="X">in</wf>
         <wf lemma="het" pos="X">het</wf>
         <instance id="d000.s3882.t000" lemma="schemerdonker" pos="NOUN">schemerdonker</instance>
         <wf lemma="aan" pos="X">aan</wf>
         <wf lemma="de" pos="X">de</wf>
         <wf lemma="rivieroever" pos="X">rivieroever</wf>
         <wf lemma="." pos="X">.</wf>
      </sentence>
      <sentence id="d000.s3883" source="wordnet-dutch">
         <wf lemma="ze" pos="X">ze</wf>
         <wf lemma="klagen" pos="X">klagen</wf>
         <wf lemma="van" pos="X">van</wf>
         <wf lemma="agressief" pos="X">agressief</wf>
         <wf lemma="gedrag" pos="X">gedrag</wf>
         <wf lemma="van" pos="X">van</wf>
         <wf lemma="de" pos="X">de</wf>
         <wf lemma="groepjes" pos="X">groepjes</wf>
         <wf lemma="buitenlandse" pos="X">buitenlandse</wf>
         <wf lemma="jongeren" pos="X">jongeren</wf>
         <wf lemma="die" pos="X">die</wf>
         <wf lemma="altijd" pos="X">altijd</wf>
         <wf lemma="op" pos="X">op</wf>
         <wf lemma="straat" pos="X">straat</wf>
         <instance id="d000.s3883.t000" lemma="rondhangen" pos="VERB">rondhangen</instance>
         <wf lemma="." pos="X">.</wf>
      </sentence>
      <sentence id="d000.s3884" source="wordnet-dutch">
         <wf lemma="de" pos="X">de</wf>
         <wf lemma="boomstam" pos="X">boomstam</wf>
         <instance id="d000.s3884.t000" lemma="vertakken" pos="VERB">vertakt</instance>
         <wf lemma="zich" pos="X">zich</wf>
         <wf lemma="op" pos="X">op</wf>
         <wf lemma="drie" pos="X">drie</wf>
         <wf lemma="meter" pos="X">meter</wf>
         <wf lemma="boven" pos="X">boven</wf>
         <wf lemma="de" pos="X">de</wf>
         <wf lemma="grond" pos="X">grond</wf>
         <wf lemma="." pos="X">.</wf>
      </sentence>
      <sentence id="d000.s3885" source="wordnet-dutch">
         <wf lemma="die" pos="X">die</wf>
         <wf lemma="fouten" pos="X">fouten</wf>
         <wf lemma="zijn" pos="X">zijn</wf>
         <wf lemma="blijkbaar" pos="X">blijkbaar</wf>
         <wf lemma="aan" pos="X">aan</wf>
         <wf lemma="zijn" pos="X">zijn</wf>
         <wf lemma="aandacht" pos="X">aandacht</wf>
         <instance id="d000.s3885.t000" lemma="ontsnappen" pos="VERB">ontsnapt</instance>
         <wf lemma="." pos="X">.</wf>
      </sentence>
      <sentence id="d000.s3886" source="wordnet-dutch">
         <wf lemma="Petroesjka" pos="X">Petroesjka</wf>
         <wf lemma="," pos="X">,</wf>
         <wf lemma="de" pos="X">de</wf>
         <wf lemma="Russische" pos="X">Russische</wf>
         <instance id="d000.s3886.t000" lemma="pendant" pos="NOUN">pendant</instance>
         <wf lemma="van" pos="X">van</wf>
         <wf lemma="onze" pos="X">onze</wf>
         <wf lemma="Jan" pos="X">Jan</wf>
         <wf lemma="Klaasen" pos="X">Klaasen</wf>
         <wf lemma="." pos="X">.</wf>
      </sentence>
      <sentence id="d000.s3887" source="wordnet-dutch">
         <wf lemma="het" pos="X">het</wf>
         <wf lemma="milieubeleid" pos="X">milieubeleid</wf>
         <wf lemma="is" pos="X">is</wf>
         <wf lemma="in" pos="X">in</wf>
         <wf lemma="onze" pos="X">onze</wf>
         <wf lemma="samenleving" pos="X">samenleving</wf>
         <wf lemma="volledig" pos="X">volledig</wf>
         <instance id="d000.s3887.t000" lemma="institutionaliseren" pos="VERB">geïnstitutionaliseerd</instance>
         <wf lemma="." pos="X">.</wf>
      </sentence>
      <sentence id="d000.s3888" source="wordnet-dutch">
         <wf lemma="de" pos="X">de</wf>
         <wf lemma="sterkste" pos="X">sterkste</wf>
         <wf lemma="stijging" pos="X">stijging</wf>
         <wf lemma="werd" pos="X">werd</wf>
         <instance id="d000.s3888.t000" lemma="optekenen" pos="VERB">opgetekend</instance>
         <wf lemma="op" pos="X">op</wf>
         <wf lemma="de" pos="X">de</wf>
         <wf lemma="Duitse" pos="X">Duitse</wf>
         <wf lemma="markt" pos="X">markt</wf>
         <wf lemma="." pos="X">.</wf>
      </sentence>
      <sentence id="d000.s3889" source="wordnet-dutch">
         <wf lemma="het" pos="X">het</wf>
         <instance id="d000.s3889.t000" lemma="huwelijk" pos="NOUN">huwelijk</instance>
         <wf lemma="werd" pos="X">werd</wf>
         <wf lemma="voltrokken" pos="X">voltrokken</wf>
         <wf lemma="door" pos="X">door</wf>
         <wf lemma="een" pos="X">een</wf>
         <wf lemma="ambtenaar" pos="X">ambtenaar</wf>
         <wf lemma="van" pos="X">van</wf>
         <wf lemma="de" pos="X">de</wf>
         <wf lemma="burgerlijke" pos="X">burgerlijke</wf>
         <wf lemma="stand" pos="X">stand</wf>
         <wf lemma="." pos="X">.</wf>
      </sentence>
      <sentence id="d000.s3890" source="wordnet-dutch">
         <wf lemma="De" pos="X">De</wf>
         <wf lemma="tweede" pos="X">tweede</wf>
         <instance id="d000.s3890.t000" lemma="stem" pos="NOUN">stem</instance>
         <wf lemma="van" pos="X">van</wf>
         <wf lemma="het" pos="X">het</wf>
         <wf lemma="nummer" pos="X">nummer</wf>
         <wf lemma="overheerst" pos="X">overheerst</wf>
         <wf lemma="te" pos="X">te</wf>
         <wf lemma="veel" pos="X">veel</wf>
         <wf lemma="." pos="X">.</wf>
      </sentence>
      <sentence id="d000.s3891" source="wordnet-dutch">
         <wf lemma="tijdens" pos="X">tijdens</wf>
         <wf lemma="de" pos="X">de</wf>
         <wf lemma="begrafenisdienst" pos="X">begrafenisdienst</wf>
         <wf lemma="werd" pos="X">werd</wf>
         <wf lemma="hij" pos="X">hij</wf>
         <instance id="d000.s3891.t000" lemma="overmannen" pos="VERB">overmand</instance>
         <wf lemma="door" pos="X">door</wf>
         <wf lemma="verdriet" pos="X">verdriet</wf>
         <wf lemma="." pos="X">.</wf>
      </sentence>
      <sentence id="d000.s3892" source="wordnet-dutch">
         <wf lemma="de" pos="X">de</wf>
         <wf lemma="hele" pos="X">hele</wf>
         <instance id="d000.s3892.t000" lemma="wereld" pos="NOUN">wereld</instance>
         <wf lemma="weet" pos="X">weet</wf>
         <wf lemma="het" pos="X">het</wf>
         <wf lemma="ondertussen" pos="X">ondertussen</wf>
         <wf lemma="." pos="X">.</wf>
      </sentence>
      <sentence id="d000.s3893" source="wordnet-dutch">
         <wf lemma="de" pos="X">de</wf>
         <wf lemma="bilaterale" pos="X">bilaterale</wf>
         <instance id="d000.s3893.t000" lemma="contact" pos="NOUN">contacten</instance>
         <wf lemma="tussen" pos="X">tussen</wf>
         <wf lemma="Duitsland" pos="X">Duitsland</wf>
         <wf lemma="en" pos="X">en</wf>
         <wf lemma="Frankrijk" pos="X">Frankrijk</wf>
         <wf lemma="." pos="X">.</wf>
      </sentence>
      <sentence id="d000.s3894" source="wordnet-dutch">
         <wf lemma="dit" pos="X">dit</wf>
         <wf lemma="vraagstuk" pos="X">vraagstuk</wf>
         <wf lemma="blijft" pos="X">blijft</wf>
         <wf lemma="de" pos="X">de</wf>
         <wf lemma="politieke" pos="X">politieke</wf>
         <instance id="d000.s3894.t000" lemma="agenda" pos="NOUN">agenda</instance>
         <wf lemma="domineren" pos="X">domineren</wf>
         <wf lemma="." pos="X">.</wf>
      </sentence>
      <sentence id="d000.s3895" source="wordnet-dutch">
         <wf lemma="de" pos="X">de</wf>
         <wf lemma="bevolking" pos="X">bevolking</wf>
         <wf lemma="is" pos="X">is</wf>
         <wf lemma="met" pos="X">met</wf>
         <wf lemma="6000" pos="X">6000</wf>
         <wf lemma="mensen" pos="X">mensen</wf>
         <instance id="d000.s3895.t000" lemma="verminderen" pos="VERB">verminderd</instance>
         <wf lemma="." pos="X">.</wf>
      </sentence>
      <sentence id="d000.s3896" source="wordnet-dutch">
         <wf lemma="na" pos="X">na</wf>
         <wf lemma="zijn" pos="X">zijn</wf>
         <wf lemma="debuut" pos="X">debuut</wf>
         <wf lemma="schreef" pos="X">schreef</wf>
         <wf lemma="hij" pos="X">hij</wf>
         <wf lemma="een" pos="X">een</wf>
         <instance id="d000.s3896.t000" lemma="vloed" pos="NOUN">vloed</instance>
         <wf lemma="aan" pos="X">aan</wf>
         <wf lemma="publicaties" pos="X">publicaties</wf>
         <wf lemma="." pos="X">.</wf>
      </sentence>
      <sentence id="d000.s3897" source="wordnet-dutch">
         <wf lemma="een" pos="X">een</wf>
         <instance id="d000.s3897.t000" lemma="boor" pos="NOUN">boortje</instance>
         <wf lemma="van" pos="X">van</wf>
         <wf lemma="[" pos="X">[</wf>
         <wf lemma="8]" pos="X">8]</wf>
         <wf lemma="millimeter" pos="X">millimeter</wf>
         <wf lemma="(" pos="X">(</wf>
         <wf lemma="doorsnee" pos="X">doorsnee</wf>
         <wf lemma=")" pos="X">)</wf>
         <wf lemma="." pos="X">.</wf>
      </sentence>
      <sentence id="d000.s3898" source="wordnet-dutch">
         <wf lemma="het" pos="X">het</wf>
         <wf lemma="is" pos="X">is</wf>
         <wf lemma="een" pos="X">een</wf>
         <instance id="d000.s3898.t000" lemma="bewerking" pos="NOUN">bewerking</instance>
         <wf lemma="van" pos="X">van</wf>
         <wf lemma="een" pos="X">een</wf>
         <wf lemma="oud" pos="X">oud</wf>
         <wf lemma="middeleeuws" pos="X">middeleeuws</wf>
         <wf lemma="toneelstuk" pos="X">toneelstuk</wf>
         <wf lemma="." pos="X">.</wf>
      </sentence>
      <sentence id="d000.s3899" source="wordnet-dutch">
         <wf lemma="bij" pos="X">bij</wf>
         <wf lemma="het" pos="X">het</wf>
         <wf lemma="ongeval" pos="X">ongeval</wf>
         <wf lemma="ontsnapte" pos="X">ontsnapte</wf>
         <wf lemma="een" pos="X">een</wf>
         <wf lemma="onbekende" pos="X">onbekende</wf>
         <instance id="d000.s3899.t000" lemma="hoeveelheid" pos="NOUN">hoeveelheid</instance>
         <wf lemma="chloor" pos="X">chloor</wf>
         <wf lemma="." pos="X">.</wf>
      </sentence>
      <sentence id="d000.s3900" source="wordnet-dutch">
         <wf lemma="hij" pos="X">hij</wf>
         <wf lemma="was" pos="X">was</wf>
         <wf lemma="zo" pos="X">zo</wf>
         <wf lemma="in" pos="X">in</wf>
         <wf lemma="gedachten" pos="X">gedachten</wf>
         <wf lemma="verzonken" pos="X">verzonken</wf>
         <wf lemma="dat" pos="X">dat</wf>
         <wf lemma="hij" pos="X">hij</wf>
         <wf lemma="de" pos="X">de</wf>
         <wf lemma="regen" pos="X">regen</wf>
         <wf lemma="niet" pos="X">niet</wf>
         <instance id="d000.s3900.t000" lemma="opmerken" pos="VERB">opmerkte</instance>
         <wf lemma="." pos="X">.</wf>
      </sentence>
      <sentence id="d000.s3901" source="wordnet-dutch">
         <wf lemma="hij" pos="X">hij</wf>
         <wf lemma="probeerde" pos="X">probeerde</wf>
         <wf lemma="van" pos="X">van</wf>
         <wf lemma="alles" pos="X">alles</wf>
         <wf lemma="te" pos="X">te</wf>
         <instance id="d000.s3901.t000" lemma="ritselen" pos="VERB">ritselen</instance>
         <wf lemma="." pos="X">.</wf>
      </sentence>
      <sentence id="d000.s3902" source="wordnet-dutch">
         <wf lemma="het" pos="X">het</wf>
         <instance id="d000.s3902.t000" lemma="dunken" pos="VERB">dunkt</instance>
         <wf lemma="me" pos="X">me</wf>
         <wf lemma="dat" pos="X">dat</wf>
         <wf lemma="dit" pos="X">dit</wf>
         <wf lemma="wel" pos="X">wel</wf>
         <wf lemma="genoeg" pos="X">genoeg</wf>
         <wf lemma="eten" pos="X">eten</wf>
         <wf lemma="is" pos="X">is</wf>
         <wf lemma="voor" pos="X">voor</wf>
         <wf lemma="iedereen" pos="X">iedereen</wf>
         <wf lemma="." pos="X">.</wf>
      </sentence>
      <sentence id="d000.s3903" source="wordnet-dutch">
         <wf lemma="een" pos="X">een</wf>
         <instance id="d000.s3903.t000" lemma="bloedstolsel" pos="NOUN">bloedstolsel</instance>
         <wf lemma="in" pos="X">in</wf>
         <wf lemma="de" pos="X">de</wf>
         <wf lemma="hersenen" pos="X">hersenen</wf>
         <wf lemma="kan" pos="X">kan</wf>
         <wf lemma="een" pos="X">een</wf>
         <wf lemma="beroerte" pos="X">beroerte</wf>
         <wf lemma="veroorzaken" pos="X">veroorzaken</wf>
         <wf lemma="." pos="X">.</wf>
      </sentence>
      <sentence id="d000.s3904" source="wordnet-dutch">
         <wf lemma="hij" pos="X">hij</wf>
         <instance id="d000.s3904.t000" lemma="roeren" pos="VERB">roerde</instance>
         <wf lemma="met" pos="X">met</wf>
         <wf lemma="zijn" pos="X">zijn</wf>
         <wf lemma="lepel" pos="X">lepel</wf>
         <wf lemma="in" pos="X">in</wf>
         <wf lemma="zijn" pos="X">zijn</wf>
         <wf lemma="kopje" pos="X">kopje</wf>
         <wf lemma="koffie" pos="X">koffie</wf>
         <wf lemma="." pos="X">.</wf>
      </sentence>
      <sentence id="d000.s3905" source="wordnet-dutch">
         <wf lemma="ik" pos="X">ik</wf>
         <wf lemma="zat" pos="X">zat</wf>
         <wf lemma="'s" pos="X">'s</wf>
         <wf lemma="middags" pos="X">middags</wf>
         <wf lemma="maar" pos="X">maar</wf>
         <wf lemma="een" pos="X">een</wf>
         <wf lemma="beetje" pos="X">beetje</wf>
         <wf lemma="achter" pos="X">achter</wf>
         <wf lemma="mijn" pos="X">mijn</wf>
         <wf lemma="bureautje" pos="X">bureautje</wf>
         <wf lemma="te" pos="X">te</wf>
         <instance id="d000.s3905.t000" lemma="suffen" pos="VERB">suffen</instance>
         <wf lemma="." pos="X">.</wf>
      </sentence>
      <sentence id="d000.s3906" source="wordnet-dutch">
         <wf lemma="blijf" pos="X">blijf</wf>
         <wf lemma="je" pos="X">je</wf>
         <wf lemma="wel" pos="X">wel</wf>
         <wf lemma="op" pos="X">op</wf>
         <wf lemma="de" pos="X">de</wf>
         <instance id="d000.s3906.t000" lemma="stoep" pos="NOUN">stoep</instance>
         <wf lemma="met" pos="X">met</wf>
         <wf lemma="je" pos="X">je</wf>
         <wf lemma="step" pos="X">step</wf>
         <wf lemma="," pos="X">,</wf>
         <wf lemma="Jantje" pos="X">Jantje</wf>
         <wf lemma="?" pos="X">?</wf>
      </sentence>
      <sentence id="d000.s3907" source="wordnet-dutch">
         <wf lemma="ik" pos="X">ik</wf>
         <wf lemma="zeg" pos="X">zeg</wf>
         <wf lemma="dat" pos="X">dat</wf>
         <wf lemma="in" pos="X">in</wf>
         <wf lemma="alle" pos="X">alle</wf>
         <instance id="d000.s3907.t000" lemma="ernst" pos="NOUN">ernst</instance>
         <wf lemma="." pos="X">.</wf>
      </sentence>
      <sentence id="d000.s3908" source="wordnet-dutch">
         <wf lemma="op" pos="X">op</wf>
         <instance id="d000.s3908.t000" lemma="aanraden" pos="VERB">aanraden</instance>
         <wf lemma="van" pos="X">van</wf>
         <wf lemma="mijn" pos="X">mijn</wf>
         <wf lemma="vrouw" pos="X">vrouw</wf>
         <wf lemma="poets" pos="X">poets</wf>
         <wf lemma="ik" pos="X">ik</wf>
         <wf lemma="nu" pos="X">nu</wf>
         <wf lemma="om" pos="X">om</wf>
         <wf lemma="de" pos="X">de</wf>
         <wf lemma="week" pos="X">week</wf>
         <wf lemma="mijn" pos="X">mijn</wf>
         <wf lemma="schoenen" pos="X">schoenen</wf>
         <wf lemma="." pos="X">.</wf>
      </sentence>
      <sentence id="d000.s3909" source="wordnet-dutch">
         <wf lemma="hij" pos="X">hij</wf>
         <wf lemma="gaf" pos="X">gaf</wf>
         <wf lemma="me" pos="X">me</wf>
         <wf lemma="zijn" pos="X">zijn</wf>
         <instance id="d000.s3909.t000" lemma="erewoord" pos="NOUN">erewoord</instance>
         <wf lemma="." pos="X">.</wf>
      </sentence>
      <sentence id="d000.s3910" source="wordnet-dutch">
         <wf lemma="een" pos="X">een</wf>
         <instance id="d000.s3910.t000" lemma="ideaalbeeld" pos="NOUN">ideaalbeeld</instance>
         <wf lemma="van" pos="X">van</wf>
         <wf lemma="de" pos="X">de</wf>
         <wf lemma="vrouw" pos="X">vrouw</wf>
         <wf lemma="hebben" pos="X">hebben</wf>
         <wf lemma="." pos="X">.</wf>
      </sentence>
      <sentence id="d000.s3911" source="wordnet-dutch">
         <wf lemma="er" pos="X">er</wf>
         <wf lemma="een" pos="X">een</wf>
         <instance id="d000.s3911.t000" lemma="gewoonte" pos="NOUN">gewoonte</instance>
         <wf lemma="van" pos="X">van</wf>
         <wf lemma="maken" pos="X">maken</wf>
         <wf lemma="vroeger" pos="X">vroeger</wf>
         <wf lemma="op" pos="X">op</wf>
         <wf lemma="te" pos="X">te</wf>
         <wf lemma="staan" pos="X">staan</wf>
         <wf lemma="." pos="X">.</wf>
      </sentence>
      <sentence id="d000.s3912" source="wordnet-dutch">
         <wf lemma="de" pos="X">de</wf>
         <wf lemma="uitslag" pos="X">uitslag</wf>
         <wf lemma="zou" pos="X">zou</wf>
         <wf lemma="hij" pos="X">hij</wf>
         <wf lemma="ons" pos="X">ons</wf>
         <wf lemma="later" pos="X">later</wf>
         <instance id="d000.s3912.t000" lemma="meedelen" pos="VERB">meedelen</instance>
         <wf lemma="." pos="X">.</wf>
      </sentence>
      <sentence id="d000.s3913" source="wordnet-dutch">
         <wf lemma="en" pos="X">en</wf>
         <wf lemma="op" pos="X">op</wf>
         <wf lemma="de" pos="X">de</wf>
         <instance id="d000.s3913.t000" lemma="sax" pos="NOUN">sax</instance>
         <wf lemma="hoort" pos="X">hoort</wf>
         <wf lemma="u" pos="X">u</wf>
         <wf lemma="John" pos="X">John</wf>
         <wf lemma="Coltrane" pos="X">Coltrane</wf>
         <wf lemma="." pos="X">.</wf>
      </sentence>
      <sentence id="d000.s3914" source="wordnet-dutch">
         <wf lemma="als" pos="X">als</wf>
         <wf lemma="teken" pos="X">teken</wf>
         <wf lemma="van" pos="X">van</wf>
         <wf lemma="rouw" pos="X">rouw</wf>
         <wf lemma="droegen" pos="X">droegen</wf>
         <wf lemma="ze" pos="X">ze</wf>
         <wf lemma="een" pos="X">een</wf>
         <wf lemma="zwarte" pos="X">zwarte</wf>
         <instance id="d000.s3914.t000" lemma="armband" pos="NOUN">armband</instance>
         <wf lemma="." pos="X">.</wf>
      </sentence>
      <sentence id="d000.s3915" source="wordnet-dutch">
         <wf lemma="zij" pos="X">zij</wf>
         <wf lemma="gooide" pos="X">gooide</wf>
         <wf lemma="de" pos="X">de</wf>
         <instance id="d000.s3915.t000" lemma="inhoud" pos="NOUN">inhoud</instance>
         <wf lemma="van" pos="X">van</wf>
         <wf lemma="haar" pos="X">haar</wf>
         <wf lemma="tas" pos="X">tas</wf>
         <wf lemma="op" pos="X">op</wf>
         <wf lemma="tafel" pos="X">tafel</wf>
         <wf lemma="." pos="X">.</wf>
      </sentence>
      <sentence id="d000.s3916" source="wordnet-dutch">
         <wf lemma="dat" pos="X">dat</wf>
         <wf lemma="kun" pos="X">kun</wf>
         <wf lemma="je" pos="X">je</wf>
         <wf lemma="in" pos="X">in</wf>
         <wf lemma="alle" pos="X">alle</wf>
         <instance id="d000.s3916.t000" lemma="redelijkheid" pos="NOUN">redelijkheid</instance>
         <wf lemma="niet" pos="X">niet</wf>
         <wf lemma="van" pos="X">van</wf>
         <wf lemma="haar" pos="X">haar</wf>
         <wf lemma="verwachten" pos="X">verwachten</wf>
         <wf lemma="." pos="X">.</wf>
      </sentence>
      <sentence id="d000.s3917" source="wordnet-dutch">
         <wf lemma="Zoals" pos="X">Zoals</wf>
         <wf lemma="elk" pos="X">elk</wf>
         <wf lemma="kind" pos="X">kind</wf>
         <wf lemma="houdt" pos="X">houdt</wf>
         <wf lemma="hij" pos="X">hij</wf>
         <wf lemma="van" pos="X">van</wf>
         <wf lemma="zijn" pos="X">zijn</wf>
         <instance id="d000.s3917.t000" lemma="moeder" pos="NOUN">moeder</instance>
         <wf lemma="." pos="X">.</wf>
      </sentence>
      <sentence id="d000.s3918" source="wordnet-dutch">
         <wf lemma="die" pos="X">die</wf>
         <wf lemma="adviesorganen" pos="X">adviesorganen</wf>
         <wf lemma="zijn" pos="X">zijn</wf>
         <wf lemma="een" pos="X">een</wf>
         <wf lemma="belangrijke" pos="X">belangrijke</wf>
         <instance id="d000.s3918.t000" lemma="schakel" pos="NOUN">schakel</instance>
         <wf lemma="tussen" pos="X">tussen</wf>
         <wf lemma="overheid" pos="X">overheid</wf>
         <wf lemma="en" pos="X">en</wf>
         <wf lemma="burgers" pos="X">burgers</wf>
         <wf lemma="." pos="X">.</wf>
      </sentence>
      <sentence id="d000.s3919" source="wordnet-dutch">
         <wf lemma="de" pos="X">de</wf>
         <wf lemma="pianist" pos="X">pianist</wf>
         <instance id="d000.s3919.t000" lemma="vergasten" pos="VERB">vergastte</instance>
         <wf lemma="het" pos="X">het</wf>
         <wf lemma="publiek" pos="X">publiek</wf>
         <wf lemma="op" pos="X">op</wf>
         <wf lemma="nog" pos="X">nog</wf>
         <wf lemma="twee" pos="X">twee</wf>
         <wf lemma="extra" pos="X">extra</wf>
         <wf lemma="nummers" pos="X">nummers</wf>
         <wf lemma="." pos="X">.</wf>
      </sentence>
      <sentence id="d000.s3920" source="wordnet-dutch">
         <wf lemma="uit" pos="X">uit</wf>
         <wf lemma="de" pos="X">de</wf>
         <instance id="d000.s3920.t000" lemma="verte" pos="NOUN">verte</instance>
         <wf lemma="kon" pos="X">kon</wf>
         <wf lemma="ik" pos="X">ik</wf>
         <wf lemma="zien" pos="X">zien</wf>
         <wf lemma="dat" pos="X">dat</wf>
         <wf lemma="hij" pos="X">hij</wf>
         <wf lemma="dronken" pos="X">dronken</wf>
         <wf lemma="was" pos="X">was</wf>
         <wf lemma="." pos="X">.</wf>
      </sentence>
      <sentence id="d000.s3921" source="wordnet-dutch">
         <wf lemma="hij" pos="X">hij</wf>
         <wf lemma="bleef" pos="X">bleef</wf>
         <wf lemma="soms" pos="X">soms</wf>
         <wf lemma="hele" pos="X">hele</wf>
         <wf lemma="dagen" pos="X">dagen</wf>
         <wf lemma="in" pos="X">in</wf>
         <wf lemma="het" pos="X">het</wf>
         <wf lemma="reservaat" pos="X">reservaat</wf>
         <wf lemma="om" pos="X">om</wf>
         <wf lemma="er" pos="X">er</wf>
         <wf lemma="de" pos="X">de</wf>
         <wf lemma="vogels" pos="X">vogels</wf>
         <wf lemma="te" pos="X">te</wf>
         <instance id="d000.s3921.t000" lemma="observeren" pos="VERB">observeren</instance>
         <wf lemma="." pos="X">.</wf>
      </sentence>
      <sentence id="d000.s3922" source="wordnet-dutch">
         <instance id="d000.s3922.t000" lemma="medium" pos="NOUN">medium</instance>
         <wf lemma="om" pos="X">om</wf>
         <wf lemma="de" pos="X">de</wf>
         <wf lemma="pH" pos="X">pH</wf>
         <wf lemma="te" pos="X">te</wf>
         <wf lemma="beïnvloeden" pos="X">beïnvloeden</wf>
         <wf lemma="." pos="X">.</wf>
      </sentence>
      <sentence id="d000.s3923" source="wordnet-dutch">
         <wf lemma="Alle" pos="X">Alle</wf>
         <wf lemma="leden" pos="X">leden</wf>
         <wf lemma="van" pos="X">van</wf>
         <wf lemma="de" pos="X">de</wf>
         <instance id="d000.s3923.t000" lemma="begeleiding" pos="NOUN">begeleiding</instance>
         <wf lemma="werden" pos="X">werden</wf>
         <wf lemma="doodgeschoten" pos="X">doodgeschoten</wf>
         <wf lemma="." pos="X">.</wf>
      </sentence>
      <sentence id="d000.s3924" source="wordnet-dutch">
         <wf lemma="achteraf" pos="X">achteraf</wf>
         <wf lemma="zal" pos="X">zal</wf>
         <wf lemma="blijken" pos="X">blijken</wf>
         <wf lemma="welke" pos="X">welke</wf>
         <instance id="d000.s3924.t000" lemma="parameter" pos="NOUN">parameters</instance>
         <wf lemma="in" pos="X">in</wf>
         <wf lemma="het" pos="X">het</wf>
         <wf lemma="model" pos="X">model</wf>
         <wf lemma="moeten" pos="X">moeten</wf>
         <wf lemma="worden" pos="X">worden</wf>
         <wf lemma="aangepast" pos="X">aangepast</wf>
         <wf lemma="." pos="X">.</wf>
      </sentence>
      <sentence id="d000.s3925" source="wordnet-dutch">
         <wf lemma="ik" pos="X">ik</wf>
         <wf lemma="zal" pos="X">zal</wf>
         <wf lemma="aan" pos="X">aan</wf>
         <wf lemma="haar" pos="X">haar</wf>
         <instance id="d000.s3925.t000" lemma="doorgeven" pos="VERB">doorgeven</instance>
         <wf lemma="dat" pos="X">dat</wf>
         <wf lemma="je" pos="X">je</wf>
         <wf lemma="langsgekomen" pos="X">langsgekomen</wf>
         <wf lemma="bent" pos="X">bent</wf>
         <wf lemma="." pos="X">.</wf>
      </sentence>
      <sentence id="d000.s3926" source="wordnet-dutch">
         <wf lemma="hij" pos="X">hij</wf>
         <instance id="d000.s3926.t000" lemma="schrijven" pos="VERB">schreef</instance>
         <wf lemma="me" pos="X">me</wf>
         <wf lemma="dat" pos="X">dat</wf>
         <wf lemma="hij" pos="X">hij</wf>
         <wf lemma="niet" pos="X">niet</wf>
         <wf lemma="naar" pos="X">naar</wf>
         <wf lemma="het" pos="X">het</wf>
         <wf lemma="feest" pos="X">feest</wf>
         <wf lemma="kon" pos="X">kon</wf>
         <wf lemma="komen" pos="X">komen</wf>
         <wf lemma="." pos="X">.</wf>
      </sentence>
      <sentence id="d000.s3927" source="wordnet-dutch">
         <wf lemma="Stadskanaal" pos="X">Stadskanaal</wf>
         <instance id="d000.s3927.t000" lemma="liggen" pos="VERB">ligt</instance>
         <wf lemma="in" pos="X">in</wf>
         <wf lemma="Groningen" pos="X">Groningen</wf>
         <wf lemma="." pos="X">.</wf>
      </sentence>
      <sentence id="d000.s3928" source="wordnet-dutch">
         <wf lemma="in" pos="X">in</wf>
         <wf lemma="Friesland" pos="X">Friesland</wf>
         <wf lemma="is" pos="X">is</wf>
         <wf lemma="de" pos="X">de</wf>
         <wf lemma="volksheld" pos="X">volksheld</wf>
         <wf lemma="Grote" pos="X">Grote</wf>
         <wf lemma="Pier" pos="X">Pier</wf>
         <wf lemma="een" pos="X">een</wf>
         <wf lemma="mythische" pos="X">mythische</wf>
         <instance id="d000.s3928.t000" lemma="figuur" pos="NOUN">figuur</instance>
         <wf lemma="." pos="X">.</wf>
      </sentence>
      <sentence id="d000.s3929" source="wordnet-dutch">
         <wf lemma="de" pos="X">de</wf>
         <wf lemma="brahmanen" pos="X">brahmanen</wf>
         <wf lemma="vormen" pos="X">vormen</wf>
         <wf lemma="de" pos="X">de</wf>
         <wf lemma="hoogste" pos="X">hoogste</wf>
         <instance id="d000.s3929.t000" lemma="kaste" pos="NOUN">kaste</instance>
         <wf lemma="." pos="X">.</wf>
      </sentence>
      <sentence id="d000.s3930" source="wordnet-dutch">
         <wf lemma="hij" pos="X">hij</wf>
         <wf lemma="krijgt" pos="X">krijgt</wf>
         <wf lemma="een" pos="X">een</wf>
         <instance id="d000.s3930.t000" lemma="voorproefje" pos="NOUN">voorproefje</instance>
         <wf lemma="van" pos="X">van</wf>
         <wf lemma="wat" pos="X">wat</wf>
         <wf lemma="hem" pos="X">hem</wf>
         <wf lemma="nog" pos="X">nog</wf>
         <wf lemma="te" pos="X">te</wf>
         <wf lemma="wachten" pos="X">wachten</wf>
         <wf lemma="staat" pos="X">staat</wf>
         <wf lemma="." pos="X">.</wf>
      </sentence>
      <sentence id="d000.s3931" source="wordnet-dutch">
         <wf lemma="wegens" pos="X">wegens</wf>
         <wf lemma="ziekte" pos="X">ziekte</wf>
         <wf lemma="van" pos="X">van</wf>
         <wf lemma="de" pos="X">de</wf>
         <wf lemma="hoofdrolspeler" pos="X">hoofdrolspeler</wf>
         <wf lemma="is" pos="X">is</wf>
         <wf lemma="de" pos="X">de</wf>
         <wf lemma="voorstelling" pos="X">voorstelling</wf>
         <wf lemma="van" pos="X">van</wf>
         <wf lemma="vanavond" pos="X">vanavond</wf>
         <instance id="d000.s3931.t000" lemma="annuleren" pos="VERB">geannuleerd</instance>
         <wf lemma="." pos="X">.</wf>
      </sentence>
      <sentence id="d000.s3932" source="wordnet-dutch">
         <wf lemma="hij" pos="X">hij</wf>
         <instance id="d000.s3932.t000" lemma="richten" pos="VERB">richt</instance>
         <wf lemma="zich" pos="X">zich</wf>
         <wf lemma="in" pos="X">in</wf>
         <wf lemma="zijn" pos="X">zijn</wf>
         <wf lemma="kleding" pos="X">kleding</wf>
         <wf lemma="altijd" pos="X">altijd</wf>
         <wf lemma="naar" pos="X">naar</wf>
         <wf lemma="de" pos="X">de</wf>
         <wf lemma="nieuwste" pos="X">nieuwste</wf>
         <wf lemma="mode" pos="X">mode</wf>
         <wf lemma="." pos="X">.</wf>
      </sentence>
      <sentence id="d000.s3933" source="wordnet-dutch">
         <wf lemma="er" pos="X">er</wf>
         <wf lemma="zijn" pos="X">zijn</wf>
         <wf lemma="ook" pos="X">ook</wf>
         <wf lemma="agrariërs" pos="X">agrariërs</wf>
         <wf lemma="die" pos="X">die</wf>
         <instance id="d000.s3933.t000" lemma="omschakelen" pos="VERB">omschakelen</instance>
         <wf lemma="naar" pos="X">naar</wf>
         <wf lemma="ecologische" pos="X">ecologische</wf>
         <wf lemma="teelten" pos="X">teelten</wf>
         <wf lemma="." pos="X">.</wf>
      </sentence>
      <sentence id="d000.s3934" source="wordnet-dutch">
         <wf lemma="De" pos="X">De</wf>
         <wf lemma="oude" pos="X">oude</wf>
         <wf lemma="Grieken" pos="X">Grieken</wf>
         <wf lemma="stichtten" pos="X">stichtten</wf>
         <wf lemma="diverse" pos="X">diverse</wf>
         <instance id="d000.s3934.t000" lemma="kolonie" pos="NOUN">kolonies</instance>
         <wf lemma="rond" pos="X">rond</wf>
         <wf lemma="de" pos="X">de</wf>
         <wf lemma="Middellandse" pos="X">Middellandse</wf>
         <wf lemma="Zee" pos="X">Zee</wf>
         <wf lemma="." pos="X">.</wf>
      </sentence>
      <sentence id="d000.s3935" source="wordnet-dutch">
         <wf lemma="in" pos="X">in</wf>
         <instance id="d000.s3935.t000" lemma="beginsel" pos="NOUN">beginsel</instance>
         <wf lemma="gaat" pos="X">gaat</wf>
         <wf lemma="men" pos="X">men</wf>
         <wf lemma="uit" pos="X">uit</wf>
         <wf lemma="van" pos="X">van</wf>
         <wf lemma="de" pos="X">de</wf>
         <wf lemma="grondwet" pos="X">grondwet</wf>
         <wf lemma="." pos="X">.</wf>
      </sentence>
      <sentence id="d000.s3936" source="wordnet-dutch">
         <wf lemma="na" pos="X">na</wf>
         <wf lemma="verloop" pos="X">verloop</wf>
         <wf lemma="van" pos="X">van</wf>
         <wf lemma="tijd" pos="X">tijd</wf>
         <wf lemma="zullen" pos="X">zullen</wf>
         <wf lemma="de" pos="X">de</wf>
         <instance id="d000.s3936.t000" lemma="fontanel" pos="NOUN">fontanellen</instance>
         <wf lemma="zich" pos="X">zich</wf>
         <wf lemma="sluiten" pos="X">sluiten</wf>
         <wf lemma="." pos="X">.</wf>
      </sentence>
      <sentence id="d000.s3937" source="wordnet-dutch">
         <wf lemma="de" pos="X">de</wf>
         <wf lemma="minister" pos="X">minister</wf>
         <wf lemma="heeft" pos="X">heeft</wf>
         <wf lemma="zich" pos="X">zich</wf>
         <instance id="d000.s3937.t000" lemma="verweren" pos="VERB">verweerd</instance>
         <wf lemma="tegen" pos="X">tegen</wf>
         <wf lemma="de" pos="X">de</wf>
         <wf lemma="harde" pos="X">harde</wf>
         <wf lemma="kritiek" pos="X">kritiek</wf>
         <wf lemma="." pos="X">.</wf>
      </sentence>
      <sentence id="d000.s3938" source="wordnet-dutch">
         <wf lemma="zullen" pos="X">zullen</wf>
         <wf lemma="we" pos="X">we</wf>
         <wf lemma="een" pos="X">een</wf>
         <wf lemma="taxi" pos="X">taxi</wf>
         <instance id="d000.s3938.t000" lemma="nemen" pos="VERB">nemen</instance>
         <wf lemma="?" pos="X">?</wf>
      </sentence>
      <sentence id="d000.s3939" source="wordnet-dutch">
         <wf lemma="zonder" pos="X">zonder</wf>
         <wf lemma="ook" pos="X">ook</wf>
         <wf lemma="maar" pos="X">maar</wf>
         <wf lemma="een" pos="X">een</wf>
         <instance id="d000.s3939.t000" lemma="spoor" pos="NOUN">spoor</instance>
         <wf lemma="van" pos="X">van</wf>
         <wf lemma="ongeduld" pos="X">ongeduld</wf>
         <wf lemma="bleef" pos="X">bleef</wf>
         <wf lemma="hij" pos="X">hij</wf>
         <wf lemma="de" pos="X">de</wf>
         <wf lemma="vragen" pos="X">vragen</wf>
         <wf lemma="beantwoorden" pos="X">beantwoorden</wf>
         <wf lemma="." pos="X">.</wf>
      </sentence>
      <sentence id="d000.s3940" source="wordnet-dutch">
         <wf lemma="Het" pos="X">Het</wf>
         <wf lemma="verkeersbord" pos="X">verkeersbord</wf>
         <wf lemma="waarschuwde" pos="X">waarschuwde</wf>
         <wf lemma="voor" pos="X">voor</wf>
         <wf lemma="een" pos="X">een</wf>
         <wf lemma="gevaarlijke" pos="X">gevaarlijke</wf>
         <instance id="d000.s3940.t000" lemma="daling" pos="NOUN">daling</instance>
         <wf lemma="." pos="X">.</wf>
      </sentence>
      <sentence id="d000.s3941" source="wordnet-dutch">
         <wf lemma="hoog" pos="X">hoog</wf>
         <wf lemma="op" pos="X">op</wf>
         <wf lemma="de" pos="X">de</wf>
         <wf lemma="agenda" pos="X">agenda</wf>
         <wf lemma="stond" pos="X">stond</wf>
         <wf lemma="de" pos="X">de</wf>
         <instance id="d000.s3941.t000" lemma="eerbiediging" pos="NOUN">eerbiediging</instance>
         <wf lemma="van" pos="X">van</wf>
         <wf lemma="de" pos="X">de</wf>
         <wf lemma="mensenrechten" pos="X">mensenrechten</wf>
         <wf lemma="." pos="X">.</wf>
      </sentence>
      <sentence id="d000.s3942" source="wordnet-dutch">
         <wf lemma="toen" pos="X">toen</wf>
         <wf lemma="pas" pos="X">pas</wf>
         <wf lemma="deed" pos="X">deed</wf>
         <wf lemma="dat" pos="X">dat</wf>
         <wf lemma="tekort" pos="X">tekort</wf>
         <wf lemma="zich" pos="X">zich</wf>
         <wf lemma="sterk" pos="X">sterk</wf>
         <instance id="d000.s3942.t000" lemma="voelen" pos="VERB">voelen</instance>
         <wf lemma="." pos="X">.</wf>
      </sentence>
      <sentence id="d000.s3943" source="wordnet-dutch">
         <wf lemma="Volg" pos="X">Volg</wf>
         <wf lemma="hem" pos="X">hem</wf>
         <wf lemma="niet" pos="X">niet</wf>
         <wf lemma="want" pos="X">want</wf>
         <wf lemma="dat" pos="X">dat</wf>
         <wf lemma="zal" pos="X">zal</wf>
         <wf lemma="je" pos="X">je</wf>
         <wf lemma="slecht" pos="X">slecht</wf>
         <instance id="d000.s3943.t000" lemma="bekomen" pos="VERB">bekomen</instance>
         <wf lemma="." pos="X">.</wf>
      </sentence>
      <sentence id="d000.s3944" source="wordnet-dutch">
         <wf lemma="het" pos="X">het</wf>
         <instance id="d000.s3944.t000" lemma="mankeren" pos="VERB">mankeert</instance>
         <wf lemma="me" pos="X">me</wf>
         <wf lemma="aan" pos="X">aan</wf>
         <wf lemma="voldoende" pos="X">voldoende</wf>
         <wf lemma="geld" pos="X">geld</wf>
         <wf lemma="." pos="X">.</wf>
      </sentence>
      <sentence id="d000.s3945" source="wordnet-dutch">
         <wf lemma="De" pos="X">De</wf>
         <wf lemma="glazen" pos="X">glazen</wf>
         <instance id="d000.s3945.t000" lemma="klok" pos="NOUN">klok</instance>
         <wf lemma="over" pos="X">over</wf>
         <wf lemma="je" pos="X">je</wf>
         <wf lemma="bord" pos="X">bord</wf>
         <wf lemma="houdt" pos="X">houdt</wf>
         <wf lemma="je" pos="X">je</wf>
         <wf lemma="eten" pos="X">eten</wf>
         <wf lemma="warm" pos="X">warm</wf>
         <wf lemma="." pos="X">.</wf>
      </sentence>
      <sentence id="d000.s3946" source="wordnet-dutch">
         <wf lemma="de" pos="X">de</wf>
         <wf lemma="centrum-linkse" pos="X">centrum-linkse</wf>
         <wf lemma="en" pos="X">en</wf>
         <wf lemma="centrum-rechtse" pos="X">centrum-rechtse</wf>
         <wf lemma="partijen" pos="X">partijen</wf>
         <wf lemma="moeten" pos="X">moeten</wf>
         <wf lemma="een" pos="X">een</wf>
         <instance id="d000.s3946.t000" lemma="alliantie" pos="NOUN">alliantie</instance>
         <wf lemma="vormen" pos="X">vormen</wf>
         <wf lemma="om" pos="X">om</wf>
         <wf lemma="te" pos="X">te</wf>
         <wf lemma="verhinderen" pos="X">verhinderen</wf>
         <wf lemma="dat" pos="X">dat</wf>
         <wf lemma="extreem-rechts" pos="X">extreem-rechts</wf>
         <wf lemma="de" pos="X">de</wf>
         <wf lemma="verkiezingen" pos="X">verkiezingen</wf>
         <wf lemma="wint" pos="X">wint</wf>
         <wf lemma="." pos="X">.</wf>
      </sentence>
      <sentence id="d000.s3947" source="wordnet-dutch">
         <wf lemma="het" pos="X">het</wf>
         <wf lemma="huis" pos="X">huis</wf>
         <instance id="d000.s3947.t000" lemma="dreunen" pos="VERB">dreunde</instance>
         <wf lemma="toen" pos="X">toen</wf>
         <wf lemma="er" pos="X">er</wf>
         <wf lemma="een" pos="X">een</wf>
         <wf lemma="vrachtwagen" pos="X">vrachtwagen</wf>
         <wf lemma="voorbij" pos="X">voorbij</wf>
         <wf lemma="reed" pos="X">reed</wf>
         <wf lemma="." pos="X">.</wf>
      </sentence>
      <sentence id="d000.s3948" source="wordnet-dutch">
         <wf lemma="ik" pos="X">ik</wf>
         <wf lemma="heb" pos="X">heb</wf>
         <wf lemma="veel" pos="X">veel</wf>
         <wf lemma="vreugde" pos="X">vreugde</wf>
         <instance id="d000.s3948.t000" lemma="beleven" pos="VERB">beleefd</instance>
         <wf lemma="aan" pos="X">aan</wf>
         <wf lemma="'" pos="X">'</wf>
         <wf lemma="zijn" pos="X">zijn</wf>
         <wf lemma="gezelschap'/'die" pos="X">gezelschap'/'die</wf>
         <wf lemma="auto" pos="X">auto</wf>
         <wf lemma="'." pos="X">'.</wf>
      </sentence>
      <sentence id="d000.s3949" source="wordnet-dutch">
         <wf lemma="we" pos="X">we</wf>
         <wf lemma="moeten" pos="X">moeten</wf>
         <wf lemma="het" pos="X">het</wf>
         <wf lemma="algemeen" pos="X">algemeen</wf>
         <wf lemma="maatschappelijk" pos="X">maatschappelijk</wf>
         <wf lemma="belang" pos="X">belang</wf>
         <wf lemma="in" pos="X">in</wf>
         <wf lemma="dit" pos="X">dit</wf>
         <wf lemma="geval" pos="X">geval</wf>
         <wf lemma="laten" pos="X">laten</wf>
         <instance id="d000.s3949.t000" lemma="prevaleren" pos="VERB">prevaleren</instance>
         <wf lemma="boven" pos="X">boven</wf>
         <wf lemma="het" pos="X">het</wf>
         <wf lemma="individuele" pos="X">individuele</wf>
         <wf lemma="belang" pos="X">belang</wf>
         <wf lemma="." pos="X">.</wf>
      </sentence>
      <sentence id="d000.s3950" source="wordnet-dutch">
         <wf lemma="Er" pos="X">Er</wf>
         <wf lemma="zijn" pos="X">zijn</wf>
         <wf lemma="duistere" pos="X">duistere</wf>
         <instance id="d000.s3950.t000" lemma="kracht" pos="NOUN">krachten</instance>
         <wf lemma="in" pos="X">in</wf>
         <wf lemma="het" pos="X">het</wf>
         <wf lemma="spel" pos="X">spel</wf>
         <wf lemma="." pos="X">.</wf>
      </sentence>
      <sentence id="d000.s3951" source="wordnet-dutch">
         <wf lemma="de" pos="X">de</wf>
         <wf lemma="thuisploeg" pos="X">thuisploeg</wf>
         <instance id="d000.s3951.t000" lemma="reageren" pos="VERB">reageerde</instance>
         <wf lemma="met" pos="X">met</wf>
         <wf lemma="een" pos="X">een</wf>
         <wf lemma="tegenaanval" pos="X">tegenaanval</wf>
         <wf lemma="." pos="X">.</wf>
      </sentence>
      <sentence id="d000.s3952" source="wordnet-dutch">
         <wf lemma="die" pos="X">die</wf>
         <wf lemma="film" pos="X">film</wf>
         <wf lemma="heeft" pos="X">heeft</wf>
         <wf lemma="een" pos="X">een</wf>
         <wf lemma="hoge" pos="X">hoge</wf>
         <instance id="d000.s3952.t000" lemma="snelheid" pos="NOUN">snelheid</instance>
         <wf lemma="." pos="X">.</wf>
      </sentence>
      <sentence id="d000.s3953" source="wordnet-dutch">
         <wf lemma="voor" pos="X">voor</wf>
         <wf lemma="meer" pos="X">meer</wf>
         <wf lemma="informatie" pos="X">informatie</wf>
         <instance id="d000.s3953.t000" lemma="verwijzen" pos="VERB">verwijs</instance>
         <wf lemma="ik" pos="X">ik</wf>
         <wf lemma="u" pos="X">u</wf>
         <wf lemma="naar" pos="X">naar</wf>
         <wf lemma="onze" pos="X">onze</wf>
         <wf lemma="secretaris" pos="X">secretaris</wf>
         <wf lemma="." pos="X">.</wf>
      </sentence>
      <sentence id="d000.s3954" source="wordnet-dutch">
         <wf lemma="een" pos="X">een</wf>
         <wf lemma="middel" pos="X">middel</wf>
         <wf lemma="om" pos="X">om</wf>
         <wf lemma="de" pos="X">de</wf>
         <instance id="d000.s3954.t000" lemma="pijn" pos="NOUN">pijn</instance>
         <wf lemma="tegen" pos="X">tegen</wf>
         <wf lemma="te" pos="X">te</wf>
         <wf lemma="gaan" pos="X">gaan</wf>
         <wf lemma="." pos="X">.</wf>
      </sentence>
      <sentence id="d000.s3955" source="wordnet-dutch">
         <wf lemma="zonder" pos="X">zonder</wf>
         <instance id="d000.s3955.t000" lemma="schromen" pos="VERB">schromen</instance>
         <wf lemma="stapte" pos="X">stapte</wf>
         <wf lemma="hij" pos="X">hij</wf>
         <wf lemma="op" pos="X">op</wf>
         <wf lemma="de" pos="X">de</wf>
         <wf lemma="vervaarlijk" pos="X">vervaarlijk</wf>
         <wf lemma="blaffende" pos="X">blaffende</wf>
         <wf lemma="hond" pos="X">hond</wf>
         <wf lemma="af" pos="X">af</wf>
         <wf lemma="." pos="X">.</wf>
      </sentence>
      <sentence id="d000.s3956" source="wordnet-dutch">
         <wf lemma="jij" pos="X">jij</wf>
         <wf lemma="woont" pos="X">woont</wf>
         <wf lemma="wel" pos="X">wel</wf>
         <wf lemma="heel" pos="X">heel</wf>
         <wf lemma="erg" pos="X">erg</wf>
         <wf lemma="(" pos="X">(</wf>
         <wf lemma="ver" pos="X">ver</wf>
         <wf lemma=")" pos="X">)</wf>
         <wf lemma="uit" pos="X">uit</wf>
         <wf lemma="de" pos="X">de</wf>
         <instance id="d000.s3956.t000" lemma="buurt" pos="NOUN">buurt</instance>
         <wf lemma="." pos="X">.</wf>
      </sentence>
      <sentence id="d000.s3957" source="wordnet-dutch">
         <wf lemma="op" pos="X">op</wf>
         <instance id="d000.s3957.t000" lemma="commando" pos="NOUN">commando</instance>
         <wf lemma="klommen" pos="X">klommen</wf>
         <wf lemma="de" pos="X">de</wf>
         <wf lemma="mariniers" pos="X">mariniers</wf>
         <wf lemma="over" pos="X">over</wf>
         <wf lemma="het" pos="X">het</wf>
         <wf lemma="hek" pos="X">hek</wf>
         <wf lemma="." pos="X">.</wf>
      </sentence>
      <sentence id="d000.s3958" source="wordnet-dutch">
         <wf lemma="in" pos="X">in</wf>
         <wf lemma="een" pos="X">een</wf>
         <instance id="d000.s3958.t000" lemma="flits" pos="NOUN">flits</instance>
         <wf lemma="was" pos="X">was</wf>
         <wf lemma="de" pos="X">de</wf>
         <wf lemma="afwas" pos="X">afwas</wf>
         <wf lemma="gedaan" pos="X">gedaan</wf>
         <wf lemma="." pos="X">.</wf>
      </sentence>
      <sentence id="d000.s3959" source="wordnet-dutch">
         <wf lemma="zulke" pos="X">zulke</wf>
         <wf lemma="cafés" pos="X">cafés</wf>
         <wf lemma="kan" pos="X">kan</wf>
         <wf lemma="je" pos="X">je</wf>
         <wf lemma="beter" pos="X">beter</wf>
         <instance id="d000.s3959.t000" lemma="mijden" pos="VERB">mijden</instance>
         <wf lemma="." pos="X">.</wf>
      </sentence>
      <sentence id="d000.s3960" source="wordnet-dutch">
         <wf lemma="een" pos="X">een</wf>
         <wf lemma="auto" pos="X">auto</wf>
         <wf lemma="met" pos="X">met</wf>
         <wf lemma="een" pos="X">een</wf>
         <wf lemma="sportief" pos="X">sportief</wf>
         <instance id="d000.s3960.t000" lemma="karakter" pos="NOUN">karakter</instance>
         <wf lemma="." pos="X">.</wf>
      </sentence>
      <sentence id="d000.s3961" source="wordnet-dutch">
         <wf lemma="er" pos="X">er</wf>
         <wf lemma="is" pos="X">is</wf>
         <wf lemma="een" pos="X">een</wf>
         <wf lemma="beloning" pos="X">beloning</wf>
         <wf lemma="uitgeloofd" pos="X">uitgeloofd</wf>
         <wf lemma="voor" pos="X">voor</wf>
         <wf lemma="de" pos="X">de</wf>
         <wf lemma="tip" pos="X">tip</wf>
         <wf lemma="die" pos="X">die</wf>
         <wf lemma="tot" pos="X">tot</wf>
         <wf lemma="de" pos="X">de</wf>
         <instance id="d000.s3961.t000" lemma="arrestatie" pos="NOUN">arrestatie</instance>
         <wf lemma="van" pos="X">van</wf>
         <wf lemma="de" pos="X">de</wf>
         <wf lemma="daders" pos="X">daders</wf>
         <wf lemma="leidt" pos="X">leidt</wf>
         <wf lemma="." pos="X">.</wf>
      </sentence>
      <sentence id="d000.s3962" source="wordnet-dutch">
         <wf lemma="de" pos="X">de</wf>
         <wf lemma="schaakgrootmeester" pos="X">schaakgrootmeester</wf>
         <wf lemma="heeft" pos="X">heeft</wf>
         <wf lemma="niet" pos="X">niet</wf>
         <wf lemma="tijdig" pos="X">tijdig</wf>
         <instance id="d000.s3962.t000" lemma="doorzien" pos="VERB">doorzien</instance>
         <wf lemma="wat" pos="X">wat</wf>
         <wf lemma="zijn" pos="X">zijn</wf>
         <wf lemma="tegenspeler" pos="X">tegenspeler</wf>
         <wf lemma="van" pos="X">van</wf>
         <wf lemma="plan" pos="X">plan</wf>
         <wf lemma="was" pos="X">was</wf>
         <wf lemma="." pos="X">.</wf>
      </sentence>
      <sentence id="d000.s3963" source="wordnet-dutch">
         <wf lemma="vol" pos="X">vol</wf>
         <instance id="d000.s3963.t000" lemma="afschuw" pos="NOUN">afschuw</instance>
         <wf lemma="keken" pos="X">keken</wf>
         <wf lemma="we" pos="X">we</wf>
         <wf lemma="toe" pos="X">toe</wf>
         <wf lemma="." pos="X">.</wf>
      </sentence>
      <sentence id="d000.s3964" source="wordnet-dutch">
         <wf lemma="een" pos="X">een</wf>
         <wf lemma="dikke" pos="X">dikke</wf>
         <wf lemma="laag" pos="X">laag</wf>
         <wf lemma="olie" pos="X">olie</wf>
         <instance id="d000.s3964.t000" lemma="drijven" pos="VERB">drijft</instance>
         <wf lemma="op" pos="X">op</wf>
         <wf lemma="het" pos="X">het</wf>
         <wf lemma="water" pos="X">water</wf>
         <wf lemma="." pos="X">.</wf>
      </sentence>
      <sentence id="d000.s3965" source="wordnet-dutch">
         <wf lemma="Maradonna" pos="X">Maradonna</wf>
         <wf lemma="speelt" pos="X">speelt</wf>
         <wf lemma="tussen" pos="X">tussen</wf>
         <wf lemma="de" pos="X">de</wf>
         <instance id="d000.s3965.t000" lemma="linie" pos="NOUN">linies</instance>
         <wf lemma="." pos="X">.</wf>
      </sentence>
      <sentence id="d000.s3966" source="wordnet-dutch">
         <wf lemma="zei" pos="X">zei</wf>
         <wf lemma="hij" pos="X">hij</wf>
         <wf lemma="met" pos="X">met</wf>
         <wf lemma="een" pos="X">een</wf>
         <instance id="d000.s3966.t000" lemma="variant" pos="NOUN">variant</instance>
         <wf lemma="op" pos="X">op</wf>
         <wf lemma="wat" pos="X">wat</wf>
         <wf lemma="zijn" pos="X">zijn</wf>
         <wf lemma="voorganger" pos="X">voorganger</wf>
         <wf lemma="in" pos="X">in</wf>
         <wf lemma="zijn" pos="X">zijn</wf>
         <wf lemma="memoires" pos="X">memoires</wf>
         <wf lemma="heeft" pos="X">heeft</wf>
         <wf lemma="geschreven" pos="X">geschreven</wf>
         <wf lemma="." pos="X">.</wf>
      </sentence>
      <sentence id="d000.s3967" source="wordnet-dutch">
         <wf lemma="de" pos="X">de</wf>
         <wf lemma="Hutu-milities" pos="X">Hutu-milities</wf>
         <instance id="d000.s3967.t000" lemma="terroriseren" pos="VERB">terroriseren</instance>
         <wf lemma="er" pos="X">er</wf>
         <wf lemma="de" pos="X">de</wf>
         <wf lemma="burgerbevolking" pos="X">burgerbevolking</wf>
         <wf lemma="." pos="X">.</wf>
      </sentence>
      <sentence id="d000.s3968" source="wordnet-dutch">
         <wf lemma="het" pos="X">het</wf>
         <wf lemma="hele" pos="X">hele</wf>
         <wf lemma="concert" pos="X">concert</wf>
         <wf lemma="werd" pos="X">werd</wf>
         <instance id="d000.s3968.t000" lemma="afgelasten" pos="VERB">afgelast</instance>
         <wf lemma="." pos="X">.</wf>
      </sentence>
      <sentence id="d000.s3969" source="wordnet-dutch">
         <wf lemma="ons" pos="X">ons</wf>
         <wf lemma="huis" pos="X">huis</wf>
         <wf lemma="staat" pos="X">staat</wf>
         <wf lemma="te" pos="X">te</wf>
         <instance id="d000.s3969.t000" lemma="koop" pos="NOUN">koop</instance>
         <wf lemma="." pos="X">.</wf>
      </sentence>
      <sentence id="d000.s3970" source="wordnet-dutch">
         <wf lemma="de" pos="X">de</wf>
         <wf lemma="spits" pos="X">spits</wf>
         <instance id="d000.s3970.t000" lemma="mikken" pos="VERB">mikte</instance>
         <wf lemma="de" pos="X">de</wf>
         <wf lemma="bal" pos="X">bal</wf>
         <wf lemma="in" pos="X">in</wf>
         <wf lemma="de" pos="X">de</wf>
         <wf lemma="hoek" pos="X">hoek</wf>
         <wf lemma="van" pos="X">van</wf>
         <wf lemma="het" pos="X">het</wf>
         <wf lemma="doel" pos="X">doel</wf>
         <wf lemma="." pos="X">.</wf>
      </sentence>
      <sentence id="d000.s3971" source="wordnet-dutch">
         <wf lemma="bij" pos="X">bij</wf>
         <wf lemma="die" pos="X">die</wf>
         <wf lemma="drukkerij" pos="X">drukkerij</wf>
         <wf lemma="kan" pos="X">kan</wf>
         <wf lemma="je" pos="X">je</wf>
         <wf lemma="boeken" pos="X">boeken</wf>
         <wf lemma="laten" pos="X">laten</wf>
         <instance id="d000.s3971.t000" lemma="drukken" pos="VERB">drukken</instance>
         <wf lemma="." pos="X">.</wf>
      </sentence>
      <sentence id="d000.s3972" source="wordnet-dutch">
         <wf lemma="na" pos="X">na</wf>
         <wf lemma="dat" pos="X">dat</wf>
         <wf lemma="incident" pos="X">incident</wf>
         <wf lemma="heeft" pos="X">heeft</wf>
         <wf lemma="hij" pos="X">hij</wf>
         <wf lemma="onmiddellijk" pos="X">onmiddellijk</wf>
         <wf lemma="zijn" pos="X">zijn</wf>
         <wf lemma="lidmaatschap" pos="X">lidmaatschap</wf>
         <wf lemma="bij" pos="X">bij</wf>
         <wf lemma="de" pos="X">de</wf>
         <wf lemma="vereniging" pos="X">vereniging</wf>
         <instance id="d000.s3972.t000" lemma="opzeggen" pos="VERB">opgezegd</instance>
         <wf lemma="." pos="X">.</wf>
      </sentence>
      <sentence id="d000.s3973" source="wordnet-dutch">
         <wf lemma="Er" pos="X">Er</wf>
         <wf lemma="zijn" pos="X">zijn</wf>
         <wf lemma="tekenen" pos="X">tekenen</wf>
         <wf lemma="van" pos="X">van</wf>
         <wf lemma="herstel" pos="X">herstel</wf>
         <wf lemma="in" pos="X">in</wf>
         <wf lemma="de" pos="X">de</wf>
         <wf lemma="toeristische" pos="X">toeristische</wf>
         <instance id="d000.s3973.t000" lemma="sector" pos="NOUN">sector</instance>
         <wf lemma="in" pos="X">in</wf>
         <wf lemma="Amsterdam" pos="X">Amsterdam</wf>
         <wf lemma="." pos="X">.</wf>
      </sentence>
      <sentence id="d000.s3974" source="wordnet-dutch">
         <wf lemma="allerlei" pos="X">allerlei</wf>
         <wf lemma="gedachten/beelden" pos="X">gedachten/beelden</wf>
         <instance id="d000.s3974.t000" lemma="flitsen" pos="VERB">flitsten</instance>
         <wf lemma="door" pos="X">door</wf>
         <wf lemma="mijn" pos="X">mijn</wf>
         <wf lemma="hoofd" pos="X">hoofd</wf>
         <wf lemma="." pos="X">.</wf>
      </sentence>
      <sentence id="d000.s3975" source="wordnet-dutch">
         <wf lemma="die" pos="X">die</wf>
         <wf lemma="trui" pos="X">trui</wf>
         <wf lemma="in" pos="X">in</wf>
         <instance id="d000.s3975.t000" lemma="combinatie" pos="NOUN">combinatie</instance>
         <wf lemma="met" pos="X">met</wf>
         <wf lemma="die" pos="X">die</wf>
         <wf lemma="broek" pos="X">broek</wf>
         <wf lemma="levert" pos="X">levert</wf>
         <wf lemma="een" pos="X">een</wf>
         <wf lemma="leuk" pos="X">leuk</wf>
         <wf lemma="geheel" pos="X">geheel</wf>
         <wf lemma="." pos="X">.</wf>
      </sentence>
      <sentence id="d000.s3976" source="wordnet-dutch">
         <wf lemma="Na" pos="X">Na</wf>
         <wf lemma="de" pos="X">de</wf>
         <instance id="d000.s3976.t000" lemma="regen" pos="NOUN">regen</instance>
         <wf lemma="komt" pos="X">komt</wf>
         <wf lemma="de" pos="X">de</wf>
         <wf lemma="zon" pos="X">zon</wf>
         <wf lemma="op" pos="X">op</wf>
         <wf lemma="en" pos="X">en</wf>
         <wf lemma="wordt" pos="X">wordt</wf>
         <wf lemma="alles" pos="X">alles</wf>
         <wf lemma="droog" pos="X">droog</wf>
         <wf lemma="." pos="X">.</wf>
      </sentence>
      <sentence id="d000.s3977" source="wordnet-dutch">
         <wf lemma="hij" pos="X">hij</wf>
         <wf lemma="heeft" pos="X">heeft</wf>
         <wf lemma="veel" pos="X">veel</wf>
         <instance id="d000.s3977.t000" lemma="feeling" pos="NOUN">feeling</instance>
         <wf lemma="voor" pos="X">voor</wf>
         <wf lemma="het" pos="X">het</wf>
         <wf lemma="kappersvak" pos="X">kappersvak</wf>
         <wf lemma="." pos="X">.</wf>
      </sentence>
      <sentence id="d000.s3978" source="wordnet-dutch">
         <wf lemma="die" pos="X">die</wf>
         <wf lemma="pudding" pos="X">pudding</wf>
         <wf lemma="is" pos="X">is</wf>
         <wf lemma="niet" pos="X">niet</wf>
         <wf lemma="te" pos="X">te</wf>
         <instance id="d000.s3978.t000" lemma="eten" pos="VERB">eten</instance>
         <wf lemma="." pos="X">.</wf>
      </sentence>
      <sentence id="d000.s3979" source="wordnet-dutch">
         <wf lemma="Nederland" pos="X">Nederland</wf>
         <wf lemma="eist" pos="X">eist</wf>
         <wf lemma="de" pos="X">de</wf>
         <wf lemma="uitlevering" pos="X">uitlevering</wf>
         <wf lemma="van" pos="X">van</wf>
         <wf lemma="die" pos="X">die</wf>
         <wf lemma="misdadiger" pos="X">misdadiger</wf>
         <wf lemma="om" pos="X">om</wf>
         <wf lemma="hem" pos="X">hem</wf>
         <wf lemma="te" pos="X">te</wf>
         <wf lemma="kunnen" pos="X">kunnen</wf>
         <instance id="d000.s3979.t000" lemma="berechten" pos="VERB">berechten</instance>
         <wf lemma="." pos="X">.</wf>
      </sentence>
      <sentence id="d000.s3980" source="wordnet-dutch">
         <wf lemma="Boudewijn" pos="X">Boudewijn</wf>
         <wf lemma="werd" pos="X">werd</wf>
         <wf lemma="in" pos="X">in</wf>
         <wf lemma="1951" pos="X">1951</wf>
         <wf lemma="tot" pos="X">tot</wf>
         <wf lemma="koning" pos="X">koning</wf>
         <instance id="d000.s3980.t000" lemma="kronen" pos="VERB">gekroond</instance>
         <wf lemma="." pos="X">.</wf>
      </sentence>
      <sentence id="d000.s3981" source="wordnet-dutch">
         <wf lemma="hij" pos="X">hij</wf>
         <wf lemma="was" pos="X">was</wf>
         <wf lemma="zeer" pos="X">zeer</wf>
         <wf lemma="onder" pos="X">onder</wf>
         <wf lemma="de" pos="X">de</wf>
         <instance id="d000.s3981.t000" lemma="indruk" pos="NOUN">indruk</instance>
         <wf lemma="van" pos="X">van</wf>
         <wf lemma="haar" pos="X">haar</wf>
         <wf lemma="charmes" pos="X">charmes</wf>
         <wf lemma="." pos="X">.</wf>
      </sentence>
      <sentence id="d000.s3982" source="wordnet-dutch">
         <wf lemma="de" pos="X">de</wf>
         <wf lemma="sollicitant" pos="X">sollicitant</wf>
         <wf lemma="maakte" pos="X">maakte</wf>
         <wf lemma="een" pos="X">een</wf>
         <wf lemma="goede" pos="X">goede</wf>
         <instance id="d000.s3982.t000" lemma="indruk" pos="NOUN">indruk</instance>
         <wf lemma="." pos="X">.</wf>
      </sentence>
      <sentence id="d000.s3983" source="wordnet-dutch">
         <wf lemma="Museeuw" pos="X">Museeuw</wf>
         <wf lemma="demarreert" pos="X">demarreert</wf>
         <wf lemma="," pos="X">,</wf>
         <wf lemma="met" pos="X">met</wf>
         <wf lemma="in" pos="X">in</wf>
         <wf lemma="zijn" pos="X">zijn</wf>
         <instance id="d000.s3983.t000" lemma="wiel" pos="NOUN">wiel</instance>
         <wf lemma="Jalabert" pos="X">Jalabert</wf>
         <wf lemma="." pos="X">.</wf>
      </sentence>
      <sentence id="d000.s3984" source="wordnet-dutch">
         <wf lemma="hij" pos="X">hij</wf>
         <wf lemma="deed" pos="X">deed</wf>
         <wf lemma="een" pos="X">een</wf>
         <instance id="d000.s3984.t000" lemma="greep" pos="NOUN">greep</instance>
         <wf lemma="in" pos="X">in</wf>
         <wf lemma="de" pos="X">de</wf>
         <wf lemma="zak" pos="X">zak</wf>
         <wf lemma="met" pos="X">met</wf>
         <wf lemma="geld" pos="X">geld</wf>
         <wf lemma="." pos="X">.</wf>
      </sentence>
      <sentence id="d000.s3985" source="wordnet-dutch">
         <wf lemma="de" pos="X">de</wf>
         <wf lemma="gulden" pos="X">gulden</wf>
         <wf lemma="wordt" pos="X">wordt</wf>
         <wf lemma="zo" pos="X">zo</wf>
         <wf lemma="snel" pos="X">snel</wf>
         <wf lemma="mogelijk" pos="X">mogelijk</wf>
         <wf lemma="uit" pos="X">uit</wf>
         <instance id="d000.s3985.t000" lemma="omloop" pos="NOUN">omloop</instance>
         <wf lemma="genomen" pos="X">genomen</wf>
         <wf lemma="." pos="X">.</wf>
      </sentence>
      <sentence id="d000.s3986" source="wordnet-dutch">
         <wf lemma="op" pos="X">op</wf>
         <wf lemma="onze" pos="X">onze</wf>
         <instance id="d000.s3986.t000" lemma="buitenpost" pos="NOUN">buitenpost</instance>
         <wf lemma="staat" pos="X">staat</wf>
         <wf lemma="onze" pos="X">onze</wf>
         <wf lemma="Kees" pos="X">Kees</wf>
         <wf lemma="paraat" pos="X">paraat</wf>
         <wf lemma="om" pos="X">om</wf>
         <wf lemma="mensen" pos="X">mensen</wf>
         <wf lemma="daar" pos="X">daar</wf>
         <wf lemma="op" pos="X">op</wf>
         <wf lemma="te" pos="X">te</wf>
         <wf lemma="vangen" pos="X">vangen</wf>
         <wf lemma="." pos="X">.</wf>
      </sentence>
      <sentence id="d000.s3987" source="wordnet-dutch">
         <wf lemma="Uit" pos="X">Uit</wf>
         <wf lemma="bieten" pos="X">bieten</wf>
         <wf lemma="kan" pos="X">kan</wf>
         <wf lemma="men" pos="X">men</wf>
         <wf lemma="suiker" pos="X">suiker</wf>
         <instance id="d000.s3987.t000" lemma="verkrijgen" pos="VERB">verkrijgen</instance>
         <wf lemma="." pos="X">.</wf>
      </sentence>
      <sentence id="d000.s3988" source="wordnet-dutch">
         <wf lemma="ik" pos="X">ik</wf>
         <wf lemma="bel" pos="X">bel</wf>
         <wf lemma="nog" pos="X">nog</wf>
         <wf lemma="snel" pos="X">snel</wf>
         <wf lemma="even" pos="X">even</wf>
         <wf lemma="naar" pos="X">naar</wf>
         <wf lemma="de" pos="X">de</wf>
         <wf lemma="stadschouwburg" pos="X">stadschouwburg</wf>
         <wf lemma="om" pos="X">om</wf>
         <wf lemma="een" pos="X">een</wf>
         <wf lemma="plaats" pos="X">plaats</wf>
         <wf lemma="te" pos="X">te</wf>
         <instance id="d000.s3988.t000" lemma="bespreken" pos="VERB">bespreken</instance>
         <wf lemma="." pos="X">.</wf>
      </sentence>
      <sentence id="d000.s3989" source="wordnet-dutch">
         <wf lemma="De" pos="X">De</wf>
         <instance id="d000.s3989.t000" lemma="lijn" pos="NOUN">lijn</instance>
         <wf lemma="voor" pos="X">voor</wf>
         <wf lemma="de" pos="X">de</wf>
         <wf lemma="produktie" pos="X">produktie</wf>
         <wf lemma="kan" pos="X">kan</wf>
         <wf lemma="een" pos="X">een</wf>
         <wf lemma="stuk" pos="X">stuk</wf>
         <wf lemma="korter" pos="X">korter</wf>
         <wf lemma="." pos="X">.</wf>
      </sentence>
      <sentence id="d000.s3990" source="wordnet-dutch">
         <wf lemma="hij" pos="X">hij</wf>
         <wf lemma="kreeg" pos="X">kreeg</wf>
         <wf lemma="de" pos="X">de</wf>
         <wf lemma="jaarlijkse" pos="X">jaarlijkse</wf>
         <wf lemma="prijs" pos="X">prijs</wf>
         <wf lemma="voor" pos="X">voor</wf>
         <wf lemma="zijn" pos="X">zijn</wf>
         <wf lemma="oeuvre" pos="X">oeuvre</wf>
         <wf lemma="van" pos="X">van</wf>
         <wf lemma="zestien" pos="X">zestien</wf>
         <wf lemma="korte" pos="X">korte</wf>
         <instance id="d000.s3990.t000" lemma="verhaal" pos="NOUN">verhalen</instance>
         <wf lemma="en" pos="X">en</wf>
         <wf lemma="romans" pos="X">romans</wf>
         <wf lemma="." pos="X">.</wf>
      </sentence>
      <sentence id="d000.s3991" source="wordnet-dutch">
         <wf lemma="in" pos="X">in</wf>
         <wf lemma="de" pos="X">de</wf>
         <wf lemma="klas" pos="X">klas</wf>
         <wf lemma="heerste" pos="X">heerste</wf>
         <wf lemma="een" pos="X">een</wf>
         <wf lemma="sfeer" pos="X">sfeer</wf>
         <wf lemma="van" pos="X">van</wf>
         <wf lemma="onderlinge" pos="X">onderlinge</wf>
         <instance id="d000.s3991.t000" lemma="animositeit" pos="NOUN">animositeit</instance>
         <wf lemma="." pos="X">.</wf>
      </sentence>
      <sentence id="d000.s3992" source="wordnet-dutch">
         <wf lemma="deze" pos="X">deze</wf>
         <wf lemma="arbeiders" pos="X">arbeiders</wf>
         <wf lemma="worden" pos="X">worden</wf>
         <wf lemma="zwaar" pos="X">zwaar</wf>
         <instance id="d000.s3992.t000" lemma="onderbetalen" pos="VERB">onderbetaald</instance>
         <wf lemma="voor" pos="X">voor</wf>
         <wf lemma="het" pos="X">het</wf>
         <wf lemma="harde" pos="X">harde</wf>
         <wf lemma="werk" pos="X">werk</wf>
         <wf lemma="dat" pos="X">dat</wf>
         <wf lemma="ze" pos="X">ze</wf>
         <wf lemma="verrichten" pos="X">verrichten</wf>
         <wf lemma="." pos="X">.</wf>
      </sentence>
      <sentence id="d000.s3993" source="wordnet-dutch">
         <wf lemma="de" pos="X">de</wf>
         <instance id="d000.s3993.t000" lemma="eb" pos="NOUN">eb</instance>
         <wf lemma="zal" pos="X">zal</wf>
         <wf lemma="vanmiddag" pos="X">vanmiddag</wf>
         <wf lemma="even" pos="X">even</wf>
         <wf lemma="na" pos="X">na</wf>
         <wf lemma="vieren" pos="X">vieren</wf>
         <wf lemma="inzetten" pos="X">inzetten</wf>
         <wf lemma="." pos="X">.</wf>
      </sentence>
      <sentence id="d000.s3994" source="wordnet-dutch">
         <wf lemma="in" pos="X">in</wf>
         <wf lemma="België" pos="X">België</wf>
         <wf lemma="moeten" pos="X">moeten</wf>
         <wf lemma="mannen" pos="X">mannen</wf>
         <wf lemma="45" pos="X">45</wf>
         <wf lemma="jaar" pos="X">jaar</wf>
         <wf lemma="werken" pos="X">werken</wf>
         <wf lemma="voor" pos="X">voor</wf>
         <wf lemma="een" pos="X">een</wf>
         <wf lemma="volledig" pos="X">volledig</wf>
         <instance id="d000.s3994.t000" lemma="pensioen" pos="NOUN">pensioen</instance>
         <wf lemma="." pos="X">.</wf>
      </sentence>
      <sentence id="d000.s3995" source="wordnet-dutch">
         <wf lemma="de" pos="X">de</wf>
         <wf lemma="onderzoekers" pos="X">onderzoekers</wf>
         <wf lemma="stelden" pos="X">stelden</wf>
         <wf lemma="met" pos="X">met</wf>
         <wf lemma="hun" pos="X">hun</wf>
         <wf lemma="geigerteller" pos="X">geigerteller</wf>
         <wf lemma="een" pos="X">een</wf>
         <wf lemma="verhoogde" pos="X">verhoogde</wf>
         <instance id="d000.s3995.t000" lemma="radioactiviteit" pos="NOUN">radioactiviteit</instance>
         <wf lemma="vast" pos="X">vast</wf>
         <wf lemma="." pos="X">.</wf>
      </sentence>
      <sentence id="d000.s3996" source="wordnet-dutch">
         <wf lemma="deelnemers" pos="X">deelnemers</wf>
         <wf lemma="uit" pos="X">uit</wf>
         <wf lemma="58" pos="X">58</wf>
         <wf lemma="landen" pos="X">landen</wf>
         <wf lemma="liepen" pos="X">liepen</wf>
         <wf lemma="mee" pos="X">mee</wf>
         <wf lemma="in" pos="X">in</wf>
         <wf lemma="de" pos="X">de</wf>
         <instance id="d000.s3996.t000" lemma="parade" pos="NOUN">parade</instance>
         <wf lemma="van" pos="X">van</wf>
         <wf lemma="het" pos="X">het</wf>
         <wf lemma="slot" pos="X">slot</wf>
         <wf lemma="van" pos="X">van</wf>
         <wf lemma="de" pos="X">de</wf>
         <wf lemma="Olympische" pos="X">Olympische</wf>
         <wf lemma="Spelen" pos="X">Spelen</wf>
         <wf lemma="." pos="X">.</wf>
      </sentence>
      <sentence id="d000.s3997" source="wordnet-dutch">
         <wf lemma="een" pos="X">een</wf>
         <wf lemma="kaartje" pos="X">kaartje</wf>
         <wf lemma="bij" pos="X">bij</wf>
         <wf lemma="de" pos="X">de</wf>
         <instance id="d000.s3997.t000" lemma="automaat" pos="NOUN">automaat</instance>
         <wf lemma="kopen" pos="X">kopen</wf>
         <wf lemma="." pos="X">.</wf>
      </sentence>
      <sentence id="d000.s3998" source="wordnet-dutch">
         <wf lemma="Deze" pos="X">Deze</wf>
         <wf lemma="graafmachine" pos="X">graafmachine</wf>
         <wf lemma="heeft" pos="X">heeft</wf>
         <wf lemma="hydraulische" pos="X">hydraulische</wf>
         <instance id="d000.s3998.t000" lemma="hamer" pos="NOUN">hamers</instance>
         <wf lemma="." pos="X">.</wf>
      </sentence>
      <sentence id="d000.s3999" source="wordnet-dutch">
         <wf lemma="De" pos="X">De</wf>
         <wf lemma="politiek" pos="X">politiek</wf>
         <wf lemma="wil" pos="X">wil</wf>
         <instance id="d000.s3999.t000" lemma="afrekenen" pos="VERB">afrekenen</instance>
         <wf lemma="met" pos="X">met</wf>
         <wf lemma="criminaliteit" pos="X">criminaliteit</wf>
         <wf lemma="." pos="X">.</wf>
      </sentence>
      <sentence id="d000.s4000" source="wordnet-dutch">
         <wf lemma="de" pos="X">de</wf>
         <wf lemma="krakers" pos="X">krakers</wf>
         <wf lemma="gooiden" pos="X">gooiden</wf>
         <instance id="d000.s4000.t000" lemma="rookbom" pos="NOUN">rookbommen</instance>
         <wf lemma="." pos="X">.</wf>
      </sentence>
      <sentence id="d000.s4001" source="wordnet-dutch">
         <wf lemma="hij" pos="X">hij</wf>
         <wf lemma="verkeert" pos="X">verkeert</wf>
         <wf lemma="in" pos="X">in</wf>
         <wf lemma="de" pos="X">de</wf>
         <instance id="d000.s4001.t000" lemma="waan" pos="NOUN">waan</instance>
         <wf lemma="dat" pos="X">dat</wf>
         <wf lemma="hij" pos="X">hij</wf>
         <wf lemma="goed" pos="X">goed</wf>
         <wf lemma="kan" pos="X">kan</wf>
         <wf lemma="zingen" pos="X">zingen</wf>
         <wf lemma="." pos="X">.</wf>
      </sentence>
      <sentence id="d000.s4002" source="wordnet-dutch">
         <wf lemma="Je" pos="X">Je</wf>
         <wf lemma="kunt" pos="X">kunt</wf>
         <wf lemma="de" pos="X">de</wf>
         <wf lemma="opgegeven" pos="X">opgegeven</wf>
         <instance id="d000.s4002.t000" lemma="station" pos="NOUN">stations</instance>
         <wf lemma="verbergen" pos="X">verbergen</wf>
         <wf lemma="in" pos="X">in</wf>
         <wf lemma="Deze" pos="X">Deze</wf>
         <wf lemma="computer" pos="X">computer</wf>
         <wf lemma="." pos="X">.</wf>
      </sentence>
      <sentence id="d000.s4003" source="wordnet-dutch">
         <wf lemma="er" pos="X">er</wf>
         <wf lemma="werd" pos="X">werd</wf>
         <wf lemma="met" pos="X">met</wf>
         <wf lemma="flessen" pos="X">flessen</wf>
         <wf lemma="en" pos="X">en</wf>
         <wf lemma="stenen" pos="X">stenen</wf>
         <wf lemma="gegooid" pos="X">gegooid</wf>
         <wf lemma="," pos="X">,</wf>
         <wf lemma="maar" pos="X">maar</wf>
         <wf lemma="de" pos="X">de</wf>
         <wf lemma="politie" pos="X">politie</wf>
         <wf lemma="kon" pos="X">kon</wf>
         <wf lemma="de" pos="X">de</wf>
         <wf lemma="orde" pos="X">orde</wf>
         <instance id="d000.s4003.t000" lemma="herstellen" pos="VERB">herstellen</instance>
         <wf lemma="." pos="X">.</wf>
      </sentence>
      <sentence id="d000.s4004" source="wordnet-dutch">
         <wf lemma="is" pos="X">is</wf>
         <wf lemma="zij" pos="X">zij</wf>
         <wf lemma="een" pos="X">een</wf>
         <wf lemma="mens" pos="X">mens</wf>
         <wf lemma="van" pos="X">van</wf>
         <instance id="d000.s4004.t000" lemma="vlees" pos="NOUN">vlees</instance>
         <wf lemma="en" pos="X">en</wf>
         <wf lemma="bloed" pos="X">bloed</wf>
         <wf lemma="?" pos="X">?</wf>
      </sentence>
      <sentence id="d000.s4005" source="wordnet-dutch">
         <wf lemma="Na" pos="X">Na</wf>
         <wf lemma="de" pos="X">de</wf>
         <instance id="d000.s4005.t000" lemma="dienst" pos="NOUN">dienst</instance>
         <wf lemma="verliet" pos="X">verliet</wf>
         <wf lemma="de" pos="X">de</wf>
         <wf lemma="priester" pos="X">priester</wf>
         <wf lemma="de" pos="X">de</wf>
         <wf lemma="kerk" pos="X">kerk</wf>
         <wf lemma="." pos="X">.</wf>
      </sentence>
      <sentence id="d000.s4006" source="wordnet-dutch">
         <wf lemma="in" pos="X">in</wf>
         <wf lemma="1945" pos="X">1945</wf>
         <wf lemma="in" pos="X">in</wf>
         <wf lemma="de" pos="X">de</wf>
         <wf lemma="meidagen" pos="X">meidagen</wf>
         <wf lemma="vierde" pos="X">vierde</wf>
         <wf lemma="de" pos="X">de</wf>
         <wf lemma="bevolking" pos="X">bevolking</wf>
         <wf lemma="uitbundig" pos="X">uitbundig</wf>
         <wf lemma="de" pos="X">de</wf>
         <instance id="d000.s4006.t000" lemma="bevrijding" pos="NOUN">bevrijding</instance>
         <wf lemma="." pos="X">.</wf>
      </sentence>
      <sentence id="d000.s4007" source="wordnet-dutch">
         <wf lemma="het" pos="X">het</wf>
         <wf lemma="Pieterpad" pos="X">Pieterpad</wf>
         <instance id="d000.s4007.t000" lemma="lopen" pos="VERB">loopt</instance>
         <wf lemma="van" pos="X">van</wf>
         <wf lemma="Pieterburen" pos="X">Pieterburen</wf>
         <wf lemma="naar" pos="X">naar</wf>
         <wf lemma="de" pos="X">de</wf>
         <wf lemma="Pietersberg" pos="X">Pietersberg</wf>
         <wf lemma="." pos="X">.</wf>
      </sentence>
      <sentence id="d000.s4008" source="wordnet-dutch">
         <wf lemma="we" pos="X">we</wf>
         <wf lemma="zitten" pos="X">zitten</wf>
         <wf lemma="in" pos="X">in</wf>
         <wf lemma="de" pos="X">de</wf>
         <wf lemma="zesde" pos="X">zesde</wf>
         <instance id="d000.s4008.t000" lemma="klas" pos="NOUN">klas</instance>
         <wf lemma="van" pos="X">van</wf>
         <wf lemma="de" pos="X">de</wf>
         <wf lemma="Wim" pos="X">Wim</wf>
         <wf lemma="Kokschool" pos="X">Kokschool</wf>
         <wf lemma="." pos="X">.</wf>
      </sentence>
      <sentence id="d000.s4009" source="wordnet-dutch">
         <wf lemma="Kan" pos="X">Kan</wf>
         <wf lemma="ik" pos="X">ik</wf>
         <wf lemma="hier" pos="X">hier</wf>
         <wf lemma="met" pos="X">met</wf>
         <instance id="d000.s4009.t000" lemma="papier" pos="NOUN">papier</instance>
         <wf lemma="betalen" pos="X">betalen</wf>
         <wf lemma="?" pos="X">?</wf>
      </sentence>
      <sentence id="d000.s4010" source="wordnet-dutch">
         <wf lemma="de" pos="X">de</wf>
         <wf lemma="minister" pos="X">minister</wf>
         <instance id="d000.s4010.t000" lemma="rechtvaardigen" pos="VERB">rechtvaardigt</instance>
         <wf lemma="zijn" pos="X">zijn</wf>
         <wf lemma="voorstel" pos="X">voorstel</wf>
         <wf lemma="tot" pos="X">tot</wf>
         <wf lemma="besparingen" pos="X">besparingen</wf>
         <wf lemma="met" pos="X">met</wf>
         <wf lemma="het" pos="X">het</wf>
         <wf lemma="argument" pos="X">argument</wf>
         <wf lemma="dat" pos="X">dat</wf>
         <wf lemma="ons" pos="X">ons</wf>
         <wf lemma="land" pos="X">land</wf>
         <wf lemma="de" pos="X">de</wf>
         <wf lemma="Maastricht-normen" pos="X">Maastricht-normen</wf>
         <wf lemma="anders" pos="X">anders</wf>
         <wf lemma="niet" pos="X">niet</wf>
         <wf lemma="zal" pos="X">zal</wf>
         <wf lemma="halen" pos="X">halen</wf>
         <wf lemma="." pos="X">.</wf>
      </sentence>
      <sentence id="d000.s4011" source="wordnet-dutch">
         <wf lemma="hun" pos="X">hun</wf>
         <wf lemma="lonen/uitkeringen" pos="X">lonen/uitkeringen</wf>
         <wf lemma="werden" pos="X">werden</wf>
         <wf lemma="in" pos="X">in</wf>
         <wf lemma="één" pos="X">één</wf>
         <wf lemma="klap" pos="X">klap</wf>
         <instance id="d000.s4011.t000" lemma="halveren" pos="VERB">gehalveerd</instance>
         <wf lemma="." pos="X">.</wf>
      </sentence>
      <sentence id="d000.s4012" source="wordnet-dutch">
         <wf lemma="drie" pos="X">drie</wf>
         <instance id="d000.s4012.t000" lemma="actievoerder" pos="NOUN">actievoerders</instance>
         <wf lemma="werden" pos="X">werden</wf>
         <wf lemma="gearresteerd" pos="X">gearresteerd</wf>
         <wf lemma="." pos="X">.</wf>
      </sentence>
      <sentence id="d000.s4013" source="wordnet-dutch">
         <wf lemma="Wat" pos="X">Wat</wf>
         <wf lemma="is" pos="X">is</wf>
         <wf lemma="de" pos="X">de</wf>
         <instance id="d000.s4013.t000" lemma="pupil" pos="NOUN">pupil</instance>
         <wf lemma="van" pos="X">van</wf>
         <wf lemma="deze" pos="X">deze</wf>
         <wf lemma="lens" pos="X">lens</wf>
         <wf lemma="in" pos="X">in</wf>
         <wf lemma="je" pos="X">je</wf>
         <wf lemma="toestel" pos="X">toestel</wf>
         <wf lemma="?" pos="X">?</wf>
      </sentence>
      <sentence id="d000.s4014" source="wordnet-dutch">
         <wf lemma="hij" pos="X">hij</wf>
         <wf lemma="heeft" pos="X">heeft</wf>
         <wf lemma="drie" pos="X">drie</wf>
         <wf lemma="weken" pos="X">weken</wf>
         <wf lemma="vakantie" pos="X">vakantie</wf>
         <wf lemma="genomen" pos="X">genomen</wf>
         <wf lemma="om" pos="X">om</wf>
         <wf lemma="zich" pos="X">zich</wf>
         <wf lemma="eens" pos="X">eens</wf>
         <wf lemma="goed" pos="X">goed</wf>
         <wf lemma="te" pos="X">te</wf>
         <instance id="d000.s4014.t000" lemma="ontspannen" pos="VERB">ontspannen</instance>
         <wf lemma="." pos="X">.</wf>
      </sentence>
      <sentence id="d000.s4015" source="wordnet-dutch">
         <wf lemma="dit" pos="X">dit</wf>
         <wf lemma="landbouwbedrijf" pos="X">landbouwbedrijf</wf>
         <wf lemma="is" pos="X">is</wf>
         <wf lemma="enkele" pos="X">enkele</wf>
         <wf lemma="jaren" pos="X">jaren</wf>
         <wf lemma="geleden" pos="X">geleden</wf>
         <instance id="d000.s4015.t000" lemma="overstappen" pos="VERB">overgestapt</instance>
         <wf lemma="op" pos="X">op</wf>
         <wf lemma="biologische" pos="X">biologische</wf>
         <wf lemma="landbouw" pos="X">landbouw</wf>
         <wf lemma="." pos="X">.</wf>
      </sentence>
      <sentence id="d000.s4016" source="wordnet-dutch">
         <wf lemma="tijdens" pos="X">tijdens</wf>
         <wf lemma="de" pos="X">de</wf>
         <wf lemma="verbouwing" pos="X">verbouwing</wf>
         <wf lemma="hebben" pos="X">hebben</wf>
         <wf lemma="we" pos="X">we</wf>
         <wf lemma="drie" pos="X">drie</wf>
         <wf lemma="weken" pos="X">weken</wf>
         <wf lemma="in" pos="X">in</wf>
         <wf lemma="de" pos="X">de</wf>
         <instance id="d000.s4016.t000" lemma="rommel" pos="NOUN">rommel</instance>
         <wf lemma="gezeten" pos="X">gezeten</wf>
         <wf lemma="." pos="X">.</wf>
      </sentence>
      <sentence id="d000.s4017" source="wordnet-dutch">
         <wf lemma="een" pos="X">een</wf>
         <wf lemma="schip" pos="X">schip</wf>
         <wf lemma="ligt" pos="X">ligt</wf>
         <wf lemma="aan/voor" pos="X">aan/voor</wf>
         <wf lemma="de" pos="X">de</wf>
         <instance id="d000.s4017.t000" lemma="kade" pos="NOUN">kade</instance>
         <wf lemma="." pos="X">.</wf>
      </sentence>
      <sentence id="d000.s4018" source="wordnet-dutch">
         <wf lemma="zijn" pos="X">zijn</wf>
         <wf lemma="lach" pos="X">lach</wf>
         <instance id="d000.s4018.t000" lemma="klinken" pos="VERB">klonk</instance>
         <wf lemma="vrolijk" pos="X">vrolijk</wf>
         <wf lemma="door" pos="X">door</wf>
         <wf lemma="de" pos="X">de</wf>
         <wf lemma="zaal" pos="X">zaal</wf>
         <wf lemma="." pos="X">.</wf>
      </sentence>
      <sentence id="d000.s4019" source="wordnet-dutch">
         <wf lemma="momenteel" pos="X">momenteel</wf>
         <wf lemma="ligt" pos="X">ligt</wf>
         <wf lemma="het" pos="X">het</wf>
         <wf lemma="schip" pos="X">schip</wf>
         <wf lemma="in" pos="X">in</wf>
         <wf lemma="de" pos="X">de</wf>
         <instance id="d000.s4019.t000" lemma="haven" pos="NOUN">haven</instance>
         <wf lemma="van" pos="X">van</wf>
         <wf lemma="Delfzijl" pos="X">Delfzijl</wf>
         <wf lemma="." pos="X">.</wf>
      </sentence>
      <sentence id="d000.s4020" source="wordnet-dutch">
         <wf lemma="wat" pos="X">wat</wf>
         <wf lemma="je" pos="X">je</wf>
         <wf lemma="nou" pos="X">nou</wf>
         <wf lemma="zegt" pos="X">zegt</wf>
         <wf lemma="is" pos="X">is</wf>
         <wf lemma="grote" pos="X">grote</wf>
         <instance id="d000.s4020.t000" lemma="flauwekul" pos="NOUN">flauwekul</instance>
         <wf lemma="." pos="X">.</wf>
      </sentence>
      <sentence id="d000.s4021" source="wordnet-dutch">
         <wf lemma="in" pos="X">in</wf>
         <wf lemma="elk" pos="X">elk</wf>
         <instance id="d000.s4021.t000" lemma="huurcontract" pos="NOUN">huurcontract</instance>
         <wf lemma="staat" pos="X">staat</wf>
         <wf lemma="te" pos="X">te</wf>
         <wf lemma="lezen" pos="X">lezen</wf>
         <wf lemma="dat" pos="X">dat</wf>
         <wf lemma="de" pos="X">de</wf>
         <wf lemma="bewoners" pos="X">bewoners</wf>
         <wf lemma="zelf" pos="X">zelf</wf>
         <wf lemma="verantwoordelijk" pos="X">verantwoordelijk</wf>
         <wf lemma="zijn" pos="X">zijn</wf>
         <wf lemma="voor" pos="X">voor</wf>
         <wf lemma="reiniging" pos="X">reiniging</wf>
         <wf lemma="van" pos="X">van</wf>
         <wf lemma="de" pos="X">de</wf>
         <wf lemma="schoorstenen" pos="X">schoorstenen</wf>
         <wf lemma="." pos="X">.</wf>
      </sentence>
      <sentence id="d000.s4022" source="wordnet-dutch">
         <wf lemma="De" pos="X">De</wf>
         <instance id="d000.s4022.t000" lemma="kolk" pos="NOUN">kolk</instance>
         <wf lemma="zit" pos="X">zit</wf>
         <wf lemma="vol" pos="X">vol</wf>
         <wf lemma="en" pos="X">en</wf>
         <wf lemma="moet" pos="X">moet</wf>
         <wf lemma="leeggeschept" pos="X">leeggeschept</wf>
         <wf lemma="worden" pos="X">worden</wf>
         <wf lemma="." pos="X">.</wf>
      </sentence>
      <sentence id="d000.s4023" source="wordnet-dutch">
         <wf lemma="dat" pos="X">dat</wf>
         <wf lemma="is" pos="X">is</wf>
         <wf lemma="zonder" pos="X">zonder</wf>
         <instance id="d000.s4023.t000" lemma="twijfel" pos="NOUN">twijfel</instance>
         <wf lemma="waar" pos="X">waar</wf>
         <wf lemma="." pos="X">.</wf>
      </sentence>
      <sentence id="d000.s4024" source="wordnet-dutch">
         <wf lemma="de" pos="X">de</wf>
         <instance id="d000.s4024.t000" lemma="architectuur" pos="NOUN">architectuur</instance>
         <wf lemma="van" pos="X">van</wf>
         <wf lemma="het" pos="X">het</wf>
         <wf lemma="programma" pos="X">programma</wf>
         <wf lemma="." pos="X">.</wf>
      </sentence>
      <sentence id="d000.s4025" source="wordnet-dutch">
         <wf lemma="er" pos="X">er</wf>
         <wf lemma="zijn" pos="X">zijn</wf>
         <instance id="d000.s4025.t000" lemma="vezel" pos="NOUN">vezels</instance>
         <wf lemma="van" pos="X">van</wf>
         <wf lemma="de" pos="X">de</wf>
         <wf lemma="spier" pos="X">spier</wf>
         <wf lemma="losgekomen" pos="X">losgekomen</wf>
         <wf lemma="." pos="X">.</wf>
      </sentence>
      <sentence id="d000.s4026" source="wordnet-dutch">
         <wf lemma="de" pos="X">de</wf>
         <wf lemma="verzekeringsexpert" pos="X">verzekeringsexpert</wf>
         <wf lemma="heeft" pos="X">heeft</wf>
         <wf lemma="de" pos="X">de</wf>
         <instance id="d000.s4026.t000" lemma="schade" pos="NOUN">schade</instance>
         <wf lemma="op" pos="X">op</wf>
         <wf lemma="f.4000" pos="X">f.4000</wf>
         <wf lemma="vastgesteld" pos="X">vastgesteld</wf>
         <wf lemma="." pos="X">.</wf>
      </sentence>
      <sentence id="d000.s4027" source="wordnet-dutch">
         <wf lemma="De" pos="X">De</wf>
         <wf lemma="data" pos="X">data</wf>
         <wf lemma="op" pos="X">op</wf>
         <wf lemma="de" pos="X">de</wf>
         <instance id="d000.s4027.t000" lemma="schijf" pos="NOUN">schijf</instance>
         <wf lemma="zijn" pos="X">zijn</wf>
         <wf lemma="gewist" pos="X">gewist</wf>
         <wf lemma="." pos="X">.</wf>
      </sentence>
      <sentence id="d000.s4028" source="wordnet-dutch">
         <wf lemma="hij" pos="X">hij</wf>
         <wf lemma="zweert" pos="X">zweert</wf>
         <instance id="d000.s4028.t000" lemma="trouw" pos="NOUN">trouw</instance>
         <wf lemma="aan" pos="X">aan</wf>
         <wf lemma="zijn" pos="X">zijn</wf>
         <wf lemma="principes" pos="X">principes</wf>
         <wf lemma="." pos="X">.</wf>
      </sentence>
      <sentence id="d000.s4029" source="wordnet-dutch">
         <wf lemma="in" pos="X">in</wf>
         <wf lemma="de" pos="X">de</wf>
         <wf lemma="laatste" pos="X">laatste</wf>
         <wf lemma="kilometers" pos="X">kilometers</wf>
         <wf lemma="moeten" pos="X">moeten</wf>
         <wf lemma="de" pos="X">de</wf>
         <wf lemma="atleten" pos="X">atleten</wf>
         <wf lemma="ongelofelijk" pos="X">ongelofelijk</wf>
         <instance id="d000.s4029.t000" lemma="afzien" pos="VERB">afzien</instance>
         <wf lemma="." pos="X">.</wf>
      </sentence>
      <sentence id="d000.s4030" source="wordnet-dutch">
         <wf lemma="verregaande" pos="X">verregaande</wf>
         <wf lemma="digitalisering" pos="X">digitalisering</wf>
         <wf lemma="leidt" pos="X">leidt</wf>
         <wf lemma="tot" pos="X">tot</wf>
         <instance id="d000.s4030.t000" lemma="complicatie" pos="NOUN">complicaties</instance>
         <wf lemma="van" pos="X">van</wf>
         <wf lemma="allerlei" pos="X">allerlei</wf>
         <wf lemma="aard" pos="X">aard</wf>
         <wf lemma="." pos="X">.</wf>
      </sentence>
      <sentence id="d000.s4031" source="wordnet-dutch">
         <wf lemma="de" pos="X">de</wf>
         <wf lemma="troepen" pos="X">troepen</wf>
         <wf lemma="van" pos="X">van</wf>
         <wf lemma="Caesar" pos="X">Caesar</wf>
         <wf lemma="werden" pos="X">werden</wf>
         <wf lemma="met" pos="X">met</wf>
         <wf lemma="grote" pos="X">grote</wf>
         <instance id="d000.s4031.t000" lemma="verlies" pos="NOUN">verliezen</instance>
         <wf lemma="teruggeslagen" pos="X">teruggeslagen</wf>
         <wf lemma="." pos="X">.</wf>
      </sentence>
      <sentence id="d000.s4032" source="wordnet-dutch">
         <wf lemma="ze" pos="X">ze</wf>
         <wf lemma="hebben" pos="X">hebben</wf>
         <wf lemma="het" pos="X">het</wf>
         <wf lemma="concert" pos="X">concert</wf>
         <wf lemma="op" pos="X">op</wf>
         <wf lemma="magistrale" pos="X">magistrale</wf>
         <wf lemma="manier" pos="X">manier</wf>
         <instance id="d000.s4032.t000" lemma="uitvoeren" pos="VERB">uitgevoerd</instance>
         <wf lemma="." pos="X">.</wf>
      </sentence>
      <sentence id="d000.s4033" source="wordnet-dutch">
         <wf lemma="volgende" pos="X">volgende</wf>
         <wf lemma="week" pos="X">week</wf>
         <wf lemma="gaan" pos="X">gaan</wf>
         <wf lemma="we" pos="X">we</wf>
         <wf lemma="de" pos="X">de</wf>
         <wf lemma="nieuwe" pos="X">nieuwe</wf>
         <wf lemma="producten" pos="X">producten</wf>
         <wf lemma="bij" pos="X">bij</wf>
         <wf lemma="de" pos="X">de</wf>
         <wf lemma="klanten" pos="X">klanten</wf>
         <instance id="d000.s4033.t000" lemma="afleveren" pos="VERB">afleveren</instance>
         <wf lemma="." pos="X">.</wf>
      </sentence>
      <sentence id="d000.s4034" source="wordnet-dutch">
         <wf lemma="het" pos="X">het</wf>
         <wf lemma="ongeluk" pos="X">ongeluk</wf>
         <wf lemma="met" pos="X">met</wf>
         <wf lemma="de" pos="X">de</wf>
         <wf lemma="soepketel" pos="X">soepketel</wf>
         <wf lemma="heeft" pos="X">heeft</wf>
         <wf lemma="een" pos="X">een</wf>
         <wf lemma="blijvend" pos="X">blijvend</wf>
         <wf lemma="litteken" pos="X">litteken</wf>
         <instance id="d000.s4034.t000" lemma="achterlaten" pos="VERB">achtergelaten</instance>
         <wf lemma="." pos="X">.</wf>
      </sentence>
      <sentence id="d000.s4035" source="wordnet-dutch">
         <wf lemma="een" pos="X">een</wf>
         <wf lemma="vrachtwagen" pos="X">vrachtwagen</wf>
         <wf lemma="vol" pos="X">vol</wf>
         <wf lemma="zwarte" pos="X">zwarte</wf>
         <instance id="d000.s4035.t000" lemma="handel" pos="NOUN">handel</instance>
         <wf lemma="." pos="X">.</wf>
      </sentence>
      <sentence id="d000.s4036" source="wordnet-dutch">
         <wf lemma="je" pos="X">je</wf>
         <wf lemma="had" pos="X">had</wf>
         <wf lemma="een" pos="X">een</wf>
         <instance id="d000.s4036.t000" lemma="harten" pos="NOUN">harten</instance>
         <wf lemma="moeten" pos="X">moeten</wf>
         <wf lemma="spelen" pos="X">spelen</wf>
         <wf lemma="." pos="X">.</wf>
      </sentence>
      <sentence id="d000.s4037" source="wordnet-dutch">
         <wf lemma="De" pos="X">De</wf>
         <instance id="d000.s4037.t000" lemma="dame" pos="NOUN">dame</instance>
         <wf lemma="werd" pos="X">werd</wf>
         <wf lemma="uitgehuwelijkt" pos="X">uitgehuwelijkt</wf>
         <wf lemma="aan" pos="X">aan</wf>
         <wf lemma="de" pos="X">de</wf>
         <wf lemma="koning" pos="X">koning</wf>
         <wf lemma="." pos="X">.</wf>
      </sentence>
      <sentence id="d000.s4038" source="wordnet-dutch">
         <wf lemma="werken" pos="X">werken</wf>
         <wf lemma="in" pos="X">in</wf>
         <wf lemma="de" pos="X">de</wf>
         <instance id="d000.s4038.t000" lemma="textiel" pos="NOUN">textiel</instance>
         <wf lemma="." pos="X">.</wf>
      </sentence>
      <sentence id="d000.s4039" source="wordnet-dutch">
         <wf lemma="ze" pos="X">ze</wf>
         <wf lemma="heeft" pos="X">heeft</wf>
         <wf lemma="twee" pos="X">twee</wf>
         <wf lemma="kinderen" pos="X">kinderen</wf>
         <wf lemma="uit" pos="X">uit</wf>
         <wf lemma="een" pos="X">een</wf>
         <wf lemma="eerder" pos="X">eerder</wf>
         <instance id="d000.s4039.t000" lemma="huwelijk" pos="NOUN">huwelijk</instance>
         <wf lemma="." pos="X">.</wf>
      </sentence>
      <sentence id="d000.s4040" source="wordnet-dutch">
         <wf lemma="hij" pos="X">hij</wf>
         <instance id="d000.s4040.t000" lemma="effenen" pos="VERB">effende</instance>
         <wf lemma="de" pos="X">de</wf>
         <wf lemma="vloer" pos="X">vloer</wf>
         <wf lemma="zorgvuldig" pos="X">zorgvuldig</wf>
         <wf lemma="." pos="X">.</wf>
      </sentence>
      <sentence id="d000.s4041" source="wordnet-dutch">
         <wf lemma="dat" pos="X">dat</wf>
         <wf lemma="zorgt" pos="X">zorgt</wf>
         <wf lemma="tenminste" pos="X">tenminste</wf>
         <wf lemma="voor" pos="X">voor</wf>
         <wf lemma="wat" pos="X">wat</wf>
         <instance id="d000.s4041.t000" lemma="afleiding" pos="NOUN">afleiding</instance>
         <wf lemma="." pos="X">.</wf>
      </sentence>
      <sentence id="d000.s4042" source="wordnet-dutch">
         <wf lemma="bij" pos="X">bij</wf>
         <wf lemma="zijn" pos="X">zijn</wf>
         <instance id="d000.s4042.t000" lemma="vertrek" pos="NOUN">vertrek</instance>
         <wf lemma="wilde" pos="X">wilde</wf>
         <wf lemma="de" pos="X">de</wf>
         <wf lemma="minister" pos="X">minister</wf>
         <wf lemma="niets" pos="X">niets</wf>
         <wf lemma="kwijt" pos="X">kwijt</wf>
         <wf lemma="over" pos="X">over</wf>
         <wf lemma="de" pos="X">de</wf>
         <wf lemma="plannen" pos="X">plannen</wf>
         <wf lemma="van" pos="X">van</wf>
         <wf lemma="zijn" pos="X">zijn</wf>
         <wf lemma="regering" pos="X">regering</wf>
         <wf lemma="." pos="X">.</wf>
      </sentence>
      <sentence id="d000.s4043" source="wordnet-dutch">
         <wf lemma="deze" pos="X">deze</wf>
         <instance id="d000.s4043.t000" lemma="citaat" pos="NOUN">citaten</instance>
         <wf lemma="van" pos="X">van</wf>
         <wf lemma="Bloem" pos="X">Bloem</wf>
         <wf lemma="komen" pos="X">komen</wf>
         <wf lemma="uit" pos="X">uit</wf>
         <wf lemma="zijn" pos="X">zijn</wf>
         <wf lemma="Verzamelde" pos="X">Verzamelde</wf>
         <wf lemma="Werken" pos="X">Werken</wf>
         <wf lemma="." pos="X">.</wf>
      </sentence>
      <sentence id="d000.s4044" source="wordnet-dutch">
         <wf lemma="De" pos="X">De</wf>
         <wf lemma="intensiteit" pos="X">intensiteit</wf>
         <wf lemma="waarmee" pos="X">waarmee</wf>
         <wf lemma="wordt" pos="X">wordt</wf>
         <wf lemma="gespeeld" pos="X">gespeeld</wf>
         <wf lemma="door" pos="X">door</wf>
         <wf lemma="de" pos="X">de</wf>
         <wf lemma="concertpianist" pos="X">concertpianist</wf>
         <wf lemma="is" pos="X">is</wf>
         <wf lemma="zo" pos="X">zo</wf>
         <wf lemma="groot" pos="X">groot</wf>
         <wf lemma="," pos="X">,</wf>
         <wf lemma="dat" pos="X">dat</wf>
         <wf lemma="de" pos="X">de</wf>
         <instance id="d000.s4044.t000" lemma="stemming" pos="NOUN">stemming</instance>
         <wf lemma="slechts" pos="X">slechts</wf>
         <wf lemma="1" pos="X">1</wf>
         <wf lemma="concert" pos="X">concert</wf>
         <wf lemma="blijft" pos="X">blijft</wf>
         <wf lemma="'" pos="X">'</wf>
         <wf lemma="staan" pos="X">staan</wf>
         <wf lemma="'" pos="X">'</wf>
         <wf lemma="." pos="X">.</wf>
      </sentence>
      <sentence id="d000.s4045" source="wordnet-dutch">
         <wf lemma="de" pos="X">de</wf>
         <wf lemma="aangereden" pos="X">aangereden</wf>
         <wf lemma="kat" pos="X">kat</wf>
         <wf lemma="lag" pos="X">lag</wf>
         <wf lemma="te" pos="X">te</wf>
         <instance id="d000.s4045.t000" lemma="creperen" pos="VERB">creperen</instance>
         <wf lemma="op" pos="X">op</wf>
         <wf lemma="straat" pos="X">straat</wf>
         <wf lemma="." pos="X">.</wf>
      </sentence>
      <sentence id="d000.s4046" source="wordnet-dutch">
         <wf lemma="zo'n" pos="X">zo'n</wf>
         <wf lemma="opmerking" pos="X">opmerking</wf>
         <instance id="d000.s4046.t000" lemma="leiden" pos="VERB">leidt</instance>
         <wf lemma="ogenblikkelijk" pos="X">ogenblikkelijk</wf>
         <wf lemma="tot" pos="X">tot</wf>
         <wf lemma="discussie" pos="X">discussie</wf>
         <wf lemma="." pos="X">.</wf>
      </sentence>
      <sentence id="d000.s4047" source="wordnet-dutch">
         <wf lemma="op" pos="X">op</wf>
         <instance id="d000.s4047.t000" lemma="grond" pos="NOUN">grond</instance>
         <wf lemma="van" pos="X">van</wf>
         <wf lemma="luiheid" pos="X">luiheid</wf>
         <wf lemma="ontslagen" pos="X">ontslagen</wf>
         <wf lemma="worden" pos="X">worden</wf>
         <wf lemma="." pos="X">.</wf>
      </sentence>
      <sentence id="d000.s4048" source="wordnet-dutch">
         <wf lemma="je" pos="X">je</wf>
         <wf lemma="moet" pos="X">moet</wf>
         <wf lemma="proberen" pos="X">proberen</wf>
         <wf lemma="te" pos="X">te</wf>
         <instance id="d000.s4048.t000" lemma="vermijden" pos="VERB">vermijden</instance>
         <wf lemma="dat" pos="X">dat</wf>
         <wf lemma="er" pos="X">er</wf>
         <wf lemma="warmte" pos="X">warmte</wf>
         <wf lemma="verloren" pos="X">verloren</wf>
         <wf lemma="gaat" pos="X">gaat</wf>
         <wf lemma="." pos="X">.</wf>
      </sentence>
      <sentence id="d000.s4049" source="wordnet-dutch">
         <wf lemma="Een" pos="X">Een</wf>
         <wf lemma="piano" pos="X">piano</wf>
         <wf lemma="stemmen" pos="X">stemmen</wf>
         <wf lemma="is" pos="X">is</wf>
         <wf lemma="vakwerk" pos="X">vakwerk</wf>
         <wf lemma="," pos="X">,</wf>
         <wf lemma="van" pos="X">van</wf>
         <wf lemma="het" pos="X">het</wf>
         <wf lemma="'" pos="X">'</wf>
         <wf lemma="zetten" pos="X">zetten</wf>
         <wf lemma="'" pos="X">'</wf>
         <wf lemma="van" pos="X">van</wf>
         <wf lemma="stempennen" pos="X">stempennen</wf>
         <wf lemma="tot" pos="X">tot</wf>
         <wf lemma="het" pos="X">het</wf>
         <wf lemma="precies" pos="X">precies</wf>
         <wf lemma="op" pos="X">op</wf>
         <wf lemma="elkaar" pos="X">elkaar</wf>
         <instance id="d000.s4049.t000" lemma="afstemmen" pos="VERB">afstemmen</instance>
         <wf lemma="van" pos="X">van</wf>
         <wf lemma="een" pos="X">een</wf>
         <wf lemma="dikke" pos="X">dikke</wf>
         <wf lemma="tweehonderd" pos="X">tweehonderd</wf>
         <wf lemma="snaren" pos="X">snaren</wf>
         <wf lemma="." pos="X">.</wf>
      </sentence>
      <sentence id="d000.s4050" source="wordnet-dutch">
         <wf lemma="De" pos="X">De</wf>
         <wf lemma="problemen" pos="X">problemen</wf>
         <instance id="d000.s4050.t000" lemma="groeien" pos="VERB">groeien</instance>
         <wf lemma="over" pos="X">over</wf>
         <wf lemma="zijn" pos="X">zijn</wf>
         <wf lemma="hoofd" pos="X">hoofd</wf>
         <wf lemma="." pos="X">.</wf>
      </sentence>
      <sentence id="d000.s4051" source="wordnet-dutch">
         <wf lemma="vanuit" pos="X">vanuit</wf>
         <wf lemma="dat" pos="X">dat</wf>
         <wf lemma="standpunt" pos="X">standpunt</wf>
         <instance id="d000.s4051.t000" lemma="belichten" pos="VERB">belicht</instance>
         <wf lemma="is" pos="X">is</wf>
         <wf lemma="er" pos="X">er</wf>
         <wf lemma="iets" pos="X">iets</wf>
         <wf lemma="voor" pos="X">voor</wf>
         <wf lemma="te" pos="X">te</wf>
         <wf lemma="zeggen" pos="X">zeggen</wf>
         <wf lemma="." pos="X">.</wf>
      </sentence>
      <sentence id="d000.s4052" source="wordnet-dutch">
         <wf lemma="moeder" pos="X">moeder</wf>
         <wf lemma="ging" pos="X">ging</wf>
         <wf lemma="onmiddellijk" pos="X">onmiddellijk</wf>
         <wf lemma="in" pos="X">in</wf>
         <wf lemma="de" pos="X">de</wf>
         <instance id="d000.s4052.t000" lemma="tegenaanval" pos="NOUN">tegenaanval</instance>
         <wf lemma="." pos="X">.</wf>
      </sentence>
      <sentence id="d000.s4053" source="wordnet-dutch">
         <wf lemma="er" pos="X">er</wf>
         <wf lemma="trad" pos="X">trad</wf>
         <instance id="d000.s4053.t000" lemma="vervorming" pos="NOUN">vervorming</instance>
         <wf lemma="van" pos="X">van</wf>
         <wf lemma="het" pos="X">het</wf>
         <wf lemma="hout" pos="X">hout</wf>
         <wf lemma="op" pos="X">op</wf>
         <wf lemma="." pos="X">.</wf>
      </sentence>
      <sentence id="d000.s4054" source="wordnet-dutch">
         <wf lemma="als" pos="X">als</wf>
         <wf lemma="je" pos="X">je</wf>
         <wf lemma="die" pos="X">die</wf>
         <wf lemma="bedragen" pos="X">bedragen</wf>
         <instance id="d000.s4054.t000" lemma="samentellen" pos="VERB">samentelt</instance>
         <wf lemma="kom" pos="X">kom</wf>
         <wf lemma="je" pos="X">je</wf>
         <wf lemma="aan" pos="X">aan</wf>
         <wf lemma="een" pos="X">een</wf>
         <wf lemma="winst" pos="X">winst</wf>
         <wf lemma="van" pos="X">van</wf>
         <wf lemma="bijna" pos="X">bijna</wf>
         <wf lemma="2000" pos="X">2000</wf>
         <wf lemma="gulden" pos="X">gulden</wf>
         <wf lemma="." pos="X">.</wf>
      </sentence>
      <sentence id="d000.s4055" source="wordnet-dutch">
         <wf lemma="op" pos="X">op</wf>
         <wf lemma="zijn" pos="X">zijn</wf>
         <instance id="d000.s4055.t000" lemma="trouwdag" pos="NOUN">trouwdag</instance>
         <wf lemma="moest" pos="X">moest</wf>
         <wf lemma="hij" pos="X">hij</wf>
         <wf lemma="nog" pos="X">nog</wf>
         <wf lemma="een" pos="X">een</wf>
         <wf lemma="examen" pos="X">examen</wf>
         <wf lemma="afleggen" pos="X">afleggen</wf>
         <wf lemma="." pos="X">.</wf>
      </sentence>
      <sentence id="d000.s4056" source="wordnet-dutch">
         <wf lemma="er" pos="X">er</wf>
         <wf lemma="staat" pos="X">staat</wf>
         <wf lemma="een" pos="X">een</wf>
         <wf lemma="file" pos="X">file</wf>
         <wf lemma="op" pos="X">op</wf>
         <wf lemma="het" pos="X">het</wf>
         <instance id="d000.s4056.t000" lemma="viaduct" pos="NOUN">viaduct</instance>
         <wf lemma="." pos="X">.</wf>
      </sentence>
      <sentence id="d000.s4057" source="wordnet-dutch">
         <wf lemma="de" pos="X">de</wf>
         <wf lemma="Dow" pos="X">Dow</wf>
         <wf lemma="Jones" pos="X">Jones</wf>
         <wf lemma="index" pos="X">index</wf>
         <wf lemma="maakte" pos="X">maakte</wf>
         <wf lemma="vandaag" pos="X">vandaag</wf>
         <wf lemma="een" pos="X">een</wf>
         <wf lemma="zachte" pos="X">zachte</wf>
         <instance id="d000.s4057.t000" lemma="landing" pos="NOUN">landing</instance>
         <wf lemma="." pos="X">.</wf>
      </sentence>
      <sentence id="d000.s4058" source="wordnet-dutch">
         <wf lemma="voor" pos="X">voor</wf>
         <wf lemma="die" pos="X">die</wf>
         <wf lemma="functie" pos="X">functie</wf>
         <wf lemma="is" pos="X">is</wf>
         <wf lemma="deze" pos="X">deze</wf>
         <wf lemma="man" pos="X">man</wf>
         <instance id="d000.s4058.t000" lemma="scheppen" pos="VERB">geschapen</instance>
         <wf lemma="." pos="X">.</wf>
      </sentence>
      <sentence id="d000.s4059" source="wordnet-dutch">
         <wf lemma="een" pos="X">een</wf>
         <wf lemma="kras" pos="X">kras</wf>
         <wf lemma="over" pos="X">over</wf>
         <wf lemma="de" pos="X">de</wf>
         <wf lemma="hele" pos="X">hele</wf>
         <instance id="d000.s4059.t000" lemma="lengte" pos="NOUN">lengte</instance>
         <wf lemma="van" pos="X">van</wf>
         <wf lemma="de" pos="X">de</wf>
         <wf lemma="auto" pos="X">auto</wf>
         <wf lemma="." pos="X">.</wf>
      </sentence>
      <sentence id="d000.s4060" source="wordnet-dutch">
         <wf lemma="heb" pos="X">heb</wf>
         <wf lemma="ik" pos="X">ik</wf>
         <wf lemma="mijn" pos="X">mijn</wf>
         <wf lemma="sleutels" pos="X">sleutels</wf>
         <wf lemma="soms" pos="X">soms</wf>
         <wf lemma="bij" pos="X">bij</wf>
         <wf lemma="jou" pos="X">jou</wf>
         <wf lemma="laten" pos="X">laten</wf>
         <instance id="d000.s4060.t000" lemma="liggen" pos="VERB">liggen</instance>
         <wf lemma="?" pos="X">?</wf>
      </sentence>
      <sentence id="d000.s4061" source="wordnet-dutch">
         <wf lemma="Een" pos="X">Een</wf>
         <instance id="d000.s4061.t000" lemma="kiel" pos="NOUN">kiel</instance>
         <wf lemma="moet" pos="X">moet</wf>
         <wf lemma="buiten" pos="X">buiten</wf>
         <wf lemma="de" pos="X">de</wf>
         <wf lemma="haven" pos="X">haven</wf>
         <wf lemma="liggen" pos="X">liggen</wf>
         <wf lemma="." pos="X">.</wf>
         <wf lemma="Het" pos="X">Het</wf>
         <wf lemma="is" pos="X">is</wf>
         <wf lemma="hier" pos="X">hier</wf>
         <wf lemma="te" pos="X">te</wf>
         <wf lemma="ondiep" pos="X">ondiep</wf>
         <wf lemma="." pos="X">.</wf>
      </sentence>
      <sentence id="d000.s4062" source="wordnet-dutch">
         <wf lemma="nationalisatie" pos="X">nationalisatie</wf>
         <wf lemma="is" pos="X">is</wf>
         <wf lemma="een" pos="X">een</wf>
         <wf lemma="langdurig" pos="X">langdurig</wf>
         <instance id="d000.s4062.t000" lemma="proces" pos="NOUN">proces</instance>
         <wf lemma="." pos="X">.</wf>
      </sentence>
      <sentence id="d000.s4063" source="wordnet-dutch">
         <wf lemma="met" pos="X">met</wf>
         <wf lemma="deze" pos="X">deze</wf>
         <wf lemma="opmerking" pos="X">opmerking</wf>
         <wf lemma="probeerde" pos="X">probeerde</wf>
         <wf lemma="ze" pos="X">ze</wf>
         <wf lemma="het" pos="X">het</wf>
         <wf lemma="verhaal" pos="X">verhaal</wf>
         <wf lemma="," pos="X">,</wf>
         <wf lemma="dat" pos="X">dat</wf>
         <wf lemma="zo" pos="X">zo</wf>
         <wf lemma="veel" pos="X">veel</wf>
         <wf lemma="stof" pos="X">stof</wf>
         <wf lemma="had" pos="X">had</wf>
         <wf lemma="doen" pos="X">doen</wf>
         <wf lemma="opwaaien" pos="X">opwaaien</wf>
         <wf lemma="," pos="X">,</wf>
         <wf lemma="wat" pos="X">wat</wf>
         <wf lemma="te" pos="X">te</wf>
         <instance id="d000.s4063.t000" lemma="relativeren" pos="VERB">relativeren</instance>
         <wf lemma="." pos="X">.</wf>
      </sentence>
      <sentence id="d000.s4064" source="wordnet-dutch">
         <wf lemma="ga" pos="X">ga</wf>
         <wf lemma="hem" pos="X">hem</wf>
         <wf lemma="eens" pos="X">eens</wf>
         <wf lemma="zeggen" pos="X">zeggen</wf>
         <wf lemma="dat" pos="X">dat</wf>
         <wf lemma="hij" pos="X">hij</wf>
         <wf lemma="moet" pos="X">moet</wf>
         <wf lemma="ophouden" pos="X">ophouden</wf>
         <wf lemma="zijn" pos="X">zijn</wf>
         <wf lemma="viool" pos="X">viool</wf>
         <wf lemma="te" pos="X">te</wf>
         <instance id="d000.s4064.t000" lemma="mishandelen" pos="VERB">mishandelen</instance>
         <wf lemma="." pos="X">.</wf>
      </sentence>
      <sentence id="d000.s4065" source="wordnet-dutch">
         <wf lemma="de" pos="X">de</wf>
         <wf lemma="fietser" pos="X">fietser</wf>
         <instance id="d000.s4065.t000" lemma="halen" pos="VERB">haalde</instance>
         <wf lemma="de" pos="X">de</wf>
         <wf lemma="helling" pos="X">helling</wf>
         <wf lemma="niet" pos="X">niet</wf>
         <wf lemma="en" pos="X">en</wf>
         <wf lemma="stapte" pos="X">stapte</wf>
         <wf lemma="af" pos="X">af</wf>
         <wf lemma="." pos="X">.</wf>
      </sentence>
      <sentence id="d000.s4066" source="wordnet-dutch">
         <wf lemma="er" pos="X">er</wf>
         <instance id="d000.s4066.t000" lemma="kleven" pos="VERB">kleeft</instance>
         <wf lemma="nog" pos="X">nog</wf>
         <wf lemma="pek" pos="X">pek</wf>
         <wf lemma="aan" pos="X">aan</wf>
         <wf lemma="mijn" pos="X">mijn</wf>
         <wf lemma="vingers" pos="X">vingers</wf>
         <wf lemma="." pos="X">.</wf>
      </sentence>
      <sentence id="d000.s4067" source="wordnet-dutch">
         <wf lemma="hij" pos="X">hij</wf>
         <wf lemma="was" pos="X">was</wf>
         <wf lemma="al" pos="X">al</wf>
         <wf lemma="drie" pos="X">drie</wf>
         <wf lemma="weken" pos="X">weken</wf>
         <wf lemma="met" pos="X">met</wf>
         <instance id="d000.s4067.t000" lemma="ziekteverlof" pos="NOUN">ziekteverlof</instance>
         <wf lemma="." pos="X">.</wf>
      </sentence>
      <sentence id="d000.s4068" source="wordnet-dutch">
         <wf lemma="dit" pos="X">dit</wf>
         <wf lemma="keer" pos="X">keer</wf>
         <wf lemma="valt" pos="X">valt</wf>
         <wf lemma="de" pos="X">de</wf>
         <instance id="d000.s4068.t000" lemma="keus" pos="NOUN">keus</instance>
         <wf lemma="op" pos="X">op</wf>
         <wf lemma="een" pos="X">een</wf>
         <wf lemma="rode" pos="X">rode</wf>
         <wf lemma="auto" pos="X">auto</wf>
         <wf lemma="." pos="X">.</wf>
      </sentence>
      <sentence id="d000.s4069" source="wordnet-dutch">
         <wf lemma="zo" pos="X">zo</wf>
         <wf lemma="eind" pos="X">eind</wf>
         <wf lemma="jaren" pos="X">jaren</wf>
         <wf lemma="zestig" pos="X">zestig</wf>
         <wf lemma="," pos="X">,</wf>
         <wf lemma="dat" pos="X">dat</wf>
         <wf lemma="was" pos="X">was</wf>
         <wf lemma="een" pos="X">een</wf>
         <wf lemma="goede" pos="X">goede</wf>
         <instance id="d000.s4069.t000" lemma="tijd" pos="NOUN">tijd</instance>
         <wf lemma="." pos="X">.</wf>
      </sentence>
      <sentence id="d000.s4070" source="wordnet-dutch">
         <wf lemma="de" pos="X">de</wf>
         <wf lemma="buurvrouw" pos="X">buurvrouw</wf>
         <wf lemma="en" pos="X">en</wf>
         <wf lemma="ik" pos="X">ik</wf>
         <instance id="d000.s4070.t000" lemma="hebben" pos="VERB">hadden</instance>
         <wf lemma="het" pos="X">het</wf>
         <wf lemma="juist" pos="X">juist</wf>
         <wf lemma="over" pos="X">over</wf>
         <wf lemma="het" pos="X">het</wf>
         <wf lemma="weer" pos="X">weer</wf>
         <wf lemma="." pos="X">.</wf>
      </sentence>
      <sentence id="d000.s4071" source="wordnet-dutch">
         <wf lemma="hij" pos="X">hij</wf>
         <wf lemma="heeft" pos="X">heeft</wf>
         <wf lemma="al" pos="X">al</wf>
         <wf lemma="z'n" pos="X">z'n</wf>
         <wf lemma="kleren" pos="X">kleren</wf>
         <wf lemma="op" pos="X">op</wf>
         <wf lemma="een" pos="X">een</wf>
         <instance id="d000.s4071.t000" lemma="hoop" pos="NOUN">hoop</instance>
         <wf lemma="gegooid" pos="X">gegooid</wf>
         <wf lemma="." pos="X">.</wf>
      </sentence>
      <sentence id="d000.s4072" source="wordnet-dutch">
         <wf lemma="er" pos="X">er</wf>
         <wf lemma="goed/jong" pos="X">goed/jong</wf>
         <wf lemma="uitzien" pos="X">uitzien</wf>
         <wf lemma="voor" pos="X">voor</wf>
         <wf lemma="zijn" pos="X">zijn</wf>
         <instance id="d000.s4072.t000" lemma="leeftijd" pos="NOUN">leeftijd</instance>
         <wf lemma="." pos="X">.</wf>
      </sentence>
      <sentence id="d000.s4073" source="wordnet-dutch">
         <wf lemma="op" pos="X">op</wf>
         <wf lemma="het" pos="X">het</wf>
         <wf lemma="nippetje" pos="X">nippetje</wf>
         <wf lemma="werden" pos="X">werden</wf>
         <wf lemma="nog" pos="X">nog</wf>
         <wf lemma="de" pos="X">de</wf>
         <wf lemma="vier" pos="X">vier</wf>
         <instance id="d000.s4073.t000" lemma="opvarende" pos="NOUN">opvarenden</instance>
         <wf lemma="van" pos="X">van</wf>
         <wf lemma="de" pos="X">de</wf>
         <wf lemma="boot" pos="X">boot</wf>
         <wf lemma="gered" pos="X">gered</wf>
         <wf lemma="." pos="X">.</wf>
      </sentence>
      <sentence id="d000.s4074" source="wordnet-dutch">
         <wf lemma="de" pos="X">de</wf>
         <wf lemma="militairen" pos="X">militairen</wf>
         <wf lemma="waren" pos="X">waren</wf>
         <wf lemma="zichtbaar" pos="X">zichtbaar</wf>
         <instance id="d000.s4074.t000" lemma="roeren" pos="VERB">geroerd</instance>
         <wf lemma="door" pos="X">door</wf>
         <wf lemma="het" pos="X">het</wf>
         <wf lemma="welkom" pos="X">welkom</wf>
         <wf lemma="." pos="X">.</wf>
      </sentence>
      <sentence id="d000.s4075" source="wordnet-dutch">
         <wf lemma="tegenover" pos="X">tegenover</wf>
         <wf lemma="de" pos="X">de</wf>
         <wf lemma="politie" pos="X">politie</wf>
         <wf lemma="verklaarde" pos="X">verklaarde</wf>
         <wf lemma="zij" pos="X">zij</wf>
         <wf lemma="dat" pos="X">dat</wf>
         <wf lemma="haar" pos="X">haar</wf>
         <wf lemma="baas" pos="X">baas</wf>
         <wf lemma="haar" pos="X">haar</wf>
         <wf lemma="onzedelijk" pos="X">onzedelijk</wf>
         <wf lemma="had" pos="X">had</wf>
         <instance id="d000.s4075.t000" lemma="betasten" pos="VERB">betast</instance>
         <wf lemma="." pos="X">.</wf>
      </sentence>
      <sentence id="d000.s4076" source="wordnet-dutch">
         <wf lemma="deze" pos="X">deze</wf>
         <wf lemma="cd" pos="X">cd</wf>
         <wf lemma="biedt" pos="X">biedt</wf>
         <wf lemma="minder" pos="X">minder</wf>
         <instance id="d000.s4076.t000" lemma="afwisseling" pos="NOUN">afwisseling</instance>
         <wf lemma="dan" pos="X">dan</wf>
         <wf lemma="de" pos="X">de</wf>
         <wf lemma="vorige" pos="X">vorige</wf>
         <wf lemma="." pos="X">.</wf>
      </sentence>
      <sentence id="d000.s4077" source="wordnet-dutch">
         <wf lemma="de" pos="X">de</wf>
         <wf lemma="vogels" pos="X">vogels</wf>
         <wf lemma="in" pos="X">in</wf>
         <wf lemma="de" pos="X">de</wf>
         <instance id="d000.s4077.t000" lemma="lucht" pos="NOUN">lucht</instance>
         <wf lemma="." pos="X">.</wf>
      </sentence>
      <sentence id="d000.s4078" source="wordnet-dutch">
         <wf lemma="de" pos="X">de</wf>
         <instance id="d000.s4078.t000" lemma="opiniepeiling" pos="NOUN">opiniepeilingen</instance>
         <wf lemma="voorspellen" pos="X">voorspellen</wf>
         <wf lemma="Clinton" pos="X">Clinton</wf>
         <wf lemma="een" pos="X">een</wf>
         <wf lemma="overwinning" pos="X">overwinning</wf>
         <wf lemma="." pos="X">.</wf>
      </sentence>
      <sentence id="d000.s4079" source="wordnet-dutch">
         <wf lemma="zijn" pos="X">zijn</wf>
         <wf lemma="stiefvader" pos="X">stiefvader</wf>
         <wf lemma="was" pos="X">was</wf>
         <wf lemma="een" pos="X">een</wf>
         <wf lemma="alcoholist" pos="X">alcoholist</wf>
         <wf lemma="," pos="X">,</wf>
         <wf lemma="die" pos="X">die</wf>
         <wf lemma="het" pos="X">het</wf>
         <wf lemma="gezin" pos="X">gezin</wf>
         <instance id="d000.s4079.t000" lemma="terroriseren" pos="VERB">terroriseerde</instance>
         <wf lemma="." pos="X">.</wf>
      </sentence>
      <sentence id="d000.s4080" source="wordnet-dutch">
         <wf lemma="het" pos="X">het</wf>
         <instance id="d000.s4080.t000" lemma="beloven" pos="VERB">belooft</instance>
         <wf lemma="een" pos="X">een</wf>
         <wf lemma="saaie" pos="X">saaie</wf>
         <wf lemma="boel" pos="X">boel</wf>
         <wf lemma="te" pos="X">te</wf>
         <wf lemma="worden" pos="X">worden</wf>
         <wf lemma="." pos="X">.</wf>
      </sentence>
      <sentence id="d000.s4081" source="wordnet-dutch">
         <wf lemma="deze" pos="X">deze</wf>
         <wf lemma="leerling" pos="X">leerling</wf>
         <wf lemma="is" pos="X">is</wf>
         <wf lemma="een" pos="X">een</wf>
         <instance id="d000.s4081.t000" lemma="kraan" pos="NOUN">kraan</instance>
         <wf lemma="in" pos="X">in</wf>
         <wf lemma="rekenen" pos="X">rekenen</wf>
         <wf lemma="." pos="X">.</wf>
      </sentence>
      <sentence id="d000.s4082" source="wordnet-dutch">
         <wf lemma="In" pos="X">In</wf>
         <wf lemma="het" pos="X">het</wf>
         <instance id="d000.s4082.t000" lemma="bestek" pos="NOUN">bestek</instance>
         <wf lemma="staat" pos="X">staat</wf>
         <wf lemma="hoe" pos="X">hoe</wf>
         <wf lemma="het" pos="X">het</wf>
         <wf lemma="dak" pos="X">dak</wf>
         <wf lemma="gebouwd" pos="X">gebouwd</wf>
         <wf lemma="moet" pos="X">moet</wf>
         <wf lemma="worden" pos="X">worden</wf>
         <wf lemma="." pos="X">.</wf>
      </sentence>
      <sentence id="d000.s4083" source="wordnet-dutch">
         <wf lemma="hoeveel" pos="X">hoeveel</wf>
         <wf lemma="kost" pos="X">kost</wf>
         <wf lemma="het" pos="X">het</wf>
         <wf lemma="om" pos="X">om</wf>
         <wf lemma="dat" pos="X">dat</wf>
         <wf lemma="aan" pos="X">aan</wf>
         <wf lemma="huis" pos="X">huis</wf>
         <wf lemma="te" pos="X">te</wf>
         <wf lemma="laten" pos="X">laten</wf>
         <instance id="d000.s4083.t000" lemma="bezorgen" pos="VERB">bezorgen</instance>
         <wf lemma="?" pos="X">?</wf>
      </sentence>
      <sentence id="d000.s4084" source="wordnet-dutch">
         <wf lemma="voor" pos="X">voor</wf>
         <wf lemma="de" pos="X">de</wf>
         <wf lemma="afsluiting" pos="X">afsluiting</wf>
         <wf lemma="van" pos="X">van</wf>
         <wf lemma="de" pos="X">de</wf>
         <wf lemma="Oosterschelde" pos="X">Oosterschelde</wf>
         <wf lemma="heeft" pos="X">heeft</wf>
         <wf lemma="men" pos="X">men</wf>
         <wf lemma="een" pos="X">een</wf>
         <wf lemma="groot" pos="X">groot</wf>
         <wf lemma="aantal" pos="X">aantal</wf>
         <instance id="d000.s4084.t000" lemma="caisson" pos="NOUN">caissons</instance>
         <wf lemma="afgezonken" pos="X">afgezonken</wf>
         <wf lemma="." pos="X">.</wf>
      </sentence>
      <sentence id="d000.s4085" source="wordnet-dutch">
         <wf lemma="Ze" pos="X">Ze</wf>
         <wf lemma="heeft" pos="X">heeft</wf>
         <wf lemma="zich" pos="X">zich</wf>
         <instance id="d000.s4085.t000" lemma="belasten" pos="VERB">belast</instance>
         <wf lemma="met" pos="X">met</wf>
         <wf lemma="het" pos="X">het</wf>
         <wf lemma="in" pos="X">in</wf>
         <wf lemma="orde" pos="X">orde</wf>
         <wf lemma="maken" pos="X">maken</wf>
         <wf lemma="van" pos="X">van</wf>
         <wf lemma="de" pos="X">de</wf>
         <wf lemma="administratie" pos="X">administratie</wf>
         <wf lemma="." pos="X">.</wf>
      </sentence>
      <sentence id="d000.s4086" source="wordnet-dutch">
         <wf lemma="Het" pos="X">Het</wf>
         <instance id="d000.s4086.t000" lemma="transport" pos="NOUN">transport</instance>
         <wf lemma="is" pos="X">is</wf>
         <wf lemma="aangekomen" pos="X">aangekomen</wf>
         <wf lemma="." pos="X">.</wf>
      </sentence>
      <sentence id="d000.s4087" source="wordnet-dutch">
         <wf lemma="de" pos="X">de</wf>
         <wf lemma="oude" pos="X">oude</wf>
         <wf lemma="boerderij" pos="X">boerderij</wf>
         <wf lemma="staat" pos="X">staat</wf>
         <wf lemma="al" pos="X">al</wf>
         <wf lemma="de" pos="X">de</wf>
         <wf lemma="hele" pos="X">hele</wf>
         <wf lemma="avond" pos="X">avond</wf>
         <wf lemma="in" pos="X">in</wf>
         <instance id="d000.s4087.t000" lemma="brand" pos="NOUN">brand</instance>
         <wf lemma="." pos="X">.</wf>
      </sentence>
      <sentence id="d000.s4088" source="wordnet-dutch">
         <wf lemma="uit" pos="X">uit</wf>
         <instance id="d000.s4088.t000" lemma="beleefdheid" pos="NOUN">beleefdheid</instance>
         <wf lemma="groet" pos="X">groet</wf>
         <wf lemma="hij" pos="X">hij</wf>
         <wf lemma="de" pos="X">de</wf>
         <wf lemma="buren" pos="X">buren</wf>
         <wf lemma="." pos="X">.</wf>
      </sentence>
      <sentence id="d000.s4089" source="wordnet-dutch">
         <wf lemma="conservatieve" pos="X">conservatieve</wf>
         <wf lemma="krachten" pos="X">krachten</wf>
         <wf lemma="in" pos="X">in</wf>
         <wf lemma="het" pos="X">het</wf>
         <instance id="d000.s4089.t000" lemma="parlement" pos="NOUN">parlement</instance>
         <wf lemma="gooien" pos="X">gooien</wf>
         <wf lemma="roet" pos="X">roet</wf>
         <wf lemma="in" pos="X">in</wf>
         <wf lemma="het" pos="X">het</wf>
         <wf lemma="eten" pos="X">eten</wf>
         <wf lemma="." pos="X">.</wf>
      </sentence>
      <sentence id="d000.s4090" source="wordnet-dutch">
         <wf lemma="je" pos="X">je</wf>
         <instance id="d000.s4090.t000" lemma="lijken" pos="VERB">lijkt</instance>
         <wf lemma="de" pos="X">de</wf>
         <wf lemma="pastoor" pos="X">pastoor</wf>
         <wf lemma="wel" pos="X">wel</wf>
         <wf lemma="als" pos="X">als</wf>
         <wf lemma="je" pos="X">je</wf>
         <wf lemma="zo" pos="X">zo</wf>
         <wf lemma="praat" pos="X">praat</wf>
         <wf lemma="." pos="X">.</wf>
      </sentence>
      <sentence id="d000.s4091" source="wordnet-dutch">
         <wf lemma="ze" pos="X">ze</wf>
         <wf lemma="weigerde" pos="X">weigerde</wf>
         <wf lemma="voor" pos="X">voor</wf>
         <wf lemma="één" pos="X">één</wf>
         <wf lemma="van" pos="X">van</wf>
         <wf lemma="beiden" pos="X">beiden</wf>
         <instance id="d000.s4091.t000" lemma="partij" pos="NOUN">partij</instance>
         <wf lemma="te" pos="X">te</wf>
         <wf lemma="kiezen" pos="X">kiezen</wf>
         <wf lemma="." pos="X">.</wf>
      </sentence>
      <sentence id="d000.s4092" source="wordnet-dutch">
         <wf lemma="De" pos="X">De</wf>
         <wf lemma="top" pos="X">top</wf>
         <wf lemma="van" pos="X">van</wf>
         <wf lemma="het" pos="X">het</wf>
         <wf lemma="gewelf" pos="X">gewelf</wf>
         <wf lemma="bevat" pos="X">bevat</wf>
         <wf lemma="een" pos="X">een</wf>
         <wf lemma="prachtig" pos="X">prachtig</wf>
         <wf lemma="versierde" pos="X">versierde</wf>
         <instance id="d000.s4092.t000" lemma="roos" pos="NOUN">roos</instance>
         <wf lemma="." pos="X">.</wf>
      </sentence>
      <sentence id="d000.s4093" source="wordnet-dutch">
         <wf lemma="de" pos="X">de</wf>
         <wf lemma="dief" pos="X">dief</wf>
         <instance id="d000.s4093.t000" lemma="ontglippen" pos="VERB">ontglipte</instance>
         <wf lemma="de" pos="X">de</wf>
         <wf lemma="politie" pos="X">politie</wf>
         <wf lemma="." pos="X">.</wf>
      </sentence>
      <sentence id="d000.s4094" source="wordnet-dutch">
         <wf lemma="de" pos="X">de</wf>
         <wf lemma="bus" pos="X">bus</wf>
         <instance id="d000.s4094.t000" lemma="sturen" pos="VERB">stuurt</instance>
         <wf lemma="slecht" pos="X">slecht</wf>
         <wf lemma="." pos="X">.</wf>
      </sentence>
      <sentence id="d000.s4095" source="wordnet-dutch">
         <wf lemma="Deze" pos="X">Deze</wf>
         <wf lemma="jachthond" pos="X">jachthond</wf>
         <wf lemma="heeft" pos="X">heeft</wf>
         <wf lemma="een" pos="X">een</wf>
         <wf lemma="goede" pos="X">goede</wf>
         <instance id="d000.s4095.t000" lemma="neus" pos="NOUN">neus</instance>
         <wf lemma="." pos="X">.</wf>
      </sentence>
      <sentence id="d000.s4096" source="wordnet-dutch">
         <wf lemma="de" pos="X">de</wf>
         <wf lemma="politie" pos="X">politie</wf>
         <wf lemma="heeft" pos="X">heeft</wf>
         <wf lemma="vannacht" pos="X">vannacht</wf>
         <wf lemma="een" pos="X">een</wf>
         <wf lemma="tiental" pos="X">tiental</wf>
         <wf lemma="automobilisten" pos="X">automobilisten</wf>
         <instance id="d000.s4096.t000" lemma="flitsen" pos="VERB">geflitst</instance>
         <wf lemma="," pos="X">,</wf>
         <wf lemma="die" pos="X">die</wf>
         <wf lemma="zich" pos="X">zich</wf>
         <wf lemma="niet" pos="X">niet</wf>
         <wf lemma="aan" pos="X">aan</wf>
         <wf lemma="de" pos="X">de</wf>
         <wf lemma="snelheidsbeperkingen" pos="X">snelheidsbeperkingen</wf>
         <wf lemma="hielden" pos="X">hielden</wf>
         <wf lemma="." pos="X">.</wf>
      </sentence>
      <sentence id="d000.s4097" source="wordnet-dutch">
         <wf lemma="mijn" pos="X">mijn</wf>
         <wf lemma="computer" pos="X">computer</wf>
         <wf lemma="is" pos="X">is</wf>
         <wf lemma="vandaag" pos="X">vandaag</wf>
         <wf lemma="al" pos="X">al</wf>
         <wf lemma="verschillende" pos="X">verschillende</wf>
         <wf lemma="keren" pos="X">keren</wf>
         <instance id="d000.s4097.t000" lemma="uitvallen" pos="VERB">uitgevallen</instance>
         <wf lemma="." pos="X">.</wf>
      </sentence>
      <sentence id="d000.s4098" source="wordnet-dutch">
         <wf lemma="een" pos="X">een</wf>
         <wf lemma="feest" pos="X">feest</wf>
         <wf lemma="ter" pos="X">ter</wf>
         <instance id="d000.s4098.t000" lemma="beloning" pos="NOUN">beloning</instance>
         <wf lemma="van" pos="X">van</wf>
         <wf lemma="de" pos="X">de</wf>
         <wf lemma="helden" pos="X">helden</wf>
         <wf lemma="." pos="X">.</wf>
      </sentence>
      <sentence id="d000.s4099" source="wordnet-dutch">
         <wf lemma="de" pos="X">de</wf>
         <wf lemma="wielrenners" pos="X">wielrenners</wf>
         <wf lemma="zouden" pos="X">zouden</wf>
         <wf lemma="door" pos="X">door</wf>
         <wf lemma="de" pos="X">de</wf>
         <wf lemma="verzorger" pos="X">verzorger</wf>
         <instance id="d000.s4099.t000" lemma="drogeren" pos="VERB">gedrogeerd</instance>
         <wf lemma="zijn" pos="X">zijn</wf>
         <wf lemma="." pos="X">.</wf>
      </sentence>
      <sentence id="d000.s4100" source="wordnet-dutch">
         <wf lemma="Alle" pos="X">Alle</wf>
         <instance id="d000.s4100.t000" lemma="materiaal" pos="NOUN">materialen</instance>
         <wf lemma="die" pos="X">die</wf>
         <wf lemma="je" pos="X">je</wf>
         <wf lemma="nodig" pos="X">nodig</wf>
         <wf lemma="hebt" pos="X">hebt</wf>
         <wf lemma="liggen" pos="X">liggen</wf>
         <wf lemma="in" pos="X">in</wf>
         <wf lemma="de" pos="X">de</wf>
         <wf lemma="tent" pos="X">tent</wf>
         <wf lemma="." pos="X">.</wf>
      </sentence>
      <sentence id="d000.s4101" source="wordnet-dutch">
         <wf lemma="wie" pos="X">wie</wf>
         <wf lemma="zal" pos="X">zal</wf>
         <wf lemma="ons" pos="X">ons</wf>
         <wf lemma="land" pos="X">land</wf>
         <wf lemma="dit" pos="X">dit</wf>
         <wf lemma="jaar" pos="X">jaar</wf>
         <instance id="d000.s4101.t000" lemma="vertegenwoordigen" pos="VERB">vertegenwoordigen</instance>
         <wf lemma="op" pos="X">op</wf>
         <wf lemma="het" pos="X">het</wf>
         <wf lemma="songfestival" pos="X">songfestival</wf>
         <wf lemma="?" pos="X">?</wf>
      </sentence>
      <sentence id="d000.s4102" source="wordnet-dutch">
         <wf lemma="in" pos="X">in</wf>
         <wf lemma="het" pos="X">het</wf>
         <wf lemma="gevecht" pos="X">gevecht</wf>
         <wf lemma="liep" pos="X">liep</wf>
         <wf lemma="hij" pos="X">hij</wf>
         <wf lemma="een" pos="X">een</wf>
         <wf lemma="gescheurde" pos="X">gescheurde</wf>
         <instance id="d000.s4102.t000" lemma="milt" pos="NOUN">milt</instance>
         <wf lemma="op" pos="X">op</wf>
         <wf lemma="." pos="X">.</wf>
      </sentence>
      <sentence id="d000.s4103" source="wordnet-dutch">
         <wf lemma="haar" pos="X">haar</wf>
         <wf lemma="in" pos="X">in</wf>
         <instance id="d000.s4103.t000" lemma="laag" pos="NOUN">lagen</instance>
         <wf lemma="knippen" pos="X">knippen</wf>
         <wf lemma="." pos="X">.</wf>
      </sentence>
      <sentence id="d000.s4104" source="wordnet-dutch">
         <wf lemma="een" pos="X">een</wf>
         <wf lemma="verstopte" pos="X">verstopte</wf>
         <instance id="d000.s4104.t000" lemma="talgklier" pos="NOUN">talgklier</instance>
         <wf lemma="kan" pos="X">kan</wf>
         <wf lemma="leiden" pos="X">leiden</wf>
         <wf lemma="tot" pos="X">tot</wf>
         <wf lemma="een" pos="X">een</wf>
         <wf lemma="puist" pos="X">puist</wf>
         <wf lemma="als" pos="X">als</wf>
         <wf lemma="het" pos="X">het</wf>
         <wf lemma="gaat" pos="X">gaat</wf>
         <wf lemma="ontsteken" pos="X">ontsteken</wf>
         <wf lemma="." pos="X">.</wf>
      </sentence>
      <sentence id="d000.s4105" source="wordnet-dutch">
         <wf lemma="wie" pos="X">wie</wf>
         <instance id="d000.s4105.t000" lemma="bepalen" pos="VERB">bepaalt</instance>
         <wf lemma="hier" pos="X">hier</wf>
         <wf lemma="nu" pos="X">nu</wf>
         <wf lemma="eigenlijk" pos="X">eigenlijk</wf>
         <wf lemma="de" pos="X">de</wf>
         <wf lemma="regels" pos="X">regels</wf>
         <wf lemma="?" pos="X">?</wf>
      </sentence>
      <sentence id="d000.s4106" source="wordnet-dutch">
         <wf lemma="het" pos="X">het</wf>
         <wf lemma="kwam" pos="X">kwam</wf>
         <wf lemma="gisteren" pos="X">gisteren</wf>
         <wf lemma="weer" pos="X">weer</wf>
         <wf lemma="tot" pos="X">tot</wf>
         <wf lemma="een" pos="X">een</wf>
         <wf lemma="bloedig" pos="X">bloedig</wf>
         <instance id="d000.s4106.t000" lemma="treffen" pos="NOUN">treffen</instance>
         <wf lemma="in" pos="X">in</wf>
         <wf lemma="de" pos="X">de</wf>
         <wf lemma="straten" pos="X">straten</wf>
         <wf lemma="van" pos="X">van</wf>
         <wf lemma="Jeruzalem" pos="X">Jeruzalem</wf>
         <wf lemma="." pos="X">.</wf>
      </sentence>
      <sentence id="d000.s4107" source="wordnet-dutch">
         <wf lemma="mag" pos="X">mag</wf>
         <wf lemma="ik" pos="X">ik</wf>
         <wf lemma="je" pos="X">je</wf>
         <wf lemma="mijn" pos="X">mijn</wf>
         <wf lemma="nieuwe" pos="X">nieuwe</wf>
         <wf lemma="vriendin" pos="X">vriendin</wf>
         <instance id="d000.s4107.t000" lemma="presenteren" pos="VERB">presenteren</instance>
         <wf lemma="." pos="X">.</wf>
      </sentence>
      <sentence id="d000.s4108" source="wordnet-dutch">
         <instance id="d000.s4108.t000" lemma="vee" pos="NOUN">vee</instance>
         <wf lemma="ruimen" pos="X">ruimen</wf>
         <wf lemma="kan" pos="X">kan</wf>
         <wf lemma="bijdragen" pos="X">bijdragen</wf>
         <wf lemma="aan" pos="X">aan</wf>
         <wf lemma="de" pos="X">de</wf>
         <wf lemma="verspreiding" pos="X">verspreiding</wf>
         <wf lemma="van" pos="X">van</wf>
         <wf lemma="het" pos="X">het</wf>
         <wf lemma="MKZ-virus" pos="X">MKZ-virus</wf>
         <wf lemma="." pos="X">.</wf>
      </sentence>
      <sentence id="d000.s4109" source="wordnet-dutch">
         <wf lemma="wij" pos="X">wij</wf>
         <instance id="d000.s4109.t000" lemma="blijven" pos="VERB">blijven</instance>
         <wf lemma="nog" pos="X">nog</wf>
         <wf lemma="een" pos="X">een</wf>
         <wf lemma="jaar" pos="X">jaar</wf>
         <wf lemma="in" pos="X">in</wf>
         <wf lemma="Nederland" pos="X">Nederland</wf>
         <wf lemma="." pos="X">.</wf>
      </sentence>
      <sentence id="d000.s4110" source="wordnet-dutch">
         <wf lemma="met" pos="X">met</wf>
         <wf lemma="een" pos="X">een</wf>
         <instance id="d000.s4110.t000" lemma="priem" pos="NOUN">priem</instance>
         <wf lemma="stak" pos="X">stak</wf>
         <wf lemma="hij" pos="X">hij</wf>
         <wf lemma="een" pos="X">een</wf>
         <wf lemma="gaatje" pos="X">gaatje</wf>
         <wf lemma="in" pos="X">in</wf>
         <wf lemma="het" pos="X">het</wf>
         <wf lemma="hout" pos="X">hout</wf>
         <wf lemma="." pos="X">.</wf>
      </sentence>
      <sentence id="d000.s4111" source="wordnet-dutch">
         <wf lemma="hij" pos="X">hij</wf>
         <instance id="d000.s4111.t000" lemma="trappen" pos="VERB">trapte</instance>
         <wf lemma="tegen" pos="X">tegen</wf>
         <wf lemma="mijn" pos="X">mijn</wf>
         <wf lemma="been" pos="X">been</wf>
         <wf lemma="om" pos="X">om</wf>
         <wf lemma="me" pos="X">me</wf>
         <wf lemma="duidelijk" pos="X">duidelijk</wf>
         <wf lemma="te" pos="X">te</wf>
         <wf lemma="maken" pos="X">maken</wf>
         <wf lemma="dat" pos="X">dat</wf>
         <wf lemma="ik" pos="X">ik</wf>
         <wf lemma="moest" pos="X">moest</wf>
         <wf lemma="zwijgen" pos="X">zwijgen</wf>
         <wf lemma="." pos="X">.</wf>
      </sentence>
      <sentence id="d000.s4112" source="wordnet-dutch">
         <wf lemma="Militairen" pos="X">Militairen</wf>
         <wf lemma="hebben" pos="X">hebben</wf>
         <wf lemma="donderdag" pos="X">donderdag</wf>
         <instance id="d000.s4112.t000" lemma="onrust" pos="NOUN">onrust</instance>
         <wf lemma="veroorzaakt" pos="X">veroorzaakt</wf>
         <wf lemma="in" pos="X">in</wf>
         <wf lemma="Kabul" pos="X">Kabul</wf>
         <wf lemma="." pos="X">.</wf>
      </sentence>
      <sentence id="d000.s4113" source="wordnet-dutch">
         <wf lemma="ik" pos="X">ik</wf>
         <instance id="d000.s4113.t000" lemma="registreren" pos="VERB">registreer</instance>
         <wf lemma="al" pos="X">al</wf>
         <wf lemma="maanden" pos="X">maanden</wf>
         <wf lemma="dat" pos="X">dat</wf>
         <wf lemma="ze" pos="X">ze</wf>
         <wf lemma="niet" pos="X">niet</wf>
         <wf lemma="met" pos="X">met</wf>
         <wf lemma="elkaar" pos="X">elkaar</wf>
         <wf lemma="overweg" pos="X">overweg</wf>
         <wf lemma="kunnen" pos="X">kunnen</wf>
         <wf lemma="." pos="X">.</wf>
      </sentence>
      <sentence id="d000.s4114" source="wordnet-dutch">
         <wf lemma="rond" pos="X">rond</wf>
         <wf lemma="zes" pos="X">zes</wf>
         <wf lemma="uur" pos="X">uur</wf>
         <wf lemma="staat" pos="X">staat</wf>
         <wf lemma="de" pos="X">de</wf>
         <instance id="d000.s4114.t000" lemma="eb" pos="NOUN">eb</instance>
         <wf lemma="dan" pos="X">dan</wf>
         <wf lemma="goed" pos="X">goed</wf>
         <wf lemma="door" pos="X">door</wf>
         <wf lemma="." pos="X">.</wf>
      </sentence>
      <sentence id="d000.s4115" source="wordnet-dutch">
         <wf lemma="hard" pos="X">hard</wf>
         <wf lemma="studeren" pos="X">studeren</wf>
         <instance id="d000.s4115.t000" lemma="lonen" pos="VERB">loont</instance>
         <wf lemma="zeker" pos="X">zeker</wf>
         <wf lemma="de" pos="X">de</wf>
         <wf lemma="moeite" pos="X">moeite</wf>
         <wf lemma="." pos="X">.</wf>
      </sentence>
      <sentence id="d000.s4116" source="wordnet-dutch">
         <wf lemma="er" pos="X">er</wf>
         <wf lemma="was" pos="X">was</wf>
         <wf lemma="sprake" pos="X">sprake</wf>
         <wf lemma="van" pos="X">van</wf>
         <wf lemma="verhoogde" pos="X">verhoogde</wf>
         <instance id="d000.s4116.t000" lemma="activiteit" pos="NOUN">activiteit</instance>
         <wf lemma="op" pos="X">op</wf>
         <wf lemma="de" pos="X">de</wf>
         <wf lemma="legerbasis" pos="X">legerbasis</wf>
         <wf lemma="." pos="X">.</wf>
      </sentence>
      <sentence id="d000.s4117" source="wordnet-dutch">
         <wf lemma="de" pos="X">de</wf>
         <wf lemma="troepen" pos="X">troepen</wf>
         <wf lemma="verkeren" pos="X">verkeren</wf>
         <wf lemma="in" pos="X">in</wf>
         <wf lemma="verhoogde/de" pos="X">verhoogde/de</wf>
         <wf lemma="hoogste/de" pos="X">hoogste/de</wf>
         <wf lemma="opperste" pos="X">opperste</wf>
         <wf lemma="staat" pos="X">staat</wf>
         <wf lemma="van" pos="X">van</wf>
         <instance id="d000.s4117.t000" lemma="paraatheid" pos="NOUN">paraatheid</instance>
         <wf lemma="." pos="X">.</wf>
      </sentence>
      <sentence id="d000.s4118" source="wordnet-dutch">
         <wf lemma="De" pos="X">De</wf>
         <instance id="d000.s4118.t000" lemma="strop" pos="NOUN">strop</instance>
         <wf lemma="om" pos="X">om</wf>
         <wf lemma="de" pos="X">de</wf>
         <wf lemma="balken" pos="X">balken</wf>
         <wf lemma="zat" pos="X">zat</wf>
         <wf lemma="niet" pos="X">niet</wf>
         <wf lemma="goed" pos="X">goed</wf>
         <wf lemma="vast" pos="X">vast</wf>
         <wf lemma="waardoor" pos="X">waardoor</wf>
         <wf lemma="de" pos="X">de</wf>
         <wf lemma="constructie" pos="X">constructie</wf>
         <wf lemma="begon" pos="X">begon</wf>
         <wf lemma="te" pos="X">te</wf>
         <wf lemma="schuiven" pos="X">schuiven</wf>
         <wf lemma="." pos="X">.</wf>
      </sentence>
      <sentence id="d000.s4119" source="wordnet-dutch">
         <wf lemma="Zie" pos="X">Zie</wf>
         <instance id="d000.s4119.t000" lemma="sectie" pos="NOUN">sectie</instance>
         <wf lemma="4.1" pos="X">4.1</wf>
         <wf lemma="." pos="X">.</wf>
      </sentence>
      <sentence id="d000.s4120" source="wordnet-dutch">
         <wf lemma="de" pos="X">de</wf>
         <wf lemma="arts" pos="X">arts</wf>
         <wf lemma="schreef" pos="X">schreef</wf>
         <wf lemma="haar" pos="X">haar</wf>
         <instance id="d000.s4120.t000" lemma="penicilline" pos="NOUN">penicilline</instance>
         <wf lemma="voor" pos="X">voor</wf>
         <wf lemma="." pos="X">.</wf>
      </sentence>
      <sentence id="d000.s4121" source="wordnet-dutch">
         <wf lemma="gelukkig" pos="X">gelukkig</wf>
         <wf lemma="was" pos="X">was</wf>
         <wf lemma="de" pos="X">de</wf>
         <wf lemma="wagen" pos="X">wagen</wf>
         <wf lemma="goed" pos="X">goed</wf>
         <instance id="d000.s4121.t000" lemma="pantseren" pos="VERB">gepantserd</instance>
         <wf lemma="." pos="X">.</wf>
      </sentence>
      <sentence id="d000.s4122" source="wordnet-dutch">
         <wf lemma="De" pos="X">De</wf>
         <wf lemma="diepe" pos="X">diepe</wf>
         <instance id="d000.s4122.t000" lemma="plas" pos="NOUN">plas</instance>
         <wf lemma="in" pos="X">in</wf>
         <wf lemma="de" pos="X">de</wf>
         <wf lemma="bouwput" pos="X">bouwput</wf>
         <wf lemma="moet" pos="X">moet</wf>
         <wf lemma="iedere" pos="X">iedere</wf>
         <wf lemma="avond" pos="X">avond</wf>
         <wf lemma="worden" pos="X">worden</wf>
         <wf lemma="leeggepompt" pos="X">leeggepompt</wf>
         <wf lemma="." pos="X">.</wf>
      </sentence>
      <sentence id="d000.s4123" source="wordnet-dutch">
         <wf lemma="ik" pos="X">ik</wf>
         <instance id="d000.s4123.t000" lemma="laten" pos="VERB">laat</instance>
         <wf lemma="het" pos="X">het</wf>
         <wf lemma="zoals" pos="X">zoals</wf>
         <wf lemma="het" pos="X">het</wf>
         <wf lemma="is" pos="X">is</wf>
         <wf lemma="." pos="X">.</wf>
      </sentence>
      <sentence id="d000.s4124" source="wordnet-dutch">
         <wf lemma="een" pos="X">een</wf>
         <wf lemma="Nederlandse" pos="X">Nederlandse</wf>
         <instance id="d000.s4124.t000" lemma="benaming" pos="NOUN">benaming</instance>
         <wf lemma="voor" pos="X">voor</wf>
         <wf lemma="skeeleren" pos="X">skeeleren</wf>
         <wf lemma="." pos="X">.</wf>
      </sentence>
      <sentence id="d000.s4125" source="wordnet-dutch">
         <wf lemma="op" pos="X">op</wf>
         <wf lemma="die" pos="X">die</wf>
         <wf lemma="manier" pos="X">manier</wf>
         <wf lemma="wordt" pos="X">wordt</wf>
         <wf lemma="ook" pos="X">ook</wf>
         <wf lemma="het" pos="X">het</wf>
         <wf lemma="economisch/politiek" pos="X">economisch/politiek</wf>
         <wf lemma="draagvlak" pos="X">draagvlak</wf>
         <instance id="d000.s4125.t000" lemma="verbreden" pos="VERB">verbreed</instance>
         <wf lemma="." pos="X">.</wf>
      </sentence>
      <sentence id="d000.s4126" source="wordnet-dutch">
         <wf lemma="wij" pos="X">wij</wf>
         <wf lemma="aten" pos="X">aten</wf>
         <wf lemma="thuis" pos="X">thuis</wf>
         <wf lemma="altijd" pos="X">altijd</wf>
         <wf lemma="in" pos="X">in</wf>
         <wf lemma="de" pos="X">de</wf>
         <instance id="d000.s4126.t000" lemma="achterkamer" pos="NOUN">achterkamer</instance>
         <wf lemma="." pos="X">.</wf>
      </sentence>
      <sentence id="d000.s4127" source="wordnet-dutch">
         <wf lemma="onder" pos="X">onder</wf>
         <wf lemma="druk" pos="X">druk</wf>
         <wf lemma="kan" pos="X">kan</wf>
         <wf lemma="ik" pos="X">ik</wf>
         <wf lemma="niet" pos="X">niet</wf>
         <wf lemma="(" pos="X">(</wf>
         <wf lemma="goed" pos="X">goed</wf>
         <wf lemma=")" pos="X">)</wf>
         <instance id="d000.s4127.t000" lemma="presteren" pos="VERB">presteren</instance>
         <wf lemma="." pos="X">.</wf>
      </sentence>
      <sentence id="d000.s4128" source="wordnet-dutch">
         <wf lemma="chemische" pos="X">chemische</wf>
         <instance id="d000.s4128.t000" lemma="anker" pos="NOUN">ankers</instance>
         <wf lemma="." pos="X">.</wf>
      </sentence>
      <sentence id="d000.s4129" source="wordnet-dutch">
         <wf lemma="de" pos="X">de</wf>
         <wf lemma="argumenten" pos="X">argumenten</wf>
         <wf lemma="van" pos="X">van</wf>
         <wf lemma="de" pos="X">de</wf>
         <wf lemma="vakbonden" pos="X">vakbonden</wf>
         <instance id="d000.s4129.t000" lemma="overtuigen" pos="VERB">overtuigden</instance>
         <wf lemma="premier" pos="X">premier</wf>
         <wf lemma="Kok" pos="X">Kok</wf>
         <wf lemma="niet" pos="X">niet</wf>
         <wf lemma="." pos="X">.</wf>
      </sentence>
      <sentence id="d000.s4130" source="wordnet-dutch">
         <wf lemma="dat" pos="X">dat</wf>
         <wf lemma="is" pos="X">is</wf>
         <wf lemma="niet" pos="X">niet</wf>
         <wf lemma="in" pos="X">in</wf>
         <wf lemma="het" pos="X">het</wf>
         <instance id="d000.s4130.t000" lemma="belang" pos="NOUN">belang</instance>
         <wf lemma="van" pos="X">van</wf>
         <wf lemma="de" pos="X">de</wf>
         <wf lemma="natuur" pos="X">natuur</wf>
         <wf lemma="." pos="X">.</wf>
      </sentence>
      <sentence id="d000.s4131" source="wordnet-dutch">
         <wf lemma="als" pos="X">als</wf>
         <wf lemma="je" pos="X">je</wf>
         <wf lemma="van" pos="X">van</wf>
         <wf lemma="die" pos="X">die</wf>
         <wf lemma="trui" pos="X">trui</wf>
         <wf lemma="geen" pos="X">geen</wf>
         <wf lemma="betalingsbewijs" pos="X">betalingsbewijs</wf>
         <wf lemma="meer" pos="X">meer</wf>
         <wf lemma="hebt" pos="X">hebt</wf>
         <wf lemma="kun" pos="X">kun</wf>
         <wf lemma="je" pos="X">je</wf>
         <wf lemma="hem" pos="X">hem</wf>
         <wf lemma="niet" pos="X">niet</wf>
         <wf lemma="meer" pos="X">meer</wf>
         <instance id="d000.s4131.t000" lemma="omruilen" pos="VERB">omruilen</instance>
         <wf lemma="." pos="X">.</wf>
      </sentence>
      <sentence id="d000.s4132" source="wordnet-dutch">
         <wf lemma="vier" pos="X">vier</wf>
         <wf lemma="balken" pos="X">balken</wf>
         <instance id="d000.s4132.t000" lemma="schragen" pos="VERB">schraagde</instance>
         <wf lemma="het" pos="X">het</wf>
         <wf lemma="vervallen" pos="X">vervallen</wf>
         <wf lemma="muurtje" pos="X">muurtje</wf>
         <wf lemma="." pos="X">.</wf>
      </sentence>
      <sentence id="d000.s4133" source="wordnet-dutch">
         <wf lemma="het" pos="X">het</wf>
         <wf lemma="echtpaar" pos="X">echtpaar</wf>
         <instance id="d000.s4133.t000" lemma="verblijven" pos="VERB">verbleef</instance>
         <wf lemma="op" pos="X">op</wf>
         <wf lemma="een" pos="X">een</wf>
         <wf lemma="camping" pos="X">camping</wf>
         <wf lemma="aan" pos="X">aan</wf>
         <wf lemma="de" pos="X">de</wf>
         <wf lemma="kust" pos="X">kust</wf>
         <wf lemma="." pos="X">.</wf>
      </sentence>
      <sentence id="d000.s4134" source="wordnet-dutch">
         <wf lemma="De" pos="X">De</wf>
         <instance id="d000.s4134.t000" lemma="opkomst" pos="NOUN">opkomst</instance>
         <wf lemma="van" pos="X">van</wf>
         <wf lemma="de" pos="X">de</wf>
         <wf lemma="zon" pos="X">zon</wf>
         <wf lemma="was" pos="X">was</wf>
         <wf lemma="prachtig" pos="X">prachtig</wf>
         <wf lemma="." pos="X">.</wf>
      </sentence>
      <sentence id="d000.s4135" source="wordnet-dutch">
         <wf lemma="zij" pos="X">zij</wf>
         <wf lemma="beschikt" pos="X">beschikt</wf>
         <wf lemma="over" pos="X">over</wf>
         <wf lemma="leidinggevende" pos="X">leidinggevende</wf>
         <instance id="d000.s4135.t000" lemma="capaciteit" pos="NOUN">capaciteiten</instance>
         <wf lemma="." pos="X">.</wf>
      </sentence>
      <sentence id="d000.s4136" source="wordnet-dutch">
         <wf lemma="Dat" pos="X">Dat</wf>
         <wf lemma="duurt" pos="X">duurt</wf>
         <wf lemma="dan" pos="X">dan</wf>
         <wf lemma="een" pos="X">een</wf>
         <instance id="d000.s4136.t000" lemma="eeuwigheid" pos="NOUN">eeuwigheid</instance>
         <wf lemma="." pos="X">.</wf>
      </sentence>
      <sentence id="d000.s4137" source="wordnet-dutch">
         <wf lemma="hij" pos="X">hij</wf>
         <instance id="d000.s4137.t000" lemma="plompen" pos="VERB">plompte</instance>
         <wf lemma="met" pos="X">met</wf>
         <wf lemma="zijn" pos="X">zijn</wf>
         <wf lemma="fiets" pos="X">fiets</wf>
         <wf lemma="in" pos="X">in</wf>
         <wf lemma="de" pos="X">de</wf>
         <wf lemma="gracht" pos="X">gracht</wf>
         <wf lemma="." pos="X">.</wf>
      </sentence>
      <sentence id="d000.s4138" source="wordnet-dutch">
         <wf lemma="De" pos="X">De</wf>
         <instance id="d000.s4138.t000" lemma="schoen" pos="NOUN">schoen</instance>
         <wf lemma="van" pos="X">van</wf>
         <wf lemma="het" pos="X">het</wf>
         <wf lemma="apparaaat" pos="X">apparaaat</wf>
         <wf lemma="zit" pos="X">zit</wf>
         <wf lemma="los" pos="X">los</wf>
         <wf lemma="." pos="X">.</wf>
      </sentence>
      <sentence id="d000.s4139" source="wordnet-dutch">
         <wf lemma="de" pos="X">de</wf>
         <wf lemma="huisbaas" pos="X">huisbaas</wf>
         <wf lemma="had" pos="X">had</wf>
         <wf lemma="hem" pos="X">hem</wf>
         <wf lemma="al" pos="X">al</wf>
         <instance id="d000.s4139.t000" lemma="aanmanen" pos="VERB">aangemaand</instance>
         <wf lemma="tot" pos="X">tot</wf>
         <wf lemma="het" pos="X">het</wf>
         <wf lemma="betalen" pos="X">betalen</wf>
         <wf lemma="van" pos="X">van</wf>
         <wf lemma="de" pos="X">de</wf>
         <wf lemma="huur" pos="X">huur</wf>
         <wf lemma="." pos="X">.</wf>
      </sentence>
      <sentence id="d000.s4140" source="wordnet-dutch">
         <wf lemma="er" pos="X">er</wf>
         <wf lemma="zal" pos="X">zal</wf>
         <wf lemma="een" pos="X">een</wf>
         <instance id="d000.s4140.t000" lemma="volksraadpleging" pos="NOUN">volksraadpleging</instance>
         <wf lemma="worden" pos="X">worden</wf>
         <wf lemma="gehouden" pos="X">gehouden</wf>
         <wf lemma="over" pos="X">over</wf>
         <wf lemma="de" pos="X">de</wf>
         <wf lemma="aanleg" pos="X">aanleg</wf>
         <wf lemma="van" pos="X">van</wf>
         <wf lemma="de" pos="X">de</wf>
         <wf lemma="nieuwe" pos="X">nieuwe</wf>
         <wf lemma="snelweg" pos="X">snelweg</wf>
         <wf lemma="." pos="X">.</wf>
      </sentence>
      <sentence id="d000.s4141" source="wordnet-dutch">
         <wf lemma="wat" pos="X">wat</wf>
         <wf lemma="een" pos="X">een</wf>
         <wf lemma="gemene" pos="X">gemene</wf>
         <instance id="d000.s4141.t000" lemma="streek" pos="NOUN">streek</instance>
         <wf lemma="!" pos="X">!</wf>
      </sentence>
      <sentence id="d000.s4142" source="wordnet-dutch">
         <wf lemma="hij" pos="X">hij</wf>
         <instance id="d000.s4142.t000" lemma="kleuren" pos="VERB">kleurde</instance>
         <wf lemma="tot" pos="X">tot</wf>
         <wf lemma="achter" pos="X">achter</wf>
         <wf lemma="zijn" pos="X">zijn</wf>
         <wf lemma="oren" pos="X">oren</wf>
         <wf lemma="toen" pos="X">toen</wf>
         <wf lemma="zij" pos="X">zij</wf>
         <wf lemma="hem" pos="X">hem</wf>
         <wf lemma="aankeek" pos="X">aankeek</wf>
         <wf lemma="." pos="X">.</wf>
      </sentence>
      <sentence id="d000.s4143" source="wordnet-dutch">
         <wf lemma="bij" pos="X">bij</wf>
         <wf lemma="een" pos="X">een</wf>
         <wf lemma="temperatuur" pos="X">temperatuur</wf>
         <wf lemma="boven" pos="X">boven</wf>
         <wf lemma="nul" pos="X">nul</wf>
         <wf lemma="gaat" pos="X">gaat</wf>
         <wf lemma="de" pos="X">de</wf>
         <instance id="d000.s4143.t000" lemma="iglo" pos="NOUN">iglo</instance>
         <wf lemma="smelten" pos="X">smelten</wf>
         <wf lemma="." pos="X">.</wf>
      </sentence>
      <sentence id="d000.s4144" source="wordnet-dutch">
         <wf lemma="er" pos="X">er</wf>
         <wf lemma="wordt" pos="X">wordt</wf>
         <wf lemma="een" pos="X">een</wf>
         <wf lemma="nieuw" pos="X">nieuw</wf>
         <wf lemma="biljet" pos="X">biljet</wf>
         <wf lemma="in" pos="X">in</wf>
         <instance id="d000.s4144.t000" lemma="circulatie" pos="NOUN">circulatie</instance>
         <wf lemma="gebracht" pos="X">gebracht</wf>
         <wf lemma="." pos="X">.</wf>
      </sentence>
      <sentence id="d000.s4145" source="wordnet-dutch">
         <wf lemma="door" pos="X">door</wf>
         <wf lemma="te" pos="X">te</wf>
         <wf lemma="lijnen" pos="X">lijnen</wf>
         <wf lemma="verlies" pos="X">verlies</wf>
         <wf lemma="je" pos="X">je</wf>
         <wf lemma="gestaag" pos="X">gestaag</wf>
         <instance id="d000.s4145.t000" lemma="gewicht" pos="NOUN">gewicht</instance>
         <wf lemma="." pos="X">.</wf>
      </sentence>
      <sentence id="d000.s4146" source="wordnet-dutch">
         <wf lemma="een" pos="X">een</wf>
         <wf lemma="17-jarige" pos="X">17-jarige</wf>
         <wf lemma="uit" pos="X">uit</wf>
         <wf lemma="z'n" pos="X">z'n</wf>
         <instance id="d000.s4146.t000" lemma="kracht" pos="NOUN">krachten</instance>
         <wf lemma="gegroeide" pos="X">gegroeide</wf>
         <wf lemma="slungel" pos="X">slungel</wf>
         <wf lemma="." pos="X">.</wf>
      </sentence>
      <sentence id="d000.s4147" source="wordnet-dutch">
         <wf lemma="desnoods" pos="X">desnoods</wf>
         <wf lemma="gebruik" pos="X">gebruik</wf>
         <wf lemma="je" pos="X">je</wf>
         <wf lemma="maar" pos="X">maar</wf>
         <instance id="d000.s4147.t000" lemma="gebarentaal" pos="NOUN">gebarentaal</instance>
         <wf lemma="." pos="X">.</wf>
      </sentence>
      <sentence id="d000.s4148" source="wordnet-dutch">
         <wf lemma="Hij" pos="X">Hij</wf>
         <wf lemma="is" pos="X">is</wf>
         <wf lemma="tegen" pos="X">tegen</wf>
         <wf lemma="dat" pos="X">dat</wf>
         <wf lemma="idee" pos="X">idee</wf>
         <instance id="d000.s4148.t000" lemma="aanlopen" pos="VERB">aangelopen</instance>
         <wf lemma="." pos="X">.</wf>
      </sentence>
      <sentence id="d000.s4149" source="wordnet-dutch">
         <wf lemma="zij" pos="X">zij</wf>
         <wf lemma="heeft" pos="X">heeft</wf>
         <wf lemma="uren" pos="X">uren</wf>
         <wf lemma="liggen" pos="X">liggen</wf>
         <instance id="d000.s4149.t000" lemma="bakken" pos="VERB">bakken</instance>
         <wf lemma="op" pos="X">op</wf>
         <wf lemma="het" pos="X">het</wf>
         <wf lemma="strand" pos="X">strand</wf>
         <wf lemma="." pos="X">.</wf>
      </sentence>
      <sentence id="d000.s4150" source="wordnet-dutch">
         <wf lemma="als" pos="X">als</wf>
         <wf lemma="dit" pos="X">dit</wf>
         <wf lemma="ook" pos="X">ook</wf>
         <wf lemma="niet" pos="X">niet</wf>
         <wf lemma="helpt" pos="X">helpt</wf>
         <wf lemma="zullen" pos="X">zullen</wf>
         <wf lemma="we" pos="X">we</wf>
         <wf lemma="moeten" pos="X">moeten</wf>
         <instance id="d000.s4150.t000" lemma="overschakelen" pos="VERB">overschakelen</instance>
         <wf lemma="op" pos="X">op</wf>
         <wf lemma="andere" pos="X">andere</wf>
         <wf lemma="middelen/methoden" pos="X">middelen/methoden</wf>
         <wf lemma="." pos="X">.</wf>
      </sentence>
      <sentence id="d000.s4151" source="wordnet-dutch">
         <wf lemma="de" pos="X">de</wf>
         <wf lemma="koningin" pos="X">koningin</wf>
         <wf lemma="heeft" pos="X">heeft</wf>
         <instance id="d000.s4151.t000" lemma="verklaren" pos="VERB">verklaard</instance>
         <wf lemma="afstand" pos="X">afstand</wf>
         <wf lemma="van" pos="X">van</wf>
         <wf lemma="de" pos="X">de</wf>
         <wf lemma="troon" pos="X">troon</wf>
         <wf lemma="te" pos="X">te</wf>
         <wf lemma="zullen" pos="X">zullen</wf>
         <wf lemma="doen" pos="X">doen</wf>
         <wf lemma="." pos="X">.</wf>
      </sentence>
      <sentence id="d000.s4152" source="wordnet-dutch">
         <wf lemma="het" pos="X">het</wf>
         <wf lemma="asfaltweggetje" pos="X">asfaltweggetje</wf>
         <wf lemma="langs" pos="X">langs</wf>
         <wf lemma="de" pos="X">de</wf>
         <instance id="d000.s4152.t000" lemma="vaart" pos="NOUN">vaart</instance>
         <wf lemma="was" pos="X">was</wf>
         <wf lemma="vroeger" pos="X">vroeger</wf>
         <wf lemma="een" pos="X">een</wf>
         <wf lemma="jaagpad" pos="X">jaagpad</wf>
         <wf lemma="." pos="X">.</wf>
      </sentence>
      <sentence id="d000.s4153" source="wordnet-dutch">
         <wf lemma="na" pos="X">na</wf>
         <wf lemma="zijn" pos="X">zijn</wf>
         <wf lemma="zestigste" pos="X">zestigste</wf>
         <wf lemma="begon" pos="X">begon</wf>
         <wf lemma="hij" pos="X">hij</wf>
         <wf lemma="te" pos="X">te</wf>
         <instance id="d000.s4153.t000" lemma="kwakkelen" pos="VERB">kwakkelen</instance>
         <wf lemma="met" pos="X">met</wf>
         <wf lemma="zijn" pos="X">zijn</wf>
         <wf lemma="gezondheid" pos="X">gezondheid</wf>
         <wf lemma="." pos="X">.</wf>
      </sentence>
      <sentence id="d000.s4154" source="wordnet-dutch">
         <wf lemma="hij" pos="X">hij</wf>
         <wf lemma="vraagt" pos="X">vraagt</wf>
         <wf lemma="elke" pos="X">elke</wf>
         <wf lemma="maand" pos="X">maand</wf>
         <wf lemma="een" pos="X">een</wf>
         <instance id="d000.s4154.t000" lemma="voorschot" pos="NOUN">voorschot</instance>
         <wf lemma="." pos="X">.</wf>
      </sentence>
      <sentence id="d000.s4155" source="wordnet-dutch">
         <wf lemma="ook" pos="X">ook</wf>
         <wf lemma="als" pos="X">als</wf>
         <instance id="d000.s4155.t000" lemma="kind" pos="NOUN">kind</instance>
         <wf lemma="woonde" pos="X">woonde</wf>
         <wf lemma="ik" pos="X">ik</wf>
         <wf lemma="al" pos="X">al</wf>
         <wf lemma="in" pos="X">in</wf>
         <wf lemma="de" pos="X">de</wf>
         <wf lemma="Watergraafsmeer" pos="X">Watergraafsmeer</wf>
         <wf lemma="." pos="X">.</wf>
      </sentence>
      <sentence id="d000.s4156" source="wordnet-dutch">
         <wf lemma="Deze" pos="X">Deze</wf>
         <wf lemma="jas" pos="X">jas</wf>
         <wf lemma="laat" pos="X">laat</wf>
         <wf lemma="een" pos="X">een</wf>
         <wf lemma="flinke" pos="X">flinke</wf>
         <instance id="d000.s4156.t000" lemma="boezem" pos="NOUN">boezem</instance>
         <wf lemma="vrij" pos="X">vrij</wf>
         <wf lemma="." pos="X">.</wf>
      </sentence>
      <sentence id="d000.s4157" source="wordnet-dutch">
         <wf lemma="de" pos="X">de</wf>
         <wf lemma="in" pos="X">in</wf>
         <wf lemma="beslag" pos="X">beslag</wf>
         <wf lemma="genomen" pos="X">genomen</wf>
         <wf lemma="drugs" pos="X">drugs</wf>
         <instance id="d000.s4157.t000" lemma="vertegenwoordigen" pos="VERB">vertegenwoordigen</instance>
         <wf lemma="een" pos="X">een</wf>
         <wf lemma="marktwaarde" pos="X">marktwaarde</wf>
         <wf lemma="van" pos="X">van</wf>
         <wf lemma="ongeveer" pos="X">ongeveer</wf>
         <wf lemma="10000" pos="X">10000</wf>
         <wf lemma="gulden" pos="X">gulden</wf>
         <wf lemma="." pos="X">.</wf>
      </sentence>
      <sentence id="d000.s4158" source="wordnet-dutch">
         <wf lemma="in" pos="X">in</wf>
         <wf lemma="dit" pos="X">dit</wf>
         <instance id="d000.s4158.t000" lemma="tijdsbestek" pos="NOUN">tijdsbestek</instance>
         <wf lemma="lukt" pos="X">lukt</wf>
         <wf lemma="het" pos="X">het</wf>
         <wf lemma="ons" pos="X">ons</wf>
         <wf lemma="nooit" pos="X">nooit</wf>
         <wf lemma="de" pos="X">de</wf>
         <wf lemma="stukken" pos="X">stukken</wf>
         <wf lemma="af" pos="X">af</wf>
         <wf lemma="te" pos="X">te</wf>
         <wf lemma="hebben" pos="X">hebben</wf>
         <wf lemma="." pos="X">.</wf>
      </sentence>
      <sentence id="d000.s4159" source="wordnet-dutch">
         <wf lemma="de" pos="X">de</wf>
         <wf lemma="hele" pos="X">hele</wf>
         <wf lemma="route" pos="X">route</wf>
         <wf lemma="is" pos="X">is</wf>
         <wf lemma="met" pos="X">met</wf>
         <instance id="d000.s4159.t000" lemma="bord" pos="NOUN">borden</instance>
         <wf lemma="aangegeven" pos="X">aangegeven</wf>
         <wf lemma="." pos="X">.</wf>
      </sentence>
      <sentence id="d000.s4160" source="wordnet-dutch">
         <wf lemma="Hij" pos="X">Hij</wf>
         <wf lemma="leefde" pos="X">leefde</wf>
         <wf lemma="op" pos="X">op</wf>
         <wf lemma="zijn" pos="X">zijn</wf>
         <instance id="d000.s4160.t000" lemma="goed" pos="NOUN">goed</instance>
         <wf lemma="en" pos="X">en</wf>
         <wf lemma="kwam" pos="X">kwam</wf>
         <wf lemma="nooit" pos="X">nooit</wf>
         <wf lemma="meer" pos="X">meer</wf>
         <wf lemma="in" pos="X">in</wf>
         <wf lemma="de" pos="X">de</wf>
         <wf lemma="stad" pos="X">stad</wf>
         <wf lemma="." pos="X">.</wf>
      </sentence>
      <sentence id="d000.s4161" source="wordnet-dutch">
         <wf lemma="Hij" pos="X">Hij</wf>
         <wf lemma="zit" pos="X">zit</wf>
         <instance id="d000.s4161.t000" lemma="inzakken" pos="VERB">ingezakt</instance>
         <wf lemma="op" pos="X">op</wf>
         <wf lemma="de" pos="X">de</wf>
         <wf lemma="bank" pos="X">bank</wf>
         <wf lemma="." pos="X">.</wf>
      </sentence>
      <sentence id="d000.s4162" source="wordnet-dutch">
         <wf lemma="het" pos="X">het</wf>
         <wf lemma="is" pos="X">is</wf>
         <wf lemma="een" pos="X">een</wf>
         <wf lemma="echte" pos="X">echte</wf>
         <instance id="d000.s4162.t000" lemma="patriot" pos="NOUN">patriot</instance>
         <wf lemma="." pos="X">.</wf>
      </sentence>
      <sentence id="d000.s4163" source="wordnet-dutch">
         <wf lemma="de" pos="X">de</wf>
         <wf lemma="politie" pos="X">politie</wf>
         <instance id="d000.s4163.t000" lemma="trachten" pos="VERB">tracht</instance>
         <wf lemma="nu" pos="X">nu</wf>
         <wf lemma="te" pos="X">te</wf>
         <wf lemma="achterhalen" pos="X">achterhalen</wf>
         <wf lemma="waar" pos="X">waar</wf>
         <wf lemma="de" pos="X">de</wf>
         <wf lemma="man" pos="X">man</wf>
         <wf lemma="vandaan" pos="X">vandaan</wf>
         <wf lemma="komt" pos="X">komt</wf>
         <wf lemma="." pos="X">.</wf>
      </sentence>
      <sentence id="d000.s4164" source="wordnet-dutch">
         <wf lemma="het" pos="X">het</wf>
         <wf lemma="gebied" pos="X">gebied</wf>
         <wf lemma="is" pos="X">is</wf>
         <wf lemma="door" pos="X">door</wf>
         <wf lemma="een" pos="X">een</wf>
         <wf lemma="zware" pos="X">zware</wf>
         <instance id="d000.s4164.t000" lemma="wervelstorm" pos="NOUN">wervelstorm</instance>
         <wf lemma="getroffen" pos="X">getroffen</wf>
         <wf lemma="." pos="X">.</wf>
      </sentence>
      <sentence id="d000.s4165" source="wordnet-dutch">
         <wf lemma="deze" pos="X">deze</wf>
         <wf lemma="atleet" pos="X">atleet</wf>
         <wf lemma="wist" pos="X">wist</wf>
         <wf lemma="altijd" pos="X">altijd</wf>
         <wf lemma="te" pos="X">te</wf>
         <instance id="d000.s4165.t000" lemma="pieken" pos="VERB">pieken</instance>
         <wf lemma="op" pos="X">op</wf>
         <wf lemma="de" pos="X">de</wf>
         <wf lemma="juiste" pos="X">juiste</wf>
         <wf lemma="momenten" pos="X">momenten</wf>
         <wf lemma="in" pos="X">in</wf>
         <wf lemma="het" pos="X">het</wf>
         <wf lemma="seizoen" pos="X">seizoen</wf>
         <wf lemma="." pos="X">.</wf>
      </sentence>
      <sentence id="d000.s4166" source="wordnet-dutch">
         <wf lemma="ik" pos="X">ik</wf>
         <wf lemma="vind" pos="X">vind</wf>
         <wf lemma="het" pos="X">het</wf>
         <wf lemma="jammer" pos="X">jammer</wf>
         <wf lemma="dat" pos="X">dat</wf>
         <wf lemma="de" pos="X">de</wf>
         <wf lemma="schouwburg" pos="X">schouwburg</wf>
         <wf lemma="geen" pos="X">geen</wf>
         <wf lemma="voorstellingen" pos="X">voorstellingen</wf>
         <wf lemma="durft" pos="X">durft</wf>
         <wf lemma="te" pos="X">te</wf>
         <instance id="d000.s4166.t000" lemma="programmeren" pos="VERB">programmeren</instance>
         <wf lemma="waarvan" pos="X">waarvan</wf>
         <wf lemma="het" pos="X">het</wf>
         <wf lemma="onzeker" pos="X">onzeker</wf>
         <wf lemma="is" pos="X">is</wf>
         <wf lemma="of" pos="X">of</wf>
         <wf lemma="ze" pos="X">ze</wf>
         <wf lemma="veel" pos="X">veel</wf>
         <wf lemma="publiek" pos="X">publiek</wf>
         <wf lemma="gaan" pos="X">gaan</wf>
         <wf lemma="trekken" pos="X">trekken</wf>
         <wf lemma="." pos="X">.</wf>
      </sentence>
      <sentence id="d000.s4167" source="wordnet-dutch">
         <wf lemma="hij" pos="X">hij</wf>
         <wf lemma="was" pos="X">was</wf>
         <wf lemma="helemaal" pos="X">helemaal</wf>
         <wf lemma="niet" pos="X">niet</wf>
         <wf lemma="meer" pos="X">meer</wf>
         <wf lemma="gemotiveerd" pos="X">gemotiveerd</wf>
         <wf lemma="en" pos="X">en</wf>
         <wf lemma="heeft" pos="X">heeft</wf>
         <wf lemma="daarom" pos="X">daarom</wf>
         <wf lemma="zijn" pos="X">zijn</wf>
         <wf lemma="kandidatuur" pos="X">kandidatuur</wf>
         <instance id="d000.s4167.t000" lemma="intrekken" pos="VERB">ingetrokken</instance>
         <wf lemma="." pos="X">.</wf>
      </sentence>
      <sentence id="d000.s4168" source="wordnet-dutch">
         <wf lemma="die" pos="X">die</wf>
         <wf lemma="arme" pos="X">arme</wf>
         <wf lemma="kinderen" pos="X">kinderen</wf>
         <wf lemma="zijn" pos="X">zijn</wf>
         <wf lemma="door" pos="X">door</wf>
         <wf lemma="hun" pos="X">hun</wf>
         <wf lemma="opvoeding" pos="X">opvoeding</wf>
         <wf lemma="voor" pos="X">voor</wf>
         <wf lemma="hun" pos="X">hun</wf>
         <wf lemma="leven" pos="X">leven</wf>
         <instance id="d000.s4168.t000" lemma="beschadigen" pos="VERB">beschadigd</instance>
         <wf lemma="." pos="X">.</wf>
      </sentence>
      <sentence id="d000.s4169" source="wordnet-dutch">
         <wf lemma="Aziatische" pos="X">Aziatische</wf>
         <wf lemma="vluchtelingen" pos="X">vluchtelingen</wf>
         <wf lemma="hebben" pos="X">hebben</wf>
         <wf lemma="zich" pos="X">zich</wf>
         <wf lemma="snel" pos="X">snel</wf>
         <wf lemma="en" pos="X">en</wf>
         <wf lemma="ogenschijnlijk" pos="X">ogenschijnlijk</wf>
         <wf lemma="probleemloos" pos="X">probleemloos</wf>
         <instance id="d000.s4169.t000" lemma="assimileren" pos="VERB">geassimileerd</instance>
         <wf lemma="." pos="X">.</wf>
      </sentence>
      <sentence id="d000.s4170" source="wordnet-dutch">
         <wf lemma="ik" pos="X">ik</wf>
         <wf lemma="vond" pos="X">vond</wf>
         <wf lemma="de" pos="X">de</wf>
         <wf lemma="avond" pos="X">avond</wf>
         <wf lemma="niet" pos="X">niet</wf>
         <wf lemma="bepaald" pos="X">bepaald</wf>
         <instance id="d000.s4170.t000" lemma="slagen" pos="VERB">geslaagd</instance>
         <wf lemma="." pos="X">.</wf>
      </sentence>
      <sentence id="d000.s4171" source="wordnet-dutch">
         <wf lemma="ik" pos="X">ik</wf>
         <instance id="d000.s4171.t000" lemma="danken" pos="VERB">dank</instance>
         <wf lemma="God" pos="X">God</wf>
         <wf lemma="dat" pos="X">dat</wf>
         <wf lemma="ik" pos="X">ik</wf>
         <wf lemma="geslaagd" pos="X">geslaagd</wf>
         <wf lemma="ben" pos="X">ben</wf>
         <wf lemma="." pos="X">.</wf>
      </sentence>
      <sentence id="d000.s4172" source="wordnet-dutch">
         <wf lemma="ik" pos="X">ik</wf>
         <wf lemma="heb" pos="X">heb</wf>
         <wf lemma="wel" pos="X">wel</wf>
         <wf lemma="zin" pos="X">zin</wf>
         <wf lemma="in" pos="X">in</wf>
         <wf lemma="een" pos="X">een</wf>
         <instance id="d000.s4172.t000" lemma="avond" pos="NOUN">avondje</instance>
         <wf lemma="uit" pos="X">uit</wf>
         <wf lemma="." pos="X">.</wf>
      </sentence>
      <sentence id="d000.s4173" source="wordnet-dutch">
         <wf lemma="Het" pos="X">Het</wf>
         <instance id="d000.s4173.t000" lemma="besluit" pos="NOUN">besluit</instance>
         <wf lemma="van" pos="X">van</wf>
         <wf lemma="de" pos="X">de</wf>
         <wf lemma="voorstelling" pos="X">voorstelling</wf>
         <wf lemma="was" pos="X">was</wf>
         <wf lemma="wat" pos="X">wat</wf>
         <wf lemma="flauw" pos="X">flauw</wf>
         <wf lemma="." pos="X">.</wf>
      </sentence>
      <sentence id="d000.s4174" source="wordnet-dutch">
         <wf lemma="ken" pos="X">ken</wf>
         <wf lemma="ik" pos="X">ik</wf>
         <wf lemma="hem" pos="X">hem</wf>
         <wf lemma="niet" pos="X">niet</wf>
         <wf lemma="van" pos="X">van</wf>
         <wf lemma="de" pos="X">de</wf>
         <instance id="d000.s4174.t000" lemma="televisie" pos="NOUN">televisie</instance>
         <wf lemma="?" pos="X">?</wf>
      </sentence>
      <sentence id="d000.s4175" source="wordnet-dutch">
         <wf lemma="de" pos="X">de</wf>
         <wf lemma="stakers" pos="X">stakers</wf>
         <wf lemma="hebben" pos="X">hebben</wf>
         <wf lemma="het" pos="X">het</wf>
         <wf lemma="verkeer/de" pos="X">verkeer/de</wf>
         <wf lemma="productie" pos="X">productie</wf>
         <wf lemma="urenlang" pos="X">urenlang</wf>
         <instance id="d000.s4175.t000" lemma="lamleggen" pos="VERB">lamgelegd</instance>
         <wf lemma="." pos="X">.</wf>
      </sentence>
      <sentence id="d000.s4176" source="wordnet-dutch">
         <wf lemma="uit" pos="X">uit</wf>
         <wf lemma="zo'n" pos="X">zo'n</wf>
         <wf lemma="rups" pos="X">rups</wf>
         <instance id="d000.s4176.t000" lemma="ontstaan" pos="VERB">ontstaat</instance>
         <wf lemma="een" pos="X">een</wf>
         <wf lemma="vlinder" pos="X">vlinder</wf>
         <wf lemma="." pos="X">.</wf>
      </sentence>
      <sentence id="d000.s4177" source="wordnet-dutch">
         <wf lemma="je" pos="X">je</wf>
         <wf lemma="moet" pos="X">moet</wf>
         <wf lemma="het" pos="X">het</wf>
         <wf lemma="goede" pos="X">goede</wf>
         <instance id="d000.s4177.t000" lemma="voorbeeld" pos="NOUN">voorbeeld</instance>
         <wf lemma="voor" pos="X">voor</wf>
         <wf lemma="de" pos="X">de</wf>
         <wf lemma="kinderen" pos="X">kinderen</wf>
         <wf lemma="geven" pos="X">geven</wf>
         <wf lemma="." pos="X">.</wf>
      </sentence>
      <sentence id="d000.s4178" source="wordnet-dutch">
         <wf lemma="dat" pos="X">dat</wf>
         <wf lemma="onderzoek" pos="X">onderzoek</wf>
         <wf lemma="is" pos="X">is</wf>
         <wf lemma="flink" pos="X">flink</wf>
         <instance id="d000.s4178.t000" lemma="mislopen" pos="VERB">misgelopen</instance>
         <wf lemma="!" pos="X">!</wf>
      </sentence>
      <sentence id="d000.s4179" source="wordnet-dutch">
         <wf lemma="De" pos="X">De</wf>
         <instance id="d000.s4179.t000" lemma="troep" pos="NOUN">troep</instance>
         <wf lemma="kwam" pos="X">kwam</wf>
         <wf lemma="pas" pos="X">pas</wf>
         <wf lemma="laat" pos="X">laat</wf>
         <wf lemma="terug" pos="X">terug</wf>
         <wf lemma="bij" pos="X">bij</wf>
         <wf lemma="de" pos="X">de</wf>
         <wf lemma="verkennerij" pos="X">verkennerij</wf>
         <wf lemma="van" pos="X">van</wf>
         <wf lemma="hun" pos="X">hun</wf>
         <wf lemma="tocht" pos="X">tocht</wf>
         <wf lemma="door" pos="X">door</wf>
         <wf lemma="het" pos="X">het</wf>
         <wf lemma="bos." pos="X">bos.</wf>
      </sentence>
      <sentence id="d000.s4180" source="wordnet-dutch">
         <wf lemma="iets" pos="X">iets</wf>
         <wf lemma="tot" pos="X">tot</wf>
         <wf lemma="in" pos="X">in</wf>
         <wf lemma="de" pos="X">de</wf>
         <instance id="d000.s4180.t000" lemma="perfectie" pos="NOUN">perfectie</instance>
         <wf lemma="(" pos="X">(</wf>
         <wf lemma="willen" pos="X">willen</wf>
         <wf lemma=")" pos="X">)</wf>
         <wf lemma="kennen/beheersen" pos="X">kennen/beheersen</wf>
         <wf lemma="." pos="X">.</wf>
      </sentence>
      <sentence id="d000.s4181" source="wordnet-dutch">
         <wf lemma="dit" pos="X">dit</wf>
         <wf lemma="speciale" pos="X">speciale</wf>
         <wf lemma="rechercheteam" pos="X">rechercheteam</wf>
         <wf lemma="van" pos="X">van</wf>
         <wf lemma="de" pos="X">de</wf>
         <wf lemma="politie" pos="X">politie</wf>
         <wf lemma="werd" pos="X">werd</wf>
         <wf lemma="onlangs" pos="X">onlangs</wf>
         <instance id="d000.s4181.t000" lemma="opdoeken" pos="VERB">opgedoekt</instance>
         <wf lemma="." pos="X">.</wf>
      </sentence>
      <sentence id="d000.s4182" source="wordnet-dutch">
         <wf lemma="de" pos="X">de</wf>
         <wf lemma="winnaar" pos="X">winnaar</wf>
         <instance id="d000.s4182.t000" lemma="glunderen" pos="VERB">glunderde</instance>
         <wf lemma="zichtbaar" pos="X">zichtbaar</wf>
         <wf lemma="toen" pos="X">toen</wf>
         <wf lemma="hij" pos="X">hij</wf>
         <wf lemma="het" pos="X">het</wf>
         <wf lemma="erepodium" pos="X">erepodium</wf>
         <wf lemma="opklom" pos="X">opklom</wf>
         <wf lemma="." pos="X">.</wf>
      </sentence>
      <sentence id="d000.s4183" source="wordnet-dutch">
         <wf lemma="elk" pos="X">elk</wf>
         <wf lemma="jaar" pos="X">jaar</wf>
         <wf lemma="krijgt" pos="X">krijgt</wf>
         <wf lemma="mijn" pos="X">mijn</wf>
         <wf lemma="auto" pos="X">auto</wf>
         <wf lemma="een" pos="X">een</wf>
         <wf lemma="grote" pos="X">grote</wf>
         <instance id="d000.s4183.t000" lemma="beurt" pos="NOUN">beurt</instance>
         <wf lemma="." pos="X">.</wf>
      </sentence>
      <sentence id="d000.s4184" source="wordnet-dutch">
         <wf lemma="de" pos="X">de</wf>
         <wf lemma="inbreker" pos="X">inbreker</wf>
         <wf lemma="werd" pos="X">werd</wf>
         <wf lemma="door" pos="X">door</wf>
         <wf lemma="buurtbewoners" pos="X">buurtbewoners</wf>
         <wf lemma="achterhaald" pos="X">achterhaald</wf>
         <wf lemma="en" pos="X">en</wf>
         <wf lemma="duchtig" pos="X">duchtig</wf>
         <instance id="d000.s4184.t000" lemma="afranselen" pos="VERB">afgeranseld</instance>
         <wf lemma="." pos="X">.</wf>
      </sentence>
      <sentence id="d000.s4185" source="wordnet-dutch">
         <wf lemma="een" pos="X">een</wf>
         <wf lemma="woning" pos="X">woning</wf>
         <wf lemma="die" pos="X">die</wf>
         <wf lemma="van" pos="X">van</wf>
         <wf lemma="alle" pos="X">alle</wf>
         <instance id="d000.s4185.t000" lemma="comfort" pos="NOUN">comfort</instance>
         <wf lemma="is" pos="X">is</wf>
         <wf lemma="voorzien" pos="X">voorzien</wf>
         <wf lemma="." pos="X">.</wf>
      </sentence>
      <sentence id="d000.s4186" source="wordnet-dutch">
         <wf lemma="hij" pos="X">hij</wf>
         <wf lemma="heeft" pos="X">heeft</wf>
         <wf lemma="zich" pos="X">zich</wf>
         <wf lemma="tot" pos="X">tot</wf>
         <wf lemma="het" pos="X">het</wf>
         <wf lemma="christendom" pos="X">christendom</wf>
         <instance id="d000.s4186.t000" lemma="bekeren" pos="VERB">bekeerd</instance>
         <wf lemma="." pos="X">.</wf>
      </sentence>
      <sentence id="d000.s4187" source="wordnet-dutch">
         <wf lemma="de" pos="X">de</wf>
         <wf lemma="minister" pos="X">minister</wf>
         <wf lemma="wil" pos="X">wil</wf>
         <wf lemma="een" pos="X">een</wf>
         <wf lemma="sociaal" pos="X">sociaal</wf>
         <instance id="d000.s4187.t000" lemma="pact" pos="NOUN">pact</instance>
         <wf lemma="met" pos="X">met</wf>
         <wf lemma="werkgevers" pos="X">werkgevers</wf>
         <wf lemma="en" pos="X">en</wf>
         <wf lemma="werknemers" pos="X">werknemers</wf>
         <wf lemma="sluiten" pos="X">sluiten</wf>
         <wf lemma="." pos="X">.</wf>
      </sentence>
      <sentence id="d000.s4188" source="wordnet-dutch">
         <wf lemma="deze" pos="X">deze</wf>
         <wf lemma="twee" pos="X">twee</wf>
         <wf lemma="boek" pos="X">boek</wf>
         <wf lemma="zijn" pos="X">zijn</wf>
         <wf lemma="in" pos="X">in</wf>
         <wf lemma="zeker" pos="X">zeker</wf>
         <wf lemma="opzicht" pos="X">opzicht</wf>
         <wf lemma="elkaars" pos="X">elkaars</wf>
         <instance id="d000.s4188.t000" lemma="complement" pos="NOUN">complement</instance>
         <wf lemma="." pos="X">.</wf>
      </sentence>
      <sentence id="d000.s4189" source="wordnet-dutch">
         <wf lemma="onze" pos="X">onze</wf>
         <wf lemma="nationale" pos="X">nationale</wf>
         <wf lemma="kampioen" pos="X">kampioen</wf>
         <instance id="d000.s4189.t000" lemma="triomferen" pos="VERB">triomfeerde</instance>
         <wf lemma="vandaag" pos="X">vandaag</wf>
         <wf lemma="over" pos="X">over</wf>
         <wf lemma="zijn" pos="X">zijn</wf>
         <wf lemma="tegenstander" pos="X">tegenstander</wf>
         <wf lemma="." pos="X">.</wf>
      </sentence>
      <sentence id="d000.s4190" source="wordnet-dutch">
         <wf lemma="het" pos="X">het</wf>
         <wf lemma="lijkt" pos="X">lijkt</wf>
         <wf lemma="mij" pos="X">mij</wf>
         <wf lemma="dat" pos="X">dat</wf>
         <wf lemma="de" pos="X">de</wf>
         <wf lemma="voorstopper" pos="X">voorstopper</wf>
         <wf lemma="die" pos="X">die</wf>
         <wf lemma="spits" pos="X">spits</wf>
         <wf lemma="wel" pos="X">wel</wf>
         <instance id="d000.s4190.t000" lemma="aankunnen" pos="VERB">aankan</instance>
         <wf lemma="." pos="X">.</wf>
      </sentence>
      <sentence id="d000.s4191" source="wordnet-dutch">
         <wf lemma="je" pos="X">je</wf>
         <wf lemma="bent" pos="X">bent</wf>
         <wf lemma="een" pos="X">een</wf>
         <wf lemma="mooi" pos="X">mooi</wf>
         <instance id="d000.s4191.t000" lemma="nummer" pos="NOUN">nummer</instance>
         <wf lemma="." pos="X">.</wf>
      </sentence>
      <sentence id="d000.s4192" source="wordnet-dutch">
         <wf lemma="Heb" pos="X">Heb</wf>
         <wf lemma="je" pos="X">je</wf>
         <wf lemma="een" pos="X">een</wf>
         <instance id="d000.s4192.t000" lemma="minuut" pos="NOUN">minuut</instance>
         <wf lemma="." pos="X">.</wf>
         <wf lemma="Ik" pos="X">Ik</wf>
         <wf lemma="ben" pos="X">ben</wf>
         <wf lemma="zo" pos="X">zo</wf>
         <wf lemma="terug" pos="X">terug</wf>
         <wf lemma="." pos="X">.</wf>
      </sentence>
      <sentence id="d000.s4193" source="wordnet-dutch">
         <wf lemma="Het" pos="X">Het</wf>
         <wf lemma="kantoor" pos="X">kantoor</wf>
         <wf lemma="," pos="X">,</wf>
         <wf lemma="een" pos="X">een</wf>
         <wf lemma="gebouw" pos="X">gebouw</wf>
         <wf lemma="uit" pos="X">uit</wf>
         <wf lemma="1910" pos="X">1910</wf>
         <wf lemma="met" pos="X">met</wf>
         <wf lemma="specifieke" pos="X">specifieke</wf>
         <wf lemma="architectonische" pos="X">architectonische</wf>
         <instance id="d000.s4193.t000" lemma="kwaliteit" pos="NOUN">kwaliteiten</instance>
         <wf lemma="," pos="X">,</wf>
         <wf lemma="moest" pos="X">moest</wf>
         <wf lemma="worden" pos="X">worden</wf>
         <wf lemma="uitgebreid" pos="X">uitgebreid</wf>
         <wf lemma="en" pos="X">en</wf>
         <wf lemma="gerenoveerd" pos="X">gerenoveerd</wf>
         <wf lemma="." pos="X">.</wf>
      </sentence>
      <sentence id="d000.s4194" source="wordnet-dutch">
         <wf lemma="U" pos="X">U</wf>
         <wf lemma="kan" pos="X">kan</wf>
         <wf lemma="de" pos="X">de</wf>
         <wf lemma="ingevulde" pos="X">ingevulde</wf>
         <wf lemma="formulieren" pos="X">formulieren</wf>
         <wf lemma="nog" pos="X">nog</wf>
         <wf lemma="tot" pos="X">tot</wf>
         <wf lemma="het" pos="X">het</wf>
         <wf lemma="einde" pos="X">einde</wf>
         <wf lemma="van" pos="X">van</wf>
         <wf lemma="de" pos="X">de</wf>
         <wf lemma="maand" pos="X">maand</wf>
         <instance id="d000.s4194.t000" lemma="inzenden" pos="VERB">inzenden</instance>
         <wf lemma="." pos="X">.</wf>
      </sentence>
      <sentence id="d000.s4195" source="wordnet-dutch">
         <wf lemma="de" pos="X">de</wf>
         <wf lemma="jubilaris" pos="X">jubilaris</wf>
         <wf lemma="kreeg" pos="X">kreeg</wf>
         <wf lemma="een" pos="X">een</wf>
         <instance id="d000.s4195.t000" lemma="enveloppe" pos="NOUN">enveloppe</instance>
         <wf lemma="met" pos="X">met</wf>
         <wf lemma="inhoud" pos="X">inhoud</wf>
         <wf lemma="." pos="X">.</wf>
      </sentence>
      <sentence id="d000.s4196" source="wordnet-dutch">
         <wf lemma="waar" pos="X">waar</wf>
         <wf lemma="heb" pos="X">heb</wf>
         <wf lemma="jij" pos="X">jij</wf>
         <wf lemma="leren" pos="X">leren</wf>
         <instance id="d000.s4196.t000" lemma="typen" pos="VERB">typen</instance>
         <wf lemma="?" pos="X">?</wf>
      </sentence>
      <sentence id="d000.s4197" source="wordnet-dutch">
         <wf lemma="het" pos="X">het</wf>
         <instance id="d000.s4197.t000" lemma="inschrijfgeld" pos="NOUN">inschrijfgeld</instance>
         <wf lemma="voor" pos="X">voor</wf>
         <wf lemma="deze" pos="X">deze</wf>
         <wf lemma="cursus" pos="X">cursus</wf>
         <wf lemma="is" pos="X">is</wf>
         <wf lemma="een" pos="X">een</wf>
         <wf lemma="tientje" pos="X">tientje</wf>
         <wf lemma="." pos="X">.</wf>
      </sentence>
      <sentence id="d000.s4198" source="wordnet-dutch">
         <wf lemma="alle" pos="X">alle</wf>
         <wf lemma="wedstrijden" pos="X">wedstrijden</wf>
         <wf lemma="in" pos="X">in</wf>
         <wf lemma="de" pos="X">de</wf>
         <wf lemma="regio" pos="X">regio</wf>
         <wf lemma="Amsterdam" pos="X">Amsterdam</wf>
         <wf lemma="zijn" pos="X">zijn</wf>
         <wf lemma="vandaag" pos="X">vandaag</wf>
         <instance id="d000.s4198.t000" lemma="afgelasten" pos="VERB">afgelast</instance>
         <wf lemma="." pos="X">.</wf>
      </sentence>
      <sentence id="d000.s4199" source="wordnet-dutch">
         <wf lemma="Morgen" pos="X">Morgen</wf>
         <wf lemma="steekt" pos="X">steekt</wf>
         <wf lemma="hij" pos="X">hij</wf>
         <wf lemma="de" pos="X">de</wf>
         <instance id="d000.s4199.t000" lemma="plas" pos="NOUN">plas</instance>
         <wf lemma="over" pos="X">over</wf>
         <wf lemma="naar" pos="X">naar</wf>
         <wf lemma="Amerika" pos="X">Amerika</wf>
         <wf lemma="." pos="X">.</wf>
      </sentence>
      <sentence id="d000.s4200" source="wordnet-dutch">
         <wf lemma="hij" pos="X">hij</wf>
         <wf lemma="haalde" pos="X">haalde</wf>
         <wf lemma="de" pos="X">de</wf>
         <instance id="d000.s4200.t000" lemma="handel" pos="NOUN">handel</instance>
         <wf lemma="over" pos="X">over</wf>
         <wf lemma="," pos="X">,</wf>
         <wf lemma="maar" pos="X">maar</wf>
         <wf lemma="er" pos="X">er</wf>
         <wf lemma="gebeurde" pos="X">gebeurde</wf>
         <wf lemma="niets" pos="X">niets</wf>
         <wf lemma="." pos="X">.</wf>
      </sentence>
      <sentence id="d000.s4201" source="wordnet-dutch">
         <wf lemma="het" pos="X">het</wf>
         <wf lemma="resultaat" pos="X">resultaat</wf>
         <wf lemma="was" pos="X">was</wf>
         <wf lemma="niet" pos="X">niet</wf>
         <wf lemma="goed" pos="X">goed</wf>
         <wf lemma="," pos="X">,</wf>
         <wf lemma="maar" pos="X">maar</wf>
         <wf lemma="ik" pos="X">ik</wf>
         <wf lemma="weet" pos="X">weet</wf>
         <wf lemma="dat" pos="X">dat</wf>
         <wf lemma="ik" pos="X">ik</wf>
         <wf lemma="me" pos="X">me</wf>
         <wf lemma="niets" pos="X">niets</wf>
         <wf lemma="te" pos="X">te</wf>
         <instance id="d000.s4201.t000" lemma="verwijten" pos="VERB">verwijten</instance>
         <wf lemma="heb" pos="X">heb</wf>
         <wf lemma="." pos="X">.</wf>
      </sentence>
      <sentence id="d000.s4202" source="wordnet-dutch">
         <wf lemma="midden" pos="X">midden</wf>
         <wf lemma="in" pos="X">in</wf>
         <wf lemma="het" pos="X">het</wf>
         <instance id="d000.s4202.t000" lemma="bos" pos="NOUN">bosje</instance>
         <wf lemma="." pos="X">.</wf>
      </sentence>
      <sentence id="d000.s4203" source="wordnet-dutch">
         <wf lemma="een" pos="X">een</wf>
         <wf lemma="stevige" pos="X">stevige</wf>
         <wf lemma="wandeltocht" pos="X">wandeltocht</wf>
         <wf lemma="zal" pos="X">zal</wf>
         <wf lemma="me" pos="X">me</wf>
         <wf lemma="misschien" pos="X">misschien</wf>
         <wf lemma="een" pos="X">een</wf>
         <wf lemma="beetje" pos="X">beetje</wf>
         <instance id="d000.s4203.t000" lemma="ontnuchteren" pos="VERB">ontnuchteren</instance>
         <wf lemma="." pos="X">.</wf>
      </sentence>
      <sentence id="d000.s4204" source="wordnet-dutch">
         <wf lemma="Het" pos="X">Het</wf>
         <instance id="d000.s4204.t000" lemma="niveau" pos="NOUN">niveau</instance>
         <wf lemma="van" pos="X">van</wf>
         <wf lemma="de" pos="X">de</wf>
         <wf lemma="rivier" pos="X">rivier</wf>
         <wf lemma="is" pos="X">is</wf>
         <wf lemma="sterk" pos="X">sterk</wf>
         <wf lemma="toegenomen" pos="X">toegenomen</wf>
         <wf lemma="wegens" pos="X">wegens</wf>
         <wf lemma="zandstortingen" pos="X">zandstortingen</wf>
         <wf lemma="." pos="X">.</wf>
      </sentence>
      <sentence id="d000.s4205" source="wordnet-dutch">
         <wf lemma="Moskou" pos="X">Moskou</wf>
         <wf lemma="kondigde" pos="X">kondigde</wf>
         <wf lemma="een" pos="X">een</wf>
         <wf lemma="economische" pos="X">economische</wf>
         <instance id="d000.s4205.t000" lemma="blokkade" pos="NOUN">blokkade</instance>
         <wf lemma="af" pos="X">af</wf>
         <wf lemma="tegen" pos="X">tegen</wf>
         <wf lemma="het" pos="X">het</wf>
         <wf lemma="rijke" pos="X">rijke</wf>
         <wf lemma="Westen" pos="X">Westen</wf>
         <wf lemma="." pos="X">.</wf>
      </sentence>
      <sentence id="d000.s4206" source="wordnet-dutch">
         <wf lemma="met" pos="X">met</wf>
         <wf lemma="zo'n" pos="X">zo'n</wf>
         <wf lemma="motorfiets" pos="X">motorfiets</wf>
         <wf lemma="kun" pos="X">kun</wf>
         <wf lemma="je" pos="X">je</wf>
         <wf lemma="de" pos="X">de</wf>
         <wf lemma="200" pos="X">200</wf>
         <wf lemma="km" pos="X">km</wf>
         <wf lemma="per" pos="X">per</wf>
         <wf lemma="uur" pos="X">uur</wf>
         <wf lemma="ook" pos="X">ook</wf>
         <wf lemma="niet" pos="X">niet</wf>
         <instance id="d000.s4206.t000" lemma="halen" pos="VERB">halen</instance>
         <wf lemma="." pos="X">.</wf>
      </sentence>
      <sentence id="d000.s4207" source="wordnet-dutch">
         <wf lemma="de" pos="X">de</wf>
         <instance id="d000.s4207.t000" lemma="rust" pos="NOUN">rust</instance>
         <wf lemma="werd" pos="X">werd</wf>
         <wf lemma="verstoord" pos="X">verstoord</wf>
         <wf lemma="door" pos="X">door</wf>
         <wf lemma="een" pos="X">een</wf>
         <wf lemma="stoet" pos="X">stoet</wf>
         <wf lemma="motoren" pos="X">motoren</wf>
         <wf lemma="." pos="X">.</wf>
      </sentence>
      <sentence id="d000.s4208" source="wordnet-dutch">
         <wf lemma="het" pos="X">het</wf>
         <wf lemma="vliegtuig" pos="X">vliegtuig</wf>
         <wf lemma="begint" pos="X">begint</wf>
         <wf lemma="te" pos="X">te</wf>
         <instance id="d000.s4208.t000" lemma="dalen" pos="VERB">dalen</instance>
         <wf lemma="," pos="X">,</wf>
         <wf lemma="u" pos="X">u</wf>
         <wf lemma="gelieve" pos="X">gelieve</wf>
         <wf lemma="de" pos="X">de</wf>
         <wf lemma="stoelriemen" pos="X">stoelriemen</wf>
         <wf lemma="vast" pos="X">vast</wf>
         <wf lemma="te" pos="X">te</wf>
         <wf lemma="maken" pos="X">maken</wf>
         <wf lemma="." pos="X">.</wf>
      </sentence>
      <sentence id="d000.s4209" source="wordnet-dutch">
         <wf lemma="samen" pos="X">samen</wf>
         <wf lemma="vormen" pos="X">vormen</wf>
         <wf lemma="zij" pos="X">zij</wf>
         <wf lemma="het" pos="X">het</wf>
         <instance id="d000.s4209.t000" lemma="gezin" pos="NOUN">gezin</instance>
         <wf lemma="De" pos="X">De</wf>
         <wf lemma="Vries" pos="X">Vries</wf>
         <wf lemma="." pos="X">.</wf>
      </sentence>
      <sentence id="d000.s4210" source="wordnet-dutch">
         <wf lemma="deze" pos="X">deze</wf>
         <wf lemma="lampenkappen" pos="X">lampenkappen</wf>
         <wf lemma="worden" pos="X">worden</wf>
         <wf lemma="in" pos="X">in</wf>
         <instance id="d000.s4210.t000" lemma="serie" pos="NOUN">serie</instance>
         <wf lemma="vervaardigd" pos="X">vervaardigd</wf>
         <wf lemma="." pos="X">.</wf>
      </sentence>
      <sentence id="d000.s4211" source="wordnet-dutch">
         <wf lemma="bij" pos="X">bij</wf>
         <instance id="d000.s4211.t000" lemma="vlaag" pos="NOUN">vlagen</instance>
         <wf lemma="heeft" pos="X">heeft</wf>
         <wf lemma="zij" pos="X">zij</wf>
         <wf lemma="zin" pos="X">zin</wf>
         <wf lemma="in" pos="X">in</wf>
         <wf lemma="chocola" pos="X">chocola</wf>
         <wf lemma="." pos="X">.</wf>
      </sentence>
      <sentence id="d000.s4212" source="wordnet-dutch">
         <wf lemma="die" pos="X">die</wf>
         <wf lemma="man" pos="X">man</wf>
         <wf lemma="wordt" pos="X">wordt</wf>
         <wf lemma="wel" pos="X">wel</wf>
         <wf lemma="een" pos="X">een</wf>
         <instance id="d000.s4212.t000" lemma="obsessie" pos="NOUN">obsessie</instance>
         <wf lemma="voor" pos="X">voor</wf>
         <wf lemma="haar" pos="X">haar</wf>
         <wf lemma="zo" pos="X">zo</wf>
         <wf lemma="langzamerhand" pos="X">langzamerhand</wf>
         <wf lemma="." pos="X">.</wf>
      </sentence>
      <sentence id="d000.s4213" source="wordnet-dutch">
         <wf lemma="kort" pos="X">kort</wf>
         <wf lemma="voor" pos="X">voor</wf>
         <wf lemma="de" pos="X">de</wf>
         <instance id="d000.s4213.t000" lemma="landing" pos="NOUN">landing</instance>
         <wf lemma="ging" pos="X">ging</wf>
         <wf lemma="het" pos="X">het</wf>
         <wf lemma="mis" pos="X">mis</wf>
         <wf lemma="." pos="X">.</wf>
      </sentence>
      <sentence id="d000.s4214" source="wordnet-dutch">
         <wf lemma="Anderlecht" pos="X">Anderlecht</wf>
         <wf lemma="speelde" pos="X">speelde</wf>
         <wf lemma="op" pos="X">op</wf>
         <wf lemma="de" pos="X">de</wf>
         <instance id="d000.s4214.t000" lemma="tegenaanval" pos="NOUN">tegenaanval</instance>
         <wf lemma="." pos="X">.</wf>
      </sentence>
      <sentence id="d000.s4215" source="wordnet-dutch">
         <wf lemma="op" pos="X">op</wf>
         <wf lemma="de" pos="X">de</wf>
         <wf lemma="Middenweg" pos="X">Middenweg</wf>
         <wf lemma="was" pos="X">was</wf>
         <wf lemma="een" pos="X">een</wf>
         <wf lemma="vreselijk" pos="X">vreselijk</wf>
         <instance id="d000.s4215.t000" lemma="auto-ongeluk" pos="NOUN">auto-ongeluk</instance>
         <wf lemma="gebeurd" pos="X">gebeurd</wf>
         <wf lemma="." pos="X">.</wf>
      </sentence>
      <sentence id="d000.s4216" source="wordnet-dutch">
         <wf lemma="moeder" pos="X">moeder</wf>
         <wf lemma="deelde" pos="X">deelde</wf>
         <wf lemma="links" pos="X">links</wf>
         <wf lemma="en" pos="X">en</wf>
         <wf lemma="rechts" pos="X">rechts</wf>
         <wf lemma="een" pos="X">een</wf>
         <instance id="d000.s4216.t000" lemma="pets" pos="NOUN">pets</instance>
         <wf lemma="uit" pos="X">uit</wf>
         <wf lemma="." pos="X">.</wf>
      </sentence>
      <sentence id="d000.s4217" source="wordnet-dutch">
         <wf lemma="De" pos="X">De</wf>
         <wf lemma="wielrenner" pos="X">wielrenner</wf>
         <wf lemma="Hennie" pos="X">Hennie</wf>
         <wf lemma="Kuipers" pos="X">Kuipers</wf>
         <wf lemma="won" pos="X">won</wf>
         <wf lemma="de" pos="X">de</wf>
         <instance id="d000.s4217.t000" lemma="omloop" pos="NOUN">omloop</instance>
         <wf lemma="van" pos="X">van</wf>
         <wf lemma="het" pos="X">het</wf>
         <wf lemma="volk" pos="X">volk</wf>
         <wf lemma="." pos="X">.</wf>
      </sentence>
      <sentence id="d000.s4218" source="wordnet-dutch">
         <wf lemma="hij" pos="X">hij</wf>
         <instance id="d000.s4218.t000" lemma="treden" pos="VERB">treedt</instance>
         <wf lemma="in" pos="X">in</wf>
         <wf lemma="z'n" pos="X">z'n</wf>
         <wf lemma="vaders" pos="X">vaders</wf>
         <wf lemma="voetsporen" pos="X">voetsporen</wf>
         <wf lemma="." pos="X">.</wf>
      </sentence>
      <sentence id="d000.s4219" source="wordnet-dutch">
         <wf lemma="uit" pos="X">uit</wf>
         <wf lemma="welke" pos="X">welke</wf>
         <instance id="d000.s4219.t000" lemma="bron" pos="NOUN">bron</instance>
         <wf lemma="komt" pos="X">komt</wf>
         <wf lemma="dit" pos="X">dit</wf>
         <wf lemma="verhaal" pos="X">verhaal</wf>
         <wf lemma="?" pos="X">?</wf>
      </sentence>
      <sentence id="d000.s4220" source="wordnet-dutch">
         <wf lemma="dat" pos="X">dat</wf>
         <wf lemma="is" pos="X">is</wf>
         <wf lemma="een" pos="X">een</wf>
         <instance id="d000.s4220.t000" lemma="luxe" pos="NOUN">luxe</instance>
         <wf lemma="die" pos="X">die</wf>
         <wf lemma="we" pos="X">we</wf>
         <wf lemma="ons" pos="X">ons</wf>
         <wf lemma="niet" pos="X">niet</wf>
         <wf lemma="meer" pos="X">meer</wf>
         <wf lemma="kunnen" pos="X">kunnen</wf>
         <wf lemma="veroorloven" pos="X">veroorloven</wf>
         <wf lemma="." pos="X">.</wf>
      </sentence>
      <sentence id="d000.s4221" source="wordnet-dutch">
         <wf lemma="heus" pos="X">heus</wf>
         <wf lemma="," pos="X">,</wf>
         <wf lemma="ik" pos="X">ik</wf>
         <instance id="d000.s4221.t000" lemma="bedoelen" pos="VERB">bedoel</instance>
         <wf lemma="er" pos="X">er</wf>
         <wf lemma="verder" pos="X">verder</wf>
         <wf lemma="niets" pos="X">niets</wf>
         <wf lemma="mee" pos="X">mee</wf>
         <wf lemma="," pos="X">,</wf>
         <wf lemma="hoor" pos="X">hoor</wf>
         <wf lemma="." pos="X">.</wf>
      </sentence>
      <sentence id="d000.s4222" source="wordnet-dutch">
         <wf lemma="ik" pos="X">ik</wf>
         <wf lemma="heb" pos="X">heb</wf>
         <wf lemma="een" pos="X">een</wf>
         <wf lemma="paar" pos="X">paar</wf>
         <wf lemma="ton" pos="X">ton</wf>
         <wf lemma="gewonnen" pos="X">gewonnen</wf>
         <wf lemma="in" pos="X">in</wf>
         <wf lemma="het" pos="X">het</wf>
         <instance id="d000.s4222.t000" lemma="casino" pos="NOUN">casino</instance>
         <wf lemma="." pos="X">.</wf>
      </sentence>
      <sentence id="d000.s4223" source="wordnet-dutch">
         <wf lemma="zij" pos="X">zij</wf>
         <wf lemma="heeft" pos="X">heeft</wf>
         <wf lemma="een" pos="X">een</wf>
         <wf lemma="goede" pos="X">goede</wf>
         <wf lemma="algemene" pos="X">algemene</wf>
         <instance id="d000.s4223.t000" lemma="ontwikkeling" pos="NOUN">ontwikkeling</instance>
         <wf lemma="." pos="X">.</wf>
      </sentence>
      <sentence id="d000.s4224" source="wordnet-dutch">
         <wf lemma="je" pos="X">je</wf>
         <wf lemma="kan" pos="X">kan</wf>
         <wf lemma="iemand" pos="X">iemand</wf>
         <wf lemma="niet" pos="X">niet</wf>
         <wf lemma="veroordelen" pos="X">veroordelen</wf>
         <wf lemma="zolang" pos="X">zolang</wf>
         <wf lemma="zijn" pos="X">zijn</wf>
         <wf lemma="schuld" pos="X">schuld</wf>
         <wf lemma="niet" pos="X">niet</wf>
         <wf lemma="volledig" pos="X">volledig</wf>
         <instance id="d000.s4224.t000" lemma="bewijzen" pos="VERB">bewezen</instance>
         <wf lemma="kan" pos="X">kan</wf>
         <wf lemma="worden" pos="X">worden</wf>
         <wf lemma="." pos="X">.</wf>
      </sentence>
      <sentence id="d000.s4225" source="wordnet-dutch">
         <wf lemma="De" pos="X">De</wf>
         <wf lemma="twee" pos="X">twee</wf>
         <instance id="d000.s4225.t000" lemma="poes" pos="NOUN">poezen</instance>
         <wf lemma="van" pos="X">van</wf>
         <wf lemma="James" pos="X">James</wf>
         <wf lemma="Bond" pos="X">Bond</wf>
         <wf lemma="bleken" pos="X">bleken</wf>
         <wf lemma="spionnen" pos="X">spionnen</wf>
         <wf lemma="te" pos="X">te</wf>
         <wf lemma="zijn" pos="X">zijn</wf>
         <wf lemma="." pos="X">.</wf>
      </sentence>
      <sentence id="d000.s4226" source="wordnet-dutch">
         <wf lemma="Het" pos="X">Het</wf>
         <instance id="d000.s4226.t000" lemma="toneel" pos="NOUN">toneel</instance>
         <wf lemma="van" pos="X">van</wf>
         <wf lemma="de" pos="X">de</wf>
         <wf lemma="grootmachten" pos="X">grootmachten</wf>
         <wf lemma="speelt" pos="X">speelt</wf>
         <wf lemma="zich" pos="X">zich</wf>
         <wf lemma="af" pos="X">af</wf>
         <wf lemma="in" pos="X">in</wf>
         <wf lemma="een" pos="X">een</wf>
         <wf lemma="ver" pos="X">ver</wf>
         <wf lemma="land" pos="X">land</wf>
         <wf lemma="." pos="X">.</wf>
      </sentence>
      <sentence id="d000.s4227" source="wordnet-dutch">
         <wf lemma="deze" pos="X">deze</wf>
         <wf lemma="artiest" pos="X">artiest</wf>
         <wf lemma="kan" pos="X">kan</wf>
         <wf lemma="het" pos="X">het</wf>
         <wf lemma="publiek" pos="X">publiek</wf>
         <instance id="d000.s4227.t000" lemma="bespelen" pos="VERB">bespelen</instance>
         <wf lemma="als" pos="X">als</wf>
         <wf lemma="geen" pos="X">geen</wf>
         <wf lemma="ander" pos="X">ander</wf>
         <wf lemma="." pos="X">.</wf>
      </sentence>
      <sentence id="d000.s4228" source="wordnet-dutch">
         <wf lemma="tijdens" pos="X">tijdens</wf>
         <wf lemma="het" pos="X">het</wf>
         <wf lemma="Tweede-Kamerdebat" pos="X">Tweede-Kamerdebat</wf>
         <wf lemma="over" pos="X">over</wf>
         <wf lemma="de" pos="X">de</wf>
         <wf lemma="varkenspest" pos="X">varkenspest</wf>
         <wf lemma="zaten" pos="X">zaten</wf>
         <wf lemma="er" pos="X">er</wf>
         <wf lemma="boze" pos="X">boze</wf>
         <wf lemma="varkenshouders" pos="X">varkenshouders</wf>
         <wf lemma="op" pos="X">op</wf>
         <wf lemma="de" pos="X">de</wf>
         <wf lemma="publieke" pos="X">publieke</wf>
         <instance id="d000.s4228.t000" lemma="tribune" pos="NOUN">tribune</instance>
         <wf lemma="." pos="X">.</wf>
      </sentence>
      <sentence id="d000.s4229" source="wordnet-dutch">
         <wf lemma="hij" pos="X">hij</wf>
         <wf lemma="wordt" pos="X">wordt</wf>
         <instance id="d000.s4229.t000" lemma="beheersen" pos="VERB">beheerst</instance>
         <wf lemma="door" pos="X">door</wf>
         <wf lemma="de" pos="X">de</wf>
         <wf lemma="idee" pos="X">idee</wf>
         <wf lemma="dat" pos="X">dat</wf>
         <wf lemma="iedereen" pos="X">iedereen</wf>
         <wf lemma="hem" pos="X">hem</wf>
         <wf lemma="uitlacht" pos="X">uitlacht</wf>
         <wf lemma="." pos="X">.</wf>
      </sentence>
      <sentence id="d000.s4230" source="wordnet-dutch">
         <wf lemma="wie" pos="X">wie</wf>
         <wf lemma="zoet" pos="X">zoet</wf>
         <wf lemma="is" pos="X">is</wf>
         <wf lemma="krijgt" pos="X">krijgt</wf>
         <wf lemma="lekkers" pos="X">lekkers</wf>
         <wf lemma="," pos="X">,</wf>
         <wf lemma="wie" pos="X">wie</wf>
         <wf lemma="stout" pos="X">stout</wf>
         <wf lemma="is" pos="X">is</wf>
         <wf lemma="de" pos="X">de</wf>
         <instance id="d000.s4230.t000" lemma="roe" pos="NOUN">roe</instance>
         <wf lemma="." pos="X">.</wf>
      </sentence>
      <sentence id="d000.s4231" source="wordnet-dutch">
         <wf lemma="Mentrum" pos="X">Mentrum</wf>
         <wf lemma="heeft" pos="X">heeft</wf>
         <wf lemma="veel" pos="X">veel</wf>
         <wf lemma="crisisopvangen" pos="X">crisisopvangen</wf>
         <wf lemma="voor" pos="X">voor</wf>
         <wf lemma="mensen" pos="X">mensen</wf>
         <wf lemma="in" pos="X">in</wf>
         <wf lemma="psychische" pos="X">psychische</wf>
         <wf lemma="of" pos="X">of</wf>
         <wf lemma="sociale" pos="X">sociale</wf>
         <instance id="d000.s4231.t000" lemma="crisis" pos="NOUN">crisis</instance>
         <wf lemma="." pos="X">.</wf>
      </sentence>
      <sentence id="d000.s4232" source="wordnet-dutch">
         <wf lemma="op" pos="X">op</wf>
         <wf lemma="de" pos="X">de</wf>
         <instance id="d000.s4232.t000" lemma="ooglid" pos="NOUN">oogleden</instance>
         <wf lemma="wat" pos="X">wat</wf>
         <wf lemma="oogschaduw" pos="X">oogschaduw</wf>
         <wf lemma="en" pos="X">en</wf>
         <wf lemma="op" pos="X">op</wf>
         <wf lemma="de" pos="X">de</wf>
         <wf lemma="wimpers" pos="X">wimpers</wf>
         <wf lemma="wat" pos="X">wat</wf>
         <wf lemma="mascara" pos="X">mascara</wf>
         <wf lemma="." pos="X">.</wf>
      </sentence>
      <sentence id="d000.s4233" source="wordnet-dutch">
         <wf lemma="van" pos="X">van</wf>
         <wf lemma="sommige" pos="X">sommige</wf>
         <wf lemma="slachtoffers" pos="X">slachtoffers</wf>
         <wf lemma="kan" pos="X">kan</wf>
         <wf lemma="de" pos="X">de</wf>
         <instance id="d000.s4233.t000" lemma="identiteit" pos="NOUN">identiteit</instance>
         <wf lemma="niet" pos="X">niet</wf>
         <wf lemma="meer" pos="X">meer</wf>
         <wf lemma="worden" pos="X">worden</wf>
         <wf lemma="vastgesteld" pos="X">vastgesteld</wf>
         <wf lemma="." pos="X">.</wf>
      </sentence>
      <sentence id="d000.s4234" source="wordnet-dutch">
         <wf lemma="wie" pos="X">wie</wf>
         <instance id="d000.s4234.t000" lemma="spelen" pos="VERB">speelt</instance>
         <wf lemma="er" pos="X">er</wf>
         <wf lemma="tegenwoordig" pos="X">tegenwoordig</wf>
         <wf lemma="eigenlijk" pos="X">eigenlijk</wf>
         <wf lemma="James" pos="X">James</wf>
         <wf lemma="Bond" pos="X">Bond</wf>
         <wf lemma="?" pos="X">?</wf>
      </sentence>
      <sentence id="d000.s4235" source="wordnet-dutch">
         <wf lemma="Tonnen" pos="X">Tonnen</wf>
         <wf lemma="met" pos="X">met</wf>
         <wf lemma="brandende" pos="X">brandende</wf>
         <instance id="d000.s4235.t000" lemma="pik" pos="NOUN">pik</instance>
         <wf lemma="." pos="X">.</wf>
      </sentence>
      <sentence id="d000.s4236" source="wordnet-dutch">
         <wf lemma="het" pos="X">het</wf>
         <wf lemma="toestel" pos="X">toestel</wf>
         <wf lemma="vloog" pos="X">vloog</wf>
         <wf lemma="op" pos="X">op</wf>
         <wf lemma="de" pos="X">de</wf>
         <instance id="d000.s4236.t000" lemma="landingsbaan" pos="NOUN">landingsbaan</instance>
         <wf lemma="in" pos="X">in</wf>
         <wf lemma="brand" pos="X">brand</wf>
         <wf lemma="." pos="X">.</wf>
      </sentence>
      <sentence id="d000.s4237" source="wordnet-dutch">
         <wf lemma="haar" pos="X">haar</wf>
         <wf lemma="woorden" pos="X">woorden</wf>
         <instance id="d000.s4237.t000" lemma="bewegen" pos="VERB">bewogen</instance>
         <wf lemma="hem" pos="X">hem</wf>
         <wf lemma="zichtbaar" pos="X">zichtbaar</wf>
         <wf lemma="." pos="X">.</wf>
      </sentence>
      <sentence id="d000.s4238" source="wordnet-dutch">
         <instance id="d000.s4238.t000" lemma="pech" pos="NOUN">pech</instance>
         <wf lemma="met" pos="X">met</wf>
         <wf lemma="het" pos="X">het</wf>
         <wf lemma="weer/zijn" pos="X">weer/zijn</wf>
         <wf lemma="afstandschoten" pos="X">afstandschoten</wf>
         <wf lemma="." pos="X">.</wf>
      </sentence>
      <sentence id="d000.s4239" source="wordnet-dutch">
         <wf lemma="ze" pos="X">ze</wf>
         <wf lemma="hebben" pos="X">hebben</wf>
         <wf lemma="dat" pos="X">dat</wf>
         <wf lemma="boek" pos="X">boek</wf>
         <wf lemma="uit" pos="X">uit</wf>
         <wf lemma="het" pos="X">het</wf>
         <wf lemma="Engels" pos="X">Engels</wf>
         <wf lemma="in" pos="X">in</wf>
         <wf lemma="het" pos="X">het</wf>
         <wf lemma="Nederlands" pos="X">Nederlands</wf>
         <instance id="d000.s4239.t000" lemma="overzetten" pos="VERB">overgezet</instance>
         <wf lemma="." pos="X">.</wf>
      </sentence>
      <sentence id="d000.s4240" source="wordnet-dutch">
         <wf lemma="hij" pos="X">hij</wf>
         <instance id="d000.s4240.t000" lemma="realiseren" pos="VERB">realiseerde</instance>
         <wf lemma="zich" pos="X">zich</wf>
         <wf lemma="dat" pos="X">dat</wf>
         <wf lemma="hij" pos="X">hij</wf>
         <wf lemma="nog" pos="X">nog</wf>
         <wf lemma="zeer" pos="X">zeer</wf>
         <wf lemma="veel" pos="X">veel</wf>
         <wf lemma="werk" pos="X">werk</wf>
         <wf lemma="moest" pos="X">moest</wf>
         <wf lemma="verrichten" pos="X">verrichten</wf>
         <wf lemma="." pos="X">.</wf>
      </sentence>
      <sentence id="d000.s4241" source="wordnet-dutch">
         <wf lemma="een" pos="X">een</wf>
         <wf lemma="arm" pos="X">arm</wf>
         <wf lemma="om" pos="X">om</wf>
         <wf lemma="iemands" pos="X">iemands</wf>
         <instance id="d000.s4241.t000" lemma="middel" pos="NOUN">middel</instance>
         <wf lemma="slaan/leggen" pos="X">slaan/leggen</wf>
         <wf lemma="." pos="X">.</wf>
      </sentence>
      <sentence id="d000.s4242" source="wordnet-dutch">
         <wf lemma="we" pos="X">we</wf>
         <wf lemma="houden" pos="X">houden</wf>
         <wf lemma="de" pos="X">de</wf>
         <wf lemma="kamer" pos="X">kamer</wf>
         <wf lemma="in" pos="X">in</wf>
         <instance id="d000.s4242.t000" lemma="pasteltint" pos="NOUN">pasteltinten</instance>
         <wf lemma="." pos="X">.</wf>
      </sentence>
      <sentence id="d000.s4243" source="wordnet-dutch">
         <wf lemma="er" pos="X">er</wf>
         <wf lemma="stonden" pos="X">stonden</wf>
         <wf lemma="drie" pos="X">drie</wf>
         <wf lemma="vliegtuigen" pos="X">vliegtuigen</wf>
         <wf lemma="in" pos="X">in</wf>
         <wf lemma="de" pos="X">de</wf>
         <instance id="d000.s4243.t000" lemma="hangar" pos="NOUN">hangar</instance>
         <wf lemma="." pos="X">.</wf>
      </sentence>
      <sentence id="d000.s4244" source="wordnet-dutch">
         <wf lemma="de" pos="X">de</wf>
         <wf lemma="brandweercommandant" pos="X">brandweercommandant</wf>
         <instance id="d000.s4244.t000" lemma="rapporteren" pos="VERB">rapporteerde</instance>
         <wf lemma="dat" pos="X">dat</wf>
         <wf lemma="de" pos="X">de</wf>
         <wf lemma="brand" pos="X">brand</wf>
         <wf lemma="om" pos="X">om</wf>
         <wf lemma="drie" pos="X">drie</wf>
         <wf lemma="uur" pos="X">uur</wf>
         <wf lemma="was" pos="X">was</wf>
         <wf lemma="uitgebroken" pos="X">uitgebroken</wf>
         <wf lemma="." pos="X">.</wf>
      </sentence>
      <sentence id="d000.s4245" source="wordnet-dutch">
         <wf lemma="Een" pos="X">Een</wf>
         <instance id="d000.s4245.t000" lemma="ploeg" pos="NOUN">ploeg</instance>
         <wf lemma="bouwvakkers" pos="X">bouwvakkers</wf>
         <wf lemma="." pos="X">.</wf>
      </sentence>
      <sentence id="d000.s4246" source="wordnet-dutch">
         <wf lemma="de" pos="X">de</wf>
         <wf lemma="weg" pos="X">weg</wf>
         <wf lemma="volgde" pos="X">volgde</wf>
         <wf lemma="de" pos="X">de</wf>
         <instance id="d000.s4246.t000" lemma="glooiing" pos="NOUN">glooiingen</instance>
         <wf lemma="van" pos="X">van</wf>
         <wf lemma="het" pos="X">het</wf>
         <wf lemma="landschap" pos="X">landschap</wf>
         <wf lemma="." pos="X">.</wf>
      </sentence>
      <sentence id="d000.s4247" source="wordnet-dutch">
         <wf lemma="er" pos="X">er</wf>
         <instance id="d000.s4247.t000" lemma="zwerven" pos="VERB">zwerft</instance>
         <wf lemma="weer" pos="X">weer</wf>
         <wf lemma="van" pos="X">van</wf>
         <wf lemma="alles" pos="X">alles</wf>
         <wf lemma="in" pos="X">in</wf>
         <wf lemma="je" pos="X">je</wf>
         <wf lemma="bed" pos="X">bed</wf>
         <wf lemma="." pos="X">.</wf>
      </sentence>
      <sentence id="d000.s4248" source="wordnet-dutch">
         <wf lemma="het" pos="X">het</wf>
         <wf lemma="hele" pos="X">hele</wf>
         <wf lemma="plan" pos="X">plan</wf>
         <wf lemma="is" pos="X">is</wf>
         <wf lemma="op" pos="X">op</wf>
         <wf lemma="een" pos="X">een</wf>
         <wf lemma="fiasco" pos="X">fiasco</wf>
         <instance id="d000.s4248.t000" lemma="uitlopen" pos="VERB">uitgelopen</instance>
         <wf lemma="." pos="X">.</wf>
      </sentence>
      <sentence id="d000.s4249" source="wordnet-dutch">
         <wf lemma="in" pos="X">in</wf>
         <instance id="d000.s4249.t000" lemma="ploeg" pos="NOUN">ploegen</instance>
         <wf lemma="werken" pos="X">werken</wf>
         <wf lemma="." pos="X">.</wf>
      </sentence>
      <sentence id="d000.s4250" source="wordnet-dutch">
         <wf lemma="Instructie" pos="X">Instructie</wf>
         <wf lemma="voor" pos="X">voor</wf>
         <wf lemma="de" pos="X">de</wf>
         <instance id="d000.s4250.t000" lemma="secretaris" pos="NOUN">secretaris</instance>
         <wf lemma="van" pos="X">van</wf>
         <wf lemma="de" pos="X">de</wf>
         <wf lemma="gemeente" pos="X">gemeente</wf>
         <wf lemma="Purmerend" pos="X">Purmerend</wf>
         <wf lemma="." pos="X">.</wf>
      </sentence>
      <sentence id="d000.s4251" source="wordnet-dutch">
         <wf lemma="na" pos="X">na</wf>
         <wf lemma="de" pos="X">de</wf>
         <wf lemma="explosie" pos="X">explosie</wf>
         <wf lemma="steeg" pos="X">steeg</wf>
         <wf lemma="er" pos="X">er</wf>
         <wf lemma="een" pos="X">een</wf>
         <wf lemma="grote" pos="X">grote</wf>
         <instance id="d000.s4251.t000" lemma="stofwolk" pos="NOUN">stofwolk</instance>
         <wf lemma="op" pos="X">op</wf>
         <wf lemma="." pos="X">.</wf>
      </sentence>
      <sentence id="d000.s4252" source="wordnet-dutch">
         <wf lemma="het" pos="X">het</wf>
         <wf lemma="licht" pos="X">licht</wf>
         <wf lemma="was" pos="X">was</wf>
         <wf lemma="zo" pos="X">zo</wf>
         <wf lemma="sterk" pos="X">sterk</wf>
         <wf lemma="dat" pos="X">dat</wf>
         <wf lemma="hij" pos="X">hij</wf>
         <wf lemma="met" pos="X">met</wf>
         <wf lemma="de" pos="X">de</wf>
         <wf lemma="ogen" pos="X">ogen</wf>
         <wf lemma="begon" pos="X">begon</wf>
         <wf lemma="te" pos="X">te</wf>
         <instance id="d000.s4252.t000" lemma="knippen" pos="VERB">knippen</instance>
         <wf lemma="." pos="X">.</wf>
      </sentence>
      <sentence id="d000.s4253" source="wordnet-dutch">
         <wf lemma="ik" pos="X">ik</wf>
         <wf lemma="zal" pos="X">zal</wf>
         <instance id="d000.s4253.t000" lemma="opletten" pos="VERB">opletten</instance>
         <wf lemma="of" pos="X">of</wf>
         <wf lemma="de" pos="X">de</wf>
         <wf lemma="regels" pos="X">regels</wf>
         <wf lemma="ook" pos="X">ook</wf>
         <wf lemma="worden" pos="X">worden</wf>
         <wf lemma="nageleefd" pos="X">nageleefd</wf>
         <wf lemma="." pos="X">.</wf>
      </sentence>
      <sentence id="d000.s4254" source="wordnet-dutch">
         <wf lemma="het" pos="X">het</wf>
         <wf lemma="was" pos="X">was</wf>
         <wf lemma="zo" pos="X">zo</wf>
         <wf lemma="vol" pos="X">vol</wf>
         <wf lemma="dat" pos="X">dat</wf>
         <wf lemma="men" pos="X">men</wf>
         <wf lemma="stoelen" pos="X">stoelen</wf>
         <wf lemma="in" pos="X">in</wf>
         <wf lemma="de" pos="X">de</wf>
         <instance id="d000.s4254.t000" lemma="loop" pos="NOUN">loop</instance>
         <wf lemma="had" pos="X">had</wf>
         <wf lemma="geplaatst" pos="X">geplaatst</wf>
         <wf lemma="." pos="X">.</wf>
      </sentence>
      <sentence id="d000.s4255" source="wordnet-dutch">
         <wf lemma="De" pos="X">De</wf>
         <instance id="d000.s4255.t000" lemma="jacht" pos="NOUN">jacht</instance>
         <wf lemma="naar" pos="X">naar</wf>
         <wf lemma="liefde" pos="X">liefde</wf>
         <wf lemma="." pos="X">.</wf>
      </sentence>
      <sentence id="d000.s4256" source="wordnet-dutch">
         <wf lemma="hij" pos="X">hij</wf>
         <wf lemma="woont" pos="X">woont</wf>
         <wf lemma="geloof" pos="X">geloof</wf>
         <wf lemma="ik" pos="X">ik</wf>
         <wf lemma="in" pos="X">in</wf>
         <wf lemma="de" pos="X">de</wf>
         <instance id="d000.s4256.t000" lemma="buurt" pos="NOUN">buurt</instance>
         <wf lemma="van" pos="X">van</wf>
         <wf lemma="het" pos="X">het</wf>
         <wf lemma="station" pos="X">station</wf>
         <wf lemma="." pos="X">.</wf>
      </sentence>
      <sentence id="d000.s4257" source="wordnet-dutch">
         <wf lemma="de" pos="X">de</wf>
         <wf lemma="vaste" pos="X">vaste</wf>
         <wf lemma="lasten" pos="X">lasten</wf>
         <wf lemma="drukken" pos="X">drukken</wf>
         <wf lemma="zwaar" pos="X">zwaar</wf>
         <wf lemma="op" pos="X">op</wf>
         <wf lemma="de" pos="X">de</wf>
         <instance id="d000.s4257.t000" lemma="begroting" pos="NOUN">begroting</instance>
         <wf lemma="." pos="X">.</wf>
      </sentence>
      <sentence id="d000.s4258" source="wordnet-dutch">
         <wf lemma="we" pos="X">we</wf>
         <instance id="d000.s4258.t000" lemma="continueren" pos="VERB">continueren</instance>
         <wf lemma="de" pos="X">de</wf>
         <wf lemma="staking" pos="X">staking</wf>
         <wf lemma="tot" pos="X">tot</wf>
         <wf lemma="ze" pos="X">ze</wf>
         <wf lemma="naar" pos="X">naar</wf>
         <wf lemma="ons" pos="X">ons</wf>
         <wf lemma="willen" pos="X">willen</wf>
         <wf lemma="luisteren" pos="X">luisteren</wf>
         <wf lemma="." pos="X">.</wf>
      </sentence>
      <sentence id="d000.s4259" source="wordnet-dutch">
         <wf lemma="bestuurlijke" pos="X">bestuurlijke</wf>
         <wf lemma="taken" pos="X">taken</wf>
         <instance id="d000.s4259.t000" lemma="liggen" pos="VERB">liggen</instance>
         <wf lemma="mij" pos="X">mij</wf>
         <wf lemma="niet" pos="X">niet</wf>
         <wf lemma="zo" pos="X">zo</wf>
         <wf lemma="." pos="X">.</wf>
      </sentence>
      <sentence id="d000.s4260" source="wordnet-dutch">
         <wf lemma="hij" pos="X">hij</wf>
         <wf lemma="bracht" pos="X">bracht</wf>
         <wf lemma="de" pos="X">de</wf>
         <wf lemma="hele" pos="X">hele</wf>
         <wf lemma="zaal" pos="X">zaal</wf>
         <wf lemma="in" pos="X">in</wf>
         <instance id="d000.s4260.t000" lemma="beroering" pos="NOUN">beroering</instance>
         <wf lemma="." pos="X">.</wf>
      </sentence>
      <sentence id="d000.s4261" source="wordnet-dutch">
         <wf lemma="dat" pos="X">dat</wf>
         <wf lemma="boek" pos="X">boek</wf>
         <wf lemma="is" pos="X">is</wf>
         <wf lemma="een" pos="X">een</wf>
         <instance id="d000.s4261.t000" lemma="belediging" pos="NOUN">belediging</instance>
         <wf lemma="voor" pos="X">voor</wf>
         <wf lemma="zwarte" pos="X">zwarte</wf>
         <wf lemma="mensen" pos="X">mensen</wf>
         <wf lemma="." pos="X">.</wf>
      </sentence>
      <sentence id="d000.s4262" source="wordnet-dutch">
         <wf lemma="de" pos="X">de</wf>
         <wf lemma="organisatoren" pos="X">organisatoren</wf>
         <wf lemma="hebben" pos="X">hebben</wf>
         <wf lemma="besloten" pos="X">besloten</wf>
         <wf lemma="het" pos="X">het</wf>
         <wf lemma="evenement" pos="X">evenement</wf>
         <wf lemma="te" pos="X">te</wf>
         <instance id="d000.s4262.t000" lemma="prolongeren" pos="VERB">prolongeren</instance>
         <wf lemma="wegens" pos="X">wegens</wf>
         <wf lemma="het" pos="X">het</wf>
         <wf lemma="grote" pos="X">grote</wf>
         <wf lemma="succes" pos="X">succes</wf>
         <wf lemma="." pos="X">.</wf>
      </sentence>
      <sentence id="d000.s4263" source="wordnet-dutch">
         <wf lemma="de" pos="X">de</wf>
         <wf lemma="auto" pos="X">auto</wf>
         <instance id="d000.s4263.t000" lemma="schampen" pos="VERB">schampte</instance>
         <wf lemma="langs" pos="X">langs</wf>
         <wf lemma="de" pos="X">de</wf>
         <wf lemma="boom" pos="X">boom</wf>
         <wf lemma="en" pos="X">en</wf>
         <wf lemma="belandde" pos="X">belandde</wf>
         <wf lemma="in" pos="X">in</wf>
         <wf lemma="de" pos="X">de</wf>
         <wf lemma="sloot" pos="X">sloot</wf>
         <wf lemma="." pos="X">.</wf>
      </sentence>
      <sentence id="d000.s4264" source="wordnet-dutch">
         <wf lemma="zij" pos="X">zij</wf>
         <wf lemma="legde" pos="X">legde</wf>
         <wf lemma="nog" pos="X">nog</wf>
         <wf lemma="een" pos="X">een</wf>
         <instance id="d000.s4264.t000" lemma="blok" pos="NOUN">blok</instance>
         <wf lemma="hout" pos="X">hout</wf>
         <wf lemma="op" pos="X">op</wf>
         <wf lemma="het" pos="X">het</wf>
         <wf lemma="vuur" pos="X">vuur</wf>
         <wf lemma="." pos="X">.</wf>
      </sentence>
      <sentence id="d000.s4265" source="wordnet-dutch">
         <wf lemma="je" pos="X">je</wf>
         <wf lemma="schrikt" pos="X">schrikt</wf>
         <wf lemma="telkens" pos="X">telkens</wf>
         <wf lemma="weer" pos="X">weer</wf>
         <wf lemma="als" pos="X">als</wf>
         <wf lemma="je" pos="X">je</wf>
         <wf lemma="ziet" pos="X">ziet</wf>
         <wf lemma="hoe" pos="X">hoe</wf>
         <wf lemma="mensen" pos="X">mensen</wf>
         <wf lemma="elkaar" pos="X">elkaar</wf>
         <wf lemma="kunnen" pos="X">kunnen</wf>
         <instance id="d000.s4265.t000" lemma="pijnigen" pos="VERB">pijnigen</instance>
         <wf lemma="." pos="X">.</wf>
      </sentence>
      <sentence id="d000.s4266" source="wordnet-dutch">
         <wf lemma="een" pos="X">een</wf>
         <wf lemma="advertentie" pos="X">advertentie</wf>
         <wf lemma="over" pos="X">over</wf>
         <wf lemma="de" pos="X">de</wf>
         <wf lemma="hele" pos="X">hele</wf>
         <instance id="d000.s4266.t000" lemma="pagina" pos="NOUN">pagina</instance>
         <wf lemma="." pos="X">.</wf>
      </sentence>
      <sentence id="d000.s4267" source="wordnet-dutch">
         <wf lemma="De" pos="X">De</wf>
         <instance id="d000.s4267.t000" lemma="roos" pos="NOUN">roos</instance>
         <wf lemma="in" pos="X">in</wf>
         <wf lemma="zijn" pos="X">zijn</wf>
         <wf lemma="tuin" pos="X">tuin</wf>
         <wf lemma="heeft" pos="X">heeft</wf>
         <wf lemma="veel" pos="X">veel</wf>
         <wf lemma="knoppen" pos="X">knoppen</wf>
         <wf lemma="en" pos="X">en</wf>
         <wf lemma="zal" pos="X">zal</wf>
         <wf lemma="dus" pos="X">dus</wf>
         <wf lemma="veel" pos="X">veel</wf>
         <wf lemma="bloemen" pos="X">bloemen</wf>
         <wf lemma="krijgen" pos="X">krijgen</wf>
         <wf lemma="." pos="X">.</wf>
      </sentence>
      <sentence id="d000.s4268" source="wordnet-dutch">
         <wf lemma="onder" pos="X">onder</wf>
         <instance id="d000.s4268.t000" lemma="bedreiging" pos="NOUN">bedreiging</instance>
         <wf lemma="stemde" pos="X">stemde</wf>
         <wf lemma="hij" pos="X">hij</wf>
         <wf lemma="in" pos="X">in</wf>
         <wf lemma="." pos="X">.</wf>
      </sentence>
      <sentence id="d000.s4269" source="wordnet-dutch">
         <wf lemma="de" pos="X">de</wf>
         <wf lemma="scherpe" pos="X">scherpe</wf>
         <wf lemma="hoeken" pos="X">hoeken</wf>
         <wf lemma="van" pos="X">van</wf>
         <wf lemma="de" pos="X">de</wf>
         <wf lemma="tafel" pos="X">tafel</wf>
         <wf lemma="kun" pos="X">kun</wf>
         <wf lemma="je" pos="X">je</wf>
         <wf lemma="beter" pos="X">beter</wf>
         <instance id="d000.s4269.t000" lemma="afronden" pos="VERB">afronden</instance>
         <wf lemma="." pos="X">.</wf>
      </sentence>
      <sentence id="d000.s4270" source="wordnet-dutch">
         <wf lemma="zij" pos="X">zij</wf>
         <wf lemma="antwoordde" pos="X">antwoordde</wf>
         <wf lemma="zonder" pos="X">zonder</wf>
         <wf lemma="ernstige" pos="X">ernstige</wf>
         <instance id="d000.s4270.t000" lemma="reflectie" pos="NOUN">reflectie</instance>
         <wf lemma="." pos="X">.</wf>
      </sentence>
      <sentence id="d000.s4271" source="wordnet-dutch">
         <wf lemma="De" pos="X">De</wf>
         <wf lemma="saus" pos="X">saus</wf>
         <instance id="d000.s4271.t000" lemma="verdikken" pos="VERB">verdikt</instance>
         <wf lemma="tot" pos="X">tot</wf>
         <wf lemma="consistentie" pos="X">consistentie</wf>
         <wf lemma="van" pos="X">van</wf>
         <wf lemma="een" pos="X">een</wf>
         <wf lemma="cocktailsaus" pos="X">cocktailsaus</wf>
         <wf lemma="." pos="X">.</wf>
      </sentence>
      <sentence id="d000.s4272" source="wordnet-dutch">
         <wf lemma="dat" pos="X">dat</wf>
         <wf lemma="hart" pos="X">hart</wf>
         <instance id="d000.s4272.t000" lemma="staan" pos="VERB">staat</instance>
         <wf lemma="voor" pos="X">voor</wf>
         <wf lemma="de" pos="X">de</wf>
         <wf lemma="liefde" pos="X">liefde</wf>
         <wf lemma="." pos="X">.</wf>
      </sentence>
      <sentence id="d000.s4273" source="wordnet-dutch">
         <instance id="d000.s4273.t000" lemma="zetten" pos="VERB">zet</instance>
         <wf lemma="die" pos="X">die</wf>
         <wf lemma="vaas" pos="X">vaas</wf>
         <wf lemma="bloemen" pos="X">bloemen</wf>
         <wf lemma="maar" pos="X">maar</wf>
         <wf lemma="even" pos="X">even</wf>
         <wf lemma="op" pos="X">op</wf>
         <wf lemma="de" pos="X">de</wf>
         <wf lemma="kast" pos="X">kast</wf>
         <wf lemma="." pos="X">.</wf>
      </sentence>
      <sentence id="d000.s4274" source="wordnet-dutch">
         <wf lemma="de" pos="X">de</wf>
         <instance id="d000.s4274.t000" lemma="grondslag" pos="NOUN">grondslagen</instance>
         <wf lemma="voor" pos="X">voor</wf>
         <wf lemma="een" pos="X">een</wf>
         <wf lemma="huis" pos="X">huis</wf>
         <wf lemma="leggen" pos="X">leggen</wf>
         <wf lemma="." pos="X">.</wf>
      </sentence>
      <sentence id="d000.s4275" source="wordnet-dutch">
         <wf lemma="de" pos="X">de</wf>
         <wf lemma="tanks" pos="X">tanks</wf>
         <wf lemma="zijn" pos="X">zijn</wf>
         <wf lemma="helemaal" pos="X">helemaal</wf>
         <wf lemma="in" pos="X">in</wf>
         <instance id="d000.s4275.t000" lemma="schutkleur" pos="NOUN">schutkleur</instance>
         <wf lemma="." pos="X">.</wf>
      </sentence>
      <sentence id="d000.s4276" source="wordnet-dutch">
         <wf lemma="het" pos="X">het</wf>
         <wf lemma="productieproces" pos="X">productieproces</wf>
         <wf lemma="van" pos="X">van</wf>
         <wf lemma="dat" pos="X">dat</wf>
         <wf lemma="bedrijf" pos="X">bedrijf</wf>
         <wf lemma="kan" pos="X">kan</wf>
         <wf lemma="volgens" pos="X">volgens</wf>
         <wf lemma="hem" pos="X">hem</wf>
         <wf lemma="best" pos="X">best</wf>
         <wf lemma="nog" pos="X">nog</wf>
         <instance id="d000.s4276.t000" lemma="rationaliseren" pos="VERB">gerationaliseerd</instance>
         <wf lemma="worden" pos="X">worden</wf>
         <wf lemma="." pos="X">.</wf>
      </sentence>
      <sentence id="d000.s4277" source="wordnet-dutch">
         <wf lemma="voor" pos="X">voor</wf>
         <wf lemma="smokkel" pos="X">smokkel</wf>
         <wf lemma="heeft" pos="X">heeft</wf>
         <wf lemma="deze" pos="X">deze</wf>
         <wf lemma="koffer" pos="X">koffer</wf>
         <wf lemma="een" pos="X">een</wf>
         <wf lemma="dubbele" pos="X">dubbele</wf>
         <instance id="d000.s4277.t000" lemma="bodem" pos="NOUN">bodem</instance>
         <wf lemma="." pos="X">.</wf>
      </sentence>
      <sentence id="d000.s4278" source="wordnet-dutch">
         <wf lemma="kun" pos="X">kun</wf>
         <wf lemma="je" pos="X">je</wf>
         <wf lemma="misschien" pos="X">misschien</wf>
         <wf lemma="voor" pos="X">voor</wf>
         <wf lemma="twee" pos="X">twee</wf>
         <wf lemma="minuten" pos="X">minuten</wf>
         <wf lemma="je" pos="X">je</wf>
         <instance id="d000.s4278.t000" lemma="snater" pos="NOUN">snater</instance>
         <wf lemma="houden" pos="X">houden</wf>
         <wf lemma="?" pos="X">?</wf>
      </sentence>
      <sentence id="d000.s4279" source="wordnet-dutch">
         <wf lemma="er" pos="X">er</wf>
         <wf lemma="zullen" pos="X">zullen</wf>
         <wf lemma="ook" pos="X">ook</wf>
         <wf lemma="minder" pos="X">minder</wf>
         <wf lemma="bekende" pos="X">bekende</wf>
         <instance id="d000.s4279.t000" lemma="werk" pos="NOUN">werken</instance>
         <wf lemma="worden" pos="X">worden</wf>
         <wf lemma="gespeeld" pos="X">gespeeld</wf>
         <wf lemma="." pos="X">.</wf>
      </sentence>
      <sentence id="d000.s4280" source="wordnet-dutch">
         <wf lemma="we" pos="X">we</wf>
         <wf lemma="hebben" pos="X">hebben</wf>
         <wf lemma="de" pos="X">de</wf>
         <wf lemma="hele" pos="X">hele</wf>
         <wf lemma="avond" pos="X">avond</wf>
         <instance id="d000.s4280.t000" lemma="quatre-mains" pos="NOUN">quatre-mains</instance>
         <wf lemma="gespeeld" pos="X">gespeeld</wf>
         <wf lemma="." pos="X">.</wf>
      </sentence>
      <sentence id="d000.s4281" source="wordnet-dutch">
         <wf lemma="edele" pos="X">edele</wf>
         <wf lemma="metalen" pos="X">metalen</wf>
         <instance id="d000.s4281.t000" lemma="roesten" pos="VERB">roesten</instance>
         <wf lemma="niet" pos="X">niet</wf>
         <wf lemma="." pos="X">.</wf>
      </sentence>
      <sentence id="d000.s4282" source="wordnet-dutch">
         <wf lemma="hij" pos="X">hij</wf>
         <wf lemma="sprak" pos="X">sprak</wf>
         <wf lemma="de" pos="X">de</wf>
         <instance id="d000.s4282.t000" lemma="wens" pos="NOUN">wens</instance>
         <wf lemma="uit" pos="X">uit</wf>
         <wf lemma="dat" pos="X">dat</wf>
         <wf lemma="de" pos="X">de</wf>
         <wf lemma="vereniging" pos="X">vereniging</wf>
         <wf lemma="weer" pos="X">weer</wf>
         <wf lemma="eens" pos="X">eens</wf>
         <wf lemma="een" pos="X">een</wf>
         <wf lemma="regionale" pos="X">regionale</wf>
         <wf lemma="show" pos="X">show</wf>
         <wf lemma="mag" pos="X">mag</wf>
         <wf lemma="houden" pos="X">houden</wf>
         <wf lemma="." pos="X">.</wf>
      </sentence>
      <sentence id="d000.s4283" source="wordnet-dutch">
         <wf lemma="in" pos="X">in</wf>
         <wf lemma="juni" pos="X">juni</wf>
         <wf lemma="wordt" pos="X">wordt</wf>
         <wf lemma="er" pos="X">er</wf>
         <wf lemma="een" pos="X">een</wf>
         <instance id="d000.s4283.t000" lemma="boottocht" pos="NOUN">boottocht</instance>
         <wf lemma="gehouden" pos="X">gehouden</wf>
         <wf lemma="." pos="X">.</wf>
      </sentence>
      <sentence id="d000.s4284" source="wordnet-dutch">
         <wf lemma="toekenning" pos="X">toekenning</wf>
         <wf lemma="van" pos="X">van</wf>
         <wf lemma="de" pos="X">de</wf>
         <instance id="d000.s4284.t000" lemma="periodiek" pos="NOUN">periodiek</instance>
         <wf lemma="geschiedt" pos="X">geschiedt</wf>
         <wf lemma="conform" pos="X">conform</wf>
         <wf lemma="de" pos="X">de</wf>
         <wf lemma="bijgevoegde" pos="X">bijgevoegde</wf>
         <wf lemma="tabel" pos="X">tabel</wf>
         <wf lemma="." pos="X">.</wf>
      </sentence>
      <sentence id="d000.s4285" source="wordnet-dutch">
         <wf lemma="de" pos="X">de</wf>
         <wf lemma="mensen" pos="X">mensen</wf>
         <wf lemma="in" pos="X">in</wf>
         <wf lemma="de" pos="X">de</wf>
         <instance id="d000.s4285.t000" lemma="buurt" pos="NOUN">buurt</instance>
         <wf lemma="vrezen" pos="X">vrezen</wf>
         <wf lemma="het" pos="X">het</wf>
         <wf lemma="ergste" pos="X">ergste</wf>
         <wf lemma="." pos="X">.</wf>
      </sentence>
      <sentence id="d000.s4286" source="wordnet-dutch">
         <wf lemma="het" pos="X">het</wf>
         <wf lemma="was" pos="X">was</wf>
         <wf lemma="een" pos="X">een</wf>
         <wf lemma="mooie" pos="X">mooie</wf>
         <instance id="d000.s4286.t000" lemma="avond" pos="NOUN">avond</instance>
         <wf lemma=":" pos="X">:</wf>
         <wf lemma="er" pos="X">er</wf>
         <wf lemma="stond" pos="X">stond</wf>
         <wf lemma="een" pos="X">een</wf>
         <wf lemma="zoel" pos="X">zoel</wf>
         <wf lemma="windje" pos="X">windje</wf>
         <wf lemma="," pos="X">,</wf>
         <wf lemma="de" pos="X">de</wf>
         <wf lemma="rozen" pos="X">rozen</wf>
         <wf lemma="geurden" pos="X">geurden</wf>
         <wf lemma="en" pos="X">en</wf>
         <wf lemma="de" pos="X">de</wf>
         <wf lemma="maan" pos="X">maan</wf>
         <wf lemma="was" pos="X">was</wf>
         <wf lemma="vol" pos="X">vol</wf>
         <wf lemma="." pos="X">.</wf>
      </sentence>
      <sentence id="d000.s4287" source="wordnet-dutch">
         <wf lemma="Ze" pos="X">Ze</wf>
         <wf lemma="hebben" pos="X">hebben</wf>
         <wf lemma="extra" pos="X">extra</wf>
         <wf lemma="bussen" pos="X">bussen</wf>
         <instance id="d000.s4287.t000" lemma="inleggen" pos="VERB">ingelegd</instance>
         <wf lemma="." pos="X">.</wf>
      </sentence>
      <sentence id="d000.s4288" source="wordnet-dutch">
         <wf lemma="een" pos="X">een</wf>
         <wf lemma="zege" pos="X">zege</wf>
         <wf lemma="die" pos="X">die</wf>
         <wf lemma="met" pos="X">met</wf>
         <instance id="d000.s4288.t000" lemma="eer" pos="NOUN">ere</instance>
         <wf lemma="genoemd" pos="X">genoemd</wf>
         <wf lemma="mag" pos="X">mag</wf>
         <wf lemma="worden" pos="X">worden</wf>
         <wf lemma="!" pos="X">!</wf>
      </sentence>
      <sentence id="d000.s4289" source="wordnet-dutch">
         <wf lemma="De" pos="X">De</wf>
         <instance id="d000.s4289.t000" lemma="aarde" pos="NOUN">aarde</instance>
         <wf lemma="van" pos="X">van</wf>
         <wf lemma="de" pos="X">de</wf>
         <wf lemma="draad" pos="X">draad</wf>
         <wf lemma="is" pos="X">is</wf>
         <wf lemma="blauw" pos="X">blauw</wf>
         <wf lemma="." pos="X">.</wf>
      </sentence>
      <sentence id="d000.s4290" source="wordnet-dutch">
         <wf lemma="Heel" pos="X">Heel</wf>
         <wf lemma="trots" pos="X">trots</wf>
         <wf lemma="legt" pos="X">legt</wf>
         <wf lemma="de" pos="X">de</wf>
         <wf lemma="boerin" pos="X">boerin</wf>
         <wf lemma="het" pos="X">het</wf>
         <wf lemma="mooie" pos="X">mooie</wf>
         <wf lemma="witten" pos="X">witten</wf>
         <instance id="d000.s4290.t000" lemma="linnen" pos="NOUN">linnen</instance>
         <wf lemma="in" pos="X">in</wf>
         <wf lemma="de" pos="X">de</wf>
         <wf lemma="kast" pos="X">kast</wf>
         <wf lemma="." pos="X">.</wf>
      </sentence>
      <sentence id="d000.s4291" source="wordnet-dutch">
         <wf lemma="hij" pos="X">hij</wf>
         <wf lemma="speelt" pos="X">speelt</wf>
         <instance id="d000.s4291.t000" lemma="waldhoorn" pos="NOUN">waldhoorn</instance>
         <wf lemma="in" pos="X">in</wf>
         <wf lemma="een" pos="X">een</wf>
         <wf lemma="orkest" pos="X">orkest</wf>
         <wf lemma="." pos="X">.</wf>
      </sentence>
      <sentence id="d000.s4292" source="wordnet-dutch">
         <wf lemma="de" pos="X">de</wf>
         <wf lemma="auto" pos="X">auto</wf>
         <wf lemma="is" pos="X">is</wf>
         <wf lemma="naar" pos="X">naar</wf>
         <wf lemma="de" pos="X">de</wf>
         <wf lemma="garage" pos="X">garage</wf>
         <wf lemma="voor" pos="X">voor</wf>
         <wf lemma="een" pos="X">een</wf>
         <instance id="d000.s4292.t000" lemma="onderhoudsbeurt" pos="NOUN">onderhoudsbeurt</instance>
         <wf lemma="." pos="X">.</wf>
      </sentence>
      <sentence id="d000.s4293" source="wordnet-dutch">
         <wf lemma="hij" pos="X">hij</wf>
         <wf lemma="heeft" pos="X">heeft</wf>
         <wf lemma="alle" pos="X">alle</wf>
         <wf lemma="mogelijke" pos="X">mogelijke</wf>
         <wf lemma="middelen" pos="X">middelen</wf>
         <instance id="d000.s4293.t000" lemma="aanwenden" pos="VERB">aangewend</instance>
         <wf lemma="." pos="X">.</wf>
      </sentence>
      <sentence id="d000.s4294" source="wordnet-dutch">
         <wf lemma="zij" pos="X">zij</wf>
         <wf lemma="droeg" pos="X">droeg</wf>
         <wf lemma="een" pos="X">een</wf>
         <instance id="d000.s4294.t000" lemma="ceintuur" pos="NOUN">ceintuur</instance>
         <wf lemma="om" pos="X">om</wf>
         <wf lemma="haar" pos="X">haar</wf>
         <wf lemma="middel" pos="X">middel</wf>
         <wf lemma="." pos="X">.</wf>
      </sentence>
      <sentence id="d000.s4295" source="wordnet-dutch">
         <wf lemma="ook" pos="X">ook</wf>
         <wf lemma="een" pos="X">een</wf>
         <wf lemma="gewone" pos="X">gewone</wf>
         <wf lemma="werkman" pos="X">werkman</wf>
         <wf lemma="heeft" pos="X">heeft</wf>
         <wf lemma="zijn" pos="X">zijn</wf>
         <instance id="d000.s4295.t000" lemma="trots" pos="NOUN">trots</instance>
         <wf lemma="." pos="X">.</wf>
      </sentence>
      <sentence id="d000.s4296" source="wordnet-dutch">
         <wf lemma="ze" pos="X">ze</wf>
         <wf lemma="heeft" pos="X">heeft</wf>
         <wf lemma="er" pos="X">er</wf>
         <wf lemma="een" pos="X">een</wf>
         <wf lemma="heel" pos="X">heel</wf>
         <instance id="d000.s4296.t000" lemma="boekwerk" pos="NOUN">boekwerk</instance>
         <wf lemma="van" pos="X">van</wf>
         <wf lemma="gemaakt" pos="X">gemaakt</wf>
         <wf lemma="." pos="X">.</wf>
      </sentence>
      <sentence id="d000.s4297" source="wordnet-dutch">
         <wf lemma="uit" pos="X">uit</wf>
         <instance id="d000.s4297.t000" lemma="eerbied" pos="NOUN">eerbied</instance>
         <wf lemma="voor" pos="X">voor</wf>
         <wf lemma="de" pos="X">de</wf>
         <wf lemma="slachtoffers" pos="X">slachtoffers</wf>
         <wf lemma="werd" pos="X">werd</wf>
         <wf lemma="stemmige" pos="X">stemmige</wf>
         <wf lemma="muziek" pos="X">muziek</wf>
         <wf lemma="uitgezonden" pos="X">uitgezonden</wf>
         <wf lemma="." pos="X">.</wf>
      </sentence>
      <sentence id="d000.s4298" source="wordnet-dutch">
         <wf lemma="een" pos="X">een</wf>
         <wf lemma="gedeelte" pos="X">gedeelte</wf>
         <wf lemma="van" pos="X">van</wf>
         <wf lemma="de" pos="X">de</wf>
         <instance id="d000.s4298.t000" lemma="vluchteling" pos="NOUN">vluchtelingen</instance>
         <wf lemma="kon" pos="X">kon</wf>
         <wf lemma="helaas" pos="X">helaas</wf>
         <wf lemma="geen" pos="X">geen</wf>
         <wf lemma="politiek" pos="X">politiek</wf>
         <wf lemma="asiel" pos="X">asiel</wf>
         <wf lemma="verleend" pos="X">verleend</wf>
         <wf lemma="worden" pos="X">worden</wf>
         <wf lemma="." pos="X">.</wf>
      </sentence>
      <sentence id="d000.s4299" source="wordnet-dutch">
         <wf lemma="de" pos="X">de</wf>
         <wf lemma="manschappen" pos="X">manschappen</wf>
         <wf lemma="zitten" pos="X">zitten</wf>
         <wf lemma="keurig" pos="X">keurig</wf>
         <wf lemma="in" pos="X">in</wf>
         <instance id="d000.s4299.t000" lemma="carré" pos="NOUN">carré</instance>
         <wf lemma="te" pos="X">te</wf>
         <wf lemma="wachten" pos="X">wachten</wf>
         <wf lemma="op" pos="X">op</wf>
         <wf lemma="de" pos="X">de</wf>
         <wf lemma="commandant" pos="X">commandant</wf>
         <wf lemma="." pos="X">.</wf>
      </sentence>
      <sentence id="d000.s4300" source="wordnet-dutch">
         <wf lemma="het" pos="X">het</wf>
         <wf lemma="orkest" pos="X">orkest</wf>
         <instance id="d000.s4300.t000" lemma="concerteren" pos="VERB">concerteerde</instance>
         <wf lemma="onder" pos="X">onder</wf>
         <wf lemma="leiding" pos="X">leiding</wf>
         <wf lemma="van" pos="X">van</wf>
         <wf lemma="een" pos="X">een</wf>
         <wf lemma="beroemd" pos="X">beroemd</wf>
         <wf lemma="dirigent" pos="X">dirigent</wf>
         <wf lemma="." pos="X">.</wf>
      </sentence>
      <sentence id="d000.s4301" source="wordnet-dutch">
         <wf lemma="roken" pos="X">roken</wf>
         <wf lemma="veroorzaakt" pos="X">veroorzaakt</wf>
         <wf lemma="een" pos="X">een</wf>
         <instance id="d000.s4301.t000" lemma="vernauwing" pos="NOUN">vernauwing</instance>
         <wf lemma="van" pos="X">van</wf>
         <wf lemma="de" pos="X">de</wf>
         <wf lemma="bloedvaten" pos="X">bloedvaten</wf>
         <wf lemma="." pos="X">.</wf>
      </sentence>
      <sentence id="d000.s4302" source="wordnet-dutch">
         <wf lemma="als" pos="X">als</wf>
         <wf lemma="hij" pos="X">hij</wf>
         <wf lemma="zich" pos="X">zich</wf>
         <wf lemma="maar" pos="X">maar</wf>
         <wf lemma="niets" pos="X">niets</wf>
         <instance id="d000.s4302.t000" lemma="aandoen" pos="VERB">aandoet</instance>
         <wf lemma="." pos="X">.</wf>
      </sentence>
      <sentence id="d000.s4303" source="wordnet-dutch">
         <wf lemma="dat" pos="X">dat</wf>
         <wf lemma="bracht" pos="X">bracht</wf>
         <wf lemma="hem" pos="X">hem</wf>
         <wf lemma="helemaal" pos="X">helemaal</wf>
         <wf lemma="in" pos="X">in</wf>
         <instance id="d000.s4303.t000" lemma="verrukking" pos="NOUN">verrukking</instance>
         <wf lemma="." pos="X">.</wf>
      </sentence>
      <sentence id="d000.s4304" source="wordnet-dutch">
         <wf lemma="het" pos="X">het</wf>
         <wf lemma="aantal" pos="X">aantal</wf>
         <wf lemma="medewerkers" pos="X">medewerkers</wf>
         <wf lemma="wordt" pos="X">wordt</wf>
         <instance id="d000.s4304.t000" lemma="terugbrengen" pos="VERB">teruggebracht</instance>
         <wf lemma="tot" pos="X">tot</wf>
         <wf lemma="de" pos="X">de</wf>
         <wf lemma="helft" pos="X">helft</wf>
         <wf lemma="." pos="X">.</wf>
      </sentence>
      <sentence id="d000.s4305" source="wordnet-dutch">
         <wf lemma="ook" pos="X">ook</wf>
         <wf lemma="kleinverbruikers" pos="X">kleinverbruikers</wf>
         <wf lemma="zullen" pos="X">zullen</wf>
         <wf lemma="een" pos="X">een</wf>
         <instance id="d000.s4305.t000" lemma="heffing" pos="NOUN">heffing</instance>
         <wf lemma="moeten" pos="X">moeten</wf>
         <wf lemma="gaan" pos="X">gaan</wf>
         <wf lemma="betalen" pos="X">betalen</wf>
         <wf lemma="." pos="X">.</wf>
      </sentence>
      <sentence id="d000.s4306" source="wordnet-dutch">
         <wf lemma="zij" pos="X">zij</wf>
         <wf lemma="kan" pos="X">kan</wf>
         <wf lemma="het" pos="X">het</wf>
         <wf lemma="niet" pos="X">niet</wf>
         <instance id="d000.s4306.t000" lemma="goedkeuren" pos="VERB">goedkeuren</instance>
         <wf lemma="dat" pos="X">dat</wf>
         <wf lemma="de" pos="X">de</wf>
         <wf lemma="leerling" pos="X">leerling</wf>
         <wf lemma="het" pos="X">het</wf>
         <wf lemma="werkstuk" pos="X">werkstuk</wf>
         <wf lemma="nog" pos="X">nog</wf>
         <wf lemma="steeds" pos="X">steeds</wf>
         <wf lemma="niet" pos="X">niet</wf>
         <wf lemma="heeft" pos="X">heeft</wf>
         <wf lemma="ingeleverd" pos="X">ingeleverd</wf>
         <wf lemma="." pos="X">.</wf>
      </sentence>
      <sentence id="d000.s4307" source="wordnet-dutch">
         <wf lemma="voor" pos="X">voor</wf>
         <wf lemma="die" pos="X">die</wf>
         <instance id="d000.s4307.t000" lemma="gelegenheid" pos="NOUN">gelegenheid</instance>
         <wf lemma="draag" pos="X">draag</wf>
         <wf lemma="ik" pos="X">ik</wf>
         <wf lemma="een" pos="X">een</wf>
         <wf lemma="rokkostuum" pos="X">rokkostuum</wf>
         <wf lemma="." pos="X">.</wf>
      </sentence>
      <sentence id="d000.s4308" source="wordnet-dutch">
         <wf lemma="hij" pos="X">hij</wf>
         <wf lemma="probeerde" pos="X">probeerde</wf>
         <wf lemma="zijn" pos="X">zijn</wf>
         <wf lemma="gedrag" pos="X">gedrag</wf>
         <wf lemma="van" pos="X">van</wf>
         <wf lemma="gisteren" pos="X">gisteren</wf>
         <wf lemma="te" pos="X">te</wf>
         <instance id="d000.s4308.t000" lemma="vergoelijken" pos="VERB">vergoelijken</instance>
         <wf lemma="door" pos="X">door</wf>
         <wf lemma="erop" pos="X">erop</wf>
         <wf lemma="te" pos="X">te</wf>
         <wf lemma="wijzen" pos="X">wijzen</wf>
         <wf lemma="dat" pos="X">dat</wf>
         <wf lemma="hij" pos="X">hij</wf>
         <wf lemma="te" pos="X">te</wf>
         <wf lemma="veel" pos="X">veel</wf>
         <wf lemma="had" pos="X">had</wf>
         <wf lemma="gedronken" pos="X">gedronken</wf>
         <wf lemma="." pos="X">.</wf>
      </sentence>
      <sentence id="d000.s4309" source="wordnet-dutch">
         <wf lemma="ik" pos="X">ik</wf>
         <wf lemma="kan" pos="X">kan</wf>
         <wf lemma="zijn" pos="X">zijn</wf>
         <wf lemma="gedrag" pos="X">gedrag</wf>
         <wf lemma="niet" pos="X">niet</wf>
         <instance id="d000.s4309.t000" lemma="gedogen" pos="VERB">gedogen</instance>
         <wf lemma="." pos="X">.</wf>
      </sentence>
      <sentence id="d000.s4310" source="wordnet-dutch">
         <wf lemma="een" pos="X">een</wf>
         <wf lemma="gevaarlijke" pos="X">gevaarlijke</wf>
         <instance id="d000.s4310.t000" lemma="buurt" pos="NOUN">buurt</instance>
         <wf lemma="in" pos="X">in</wf>
         <wf lemma="de" pos="X">de</wf>
         <wf lemma="hoofdstad" pos="X">hoofdstad</wf>
         <wf lemma="." pos="X">.</wf>
      </sentence>
      <sentence id="d000.s4311" source="wordnet-dutch">
         <wf lemma="een" pos="X">een</wf>
         <instance id="d000.s4311.t000" lemma="hogedrukgebied" pos="NOUN">hogedrukgebied</instance>
         <wf lemma="boven" pos="X">boven</wf>
         <wf lemma="Scandinavië" pos="X">Scandinavië</wf>
         <wf lemma="bepaalt" pos="X">bepaalt</wf>
         <wf lemma="momenteel" pos="X">momenteel</wf>
         <wf lemma="ons" pos="X">ons</wf>
         <wf lemma="weer" pos="X">weer</wf>
         <wf lemma="." pos="X">.</wf>
      </sentence>
      <sentence id="d000.s4312" source="wordnet-dutch">
         <wf lemma="de" pos="X">de</wf>
         <wf lemma="twee" pos="X">twee</wf>
         <wf lemma="broers" pos="X">broers</wf>
         <wf lemma="leven" pos="X">leven</wf>
         <wf lemma="sinds" pos="X">sinds</wf>
         <wf lemma="hun" pos="X">hun</wf>
         <wf lemma="jeugd" pos="X">jeugd</wf>
         <wf lemma="in" pos="X">in</wf>
         <instance id="d000.s4312.t000" lemma="vijandschap" pos="NOUN">vijandschap</instance>
         <wf lemma="." pos="X">.</wf>
      </sentence>
      <sentence id="d000.s4313" source="wordnet-dutch">
         <wf lemma="kun" pos="X">kun</wf>
         <wf lemma="jij" pos="X">jij</wf>
         <wf lemma="een" pos="X">een</wf>
         <wf lemma="stoel" pos="X">stoel</wf>
         <instance id="d000.s4313.t000" lemma="vrijhouden" pos="VERB">vrijhouden</instance>
         <wf lemma="," pos="X">,</wf>
         <wf lemma="dan" pos="X">dan</wf>
         <wf lemma="ga" pos="X">ga</wf>
         <wf lemma="ik" pos="X">ik</wf>
         <wf lemma="even" pos="X">even</wf>
         <wf lemma="naar" pos="X">naar</wf>
         <wf lemma="de" pos="X">de</wf>
         <wf lemma="wc." pos="X">wc.</wf>
      </sentence>
      <sentence id="d000.s4314" source="wordnet-dutch">
         <wf lemma="het" pos="X">het</wf>
         <wf lemma="boekje" pos="X">boekje</wf>
         <wf lemma="is" pos="X">is</wf>
         <wf lemma="nu" pos="X">nu</wf>
         <wf lemma="geheel" pos="X">geheel</wf>
         <instance id="d000.s4314.t000" lemma="actualiseren" pos="VERB">geactualiseerd</instance>
         <wf lemma="en" pos="X">en</wf>
         <wf lemma="ligt" pos="X">ligt</wf>
         <wf lemma="voor" pos="X">voor</wf>
         <wf lemma="vijftien" pos="X">vijftien</wf>
         <wf lemma="gulden" pos="X">gulden</wf>
         <wf lemma="in" pos="X">in</wf>
         <wf lemma="de" pos="X">de</wf>
         <wf lemma="winkel" pos="X">winkel</wf>
         <wf lemma="." pos="X">.</wf>
      </sentence>
      <sentence id="d000.s4315" source="wordnet-dutch">
         <wf lemma="ik" pos="X">ik</wf>
         <wf lemma="neem" pos="X">neem</wf>
         <wf lemma="de" pos="X">de</wf>
         <wf lemma="volledige" pos="X">volledige</wf>
         <instance id="d000.s4315.t000" lemma="verantwoordelijkheid" pos="NOUN">verantwoordelijkheid</instance>
         <wf lemma="op" pos="X">op</wf>
         <wf lemma="me." pos="X">me.</wf>
      </sentence>
      <sentence id="d000.s4316" source="wordnet-dutch">
         <wf lemma="om" pos="X">om</wf>
         <instance id="d000.s4316.t000" lemma="beurt" pos="NOUN">beurten</instance>
         <wf lemma="zingen" pos="X">zingen</wf>
         <wf lemma="we" pos="X">we</wf>
         <wf lemma="één" pos="X">één</wf>
         <wf lemma="regel" pos="X">regel</wf>
         <wf lemma="." pos="X">.</wf>
      </sentence>
      <sentence id="d000.s4317" source="wordnet-dutch">
         <wf lemma="de" pos="X">de</wf>
         <wf lemma="stakende" pos="X">stakende</wf>
         <wf lemma="spoorwegwerkers" pos="X">spoorwegwerkers</wf>
         <instance id="d000.s4317.t000" lemma="stremmen" pos="VERB">stremden</instance>
         <wf lemma="de" pos="X">de</wf>
         <wf lemma="verbinding" pos="X">verbinding</wf>
         <wf lemma="met" pos="X">met</wf>
         <wf lemma="Kortrijk" pos="X">Kortrijk</wf>
         <wf lemma="." pos="X">.</wf>
      </sentence>
      <sentence id="d000.s4318" source="wordnet-dutch">
         <wf lemma="wat" pos="X">wat</wf>
         <wf lemma="is" pos="X">is</wf>
         <wf lemma="uw" pos="X">uw</wf>
         <instance id="d000.s4318.t000" lemma="bron" pos="NOUN">bron</instance>
         <wf lemma="van" pos="X">van</wf>
         <wf lemma="inkomsten" pos="X">inkomsten</wf>
         <wf lemma="?" pos="X">?</wf>
      </sentence>
      <sentence id="d000.s4319" source="wordnet-dutch">
         <wf lemma="Als" pos="X">Als</wf>
         <wf lemma="het" pos="X">het</wf>
         <instance id="d000.s4319.t000" lemma="filter" pos="NOUN">filter</instance>
         <wf lemma="niet" pos="X">niet</wf>
         <wf lemma="goed" pos="X">goed</wf>
         <wf lemma="is" pos="X">is</wf>
         <wf lemma="afgesteld" pos="X">afgesteld</wf>
         <wf lemma="dan" pos="X">dan</wf>
         <wf lemma="komt" pos="X">komt</wf>
         <wf lemma="het" pos="X">het</wf>
         <wf lemma="signaal" pos="X">signaal</wf>
         <wf lemma="niet" pos="X">niet</wf>
         <wf lemma="goed" pos="X">goed</wf>
         <wf lemma="door" pos="X">door</wf>
         <wf lemma="." pos="X">.</wf>
      </sentence>
      <sentence id="d000.s4320" source="wordnet-dutch">
         <wf lemma="Doe" pos="X">Doe</wf>
         <wf lemma="even" pos="X">even</wf>
         <wf lemma="wat" pos="X">wat</wf>
         <instance id="d000.s4320.t000" lemma="jood" pos="NOUN">jood</instance>
         <wf lemma="op" pos="X">op</wf>
         <wf lemma="die" pos="X">die</wf>
         <wf lemma="wond" pos="X">wond</wf>
         <wf lemma="om" pos="X">om</wf>
         <wf lemma="het" pos="X">het</wf>
         <wf lemma="te" pos="X">te</wf>
         <wf lemma="ontsmetten" pos="X">ontsmetten</wf>
         <wf lemma="." pos="X">.</wf>
      </sentence>
      <sentence id="d000.s4321" source="wordnet-dutch">
         <wf lemma="ze" pos="X">ze</wf>
         <wf lemma="werd" pos="X">werd</wf>
         <wf lemma="door" pos="X">door</wf>
         <wf lemma="ontroering" pos="X">ontroering</wf>
         <instance id="d000.s4321.t000" lemma="overweldigen" pos="VERB">overweldigd</instance>
         <wf lemma="." pos="X">.</wf>
      </sentence>
      <sentence id="d000.s4322" source="wordnet-dutch">
         <wf lemma="om" pos="X">om</wf>
         <wf lemma="je" pos="X">je</wf>
         <wf lemma="de" pos="X">de</wf>
         <instance id="d000.s4322.t000" lemma="waarheid" pos="NOUN">waarheid</instance>
         <wf lemma="te" pos="X">te</wf>
         <wf lemma="zeggen" pos="X">zeggen</wf>
         <wf lemma="," pos="X">,</wf>
         <wf lemma="die" pos="X">die</wf>
         <wf lemma="jurk" pos="X">jurk</wf>
         <wf lemma="staat" pos="X">staat</wf>
         <wf lemma="je" pos="X">je</wf>
         <wf lemma="niet" pos="X">niet</wf>
         <wf lemma="." pos="X">.</wf>
      </sentence>
      <sentence id="d000.s4323" source="wordnet-dutch">
         <wf lemma="hij" pos="X">hij</wf>
         <instance id="d000.s4323.t000" lemma="onderscheiden" pos="VERB">onderscheidt</instance>
         <wf lemma="zich" pos="X">zich</wf>
         <wf lemma="(" pos="X">(</wf>
         <wf lemma="van" pos="X">van</wf>
         <wf lemma="anderen" pos="X">anderen</wf>
         <wf lemma=")" pos="X">)</wf>
         <wf lemma="door" pos="X">door</wf>
         <wf lemma="zijn" pos="X">zijn</wf>
         <wf lemma="doorzettingsvermogen/werklust" pos="X">doorzettingsvermogen/werklust</wf>
         <wf lemma="." pos="X">.</wf>
      </sentence>
      <sentence id="d000.s4324" source="wordnet-dutch">
         <wf lemma="dat" pos="X">dat</wf>
         <wf lemma="zal" pos="X">zal</wf>
         <wf lemma="hem" pos="X">hem</wf>
         <wf lemma="de" pos="X">de</wf>
         <wf lemma="lust" pos="X">lust</wf>
         <instance id="d000.s4324.t000" lemma="ontnemen" pos="VERB">ontnemen</instance>
         <wf lemma="nog" pos="X">nog</wf>
         <wf lemma="meer" pos="X">meer</wf>
         <wf lemma="onheil" pos="X">onheil</wf>
         <wf lemma="aan" pos="X">aan</wf>
         <wf lemma="te" pos="X">te</wf>
         <wf lemma="richten" pos="X">richten</wf>
         <wf lemma="!" pos="X">!</wf>
      </sentence>
      <sentence id="d000.s4325" source="wordnet-dutch">
         <wf lemma="hij" pos="X">hij</wf>
         <instance id="d000.s4325.t000" lemma="bezwijken" pos="VERB">bezweek</instance>
         <wf lemma="voor" pos="X">voor</wf>
         <wf lemma="de" pos="X">de</wf>
         <wf lemma="druk" pos="X">druk</wf>
         <wf lemma="van" pos="X">van</wf>
         <wf lemma="de" pos="X">de</wf>
         <wf lemma="publiek" pos="X">publiek</wf>
         <wf lemma="opinie" pos="X">opinie</wf>
         <wf lemma="." pos="X">.</wf>
      </sentence>
      <sentence id="d000.s4326" source="wordnet-dutch">
         <wf lemma="op" pos="X">op</wf>
         <wf lemma="die" pos="X">die</wf>
         <wf lemma="manier" pos="X">manier</wf>
         <wf lemma="probeerde" pos="X">probeerde</wf>
         <wf lemma="hij" pos="X">hij</wf>
         <wf lemma="zich" pos="X">zich</wf>
         <wf lemma="te" pos="X">te</wf>
         <instance id="d000.s4326.t000" lemma="ontdoen" pos="VERB">ontdoen</instance>
         <wf lemma="van" pos="X">van</wf>
         <wf lemma="deze" pos="X">deze</wf>
         <wf lemma="last" pos="X">last</wf>
         <wf lemma="." pos="X">.</wf>
      </sentence>
      <sentence id="d000.s4327" source="wordnet-dutch">
         <wf lemma="ze" pos="X">ze</wf>
         <wf lemma="had" pos="X">had</wf>
         <wf lemma="mooie" pos="X">mooie</wf>
         <instance id="d000.s4327.t000" lemma="herinnering" pos="NOUN">herinneringen</instance>
         <wf lemma="aan" pos="X">aan</wf>
         <wf lemma="die" pos="X">die</wf>
         <wf lemma="vakantie" pos="X">vakantie</wf>
         <wf lemma="in" pos="X">in</wf>
         <wf lemma="Lugano" pos="X">Lugano</wf>
         <wf lemma="." pos="X">.</wf>
      </sentence>
      <sentence id="d000.s4328" source="wordnet-dutch">
         <wf lemma="onder" pos="X">onder</wf>
         <instance id="d000.s4328.t000" lemma="protest" pos="NOUN">protest</instance>
         <wf lemma="werd" pos="X">werd</wf>
         <wf lemma="het" pos="X">het</wf>
         <wf lemma="werk" pos="X">werk</wf>
         <wf lemma="hervat" pos="X">hervat</wf>
         <wf lemma="." pos="X">.</wf>
      </sentence>
      <sentence id="d000.s4329" source="wordnet-dutch">
         <wf lemma="de" pos="X">de</wf>
         <wf lemma="renner" pos="X">renner</wf>
         <wf lemma="uit" pos="X">uit</wf>
         <wf lemma="de" pos="X">de</wf>
         <wf lemma="ploeg" pos="X">ploeg</wf>
         <wf lemma="van" pos="X">van</wf>
         <wf lemma="Raas" pos="X">Raas</wf>
         <instance id="d000.s4329.t000" lemma="prolongeren" pos="VERB">prolongeerde</instance>
         <wf lemma="daarmee" pos="X">daarmee</wf>
         <wf lemma="zijn" pos="X">zijn</wf>
         <wf lemma="titel" pos="X">titel</wf>
         <wf lemma="." pos="X">.</wf>
      </sentence>
      <sentence id="d000.s4330" source="wordnet-dutch">
         <wf lemma="t-shirts" pos="X">t-shirts</wf>
         <wf lemma="in" pos="X">in</wf>
         <wf lemma="het" pos="X">het</wf>
         <instance id="d000.s4330.t000" lemma="goud" pos="NOUN">goud</instance>
         <wf lemma="." pos="X">.</wf>
      </sentence>
      <sentence id="d000.s4331" source="wordnet-dutch">
         <wf lemma="hij" pos="X">hij</wf>
         <wf lemma="heeft" pos="X">heeft</wf>
         <wf lemma="de" pos="X">de</wf>
         <wf lemma="taart" pos="X">taart</wf>
         <wf lemma="in" pos="X">in</wf>
         <wf lemma="zes" pos="X">zes</wf>
         <wf lemma="gelijke" pos="X">gelijke</wf>
         <wf lemma="stukken" pos="X">stukken</wf>
         <instance id="d000.s4331.t000" lemma="verdelen" pos="VERB">verdeeld</instance>
         <wf lemma="." pos="X">.</wf>
      </sentence>
      <sentence id="d000.s4332" source="wordnet-dutch">
         <wf lemma="de" pos="X">de</wf>
         <wf lemma="Europese" pos="X">Europese</wf>
         <wf lemma="Gemeenschap" pos="X">Gemeenschap</wf>
         <wf lemma="heeft" pos="X">heeft</wf>
         <wf lemma="zijn" pos="X">zijn</wf>
         <wf lemma="diepe" pos="X">diepe</wf>
         <instance id="d000.s4332.t000" lemma="afschuw" pos="NOUN">afschuw</instance>
         <wf lemma="over" pos="X">over</wf>
         <wf lemma="de" pos="X">de</wf>
         <wf lemma="moord" pos="X">moord</wf>
         <wf lemma="uitgesproken" pos="X">uitgesproken</wf>
         <wf lemma="." pos="X">.</wf>
      </sentence>
      <sentence id="d000.s4333" source="wordnet-dutch">
         <instance id="d000.s4333.t000" lemma="katoen" pos="NOUN">Katoen</instance>
         <wf lemma="is" pos="X">is</wf>
         <wf lemma="een" pos="X">een</wf>
         <wf lemma="belangrijk" pos="X">belangrijk</wf>
         <wf lemma="gewas" pos="X">gewas</wf>
         <wf lemma="voor" pos="X">voor</wf>
         <wf lemma="de" pos="X">de</wf>
         <wf lemma="boeren" pos="X">boeren</wf>
         <wf lemma="in" pos="X">in</wf>
         <wf lemma="dit" pos="X">dit</wf>
         <wf lemma="land" pos="X">land</wf>
         <wf lemma="." pos="X">.</wf>
      </sentence>
      <sentence id="d000.s4334" source="wordnet-dutch">
         <wf lemma="in" pos="X">in</wf>
         <wf lemma="deze" pos="X">deze</wf>
         <wf lemma="film" pos="X">film</wf>
         <instance id="d000.s4334.t000" lemma="parodiëren" pos="VERB">parodieert</instance>
         <wf lemma="de" pos="X">de</wf>
         <wf lemma="regisseur" pos="X">regisseur</wf>
         <wf lemma="de" pos="X">de</wf>
         <wf lemma="klassieke" pos="X">klassieke</wf>
         <wf lemma="gangsterfilm" pos="X">gangsterfilm</wf>
         <wf lemma="uit" pos="X">uit</wf>
         <wf lemma="de" pos="X">de</wf>
         <wf lemma="jaren" pos="X">jaren</wf>
         <wf lemma="vijftig" pos="X">vijftig</wf>
         <wf lemma="." pos="X">.</wf>
      </sentence>
      <sentence id="d000.s4335" source="wordnet-dutch">
         <wf lemma="het" pos="X">het</wf>
         <wf lemma="vergaan" pos="X">vergaan</wf>
         <wf lemma="van" pos="X">van</wf>
         <wf lemma="het" pos="X">het</wf>
         <wf lemma="vrachtschip" pos="X">vrachtschip</wf>
         <wf lemma="leverde" pos="X">leverde</wf>
         <wf lemma="de" pos="X">de</wf>
         <wf lemma="reder" pos="X">reder</wf>
         <wf lemma="een" pos="X">een</wf>
         <wf lemma="flinke" pos="X">flinke</wf>
         <instance id="d000.s4335.t000" lemma="schadepost" pos="NOUN">schadepost</instance>
         <wf lemma="op" pos="X">op</wf>
         <wf lemma="." pos="X">.</wf>
      </sentence>
      <sentence id="d000.s4336" source="wordnet-dutch">
         <wf lemma="onder" pos="X">onder</wf>
         <wf lemma="zware" pos="X">zware</wf>
         <wf lemma="druk" pos="X">druk</wf>
         <instance id="d000.s4336.t000" lemma="bezwijken" pos="VERB">bezweek</instance>
         <wf lemma="hij" pos="X">hij</wf>
         <wf lemma="en" pos="X">en</wf>
         <wf lemma="verraadde" pos="X">verraadde</wf>
         <wf lemma="hij" pos="X">hij</wf>
         <wf lemma="zijn" pos="X">zijn</wf>
         <wf lemma="makkers" pos="X">makkers</wf>
         <wf lemma="." pos="X">.</wf>
      </sentence>
      <sentence id="d000.s4337" source="wordnet-dutch">
         <wf lemma="Het" pos="X">Het</wf>
         <instance id="d000.s4337.t000" lemma="verloop" pos="NOUN">verloop</instance>
         <wf lemma="van" pos="X">van</wf>
         <wf lemma="de" pos="X">de</wf>
         <wf lemma="badplaats" pos="X">badplaats</wf>
         <wf lemma="nam" pos="X">nam</wf>
         <wf lemma="alleen" pos="X">alleen</wf>
         <wf lemma="maar" pos="X">maar</wf>
         <wf lemma="toe" pos="X">toe</wf>
         <wf lemma="." pos="X">.</wf>
      </sentence>
      <sentence id="d000.s4338" source="wordnet-dutch">
         <wf lemma="de" pos="X">de</wf>
         <wf lemma="poes" pos="X">poes</wf>
         <wf lemma="durft" pos="X">durft</wf>
         <wf lemma="niet" pos="X">niet</wf>
         <wf lemma="te" pos="X">te</wf>
         <wf lemma="springen" pos="X">springen</wf>
         <wf lemma="," pos="X">,</wf>
         <wf lemma="hij" pos="X">hij</wf>
         <wf lemma="loopt" pos="X">loopt</wf>
         <wf lemma="al" pos="X">al</wf>
         <wf lemma="de" pos="X">de</wf>
         <wf lemma="hele" pos="X">hele</wf>
         <wf lemma="dag" pos="X">dag</wf>
         <wf lemma="in/door" pos="X">in/door</wf>
         <wf lemma="de" pos="X">de</wf>
         <instance id="d000.s4338.t000" lemma="dakgoot" pos="NOUN">dakgoot</instance>
         <wf lemma="." pos="X">.</wf>
      </sentence>
      <sentence id="d000.s4339" source="wordnet-dutch">
         <wf lemma="land" pos="X">land</wf>
         <wf lemma="in" pos="X">in</wf>
         <instance id="d000.s4339.t000" lemma="perceel" pos="NOUN">percelen</instance>
         <wf lemma="verhuren" pos="X">verhuren</wf>
         <wf lemma="." pos="X">.</wf>
      </sentence>
      <sentence id="d000.s4340" source="wordnet-dutch">
         <wf lemma="de" pos="X">de</wf>
         <wf lemma="directeur" pos="X">directeur</wf>
         <wf lemma="kan" pos="X">kan</wf>
         <wf lemma="vandaag" pos="X">vandaag</wf>
         <wf lemma="niet" pos="X">niet</wf>
         <instance id="d000.s4340.t000" lemma="ontvangen" pos="VERB">ontvangen</instance>
         <wf lemma="." pos="X">.</wf>
      </sentence>
      <sentence id="d000.s4341" source="wordnet-dutch">
         <wf lemma="Jantje" pos="X">Jantje</wf>
         <wf lemma="is" pos="X">is</wf>
         <wf lemma="zo" pos="X">zo</wf>
         <wf lemma="slordig" pos="X">slordig</wf>
         <wf lemma="," pos="X">,</wf>
         <wf lemma="hij" pos="X">hij</wf>
         <wf lemma="heeft" pos="X">heeft</wf>
         <wf lemma="z'n" pos="X">z'n</wf>
         <wf lemma="nieuwe" pos="X">nieuwe</wf>
         <wf lemma="speelgoed" pos="X">speelgoed</wf>
         <wf lemma="alweer" pos="X">alweer</wf>
         <instance id="d000.s4341.t000" lemma="wegmaken" pos="VERB">weggemaakt</instance>
         <wf lemma="." pos="X">.</wf>
      </sentence>
      <sentence id="d000.s4342" source="wordnet-dutch">
         <wf lemma="in" pos="X">in</wf>
         <wf lemma="deze" pos="X">deze</wf>
         <wf lemma="stad" pos="X">stad</wf>
         <wf lemma="kan" pos="X">kan</wf>
         <wf lemma="je" pos="X">je</wf>
         <wf lemma="je" pos="X">je</wf>
         <wf lemma="moeilijk" pos="X">moeilijk</wf>
         <instance id="d000.s4342.t000" lemma="oriënteren" pos="VERB">oriënteren</instance>
         <wf lemma="," pos="X">,</wf>
         <wf lemma="want" pos="X">want</wf>
         <wf lemma="alle" pos="X">alle</wf>
         <wf lemma="straten" pos="X">straten</wf>
         <wf lemma="lijken" pos="X">lijken</wf>
         <wf lemma="sterk" pos="X">sterk</wf>
         <wf lemma="op" pos="X">op</wf>
         <wf lemma="elkaar" pos="X">elkaar</wf>
         <wf lemma="." pos="X">.</wf>
      </sentence>
      <sentence id="d000.s4343" source="wordnet-dutch">
         <wf lemma="bij" pos="X">bij</wf>
         <instance id="d000.s4343.t000" lemma="verhindering" pos="NOUN">verhindering</instance>
         <wf lemma="gelieve" pos="X">gelieve</wf>
         <wf lemma="bericht" pos="X">bericht</wf>
         <wf lemma="te" pos="X">te</wf>
         <wf lemma="zenden" pos="X">zenden</wf>
         <wf lemma="." pos="X">.</wf>
      </sentence>
      <sentence id="d000.s4344" source="wordnet-dutch">
         <wf lemma="waar" pos="X">waar</wf>
         <wf lemma="staat" pos="X">staat</wf>
         <wf lemma="je" pos="X">je</wf>
         <instance id="d000.s4344.t000" lemma="tent" pos="NOUN">tent</instance>
         <wf lemma="?" pos="X">?</wf>
      </sentence>
      <sentence id="d000.s4345" source="wordnet-dutch">
         <wf lemma="hou" pos="X">hou</wf>
         <wf lemma="op" pos="X">op</wf>
         <wf lemma="," pos="X">,</wf>
         <wf lemma="je" pos="X">je</wf>
         <instance id="d000.s4345.t000" lemma="bezeren" pos="VERB">bezeert</instance>
         <wf lemma="me" pos="X">me</wf>
         <wf lemma="!" pos="X">!</wf>
      </sentence>
      <sentence id="d000.s4346" source="wordnet-dutch">
         <wf lemma="het" pos="X">het</wf>
         <wf lemma="is" pos="X">is</wf>
         <wf lemma="verboden" pos="X">verboden</wf>
         <wf lemma="de" pos="X">de</wf>
         <instance id="d000.s4346.t000" lemma="bouw" pos="NOUN">bouw</instance>
         <wf lemma="zonder" pos="X">zonder</wf>
         <wf lemma="helm" pos="X">helm</wf>
         <wf lemma="te" pos="X">te</wf>
         <wf lemma="betreden" pos="X">betreden</wf>
         <wf lemma="." pos="X">.</wf>
      </sentence>
      <sentence id="d000.s4347" source="wordnet-dutch">
         <wf lemma="in" pos="X">in</wf>
         <wf lemma="de" pos="X">de</wf>
         <instance id="d000.s4347.t000" lemma="schemering" pos="NOUN">schemering</instance>
         <wf lemma="zeilden" pos="X">zeilden</wf>
         <wf lemma="we" pos="X">we</wf>
         <wf lemma="de" pos="X">de</wf>
         <wf lemma="haven" pos="X">haven</wf>
         <wf lemma="in" pos="X">in</wf>
         <wf lemma="." pos="X">.</wf>
      </sentence>
      <sentence id="d000.s4348" source="wordnet-dutch">
         <wf lemma="op" pos="X">op</wf>
         <wf lemma="de" pos="X">de</wf>
         <wf lemma="piekuren" pos="X">piekuren</wf>
         <instance id="d000.s4348.t000" lemma="krioelen" pos="VERB">krioelt</instance>
         <wf lemma="het" pos="X">het</wf>
         <wf lemma="in" pos="X">in</wf>
         <wf lemma="dit" pos="X">dit</wf>
         <wf lemma="station" pos="X">station</wf>
         <wf lemma="van" pos="X">van</wf>
         <wf lemma="de" pos="X">de</wf>
         <wf lemma="mensen" pos="X">mensen</wf>
         <wf lemma="." pos="X">.</wf>
      </sentence>
      <sentence id="d000.s4349" source="wordnet-dutch">
         <wf lemma="in" pos="X">in</wf>
         <instance id="d000.s4349.t000" lemma="afwijking" pos="NOUN">afwijking</instance>
         <wf lemma="van" pos="X">van</wf>
         <wf lemma="wat" pos="X">wat</wf>
         <wf lemma="aangekondigd" pos="X">aangekondigd</wf>
         <wf lemma="was" pos="X">was</wf>
         <wf lemma="treden" pos="X">treden</wf>
         <wf lemma="nu" pos="X">nu</wf>
         <wf lemma="eerst" pos="X">eerst</wf>
         <wf lemma="Gert" pos="X">Gert</wf>
         <wf lemma="en" pos="X">en</wf>
         <wf lemma="Hermien" pos="X">Hermien</wf>
         <wf lemma="op" pos="X">op</wf>
         <wf lemma="." pos="X">.</wf>
      </sentence>
      <sentence id="d000.s4350" source="wordnet-dutch">
         <wf lemma="ondanks" pos="X">ondanks</wf>
         <wf lemma="alle" pos="X">alle</wf>
         <wf lemma="tekenen" pos="X">tekenen</wf>
         <wf lemma="aan" pos="X">aan</wf>
         <wf lemma="de" pos="X">de</wf>
         <wf lemma="wand" pos="X">wand</wf>
         <wf lemma="," pos="X">,</wf>
         <wf lemma="had" pos="X">had</wf>
         <wf lemma="hij" pos="X">hij</wf>
         <wf lemma="nog" pos="X">nog</wf>
         <wf lemma="steeds" pos="X">steeds</wf>
         <wf lemma="geen" pos="X">geen</wf>
         <instance id="d000.s4350.t000" lemma="argwaan" pos="NOUN">argwaan</instance>
         <wf lemma="." pos="X">.</wf>
      </sentence>
      <sentence id="d000.s4351" source="wordnet-dutch">
         <wf lemma="PIN" pos="X">PIN</wf>
         <instance id="d000.s4351.t000" lemma="code" pos="NOUN">code</instance>
         <wf lemma="." pos="X">.</wf>
      </sentence>
      <sentence id="d000.s4352" source="wordnet-dutch">
         <wf lemma="er" pos="X">er</wf>
         <wf lemma="is" pos="X">is</wf>
         <wf lemma="geprobeerd" pos="X">geprobeerd</wf>
         <wf lemma="de" pos="X">de</wf>
         <wf lemma="onrust" pos="X">onrust</wf>
         <wf lemma="in" pos="X">in</wf>
         <wf lemma="de" pos="X">de</wf>
         <instance id="d000.s4352.t000" lemma="bouwsector" pos="NOUN">bouwsector</instance>
         <wf lemma="weg" pos="X">weg</wf>
         <wf lemma="te" pos="X">te</wf>
         <wf lemma="nemen" pos="X">nemen</wf>
         <wf lemma="." pos="X">.</wf>
      </sentence>
      <sentence id="d000.s4353" source="wordnet-dutch">
         <wf lemma="hij" pos="X">hij</wf>
         <instance id="d000.s4353.t000" lemma="parodiëren" pos="VERB">parodieert</instance>
         <wf lemma="graag" pos="X">graag</wf>
         <wf lemma="de" pos="X">de</wf>
         <wf lemma="bekende" pos="X">bekende</wf>
         <wf lemma="zanger" pos="X">zanger</wf>
         <wf lemma="Michael" pos="X">Michael</wf>
         <wf lemma="Jackson" pos="X">Jackson</wf>
         <wf lemma="." pos="X">.</wf>
      </sentence>
      <sentence id="d000.s4354" source="wordnet-dutch">
         <wf lemma="op" pos="X">op</wf>
         <wf lemma="4" pos="X">4</wf>
         <wf lemma="mei" pos="X">mei</wf>
         <wf lemma="leggen" pos="X">leggen</wf>
         <wf lemma="Claus" pos="X">Claus</wf>
         <wf lemma="en" pos="X">en</wf>
         <wf lemma="Beatrix" pos="X">Beatrix</wf>
         <wf lemma="een" pos="X">een</wf>
         <instance id="d000.s4354.t000" lemma="krans" pos="NOUN">krans</instance>
         <wf lemma="op" pos="X">op</wf>
         <wf lemma="de" pos="X">de</wf>
         <wf lemma="Dam." pos="X">Dam.</wf>
      </sentence>
      <sentence id="d000.s4355" source="wordnet-dutch">
         <wf lemma="kun" pos="X">kun</wf>
         <wf lemma="jij" pos="X">jij</wf>
         <wf lemma="mijn" pos="X">mijn</wf>
         <wf lemma="fiets" pos="X">fiets</wf>
         <instance id="d000.s4355.t000" lemma="repareren" pos="VERB">repareren</instance>
         <wf lemma="?" pos="X">?</wf>
      </sentence>
      <sentence id="d000.s4356" source="wordnet-dutch">
         <wf lemma="zij" pos="X">zij</wf>
         <wf lemma="heeft" pos="X">heeft</wf>
         <wf lemma="haar" pos="X">haar</wf>
         <instance id="d000.s4356.t000" lemma="been" pos="NOUN">been</instance>
         <wf lemma="gebroken" pos="X">gebroken</wf>
         <wf lemma="tijdens" pos="X">tijdens</wf>
         <wf lemma="de" pos="X">de</wf>
         <wf lemma="wintersport" pos="X">wintersport</wf>
         <wf lemma="." pos="X">.</wf>
      </sentence>
      <sentence id="d000.s4357" source="wordnet-dutch">
         <wf lemma="mijn" pos="X">mijn</wf>
         <wf lemma="eis" pos="X">eis</wf>
         <wf lemma="is" pos="X">is</wf>
         <instance id="d000.s4357.t000" lemma="gronden" pos="VERB">gegrond</instance>
         <wf lemma="op" pos="X">op</wf>
         <wf lemma="door" pos="X">door</wf>
         <wf lemma="u" pos="X">u</wf>
         <wf lemma="gedane" pos="X">gedane</wf>
         <wf lemma="beloften" pos="X">beloften</wf>
         <wf lemma="." pos="X">.</wf>
      </sentence>
      <sentence id="d000.s4358" source="wordnet-dutch">
         <wf lemma="uit" pos="X">uit</wf>
         <wf lemma="de" pos="X">de</wf>
         <instance id="d000.s4358.t000" lemma="luidspreker" pos="NOUN">luidsprekers</instance>
         <wf lemma="klonk" pos="X">klonk</wf>
         <wf lemma="['" pos="X">['</wf>
         <wf lemma="Kom" pos="X">Kom</wf>
         <wf lemma="van" pos="X">van</wf>
         <wf lemma="dat" pos="X">dat</wf>
         <wf lemma="dak" pos="X">dak</wf>
         <wf lemma="af'/'O" pos="X">af'/'O</wf>
         <wf lemma="sole" pos="X">sole</wf>
         <wf lemma="mio']" pos="X">mio']</wf>
         <wf lemma="." pos="X">.</wf>
      </sentence>
      <sentence id="d000.s4359" source="wordnet-dutch">
         <wf lemma="de" pos="X">de</wf>
         <instance id="d000.s4359.t000" lemma="affaire" pos="NOUN">affaire</instance>
         <wf lemma="tussen" pos="X">tussen</wf>
         <wf lemma="Cruyff" pos="X">Cruyff</wf>
         <wf lemma="en" pos="X">en</wf>
         <wf lemma="voetbalclub" pos="X">voetbalclub</wf>
         <wf lemma="Barcelona" pos="X">Barcelona</wf>
         <wf lemma="heeft" pos="X">heeft</wf>
         <wf lemma="geleid" pos="X">geleid</wf>
         <wf lemma="tot" pos="X">tot</wf>
         <wf lemma="het" pos="X">het</wf>
         <wf lemma="ontslag" pos="X">ontslag</wf>
         <wf lemma="van" pos="X">van</wf>
         <wf lemma="Cruyff" pos="X">Cruyff</wf>
         <wf lemma="als" pos="X">als</wf>
         <wf lemma="coach" pos="X">coach</wf>
         <wf lemma="." pos="X">.</wf>
      </sentence>
      <sentence id="d000.s4360" source="wordnet-dutch">
         <wf lemma="het" pos="X">het</wf>
         <wf lemma="water" pos="X">water</wf>
         <wf lemma="bleef" pos="X">bleef</wf>
         <wf lemma="nog" pos="X">nog</wf>
         <instance id="d000.s4360.t000" lemma="rijzen" pos="VERB">rijzen</instance>
         <wf lemma="." pos="X">.</wf>
      </sentence>
      <sentence id="d000.s4361" source="wordnet-dutch">
         <wf lemma="als" pos="X">als</wf>
         <wf lemma="ware" pos="X">ware</wf>
         <instance id="d000.s4361.t000" lemma="held" pos="NOUN">helden</instance>
         <wf lemma="werden" pos="X">werden</wf>
         <wf lemma="ze" pos="X">ze</wf>
         <wf lemma="binnengehaald" pos="X">binnengehaald</wf>
         <wf lemma="." pos="X">.</wf>
      </sentence>
      <sentence id="d000.s4362" source="wordnet-dutch">
         <wf lemma="op" pos="X">op</wf>
         <wf lemma="dat" pos="X">dat</wf>
         <wf lemma="ogenblik" pos="X">ogenblik</wf>
         <instance id="d000.s4362.t000" lemma="blokkeren" pos="VERB">blokkeerden</instance>
         <wf lemma="de" pos="X">de</wf>
         <wf lemma="wielen" pos="X">wielen</wf>
         <wf lemma="." pos="X">.</wf>
      </sentence>
      <sentence id="d000.s4363" source="wordnet-dutch">
         <wf lemma="de" pos="X">de</wf>
         <wf lemma="regering" pos="X">regering</wf>
         <instance id="d000.s4363.t000" lemma="ontvouwen" pos="VERB">ontvouwde</instance>
         <wf lemma="zijn" pos="X">zijn</wf>
         <wf lemma="plannen" pos="X">plannen</wf>
         <wf lemma="voor" pos="X">voor</wf>
         <wf lemma="het" pos="X">het</wf>
         <wf lemma="terugdringen" pos="X">terugdringen</wf>
         <wf lemma="van" pos="X">van</wf>
         <wf lemma="de" pos="X">de</wf>
         <wf lemma="werkloosheid" pos="X">werkloosheid</wf>
         <wf lemma="." pos="X">.</wf>
      </sentence>
      <sentence id="d000.s4364" source="wordnet-dutch">
         <wf lemma="dames" pos="X">dames</wf>
         <wf lemma="en" pos="X">en</wf>
         <wf lemma="heren" pos="X">heren</wf>
         <wf lemma="," pos="X">,</wf>
         <instance id="d000.s4364.t000" lemma="opletten" pos="VERB">opgelet</instance>
         <wf lemma="," pos="X">,</wf>
         <wf lemma="nu" pos="X">nu</wf>
         <wf lemma="het" pos="X">het</wf>
         <wf lemma="volgende" pos="X">volgende</wf>
         <wf lemma="optreden" pos="X">optreden</wf>
         <wf lemma="!" pos="X">!</wf>
      </sentence>
      <sentence id="d000.s4365" source="wordnet-dutch">
         <wf lemma="de" pos="X">de</wf>
         <wf lemma="scheepsbouw" pos="X">scheepsbouw</wf>
         <wf lemma="was" pos="X">was</wf>
         <wf lemma="ooit" pos="X">ooit</wf>
         <wf lemma="een" pos="X">een</wf>
         <wf lemma="bloeiende" pos="X">bloeiende</wf>
         <instance id="d000.s4365.t000" lemma="industrie" pos="NOUN">industrie</instance>
         <wf lemma="." pos="X">.</wf>
      </sentence>
      <sentence id="d000.s4366" source="wordnet-dutch">
         <wf lemma="het" pos="X">het</wf>
         <wf lemma="hele" pos="X">hele</wf>
         <wf lemma="gebied" pos="X">gebied</wf>
         <wf lemma="werd" pos="X">werd</wf>
         <instance id="d000.s4366.t000" lemma="ontruimen" pos="VERB">ontruimd</instance>
         <wf lemma="en" pos="X">en</wf>
         <wf lemma="tot" pos="X">tot</wf>
         <wf lemma="rampgebied" pos="X">rampgebied</wf>
         <wf lemma="uitgeroepen" pos="X">uitgeroepen</wf>
         <wf lemma="." pos="X">.</wf>
      </sentence>
      <sentence id="d000.s4367" source="wordnet-dutch">
         <wf lemma="hij" pos="X">hij</wf>
         <wf lemma="had" pos="X">had</wf>
         <wf lemma="zich" pos="X">zich</wf>
         <wf lemma="verleden" pos="X">verleden</wf>
         <wf lemma="week" pos="X">week</wf>
         <wf lemma="al" pos="X">al</wf>
         <instance id="d000.s4367.t000" lemma="verzoenen" pos="VERB">verzoend</instance>
         <wf lemma="met" pos="X">met</wf>
         <wf lemma="het" pos="X">het</wf>
         <wf lemma="gegeven" pos="X">gegeven</wf>
         <wf lemma="dat" pos="X">dat</wf>
         <wf lemma="hij" pos="X">hij</wf>
         <wf lemma="een" pos="X">een</wf>
         <wf lemma="stapje" pos="X">stapje</wf>
         <wf lemma="terug" pos="X">terug</wf>
         <wf lemma="zal" pos="X">zal</wf>
         <wf lemma="moeten" pos="X">moeten</wf>
         <wf lemma="doen" pos="X">doen</wf>
         <wf lemma="." pos="X">.</wf>
      </sentence>
      <sentence id="d000.s4368" source="wordnet-dutch">
         <wf lemma="alle" pos="X">alle</wf>
         <wf lemma="aanwezigen" pos="X">aanwezigen</wf>
         <instance id="d000.s4368.t000" lemma="buigen" pos="VERB">bogen</instance>
         <wf lemma="diep" pos="X">diep</wf>
         <wf lemma="toen" pos="X">toen</wf>
         <wf lemma="de" pos="X">de</wf>
         <wf lemma="koning" pos="X">koning</wf>
         <wf lemma="binnentrad" pos="X">binnentrad</wf>
         <wf lemma="." pos="X">.</wf>
      </sentence>
      <sentence id="d000.s4369" source="wordnet-dutch">
         <wf lemma="het" pos="X">het</wf>
         <wf lemma="vruchtvlees" pos="X">vruchtvlees</wf>
         <wf lemma="bevat" pos="X">bevat</wf>
         <instance id="d000.s4369.t000" lemma="vitamine" pos="NOUN">vitamine</instance>
         <wf lemma="A" pos="X">A</wf>
         <wf lemma="," pos="X">,</wf>
         <wf lemma="B" pos="X">B</wf>
         <wf lemma="en" pos="X">en</wf>
         <wf lemma="C." pos="X">C.</wf>
      </sentence>
      <sentence id="d000.s4370" source="wordnet-dutch">
         <wf lemma="de" pos="X">de</wf>
         <wf lemma="plannen" pos="X">plannen</wf>
         <wf lemma="van" pos="X">van</wf>
         <wf lemma="de" pos="X">de</wf>
         <wf lemma="commissie" pos="X">commissie</wf>
         <wf lemma="werden" pos="X">werden</wf>
         <wf lemma="van" pos="X">van</wf>
         <wf lemma="alle" pos="X">alle</wf>
         <wf lemma="kanten" pos="X">kanten</wf>
         <instance id="d000.s4370.t000" lemma="aanvallen" pos="VERB">aangevallen</instance>
         <wf lemma="." pos="X">.</wf>
      </sentence>
      <sentence id="d000.s4371" source="wordnet-dutch">
         <wf lemma="hij" pos="X">hij</wf>
         <wf lemma="heeft" pos="X">heeft</wf>
         <wf lemma="alle" pos="X">alle</wf>
         <wf lemma="gewoontes" pos="X">gewoontes</wf>
         <wf lemma="van" pos="X">van</wf>
         <wf lemma="de" pos="X">de</wf>
         <wf lemma="lokale" pos="X">lokale</wf>
         <wf lemma="bevolking" pos="X">bevolking</wf>
         <instance id="d000.s4371.t000" lemma="overnemen" pos="VERB">overgenomen</instance>
         <wf lemma="." pos="X">.</wf>
      </sentence>
      <sentence id="d000.s4372" source="wordnet-dutch">
         <wf lemma="wat" pos="X">wat</wf>
         <wf lemma="mij" pos="X">mij</wf>
         <instance id="d000.s4372.t000" lemma="betreffen" pos="VERB">betreft</instance>
         <wf lemma="kunnen" pos="X">kunnen</wf>
         <wf lemma="we" pos="X">we</wf>
         <wf lemma="nu" pos="X">nu</wf>
         <wf lemma="vertrekken" pos="X">vertrekken</wf>
         <wf lemma="." pos="X">.</wf>
      </sentence>
      <sentence id="d000.s4373" source="wordnet-dutch">
         <wf lemma="de" pos="X">de</wf>
         <wf lemma="prijzen" pos="X">prijzen</wf>
         <instance id="d000.s4373.t000" lemma="ontlopen" pos="VERB">ontlopen</instance>
         <wf lemma="elkaar" pos="X">elkaar</wf>
         <wf lemma="nauwelijks" pos="X">nauwelijks</wf>
         <wf lemma="." pos="X">.</wf>
      </sentence>
      <sentence id="d000.s4374" source="wordnet-dutch">
         <wf lemma="in" pos="X">in</wf>
         <wf lemma="de" pos="X">de</wf>
         <instance id="d000.s4374.t000" lemma="overtuiging" pos="NOUN">overtuiging</instance>
         <wf lemma="dat" pos="X">dat</wf>
         <wf lemma="zij" pos="X">zij</wf>
         <wf lemma="gewonnen" pos="X">gewonnen</wf>
         <wf lemma="hadden" pos="X">hadden</wf>
         <wf lemma="begon" pos="X">begon</wf>
         <wf lemma="hij" pos="X">hij</wf>
         <wf lemma="te" pos="X">te</wf>
         <wf lemma="juichen" pos="X">juichen</wf>
         <wf lemma="." pos="X">.</wf>
      </sentence>
      <sentence id="d000.s4375" source="wordnet-dutch">
         <wf lemma="men" pos="X">men</wf>
         <wf lemma="probeert" pos="X">probeert</wf>
         <wf lemma="de" pos="X">de</wf>
         <wf lemma="lange" pos="X">lange</wf>
         <instance id="d000.s4375.t000" lemma="wachtlijst" pos="NOUN">wachtlijsten</instance>
         <wf lemma="in" pos="X">in</wf>
         <wf lemma="de" pos="X">de</wf>
         <wf lemma="ziekenhuizen" pos="X">ziekenhuizen</wf>
         <wf lemma="weg" pos="X">weg</wf>
         <wf lemma="te" pos="X">te</wf>
         <wf lemma="werken" pos="X">werken</wf>
         <wf lemma="." pos="X">.</wf>
      </sentence>
      <sentence id="d000.s4376" source="wordnet-dutch">
         <wf lemma="voor" pos="X">voor</wf>
         <wf lemma="zijn" pos="X">zijn</wf>
         <wf lemma="job" pos="X">job</wf>
         <wf lemma="moet" pos="X">moet</wf>
         <wf lemma="hij" pos="X">hij</wf>
         <instance id="d000.s4376.t000" lemma="colporteren" pos="VERB">colporteren</instance>
         <wf lemma="met" pos="X">met</wf>
         <wf lemma="boeken" pos="X">boeken</wf>
         <wf lemma="." pos="X">.</wf>
      </sentence>
      <sentence id="d000.s4377" source="wordnet-dutch">
         <wf lemma="zij" pos="X">zij</wf>
         <wf lemma="moeten" pos="X">moeten</wf>
         <wf lemma="hun" pos="X">hun</wf>
         <wf lemma="onderling" pos="X">onderling</wf>
         <instance id="d000.s4377.t000" lemma="vete" pos="NOUN">vetes</instance>
         <wf lemma="maar" pos="X">maar</wf>
         <wf lemma="zonder" pos="X">zonder</wf>
         <wf lemma="mij" pos="X">mij</wf>
         <wf lemma="uitvechten" pos="X">uitvechten</wf>
         <wf lemma="." pos="X">.</wf>
      </sentence>
      <sentence id="d000.s4378" source="wordnet-dutch">
         <wf lemma="de" pos="X">de</wf>
         <wf lemma="tekeningen" pos="X">tekeningen</wf>
         <wf lemma="in" pos="X">in</wf>
         <wf lemma="de" pos="X">de</wf>
         <wf lemma="manuscripten" pos="X">manuscripten</wf>
         <instance id="d000.s4378.t000" lemma="reveleren" pos="VERB">reveleren</instance>
         <wf lemma="hoe" pos="X">hoe</wf>
         <wf lemma="de" pos="X">de</wf>
         <wf lemma="auteur" pos="X">auteur</wf>
         <wf lemma="zijn" pos="X">zijn</wf>
         <wf lemma="personages" pos="X">personages</wf>
         <wf lemma="zag" pos="X">zag</wf>
         <wf lemma="." pos="X">.</wf>
      </sentence>
      <sentence id="d000.s4379" source="wordnet-dutch">
         <wf lemma="die" pos="X">die</wf>
         <wf lemma="twee" pos="X">twee</wf>
         <instance id="d000.s4379.t000" lemma="botsen" pos="VERB">botsen</instance>
         <wf lemma="met" pos="X">met</wf>
         <wf lemma="elkaar" pos="X">elkaar</wf>
         <wf lemma="." pos="X">.</wf>
      </sentence>
      <sentence id="d000.s4380" source="wordnet-dutch">
         <wf lemma="deze" pos="X">deze</wf>
         <wf lemma="stof" pos="X">stof</wf>
         <wf lemma="kost" pos="X">kost</wf>
         <wf lemma="13,75" pos="X">13,75</wf>
         <wf lemma="per" pos="X">per</wf>
         <wf lemma="strekkende" pos="X">strekkende</wf>
         <instance id="d000.s4380.t000" lemma="meter" pos="NOUN">meter</instance>
         <wf lemma="." pos="X">.</wf>
      </sentence>
      <sentence id="d000.s4381" source="wordnet-dutch">
         <wf lemma="de" pos="X">de</wf>
         <wf lemma="operatie" pos="X">operatie</wf>
         <wf lemma="is" pos="X">is</wf>
         <wf lemma="met" pos="X">met</wf>
         <instance id="d000.s4381.t000" lemma="succes" pos="NOUN">succes</instance>
         <wf lemma="afgerond" pos="X">afgerond</wf>
         <wf lemma="." pos="X">.</wf>
      </sentence>
      <sentence id="d000.s4382" source="wordnet-dutch">
         <wf lemma="sinds" pos="X">sinds</wf>
         <wf lemma="enkele" pos="X">enkele</wf>
         <wf lemma="jaren" pos="X">jaren</wf>
         <instance id="d000.s4382.t000" lemma="runnen" pos="VERB">runt</instance>
         <wf lemma="hij" pos="X">hij</wf>
         <wf lemma="een" pos="X">een</wf>
         <wf lemma="veebedrijf" pos="X">veebedrijf</wf>
         <wf lemma="met" pos="X">met</wf>
         <wf lemma="meer" pos="X">meer</wf>
         <wf lemma="dan" pos="X">dan</wf>
         <wf lemma="500" pos="X">500</wf>
         <wf lemma="runderen" pos="X">runderen</wf>
         <wf lemma="." pos="X">.</wf>
      </sentence>
      <sentence id="d000.s4383" source="wordnet-dutch">
         <wf lemma="Het" pos="X">Het</wf>
         <wf lemma="komt" pos="X">komt</wf>
         <wf lemma="soms" pos="X">soms</wf>
         <wf lemma="voor" pos="X">voor</wf>
         <wf lemma="dat" pos="X">dat</wf>
         <wf lemma="mensen" pos="X">mensen</wf>
         <wf lemma="een" pos="X">een</wf>
         <wf lemma="oase" pos="X">oase</wf>
         <wf lemma="zien" pos="X">zien</wf>
         <wf lemma="in" pos="X">in</wf>
         <wf lemma="de" pos="X">de</wf>
         <wf lemma="woestijn" pos="X">woestijn</wf>
         <wf lemma="," pos="X">,</wf>
         <wf lemma="ook" pos="X">ook</wf>
         <wf lemma="al" pos="X">al</wf>
         <wf lemma="is" pos="X">is</wf>
         <wf lemma="die" pos="X">die</wf>
         <wf lemma="er" pos="X">er</wf>
         <wf lemma="niet" pos="X">niet</wf>
         <wf lemma="." pos="X">.</wf>
         <wf lemma="Deze" pos="X">Deze</wf>
         <instance id="d000.s4383.t000" lemma="illusie" pos="NOUN">illusie</instance>
         <wf lemma="noemt" pos="X">noemt</wf>
         <wf lemma="men" pos="X">men</wf>
         <wf lemma="ook" pos="X">ook</wf>
         <wf lemma="wel" pos="X">wel</wf>
         <wf lemma="een" pos="X">een</wf>
         <wf lemma="fata" pos="X">fata</wf>
         <wf lemma="morgana" pos="X">morgana</wf>
         <wf lemma="." pos="X">.</wf>
      </sentence>
      <sentence id="d000.s4384" source="wordnet-dutch">
         <wf lemma="de" pos="X">de</wf>
         <instance id="d000.s4384.t000" lemma="doorstroming" pos="NOUN">doorstroming</instance>
         <wf lemma="van" pos="X">van</wf>
         <wf lemma="vrouwen" pos="X">vrouwen</wf>
         <wf lemma="naar" pos="X">naar</wf>
         <wf lemma="de" pos="X">de</wf>
         <wf lemma="universiteit" pos="X">universiteit</wf>
         <wf lemma="." pos="X">.</wf>
      </sentence>
      <sentence id="d000.s4385" source="wordnet-dutch">
         <wf lemma="ter" pos="X">ter</wf>
         <instance id="d000.s4385.t000" lemma="introductie" pos="NOUN">introductie</instance>
         <wf lemma="van" pos="X">van</wf>
         <wf lemma="ons" pos="X">ons</wf>
         <wf lemma="nieuwe" pos="X">nieuwe</wf>
         <wf lemma="product" pos="X">product</wf>
         <wf lemma="krijgt" pos="X">krijgt</wf>
         <wf lemma="u" pos="X">u</wf>
         <wf lemma="korting" pos="X">korting</wf>
         <wf lemma="." pos="X">.</wf>
      </sentence>
      <sentence id="d000.s4386" source="wordnet-dutch">
         <wf lemma="zij" pos="X">zij</wf>
         <instance id="d000.s4386.t000" lemma="schrokken" pos="VERB">schrokte</instance>
         <wf lemma="de" pos="X">de</wf>
         <wf lemma="pizza" pos="X">pizza</wf>
         <wf lemma="naar" pos="X">naar</wf>
         <wf lemma="binnen" pos="X">binnen</wf>
         <wf lemma="alsof" pos="X">alsof</wf>
         <wf lemma="ze" pos="X">ze</wf>
         <wf lemma="weken" pos="X">weken</wf>
         <wf lemma="niets" pos="X">niets</wf>
         <wf lemma="gegeten" pos="X">gegeten</wf>
         <wf lemma="had" pos="X">had</wf>
         <wf lemma="." pos="X">.</wf>
      </sentence>
      <sentence id="d000.s4387" source="wordnet-dutch">
         <wf lemma="de" pos="X">de</wf>
         <wf lemma="geheime" pos="X">geheime</wf>
         <wf lemma="dienst" pos="X">dienst</wf>
         <instance id="d000.s4387.t000" lemma="storen" pos="VERB">stoorde</instance>
         <wf lemma="in" pos="X">in</wf>
         <wf lemma="de" pos="X">de</wf>
         <wf lemma="oorlog" pos="X">oorlog</wf>
         <wf lemma="de" pos="X">de</wf>
         <wf lemma="radiosignalen" pos="X">radiosignalen</wf>
         <wf lemma="." pos="X">.</wf>
      </sentence>
      <sentence id="d000.s4388" source="wordnet-dutch">
         <wf lemma="in" pos="X">in</wf>
         <wf lemma="deze" pos="X">deze</wf>
         <wf lemma="wedstrijd" pos="X">wedstrijd</wf>
         <instance id="d000.s4388.t000" lemma="ontlopen" pos="VERB">ontliepen</instance>
         <wf lemma="de" pos="X">de</wf>
         <wf lemma="deelnemers" pos="X">deelnemers</wf>
         <wf lemma="elkaar" pos="X">elkaar</wf>
         <wf lemma="niet" pos="X">niet</wf>
         <wf lemma="zo" pos="X">zo</wf>
         <wf lemma="gek" pos="X">gek</wf>
         <wf lemma="veel" pos="X">veel</wf>
         <wf lemma="in" pos="X">in</wf>
         <wf lemma="snelheid" pos="X">snelheid</wf>
         <wf lemma="." pos="X">.</wf>
      </sentence>
      <sentence id="d000.s4389" source="wordnet-dutch">
         <wf lemma="de" pos="X">de</wf>
         <wf lemma="priester" pos="X">priester</wf>
         <wf lemma="heeft" pos="X">heeft</wf>
         <wf lemma="altijd" pos="X">altijd</wf>
         <wf lemma="in" pos="X">in</wf>
         <instance id="d000.s4389.t000" lemma="celibaat" pos="NOUN">celibaat</instance>
         <wf lemma="geleefd" pos="X">geleefd</wf>
         <wf lemma="." pos="X">.</wf>
      </sentence>
      <sentence id="d000.s4390" source="wordnet-dutch">
         <wf lemma="het" pos="X">het</wf>
         <wf lemma="Christendom" pos="X">Christendom</wf>
         <wf lemma="is" pos="X">is</wf>
         <wf lemma="een" pos="X">een</wf>
         <wf lemma="stevig" pos="X">stevig</wf>
         <instance id="d000.s4390.t000" lemma="fundament" pos="NOUN">fundament</instance>
         <wf lemma="onder" pos="X">onder</wf>
         <wf lemma="onze" pos="X">onze</wf>
         <wf lemma="maatschappij" pos="X">maatschappij</wf>
         <wf lemma="." pos="X">.</wf>
      </sentence>
      <sentence id="d000.s4391" source="wordnet-dutch">
         <wf lemma="het" pos="X">het</wf>
         <wf lemma="is" pos="X">is</wf>
         <instance id="d000.s4391.t000" lemma="eeuw" pos="NOUN">eeuwen</instance>
         <wf lemma="geleden" pos="X">geleden</wf>
         <wf lemma="dat" pos="X">dat</wf>
         <wf lemma="ik" pos="X">ik</wf>
         <wf lemma="een" pos="X">een</wf>
         <wf lemma="sigaret" pos="X">sigaret</wf>
         <wf lemma="opstak" pos="X">opstak</wf>
         <wf lemma="." pos="X">.</wf>
      </sentence>
      <sentence id="d000.s4392" source="wordnet-dutch">
         <wf lemma="zij" pos="X">zij</wf>
         <wf lemma="eet" pos="X">eet</wf>
         <wf lemma="niet" pos="X">niet</wf>
         <wf lemma="elke" pos="X">elke</wf>
         <wf lemma="dag" pos="X">dag</wf>
         <instance id="d000.s4392.t000" lemma="vlees" pos="NOUN">vlees</instance>
         <wf lemma="." pos="X">.</wf>
      </sentence>
      <sentence id="d000.s4393" source="wordnet-dutch">
         <wf lemma="ik" pos="X">ik</wf>
         <wf lemma="kan" pos="X">kan</wf>
         <wf lemma="die" pos="X">die</wf>
         <wf lemma="knoop" pos="X">knoop</wf>
         <wf lemma="maar" pos="X">maar</wf>
         <wf lemma="niet" pos="X">niet</wf>
         <instance id="d000.s4393.t000" lemma="loskrijgen" pos="VERB">loskrijgen</instance>
         <wf lemma="." pos="X">.</wf>
      </sentence>
      <sentence id="d000.s4394" source="wordnet-dutch">
         <wf lemma="volgens" pos="X">volgens</wf>
         <wf lemma="mij" pos="X">mij</wf>
         <wf lemma="is" pos="X">is</wf>
         <wf lemma="er" pos="X">er</wf>
         <wf lemma="met" pos="X">met</wf>
         <wf lemma="de" pos="X">de</wf>
         <wf lemma="drank" pos="X">drank</wf>
         <instance id="d000.s4394.t000" lemma="knoeien" pos="VERB">geknoeid</instance>
         <wf lemma="." pos="X">.</wf>
      </sentence>
      <sentence id="d000.s4395" source="wordnet-dutch">
         <wf lemma="hij" pos="X">hij</wf>
         <instance id="d000.s4395.t000" lemma="betrappen" pos="VERB">betrapte</instance>
         <wf lemma="zijn" pos="X">zijn</wf>
         <wf lemma="vrouw" pos="X">vrouw</wf>
         <wf lemma="terwijl" pos="X">terwijl</wf>
         <wf lemma="ze" pos="X">ze</wf>
         <wf lemma="een" pos="X">een</wf>
         <wf lemma="andere" pos="X">andere</wf>
         <wf lemma="man" pos="X">man</wf>
         <wf lemma="kuste" pos="X">kuste</wf>
         <wf lemma="." pos="X">.</wf>
      </sentence>
      <sentence id="d000.s4396" source="wordnet-dutch">
         <wf lemma="zijn" pos="X">zijn</wf>
         <wf lemma="nieuwe" pos="X">nieuwe</wf>
         <instance id="d000.s4396.t000" lemma="cd" pos="NOUN">cd</instance>
         <wf lemma="komt" pos="X">komt</wf>
         <wf lemma="volgende" pos="X">volgende</wf>
         <wf lemma="maand" pos="X">maand</wf>
         <wf lemma="uit" pos="X">uit</wf>
         <wf lemma="." pos="X">.</wf>
      </sentence>
      <sentence id="d000.s4397" source="wordnet-dutch">
         <wf lemma="de" pos="X">de</wf>
         <wf lemma="haat" pos="X">haat</wf>
         <wf lemma="is" pos="X">is</wf>
         <wf lemma="diep" pos="X">diep</wf>
         <wf lemma="in" pos="X">in</wf>
         <wf lemma="hun" pos="X">hun</wf>
         <wf lemma="hart" pos="X">hart</wf>
         <instance id="d000.s4397.t000" lemma="wortelen" pos="VERB">geworteld</instance>
         <wf lemma="." pos="X">.</wf>
      </sentence>
      <sentence id="d000.s4398" source="wordnet-dutch">
         <wf lemma="het" pos="X">het</wf>
         <wf lemma="college" pos="X">college</wf>
         <wf lemma="dient" pos="X">dient</wf>
         <wf lemma="een" pos="X">een</wf>
         <instance id="d000.s4398.t000" lemma="afspiegeling" pos="NOUN">afspiegeling</instance>
         <wf lemma="van" pos="X">van</wf>
         <wf lemma="de" pos="X">de</wf>
         <wf lemma="machtsverhoudingen" pos="X">machtsverhoudingen</wf>
         <wf lemma="te" pos="X">te</wf>
         <wf lemma="zijn" pos="X">zijn</wf>
         <wf lemma="." pos="X">.</wf>
      </sentence>
      <sentence id="d000.s4399" source="wordnet-dutch">
         <wf lemma="over" pos="X">over</wf>
         <wf lemma="deze" pos="X">deze</wf>
         <wf lemma="zaak" pos="X">zaak</wf>
         <wf lemma="is" pos="X">is</wf>
         <wf lemma="bijna" pos="X">bijna</wf>
         <wf lemma="tien" pos="X">tien</wf>
         <wf lemma="jaar" pos="X">jaar</wf>
         <instance id="d000.s4399.t000" lemma="procederen" pos="VERB">geprocedeerd</instance>
         <wf lemma="." pos="X">.</wf>
      </sentence>
   </text>
</corpus>
